7.4601 	INFO 	Loaded monitor calibration from ['2021_12_01 18:33']
7.4668 	WARNING 	User requested fullscreen with size [1536  864], but screen is actually [1920, 1080]. Using actual size
8.6867 	EXP 	Created window1 = Window(allowGUI=True, allowStencil=False, autoLog=True, backendConf=UNKNOWN, bitsMode=UNKNOWN, blendMode='avg', bpc=(8, 8, 8), color=array([0.09803922, 0.09803922, 0.09803922]), colorSpace='rgb', depthBits=8, fullscr=<method-wrapper '__getattribute__' of attributeSetter object at 0x000002C6897D7EB0>, gamma=None, gammaErrorPolicy='raise', lms=UNKNOWN, monitor=<psychopy.monitors.calibTools.Monitor object at 0x000002C68D1ED2E0>, multiSample=False, name='window1', numSamples=2, pos=(0, 0), screen=0, size=array([1920, 1080]), stencilBits=0, stereo=False, units='height', useFBO=True, useRetina=False, viewOri=0.0, viewPos=None, viewScale=None, waitBlanking=True, winType='pyglet')
8.6867 	EXP 	window1: mouseVisible = True
8.6868 	EXP 	window1: mouseVisible = False
8.6868 	EXP 	window1: Attempting to measure frame rate of screen (0) ...
8.6868 	EXP 	window1: recordFrameIntervals = False
8.7552 	EXP 	window1: recordFrameIntervals = True
8.8323 	EXP 	Screen (0) actual frame rate measured at 143.61Hz
8.8323 	EXP 	window1: recordFrameIntervals = False
10.5455 	INFO 	keyboard.Keyboard is using iohub backend.
10.5584 	EXP 	Created instrBlock = TextStim(__class__=<class 'psychopy.visual.text.TextStim'>, alignHoriz=method-wrapper(...), alignText='center', alignVert=method-wrapper(...), anchorHoriz='center', anchorVert='center', antialias=True, autoDraw=False, autoLog=True, bold=False, color=array([1, 1, 1]), colorSpace='rgb', contrast=1.0, depth=-1.0, flipHoriz=False, flipVert=False, font='Arial', fontFiles=[], height=0.05, italic=False, languageStyle='LTR', name='instrBlock', opacity=1.0, ori=0.0, pos=array([0., 0.]), rgb=UNKNOWN, text='', units='height', win=Window(...), wrapWidth=1)
10.5587 	EXP 	window1: mouseVisible = True
10.5735 	EXP 	Created face_image = ImageStim(__class__=<class 'psychopy.visual.image.ImageStim'>, anchor=('center', 'center'), autoLog=True, color=array([1, 1, 1]), colorSpace='rgb', contrast=1.0, depth=-1.0, flipHoriz=True, flipVert=False, image='sin', interpolate=False, mask=None, maskParams=None, name='face_image', opacity=1.0, ori=0.0, pos=array([  0., 280.]), size=array([960., 540.]), texRes=512, units='pix', win=Window(...))
10.5771 	EXP 	window1: mouseVisible = True
10.7160 	WARNING 	Font b'HelveticaBold' was requested. No similar font found.
10.7310 	DEBUG 	TextBox2 loaded 1 chars with 0 blanks and 1 valid
10.7328 	DEBUG 	TextBox2 loaded 1 chars with 0 blanks and 1 valid
10.7338 	DEBUG 	TextBox2 loaded 1 chars with 0 blanks and 1 valid
10.7347 	DEBUG 	TextBox2 loaded 1 chars with 0 blanks and 1 valid
10.7362 	DEBUG 	TextBox2 loaded 1 chars with 0 blanks and 1 valid
10.7374 	DEBUG 	TextBox2 loaded 1 chars with 0 blanks and 1 valid
10.7387 	DEBUG 	TextBox2 loaded 1 chars with 0 blanks and 1 valid
10.7398 	DEBUG 	TextBox2 loaded 1 chars with 0 blanks and 1 valid
10.7400 	DEBUG 	Uploading Texture Font fontname to graphics card
10.7446 	DEBUG 	Upload of Texture Font fontname complete
10.8538 	WARNING 	Font b'HelveticaBold' was requested. No similar font found.
10.8677 	DEBUG 	TextBox2 loaded 1 chars with 0 blanks and 1 valid
10.8695 	DEBUG 	TextBox2 loaded 1 chars with 0 blanks and 1 valid
10.8706 	DEBUG 	TextBox2 loaded 1 chars with 0 blanks and 1 valid
10.8720 	DEBUG 	TextBox2 loaded 1 chars with 0 blanks and 1 valid
10.8732 	DEBUG 	TextBox2 loaded 1 chars with 0 blanks and 1 valid
10.8748 	DEBUG 	TextBox2 loaded 1 chars with 0 blanks and 1 valid
10.8761 	DEBUG 	TextBox2 loaded 1 chars with 0 blanks and 1 valid
10.8763 	DEBUG 	Uploading Texture Font fontname to graphics card
10.8813 	DEBUG 	Upload of Texture Font fontname complete
10.8903 	EXP 	Created slider_treatment_surgery = Slider(__class__=<class 'psychopy.visual.slider.Slider'>, autoDraw=False, autoLog=True, borderColor=None, color=None, colorSpace='rgb', depth=-2, fillColor=None, flip=False, font='HelveticaBold', granularity=0, labelColor=None, labelHeight=0.03, labelWrapWidth=None, labels=('0% Never', '100% Always'), lineColor=None, markerColor=None, name='slider_treatment_surgery', opacity=None, ori=0, pos=array([0., 0.]), readOnly=False, self=UNKNOWN, size=array([1.  , 0.02]), startValue=None, style=['rating'], styleTweaks=['labels45', 'triangleMarker'], ticks=array([  0,  25,  50,  75, 100]), units='height', win=Window(...))
10.9003 	EXP 	Created NextBu = ImageStim(__class__=<class 'psychopy.visual.image.ImageStim'>, anchor=('center', 'center'), autoLog=True, color=array([1, 1, 1]), colorSpace='rgb', contrast=1.0, depth=-3.0, flipHoriz=False, flipVert=False, image='Picture1-eng.png', interpolate=False, mask=None, maskParams=None, name='NextBu', opacity=1.0, ori=0.0, pos=array([0., 0.]), size=array([0.2, 0.1]), texRes=512, units='height', win=Window(...))
10.9003 	EXP 	window1: mouseVisible = True
10.9016 	EXP 	window1: mouseVisible = True
11.0071 	WARNING 	Font b'HelveticaBold' was requested. No similar font found.
11.1258 	WARNING 	Font b'HelveticaBold' was requested. No similar font found.
11.1468 	EXP 	Created slider_treatment_radiation = Slider(__class__=<class 'psychopy.visual.slider.Slider'>, autoDraw=False, autoLog=True, borderColor=None, color=None, colorSpace='rgb', depth=-5, fillColor=None, flip=False, font='HelveticaBold', granularity=0, labelColor=None, labelHeight=0.03, labelWrapWidth=None, labels=('0% Never', '100% Always'), lineColor=None, markerColor=None, name='slider_treatment_radiation', opacity=None, ori=0, pos=array([ 0. , -0.3]), readOnly=False, self=UNKNOWN, size=array([1.   , 0.025]), startValue=None, style=['rating'], styleTweaks=['triangleMarker'], ticks=array([  0,  25,  50,  75, 100]), units='height', win=Window(...))
11.1869 	EXP 	Created text_treatment_surgery = TextStim(__class__=<class 'psychopy.visual.text.TextStim'>, alignHoriz=method-wrapper(...), alignText='center', alignVert=method-wrapper(...), anchorHoriz='center', anchorVert='center', antialias=True, autoDraw=False, autoLog=True, bold=False, color=array([-1, -1, -1]), colorSpace='rgb', contrast=1.0, depth=-6.0, flipHoriz=False, flipVert=False, font='Open Sans', fontFiles=[], height=0.03, italic=False, languageStyle='LTR', name='text_treatment_surgery', opacity=1.0, ori=0.0, pos=array([0.  , 0.05]), rgb=UNKNOWN, text='How likely are you to recommend surgery? ', units='height', win=Window(...), wrapWidth=1)
11.1895 	EXP 	Created text_treatment_radiation = TextStim(__class__=<class 'psychopy.visual.text.TextStim'>, alignHoriz=method-wrapper(...), alignText='center', alignVert=method-wrapper(...), anchorHoriz='center', anchorVert='center', antialias=True, autoDraw=False, autoLog=True, bold=False, color=array([-1, -1, -1]), colorSpace='rgb', contrast=1.0, depth=-7.0, flipHoriz=False, flipVert=False, font='Open Sans', fontFiles=[], height=0.03, italic=False, languageStyle='LTR', name='text_treatment_radiation', opacity=1.0, ori=0.0, pos=array([ 0. , -0.2]), rgb=UNKNOWN, text='How likely are you to recommend radiation? ', units='height', win=Window(...), wrapWidth=1)
11.2198 	EXP 	Created EndText = TextStim(__class__=<class 'psychopy.visual.text.TextStim'>, alignHoriz=method-wrapper(...), alignText='center', alignVert=method-wrapper(...), anchorHoriz='center', anchorVert='center', antialias=True, autoDraw=False, autoLog=True, bold=False, color=array([-1, -1, -1]), colorSpace='rgb', contrast=1.0, depth=0.0, flipHoriz=False, flipVert=False, font='Arial', fontFiles=[], height=0.05, italic=False, languageStyle='LTR', name='EndText', opacity=1.0, ori=0, pos=array([0., 0.]), rgb=UNKNOWN, text=str(...), units='height', win=Window(...), wrapWidth=1)
11.2243 	DEBUG 	Read excel file with openpyxl: Rating_BlockOrder.xlsx
11.2244 	EXP 	Imported Rating_BlockOrder.xlsx as conditions, 1 conditions, 3 params
11.2247 	EXP 	Created sequence: fullRandom, trialTypes=1, nReps=1, seed=None
11.2249 	EXP 	New trial (rep=0, index=0): {'Task': 'treatment', 'LeftLabel': '0% Never', 'RightLabel': '100% Always'}
11.2423 	EXP 	slider_treatment_surgery: autoLog = True
11.2423 	EXP 	slider_treatment_surgery: markerPos = None
11.2423 	EXP 	slider_treatment_surgery: styleTweaks = []
11.2423 	EXP 	slider_treatment_surgery: styleTweaks = []
11.2423 	EXP 	slider_treatment_surgery: styleTweaks = ['labels45', 'triangleMarker']
11.2423 	EXP 	slider_treatment_surgery: styleTweaks = ['labels45', 'triangleMarker']
11.2423 	EXP 	slider_treatment_surgery: contrast = 1.0
11.2423 	EXP 	slider_treatment_surgery: autoLog = True
11.2423 	EXP 	slider_treatment_radiation: autoLog = True
11.2423 	EXP 	slider_treatment_radiation: markerPos = None
11.2423 	EXP 	slider_treatment_radiation: styleTweaks = []
11.2423 	EXP 	slider_treatment_radiation: styleTweaks = []
11.2423 	EXP 	slider_treatment_radiation: styleTweaks = ['triangleMarker']
11.2423 	EXP 	slider_treatment_radiation: styleTweaks = ['triangleMarker']
11.2423 	EXP 	slider_treatment_radiation: contrast = 1.0
11.2423 	EXP 	slider_treatment_radiation: autoLog = True
11.2423 	EXP 	instrBlock: height = 0.05
11.2423 	EXP 	instrBlock: height = 0.05
11.2423 	EXP 	instrBlock: height = 0.05
11.2423 	EXP 	instrBlock: text = 'Each patient below has been diagnosed with a low-risk, non-sclerosing, early-stage basal cell skin cancer. The patients are otherwise in good health. For each face, please indicate how likely you would be to recommend surgery versus radiation in the management of each lesion. \nPlease click anywhere to start'
11.2423 	EXP 	instrBlock: autoDraw = True
11.8701 	DATA 	Mouse: Left button down, pos=(1108,547)
11.8876 	DEBUG 	Read excel file with openpyxl: faceImages.xlsx
11.8886 	EXP 	Imported faceImages.xlsx as conditions, 95 conditions, 1 params
11.8897 	EXP 	Created sequence: sequential, trialTypes=95, nReps=95, seed=None
11.8901 	EXP 	New trial (rep=0, index=0): {'faceImages': '"FOREHEAD_006_M_F_N_A.png"'}
11.8910 	DEPRECATION 	Couldn't find image "FOREHEAD_006_M_F_N_A.png"; check path? (tried: C:\Users\annak\Documents\GitHub\faceattractiveness_lesion\"FOREHEAD_006_M_F_N_A.png")
11.9108 	EXP 	window1: mouseVisible = True
11.9109 	DEBUG 	Saving data for FaceAttractiveness ExperimentHandler
11.9123 	INFO 	saved data to C:\Users\annak\Documents\GitHub\faceattractiveness_lesion\data/_FaceAttractiveness_2023-04-07_00h10.55.605.psydat
11.9131 	INFO 	saved data to 'C:\\Users\\annak\\Documents\\GitHub\\faceattractiveness_lesion\\data/_FaceAttractiveness_2023-04-07_00h10.55.605.csv'
