4.4217 	INFO 	Loaded monitor calibration from ['2021_12_01 18:33']
4.4278 	WARNING 	User requested fullscreen with size [1536  864], but screen is actually [1920, 1080]. Using actual size
5.6643 	EXP 	Created window1 = Window(allowGUI=True, allowStencil=False, autoLog=True, backendConf=UNKNOWN, bitsMode=UNKNOWN, blendMode='avg', bpc=(8, 8, 8), color=array([0.09803922, 0.09803922, 0.09803922]), colorSpace='rgb', depthBits=8, fullscr=<method-wrapper '__getattribute__' of attributeSetter object at 0x0000016CE6204D60>, gamma=None, gammaErrorPolicy='raise', lms=UNKNOWN, monitor=<psychopy.monitors.calibTools.Monitor object at 0x0000016CE84E6130>, multiSample=False, name='window1', numSamples=2, pos=(0, 0), screen=0, size=array([1920, 1080]), stencilBits=0, stereo=False, units='height', useFBO=True, useRetina=False, viewOri=0.0, viewPos=None, viewScale=None, waitBlanking=True, winType='pyglet')
5.6644 	EXP 	window1: mouseVisible = True
5.6645 	EXP 	window1: mouseVisible = False
5.6645 	EXP 	window1: Attempting to measure frame rate of screen (0) ...
5.6646 	EXP 	window1: recordFrameIntervals = False
5.7411 	EXP 	window1: recordFrameIntervals = True
5.8178 	EXP 	Screen (0) actual frame rate measured at 144.32Hz
5.8179 	EXP 	window1: recordFrameIntervals = False
7.5313 	INFO 	keyboard.Keyboard is using iohub backend.
7.5458 	EXP 	Created face_image = ImageStim(__class__=<class 'psychopy.visual.image.ImageStim'>, anchor=('center', 'center'), autoLog=True, color=array([1, 1, 1]), colorSpace='rgb', contrast=1.0, depth=-1.0, flipHoriz=True, flipVert=False, image='sin', interpolate=False, mask=None, maskParams=None, name='face_image', opacity=1.0, ori=0.0, pos=array([  0., 250.]), size=array([960., 540.]), texRes=512, units='pix', win=Window(...))
7.5510 	EXP 	window1: mouseVisible = True
7.7932 	WARNING 	Font b'HelveticaBold' was requested. No similar font found.
7.8087 	DEBUG 	TextBox2 loaded 1 chars with 0 blanks and 1 valid
7.8124 	DEBUG 	TextBox2 loaded 1 chars with 0 blanks and 1 valid
7.8135 	DEBUG 	TextBox2 loaded 1 chars with 0 blanks and 1 valid
7.8145 	DEBUG 	TextBox2 loaded 1 chars with 0 blanks and 1 valid
7.8167 	DEBUG 	TextBox2 loaded 1 chars with 0 blanks and 1 valid
7.8187 	DEBUG 	TextBox2 loaded 1 chars with 0 blanks and 1 valid
7.8206 	DEBUG 	TextBox2 loaded 1 chars with 0 blanks and 1 valid
7.8222 	DEBUG 	TextBox2 loaded 1 chars with 0 blanks and 1 valid
7.8224 	DEBUG 	Uploading Texture Font fontname to graphics card
7.8279 	DEBUG 	Upload of Texture Font fontname complete
7.9342 	WARNING 	Font b'HelveticaBold' was requested. No similar font found.
7.9483 	DEBUG 	TextBox2 loaded 1 chars with 0 blanks and 1 valid
7.9511 	DEBUG 	TextBox2 loaded 1 chars with 0 blanks and 1 valid
7.9526 	DEBUG 	TextBox2 loaded 1 chars with 0 blanks and 1 valid
7.9548 	DEBUG 	TextBox2 loaded 1 chars with 0 blanks and 1 valid
7.9568 	DEBUG 	TextBox2 loaded 1 chars with 0 blanks and 1 valid
7.9592 	DEBUG 	TextBox2 loaded 1 chars with 0 blanks and 1 valid
7.9610 	DEBUG 	TextBox2 loaded 1 chars with 0 blanks and 1 valid
7.9612 	DEBUG 	Uploading Texture Font fontname to graphics card
7.9668 	DEBUG 	Upload of Texture Font fontname complete
7.9765 	EXP 	Created slider_treatment_surgery = Slider(__class__=<class 'psychopy.visual.slider.Slider'>, autoDraw=False, autoLog=True, borderColor=None, color=None, colorSpace='rgb', depth=-2, fillColor=None, flip=False, font='HelveticaBold', granularity=0, labelColor=None, labelHeight=0.05, labelWrapWidth=None, labels=('0% Never', '100% Always'), lineColor=None, markerColor=None, name='slider_treatment_surgery', opacity=None, ori=0, pos=array([ 0.  , -0.28]), readOnly=False, self=UNKNOWN, size=array([1.   , 0.025]), startValue=None, style=['rating'], styleTweaks=['labels45', 'triangleMarker'], ticks=array([  0,  25,  50,  75, 100]), units='height', win=Window(...))
7.9870 	EXP 	Created NextBu = ImageStim(__class__=<class 'psychopy.visual.image.ImageStim'>, anchor=('center', 'center'), autoLog=True, color=array([1, 1, 1]), colorSpace='rgb', contrast=1.0, depth=-3.0, flipHoriz=False, flipVert=False, image='Picture1-eng.png', interpolate=False, mask=None, maskParams=None, name='NextBu', opacity=1.0, ori=0.0, pos=array([0., 0.]), size=array([0.2, 0.1]), texRes=512, units='height', win=Window(...))
7.9871 	EXP 	window1: mouseVisible = True
7.9883 	EXP 	window1: mouseVisible = True
7.9955 	EXP 	Created slider_treatment_radiation = Slider(__class__=<class 'psychopy.visual.slider.Slider'>, autoDraw=False, autoLog=True, borderColor=None, color=None, colorSpace='rgb', depth=-5, fillColor=None, flip=False, font='HelveticaBold', granularity=0, labelColor=None, labelHeight=0.05, labelWrapWidth=None, labels=None, lineColor=None, markerColor=None, name='slider_treatment_radiation', opacity=None, ori=0, pos=array([ 0.  , -0.28]), readOnly=False, self=UNKNOWN, size=array([1.   , 0.025]), startValue=None, style=['rating'], styleTweaks=['triangleMarker'], ticks=array([  0,  25,  50,  75, 100]), units='height', win=Window(...))
8.0469 	EXP 	Created text_treatment_surgery = TextStim(__class__=<class 'psychopy.visual.text.TextStim'>, alignHoriz=method-wrapper(...), alignText='center', alignVert=method-wrapper(...), anchorHoriz='center', anchorVert='center', antialias=True, autoDraw=False, autoLog=True, bold=False, color=array([1, 1, 1]), colorSpace='rgb', contrast=1.0, depth=-6.0, flipHoriz=False, flipVert=False, font='Open Sans', fontFiles=[], height=0.05, italic=False, languageStyle='LTR', name='text_treatment_surgery', opacity=1.0, ori=0.0, pos=array([0., 1.]), rgb=UNKNOWN, text='How likely are you to recommend surgery? ', units='height', win=Window(...), wrapWidth=1)
8.0494 	EXP 	Created text_treatment_radiation = TextStim(__class__=<class 'psychopy.visual.text.TextStim'>, alignHoriz=method-wrapper(...), alignText='center', alignVert=method-wrapper(...), anchorHoriz='center', anchorVert='center', antialias=True, autoDraw=False, autoLog=True, bold=False, color=array([1, 1, 1]), colorSpace='rgb', contrast=1.0, depth=-7.0, flipHoriz=False, flipVert=False, font='Open Sans', fontFiles=[], height=0.05, italic=False, languageStyle='LTR', name='text_treatment_radiation', opacity=1.0, ori=0.0, pos=array([0., 0.]), rgb=UNKNOWN, text='How likely are you to recommend radiation? ', units='height', win=Window(...), wrapWidth=1)
8.0830 	EXP 	Created EndText = TextStim(__class__=<class 'psychopy.visual.text.TextStim'>, alignHoriz=method-wrapper(...), alignText='center', alignVert=method-wrapper(...), anchorHoriz='center', anchorVert='center', antialias=True, autoDraw=False, autoLog=True, bold=False, color=array([-1, -1, -1]), colorSpace='rgb', contrast=1.0, depth=0.0, flipHoriz=False, flipVert=False, font='Arial', fontFiles=[], height=0.05, italic=False, languageStyle='LTR', name='EndText', opacity=1.0, ori=0, pos=array([0., 0.]), rgb=UNKNOWN, text=str(...), units='height', win=Window(...), wrapWidth=1)
8.0874 	DEBUG 	Read excel file with openpyxl: Rating_BlockOrder.xlsx
8.0875 	EXP 	Imported Rating_BlockOrder.xlsx as conditions, 1 conditions, 3 params
8.0878 	EXP 	Created sequence: fullRandom, trialTypes=1, nReps=1, seed=None
8.0880 	EXP 	New trial (rep=0, index=0): {'Task': 'treatment', 'LeftLabel': '0% Never', 'RightLabel': '100% Always'}
8.0883 	EXP 	Created sequence: sequential, trialTypes=1, nReps=95, seed=None
8.0886 	EXP 	New trial (rep=0, index=0): None
8.1106 	EXP 	window1: mouseVisible = True
8.1123 	DEBUG 	Saving data for FaceAttractiveness ExperimentHandler
8.1140 	INFO 	saved data to C:\Users\annak\Documents\GitHub\faceattractiveness_lesion\data/_FaceAttractiveness_2023-04-05_23h14.53.299.psydat
8.1153 	INFO 	saved data to 'C:\\Users\\annak\\Documents\\GitHub\\faceattractiveness_lesion\\data/_FaceAttractiveness_2023-04-05_23h14.53.299.csv'
