4.1389 	INFO 	Loaded monitor calibration from ['2021_12_01 18:33']
4.1466 	WARNING 	User requested fullscreen with size [1536  864], but screen is actually [1920, 1080]. Using actual size
5.4759 	EXP 	Created window1 = Window(allowGUI=True, allowStencil=False, autoLog=True, backendConf=UNKNOWN, bitsMode=UNKNOWN, blendMode='avg', bpc=(8, 8, 8), color=array([0.09803922, 0.09803922, 0.09803922]), colorSpace='rgb', depthBits=8, fullscr=<method-wrapper '__getattribute__' of attributeSetter object at 0x000002A333C53D90>, gamma=None, gammaErrorPolicy='raise', lms=UNKNOWN, monitor=<psychopy.monitors.calibTools.Monitor object at 0x000002A33948A280>, multiSample=False, name='window1', numSamples=2, pos=(0, 0), screen=0, size=array([1920, 1080]), stencilBits=0, stereo=False, units='height', useFBO=True, useRetina=False, viewOri=0.0, viewPos=None, viewScale=None, waitBlanking=True, winType='pyglet')
5.4760 	EXP 	window1: mouseVisible = True
5.4761 	EXP 	window1: mouseVisible = False
5.4761 	EXP 	window1: Attempting to measure frame rate of screen (0) ...
5.4761 	EXP 	window1: recordFrameIntervals = False
5.5457 	EXP 	window1: recordFrameIntervals = True
5.6210 	EXP 	Screen (0) actual frame rate measured at 144.22Hz
5.6210 	EXP 	window1: recordFrameIntervals = False
7.3323 	INFO 	keyboard.Keyboard is using iohub backend.
7.4058 	EXP 	Created ques_instr = TextStim(__class__=<class 'psychopy.visual.text.TextStim'>, alignHoriz=method-wrapper(...), alignText='center', alignVert=method-wrapper(...), anchorHoriz='center', anchorVert='center', antialias=True, autoDraw=False, autoLog=True, bold=False, color=array([1, 1, 1]), colorSpace='rgb', contrast=1.0, depth=0.0, flipHoriz=False, flipVert=False, font='Arial', fontFiles=[], height=0.04, italic=False, languageStyle='LTR', name='ques_instr', opacity=1.0, ori=0.0, pos=array([0., 0.]), rgb=UNKNOWN, text=str(...), units='height', win=Window(...), wrapWidth=1)
7.4063 	EXP 	window1: mouseVisible = True
7.4098 	EXP 	window1: mouseVisible = True
7.4335 	DEBUG 	TextBox2 loaded 1 chars with 0 blanks and 1 valid
7.4353 	DEBUG 	TextBox2 loaded 1 chars with 0 blanks and 1 valid
7.4369 	DEBUG 	TextBox2 loaded 1 chars with 0 blanks and 1 valid
7.4387 	DEBUG 	TextBox2 loaded 1 chars with 0 blanks and 1 valid
7.4401 	DEBUG 	TextBox2 loaded 1 chars with 0 blanks and 1 valid
7.4414 	DEBUG 	TextBox2 loaded 1 chars with 0 blanks and 1 valid
7.4431 	DEBUG 	TextBox2 loaded 1 chars with 0 blanks and 1 valid
7.4449 	DEBUG 	TextBox2 loaded 1 chars with 0 blanks and 1 valid
7.4466 	DEBUG 	TextBox2 loaded 1 chars with 0 blanks and 1 valid
7.4483 	DEBUG 	TextBox2 loaded 1 chars with 0 blanks and 1 valid
7.4499 	DEBUG 	TextBox2 loaded 1 chars with 0 blanks and 1 valid
7.4514 	DEBUG 	TextBox2 loaded 1 chars with 0 blanks and 1 valid
7.4516 	DEBUG 	Uploading Texture Font fontname to graphics card
7.4576 	DEBUG 	Upload of Texture Font fontname complete
7.4724 	DEBUG 	TextBox2 loaded 1 chars with 0 blanks and 1 valid
7.4726 	DEBUG 	Uploading Texture Font fontname to graphics card
7.4778 	DEBUG 	Upload of Texture Font fontname complete
7.4928 	DEBUG 	TextBox2 loaded 1 chars with 0 blanks and 1 valid
7.4948 	DEBUG 	TextBox2 loaded 1 chars with 0 blanks and 1 valid
7.4967 	DEBUG 	TextBox2 loaded 1 chars with 0 blanks and 1 valid
7.4986 	DEBUG 	TextBox2 loaded 1 chars with 0 blanks and 1 valid
7.5002 	DEBUG 	TextBox2 loaded 1 chars with 0 blanks and 1 valid
7.5020 	DEBUG 	TextBox2 loaded 1 chars with 0 blanks and 1 valid
7.5022 	DEBUG 	Uploading Texture Font fontname to graphics card
7.5071 	DEBUG 	Upload of Texture Font fontname complete
7.5217 	DEBUG 	TextBox2 loaded 1 chars with 0 blanks and 1 valid
7.5219 	DEBUG 	Uploading Texture Font fontname to graphics card
7.5267 	DEBUG 	Upload of Texture Font fontname complete
7.5412 	DEBUG 	TextBox2 loaded 1 chars with 0 blanks and 1 valid
7.5433 	DEBUG 	TextBox2 loaded 1 chars with 0 blanks and 1 valid
7.5435 	DEBUG 	Uploading Texture Font fontname to graphics card
7.5481 	DEBUG 	Upload of Texture Font fontname complete
7.5611 	EXP 	Created slider_2 = Slider(__class__=<class 'psychopy.visual.slider.Slider'>, autoDraw=False, autoLog=True, borderColor=None, color=None, colorSpace='rgb', depth=0, fillColor=None, flip=False, font='Arial', granularity=0.0, labelColor=None, labelHeight=0.03, labelWrapWidth=None, labels=tuple(...), lineColor=None, markerColor=None, name='slider_2', opacity=None, ori=0.0, pos=array([0., 0.]), readOnly=False, self=UNKNOWN, size=array([1. , 0.1]), startValue=3, style='radio', styleTweaks=['labels45'], ticks=array([1, 2, 3, 4, 5]), units='height', win=Window(...))
7.5905 	EXP 	Created EndText = TextStim(__class__=<class 'psychopy.visual.text.TextStim'>, alignHoriz=method-wrapper(...), alignText='center', alignVert=method-wrapper(...), anchorHoriz='center', anchorVert='center', antialias=True, autoDraw=False, autoLog=True, bold=False, color=array([-1, -1, -1]), colorSpace='rgb', contrast=1.0, depth=0.0, flipHoriz=False, flipVert=False, font='Arial', fontFiles=[], height=0.05, italic=False, languageStyle='LTR', name='EndText', opacity=1.0, ori=0, pos=array([0., 0.]), rgb=UNKNOWN, text=str(...), units='height', win=Window(...), wrapWidth=1)
7.5972 	EXP 	slider_2: autoLog = True
7.5972 	EXP 	slider_2: markerPos = 3
7.5972 	EXP 	slider_2: styleTweaks = []
7.5972 	EXP 	slider_2: styleTweaks = []
7.5972 	EXP 	slider_2: styleTweaks = ['labels45']
7.5972 	EXP 	slider_2: styleTweaks = ['labels45']
7.5972 	EXP 	slider_2: contrast = 1.0
7.5972 	EXP 	slider_2: autoLog = True
7.5972 	EXP 	ques_instr: autoDraw = True
8.0531 	DATA 	Mouse: Left button down, pos=(805,448)
8.1596 	DATA 	Mouse:  Left button up, pos=(805,448)
10.8447 	DATA 	Mouse: Left button down, pos=(972,552)
10.8790 	EXP 	ques_instr: autoDraw = False
10.8790 	EXP 	slider_2: markerPos = None
10.8790 	EXP 	slider_2: markerPos = 3
10.8790 	EXP 	slider_2: autoDraw = True
10.8790 	EXP 	slider_2: markerPos = 3.0444444444444443
10.8873 	EXP 	slider_2: markerPos = 3.0444444444444443
10.8971 	EXP 	slider_2: markerPos = 3.0444444444444443
10.9064 	EXP 	slider_2: markerPos = 3.0444444444444443
10.9149 	EXP 	slider_2: markerPos = 3.0444444444444443
10.9266 	EXP 	slider_2: markerPos = 3.0444444444444443
10.9354 	EXP 	slider_2: markerPos = 3.0444444444444443
10.9361 	DATA 	Mouse:  Left button up, pos=(972,552)
10.9426 	EXP 	slider_2: markerPos = 3.0444444444444443
12.3012 	DATA 	Mouse: Left button down, pos=(974,546)
12.3097 	EXP 	slider_2: markerPos = 3.051851851851852
12.3209 	EXP 	slider_2: markerPos = 3.051851851851852
12.3311 	EXP 	slider_2: markerPos = 3.051851851851852
12.3380 	EXP 	slider_2: markerPos = 3.0444444444444443
12.3486 	EXP 	slider_2: markerPos = 3.0296296296296297
12.3575 	EXP 	slider_2: markerPos = 3.0185185185185186
12.3662 	EXP 	slider_2: markerPos = 3.0
12.3735 	EXP 	slider_2: markerPos = 2.9814814814814814
12.3837 	EXP 	slider_2: markerPos = 2.9555555555555557
12.3938 	EXP 	slider_2: markerPos = 2.9407407407407407
12.4058 	EXP 	slider_2: markerPos = 2.8851851851851853
12.4139 	EXP 	slider_2: markerPos = 2.8740740740740742
12.4213 	EXP 	slider_2: markerPos = 2.8555555555555556
12.4319 	EXP 	slider_2: markerPos = 2.837037037037037
12.4423 	EXP 	slider_2: markerPos = 2.8074074074074074
12.4496 	EXP 	slider_2: markerPos = 2.7962962962962963
12.4600 	EXP 	slider_2: markerPos = 2.7777777777777777
12.4697 	EXP 	slider_2: markerPos = 2.774074074074074
12.4769 	EXP 	slider_2: markerPos = 2.7481481481481485
12.4891 	EXP 	slider_2: markerPos = 2.7444444444444445
12.4981 	EXP 	slider_2: markerPos = 2.725925925925926
12.5055 	EXP 	slider_2: markerPos = 2.7
12.5167 	EXP 	slider_2: markerPos = 2.6925925925925926
12.5258 	EXP 	slider_2: markerPos = 2.688888888888889
12.5369 	EXP 	slider_2: markerPos = 2.6703703703703705
12.5473 	EXP 	slider_2: markerPos = 2.6555555555555554
12.5573 	EXP 	slider_2: markerPos = 2.640740740740741
12.5700 	EXP 	slider_2: markerPos = 2.6296296296296298
12.5793 	EXP 	slider_2: markerPos = 2.6074074074074076
12.5896 	EXP 	slider_2: markerPos = 2.5962962962962965
12.5988 	EXP 	slider_2: markerPos = 2.588888888888889
12.6076 	EXP 	slider_2: markerPos = 2.5777777777777775
12.6174 	EXP 	slider_2: markerPos = 2.5703703703703704
12.6267 	EXP 	slider_2: markerPos = 2.562962962962963
12.6366 	EXP 	slider_2: markerPos = 2.5407407407407407
12.6443 	EXP 	slider_2: markerPos = 2.5296296296296297
12.6555 	EXP 	slider_2: markerPos = 2.525925925925926
12.6643 	EXP 	slider_2: markerPos = 2.514814814814815
12.6714 	EXP 	slider_2: markerPos = 2.4925925925925925
12.6823 	EXP 	slider_2: markerPos = 2.477777777777778
12.6909 	EXP 	slider_2: markerPos = 2.4555555555555557
12.7004 	EXP 	slider_2: markerPos = 2.448148148148148
12.7113 	EXP 	slider_2: markerPos = 2.4185185185185185
12.7199 	EXP 	slider_2: markerPos = 2.4074074074074074
12.7267 	EXP 	slider_2: markerPos = 2.4
12.7377 	EXP 	slider_2: markerPos = 2.3851851851851853
12.7464 	EXP 	slider_2: markerPos = 2.3740740740740742
12.7555 	EXP 	slider_2: markerPos = 2.351851851851852
12.7628 	EXP 	slider_2: markerPos = 2.3185185185185184
12.7731 	EXP 	slider_2: markerPos = 2.3074074074074074
12.7833 	EXP 	slider_2: markerPos = 2.2925925925925927
12.7922 	EXP 	slider_2: markerPos = 2.2814814814814817
12.8014 	EXP 	slider_2: markerPos = 2.2703703703703706
12.8096 	EXP 	slider_2: markerPos = 2.2555555555555555
12.8168 	EXP 	slider_2: markerPos = 2.2407407407407405
12.8288 	EXP 	slider_2: markerPos = 2.2333333333333334
12.8396 	EXP 	slider_2: markerPos = 2.2037037037037037
12.8484 	EXP 	slider_2: markerPos = 2.1925925925925926
12.8584 	EXP 	slider_2: markerPos = 2.1814814814814816
12.8654 	EXP 	slider_2: markerPos = 2.151851851851852
12.8767 	EXP 	slider_2: markerPos = 2.137037037037037
12.8860 	EXP 	slider_2: markerPos = 2.1222222222222222
12.8938 	EXP 	slider_2: markerPos = 2.1148148148148147
12.9044 	EXP 	slider_2: markerPos = 2.111111111111111
12.9131 	EXP 	slider_2: markerPos = 2.1074074074074076
12.9216 	EXP 	slider_2: markerPos = 2.1
12.9286 	EXP 	slider_2: markerPos = 2.1
12.9411 	EXP 	slider_2: markerPos = 2.088888888888889
12.9498 	EXP 	slider_2: markerPos = 2.074074074074074
12.9611 	EXP 	slider_2: markerPos = 2.0592592592592593
12.9695 	EXP 	slider_2: markerPos = 2.0555555555555554
12.9767 	EXP 	slider_2: markerPos = 2.051851851851852
12.9871 	EXP 	slider_2: markerPos = 2.0444444444444443
12.9959 	EXP 	slider_2: markerPos = 2.0407407407407407
13.0039 	EXP 	slider_2: markerPos = 2.0407407407407407
13.0132 	EXP 	slider_2: markerPos = 2.037037037037037
13.0222 	EXP 	slider_2: markerPos = 2.0296296296296297
13.0317 	EXP 	slider_2: markerPos = 2.025925925925926
13.0406 	EXP 	slider_2: markerPos = 2.0185185185185186
13.0496 	EXP 	slider_2: markerPos = 2.0074074074074075
13.0587 	EXP 	slider_2: markerPos = 1.988888888888889
13.0669 	EXP 	slider_2: markerPos = 1.9814814814814814
13.0740 	EXP 	slider_2: markerPos = 1.974074074074074
13.0854 	EXP 	slider_2: markerPos = 1.9666666666666666
13.0946 	EXP 	slider_2: markerPos = 1.9592592592592593
13.1016 	EXP 	slider_2: markerPos = 1.9555555555555555
13.1122 	EXP 	slider_2: markerPos = 1.9555555555555555
13.1211 	EXP 	slider_2: markerPos = 1.9555555555555555
13.1294 	EXP 	slider_2: markerPos = 1.9555555555555555
13.1370 	EXP 	slider_2: markerPos = 1.9555555555555555
13.1503 	EXP 	slider_2: markerPos = 1.9555555555555555
13.1588 	EXP 	slider_2: markerPos = 1.9555555555555555
13.1697 	EXP 	slider_2: markerPos = 1.9555555555555555
13.1775 	EXP 	slider_2: markerPos = 1.9555555555555555
13.1863 	EXP 	slider_2: markerPos = 1.9555555555555555
13.1949 	EXP 	slider_2: markerPos = 1.9555555555555555
13.2047 	EXP 	slider_2: markerPos = 1.9555555555555555
13.2126 	EXP 	slider_2: markerPos = 1.9555555555555555
13.2201 	EXP 	slider_2: markerPos = 1.9555555555555555
13.2306 	EXP 	slider_2: markerPos = 1.9555555555555555
13.2390 	EXP 	slider_2: markerPos = 1.9555555555555555
13.2470 	EXP 	slider_2: markerPos = 1.9555555555555555
13.2566 	EXP 	slider_2: markerPos = 1.9555555555555555
13.2654 	EXP 	slider_2: markerPos = 1.9555555555555555
13.2739 	EXP 	slider_2: markerPos = 1.9555555555555555
13.2823 	EXP 	slider_2: markerPos = 1.9555555555555555
13.2897 	EXP 	slider_2: markerPos = 1.9555555555555555
13.3004 	EXP 	slider_2: markerPos = 1.9555555555555555
13.3097 	EXP 	slider_2: markerPos = 1.9555555555555555
13.3170 	EXP 	slider_2: markerPos = 1.9555555555555555
13.3280 	EXP 	slider_2: markerPos = 1.9555555555555555
13.3365 	EXP 	slider_2: markerPos = 1.9555555555555555
13.3459 	EXP 	slider_2: markerPos = 1.9555555555555555
13.3576 	EXP 	slider_2: markerPos = 1.9555555555555555
13.3660 	EXP 	slider_2: markerPos = 1.9555555555555555
13.3729 	EXP 	slider_2: markerPos = 1.9555555555555555
13.3829 	EXP 	slider_2: markerPos = 1.9555555555555555
13.3931 	EXP 	slider_2: markerPos = 1.9555555555555555
13.4002 	EXP 	slider_2: markerPos = 1.9555555555555555
13.4107 	EXP 	slider_2: markerPos = 1.9555555555555555
13.4201 	EXP 	slider_2: markerPos = 1.9555555555555555
13.4292 	EXP 	slider_2: markerPos = 1.9555555555555555
13.4381 	EXP 	slider_2: markerPos = 1.9555555555555555
13.4478 	EXP 	slider_2: markerPos = 1.9555555555555555
13.4566 	EXP 	slider_2: markerPos = 1.9555555555555555
13.4642 	EXP 	slider_2: markerPos = 1.9592592592592593
13.4744 	EXP 	slider_2: markerPos = 1.9592592592592593
13.4828 	EXP 	slider_2: markerPos = 1.962962962962963
13.4912 	EXP 	slider_2: markerPos = 1.962962962962963
13.4986 	EXP 	slider_2: markerPos = 1.962962962962963
13.5091 	EXP 	slider_2: markerPos = 1.962962962962963
13.5174 	EXP 	slider_2: markerPos = 1.962962962962963
13.5262 	EXP 	slider_2: markerPos = 1.962962962962963
13.5358 	EXP 	slider_2: markerPos = 1.9666666666666666
13.5473 	EXP 	slider_2: markerPos = 1.9703703703703703
13.5567 	EXP 	slider_2: markerPos = 1.974074074074074
13.5657 	EXP 	slider_2: markerPos = 1.9777777777777779
13.5749 	EXP 	slider_2: markerPos = 1.9777777777777779
13.5823 	EXP 	slider_2: markerPos = 1.9814814814814814
13.5929 	EXP 	slider_2: markerPos = 1.9814814814814814
13.6021 	EXP 	slider_2: markerPos = 1.9851851851851852
13.6142 	EXP 	slider_2: markerPos = 1.9851851851851852
13.6241 	EXP 	slider_2: markerPos = 1.988888888888889
13.6331 	EXP 	slider_2: markerPos = 1.988888888888889
13.6434 	EXP 	slider_2: markerPos = 1.988888888888889
13.6507 	EXP 	slider_2: markerPos = 1.988888888888889
13.6610 	EXP 	slider_2: markerPos = 1.988888888888889
13.6695 	EXP 	slider_2: markerPos = 1.988888888888889
13.6770 	EXP 	slider_2: markerPos = 1.988888888888889
13.6869 	EXP 	slider_2: markerPos = 1.988888888888889
13.6976 	EXP 	slider_2: markerPos = 1.988888888888889
13.7060 	EXP 	slider_2: markerPos = 1.988888888888889
13.7178 	EXP 	slider_2: markerPos = 1.988888888888889
13.7268 	EXP 	slider_2: markerPos = 1.988888888888889
13.7387 	EXP 	slider_2: markerPos = 1.988888888888889
13.7469 	EXP 	slider_2: markerPos = 1.988888888888889
13.7541 	EXP 	slider_2: markerPos = 1.988888888888889
13.7653 	EXP 	slider_2: markerPos = 1.988888888888889
13.7738 	EXP 	slider_2: markerPos = 1.988888888888889
13.7827 	EXP 	slider_2: markerPos = 1.988888888888889
13.7948 	EXP 	slider_2: markerPos = 1.988888888888889
13.8032 	EXP 	slider_2: markerPos = 1.9851851851851852
13.8105 	EXP 	slider_2: markerPos = 1.9666666666666666
13.8211 	EXP 	slider_2: markerPos = 1.9407407407407407
13.8304 	EXP 	slider_2: markerPos = 1.9222222222222223
13.8433 	EXP 	slider_2: markerPos = 1.8777777777777778
13.8517 	EXP 	slider_2: markerPos = 1.7851851851851852
13.8587 	EXP 	slider_2: markerPos = 1.7037037037037037
13.8701 	EXP 	slider_2: markerPos = 1.651851851851852
13.8786 	EXP 	slider_2: markerPos = 1.6222222222222222
13.8886 	EXP 	slider_2: markerPos = 1.6185185185185185
13.8979 	EXP 	slider_2: markerPos = 1.6185185185185185
13.9066 	EXP 	slider_2: markerPos = 1.6185185185185185
13.9154 	EXP 	slider_2: markerPos = 1.6185185185185185
13.9247 	EXP 	slider_2: markerPos = 1.6111111111111112
13.9345 	EXP 	slider_2: markerPos = 1.6074074074074074
13.9428 	EXP 	slider_2: markerPos = 1.6
13.9517 	EXP 	slider_2: markerPos = 1.5888888888888888
13.9611 	EXP 	slider_2: markerPos = 1.5851851851851853
13.9698 	EXP 	slider_2: markerPos = 1.5777777777777777
13.9770 	EXP 	slider_2: markerPos = 1.5740740740740742
13.9880 	EXP 	slider_2: markerPos = 1.5703703703703704
13.9967 	EXP 	slider_2: markerPos = 1.5555555555555556
14.0063 	EXP 	slider_2: markerPos = 1.548148148148148
14.0155 	EXP 	slider_2: markerPos = 1.5185185185185186
14.0241 	EXP 	slider_2: markerPos = 1.462962962962963
14.0325 	EXP 	slider_2: markerPos = 1.4185185185185185
14.0421 	EXP 	slider_2: markerPos = 1.3555555555555556
14.0515 	EXP 	slider_2: markerPos = 1.2407407407407407
14.0595 	EXP 	slider_2: markerPos = 1.2074074074074075
14.0665 	EXP 	slider_2: markerPos = 1.1703703703703703
14.0781 	EXP 	slider_2: markerPos = 1.1555555555555554
14.0867 	EXP 	slider_2: markerPos = 1.1481481481481481
14.0954 	EXP 	slider_2: markerPos = 1.1407407407407408
14.1030 	EXP 	slider_2: markerPos = 1.137037037037037
14.1133 	EXP 	slider_2: markerPos = 1.1333333333333333
14.1224 	EXP 	slider_2: markerPos = 1.125925925925926
14.1304 	EXP 	slider_2: markerPos = 1.1185185185185185
14.1410 	EXP 	slider_2: markerPos = 1.1111111111111112
14.1517 	EXP 	slider_2: markerPos = 1.1
14.1612 	EXP 	slider_2: markerPos = 1.0925925925925926
14.1697 	EXP 	slider_2: markerPos = 1.0851851851851853
14.1786 	EXP 	slider_2: markerPos = 1.0814814814814815
14.1859 	EXP 	slider_2: markerPos = 1.0740740740740742
14.1964 	EXP 	slider_2: markerPos = 1.0592592592592593
14.2051 	EXP 	slider_2: markerPos = 1.048148148148148
14.2140 	EXP 	slider_2: markerPos = 1.025925925925926
14.2251 	EXP 	slider_2: markerPos = 1.011111111111111
14.2335 	EXP 	slider_2: markerPos = 0.9925925925925925
14.2405 	EXP 	slider_2: markerPos = 0.9777777777777779
14.2513 	EXP 	slider_2: markerPos = 0.9703703703703703
14.2602 	EXP 	slider_2: markerPos = 0.9629629629629628
14.2691 	EXP 	slider_2: markerPos = 0.9555555555555557
14.2766 	EXP 	slider_2: markerPos = 0.9555555555555557
14.2874 	EXP 	slider_2: markerPos = 0.9555555555555557
14.2955 	EXP 	slider_2: markerPos = 0.9555555555555557
14.3044 	EXP 	slider_2: markerPos = 0.9555555555555557
14.3155 	EXP 	slider_2: markerPos = 0.9555555555555557
14.3247 	EXP 	slider_2: markerPos = 0.9555555555555557
14.3349 	EXP 	slider_2: markerPos = 0.9518518518518517
14.3434 	EXP 	slider_2: markerPos = 0.9481481481481482
14.3521 	EXP 	slider_2: markerPos = 0.9444444444444446
14.3597 	EXP 	slider_2: markerPos = 0.9444444444444446
14.3698 	EXP 	slider_2: markerPos = 0.9407407407407407
14.3779 	EXP 	slider_2: markerPos = 0.9407407407407407
14.3871 	EXP 	slider_2: markerPos = 0.9407407407407407
14.3970 	EXP 	slider_2: markerPos = 0.9407407407407407
14.4059 	EXP 	slider_2: markerPos = 0.9407407407407407
14.4160 	EXP 	slider_2: markerPos = 0.9407407407407407
14.4276 	EXP 	slider_2: markerPos = 0.9407407407407407
14.4385 	EXP 	slider_2: markerPos = 0.9407407407407407
14.4471 	EXP 	slider_2: markerPos = 0.9407407407407407
14.4553 	EXP 	slider_2: markerPos = 0.9407407407407407
14.4642 	EXP 	slider_2: markerPos = 0.9407407407407407
14.4754 	EXP 	slider_2: markerPos = 0.9407407407407407
14.4846 	EXP 	slider_2: markerPos = 0.9407407407407407
14.4960 	EXP 	slider_2: markerPos = 0.9407407407407407
14.5037 	EXP 	slider_2: markerPos = 0.9407407407407407
14.5163 	EXP 	slider_2: markerPos = 0.9407407407407407
14.5241 	EXP 	slider_2: markerPos = 0.9407407407407407
14.5331 	EXP 	slider_2: markerPos = 0.9407407407407407
14.5442 	EXP 	slider_2: markerPos = 0.9407407407407407
14.5522 	EXP 	slider_2: markerPos = 0.9407407407407407
14.5604 	EXP 	slider_2: markerPos = 0.9407407407407407
14.5681 	EXP 	slider_2: markerPos = 0.9407407407407407
14.5778 	EXP 	slider_2: markerPos = 0.9407407407407407
14.5863 	EXP 	slider_2: markerPos = 0.9407407407407407
14.5940 	EXP 	slider_2: markerPos = 0.9407407407407407
14.6031 	EXP 	slider_2: markerPos = 0.9407407407407407
14.6139 	EXP 	slider_2: markerPos = 0.9407407407407407
14.6218 	EXP 	slider_2: markerPos = 0.9407407407407407
14.6306 	EXP 	slider_2: markerPos = 0.9407407407407407
14.6391 	EXP 	slider_2: markerPos = 0.9407407407407407
14.6492 	EXP 	slider_2: markerPos = 0.9407407407407407
14.6578 	EXP 	slider_2: markerPos = 0.9407407407407407
14.6647 	EXP 	slider_2: markerPos = 0.9407407407407407
14.6757 	EXP 	slider_2: markerPos = 0.9407407407407407
14.6852 	EXP 	slider_2: markerPos = 0.9407407407407407
14.6919 	EXP 	slider_2: markerPos = 0.9407407407407407
14.7026 	EXP 	slider_2: markerPos = 0.9407407407407407
14.7112 	EXP 	slider_2: markerPos = 0.9407407407407407
14.7205 	EXP 	slider_2: markerPos = 0.9407407407407407
14.7272 	EXP 	slider_2: markerPos = 0.9407407407407407
14.7376 	EXP 	slider_2: markerPos = 0.9407407407407407
14.7461 	EXP 	slider_2: markerPos = 0.9407407407407407
14.7545 	EXP 	slider_2: markerPos = 0.9407407407407407
14.7616 	EXP 	slider_2: markerPos = 0.9407407407407407
14.7723 	EXP 	slider_2: markerPos = 0.9407407407407407
14.7815 	EXP 	slider_2: markerPos = 0.9407407407407407
14.7903 	EXP 	slider_2: markerPos = 0.9518518518518517
14.7993 	EXP 	slider_2: markerPos = 0.9666666666666668
14.8085 	EXP 	slider_2: markerPos = 0.9851851851851854
14.8182 	EXP 	slider_2: markerPos = 1.0148148148148148
14.8270 	EXP 	slider_2: markerPos = 1.1333333333333333
14.8361 	EXP 	slider_2: markerPos = 1.2296296296296296
14.8451 	EXP 	slider_2: markerPos = 1.3703703703703705
14.8559 	EXP 	slider_2: markerPos = 1.4851851851851852
14.8644 	EXP 	slider_2: markerPos = 1.7148148148148148
14.8734 	EXP 	slider_2: markerPos = 1.7740740740740741
14.8815 	EXP 	slider_2: markerPos = 1.8
14.8928 	EXP 	slider_2: markerPos = 1.825925925925926
14.9035 	EXP 	slider_2: markerPos = 1.8444444444444446
14.9128 	EXP 	slider_2: markerPos = 1.8518518518518519
14.9228 	EXP 	slider_2: markerPos = 1.8555555555555556
14.9323 	EXP 	slider_2: markerPos = 1.862962962962963
14.9410 	EXP 	slider_2: markerPos = 1.8703703703703705
14.9501 	EXP 	slider_2: markerPos = 1.885185185185185
14.9603 	EXP 	slider_2: markerPos = 1.9185185185185185
14.9691 	EXP 	slider_2: markerPos = 1.9666666666666666
14.9786 	EXP 	slider_2: markerPos = 2.014814814814815
14.9879 	EXP 	slider_2: markerPos = 2.1074074074074076
14.9976 	EXP 	slider_2: markerPos = 2.148148148148148
15.0047 	EXP 	slider_2: markerPos = 2.1555555555555554
15.0155 	EXP 	slider_2: markerPos = 2.159259259259259
15.0258 	EXP 	slider_2: markerPos = 2.162962962962963
15.0330 	EXP 	slider_2: markerPos = 2.162962962962963
15.0436 	EXP 	slider_2: markerPos = 2.162962962962963
15.0531 	EXP 	slider_2: markerPos = 2.162962962962963
15.0604 	EXP 	slider_2: markerPos = 2.162962962962963
15.0712 	EXP 	slider_2: markerPos = 2.162962962962963
15.0807 	EXP 	slider_2: markerPos = 2.162962962962963
15.0880 	EXP 	slider_2: markerPos = 2.162962962962963
15.0991 	EXP 	slider_2: markerPos = 2.162962962962963
15.1082 	EXP 	slider_2: markerPos = 2.162962962962963
15.1155 	EXP 	slider_2: markerPos = 2.162962962962963
15.1266 	EXP 	slider_2: markerPos = 2.162962962962963
15.1377 	EXP 	slider_2: markerPos = 2.162962962962963
15.1467 	EXP 	slider_2: markerPos = 2.162962962962963
15.1570 	EXP 	slider_2: markerPos = 2.162962962962963
15.1649 	EXP 	slider_2: markerPos = 2.162962962962963
15.1753 	EXP 	slider_2: markerPos = 2.162962962962963
15.1836 	EXP 	slider_2: markerPos = 2.162962962962963
15.1921 	EXP 	slider_2: markerPos = 2.162962962962963
15.1996 	EXP 	slider_2: markerPos = 2.162962962962963
15.2098 	EXP 	slider_2: markerPos = 2.162962962962963
15.2200 	EXP 	slider_2: markerPos = 2.162962962962963
15.2270 	EXP 	slider_2: markerPos = 2.162962962962963
15.2388 	EXP 	slider_2: markerPos = 2.162962962962963
15.2474 	EXP 	slider_2: markerPos = 2.162962962962963
15.2547 	EXP 	slider_2: markerPos = 2.162962962962963
15.2659 	EXP 	slider_2: markerPos = 2.162962962962963
15.2757 	EXP 	slider_2: markerPos = 2.162962962962963
15.2837 	EXP 	slider_2: markerPos = 2.162962962962963
15.2945 	EXP 	slider_2: markerPos = 2.162962962962963
15.3036 	EXP 	slider_2: markerPos = 2.162962962962963
15.3110 	EXP 	slider_2: markerPos = 2.162962962962963
15.3215 	EXP 	slider_2: markerPos = 2.162962962962963
15.3306 	EXP 	slider_2: markerPos = 2.162962962962963
15.3375 	EXP 	slider_2: markerPos = 2.162962962962963
15.3489 	EXP 	slider_2: markerPos = 2.162962962962963
15.3582 	EXP 	slider_2: markerPos = 2.162962962962963
15.3683 	EXP 	slider_2: markerPos = 2.162962962962963
15.3777 	EXP 	slider_2: markerPos = 2.1703703703703705
15.3868 	EXP 	slider_2: markerPos = 2.2074074074074073
15.3979 	EXP 	slider_2: markerPos = 2.2592592592592595
15.4077 	EXP 	slider_2: markerPos = 2.4185185185185185
15.4154 	EXP 	slider_2: markerPos = 2.5444444444444443
15.4260 	EXP 	slider_2: markerPos = 2.696296296296296
15.4345 	EXP 	slider_2: markerPos = 2.822222222222222
15.4438 	EXP 	slider_2: markerPos = 2.925925925925926
15.4531 	EXP 	slider_2: markerPos = 2.9814814814814814
15.4627 	EXP 	slider_2: markerPos = 3.074074074074074
15.4702 	EXP 	slider_2: markerPos = 3.0925925925925926
15.4812 	EXP 	slider_2: markerPos = 3.1
15.4909 	EXP 	slider_2: markerPos = 3.1
15.4981 	EXP 	slider_2: markerPos = 3.1037037037037036
15.5086 	EXP 	slider_2: markerPos = 3.1037037037037036
15.5179 	EXP 	slider_2: markerPos = 3.1037037037037036
15.5306 	EXP 	slider_2: markerPos = 3.1037037037037036
15.5397 	EXP 	slider_2: markerPos = 3.1037037037037036
15.5472 	EXP 	slider_2: markerPos = 3.1037037037037036
15.5586 	EXP 	slider_2: markerPos = 3.1037037037037036
15.5676 	EXP 	slider_2: markerPos = 3.1037037037037036
15.5794 	EXP 	slider_2: markerPos = 3.1037037037037036
15.5886 	EXP 	slider_2: markerPos = 3.1037037037037036
15.5959 	EXP 	slider_2: markerPos = 3.1037037037037036
15.6061 	EXP 	slider_2: markerPos = 3.1037037037037036
15.6145 	EXP 	slider_2: markerPos = 3.1037037037037036
15.6224 	EXP 	slider_2: markerPos = 3.1037037037037036
15.6297 	EXP 	slider_2: markerPos = 3.1037037037037036
15.6407 	EXP 	slider_2: markerPos = 3.1037037037037036
15.6506 	EXP 	slider_2: markerPos = 3.1037037037037036
15.6635 	EXP 	slider_2: markerPos = 3.1037037037037036
15.6764 	EXP 	slider_2: markerPos = 3.1037037037037036
15.6844 	EXP 	slider_2: markerPos = 3.1037037037037036
15.6931 	EXP 	slider_2: markerPos = 3.1037037037037036
15.7015 	EXP 	slider_2: markerPos = 3.1037037037037036
15.7105 	EXP 	slider_2: markerPos = 3.1037037037037036
15.7185 	EXP 	slider_2: markerPos = 3.1037037037037036
15.7270 	EXP 	slider_2: markerPos = 3.1037037037037036
15.7347 	EXP 	slider_2: markerPos = 3.1037037037037036
15.7449 	EXP 	slider_2: markerPos = 3.1
15.7534 	EXP 	slider_2: markerPos = 3.096296296296296
15.7620 	EXP 	slider_2: markerPos = 3.088888888888889
15.7698 	EXP 	slider_2: markerPos = 3.074074074074074
15.7798 	EXP 	slider_2: markerPos = 3.0555555555555554
15.7890 	EXP 	slider_2: markerPos = 3.0444444444444443
15.7964 	EXP 	slider_2: markerPos = 3.025925925925926
15.8074 	EXP 	slider_2: markerPos = 3.0148148148148146
15.8162 	EXP 	slider_2: markerPos = 2.996296296296296
15.8246 	EXP 	slider_2: markerPos = 2.992592592592593
15.8348 	EXP 	slider_2: markerPos = 2.992592592592593
15.8435 	EXP 	slider_2: markerPos = 2.992592592592593
15.8518 	EXP 	slider_2: markerPos = 2.992592592592593
15.8641 	EXP 	slider_2: markerPos = 2.992592592592593
15.8723 	EXP 	slider_2: markerPos = 2.992592592592593
15.8843 	EXP 	slider_2: markerPos = 2.992592592592593
15.8930 	EXP 	slider_2: markerPos = 2.992592592592593
15.9058 	EXP 	slider_2: markerPos = 2.992592592592593
15.9160 	EXP 	slider_2: markerPos = 2.992592592592593
15.9259 	EXP 	slider_2: markerPos = 2.992592592592593
15.9360 	EXP 	slider_2: markerPos = 2.992592592592593
15.9460 	EXP 	slider_2: markerPos = 2.992592592592593
15.9565 	EXP 	slider_2: markerPos = 2.992592592592593
15.9669 	EXP 	slider_2: markerPos = 2.992592592592593
15.9763 	EXP 	slider_2: markerPos = 2.992592592592593
15.9840 	EXP 	slider_2: markerPos = 2.992592592592593
15.9947 	EXP 	slider_2: markerPos = 2.992592592592593
16.0032 	EXP 	slider_2: markerPos = 2.992592592592593
16.0127 	EXP 	slider_2: markerPos = 2.992592592592593
16.0202 	EXP 	slider_2: markerPos = 2.992592592592593
16.0303 	EXP 	slider_2: markerPos = 2.992592592592593
16.0400 	EXP 	slider_2: markerPos = 2.992592592592593
16.0501 	EXP 	slider_2: markerPos = 2.992592592592593
16.0593 	EXP 	slider_2: markerPos = 3.0074074074074075
16.0703 	EXP 	slider_2: markerPos = 3.037037037037037
16.0792 	EXP 	slider_2: markerPos = 3.0814814814814815
16.0912 	EXP 	slider_2: markerPos = 3.148148148148148
16.1011 	EXP 	slider_2: markerPos = 3.2777777777777777
16.1113 	EXP 	slider_2: markerPos = 3.3703703703703702
16.1205 	EXP 	slider_2: markerPos = 3.448148148148148
16.1292 	EXP 	slider_2: markerPos = 3.6444444444444444
16.1412 	EXP 	slider_2: markerPos = 3.6444444444444444
16.1514 	EXP 	slider_2: markerPos = 3.748148148148148
16.1621 	EXP 	slider_2: markerPos = 3.811111111111111
16.1699 	EXP 	slider_2: markerPos = 3.862962962962963
16.1780 	EXP 	slider_2: markerPos = 3.8962962962962964
16.1907 	EXP 	slider_2: markerPos = 3.9444444444444446
16.1994 	EXP 	slider_2: markerPos = 3.9962962962962965
16.2063 	EXP 	slider_2: markerPos = 4.025925925925926
16.2166 	EXP 	slider_2: markerPos = 4.044444444444444
16.2254 	EXP 	slider_2: markerPos = 4.059259259259259
16.2336 	EXP 	slider_2: markerPos = 4.074074074074074
16.2463 	EXP 	slider_2: markerPos = 4.0851851851851855
16.2552 	EXP 	slider_2: markerPos = 4.103703703703704
16.2621 	EXP 	slider_2: markerPos = 4.103703703703704
16.2721 	EXP 	slider_2: markerPos = 4.103703703703704
16.2807 	EXP 	slider_2: markerPos = 4.107407407407408
16.2896 	EXP 	slider_2: markerPos = 4.107407407407408
16.2974 	EXP 	slider_2: markerPos = 4.114814814814815
16.3075 	EXP 	slider_2: markerPos = 4.125925925925926
16.3162 	EXP 	slider_2: markerPos = 4.144444444444444
16.3248 	EXP 	slider_2: markerPos = 4.17037037037037
16.3324 	EXP 	slider_2: markerPos = 4.181481481481482
16.3430 	EXP 	slider_2: markerPos = 4.188888888888889
16.3512 	EXP 	slider_2: markerPos = 4.188888888888889
16.3583 	EXP 	slider_2: markerPos = 4.188888888888889
16.3695 	EXP 	slider_2: markerPos = 4.192592592592593
16.3780 	EXP 	slider_2: markerPos = 4.196296296296296
16.3874 	EXP 	slider_2: markerPos = 4.2
16.3954 	EXP 	slider_2: markerPos = 4.229629629629629
16.4059 	EXP 	slider_2: markerPos = 4.2444444444444445
16.4157 	EXP 	slider_2: markerPos = 4.2518518518518515
16.4249 	EXP 	slider_2: markerPos = 4.2555555555555555
16.4338 	EXP 	slider_2: markerPos = 4.2555555555555555
16.4425 	EXP 	slider_2: markerPos = 4.2555555555555555
16.4542 	EXP 	slider_2: markerPos = 4.2555555555555555
16.4621 	EXP 	slider_2: markerPos = 4.2555555555555555
16.4710 	EXP 	slider_2: markerPos = 4.2555555555555555
16.4801 	EXP 	slider_2: markerPos = 4.2555555555555555
16.4889 	EXP 	slider_2: markerPos = 4.2481481481481485
16.4969 	EXP 	slider_2: markerPos = 4.2444444444444445
16.5056 	EXP 	slider_2: markerPos = 4.237037037037037
16.5130 	EXP 	slider_2: markerPos = 4.225925925925926
16.5229 	EXP 	slider_2: markerPos = 4.222222222222222
16.5314 	EXP 	slider_2: markerPos = 4.207407407407407
16.5403 	EXP 	slider_2: markerPos = 4.188888888888889
16.5474 	EXP 	slider_2: markerPos = 4.159259259259259
16.5575 	EXP 	slider_2: markerPos = 4.159259259259259
16.5661 	EXP 	slider_2: markerPos = 4.125925925925926
16.5753 	EXP 	slider_2: markerPos = 4.107407407407408
16.5863 	EXP 	slider_2: markerPos = 4.0962962962962965
16.5946 	EXP 	slider_2: markerPos = 4.0777777777777775
16.6019 	EXP 	slider_2: markerPos = 4.07037037037037
16.6130 	EXP 	slider_2: markerPos = 4.051851851851852
16.6214 	EXP 	slider_2: markerPos = 4.02962962962963
16.6304 	EXP 	slider_2: markerPos = 4.025925925925926
16.6379 	EXP 	slider_2: markerPos = 4.022222222222222
16.6497 	EXP 	slider_2: markerPos = 4.022222222222222
16.6577 	EXP 	slider_2: markerPos = 4.022222222222222
16.6694 	EXP 	slider_2: markerPos = 4.022222222222222
16.6775 	EXP 	slider_2: markerPos = 4.022222222222222
16.6852 	EXP 	slider_2: markerPos = 4.022222222222222
16.6958 	EXP 	slider_2: markerPos = 4.022222222222222
16.7040 	EXP 	slider_2: markerPos = 4.022222222222222
16.7123 	EXP 	slider_2: markerPos = 4.022222222222222
16.7212 	EXP 	slider_2: markerPos = 4.022222222222222
16.7303 	EXP 	slider_2: markerPos = 4.022222222222222
16.7390 	EXP 	slider_2: markerPos = 4.018518518518519
16.7476 	EXP 	slider_2: markerPos = 4.014814814814815
16.7551 	EXP 	slider_2: markerPos = 4.011111111111111
16.7655 	EXP 	slider_2: markerPos = 4.003703703703704
16.7755 	EXP 	slider_2: markerPos = 4.003703703703704
16.7823 	EXP 	slider_2: markerPos = 4.003703703703704
16.7930 	EXP 	slider_2: markerPos = 4.003703703703704
16.8017 	EXP 	slider_2: markerPos = 4.003703703703704
16.8108 	EXP 	slider_2: markerPos = 4.003703703703704
16.8199 	EXP 	slider_2: markerPos = 4.003703703703704
16.8293 	EXP 	slider_2: markerPos = 4.003703703703704
16.8390 	EXP 	slider_2: markerPos = 4.003703703703704
16.8503 	EXP 	slider_2: markerPos = 4.003703703703704
16.8593 	EXP 	slider_2: markerPos = 4.003703703703704
16.8696 	EXP 	slider_2: markerPos = 4.003703703703704
16.8780 	EXP 	slider_2: markerPos = 4.003703703703704
16.8861 	EXP 	slider_2: markerPos = 4.003703703703704
16.8949 	EXP 	slider_2: markerPos = 4.003703703703704
16.9049 	EXP 	slider_2: markerPos = 4.003703703703704
16.9138 	EXP 	slider_2: markerPos = 4.003703703703704
16.9259 	EXP 	slider_2: markerPos = 4.003703703703704
16.9343 	EXP 	slider_2: markerPos = 4.003703703703704
16.9436 	EXP 	slider_2: markerPos = 4.003703703703704
16.9527 	EXP 	slider_2: markerPos = 4.011111111111111
16.9616 	EXP 	slider_2: markerPos = 4.014814814814815
16.9707 	EXP 	slider_2: markerPos = 4.025925925925926
16.9798 	EXP 	slider_2: markerPos = 4.037037037037037
16.9891 	EXP 	slider_2: markerPos = 4.066666666666666
16.9976 	EXP 	slider_2: markerPos = 4.0962962962962965
17.0051 	EXP 	slider_2: markerPos = 4.185185185185185
17.0155 	EXP 	slider_2: markerPos = 4.185185185185185
17.0237 	EXP 	slider_2: markerPos = 4.225925925925926
17.0323 	EXP 	slider_2: markerPos = 4.277777777777778
17.0403 	EXP 	slider_2: markerPos = 4.296296296296296
17.0505 	EXP 	slider_2: markerPos = 4.344444444444445
17.0593 	EXP 	slider_2: markerPos = 4.448148148148148
17.0685 	EXP 	slider_2: markerPos = 4.474074074074074
17.0774 	EXP 	slider_2: markerPos = 4.537037037037037
17.0864 	EXP 	slider_2: markerPos = 4.611111111111111
17.0955 	EXP 	slider_2: markerPos = 4.637037037037037
17.1058 	EXP 	slider_2: markerPos = 4.711111111111111
17.1154 	EXP 	slider_2: markerPos = 4.8
17.1276 	EXP 	slider_2: markerPos = 4.859259259259259
17.1359 	EXP 	slider_2: markerPos = 4.881481481481481
17.1445 	EXP 	slider_2: markerPos = 4.937037037037037
17.1548 	EXP 	slider_2: markerPos = 4.966666666666667
17.1636 	EXP 	slider_2: markerPos = 4.988888888888889
17.1722 	EXP 	slider_2: markerPos = 5.0
17.1817 	EXP 	slider_2: markerPos = 5.003703703703703
17.1909 	EXP 	slider_2: markerPos = 5.003703703703703
17.2002 	EXP 	slider_2: markerPos = 5.003703703703703
17.2098 	EXP 	slider_2: markerPos = 5.007407407407408
17.2184 	EXP 	slider_2: markerPos = 5.007407407407408
17.2271 	EXP 	slider_2: markerPos = 5.007407407407408
17.2353 	EXP 	slider_2: markerPos = 5.007407407407408
17.2453 	EXP 	slider_2: markerPos = 5.007407407407408
17.2542 	EXP 	slider_2: markerPos = 5.014814814814814
17.2665 	EXP 	slider_2: markerPos = 5.014814814814814
17.2743 	EXP 	slider_2: markerPos = 5.014814814814814
17.2842 	EXP 	slider_2: markerPos = 5.014814814814814
17.2931 	EXP 	slider_2: markerPos = 5.014814814814814
17.3017 	EXP 	slider_2: markerPos = 5.014814814814814
17.3103 	EXP 	slider_2: markerPos = 5.018518518518519
17.3181 	EXP 	slider_2: markerPos = 5.018518518518519
17.3284 	EXP 	slider_2: markerPos = 5.02962962962963
17.3373 	EXP 	slider_2: markerPos = 5.037037037037037
17.3445 	EXP 	slider_2: markerPos = 5.051851851851852
17.3559 	EXP 	slider_2: markerPos = 5.062962962962963
17.3669 	EXP 	slider_2: markerPos = 5.07037037037037
17.3781 	EXP 	slider_2: markerPos = 5.074074074074074
17.3864 	EXP 	slider_2: markerPos = 5.074074074074074
17.3943 	EXP 	slider_2: markerPos = 5.074074074074074
17.4044 	EXP 	slider_2: markerPos = 5.074074074074074
17.4172 	EXP 	slider_2: markerPos = 5.074074074074074
17.4259 	EXP 	slider_2: markerPos = 5.074074074074074
17.4344 	EXP 	slider_2: markerPos = 5.074074074074074
17.4469 	EXP 	slider_2: markerPos = 5.074074074074074
17.4546 	EXP 	slider_2: markerPos = 5.074074074074074
17.4632 	EXP 	slider_2: markerPos = 5.074074074074074
17.4709 	EXP 	slider_2: markerPos = 5.074074074074074
17.4807 	EXP 	slider_2: markerPos = 5.074074074074074
17.4894 	EXP 	slider_2: markerPos = 5.074074074074074
17.4981 	EXP 	slider_2: markerPos = 5.074074074074074
17.5095 	EXP 	slider_2: markerPos = 5.074074074074074
17.5178 	EXP 	slider_2: markerPos = 5.074074074074074
17.5308 	EXP 	slider_2: markerPos = 5.074074074074074
17.5386 	EXP 	slider_2: markerPos = 5.074074074074074
17.5461 	EXP 	slider_2: markerPos = 5.074074074074074
17.5566 	EXP 	slider_2: markerPos = 5.074074074074074
17.5666 	EXP 	slider_2: markerPos = 5.074074074074074
17.5790 	EXP 	slider_2: markerPos = 5.074074074074074
17.5868 	EXP 	slider_2: markerPos = 5.074074074074074
17.5957 	EXP 	slider_2: markerPos = 5.074074074074074
17.6029 	EXP 	slider_2: markerPos = 5.074074074074074
17.6131 	EXP 	slider_2: markerPos = 5.074074074074074
17.6218 	EXP 	slider_2: markerPos = 5.074074074074074
17.6290 	EXP 	slider_2: markerPos = 5.074074074074074
17.6414 	EXP 	slider_2: markerPos = 5.074074074074074
17.6503 	EXP 	slider_2: markerPos = 5.074074074074074
17.6578 	EXP 	slider_2: markerPos = 5.074074074074074
17.6681 	EXP 	slider_2: markerPos = 5.074074074074074
17.6770 	EXP 	slider_2: markerPos = 5.074074074074074
17.6861 	EXP 	slider_2: markerPos = 5.074074074074074
17.6947 	EXP 	slider_2: markerPos = 5.074074074074074
17.7039 	EXP 	slider_2: markerPos = 5.074074074074074
17.7121 	EXP 	slider_2: markerPos = 5.074074074074074
17.7192 	EXP 	slider_2: markerPos = 5.074074074074074
17.7279 	EXP 	slider_2: markerPos = 5.074074074074074
17.7378 	EXP 	slider_2: markerPos = 5.074074074074074
17.7462 	EXP 	slider_2: markerPos = 5.074074074074074
17.7547 	EXP 	slider_2: markerPos = 5.074074074074074
17.7667 	EXP 	slider_2: markerPos = 5.074074074074074
17.7747 	EXP 	slider_2: markerPos = 5.074074074074074
17.7840 	EXP 	slider_2: markerPos = 5.074074074074074
17.7929 	EXP 	slider_2: markerPos = 5.074074074074074
17.8014 	EXP 	slider_2: markerPos = 5.074074074074074
17.8091 	EXP 	slider_2: markerPos = 5.074074074074074
17.8183 	EXP 	slider_2: markerPos = 5.074074074074074
17.8272 	EXP 	slider_2: markerPos = 5.074074074074074
17.8362 	EXP 	slider_2: markerPos = 5.074074074074074
17.8447 	EXP 	slider_2: markerPos = 5.074074074074074
17.8525 	EXP 	slider_2: markerPos = 5.07037037037037
17.8632 	EXP 	slider_2: markerPos = 5.059259259259259
17.8726 	EXP 	slider_2: markerPos = 5.040740740740741
17.8798 	EXP 	slider_2: markerPos = 5.007407407407408
17.8920 	EXP 	slider_2: markerPos = 4.951851851851852
17.9020 	EXP 	slider_2: markerPos = 4.896296296296296
17.9114 	EXP 	slider_2: markerPos = 4.811111111111111
17.9214 	EXP 	slider_2: markerPos = 4.644444444444444
17.9288 	EXP 	slider_2: markerPos = 4.537037037037037
17.9396 	EXP 	slider_2: markerPos = 4.455555555555556
17.9485 	EXP 	slider_2: markerPos = 4.374074074074074
17.9560 	EXP 	slider_2: markerPos = 4.307407407407407
17.9667 	EXP 	slider_2: markerPos = 4.262962962962963
17.9759 	EXP 	slider_2: markerPos = 4.17037037037037
17.9852 	EXP 	slider_2: markerPos = 4.133333333333333
17.9944 	EXP 	slider_2: markerPos = 4.114814814814815
18.0034 	EXP 	slider_2: markerPos = 4.103703703703704
18.0127 	EXP 	slider_2: markerPos = 4.092592592592593
18.0218 	EXP 	slider_2: markerPos = 4.088888888888889
18.0321 	EXP 	slider_2: markerPos = 4.074074074074074
18.0390 	EXP 	slider_2: markerPos = 4.07037037037037
18.0502 	EXP 	slider_2: markerPos = 4.07037037037037
18.0592 	EXP 	slider_2: markerPos = 4.062962962962963
18.0680 	EXP 	slider_2: markerPos = 4.051851851851852
18.0773 	EXP 	slider_2: markerPos = 4.040740740740741
18.0864 	EXP 	slider_2: markerPos = 4.025925925925926
18.0955 	EXP 	slider_2: markerPos = 4.007407407407407
18.1026 	EXP 	slider_2: markerPos = 3.9925925925925925
18.1131 	EXP 	slider_2: markerPos = 3.9925925925925925
18.1229 	EXP 	slider_2: markerPos = 3.9703703703703703
18.1299 	EXP 	slider_2: markerPos = 3.962962962962963
18.1411 	EXP 	slider_2: markerPos = 3.962962962962963
18.1495 	EXP 	slider_2: markerPos = 3.9592592592592593
18.1577 	EXP 	slider_2: markerPos = 3.9592592592592593
18.1703 	EXP 	slider_2: markerPos = 3.9592592592592593
18.1795 	EXP 	slider_2: markerPos = 3.9592592592592593
18.1903 	EXP 	slider_2: markerPos = 3.9592592592592593
18.1990 	EXP 	slider_2: markerPos = 3.9592592592592593
18.2058 	EXP 	slider_2: markerPos = 3.9592592592592593
18.2167 	EXP 	slider_2: markerPos = 3.9592592592592593
18.2251 	EXP 	slider_2: markerPos = 3.9592592592592593
18.2337 	EXP 	slider_2: markerPos = 3.9592592592592593
18.2456 	EXP 	slider_2: markerPos = 3.9592592592592593
18.2540 	EXP 	slider_2: markerPos = 3.9592592592592593
18.2665 	EXP 	slider_2: markerPos = 3.9592592592592593
18.2746 	EXP 	slider_2: markerPos = 3.9592592592592593
18.2815 	EXP 	slider_2: markerPos = 3.9592592592592593
18.2901 	EXP 	slider_2: markerPos = 3.9592592592592593
18.2991 	EXP 	slider_2: markerPos = 3.9592592592592593
18.3082 	EXP 	slider_2: markerPos = 3.9592592592592593
18.3163 	EXP 	slider_2: markerPos = 3.9592592592592593
18.3255 	EXP 	slider_2: markerPos = 3.9592592592592593
18.3360 	EXP 	slider_2: markerPos = 3.9592592592592593
18.3439 	EXP 	slider_2: markerPos = 3.9592592592592593
18.3529 	EXP 	slider_2: markerPos = 3.9592592592592593
18.3625 	EXP 	slider_2: markerPos = 3.9592592592592593
18.3722 	EXP 	slider_2: markerPos = 3.9592592592592593
18.3794 	EXP 	slider_2: markerPos = 3.9592592592592593
18.3921 	EXP 	slider_2: markerPos = 3.9592592592592593
18.4011 	EXP 	slider_2: markerPos = 3.9592592592592593
18.4085 	EXP 	slider_2: markerPos = 3.9592592592592593
18.4192 	EXP 	slider_2: markerPos = 3.9592592592592593
18.4277 	EXP 	slider_2: markerPos = 3.9592592592592593
18.4399 	EXP 	slider_2: markerPos = 3.9592592592592593
18.4509 	EXP 	slider_2: markerPos = 3.9592592592592593
18.4596 	EXP 	slider_2: markerPos = 3.9592592592592593
18.4680 	EXP 	slider_2: markerPos = 3.9592592592592593
18.4769 	EXP 	slider_2: markerPos = 3.9592592592592593
18.4837 	EXP 	slider_2: markerPos = 3.9592592592592593
18.4947 	EXP 	slider_2: markerPos = 3.9592592592592593
18.5031 	EXP 	slider_2: markerPos = 3.9592592592592593
18.5137 	EXP 	slider_2: markerPos = 3.9592592592592593
18.5222 	EXP 	slider_2: markerPos = 3.9592592592592593
18.5308 	EXP 	slider_2: markerPos = 3.9592592592592593
18.5393 	EXP 	slider_2: markerPos = 3.9592592592592593
18.5468 	EXP 	slider_2: markerPos = 3.9592592592592593
18.5572 	EXP 	slider_2: markerPos = 3.9592592592592593
18.5655 	EXP 	slider_2: markerPos = 3.9592592592592593
18.5741 	EXP 	slider_2: markerPos = 3.9592592592592593
18.5812 	EXP 	slider_2: markerPos = 3.9592592592592593
18.5917 	EXP 	slider_2: markerPos = 3.9592592592592593
18.6001 	EXP 	slider_2: markerPos = 3.9592592592592593
18.6087 	EXP 	slider_2: markerPos = 3.9592592592592593
18.6160 	EXP 	slider_2: markerPos = 3.9592592592592593
18.6264 	EXP 	slider_2: markerPos = 3.9592592592592593
18.6352 	EXP 	slider_2: markerPos = 3.9592592592592593
18.6445 	EXP 	slider_2: markerPos = 3.9592592592592593
18.6542 	EXP 	slider_2: markerPos = 3.9592592592592593
18.6631 	EXP 	slider_2: markerPos = 3.9555555555555557
18.6720 	EXP 	slider_2: markerPos = 3.9444444444444446
18.6850 	EXP 	slider_2: markerPos = 3.9222222222222225
18.6922 	EXP 	slider_2: markerPos = 3.822222222222222
18.7031 	EXP 	slider_2: markerPos = 3.7592592592592595
18.7113 	EXP 	slider_2: markerPos = 3.6666666666666665
18.7197 	EXP 	slider_2: markerPos = 3.574074074074074
18.7329 	EXP 	slider_2: markerPos = 3.4703703703703703
18.7416 	EXP 	slider_2: markerPos = 3.2777777777777777
18.7490 	EXP 	slider_2: markerPos = 3.2
18.7589 	EXP 	slider_2: markerPos = 3.096296296296296
18.7679 	EXP 	slider_2: markerPos = 3.051851851851852
18.7750 	EXP 	slider_2: markerPos = 2.996296296296296
18.7861 	EXP 	slider_2: markerPos = 2.948148148148148
18.7959 	EXP 	slider_2: markerPos = 2.9
18.8047 	EXP 	slider_2: markerPos = 2.837037037037037
18.8161 	EXP 	slider_2: markerPos = 2.822222222222222
18.8254 	EXP 	slider_2: markerPos = 2.8
18.8351 	EXP 	slider_2: markerPos = 2.7925925925925927
18.8439 	EXP 	slider_2: markerPos = 2.785185185185185
18.8528 	EXP 	slider_2: markerPos = 2.785185185185185
18.8619 	EXP 	slider_2: markerPos = 2.785185185185185
18.8707 	EXP 	slider_2: markerPos = 2.785185185185185
18.8789 	EXP 	slider_2: markerPos = 2.785185185185185
18.8878 	EXP 	slider_2: markerPos = 2.785185185185185
18.8976 	EXP 	slider_2: markerPos = 2.785185185185185
18.9084 	EXP 	slider_2: markerPos = 2.785185185185185
18.9192 	EXP 	slider_2: markerPos = 2.785185185185185
18.9269 	EXP 	slider_2: markerPos = 2.785185185185185
18.9356 	EXP 	slider_2: markerPos = 2.785185185185185
18.9470 	EXP 	slider_2: markerPos = 2.785185185185185
18.9547 	EXP 	slider_2: markerPos = 2.785185185185185
18.9635 	EXP 	slider_2: markerPos = 2.785185185185185
18.9746 	EXP 	slider_2: markerPos = 2.785185185185185
18.9832 	EXP 	slider_2: markerPos = 2.785185185185185
18.9955 	EXP 	slider_2: markerPos = 2.785185185185185
19.0033 	EXP 	slider_2: markerPos = 2.785185185185185
19.0121 	EXP 	slider_2: markerPos = 2.785185185185185
19.0188 	EXP 	slider_2: markerPos = 2.785185185185185
19.0295 	EXP 	slider_2: markerPos = 2.785185185185185
19.0379 	EXP 	slider_2: markerPos = 2.785185185185185
19.0474 	EXP 	slider_2: markerPos = 2.785185185185185
19.0566 	EXP 	slider_2: markerPos = 2.785185185185185
19.0671 	EXP 	slider_2: markerPos = 2.7888888888888888
19.0785 	EXP 	slider_2: markerPos = 2.7925925925925927
19.0870 	EXP 	slider_2: markerPos = 2.8074074074074074
19.0954 	EXP 	slider_2: markerPos = 2.851851851851852
19.1025 	EXP 	slider_2: markerPos = 2.8777777777777778
19.1126 	EXP 	slider_2: markerPos = 2.9037037037037035
19.1229 	EXP 	slider_2: markerPos = 2.9185185185185185
19.1300 	EXP 	slider_2: markerPos = 2.9296296296296296
19.1406 	EXP 	slider_2: markerPos = 2.9333333333333336
19.1493 	EXP 	slider_2: markerPos = 2.937037037037037
19.1584 	EXP 	slider_2: markerPos = 2.9407407407407407
19.1695 	EXP 	slider_2: markerPos = 2.9407407407407407
19.1778 	EXP 	slider_2: markerPos = 2.9444444444444446
19.1848 	EXP 	slider_2: markerPos = 2.9444444444444446
19.1954 	EXP 	slider_2: markerPos = 2.9444444444444446
19.2041 	EXP 	slider_2: markerPos = 2.9444444444444446
19.2123 	EXP 	slider_2: markerPos = 2.9444444444444446
19.2197 	EXP 	slider_2: markerPos = 2.9444444444444446
19.2305 	EXP 	slider_2: markerPos = 2.9444444444444446
19.2391 	EXP 	slider_2: markerPos = 2.9444444444444446
19.2470 	EXP 	slider_2: markerPos = 2.9444444444444446
19.2590 	EXP 	slider_2: markerPos = 2.9444444444444446
19.2671 	EXP 	slider_2: markerPos = 2.9444444444444446
19.2755 	EXP 	slider_2: markerPos = 2.9444444444444446
19.2825 	EXP 	slider_2: markerPos = 2.9444444444444446
19.2930 	EXP 	slider_2: markerPos = 2.9444444444444446
19.3020 	EXP 	slider_2: markerPos = 2.9333333333333336
19.3107 	EXP 	slider_2: markerPos = 2.8777777777777778
19.3182 	EXP 	slider_2: markerPos = 2.8777777777777778
19.3285 	EXP 	slider_2: markerPos = 2.785185185185185
19.3376 	EXP 	slider_2: markerPos = 2.7185185185185183
19.3447 	EXP 	slider_2: markerPos = 2.666666666666667
19.3553 	EXP 	slider_2: markerPos = 2.5666666666666664
19.3647 	EXP 	slider_2: markerPos = 2.511111111111111
19.3739 	EXP 	slider_2: markerPos = 2.4074074074074074
19.3834 	EXP 	slider_2: markerPos = 2.351851851851852
19.3939 	EXP 	slider_2: markerPos = 2.2666666666666666
19.4019 	EXP 	slider_2: markerPos = 2.196296296296296
19.4130 	EXP 	slider_2: markerPos = 2.1666666666666665
19.4219 	EXP 	slider_2: markerPos = 2.1444444444444444
19.4295 	EXP 	slider_2: markerPos = 2.1333333333333333
19.4404 	EXP 	slider_2: markerPos = 2.1185185185185187
19.4495 	EXP 	slider_2: markerPos = 2.1074074074074076
19.4590 	EXP 	slider_2: markerPos = 2.1
19.4687 	EXP 	slider_2: markerPos = 2.0962962962962965
19.4798 	EXP 	slider_2: markerPos = 2.0925925925925926
19.4893 	EXP 	slider_2: markerPos = 2.085185185185185
19.4978 	EXP 	slider_2: markerPos = 2.0703703703703704
19.5056 	EXP 	slider_2: markerPos = 2.0481481481481483
19.5160 	EXP 	slider_2: markerPos = 2.022222222222222
19.5245 	EXP 	slider_2: markerPos = 2.0074074074074075
19.5342 	EXP 	slider_2: markerPos = 1.974074074074074
19.5433 	EXP 	slider_2: markerPos = 1.9407407407407407
19.5529 	EXP 	slider_2: markerPos = 1.9333333333333333
19.5599 	EXP 	slider_2: markerPos = 1.885185185185185
19.5710 	EXP 	slider_2: markerPos = 1.885185185185185
19.5798 	EXP 	slider_2: markerPos = 1.8592592592592592
19.5886 	EXP 	slider_2: markerPos = 1.8444444444444446
19.5963 	EXP 	slider_2: markerPos = 1.8333333333333333
19.6059 	EXP 	slider_2: markerPos = 1.8222222222222222
19.6161 	EXP 	slider_2: markerPos = 1.8074074074074074
19.6282 	EXP 	slider_2: markerPos = 1.8
19.6384 	EXP 	slider_2: markerPos = 1.788888888888889
19.6471 	EXP 	slider_2: markerPos = 1.788888888888889
19.6554 	EXP 	slider_2: markerPos = 1.788888888888889
19.6634 	EXP 	slider_2: markerPos = 1.788888888888889
19.6726 	EXP 	slider_2: markerPos = 1.788888888888889
19.6816 	EXP 	slider_2: markerPos = 1.788888888888889
19.6911 	EXP 	slider_2: markerPos = 1.788888888888889
19.7002 	EXP 	slider_2: markerPos = 1.788888888888889
19.7074 	EXP 	slider_2: markerPos = 1.788888888888889
19.7180 	EXP 	slider_2: markerPos = 1.788888888888889
19.7266 	EXP 	slider_2: markerPos = 1.788888888888889
19.7339 	EXP 	slider_2: markerPos = 1.7851851851851852
19.7444 	EXP 	slider_2: markerPos = 1.7814814814814814
19.7531 	EXP 	slider_2: markerPos = 1.7703703703703704
19.7623 	EXP 	slider_2: markerPos = 1.7407407407407407
19.7714 	EXP 	slider_2: markerPos = 1.6666666666666667
19.7810 	EXP 	slider_2: markerPos = 1.6185185185185185
19.7902 	EXP 	slider_2: markerPos = 1.5814814814814815
19.7994 	EXP 	slider_2: markerPos = 1.5148148148148148
19.8086 	EXP 	slider_2: markerPos = 1.4444444444444444
19.8170 	EXP 	slider_2: markerPos = 1.4074074074074074
19.8240 	EXP 	slider_2: markerPos = 1.374074074074074
19.8354 	EXP 	slider_2: markerPos = 1.3296296296296297
19.8461 	EXP 	slider_2: markerPos = 1.3111111111111111
19.8549 	EXP 	slider_2: markerPos = 1.3037037037037038
19.8658 	EXP 	slider_2: markerPos = 1.3037037037037038
19.8727 	EXP 	slider_2: markerPos = 1.3037037037037038
19.8835 	EXP 	slider_2: markerPos = 1.3037037037037038
19.8935 	EXP 	slider_2: markerPos = 1.3
19.9010 	EXP 	slider_2: markerPos = 1.2962962962962963
19.9120 	EXP 	slider_2: markerPos = 1.2925925925925925
19.9212 	EXP 	slider_2: markerPos = 1.2740740740740741
19.9283 	EXP 	slider_2: markerPos = 1.262962962962963
19.9395 	EXP 	slider_2: markerPos = 1.2444444444444445
19.9480 	EXP 	slider_2: markerPos = 1.2296296296296296
19.9574 	EXP 	slider_2: markerPos = 1.211111111111111
19.9664 	EXP 	slider_2: markerPos = 1.1777777777777778
19.9755 	EXP 	slider_2: markerPos = 1.1703703703703703
19.9843 	EXP 	slider_2: markerPos = 1.1592592592592592
19.9956 	EXP 	slider_2: markerPos = 1.1481481481481481
20.0047 	EXP 	slider_2: markerPos = 1.1407407407407408
20.0116 	EXP 	slider_2: markerPos = 1.1111111111111112
20.0223 	EXP 	slider_2: markerPos = 1.1111111111111112
20.0318 	EXP 	slider_2: markerPos = 1.1037037037037036
20.0391 	EXP 	slider_2: markerPos = 1.1
20.0499 	EXP 	slider_2: markerPos = 1.1
20.0584 	EXP 	slider_2: markerPos = 1.1
20.0667 	EXP 	slider_2: markerPos = 1.1
20.0738 	EXP 	slider_2: markerPos = 1.1
20.0845 	EXP 	slider_2: markerPos = 1.1
20.0928 	EXP 	slider_2: markerPos = 1.1
20.1021 	EXP 	slider_2: markerPos = 1.1
20.1094 	EXP 	slider_2: markerPos = 1.0962962962962963
20.1196 	EXP 	slider_2: markerPos = 1.0962962962962963
20.1284 	EXP 	slider_2: markerPos = 1.0962962962962963
20.1380 	EXP 	slider_2: markerPos = 1.0925925925925926
20.1471 	EXP 	slider_2: markerPos = 1.0888888888888888
20.1561 	EXP 	slider_2: markerPos = 1.0888888888888888
20.1649 	EXP 	slider_2: markerPos = 1.0851851851851853
20.1716 	EXP 	slider_2: markerPos = 1.0814814814814815
20.1824 	EXP 	slider_2: markerPos = 1.0814814814814815
20.1916 	EXP 	slider_2: markerPos = 1.0814814814814815
20.2025 	EXP 	slider_2: markerPos = 1.0814814814814815
20.2104 	EXP 	slider_2: markerPos = 1.0814814814814815
20.2193 	EXP 	slider_2: markerPos = 1.0814814814814815
20.2267 	EXP 	slider_2: markerPos = 1.0814814814814815
20.2375 	EXP 	slider_2: markerPos = 1.0814814814814815
20.2460 	EXP 	slider_2: markerPos = 1.0814814814814815
20.2562 	EXP 	slider_2: markerPos = 1.0814814814814815
20.2651 	EXP 	slider_2: markerPos = 1.0814814814814815
20.2737 	EXP 	slider_2: markerPos = 1.0814814814814815
20.2823 	EXP 	slider_2: markerPos = 1.0814814814814815
20.2895 	EXP 	slider_2: markerPos = 1.0814814814814815
20.3000 	EXP 	slider_2: markerPos = 1.0814814814814815
20.3091 	EXP 	slider_2: markerPos = 1.0814814814814815
20.3190 	EXP 	slider_2: markerPos = 1.0777777777777777
20.3278 	EXP 	slider_2: markerPos = 1.0777777777777777
20.3362 	EXP 	slider_2: markerPos = 1.0777777777777777
20.3440 	EXP 	slider_2: markerPos = 1.0777777777777777
20.3535 	EXP 	slider_2: markerPos = 1.0777777777777777
20.3625 	EXP 	slider_2: markerPos = 1.0777777777777777
20.3710 	EXP 	slider_2: markerPos = 1.0777777777777777
20.3795 	EXP 	slider_2: markerPos = 1.0777777777777777
20.3866 	EXP 	slider_2: markerPos = 1.0777777777777777
20.3979 	EXP 	slider_2: markerPos = 1.0777777777777777
20.4065 	EXP 	slider_2: markerPos = 1.0777777777777777
20.4150 	EXP 	slider_2: markerPos = 1.0777777777777777
20.4256 	EXP 	slider_2: markerPos = 1.0777777777777777
20.4342 	EXP 	slider_2: markerPos = 1.0777777777777777
20.4430 	EXP 	slider_2: markerPos = 1.0777777777777777
20.4517 	EXP 	slider_2: markerPos = 1.0851851851851853
20.4614 	EXP 	slider_2: markerPos = 1.1037037037037036
20.4703 	EXP 	slider_2: markerPos = 1.1407407407407408
20.4821 	EXP 	slider_2: markerPos = 1.2222222222222223
20.4939 	EXP 	slider_2: markerPos = 1.262962962962963
20.5034 	EXP 	slider_2: markerPos = 1.3888888888888888
20.5122 	EXP 	slider_2: markerPos = 1.4370370370370371
20.5235 	EXP 	slider_2: markerPos = 1.4370370370370371
20.5329 	EXP 	slider_2: markerPos = 1.5777777777777777
20.5400 	EXP 	slider_2: markerPos = 1.6296296296296295
20.5501 	EXP 	slider_2: markerPos = 1.6777777777777778
20.5584 	EXP 	slider_2: markerPos = 1.7222222222222223
20.5673 	EXP 	slider_2: markerPos = 1.762962962962963
20.5743 	EXP 	slider_2: markerPos = 1.8
20.5857 	EXP 	slider_2: markerPos = 1.825925925925926
20.5938 	EXP 	slider_2: markerPos = 1.8666666666666667
20.6027 	EXP 	slider_2: markerPos = 1.8962962962962964
20.6140 	EXP 	slider_2: markerPos = 1.9259259259259258
20.6224 	EXP 	slider_2: markerPos = 1.9592592592592593
20.6298 	EXP 	slider_2: markerPos = 1.9703703703703703
20.6411 	EXP 	slider_2: markerPos = 2.0
20.6497 	EXP 	slider_2: markerPos = 2.0481481481481483
20.6582 	EXP 	slider_2: markerPos = 2.0703703703703704
20.6694 	EXP 	slider_2: markerPos = 2.088888888888889
20.6780 	EXP 	slider_2: markerPos = 2.1
20.6852 	EXP 	slider_2: markerPos = 2.1185185185185187
20.6959 	EXP 	slider_2: markerPos = 2.1555555555555554
20.7048 	EXP 	slider_2: markerPos = 2.174074074074074
20.7137 	EXP 	slider_2: markerPos = 2.2444444444444445
20.7211 	EXP 	slider_2: markerPos = 2.2925925925925927
20.7317 	EXP 	slider_2: markerPos = 2.311111111111111
20.7399 	EXP 	slider_2: markerPos = 2.362962962962963
20.7493 	EXP 	slider_2: markerPos = 2.3740740740740742
20.7581 	EXP 	slider_2: markerPos = 2.388888888888889
20.7672 	EXP 	slider_2: markerPos = 2.425925925925926
20.7761 	EXP 	slider_2: markerPos = 2.448148148148148
20.7858 	EXP 	slider_2: markerPos = 2.5074074074074075
20.7946 	EXP 	slider_2: markerPos = 2.611111111111111
20.8036 	EXP 	slider_2: markerPos = 2.677777777777778
20.8158 	EXP 	slider_2: markerPos = 2.7074074074074073
20.8244 	EXP 	slider_2: markerPos = 2.7703703703703706
20.8360 	EXP 	slider_2: markerPos = 2.7888888888888888
20.8450 	EXP 	slider_2: markerPos = 2.8740740740740742
20.8521 	EXP 	slider_2: markerPos = 2.888888888888889
20.8630 	EXP 	slider_2: markerPos = 2.9222222222222225
20.8714 	EXP 	slider_2: markerPos = 2.937037037037037
20.8814 	EXP 	slider_2: markerPos = 2.9703703703703703
20.8904 	EXP 	slider_2: markerPos = 2.985185185185185
20.9018 	EXP 	slider_2: markerPos = 3.025925925925926
20.9110 	EXP 	slider_2: markerPos = 3.096296296296296
20.9198 	EXP 	slider_2: markerPos = 3.1148148148148147
20.9287 	EXP 	slider_2: markerPos = 3.1592592592592594
20.9362 	EXP 	slider_2: markerPos = 3.1777777777777776
20.9463 	EXP 	slider_2: markerPos = 3.2037037037037037
20.9551 	EXP 	slider_2: markerPos = 3.2111111111111112
20.9636 	EXP 	slider_2: markerPos = 3.214814814814815
20.9708 	EXP 	slider_2: markerPos = 3.214814814814815
20.9806 	EXP 	slider_2: markerPos = 3.214814814814815
20.9893 	EXP 	slider_2: markerPos = 3.2185185185185183
20.9981 	EXP 	slider_2: markerPos = 3.2222222222222223
21.0058 	EXP 	slider_2: markerPos = 3.2222222222222223
21.0164 	EXP 	slider_2: markerPos = 3.2333333333333334
21.0252 	EXP 	slider_2: markerPos = 3.240740740740741
21.0358 	EXP 	slider_2: markerPos = 3.248148148148148
21.0441 	EXP 	slider_2: markerPos = 3.2666666666666666
21.0522 	EXP 	slider_2: markerPos = 3.2777777777777777
21.0603 	EXP 	slider_2: markerPos = 3.2925925925925927
21.0676 	EXP 	slider_2: markerPos = 3.2962962962962963
21.0778 	EXP 	slider_2: markerPos = 3.311111111111111
21.0868 	EXP 	slider_2: markerPos = 3.3222222222222224
21.0960 	EXP 	slider_2: markerPos = 3.3296296296296295
21.1055 	EXP 	slider_2: markerPos = 3.337037037037037
21.1145 	EXP 	slider_2: markerPos = 3.351851851851852
21.1233 	EXP 	slider_2: markerPos = 3.362962962962963
21.1321 	EXP 	slider_2: markerPos = 3.3814814814814813
21.1419 	EXP 	slider_2: markerPos = 3.4555555555555557
21.1504 	EXP 	slider_2: markerPos = 3.4925925925925925
21.1577 	EXP 	slider_2: markerPos = 3.537037037037037
21.1682 	EXP 	slider_2: markerPos = 3.585185185185185
21.1772 	EXP 	slider_2: markerPos = 3.6259259259259258
21.1866 	EXP 	slider_2: markerPos = 3.662962962962963
21.1954 	EXP 	slider_2: markerPos = 3.6925925925925926
21.2043 	EXP 	slider_2: markerPos = 3.7074074074074073
21.2136 	EXP 	slider_2: markerPos = 3.7333333333333334
21.2209 	EXP 	slider_2: markerPos = 3.7888888888888888
21.2313 	EXP 	slider_2: markerPos = 3.825925925925926
21.2405 	EXP 	slider_2: markerPos = 3.840740740740741
21.2477 	EXP 	slider_2: markerPos = 3.8851851851851853
21.2586 	EXP 	slider_2: markerPos = 3.9407407407407407
21.2675 	EXP 	slider_2: markerPos = 3.966666666666667
21.2772 	EXP 	slider_2: markerPos = 4.018518518518519
21.2868 	EXP 	slider_2: markerPos = 4.088888888888889
21.2960 	EXP 	slider_2: markerPos = 4.122222222222222
21.3035 	EXP 	slider_2: markerPos = 4.151851851851852
21.3146 	EXP 	slider_2: markerPos = 4.177777777777778
21.3232 	EXP 	slider_2: markerPos = 4.207407407407407
21.3318 	EXP 	slider_2: markerPos = 4.2444444444444445
21.3431 	EXP 	slider_2: markerPos = 4.288888888888889
21.3518 	EXP 	slider_2: markerPos = 4.337037037037037
21.3590 	EXP 	slider_2: markerPos = 4.37037037037037
21.3695 	EXP 	slider_2: markerPos = 4.396296296296296
21.3796 	EXP 	slider_2: markerPos = 4.4
21.3879 	EXP 	slider_2: markerPos = 4.4148148148148145
21.3989 	EXP 	slider_2: markerPos = 4.4185185185185185
21.4070 	EXP 	slider_2: markerPos = 4.4185185185185185
21.4142 	EXP 	slider_2: markerPos = 4.4185185185185185
21.4249 	EXP 	slider_2: markerPos = 4.4185185185185185
21.4335 	EXP 	slider_2: markerPos = 4.4185185185185185
21.4416 	EXP 	slider_2: markerPos = 4.4185185185185185
21.4490 	EXP 	slider_2: markerPos = 4.4185185185185185
21.4598 	EXP 	slider_2: markerPos = 4.4185185185185185
21.4691 	EXP 	slider_2: markerPos = 4.4185185185185185
21.4778 	EXP 	slider_2: markerPos = 4.4185185185185185
21.4850 	EXP 	slider_2: markerPos = 4.4185185185185185
21.4949 	EXP 	slider_2: markerPos = 4.4185185185185185
21.5033 	EXP 	slider_2: markerPos = 4.4185185185185185
21.5114 	EXP 	slider_2: markerPos = 4.4185185185185185
21.5190 	EXP 	slider_2: markerPos = 4.4185185185185185
21.5332 	EXP 	slider_2: markerPos = 4.4185185185185185
21.5433 	EXP 	slider_2: markerPos = 4.4185185185185185
21.5529 	EXP 	slider_2: markerPos = 4.433333333333334
21.5657 	EXP 	slider_2: markerPos = 4.462962962962963
21.5742 	EXP 	slider_2: markerPos = 4.518518518518519
21.5813 	EXP 	slider_2: markerPos = 4.566666666666666
21.5917 	EXP 	slider_2: markerPos = 4.622222222222222
21.6007 	EXP 	slider_2: markerPos = 4.7518518518518515
21.6093 	EXP 	slider_2: markerPos = 4.807407407407407
21.6170 	EXP 	slider_2: markerPos = 4.855555555555556
21.6272 	EXP 	slider_2: markerPos = 4.881481481481481
21.6358 	EXP 	slider_2: markerPos = 4.892592592592592
21.6430 	EXP 	slider_2: markerPos = 4.896296296296296
21.6515 	EXP 	slider_2: markerPos = 4.896296296296296
21.6614 	EXP 	slider_2: markerPos = 4.896296296296296
21.6699 	EXP 	slider_2: markerPos = 4.896296296296296
21.6791 	EXP 	slider_2: markerPos = 4.896296296296296
21.6876 	EXP 	slider_2: markerPos = 4.896296296296296
21.6964 	EXP 	slider_2: markerPos = 4.896296296296296
21.7053 	EXP 	slider_2: markerPos = 4.896296296296296
21.7123 	EXP 	slider_2: markerPos = 4.896296296296296
21.7233 	EXP 	slider_2: markerPos = 4.896296296296296
21.7317 	EXP 	slider_2: markerPos = 4.896296296296296
21.7405 	EXP 	slider_2: markerPos = 4.896296296296296
21.7524 	EXP 	slider_2: markerPos = 4.896296296296296
21.7602 	EXP 	slider_2: markerPos = 4.896296296296296
21.7686 	EXP 	slider_2: markerPos = 4.896296296296296
21.7758 	EXP 	slider_2: markerPos = 4.896296296296296
21.7862 	EXP 	slider_2: markerPos = 4.896296296296296
21.7946 	EXP 	slider_2: markerPos = 4.896296296296296
21.8034 	EXP 	slider_2: markerPos = 4.896296296296296
21.8106 	EXP 	slider_2: markerPos = 4.896296296296296
21.8213 	EXP 	slider_2: markerPos = 4.896296296296296
21.8296 	EXP 	slider_2: markerPos = 4.896296296296296
21.8385 	EXP 	slider_2: markerPos = 4.896296296296296
21.8486 	EXP 	slider_2: markerPos = 4.896296296296296
21.8585 	EXP 	slider_2: markerPos = 4.892592592592592
21.8654 	EXP 	slider_2: markerPos = 4.888888888888889
21.8765 	EXP 	slider_2: markerPos = 4.888888888888889
21.8851 	EXP 	slider_2: markerPos = 4.888888888888889
21.8943 	EXP 	slider_2: markerPos = 4.888888888888889
21.9042 	EXP 	slider_2: markerPos = 4.888888888888889
21.9143 	EXP 	slider_2: markerPos = 4.888888888888889
21.9263 	EXP 	slider_2: markerPos = 4.888888888888889
21.9345 	EXP 	slider_2: markerPos = 4.888888888888889
21.9474 	EXP 	slider_2: markerPos = 4.888888888888889
21.9556 	EXP 	slider_2: markerPos = 4.888888888888889
21.9625 	EXP 	slider_2: markerPos = 4.888888888888889
21.9730 	EXP 	slider_2: markerPos = 4.888888888888889
21.9824 	EXP 	slider_2: markerPos = 4.888888888888889
21.9907 	EXP 	slider_2: markerPos = 4.888888888888889
21.9970 	DATA 	Mouse:  Left button up, pos=(1470,521)
21.9985 	EXP 	slider_2: markerPos = 4.888888888888889
22.0082 	EXP 	slider_2: markerPos = 4.888888888888889
23.1236 	DATA 	Keypress: escape
23.7620 	EXP 	window1: mouseVisible = True
23.7621 	DEBUG 	Saving data for FaceAttractiveness ExperimentHandler
23.7635 	INFO 	saved data to C:\Users\annak\Documents\GitHub\faceattractiveness_lesion\data/_FaceAttractiveness_2023-04-05_20h04.02.589.psydat
23.7644 	INFO 	saved data to 'C:\\Users\\annak\\Documents\\GitHub\\faceattractiveness_lesion\\data/_FaceAttractiveness_2023-04-05_20h04.02.589.csv'
