4.1306 	INFO 	Loaded monitor calibration from ['2021_12_01 18:33']
4.1387 	WARNING 	User requested fullscreen with size [1536  864], but screen is actually [1920, 1080]. Using actual size
5.5889 	EXP 	Created window1 = Window(allowGUI=True, allowStencil=False, autoLog=True, backendConf=UNKNOWN, bitsMode=UNKNOWN, blendMode='avg', bpc=(8, 8, 8), color=array([0.09803922, 0.09803922, 0.09803922]), colorSpace='rgb', depthBits=8, fullscr=<method-wrapper '__getattribute__' of attributeSetter object at 0x000001C6DD454E50>, gamma=None, gammaErrorPolicy='raise', lms=UNKNOWN, monitor=<psychopy.monitors.calibTools.Monitor object at 0x000001C6DF7082B0>, multiSample=False, name='window1', numSamples=2, pos=(0, 0), screen=0, size=array([1920, 1080]), stencilBits=0, stereo=False, units='height', useFBO=True, useRetina=False, viewOri=0.0, viewPos=None, viewScale=None, waitBlanking=True, winType='pyglet')
5.5890 	EXP 	window1: mouseVisible = True
5.5891 	EXP 	window1: mouseVisible = False
5.5892 	EXP 	window1: Attempting to measure frame rate of screen (0) ...
5.5892 	EXP 	window1: recordFrameIntervals = False
5.6579 	EXP 	window1: recordFrameIntervals = True
5.6854 	WARNING 	t of last frame was 13.06ms (=1/76)
5.7550 	EXP 	Screen (0) actual frame rate measured at 144.04Hz
5.7551 	EXP 	window1: recordFrameIntervals = False
7.4691 	INFO 	keyboard.Keyboard is using iohub backend.
7.4838 	EXP 	Created face_image = ImageStim(__class__=<class 'psychopy.visual.image.ImageStim'>, anchor=('center', 'center'), autoLog=True, color=array([1, 1, 1]), colorSpace='rgb', contrast=1.0, depth=-1.0, flipHoriz=True, flipVert=False, image='sin', interpolate=False, mask=None, maskParams=None, name='face_image', opacity=1.0, ori=0.0, pos=array([  0., 280.]), size=array([960., 540.]), texRes=512, units='pix', win=Window(...))
7.4879 	EXP 	window1: mouseVisible = True
7.7580 	WARNING 	Font b'HelveticaBold' was requested. No similar font found.
7.7723 	DEBUG 	TextBox2 loaded 1 chars with 0 blanks and 1 valid
7.7741 	DEBUG 	TextBox2 loaded 1 chars with 0 blanks and 1 valid
7.7750 	DEBUG 	TextBox2 loaded 1 chars with 0 blanks and 1 valid
7.7759 	DEBUG 	TextBox2 loaded 1 chars with 0 blanks and 1 valid
7.7774 	DEBUG 	TextBox2 loaded 1 chars with 0 blanks and 1 valid
7.7787 	DEBUG 	TextBox2 loaded 1 chars with 0 blanks and 1 valid
7.7799 	DEBUG 	TextBox2 loaded 1 chars with 0 blanks and 1 valid
7.7810 	DEBUG 	TextBox2 loaded 1 chars with 0 blanks and 1 valid
7.7812 	DEBUG 	Uploading Texture Font fontname to graphics card
7.7871 	DEBUG 	Upload of Texture Font fontname complete
8.0039 	WARNING 	Font b'HelveticaBold' was requested. No similar font found.
8.0177 	DEBUG 	TextBox2 loaded 1 chars with 0 blanks and 1 valid
8.0193 	DEBUG 	TextBox2 loaded 1 chars with 0 blanks and 1 valid
8.0205 	DEBUG 	TextBox2 loaded 1 chars with 0 blanks and 1 valid
8.0222 	DEBUG 	TextBox2 loaded 1 chars with 0 blanks and 1 valid
8.0234 	DEBUG 	TextBox2 loaded 1 chars with 0 blanks and 1 valid
8.0248 	DEBUG 	TextBox2 loaded 1 chars with 0 blanks and 1 valid
8.0260 	DEBUG 	TextBox2 loaded 1 chars with 0 blanks and 1 valid
8.0262 	DEBUG 	Uploading Texture Font fontname to graphics card
8.0332 	DEBUG 	Upload of Texture Font fontname complete
8.0426 	EXP 	Created slider_treatment_surgery = Slider(__class__=<class 'psychopy.visual.slider.Slider'>, autoDraw=False, autoLog=True, borderColor=None, color=None, colorSpace='rgb', depth=-2, fillColor=None, flip=False, font='HelveticaBold', granularity=0, labelColor=None, labelHeight=0.03, labelWrapWidth=None, labels=('0% Never', '100% Always'), lineColor=None, markerColor=None, name='slider_treatment_surgery', opacity=None, ori=0, pos=array([0., 0.]), readOnly=False, self=UNKNOWN, size=array([1.  , 0.02]), startValue=None, style=['rating'], styleTweaks=['labels45', 'triangleMarker'], ticks=array([  0,  25,  50,  75, 100]), units='height', win=Window(...))
8.0528 	EXP 	Created NextBu = ImageStim(__class__=<class 'psychopy.visual.image.ImageStim'>, anchor=('center', 'center'), autoLog=True, color=array([1, 1, 1]), colorSpace='rgb', contrast=1.0, depth=-3.0, flipHoriz=False, flipVert=False, image='Picture1-eng.png', interpolate=False, mask=None, maskParams=None, name='NextBu', opacity=1.0, ori=0.0, pos=array([0., 0.]), size=array([0.2, 0.1]), texRes=512, units='height', win=Window(...))
8.0529 	EXP 	window1: mouseVisible = True
8.0542 	EXP 	window1: mouseVisible = True
8.3722 	WARNING 	Font b'HelveticaBold' was requested. No similar font found.
8.5775 	WARNING 	Font b'HelveticaBold' was requested. No similar font found.
8.5991 	EXP 	Created slider_treatment_radiation = Slider(__class__=<class 'psychopy.visual.slider.Slider'>, autoDraw=False, autoLog=True, borderColor=None, color=None, colorSpace='rgb', depth=-5, fillColor=None, flip=False, font='HelveticaBold', granularity=0, labelColor=None, labelHeight=0.03, labelWrapWidth=None, labels=('0% Never', '100% Always'), lineColor=None, markerColor=None, name='slider_treatment_radiation', opacity=None, ori=0, pos=array([ 0. , -0.5]), readOnly=False, self=UNKNOWN, size=array([1.   , 0.025]), startValue=None, style=['rating'], styleTweaks=['triangleMarker'], ticks=array([  0,  25,  50,  75, 100]), units='height', win=Window(...))
8.6511 	EXP 	Created text_treatment_surgery = TextStim(__class__=<class 'psychopy.visual.text.TextStim'>, alignHoriz=method-wrapper(...), alignText='center', alignVert=method-wrapper(...), anchorHoriz='center', anchorVert='center', antialias=True, autoDraw=False, autoLog=True, bold=False, color=array([-1, -1, -1]), colorSpace='rgb', contrast=1.0, depth=-6.0, flipHoriz=False, flipVert=False, font='Open Sans', fontFiles=[], height=0.03, italic=False, languageStyle='LTR', name='text_treatment_surgery', opacity=1.0, ori=0.0, pos=array([0.  , 0.05]), rgb=UNKNOWN, text='How likely are you to recommend surgery? ', units='height', win=Window(...), wrapWidth=1)
8.6533 	EXP 	Created text_treatment_radiation = TextStim(__class__=<class 'psychopy.visual.text.TextStim'>, alignHoriz=method-wrapper(...), alignText='center', alignVert=method-wrapper(...), anchorHoriz='center', anchorVert='center', antialias=True, autoDraw=False, autoLog=True, bold=False, color=array([-1, -1, -1]), colorSpace='rgb', contrast=1.0, depth=-7.0, flipHoriz=False, flipVert=False, font='Open Sans', fontFiles=[], height=0.03, italic=False, languageStyle='LTR', name='text_treatment_radiation', opacity=1.0, ori=0.0, pos=array([ 0. , -0.2]), rgb=UNKNOWN, text='How likely are you to recommend radiation? ', units='height', win=Window(...), wrapWidth=1)
8.6852 	EXP 	Created EndText = TextStim(__class__=<class 'psychopy.visual.text.TextStim'>, alignHoriz=method-wrapper(...), alignText='center', alignVert=method-wrapper(...), anchorHoriz='center', anchorVert='center', antialias=True, autoDraw=False, autoLog=True, bold=False, color=array([-1, -1, -1]), colorSpace='rgb', contrast=1.0, depth=0.0, flipHoriz=False, flipVert=False, font='Arial', fontFiles=[], height=0.05, italic=False, languageStyle='LTR', name='EndText', opacity=1.0, ori=0, pos=array([0., 0.]), rgb=UNKNOWN, text=str(...), units='height', win=Window(...), wrapWidth=1)
8.6898 	DEBUG 	Read excel file with openpyxl: Rating_BlockOrder.xlsx
8.6899 	EXP 	Imported Rating_BlockOrder.xlsx as conditions, 1 conditions, 3 params
8.6902 	EXP 	Created sequence: fullRandom, trialTypes=1, nReps=1, seed=None
8.6904 	EXP 	New trial (rep=0, index=0): {'Task': 'treatment', 'LeftLabel': '0% Never', 'RightLabel': '100% Always'}
8.6909 	EXP 	Created sequence: sequential, trialTypes=1, nReps=95, seed=None
8.6912 	EXP 	New trial (rep=0, index=0): None
8.6993 	EXP 	slider_treatment_surgery: autoLog = True
8.6993 	EXP 	slider_treatment_surgery: markerPos = None
8.6993 	EXP 	slider_treatment_surgery: styleTweaks = []
8.6993 	EXP 	slider_treatment_surgery: styleTweaks = []
8.6993 	EXP 	slider_treatment_surgery: styleTweaks = ['labels45', 'triangleMarker']
8.6993 	EXP 	slider_treatment_surgery: styleTweaks = ['labels45', 'triangleMarker']
8.6993 	EXP 	slider_treatment_surgery: contrast = 1.0
8.6993 	EXP 	slider_treatment_surgery: autoLog = True
8.6993 	EXP 	slider_treatment_radiation: autoLog = True
8.6993 	EXP 	slider_treatment_radiation: markerPos = None
8.6993 	EXP 	slider_treatment_radiation: styleTweaks = []
8.6993 	EXP 	slider_treatment_radiation: styleTweaks = []
8.6993 	EXP 	slider_treatment_radiation: styleTweaks = ['triangleMarker']
8.6993 	EXP 	slider_treatment_radiation: styleTweaks = ['triangleMarker']
8.6993 	EXP 	slider_treatment_radiation: contrast = 1.0
8.6993 	EXP 	slider_treatment_radiation: autoLog = True
8.6993 	EXP 	face_image: image = 'images/FOREHEAD_006_M_F_N_A.png'
8.6993 	EXP 	slider_treatment_surgery: markerPos = None
8.6993 	EXP 	slider_treatment_surgery: markerPos = None
8.6993 	EXP 	slider_treatment_radiation: markerPos = None
8.6993 	EXP 	slider_treatment_radiation: markerPos = None
8.6993 	EXP 	face_image: autoDraw = True
9.0254 	EXP 	slider_treatment_surgery: autoDraw = True
9.0254 	EXP 	NextBu: autoDraw = True
9.0254 	EXP 	slider_treatment_radiation: autoDraw = True
9.0254 	EXP 	text_treatment_surgery: autoDraw = True
9.0254 	EXP 	text_treatment_radiation: autoDraw = True
17.6729 	DATA 	Keypress: escape
17.9697 	EXP 	window1: mouseVisible = True
17.9698 	DEBUG 	Saving data for FaceAttractiveness ExperimentHandler
17.9711 	INFO 	saved data to C:\Users\annak\Documents\GitHub\faceattractiveness_lesion\data/_FaceAttractiveness_2023-04-05_23h25.13.757.psydat
17.9722 	INFO 	saved data to 'C:\\Users\\annak\\Documents\\GitHub\\faceattractiveness_lesion\\data/_FaceAttractiveness_2023-04-05_23h25.13.757.csv'
