4.0969 	INFO 	Loaded monitor calibration from ['2021_12_01 18:33']
4.1028 	WARNING 	User requested fullscreen with size [1536  864], but screen is actually [1920, 1080]. Using actual size
5.4762 	EXP 	Created window1 = Window(allowGUI=True, allowStencil=False, autoLog=True, backendConf=UNKNOWN, bitsMode=UNKNOWN, blendMode='avg', bpc=(8, 8, 8), color=array([0.09803922, 0.09803922, 0.09803922]), colorSpace='rgb', depthBits=8, fullscr=<method-wrapper '__getattribute__' of attributeSetter object at 0x0000023B5B842D30>, gamma=None, gammaErrorPolicy='raise', lms=UNKNOWN, monitor=<psychopy.monitors.calibTools.Monitor object at 0x0000023B5D827220>, multiSample=False, name='window1', numSamples=2, pos=(0, 0), screen=0, size=array([1920, 1080]), stencilBits=0, stereo=False, units='height', useFBO=True, useRetina=False, viewOri=0.0, viewPos=None, viewScale=None, waitBlanking=True, winType='pyglet')
5.4763 	EXP 	window1: mouseVisible = True
5.4764 	EXP 	window1: mouseVisible = False
5.4764 	EXP 	window1: Attempting to measure frame rate of screen (0) ...
5.4764 	EXP 	window1: recordFrameIntervals = False
5.5455 	EXP 	window1: recordFrameIntervals = True
5.6215 	EXP 	Screen (0) actual frame rate measured at 144.38Hz
5.6215 	EXP 	window1: recordFrameIntervals = False
7.3324 	INFO 	keyboard.Keyboard is using iohub backend.
7.3450 	EXP 	Created instrBlock = TextStim(__class__=<class 'psychopy.visual.text.TextStim'>, alignHoriz=method-wrapper(...), alignText='center', alignVert=method-wrapper(...), anchorHoriz='center', anchorVert='center', antialias=True, autoDraw=False, autoLog=True, bold=False, color=array([1, 1, 1]), colorSpace='rgb', contrast=1.0, depth=-1.0, flipHoriz=False, flipVert=False, font='Open Sans', fontFiles=[], height=0.05, italic=False, languageStyle='LTR', name='instrBlock', opacity=1.0, ori=0.0, pos=array([0., 0.]), rgb=UNKNOWN, text='', units='height', win=Window(...), wrapWidth=1)
7.3454 	EXP 	window1: mouseVisible = True
7.4134 	EXP 	Created EndText = TextStim(__class__=<class 'psychopy.visual.text.TextStim'>, alignHoriz=method-wrapper(...), alignText='center', alignVert=method-wrapper(...), anchorHoriz='center', anchorVert='center', antialias=True, autoDraw=False, autoLog=True, bold=False, color=array([-1, -1, -1]), colorSpace='rgb', contrast=1.0, depth=0.0, flipHoriz=False, flipVert=False, font='Arial', fontFiles=[], height=0.05, italic=False, languageStyle='LTR', name='EndText', opacity=1.0, ori=0, pos=array([0., 0.]), rgb=UNKNOWN, text=str(...), units='height', win=Window(...), wrapWidth=1)
7.4175 	DEBUG 	Read excel file with openpyxl: Rating_BlockOrder.xlsx
7.4176 	EXP 	Imported Rating_BlockOrder.xlsx as conditions, 1 conditions, 3 params
7.4179 	EXP 	Created sequence: fullRandom, trialTypes=1, nReps=1, seed=None
7.4182 	EXP 	New trial (rep=0, index=0): {'Task': 'Attractiveness', 'LeftLabel': 'Extremely  Attractive', 'RightLabel': 'Extremely Unattractive'}
7.4455 	EXP 	instrBlock: height = 0.05
7.4455 	EXP 	instrBlock: height = 0.05
7.4455 	EXP 	instrBlock: height = 0.05
7.4455 	EXP 	instrBlock: text = '欢迎参加实验！\n\n你会看到一些面孔图片。你需要对面孔的Attractiveness进行评价。\n\n你需要在标尺上点击相应的位置进行评价。\n\n点击鼠标开始。'
7.4455 	EXP 	instrBlock: autoDraw = True
9.8031 	DATA 	Mouse: Left button down, pos=(783,474)
9.8043 	EXP 	Created sequence: sequential, trialTypes=1, nReps=95, seed=None
9.8046 	EXP 	New trial (rep=0, index=0): None
9.8248 	EXP 	window1: mouseVisible = True
9.8261 	DEBUG 	Saving data for FaceAttractiveness ExperimentHandler
9.8282 	INFO 	saved data to C:\Users\annak\Documents\GitHub\faceattractiveness_lesion\data/_FaceAttractiveness_2023-04-05_21h05.05.584.psydat
9.8293 	INFO 	saved data to 'C:\\Users\\annak\\Documents\\GitHub\\faceattractiveness_lesion\\data/_FaceAttractiveness_2023-04-05_21h05.05.584.csv'
