5.7860 	INFO 	Loaded monitor calibration from ['2021_12_01 18:33']
5.7917 	WARNING 	User requested fullscreen with size [1536  864], but screen is actually [1920, 1080]. Using actual size
7.9957 	DATA 	Mouse: wheel shift=(0,1), pos=(0,0)
8.1323 	EXP 	Created window1 = Window(allowGUI=True, allowStencil=False, autoLog=True, backendConf=UNKNOWN, bitsMode=UNKNOWN, blendMode='avg', bpc=(8, 8, 8), color=array([0.09803922, 0.09803922, 0.09803922]), colorSpace='rgb', depthBits=8, fullscr=<method-wrapper '__getattribute__' of attributeSetter object at 0x0000020A6CE15D00>, gamma=None, gammaErrorPolicy='raise', lms=UNKNOWN, monitor=<psychopy.monitors.calibTools.Monitor object at 0x0000020A70986190>, multiSample=False, name='window1', numSamples=2, pos=(0, 0), screen=0, size=array([1920, 1080]), stencilBits=0, stereo=False, units='height', useFBO=True, useRetina=False, viewOri=0.0, viewPos=None, viewScale=None, waitBlanking=True, winType='pyglet')
8.1324 	EXP 	window1: mouseVisible = True
8.1324 	EXP 	window1: mouseVisible = False
8.1324 	EXP 	window1: Attempting to measure frame rate of screen (0) ...
8.1324 	EXP 	window1: recordFrameIntervals = False
8.2013 	EXP 	window1: recordFrameIntervals = True
8.2779 	EXP 	Screen (0) actual frame rate measured at 143.96Hz
8.2779 	EXP 	window1: recordFrameIntervals = False
9.8824 	INFO 	keyboard.Keyboard is using iohub backend.
9.9562 	EXP 	Created ques_instr = TextStim(__class__=<class 'psychopy.visual.text.TextStim'>, alignHoriz=method-wrapper(...), alignText='center', alignVert=method-wrapper(...), anchorHoriz='center', anchorVert='center', antialias=True, autoDraw=False, autoLog=True, bold=False, color=array([1, 1, 1]), colorSpace='rgb', contrast=1.0, depth=0.0, flipHoriz=False, flipVert=False, font='Arial', fontFiles=[], height=0.04, italic=False, languageStyle='LTR', name='ques_instr', opacity=1.0, ori=0.0, pos=array([0., 0.]), rgb=UNKNOWN, text=str(...), units='height', win=Window(...), wrapWidth=1)
9.9564 	EXP 	window1: mouseVisible = True
9.9599 	EXP 	window1: mouseVisible = True
9.9683 	EXP 	Created slider_2 = Slider(__class__=<class 'psychopy.visual.slider.Slider'>, autoDraw=False, autoLog=True, borderColor=None, color=None, colorSpace='rgb', depth=0, fillColor=None, flip=False, font='Open Sans', granularity=0.0, labelColor=None, labelHeight=0.05, labelWrapWidth=None, labels=None, lineColor=None, markerColor=None, name='slider_2', opacity=None, ori=0.0, pos=array([ 0. , -0.4]), readOnly=False, self=UNKNOWN, size=array([1. , 0.1]), startValue=3, style='rating', styleTweaks=['triangleMarker'], ticks=array([1, 2, 3, 4, 5]), units='height', win=Window(...))
9.9988 	EXP 	Created EndText = TextStim(__class__=<class 'psychopy.visual.text.TextStim'>, alignHoriz=method-wrapper(...), alignText='center', alignVert=method-wrapper(...), anchorHoriz='center', anchorVert='center', antialias=True, autoDraw=False, autoLog=True, bold=False, color=array([-1, -1, -1]), colorSpace='rgb', contrast=1.0, depth=0.0, flipHoriz=False, flipVert=False, font='Arial', fontFiles=[], height=0.05, italic=False, languageStyle='LTR', name='EndText', opacity=1.0, ori=0, pos=array([0., 0.]), rgb=UNKNOWN, text=str(...), units='height', win=Window(...), wrapWidth=1)
10.0066 	EXP 	slider_2: autoLog = True
10.0066 	EXP 	slider_2: markerPos = 3
10.0066 	EXP 	slider_2: styleTweaks = []
10.0066 	EXP 	slider_2: styleTweaks = []
10.0066 	EXP 	slider_2: styleTweaks = ['triangleMarker']
10.0066 	EXP 	slider_2: styleTweaks = ['triangleMarker']
10.0066 	EXP 	slider_2: contrast = 1.0
10.0066 	EXP 	slider_2: autoLog = True
10.0066 	EXP 	ques_instr: autoDraw = True
10.9738 	DATA 	Mouse: Left button down, pos=(694,279)
11.6257 	EXP 	window1: mouseVisible = True
11.6287 	DEBUG 	Saving data for FaceAttractiveness ExperimentHandler
11.6296 	INFO 	saved data to C:\Users\annak\Documents\GitHub\faceattractiveness_lesion\data/_FaceAttractiveness_2023-04-05_14h21.23.750.psydat
11.6302 	INFO 	saved data to 'C:\\Users\\annak\\Documents\\GitHub\\faceattractiveness_lesion\\data/_FaceAttractiveness_2023-04-05_14h21.23.750.csv'
