10.0957 	INFO 	Loaded monitor calibration from ['2021_12_01 18:33']
10.1017 	WARNING 	User requested fullscreen with size [1536  864], but screen is actually [1920, 1080]. Using actual size
13.0263 	EXP 	Created window1 = Window(allowGUI=True, allowStencil=False, autoLog=True, backendConf=UNKNOWN, bitsMode=UNKNOWN, blendMode='avg', bpc=(8, 8, 8), color=array([0.09803922, 0.09803922, 0.09803922]), colorSpace='rgb', depthBits=8, fullscr=<method-wrapper '__getattribute__' of attributeSetter object at 0x0000022875D93D00>, gamma=None, gammaErrorPolicy='raise', lms=UNKNOWN, monitor=<psychopy.monitors.calibTools.Monitor object at 0x000002287B7171F0>, multiSample=False, name='window1', numSamples=2, pos=(0, 0), screen=0, size=array([1920, 1080]), stencilBits=0, stereo=False, units='height', useFBO=True, useRetina=False, viewOri=0.0, viewPos=None, viewScale=None, waitBlanking=True, winType='pyglet')
13.0264 	EXP 	window1: mouseVisible = True
13.0264 	EXP 	window1: mouseVisible = False
13.0264 	EXP 	window1: Attempting to measure frame rate of screen (0) ...
13.0265 	EXP 	window1: recordFrameIntervals = False
13.0954 	EXP 	window1: recordFrameIntervals = True
13.1720 	EXP 	Screen (0) actual frame rate measured at 144.19Hz
13.1720 	EXP 	window1: recordFrameIntervals = False
14.7799 	INFO 	keyboard.Keyboard is using iohub backend.
14.8508 	EXP 	Created ques_instr = TextStim(__class__=<class 'psychopy.visual.text.TextStim'>, alignHoriz=method-wrapper(...), alignText='center', alignVert=method-wrapper(...), anchorHoriz='center', anchorVert='center', antialias=True, autoDraw=False, autoLog=True, bold=False, color=array([1, 1, 1]), colorSpace='rgb', contrast=1.0, depth=0.0, flipHoriz=False, flipVert=False, font='Arial', fontFiles=[], height=0.04, italic=False, languageStyle='LTR', name='ques_instr', opacity=1.0, ori=0.0, pos=array([0., 0.]), rgb=UNKNOWN, text=str(...), units='height', win=Window(...), wrapWidth=1)
14.8510 	EXP 	window1: mouseVisible = True
14.8545 	EXP 	window1: mouseVisible = True
14.8719 	DEBUG 	TextBox2 loaded 1 chars with 0 blanks and 1 valid
14.8721 	DEBUG 	Uploading Texture Font fontname to graphics card
14.8779 	DEBUG 	Upload of Texture Font fontname complete
14.8941 	DEBUG 	TextBox2 loaded 1 chars with 0 blanks and 1 valid
14.8943 	DEBUG 	Uploading Texture Font fontname to graphics card
14.8994 	DEBUG 	Upload of Texture Font fontname complete
14.9158 	DEBUG 	TextBox2 loaded 1 chars with 0 blanks and 1 valid
14.9159 	DEBUG 	Uploading Texture Font fontname to graphics card
14.9207 	DEBUG 	Upload of Texture Font fontname complete
14.9391 	DEBUG 	TextBox2 loaded 1 chars with 0 blanks and 1 valid
14.9393 	DEBUG 	Uploading Texture Font fontname to graphics card
14.9438 	DEBUG 	Upload of Texture Font fontname complete
14.9604 	DEBUG 	TextBox2 loaded 1 chars with 0 blanks and 1 valid
14.9606 	DEBUG 	Uploading Texture Font fontname to graphics card
14.9655 	DEBUG 	Upload of Texture Font fontname complete
14.9747 	EXP 	Created slider_2 = Slider(__class__=<class 'psychopy.visual.slider.Slider'>, autoDraw=False, autoLog=True, borderColor=None, color=None, colorSpace='rgb', depth=0, fillColor=None, flip=False, font='Arial', granularity=0.0, labelColor=None, labelHeight=0.05, labelWrapWidth=None, labels=(1, 2, 3, 4, 5), lineColor=None, markerColor=None, name='slider_2', opacity=None, ori=0.0, pos=array([ 0., -1.]), readOnly=False, self=UNKNOWN, size=array([1. , 0.1]), startValue=3, style='scrollbar', styleTweaks=[], ticks=array([1, 2, 3, 4, 5]), units='height', win=Window(...))
15.0043 	EXP 	Created EndText = TextStim(__class__=<class 'psychopy.visual.text.TextStim'>, alignHoriz=method-wrapper(...), alignText='center', alignVert=method-wrapper(...), anchorHoriz='center', anchorVert='center', antialias=True, autoDraw=False, autoLog=True, bold=False, color=array([-1, -1, -1]), colorSpace='rgb', contrast=1.0, depth=0.0, flipHoriz=False, flipVert=False, font='Arial', fontFiles=[], height=0.05, italic=False, languageStyle='LTR', name='EndText', opacity=1.0, ori=0, pos=array([0., 0.]), rgb=UNKNOWN, text=str(...), units='height', win=Window(...), wrapWidth=1)
15.0123 	EXP 	slider_2: autoLog = True
15.0123 	EXP 	slider_2: markerPos = 3
15.0123 	EXP 	slider_2: styleTweaks = []
15.0123 	EXP 	slider_2: styleTweaks = []
15.0123 	EXP 	slider_2: styleTweaks = []
15.0123 	EXP 	slider_2: styleTweaks = []
15.0123 	EXP 	slider_2: contrast = 1.0
15.0123 	EXP 	slider_2: autoLog = True
15.0123 	EXP 	ques_instr: autoDraw = True
15.4295 	DATA 	Mouse: Left button down, pos=(389,339)
15.5266 	DATA 	Mouse:  Left button up, pos=(393,339)
17.5472 	DATA 	Mouse: Left button down, pos=(821,439)
17.5537 	EXP 	ques_instr: autoDraw = False
17.5537 	EXP 	slider_2: markerPos = None
17.5537 	EXP 	slider_2: markerPos = 3
17.6933 	DATA 	Mouse:  Left button up, pos=(821,439)
17.8715 	EXP 	slider_2: autoDraw = True
23.9426 	DATA 	Mouse: Left button down, pos=(821,439)
24.4541 	DATA 	Mouse:  Left button up, pos=(1168,387)
25.1959 	DATA 	Keypress: escape
27.0549 	EXP 	window1: mouseVisible = True
27.0550 	DEBUG 	Saving data for FaceAttractiveness ExperimentHandler
27.0559 	INFO 	saved data to C:\Users\annak\Documents\GitHub\faceattractiveness_lesion\data/_FaceAttractiveness_2023-04-05_15h23.04.860.psydat
27.0567 	INFO 	saved data to 'C:\\Users\\annak\\Documents\\GitHub\\faceattractiveness_lesion\\data/_FaceAttractiveness_2023-04-05_15h23.04.860.csv'
