4.4209 	INFO 	Loaded monitor calibration from ['2021_12_01 18:33']
4.4273 	WARNING 	User requested fullscreen with size [1536  864], but screen is actually [1920, 1080]. Using actual size
6.7660 	EXP 	Created window1 = Window(allowGUI=True, allowStencil=False, autoLog=True, backendConf=UNKNOWN, bitsMode=UNKNOWN, blendMode='avg', bpc=(8, 8, 8), color=array([0.09803922, 0.09803922, 0.09803922]), colorSpace='rgb', depthBits=8, fullscr=<method-wrapper '__getattribute__' of attributeSetter object at 0x000002316A2C2D60>, gamma=None, gammaErrorPolicy='raise', lms=UNKNOWN, monitor=<psychopy.monitors.calibTools.Monitor object at 0x000002316F9B41C0>, multiSample=False, name='window1', numSamples=2, pos=(0, 0), screen=0, size=array([1920, 1080]), stencilBits=0, stereo=False, units='height', useFBO=True, useRetina=False, viewOri=0.0, viewPos=None, viewScale=None, waitBlanking=True, winType='pyglet')
6.7661 	EXP 	window1: mouseVisible = True
6.7661 	EXP 	window1: mouseVisible = False
6.7661 	EXP 	window1: Attempting to measure frame rate of screen (0) ...
6.7662 	EXP 	window1: recordFrameIntervals = False
6.8350 	EXP 	window1: recordFrameIntervals = True
6.9116 	EXP 	Screen (0) actual frame rate measured at 143.71Hz
6.9117 	EXP 	window1: recordFrameIntervals = False
8.6147 	INFO 	keyboard.Keyboard is using iohub backend.
8.6867 	EXP 	Created ques_instr = TextStim(__class__=<class 'psychopy.visual.text.TextStim'>, alignHoriz=method-wrapper(...), alignText='center', alignVert=method-wrapper(...), anchorHoriz='center', anchorVert='center', antialias=True, autoDraw=False, autoLog=True, bold=False, color=array([1, 1, 1]), colorSpace='rgb', contrast=1.0, depth=0.0, flipHoriz=False, flipVert=False, font='Arial', fontFiles=[], height=0.04, italic=False, languageStyle='LTR', name='ques_instr', opacity=1.0, ori=0.0, pos=array([0., 0.]), rgb=UNKNOWN, text=str(...), units='height', win=Window(...), wrapWidth=1)
8.6868 	EXP 	window1: mouseVisible = True
8.6903 	EXP 	window1: mouseVisible = True
8.6993 	EXP 	Created slider_2 = Slider(__class__=<class 'psychopy.visual.slider.Slider'>, autoDraw=False, autoLog=True, borderColor=None, color=None, colorSpace='rgb', depth=0, fillColor=None, flip=False, font='Open Sans', granularity=0.0, labelColor=None, labelHeight=0.05, labelWrapWidth=None, labels=None, lineColor=None, markerColor=None, name='slider_2', opacity=None, ori=0.0, pos=array([ 0. , -0.4]), readOnly=False, self=UNKNOWN, size=array([1. , 0.1]), startValue=3, style='radio', styleTweaks=['triangleMarker'], ticks=array([1, 2, 3, 4, 5]), units='height', win=Window(...))
8.7299 	EXP 	Created EndText = TextStim(__class__=<class 'psychopy.visual.text.TextStim'>, alignHoriz=method-wrapper(...), alignText='center', alignVert=method-wrapper(...), anchorHoriz='center', anchorVert='center', antialias=True, autoDraw=False, autoLog=True, bold=False, color=array([-1, -1, -1]), colorSpace='rgb', contrast=1.0, depth=0.0, flipHoriz=False, flipVert=False, font='Arial', fontFiles=[], height=0.05, italic=False, languageStyle='LTR', name='EndText', opacity=1.0, ori=0, pos=array([0., 0.]), rgb=UNKNOWN, text=str(...), units='height', win=Window(...), wrapWidth=1)
8.7376 	EXP 	slider_2: autoLog = True
8.7376 	EXP 	slider_2: markerPos = 3
8.7376 	EXP 	slider_2: styleTweaks = []
8.7376 	EXP 	slider_2: styleTweaks = []
8.7376 	EXP 	slider_2: styleTweaks = ['triangleMarker']
8.7376 	EXP 	slider_2: styleTweaks = ['triangleMarker']
8.7376 	EXP 	slider_2: contrast = 1.0
8.7376 	EXP 	slider_2: autoLog = True
8.7376 	EXP 	ques_instr: autoDraw = True
10.9626 	DATA 	Mouse: Left button down, pos=(708,793)
10.9908 	EXP 	ques_instr: autoDraw = False
10.9908 	EXP 	slider_2: markerPos = None
10.9908 	EXP 	slider_2: markerPos = 3
10.9908 	EXP 	slider_2: autoDraw = True
11.0647 	DATA 	Mouse:  Left button up, pos=(708,793)
12.8699 	DATA 	Mouse: Left button down, pos=(975,104)
12.8765 	EXP 	slider_2: markerPos = 3.0555555555555554
12.8833 	EXP 	slider_2: markerPos = 3.0555555555555554
12.8902 	EXP 	slider_2: markerPos = 3.0555555555555554
12.8972 	EXP 	slider_2: markerPos = 3.0555555555555554
12.9041 	EXP 	slider_2: markerPos = 3.0555555555555554
12.9111 	EXP 	slider_2: markerPos = 3.0555555555555554
12.9179 	EXP 	slider_2: markerPos = 3.0555555555555554
12.9249 	EXP 	slider_2: markerPos = 3.0555555555555554
12.9318 	EXP 	slider_2: markerPos = 3.0555555555555554
12.9388 	EXP 	slider_2: markerPos = 3.0555555555555554
12.9458 	EXP 	slider_2: markerPos = 3.0555555555555554
12.9527 	EXP 	slider_2: markerPos = 3.0555555555555554
12.9596 	EXP 	slider_2: markerPos = 3.0555555555555554
12.9666 	EXP 	slider_2: markerPos = 3.0407407407407407
12.9735 	EXP 	slider_2: markerPos = 3.022222222222222
12.9804 	EXP 	slider_2: markerPos = 3.0
12.9874 	EXP 	slider_2: markerPos = 2.966666666666667
12.9943 	EXP 	slider_2: markerPos = 2.966666666666667
13.0013 	EXP 	slider_2: markerPos = 2.9111111111111114
13.0082 	EXP 	slider_2: markerPos = 2.862962962962963
13.0153 	EXP 	slider_2: markerPos = 2.7888888888888888
13.0222 	EXP 	slider_2: markerPos = 2.7333333333333334
13.0292 	EXP 	slider_2: markerPos = 2.6555555555555554
13.0360 	EXP 	slider_2: markerPos = 2.5296296296296297
13.0429 	EXP 	slider_2: markerPos = 2.5296296296296297
13.0499 	EXP 	slider_2: markerPos = 2.4703703703703703
13.0568 	EXP 	slider_2: markerPos = 2.414814814814815
13.0637 	EXP 	slider_2: markerPos = 2.362962962962963
13.0707 	EXP 	slider_2: markerPos = 2.322222222222222
13.0776 	EXP 	slider_2: markerPos = 2.2888888888888888
13.0846 	EXP 	slider_2: markerPos = 2.274074074074074
13.0916 	EXP 	slider_2: markerPos = 2.2592592592592595
13.0985 	EXP 	slider_2: markerPos = 2.2555555555555555
13.1055 	EXP 	slider_2: markerPos = 2.2555555555555555
13.1124 	EXP 	slider_2: markerPos = 2.248148148148148
13.1194 	EXP 	slider_2: markerPos = 2.2444444444444445
13.1263 	EXP 	slider_2: markerPos = 2.2407407407407405
13.1332 	EXP 	slider_2: markerPos = 2.2333333333333334
13.1401 	EXP 	slider_2: markerPos = 2.2333333333333334
13.1471 	EXP 	slider_2: markerPos = 2.2296296296296294
13.1542 	EXP 	slider_2: markerPos = 2.2296296296296294
13.1611 	EXP 	slider_2: markerPos = 2.225925925925926
13.1680 	EXP 	slider_2: markerPos = 2.225925925925926
13.1749 	EXP 	slider_2: markerPos = 2.2222222222222223
13.1818 	EXP 	slider_2: markerPos = 2.2185185185185183
13.1888 	EXP 	slider_2: markerPos = 2.2111111111111112
13.1958 	EXP 	slider_2: markerPos = 2.2037037037037037
13.2027 	EXP 	slider_2: markerPos = 2.196296296296296
13.2096 	EXP 	slider_2: markerPos = 2.196296296296296
13.2166 	EXP 	slider_2: markerPos = 2.1814814814814816
13.2236 	EXP 	slider_2: markerPos = 2.1703703703703705
13.2305 	EXP 	slider_2: markerPos = 2.162962962962963
13.2377 	EXP 	slider_2: markerPos = 2.1444444444444444
13.2445 	EXP 	slider_2: markerPos = 2.1296296296296298
13.2515 	EXP 	slider_2: markerPos = 2.1296296296296298
13.2584 	EXP 	slider_2: markerPos = 2.1148148148148147
13.2653 	EXP 	slider_2: markerPos = 2.111111111111111
13.2721 	EXP 	slider_2: markerPos = 2.0925925925925926
13.2792 	EXP 	slider_2: markerPos = 2.0666666666666664
13.2862 	EXP 	slider_2: markerPos = 2.0592592592592593
13.2931 	EXP 	slider_2: markerPos = 2.0481481481481483
13.3001 	EXP 	slider_2: markerPos = 2.025925925925926
13.3069 	EXP 	slider_2: markerPos = 2.025925925925926
13.3140 	EXP 	slider_2: markerPos = 2.022222222222222
13.3208 	EXP 	slider_2: markerPos = 2.011111111111111
13.3278 	EXP 	slider_2: markerPos = 2.0074074074074075
13.3347 	EXP 	slider_2: markerPos = 2.0037037037037035
13.3417 	EXP 	slider_2: markerPos = 2.0
13.3489 	EXP 	slider_2: markerPos = 1.9925925925925927
13.3556 	EXP 	slider_2: markerPos = 1.9925925925925927
13.3626 	EXP 	slider_2: markerPos = 1.988888888888889
13.3695 	EXP 	slider_2: markerPos = 1.974074074074074
13.3764 	EXP 	slider_2: markerPos = 1.962962962962963
13.3836 	EXP 	slider_2: markerPos = 1.9370370370370371
13.3904 	EXP 	slider_2: markerPos = 1.9222222222222223
13.3973 	EXP 	slider_2: markerPos = 1.9037037037037037
13.4043 	EXP 	slider_2: markerPos = 1.8925925925925926
13.4110 	EXP 	slider_2: markerPos = 1.8925925925925926
13.4182 	EXP 	slider_2: markerPos = 1.8888888888888888
13.4250 	EXP 	slider_2: markerPos = 1.885185185185185
13.4319 	EXP 	slider_2: markerPos = 1.8814814814814815
13.4388 	EXP 	slider_2: markerPos = 1.8814814814814815
13.4459 	EXP 	slider_2: markerPos = 1.8814814814814815
13.4528 	EXP 	slider_2: markerPos = 1.8814814814814815
13.4597 	EXP 	slider_2: markerPos = 1.8814814814814815
13.4667 	EXP 	slider_2: markerPos = 1.8777777777777778
13.4736 	EXP 	slider_2: markerPos = 1.874074074074074
13.4807 	EXP 	slider_2: markerPos = 1.8703703703703705
13.4876 	EXP 	slider_2: markerPos = 1.8592592592592592
13.4944 	EXP 	slider_2: markerPos = 1.8518518518518519
13.5016 	EXP 	slider_2: markerPos = 1.8518518518518519
13.5084 	EXP 	slider_2: markerPos = 1.8333333333333333
13.5154 	EXP 	slider_2: markerPos = 1.8333333333333333
13.5222 	EXP 	slider_2: markerPos = 1.8296296296296297
13.5293 	EXP 	slider_2: markerPos = 1.8296296296296297
13.5362 	EXP 	slider_2: markerPos = 1.825925925925926
13.5431 	EXP 	slider_2: markerPos = 1.825925925925926
13.5501 	EXP 	slider_2: markerPos = 1.825925925925926
13.5570 	EXP 	slider_2: markerPos = 1.825925925925926
13.5638 	EXP 	slider_2: markerPos = 1.825925925925926
13.5710 	EXP 	slider_2: markerPos = 1.825925925925926
13.5778 	EXP 	slider_2: markerPos = 1.825925925925926
13.5848 	EXP 	slider_2: markerPos = 1.825925925925926
13.5917 	EXP 	slider_2: markerPos = 1.825925925925926
13.5924 	DATA 	Mouse:  Left button up, pos=(643,94)
13.5987 	EXP 	slider_2: markerPos = 1.825925925925926
13.6033 	DEBUG 	Read excel file with openpyxl: Rating_BlockOrder.xlsx
13.6035 	EXP 	Imported Rating_BlockOrder.xlsx as conditions, 1 conditions, 3 params
13.6038 	EXP 	Created sequence: fullRandom, trialTypes=1, nReps=1, seed=None
13.6039 	EXP 	New trial (rep=0, index=0): {'Task': 'Attractiveness', 'LeftLabel': 'Extremely  Attractive', 'RightLabel': 'Extremely Unattractive'}
13.6044 	EXP 	Created sequence: sequential, trialTypes=1, nReps=95, seed=None
13.6047 	EXP 	New trial (rep=0, index=0): None
14.2822 	EXP 	window1: mouseVisible = True
14.2835 	DEBUG 	Saving data for FaceAttractiveness ExperimentHandler
14.2844 	INFO 	saved data to C:\Users\annak\Documents\GitHub\faceattractiveness_lesion\data/_FaceAttractiveness_2023-04-05_14h39.53.190.psydat
14.2850 	INFO 	saved data to 'C:\\Users\\annak\\Documents\\GitHub\\faceattractiveness_lesion\\data/_FaceAttractiveness_2023-04-05_14h39.53.190.csv'
