3.9481 	INFO 	Loaded monitor calibration from ['2021_12_01 18:33']
3.9540 	WARNING 	User requested fullscreen with size [1536  864], but screen is actually [1920, 1080]. Using actual size
5.2462 	EXP 	Created window1 = Window(allowGUI=True, allowStencil=False, autoLog=True, backendConf=UNKNOWN, bitsMode=UNKNOWN, blendMode='avg', bpc=(8, 8, 8), color=array([0.09803922, 0.09803922, 0.09803922]), colorSpace='rgb', depthBits=8, fullscr=<method-wrapper '__getattribute__' of attributeSetter object at 0x000001997BBD4D90>, gamma=None, gammaErrorPolicy='raise', lms=UNKNOWN, monitor=<psychopy.monitors.calibTools.Monitor object at 0x000001997DEB6250>, multiSample=False, name='window1', numSamples=2, pos=(0, 0), screen=0, size=array([1920, 1080]), stencilBits=0, stereo=False, units='height', useFBO=True, useRetina=False, viewOri=0.0, viewPos=None, viewScale=None, waitBlanking=True, winType='pyglet')
5.2463 	EXP 	window1: mouseVisible = True
5.2463 	EXP 	window1: mouseVisible = False
5.2464 	EXP 	window1: Attempting to measure frame rate of screen (0) ...
5.2464 	EXP 	window1: recordFrameIntervals = False
5.3155 	EXP 	window1: recordFrameIntervals = True
5.3915 	EXP 	Screen (0) actual frame rate measured at 144.06Hz
5.3915 	EXP 	window1: recordFrameIntervals = False
7.1089 	INFO 	keyboard.Keyboard is using iohub backend.
7.1238 	EXP 	Created face_image = ImageStim(__class__=<class 'psychopy.visual.image.ImageStim'>, anchor=('center', 'center'), autoLog=True, color=array([1, 1, 1]), colorSpace='rgb', contrast=1.0, depth=-1.0, flipHoriz=True, flipVert=False, image='sin', interpolate=False, mask=None, maskParams=None, name='face_image', opacity=1.0, ori=0.0, pos=array([  0., 250.]), size=array([960., 540.]), texRes=512, units='pix', win=Window(...))
7.1279 	EXP 	window1: mouseVisible = True
7.3810 	WARNING 	Font b'HelveticaBold' was requested. No similar font found.
7.3955 	DEBUG 	TextBox2 loaded 1 chars with 0 blanks and 1 valid
7.3973 	DEBUG 	TextBox2 loaded 1 chars with 0 blanks and 1 valid
7.3982 	DEBUG 	TextBox2 loaded 1 chars with 0 blanks and 1 valid
7.3992 	DEBUG 	TextBox2 loaded 1 chars with 0 blanks and 1 valid
7.4009 	DEBUG 	TextBox2 loaded 1 chars with 0 blanks and 1 valid
7.4023 	DEBUG 	TextBox2 loaded 1 chars with 0 blanks and 1 valid
7.4036 	DEBUG 	TextBox2 loaded 1 chars with 0 blanks and 1 valid
7.4047 	DEBUG 	TextBox2 loaded 1 chars with 0 blanks and 1 valid
7.4049 	DEBUG 	Uploading Texture Font fontname to graphics card
7.4107 	DEBUG 	Upload of Texture Font fontname complete
7.5755 	WARNING 	Font b'HelveticaBold' was requested. No similar font found.
7.5891 	DEBUG 	TextBox2 loaded 1 chars with 0 blanks and 1 valid
7.5907 	DEBUG 	TextBox2 loaded 1 chars with 0 blanks and 1 valid
7.5918 	DEBUG 	TextBox2 loaded 1 chars with 0 blanks and 1 valid
7.5933 	DEBUG 	TextBox2 loaded 1 chars with 0 blanks and 1 valid
7.5946 	DEBUG 	TextBox2 loaded 1 chars with 0 blanks and 1 valid
7.5961 	DEBUG 	TextBox2 loaded 1 chars with 0 blanks and 1 valid
7.5974 	DEBUG 	TextBox2 loaded 1 chars with 0 blanks and 1 valid
7.5975 	DEBUG 	Uploading Texture Font fontname to graphics card
7.6004 	DEBUG 	Upload of Texture Font fontname complete
7.6102 	EXP 	Created slider_treatment_surgery = Slider(__class__=<class 'psychopy.visual.slider.Slider'>, autoDraw=False, autoLog=True, borderColor=None, color=None, colorSpace='rgb', depth=-2, fillColor=None, flip=False, font='HelveticaBold', granularity=0, labelColor=None, labelHeight=0.03, labelWrapWidth=None, labels=('0% Never', '100% Always'), lineColor=None, markerColor=None, name='slider_treatment_surgery', opacity=None, ori=0, pos=array([ 0.  , -0.28]), readOnly=False, self=UNKNOWN, size=array([0.8  , 0.025]), startValue=None, style=['rating'], styleTweaks=['labels45', 'triangleMarker'], ticks=array([  0,  25,  50,  75, 100]), units='height', win=Window(...))
7.6216 	EXP 	Created NextBu = ImageStim(__class__=<class 'psychopy.visual.image.ImageStim'>, anchor=('center', 'center'), autoLog=True, color=array([1, 1, 1]), colorSpace='rgb', contrast=1.0, depth=-3.0, flipHoriz=False, flipVert=False, image='Picture1-eng.png', interpolate=False, mask=None, maskParams=None, name='NextBu', opacity=1.0, ori=0.0, pos=array([0., 0.]), size=array([0.2, 0.1]), texRes=512, units='height', win=Window(...))
7.6217 	EXP 	window1: mouseVisible = True
7.6230 	EXP 	window1: mouseVisible = True
7.6303 	EXP 	Created slider_treatment_radiation = Slider(__class__=<class 'psychopy.visual.slider.Slider'>, autoDraw=False, autoLog=True, borderColor=None, color=None, colorSpace='rgb', depth=-5, fillColor=None, flip=False, font='HelveticaBold', granularity=0, labelColor=None, labelHeight=0.05, labelWrapWidth=None, labels=None, lineColor=None, markerColor=None, name='slider_treatment_radiation', opacity=None, ori=0, pos=array([ 0.  , -0.28]), readOnly=False, self=UNKNOWN, size=array([1.   , 0.025]), startValue=None, style=['rating'], styleTweaks=['triangleMarker'], ticks=array([  0,  25,  50,  75, 100]), units='height', win=Window(...))
7.6815 	EXP 	Created text_treatment_surgery = TextStim(__class__=<class 'psychopy.visual.text.TextStim'>, alignHoriz=method-wrapper(...), alignText='center', alignVert=method-wrapper(...), anchorHoriz='center', anchorVert='center', antialias=True, autoDraw=False, autoLog=True, bold=False, color=array([-1, -1, -1]), colorSpace='rgb', contrast=1.0, depth=-6.0, flipHoriz=False, flipVert=False, font='Open Sans', fontFiles=[], height=0.03, italic=False, languageStyle='LTR', name='text_treatment_surgery', opacity=1.0, ori=0.0, pos=array([0. , 0.3]), rgb=UNKNOWN, text='How likely are you to recommend surgery? ', units='height', win=Window(...), wrapWidth=1)
7.6888 	EXP 	Created text_treatment_radiation = TextStim(__class__=<class 'psychopy.visual.text.TextStim'>, alignHoriz=method-wrapper(...), alignText='center', alignVert=method-wrapper(...), anchorHoriz='center', anchorVert='center', antialias=True, autoDraw=False, autoLog=True, bold=False, color=array([1, 1, 1]), colorSpace='rgb', contrast=1.0, depth=-7.0, flipHoriz=False, flipVert=False, font='Open Sans', fontFiles=[], height=0.05, italic=False, languageStyle='LTR', name='text_treatment_radiation', opacity=1.0, ori=0.0, pos=array([0., 0.]), rgb=UNKNOWN, text='How likely are you to recommend radiation? ', units='height', win=Window(...), wrapWidth=1)
7.7225 	EXP 	Created EndText = TextStim(__class__=<class 'psychopy.visual.text.TextStim'>, alignHoriz=method-wrapper(...), alignText='center', alignVert=method-wrapper(...), anchorHoriz='center', anchorVert='center', antialias=True, autoDraw=False, autoLog=True, bold=False, color=array([-1, -1, -1]), colorSpace='rgb', contrast=1.0, depth=0.0, flipHoriz=False, flipVert=False, font='Arial', fontFiles=[], height=0.05, italic=False, languageStyle='LTR', name='EndText', opacity=1.0, ori=0, pos=array([0., 0.]), rgb=UNKNOWN, text=str(...), units='height', win=Window(...), wrapWidth=1)
7.7274 	DEBUG 	Read excel file with openpyxl: Rating_BlockOrder.xlsx
7.7275 	EXP 	Imported Rating_BlockOrder.xlsx as conditions, 1 conditions, 3 params
7.7278 	EXP 	Created sequence: fullRandom, trialTypes=1, nReps=1, seed=None
7.7280 	EXP 	New trial (rep=0, index=0): {'Task': 'treatment', 'LeftLabel': '0% Never', 'RightLabel': '100% Always'}
7.7285 	EXP 	Created sequence: sequential, trialTypes=1, nReps=95, seed=None
7.7288 	EXP 	New trial (rep=0, index=0): None
7.7376 	EXP 	slider_treatment_surgery: autoLog = True
7.7376 	EXP 	slider_treatment_surgery: markerPos = None
7.7376 	EXP 	slider_treatment_surgery: styleTweaks = []
7.7376 	EXP 	slider_treatment_surgery: styleTweaks = []
7.7376 	EXP 	slider_treatment_surgery: styleTweaks = ['labels45', 'triangleMarker']
7.7376 	EXP 	slider_treatment_surgery: styleTweaks = ['labels45', 'triangleMarker']
7.7376 	EXP 	slider_treatment_surgery: contrast = 1.0
7.7376 	EXP 	slider_treatment_surgery: autoLog = True
7.7376 	EXP 	slider_treatment_radiation: autoLog = True
7.7376 	EXP 	slider_treatment_radiation: markerPos = None
7.7376 	EXP 	slider_treatment_radiation: styleTweaks = []
7.7376 	EXP 	slider_treatment_radiation: styleTweaks = []
7.7376 	EXP 	slider_treatment_radiation: styleTweaks = ['triangleMarker']
7.7376 	EXP 	slider_treatment_radiation: styleTweaks = ['triangleMarker']
7.7376 	EXP 	slider_treatment_radiation: contrast = 1.0
7.7376 	EXP 	slider_treatment_radiation: autoLog = True
7.7376 	EXP 	face_image: image = 'images/FOREHEAD_006_M_F_N_A.png'
7.7376 	EXP 	slider_treatment_surgery: markerPos = None
7.7376 	EXP 	slider_treatment_surgery: markerPos = None
7.7376 	EXP 	slider_treatment_radiation: markerPos = None
7.7376 	EXP 	slider_treatment_radiation: markerPos = None
7.7376 	EXP 	face_image: autoDraw = True
8.0678 	EXP 	slider_treatment_surgery: autoDraw = True
8.0678 	EXP 	NextBu: autoDraw = True
8.0678 	EXP 	slider_treatment_radiation: autoDraw = True
8.0678 	EXP 	text_treatment_surgery: autoDraw = True
8.0678 	EXP 	text_treatment_radiation: autoDraw = True
29.5194 	DATA 	Keypress: escape
30.1341 	EXP 	window1: mouseVisible = True
30.1342 	DEBUG 	Saving data for FaceAttractiveness ExperimentHandler
30.1353 	INFO 	saved data to C:\Users\annak\Documents\GitHub\faceattractiveness_lesion\data/_FaceAttractiveness_2023-04-05_23h20.23.812.psydat
30.1368 	INFO 	saved data to 'C:\\Users\\annak\\Documents\\GitHub\\faceattractiveness_lesion\\data/_FaceAttractiveness_2023-04-05_23h20.23.812.csv'
