4.2609 	INFO 	Loaded monitor calibration from ['2021_12_01 18:33']
4.2665 	WARNING 	User requested fullscreen with size [1536  864], but screen is actually [1920, 1080]. Using actual size
5.6005 	EXP 	Created window1 = Window(allowGUI=True, allowStencil=False, autoLog=True, backendConf=UNKNOWN, bitsMode=UNKNOWN, blendMode='avg', bpc=(8, 8, 8), color=array([0.09803922, 0.09803922, 0.09803922]), colorSpace='rgb', depthBits=8, fullscr=<method-wrapper '__getattribute__' of attributeSetter object at 0x0000015DBFB08F10>, gamma=None, gammaErrorPolicy='raise', lms=UNKNOWN, monitor=<psychopy.monitors.calibTools.Monitor object at 0x0000015DC5143490>, multiSample=False, name='window1', numSamples=2, pos=(0, 0), screen=0, size=array([1920, 1080]), stencilBits=0, stereo=False, units='height', useFBO=True, useRetina=False, viewOri=0.0, viewPos=None, viewScale=None, waitBlanking=True, winType='pyglet')
5.6006 	EXP 	window1: mouseVisible = True
5.6007 	EXP 	window1: mouseVisible = False
5.6007 	EXP 	window1: Attempting to measure frame rate of screen (0) ...
5.6008 	EXP 	window1: recordFrameIntervals = False
5.6688 	EXP 	window1: recordFrameIntervals = True
5.7460 	EXP 	Screen (0) actual frame rate measured at 142.67Hz
5.7460 	EXP 	window1: recordFrameIntervals = False
7.3511 	INFO 	keyboard.Keyboard is using iohub backend.
7.4225 	EXP 	Created ques_instr = TextStim(__class__=<class 'psychopy.visual.text.TextStim'>, alignHoriz=method-wrapper(...), alignText='center', alignVert=method-wrapper(...), anchorHoriz='center', anchorVert='center', antialias=True, autoDraw=False, autoLog=True, bold=False, color=array([1, 1, 1]), colorSpace='rgb', contrast=1.0, depth=0.0, flipHoriz=False, flipVert=False, font='Arial', fontFiles=[], height=0.04, italic=False, languageStyle='LTR', name='ques_instr', opacity=1.0, ori=0.0, pos=array([0., 0.]), rgb=UNKNOWN, text=str(...), units='height', win=Window(...), wrapWidth=1)
7.4228 	EXP 	window1: mouseVisible = True
7.4263 	EXP 	window1: mouseVisible = True
7.4484 	DEBUG 	TextBox2 loaded 1 chars with 0 blanks and 1 valid
7.4494 	DEBUG 	TextBox2 loaded 1 chars with 0 blanks and 1 valid
7.4501 	DEBUG 	TextBox2 loaded 1 chars with 0 blanks and 1 valid
7.4511 	DEBUG 	TextBox2 loaded 1 chars with 0 blanks and 1 valid
7.4516 	DEBUG 	TextBox2 loaded 1 chars with 0 blanks and 1 valid
7.4522 	DEBUG 	TextBox2 loaded 1 chars with 0 blanks and 1 valid
7.4530 	DEBUG 	TextBox2 loaded 1 chars with 0 blanks and 1 valid
7.4539 	DEBUG 	TextBox2 loaded 1 chars with 0 blanks and 1 valid
7.4547 	DEBUG 	TextBox2 loaded 1 chars with 0 blanks and 1 valid
7.4555 	DEBUG 	TextBox2 loaded 1 chars with 0 blanks and 1 valid
7.4563 	DEBUG 	TextBox2 loaded 1 chars with 0 blanks and 1 valid
7.4569 	DEBUG 	TextBox2 loaded 1 chars with 0 blanks and 1 valid
7.4571 	DEBUG 	Uploading Texture Font fontname to graphics card
7.4625 	DEBUG 	Upload of Texture Font fontname complete
7.4778 	DEBUG 	TextBox2 loaded 1 chars with 0 blanks and 1 valid
7.4781 	DEBUG 	Uploading Texture Font fontname to graphics card
7.4833 	DEBUG 	Upload of Texture Font fontname complete
7.4987 	DEBUG 	TextBox2 loaded 1 chars with 0 blanks and 1 valid
7.4997 	DEBUG 	TextBox2 loaded 1 chars with 0 blanks and 1 valid
7.5007 	DEBUG 	TextBox2 loaded 1 chars with 0 blanks and 1 valid
7.5016 	DEBUG 	TextBox2 loaded 1 chars with 0 blanks and 1 valid
7.5023 	DEBUG 	TextBox2 loaded 1 chars with 0 blanks and 1 valid
7.5032 	DEBUG 	TextBox2 loaded 1 chars with 0 blanks and 1 valid
7.5034 	DEBUG 	Uploading Texture Font fontname to graphics card
7.5081 	DEBUG 	Upload of Texture Font fontname complete
7.5232 	DEBUG 	TextBox2 loaded 1 chars with 0 blanks and 1 valid
7.5235 	DEBUG 	Uploading Texture Font fontname to graphics card
7.5280 	DEBUG 	Upload of Texture Font fontname complete
7.5431 	DEBUG 	TextBox2 loaded 1 chars with 0 blanks and 1 valid
7.5441 	DEBUG 	TextBox2 loaded 1 chars with 0 blanks and 1 valid
7.5442 	DEBUG 	Uploading Texture Font fontname to graphics card
7.5487 	DEBUG 	Upload of Texture Font fontname complete
7.5603 	EXP 	Created slider_rad_therapy = Slider(__class__=<class 'psychopy.visual.slider.Slider'>, autoDraw=False, autoLog=True, borderColor=None, color=None, colorSpace='rgb', depth=0, fillColor=None, flip=False, font='Arial', granularity=0.0, labelColor=None, labelHeight=0.03, labelWrapWidth=None, labels=tuple(...), lineColor=None, markerColor=None, name='slider_rad_therapy', opacity=None, ori=0.0, pos=array([0. , 0.1]), readOnly=False, self=UNKNOWN, size=array([1. , 0.1]), startValue=3, style='rating', styleTweaks=['labels45'], ticks=array([1, 2, 3, 4, 5]), units='height', win=Window(...))
7.5693 	EXP 	Created text_rad_therapy = TextStim(__class__=<class 'psychopy.visual.text.TextStim'>, alignHoriz=method-wrapper(...), alignText='center', alignVert=method-wrapper(...), anchorHoriz='center', anchorVert='center', antialias=True, autoDraw=False, autoLog=True, bold=False, color=array([1, 1, 1]), colorSpace='rgb', contrast=1.0, depth=-1.0, flipHoriz=False, flipVert=False, font='Open Sans', fontFiles=[], height=0.04, italic=False, languageStyle='LTR', name='text_rad_therapy', opacity=1.0, ori=0.0, pos=array([0. , 0.3]), rgb=UNKNOWN, text=str(...), units='height', win=Window(...), wrapWidth=1)
7.5706 	EXP 	window1: mouseVisible = True
7.6509 	EXP 	Created slider_surgery = Slider(__class__=<class 'psychopy.visual.slider.Slider'>, autoDraw=False, autoLog=True, borderColor=None, color=None, colorSpace='rgb', depth=-2, fillColor=None, flip=False, font='Arial', granularity=0.0, labelColor=None, labelHeight=0.03, labelWrapWidth=None, labels=tuple(...), lineColor=None, markerColor=None, name='slider_surgery', opacity=None, ori=0.0, pos=array([ 0. , -0.3]), readOnly=False, self=UNKNOWN, size=array([1. , 0.1]), startValue=3, style='rating', styleTweaks=['labels45'], ticks=array([1, 2, 3, 4, 5]), units='height', win=Window(...))
7.6557 	EXP 	Created text_surgery = TextStim(__class__=<class 'psychopy.visual.text.TextStim'>, alignHoriz=method-wrapper(...), alignText='center', alignVert=method-wrapper(...), anchorHoriz='center', anchorVert='center', antialias=True, autoDraw=False, autoLog=True, bold=False, color=array([1, 1, 1]), colorSpace='rgb', contrast=1.0, depth=-3.0, flipHoriz=False, flipVert=False, font='Open Sans', fontFiles=[], height=0.04, italic=False, languageStyle='LTR', name='text_surgery', opacity=1.0, ori=0.0, pos=array([ 0. , -0.1]), rgb=UNKNOWN, text=str(...), units='height', win=Window(...), wrapWidth=1)
7.6669 	EXP 	Created image = ImageStim(__class__=<class 'psychopy.visual.image.ImageStim'>, anchor=('center', 'center'), autoLog=True, color=array([1, 1, 1]), colorSpace='rgb', contrast=1.0, depth=-4.0, flipHoriz=False, flipVert=False, image='Picture1-eng.png', interpolate=True, mask=None, maskParams=None, name='image', opacity=1.0, ori=0.0, pos=array([ 0.7, -0.4]), size=array([0.2, 0.1]), texRes=128.0, units='height', win=Window(...))
7.6670 	EXP 	window1: mouseVisible = True
7.6681 	EXP 	Created instrBlock = TextStim(__class__=<class 'psychopy.visual.text.TextStim'>, alignHoriz=method-wrapper(...), alignText='center', alignVert=method-wrapper(...), anchorHoriz='center', anchorVert='center', antialias=True, autoDraw=False, autoLog=True, bold=False, color=array([1, 1, 1]), colorSpace='rgb', contrast=1.0, depth=0.0, flipHoriz=False, flipVert=False, font='Arial', fontFiles=[], height=0.05, italic=False, languageStyle='LTR', name='instrBlock', opacity=1.0, ori=0.0, pos=array([0., 0.]), rgb=UNKNOWN, text='', units='height', win=Window(...), wrapWidth=1)
7.6682 	EXP 	window1: mouseVisible = True
7.6712 	EXP 	Created face_image = ImageStim(__class__=<class 'psychopy.visual.image.ImageStim'>, anchor=('center', 'center'), autoLog=True, color=array([1, 1, 1]), colorSpace='rgb', contrast=1.0, depth=-1.0, flipHoriz=True, flipVert=False, image='sin', interpolate=False, mask=None, maskParams=None, name='face_image', opacity=1.0, ori=0.0, pos=array([  0., 280.]), size=array([960., 540.]), texRes=512, units='pix', win=Window(...))
7.6724 	EXP 	window1: mouseVisible = True
7.8880 	WARNING 	Font b'HelveticaBold' was requested. No similar font found.
7.9016 	DEBUG 	TextBox2 loaded 1 chars with 0 blanks and 1 valid
7.9039 	DEBUG 	TextBox2 loaded 1 chars with 0 blanks and 1 valid
7.9047 	DEBUG 	TextBox2 loaded 1 chars with 0 blanks and 1 valid
7.9056 	DEBUG 	TextBox2 loaded 1 chars with 0 blanks and 1 valid
7.9070 	DEBUG 	TextBox2 loaded 1 chars with 0 blanks and 1 valid
7.9083 	DEBUG 	TextBox2 loaded 1 chars with 0 blanks and 1 valid
7.9095 	DEBUG 	TextBox2 loaded 1 chars with 0 blanks and 1 valid
7.9106 	DEBUG 	TextBox2 loaded 1 chars with 0 blanks and 1 valid
7.9108 	DEBUG 	Uploading Texture Font fontname to graphics card
7.9117 	DEBUG 	Upload of Texture Font fontname complete
8.1241 	WARNING 	Font b'HelveticaBold' was requested. No similar font found.
8.1381 	DEBUG 	TextBox2 loaded 1 chars with 0 blanks and 1 valid
8.1397 	DEBUG 	TextBox2 loaded 1 chars with 0 blanks and 1 valid
8.1407 	DEBUG 	TextBox2 loaded 1 chars with 0 blanks and 1 valid
8.1423 	DEBUG 	TextBox2 loaded 1 chars with 0 blanks and 1 valid
8.1436 	DEBUG 	TextBox2 loaded 1 chars with 0 blanks and 1 valid
8.1451 	DEBUG 	TextBox2 loaded 1 chars with 0 blanks and 1 valid
8.1463 	DEBUG 	TextBox2 loaded 1 chars with 0 blanks and 1 valid
8.1465 	DEBUG 	Uploading Texture Font fontname to graphics card
8.1470 	DEBUG 	Upload of Texture Font fontname complete
8.1559 	EXP 	Created slider_treatment_surgery = Slider(__class__=<class 'psychopy.visual.slider.Slider'>, autoDraw=False, autoLog=True, borderColor=None, color=None, colorSpace='rgb', depth=-2, fillColor=None, flip=False, font='HelveticaBold', granularity=0, labelColor=None, labelHeight=0.03, labelWrapWidth=None, labels=('0% Never', '100% Always'), lineColor=None, markerColor=None, name='slider_treatment_surgery', opacity=None, ori=0, pos=array([0., 0.]), readOnly=False, self=UNKNOWN, size=array([1.   , 0.025]), startValue=None, style=['rating'], styleTweaks=['labels45', 'triangleMarker'], ticks=array([  0,  25,  50,  75, 100]), units='height', win=Window(...))
8.1664 	EXP 	Created NextBu = ImageStim(__class__=<class 'psychopy.visual.image.ImageStim'>, anchor=('center', 'center'), autoLog=True, color=array([1, 1, 1]), colorSpace='rgb', contrast=1.0, depth=-3.0, flipHoriz=False, flipVert=False, image='Picture1-eng.png', interpolate=False, mask=None, maskParams=None, name='NextBu', opacity=1.0, ori=0.0, pos=array([0., 0.]), size=array([0.2, 0.1]), texRes=512, units='height', win=Window(...))
8.1664 	EXP 	window1: mouseVisible = True
8.1677 	EXP 	window1: mouseVisible = True
8.3087 	WARNING 	Font b'HelveticaBold' was requested. No similar font found.
8.5227 	WARNING 	Font b'HelveticaBold' was requested. No similar font found.
8.5429 	EXP 	Created slider_treatment_radiation = Slider(__class__=<class 'psychopy.visual.slider.Slider'>, autoDraw=False, autoLog=True, borderColor=None, color=None, colorSpace='rgb', depth=-5, fillColor=None, flip=False, font='HelveticaBold', granularity=0, labelColor=None, labelHeight=0.03, labelWrapWidth=None, labels=('0% Never', '100% Always'), lineColor=None, markerColor=None, name='slider_treatment_radiation', opacity=None, ori=0, pos=array([ 0. , -0.3]), readOnly=False, self=UNKNOWN, size=array([1.   , 0.025]), startValue=None, style=['rating'], styleTweaks=['triangleMarker'], ticks=array([  0,  25,  50,  75, 100]), units='height', win=Window(...))
8.5549 	EXP 	Created text_treatment_surgery = TextStim(__class__=<class 'psychopy.visual.text.TextStim'>, alignHoriz=method-wrapper(...), alignText='center', alignVert=method-wrapper(...), anchorHoriz='center', anchorVert='center', antialias=True, autoDraw=False, autoLog=True, bold=False, color=array([-1, -1, -1]), colorSpace='rgb', contrast=1.0, depth=-6.0, flipHoriz=False, flipVert=False, font='Open Sans', fontFiles=[], height=0.03, italic=False, languageStyle='LTR', name='text_treatment_surgery', opacity=1.0, ori=0.0, pos=array([0.  , 0.05]), rgb=UNKNOWN, text='How likely are you to recommend surgery? ', units='height', win=Window(...), wrapWidth=1)
8.5570 	EXP 	Created text_treatment_radiation = TextStim(__class__=<class 'psychopy.visual.text.TextStim'>, alignHoriz=method-wrapper(...), alignText='center', alignVert=method-wrapper(...), anchorHoriz='center', anchorVert='center', antialias=True, autoDraw=False, autoLog=True, bold=False, color=array([-1, -1, -1]), colorSpace='rgb', contrast=1.0, depth=-7.0, flipHoriz=False, flipVert=False, font='Open Sans', fontFiles=[], height=0.03, italic=False, languageStyle='LTR', name='text_treatment_radiation', opacity=1.0, ori=0.0, pos=array([ 0. , -0.2]), rgb=UNKNOWN, text='How likely are you to recommend radiation? ', units='height', win=Window(...), wrapWidth=1)
8.5594 	EXP 	Created face_image_q = ImageStim(__class__=<class 'psychopy.visual.image.ImageStim'>, anchor=('center', 'center'), autoLog=True, color=array([1, 1, 1]), colorSpace='rgb', contrast=1.0, depth=-1.0, flipHoriz=False, flipVert=False, image='sin', interpolate=True, mask=None, maskParams=None, name='face_image_q', opacity=1.0, ori=0.0, pos=array([0. , 0.3]), size=array([0.88888889, 0.5       ]), texRes=128.0, units='height', win=Window(...))
8.5606 	EXP 	window1: mouseVisible = True
8.5767 	DEBUG 	TextBox2 loaded 1 chars with 0 blanks and 1 valid
8.5776 	DEBUG 	TextBox2 loaded 1 chars with 0 blanks and 1 valid
8.5789 	DEBUG 	TextBox2 loaded 1 chars with 0 blanks and 1 valid
8.5800 	DEBUG 	TextBox2 loaded 1 chars with 0 blanks and 1 valid
8.5807 	DEBUG 	TextBox2 loaded 1 chars with 0 blanks and 1 valid
8.5814 	DEBUG 	TextBox2 loaded 1 chars with 0 blanks and 1 valid
8.5821 	DEBUG 	TextBox2 loaded 1 chars with 0 blanks and 1 valid
8.5829 	DEBUG 	TextBox2 loaded 1 chars with 0 blanks and 1 valid
8.5836 	DEBUG 	TextBox2 loaded 1 chars with 0 blanks and 1 valid
8.5845 	DEBUG 	TextBox2 loaded 1 chars with 0 blanks and 1 valid
8.5853 	DEBUG 	TextBox2 loaded 1 chars with 0 blanks and 1 valid
8.5861 	DEBUG 	TextBox2 loaded 1 chars with 0 blanks and 1 valid
8.5870 	DEBUG 	TextBox2 loaded 1 chars with 0 blanks and 1 valid
8.5872 	DEBUG 	Uploading Texture Font fontname to graphics card
8.5880 	DEBUG 	Upload of Texture Font fontname complete
8.6027 	DEBUG 	TextBox2 loaded 1 chars with 0 blanks and 1 valid
8.6035 	DEBUG 	TextBox2 loaded 1 chars with 0 blanks and 1 valid
8.6042 	DEBUG 	TextBox2 loaded 1 chars with 0 blanks and 1 valid
8.6045 	DEBUG 	Uploading Texture Font fontname to graphics card
8.6049 	DEBUG 	Upload of Texture Font fontname complete
8.6198 	DEBUG 	TextBox2 loaded 1 chars with 0 blanks and 1 valid
8.6206 	DEBUG 	TextBox2 loaded 1 chars with 0 blanks and 1 valid
8.6213 	DEBUG 	TextBox2 loaded 1 chars with 0 blanks and 1 valid
8.6221 	DEBUG 	TextBox2 loaded 1 chars with 0 blanks and 1 valid
8.6224 	DEBUG 	Uploading Texture Font fontname to graphics card
8.6228 	DEBUG 	Upload of Texture Font fontname complete
8.6373 	DEBUG 	TextBox2 loaded 1 chars with 0 blanks and 1 valid
8.6382 	DEBUG 	TextBox2 loaded 1 chars with 0 blanks and 1 valid
8.6391 	DEBUG 	TextBox2 loaded 1 chars with 0 blanks and 1 valid
8.6393 	DEBUG 	Uploading Texture Font fontname to graphics card
8.6400 	DEBUG 	Upload of Texture Font fontname complete
8.6546 	DEBUG 	TextBox2 loaded 1 chars with 0 blanks and 1 valid
8.6549 	DEBUG 	Uploading Texture Font fontname to graphics card
8.6555 	DEBUG 	Upload of Texture Font fontname complete
8.6693 	EXP 	Created slider_trustworthy = Slider(__class__=<class 'psychopy.visual.slider.Slider'>, autoDraw=False, autoLog=True, borderColor=None, color=None, colorSpace='rgb', depth=-2, fillColor=None, flip=False, font='Open Sans', granularity=1.0, labelColor=None, labelHeight=0.02, labelWrapWidth=None, labels=tuple(...), lineColor=None, markerColor=None, name='slider_trustworthy', opacity=None, ori=0.0, pos=array([0., 0.]), readOnly=False, self=UNKNOWN, size=array([1.   , 0.025]), startValue=None, style='radio', styleTweaks=[], ticks=array([1, 2, 3, 4, 5]), units='height', win=Window(...))
8.6756 	EXP 	Created text_trustworthy = TextStim(__class__=<class 'psychopy.visual.text.TextStim'>, alignHoriz=method-wrapper(...), alignText='center', alignVert=method-wrapper(...), anchorHoriz='center', anchorVert='center', antialias=True, autoDraw=False, autoLog=True, bold=False, color=array([1, 1, 1]), colorSpace='rgb', contrast=1.0, depth=-3.0, flipHoriz=False, flipVert=False, font='Open Sans', fontFiles=[], height=0.03, italic=False, languageStyle='LTR', name='text_trustworthy', opacity=1.0, ori=0.0, pos=array([0.  , 0.05]), rgb=UNKNOWN, text=str(...), units='height', win=Window(...), wrapWidth=1)
8.6768 	EXP 	window1: mouseVisible = True
8.7581 	EXP 	Created slider_aggressive = Slider(__class__=<class 'psychopy.visual.slider.Slider'>, autoDraw=False, autoLog=True, borderColor=None, color=None, colorSpace='rgb', depth=-4, fillColor=None, flip=False, font='Open Sans', granularity=1.0, labelColor=None, labelHeight=0.02, labelWrapWidth=None, labels=tuple(...), lineColor=None, markerColor=None, name='slider_aggressive', opacity=None, ori=0.0, pos=array([ 0.  , -0.25]), readOnly=False, self=UNKNOWN, size=array([1.   , 0.025]), startValue=None, style='radio', styleTweaks=[], ticks=array([1, 2, 3, 4, 5]), units='height', win=Window(...))
8.7617 	EXP 	Created text_aggressive = TextStim(__class__=<class 'psychopy.visual.text.TextStim'>, alignHoriz=method-wrapper(...), alignText='center', alignVert=method-wrapper(...), anchorHoriz='center', anchorVert='center', antialias=True, autoDraw=False, autoLog=True, bold=False, color=array([1, 1, 1]), colorSpace='rgb', contrast=1.0, depth=-5.0, flipHoriz=False, flipVert=False, font='Open Sans', fontFiles=[], height=0.03, italic=False, languageStyle='LTR', name='text_aggressive', opacity=1.0, ori=0.0, pos=array([ 0.  , -0.15]), rgb=UNKNOWN, text=str(...), units='height', win=Window(...), wrapWidth=1)
8.7822 	EXP 	window1: mouseVisible = True
8.7847 	DEBUG 	Saving data for FaceAttractiveness2 ExperimentHandler
8.7854 	INFO 	saved data to C:\Users\annak\Documents\GitHub\faceattractiveness_lesion\data/_FaceAttractiveness2_2023-04-07_23h18.44.484.psydat
8.7860 	INFO 	saved data to 'C:\\Users\\annak\\Documents\\GitHub\\faceattractiveness_lesion\\data/_FaceAttractiveness2_2023-04-07_23h18.44.484.csv'
