5.2913 	INFO 	Loaded monitor calibration from ['2021_12_01 18:33']
5.2979 	WARNING 	User requested fullscreen with size [1536  864], but screen is actually [1920, 1080]. Using actual size
6.5164 	EXP 	Created window1 = Window(allowGUI=True, allowStencil=False, autoLog=True, backendConf=UNKNOWN, bitsMode=UNKNOWN, blendMode='avg', bpc=(8, 8, 8), color=array([0.09803922, 0.09803922, 0.09803922]), colorSpace='rgb', depthBits=8, fullscr=<method-wrapper '__getattribute__' of attributeSetter object at 0x00000256BFD42D90>, gamma=None, gammaErrorPolicy='raise', lms=UNKNOWN, monitor=<psychopy.monitors.calibTools.Monitor object at 0x00000256C387B280>, multiSample=False, name='window1', numSamples=2, pos=(0, 0), screen=0, size=array([1920, 1080]), stencilBits=0, stereo=False, units='height', useFBO=True, useRetina=False, viewOri=0.0, viewPos=None, viewScale=None, waitBlanking=True, winType='pyglet')
6.5165 	EXP 	window1: mouseVisible = True
6.5166 	EXP 	window1: mouseVisible = False
6.5166 	EXP 	window1: Attempting to measure frame rate of screen (0) ...
6.5166 	EXP 	window1: recordFrameIntervals = False
6.5851 	EXP 	window1: recordFrameIntervals = True
6.6613 	EXP 	Screen (0) actual frame rate measured at 144.28Hz
6.6613 	EXP 	window1: recordFrameIntervals = False
8.2752 	INFO 	keyboard.Keyboard is using iohub backend.
8.3056 	EXP 	Created face_image = ImageStim(__class__=<class 'psychopy.visual.image.ImageStim'>, anchor=('center', 'center'), autoLog=True, color=array([1, 1, 1]), colorSpace='rgb', contrast=1.0, depth=-1.0, flipHoriz=True, flipVert=False, image='sin', interpolate=False, mask=None, maskParams=None, name='face_image', opacity=1.0, ori=0.0, pos=array([  0., 100.]), size=array([960., 540.]), texRes=512, units='pix', win=Window(...))
8.3108 	EXP 	window1: mouseVisible = True
8.3240 	EXP 	Created slider = Slider(__class__=<class 'psychopy.visual.slider.Slider'>, autoDraw=False, autoLog=True, borderColor=None, color=None, colorSpace='rgb', depth=-2, fillColor=None, flip=False, font='HelveticaBold', granularity=0, labelColor=None, labelHeight=0.05, labelWrapWidth=None, labels=None, lineColor=None, markerColor=None, name='slider', opacity=None, ori=0, pos=array([ 0.  , -0.28]), readOnly=False, self=UNKNOWN, size=array([1.   , 0.025]), startValue=None, style=['rating'], styleTweaks=['triangleMarker'], ticks=array([  0,  25,  50,  75, 100]), units='height', win=Window(...))
8.3369 	EXP 	Created NextBu = ImageStim(__class__=<class 'psychopy.visual.image.ImageStim'>, anchor=('center', 'center'), autoLog=True, color=array([1, 1, 1]), colorSpace='rgb', contrast=1.0, depth=-3.0, flipHoriz=False, flipVert=False, image='Picture1-eng.png', interpolate=False, mask=None, maskParams=None, name='NextBu', opacity=1.0, ori=0.0, pos=array([0., 0.]), size=array([0.2, 0.1]), texRes=512, units='height', win=Window(...))
8.3507 	EXP 	Created text_4 = TextStim(__class__=<class 'psychopy.visual.text.TextStim'>, alignHoriz=method-wrapper(...), alignText='center', alignVert=method-wrapper(...), anchorHoriz='center', anchorVert='center', antialias=True, autoDraw=False, autoLog=True, bold=False, color=array([-1, -1, -1]), colorSpace='rgb', contrast=1.0, depth=-4.0, flipHoriz=False, flipVert=False, font='Arial', fontFiles=[], height=0.03, italic=False, languageStyle='LTR', name='text_4', opacity=1.0, ori=0, pos=array([-0.5 , -0.32]), rgb=UNKNOWN, text='', units='height', win=Window(...), wrapWidth=1)
8.3512 	EXP 	Created text_5 = TextStim(__class__=<class 'psychopy.visual.text.TextStim'>, alignHoriz=method-wrapper(...), alignText='center', alignVert=method-wrapper(...), anchorHoriz='center', anchorVert='center', antialias=True, autoDraw=False, autoLog=True, bold=False, color=array([-1, -1, -1]), colorSpace='rgb', contrast=1.0, depth=-5.0, flipHoriz=False, flipVert=False, font='Arial', fontFiles=[], height=0.03, italic=False, languageStyle='LTR', name='text_5', opacity=1.0, ori=0, pos=array([ 0.5 , -0.32]), rgb=UNKNOWN, text='', units='height', win=Window(...), wrapWidth=1)
8.3512 	EXP 	window1: mouseVisible = True
8.4109 	EXP 	Created EndText = TextStim(__class__=<class 'psychopy.visual.text.TextStim'>, alignHoriz=method-wrapper(...), alignText='center', alignVert=method-wrapper(...), anchorHoriz='center', anchorVert='center', antialias=True, autoDraw=False, autoLog=True, bold=False, color=array([-1, -1, -1]), colorSpace='rgb', contrast=1.0, depth=0.0, flipHoriz=False, flipVert=False, font='Arial', fontFiles=[], height=0.05, italic=False, languageStyle='LTR', name='EndText', opacity=1.0, ori=0, pos=array([0., 0.]), rgb=UNKNOWN, text=str(...), units='height', win=Window(...), wrapWidth=1)
8.4158 	DEBUG 	Read excel file with openpyxl: Rating_BlockOrder.xlsx
8.4159 	EXP 	Imported Rating_BlockOrder.xlsx as conditions, 1 conditions, 3 params
8.4162 	EXP 	Created sequence: fullRandom, trialTypes=1, nReps=1, seed=None
8.4164 	EXP 	New trial (rep=0, index=0): {'Task': 'Attractiveness', 'LeftLabel': 'Extremely  Attractive', 'RightLabel': 'Extremely Unattractive'}
8.4169 	EXP 	Created sequence: sequential, trialTypes=1, nReps=95, seed=None
8.4171 	EXP 	New trial (rep=0, index=0): None
8.4321 	EXP 	window1: mouseVisible = True
8.4330 	DEBUG 	Saving data for FaceAttractiveness ExperimentHandler
8.4340 	INFO 	saved data to C:\Users\annak\Documents\GitHub\faceattractiveness_lesion\data/_FaceAttractiveness_2023-04-05_22h00.19.131.psydat
8.4348 	INFO 	saved data to 'C:\\Users\\annak\\Documents\\GitHub\\faceattractiveness_lesion\\data/_FaceAttractiveness_2023-04-05_22h00.19.131.csv'
