4.4622 	INFO 	Loaded monitor calibration from ['2021_12_01 18:33']
4.4688 	WARNING 	User requested fullscreen with size [1536  864], but screen is actually [1920, 1080]. Using actual size
5.9181 	EXP 	Created window1 = Window(allowGUI=True, allowStencil=False, autoLog=True, backendConf=UNKNOWN, bitsMode=UNKNOWN, blendMode='avg', bpc=(8, 8, 8), color=array([0.09803922, 0.09803922, 0.09803922]), colorSpace='rgb', depthBits=8, fullscr=<method-wrapper '__getattribute__' of attributeSetter object at 0x000002101CEE6E50>, gamma=None, gammaErrorPolicy='raise', lms=UNKNOWN, monitor=<psychopy.monitors.calibTools.Monitor object at 0x000002102255C2B0>, multiSample=False, name='window1', numSamples=2, pos=(0, 0), screen=0, size=array([1920, 1080]), stencilBits=0, stereo=False, units='height', useFBO=True, useRetina=False, viewOri=0.0, viewPos=None, viewScale=None, waitBlanking=True, winType='pyglet')
5.9182 	EXP 	window1: mouseVisible = True
5.9183 	EXP 	window1: mouseVisible = False
5.9183 	EXP 	window1: Attempting to measure frame rate of screen (0) ...
5.9183 	EXP 	window1: recordFrameIntervals = False
5.9869 	EXP 	window1: recordFrameIntervals = True
6.0638 	EXP 	Screen (0) actual frame rate measured at 144.46Hz
6.0638 	EXP 	window1: recordFrameIntervals = False
7.8867 	INFO 	keyboard.Keyboard is using iohub backend.
7.9013 	EXP 	Created face_image = ImageStim(__class__=<class 'psychopy.visual.image.ImageStim'>, anchor=('center', 'center'), autoLog=True, color=array([1, 1, 1]), colorSpace='rgb', contrast=1.0, depth=-1.0, flipHoriz=True, flipVert=False, image='sin', interpolate=False, mask=None, maskParams=None, name='face_image', opacity=1.0, ori=0.0, pos=array([  0., 280.]), size=array([960., 540.]), texRes=512, units='pix', win=Window(...))
7.9051 	EXP 	window1: mouseVisible = True
8.0685 	WARNING 	Font b'HelveticaBold' was requested. No similar font found.
8.0830 	DEBUG 	TextBox2 loaded 1 chars with 0 blanks and 1 valid
8.0849 	DEBUG 	TextBox2 loaded 1 chars with 0 blanks and 1 valid
8.0860 	DEBUG 	TextBox2 loaded 1 chars with 0 blanks and 1 valid
8.0870 	DEBUG 	TextBox2 loaded 1 chars with 0 blanks and 1 valid
8.0884 	DEBUG 	TextBox2 loaded 1 chars with 0 blanks and 1 valid
8.0897 	DEBUG 	TextBox2 loaded 1 chars with 0 blanks and 1 valid
8.0909 	DEBUG 	TextBox2 loaded 1 chars with 0 blanks and 1 valid
8.0920 	DEBUG 	TextBox2 loaded 1 chars with 0 blanks and 1 valid
8.0922 	DEBUG 	Uploading Texture Font fontname to graphics card
8.0987 	DEBUG 	Upload of Texture Font fontname complete
8.2144 	WARNING 	Font b'HelveticaBold' was requested. No similar font found.
8.2287 	DEBUG 	TextBox2 loaded 1 chars with 0 blanks and 1 valid
8.2302 	DEBUG 	TextBox2 loaded 1 chars with 0 blanks and 1 valid
8.2313 	DEBUG 	TextBox2 loaded 1 chars with 0 blanks and 1 valid
8.2330 	DEBUG 	TextBox2 loaded 1 chars with 0 blanks and 1 valid
8.2342 	DEBUG 	TextBox2 loaded 1 chars with 0 blanks and 1 valid
8.2356 	DEBUG 	TextBox2 loaded 1 chars with 0 blanks and 1 valid
8.2369 	DEBUG 	TextBox2 loaded 1 chars with 0 blanks and 1 valid
8.2371 	DEBUG 	Uploading Texture Font fontname to graphics card
8.2432 	DEBUG 	Upload of Texture Font fontname complete
8.2531 	EXP 	Created slider_treatment_surgery = Slider(__class__=<class 'psychopy.visual.slider.Slider'>, autoDraw=False, autoLog=True, borderColor=None, color=None, colorSpace='rgb', depth=-2, fillColor=None, flip=False, font='HelveticaBold', granularity=0, labelColor=None, labelHeight=0.03, labelWrapWidth=None, labels=('0% Never', '100% Always'), lineColor=None, markerColor=None, name='slider_treatment_surgery', opacity=None, ori=0, pos=array([0., 0.]), readOnly=False, self=UNKNOWN, size=array([1.  , 0.02]), startValue=None, style=['rating'], styleTweaks=['labels45', 'triangleMarker'], ticks=array([  0,  25,  50,  75, 100]), units='height', win=Window(...))
8.2634 	EXP 	Created NextBu = ImageStim(__class__=<class 'psychopy.visual.image.ImageStim'>, anchor=('center', 'center'), autoLog=True, color=array([1, 1, 1]), colorSpace='rgb', contrast=1.0, depth=-3.0, flipHoriz=False, flipVert=False, image='Picture1-eng.png', interpolate=False, mask=None, maskParams=None, name='NextBu', opacity=1.0, ori=0.0, pos=array([0., 0.]), size=array([0.2, 0.1]), texRes=512, units='height', win=Window(...))
8.2634 	EXP 	window1: mouseVisible = True
8.2647 	EXP 	window1: mouseVisible = True
8.3759 	WARNING 	Font b'HelveticaBold' was requested. No similar font found.
8.4922 	WARNING 	Font b'HelveticaBold' was requested. No similar font found.
8.5215 	EXP 	Created slider_treatment_radiation = Slider(__class__=<class 'psychopy.visual.slider.Slider'>, autoDraw=False, autoLog=True, borderColor=None, color=None, colorSpace='rgb', depth=-5, fillColor=None, flip=False, font='HelveticaBold', granularity=0, labelColor=None, labelHeight=0.03, labelWrapWidth=None, labels=('0% Never', '100% Always'), lineColor=None, markerColor=None, name='slider_treatment_radiation', opacity=None, ori=0, pos=array([ 0. , -0.3]), readOnly=False, self=UNKNOWN, size=array([1.   , 0.025]), startValue=None, style=['rating'], styleTweaks=['triangleMarker'], ticks=array([  0,  25,  50,  75, 100]), units='height', win=Window(...))
8.5806 	EXP 	Created text_treatment_surgery = TextStim(__class__=<class 'psychopy.visual.text.TextStim'>, alignHoriz=method-wrapper(...), alignText='center', alignVert=method-wrapper(...), anchorHoriz='center', anchorVert='center', antialias=True, autoDraw=False, autoLog=True, bold=False, color=array([-1, -1, -1]), colorSpace='rgb', contrast=1.0, depth=-6.0, flipHoriz=False, flipVert=False, font='Open Sans', fontFiles=[], height=0.03, italic=False, languageStyle='LTR', name='text_treatment_surgery', opacity=1.0, ori=0.0, pos=array([0.  , 0.05]), rgb=UNKNOWN, text='How likely are you to recommend surgery? ', units='height', win=Window(...), wrapWidth=1)
8.5828 	EXP 	Created text_treatment_radiation = TextStim(__class__=<class 'psychopy.visual.text.TextStim'>, alignHoriz=method-wrapper(...), alignText='center', alignVert=method-wrapper(...), anchorHoriz='center', anchorVert='center', antialias=True, autoDraw=False, autoLog=True, bold=False, color=array([-1, -1, -1]), colorSpace='rgb', contrast=1.0, depth=-7.0, flipHoriz=False, flipVert=False, font='Open Sans', fontFiles=[], height=0.03, italic=False, languageStyle='LTR', name='text_treatment_radiation', opacity=1.0, ori=0.0, pos=array([ 0. , -0.2]), rgb=UNKNOWN, text='How likely are you to recommend radiation? ', units='height', win=Window(...), wrapWidth=1)
8.6176 	EXP 	Created EndText = TextStim(__class__=<class 'psychopy.visual.text.TextStim'>, alignHoriz=method-wrapper(...), alignText='center', alignVert=method-wrapper(...), anchorHoriz='center', anchorVert='center', antialias=True, autoDraw=False, autoLog=True, bold=False, color=array([-1, -1, -1]), colorSpace='rgb', contrast=1.0, depth=0.0, flipHoriz=False, flipVert=False, font='Arial', fontFiles=[], height=0.05, italic=False, languageStyle='LTR', name='EndText', opacity=1.0, ori=0, pos=array([0., 0.]), rgb=UNKNOWN, text=str(...), units='height', win=Window(...), wrapWidth=1)
8.6221 	DEBUG 	Read excel file with openpyxl: Rating_BlockOrder.xlsx
8.6222 	EXP 	Imported Rating_BlockOrder.xlsx as conditions, 1 conditions, 3 params
8.6226 	EXP 	Created sequence: fullRandom, trialTypes=1, nReps=1, seed=None
8.6227 	EXP 	New trial (rep=0, index=0): {'Task': 'treatment', 'LeftLabel': '0% Never', 'RightLabel': '100% Always'}
8.6232 	EXP 	Created sequence: sequential, trialTypes=1, nReps=95, seed=None
8.6235 	EXP 	New trial (rep=0, index=0): None
8.6417 	EXP 	window1: mouseVisible = True
8.6434 	DEBUG 	Saving data for FaceAttractiveness ExperimentHandler
8.6447 	INFO 	saved data to C:\Users\annak\Documents\GitHub\faceattractiveness_lesion\data/_FaceAttractiveness_2023-04-06_23h00.09.095.psydat
8.6458 	INFO 	saved data to 'C:\\Users\\annak\\Documents\\GitHub\\faceattractiveness_lesion\\data/_FaceAttractiveness_2023-04-06_23h00.09.095.csv'
