4.0001 	INFO 	Loaded monitor calibration from ['2021_12_01 18:33']
4.0076 	WARNING 	User requested fullscreen with size [1536  864], but screen is actually [1920, 1080]. Using actual size
5.3360 	EXP 	Created window1 = Window(allowGUI=True, allowStencil=False, autoLog=True, backendConf=UNKNOWN, bitsMode=UNKNOWN, blendMode='avg', bpc=(8, 8, 8), color=array([0.09803922, 0.09803922, 0.09803922]), colorSpace='rgb', depthBits=8, fullscr=<method-wrapper '__getattribute__' of attributeSetter object at 0x000001FBB13A8F10>, gamma=None, gammaErrorPolicy='raise', lms=UNKNOWN, monitor=<psychopy.monitors.calibTools.Monitor object at 0x000001FBB689E3D0>, multiSample=False, name='window1', numSamples=2, pos=(0, 0), screen=0, size=array([1920, 1080]), stencilBits=0, stereo=False, units='height', useFBO=True, useRetina=False, viewOri=0.0, viewPos=None, viewScale=None, waitBlanking=True, winType='pyglet')
5.3360 	EXP 	window1: mouseVisible = True
5.3361 	EXP 	window1: mouseVisible = False
5.3361 	EXP 	window1: Attempting to measure frame rate of screen (0) ...
5.3361 	EXP 	window1: recordFrameIntervals = False
5.4050 	EXP 	window1: recordFrameIntervals = True
5.4557 	WARNING 	t of last frame was 8.66ms (=1/115)
5.4676 	WARNING 	t of last frame was 11.94ms (=1/83)
5.5369 	EXP 	Screen (0) actual frame rate measured at 144.68Hz
5.5370 	EXP 	window1: recordFrameIntervals = False
7.1502 	INFO 	keyboard.Keyboard is using iohub backend.
7.2185 	EXP 	Created ques_instr = TextStim(__class__=<class 'psychopy.visual.text.TextStim'>, alignHoriz=method-wrapper(...), alignText='center', alignVert=method-wrapper(...), anchorHoriz='center', anchorVert='center', antialias=True, autoDraw=False, autoLog=True, bold=False, color=array([1, 1, 1]), colorSpace='rgb', contrast=1.0, depth=0.0, flipHoriz=False, flipVert=False, font='Arial', fontFiles=[], height=0.04, italic=False, languageStyle='LTR', name='ques_instr', opacity=1.0, ori=0.0, pos=array([0., 0.]), rgb=UNKNOWN, text=str(...), units='height', win=Window(...), wrapWidth=1)
7.2188 	EXP 	window1: mouseVisible = True
7.2223 	EXP 	window1: mouseVisible = True
7.2427 	DEBUG 	TextBox2 loaded 1 chars with 0 blanks and 1 valid
7.2436 	DEBUG 	TextBox2 loaded 1 chars with 0 blanks and 1 valid
7.2444 	DEBUG 	TextBox2 loaded 1 chars with 0 blanks and 1 valid
7.2453 	DEBUG 	TextBox2 loaded 1 chars with 0 blanks and 1 valid
7.2459 	DEBUG 	TextBox2 loaded 1 chars with 0 blanks and 1 valid
7.2465 	DEBUG 	TextBox2 loaded 1 chars with 0 blanks and 1 valid
7.2473 	DEBUG 	TextBox2 loaded 1 chars with 0 blanks and 1 valid
7.2482 	DEBUG 	TextBox2 loaded 1 chars with 0 blanks and 1 valid
7.2490 	DEBUG 	TextBox2 loaded 1 chars with 0 blanks and 1 valid
7.2498 	DEBUG 	TextBox2 loaded 1 chars with 0 blanks and 1 valid
7.2505 	DEBUG 	TextBox2 loaded 1 chars with 0 blanks and 1 valid
7.2511 	DEBUG 	TextBox2 loaded 1 chars with 0 blanks and 1 valid
7.2513 	DEBUG 	Uploading Texture Font fontname to graphics card
7.2568 	DEBUG 	Upload of Texture Font fontname complete
7.2702 	DEBUG 	TextBox2 loaded 1 chars with 0 blanks and 1 valid
7.2704 	DEBUG 	Uploading Texture Font fontname to graphics card
7.2749 	DEBUG 	Upload of Texture Font fontname complete
7.2882 	DEBUG 	TextBox2 loaded 1 chars with 0 blanks and 1 valid
7.2893 	DEBUG 	TextBox2 loaded 1 chars with 0 blanks and 1 valid
7.2903 	DEBUG 	TextBox2 loaded 1 chars with 0 blanks and 1 valid
7.2912 	DEBUG 	TextBox2 loaded 1 chars with 0 blanks and 1 valid
7.2919 	DEBUG 	TextBox2 loaded 1 chars with 0 blanks and 1 valid
7.2929 	DEBUG 	TextBox2 loaded 1 chars with 0 blanks and 1 valid
7.2931 	DEBUG 	Uploading Texture Font fontname to graphics card
7.2973 	DEBUG 	Upload of Texture Font fontname complete
7.3111 	DEBUG 	TextBox2 loaded 1 chars with 0 blanks and 1 valid
7.3113 	DEBUG 	Uploading Texture Font fontname to graphics card
7.3160 	DEBUG 	Upload of Texture Font fontname complete
7.3292 	DEBUG 	TextBox2 loaded 1 chars with 0 blanks and 1 valid
7.3302 	DEBUG 	TextBox2 loaded 1 chars with 0 blanks and 1 valid
7.3304 	DEBUG 	Uploading Texture Font fontname to graphics card
7.3346 	DEBUG 	Upload of Texture Font fontname complete
7.3464 	EXP 	Created slider_rad_therapy = Slider(__class__=<class 'psychopy.visual.slider.Slider'>, autoDraw=False, autoLog=True, borderColor=None, color=None, colorSpace='rgb', depth=0, fillColor=None, flip=False, font='Arial', granularity=0.0, labelColor=None, labelHeight=0.03, labelWrapWidth=None, labels=tuple(...), lineColor=None, markerColor=None, name='slider_rad_therapy', opacity=None, ori=0.0, pos=array([0. , 0.1]), readOnly=False, self=UNKNOWN, size=array([1. , 0.1]), startValue=3, style='rating', styleTweaks=['labels45'], ticks=array([1, 2, 3, 4, 5]), units='height', win=Window(...))
7.3551 	EXP 	Created text_rad_therapy = TextStim(__class__=<class 'psychopy.visual.text.TextStim'>, alignHoriz=method-wrapper(...), alignText='center', alignVert=method-wrapper(...), anchorHoriz='center', anchorVert='center', antialias=True, autoDraw=False, autoLog=True, bold=False, color=array([1, 1, 1]), colorSpace='rgb', contrast=1.0, depth=-1.0, flipHoriz=False, flipVert=False, font='Open Sans', fontFiles=[], height=0.04, italic=False, languageStyle='LTR', name='text_rad_therapy', opacity=1.0, ori=0.0, pos=array([0. , 0.3]), rgb=UNKNOWN, text=str(...), units='height', win=Window(...), wrapWidth=1)
7.3564 	EXP 	window1: mouseVisible = True
7.4261 	EXP 	Created slider_surgery = Slider(__class__=<class 'psychopy.visual.slider.Slider'>, autoDraw=False, autoLog=True, borderColor=None, color=None, colorSpace='rgb', depth=-2, fillColor=None, flip=False, font='Arial', granularity=0.0, labelColor=None, labelHeight=0.03, labelWrapWidth=None, labels=tuple(...), lineColor=None, markerColor=None, name='slider_surgery', opacity=None, ori=0.0, pos=array([ 0. , -0.3]), readOnly=False, self=UNKNOWN, size=array([1. , 0.1]), startValue=3, style='rating', styleTweaks=['labels45'], ticks=array([1, 2, 3, 4, 5]), units='height', win=Window(...))
7.4305 	EXP 	Created text_surgery = TextStim(__class__=<class 'psychopy.visual.text.TextStim'>, alignHoriz=method-wrapper(...), alignText='center', alignVert=method-wrapper(...), anchorHoriz='center', anchorVert='center', antialias=True, autoDraw=False, autoLog=True, bold=False, color=array([1, 1, 1]), colorSpace='rgb', contrast=1.0, depth=-3.0, flipHoriz=False, flipVert=False, font='Open Sans', fontFiles=[], height=0.04, italic=False, languageStyle='LTR', name='text_surgery', opacity=1.0, ori=0.0, pos=array([ 0. , -0.1]), rgb=UNKNOWN, text=str(...), units='height', win=Window(...), wrapWidth=1)
7.4403 	EXP 	Created image = ImageStim(__class__=<class 'psychopy.visual.image.ImageStim'>, anchor=('center', 'center'), autoLog=True, color=array([1, 1, 1]), colorSpace='rgb', contrast=1.0, depth=-4.0, flipHoriz=False, flipVert=False, image='Picture1-eng.png', interpolate=True, mask=None, maskParams=None, name='image', opacity=1.0, ori=0.0, pos=array([ 0.7, -0.4]), size=array([0.2, 0.1]), texRes=128.0, units='height', win=Window(...))
7.4404 	EXP 	window1: mouseVisible = True
7.4412 	EXP 	Created instrBlock = TextStim(__class__=<class 'psychopy.visual.text.TextStim'>, alignHoriz=method-wrapper(...), alignText='center', alignVert=method-wrapper(...), anchorHoriz='center', anchorVert='center', antialias=True, autoDraw=False, autoLog=True, bold=False, color=array([1, 1, 1]), colorSpace='rgb', contrast=1.0, depth=0.0, flipHoriz=False, flipVert=False, font='Arial', fontFiles=[], height=0.05, italic=False, languageStyle='LTR', name='instrBlock', opacity=1.0, ori=0.0, pos=array([0., 0.]), rgb=UNKNOWN, text='', units='height', win=Window(...), wrapWidth=1)
7.4413 	EXP 	window1: mouseVisible = True
7.4442 	EXP 	Created face_image_q = ImageStim(__class__=<class 'psychopy.visual.image.ImageStim'>, anchor=('center', 'center'), autoLog=True, color=array([1, 1, 1]), colorSpace='rgb', contrast=1.0, depth=-1.0, flipHoriz=False, flipVert=False, image='sin', interpolate=True, mask=None, maskParams=None, name='face_image_q', opacity=1.0, ori=0.0, pos=array([0. , 0.3]), size=array([0.88888889, 0.5       ]), texRes=128.0, units='height', win=Window(...))
7.4454 	EXP 	window1: mouseVisible = True
7.4596 	DEBUG 	TextBox2 loaded 1 chars with 0 blanks and 1 valid
7.4604 	DEBUG 	TextBox2 loaded 1 chars with 0 blanks and 1 valid
7.4613 	DEBUG 	TextBox2 loaded 1 chars with 0 blanks and 1 valid
7.4620 	DEBUG 	TextBox2 loaded 1 chars with 0 blanks and 1 valid
7.4626 	DEBUG 	TextBox2 loaded 1 chars with 0 blanks and 1 valid
7.4632 	DEBUG 	TextBox2 loaded 1 chars with 0 blanks and 1 valid
7.4641 	DEBUG 	TextBox2 loaded 1 chars with 0 blanks and 1 valid
7.4649 	DEBUG 	TextBox2 loaded 1 chars with 0 blanks and 1 valid
7.4657 	DEBUG 	TextBox2 loaded 1 chars with 0 blanks and 1 valid
7.4666 	DEBUG 	TextBox2 loaded 1 chars with 0 blanks and 1 valid
7.4674 	DEBUG 	TextBox2 loaded 1 chars with 0 blanks and 1 valid
7.4682 	DEBUG 	TextBox2 loaded 1 chars with 0 blanks and 1 valid
7.4690 	DEBUG 	TextBox2 loaded 1 chars with 0 blanks and 1 valid
7.4692 	DEBUG 	Uploading Texture Font fontname to graphics card
7.4698 	DEBUG 	Upload of Texture Font fontname complete
7.4821 	DEBUG 	TextBox2 loaded 1 chars with 0 blanks and 1 valid
7.4829 	DEBUG 	TextBox2 loaded 1 chars with 0 blanks and 1 valid
7.4836 	DEBUG 	TextBox2 loaded 1 chars with 0 blanks and 1 valid
7.4838 	DEBUG 	Uploading Texture Font fontname to graphics card
7.4843 	DEBUG 	Upload of Texture Font fontname complete
7.4969 	DEBUG 	TextBox2 loaded 1 chars with 0 blanks and 1 valid
7.4977 	DEBUG 	TextBox2 loaded 1 chars with 0 blanks and 1 valid
7.4983 	DEBUG 	TextBox2 loaded 1 chars with 0 blanks and 1 valid
7.4991 	DEBUG 	TextBox2 loaded 1 chars with 0 blanks and 1 valid
7.4993 	DEBUG 	Uploading Texture Font fontname to graphics card
7.4998 	DEBUG 	Upload of Texture Font fontname complete
7.5127 	DEBUG 	TextBox2 loaded 1 chars with 0 blanks and 1 valid
7.5140 	DEBUG 	TextBox2 loaded 1 chars with 0 blanks and 1 valid
7.5154 	DEBUG 	TextBox2 loaded 1 chars with 0 blanks and 1 valid
7.5157 	DEBUG 	Uploading Texture Font fontname to graphics card
7.5162 	DEBUG 	Upload of Texture Font fontname complete
7.5291 	DEBUG 	TextBox2 loaded 1 chars with 0 blanks and 1 valid
7.5294 	DEBUG 	Uploading Texture Font fontname to graphics card
7.5299 	DEBUG 	Upload of Texture Font fontname complete
7.5428 	EXP 	Created slider_trustworthy = Slider(__class__=<class 'psychopy.visual.slider.Slider'>, autoDraw=False, autoLog=True, borderColor=None, color=None, colorSpace='rgb', depth=-2, fillColor=None, flip=False, font='Open Sans', granularity=1.0, labelColor=None, labelHeight=0.02, labelWrapWidth=None, labels=tuple(...), lineColor=None, markerColor=None, name='slider_trustworthy', opacity=None, ori=0.0, pos=array([0., 0.]), readOnly=False, self=UNKNOWN, size=array([1.   , 0.025]), startValue=None, style='radio', styleTweaks=[], ticks=array([1, 2, 3, 4, 5]), units='height', win=Window(...))
7.5552 	EXP 	Created text_trustworthy = TextStim(__class__=<class 'psychopy.visual.text.TextStim'>, alignHoriz=method-wrapper(...), alignText='center', alignVert=method-wrapper(...), anchorHoriz='center', anchorVert='center', antialias=True, autoDraw=False, autoLog=True, bold=False, color=array([1, 1, 1]), colorSpace='rgb', contrast=1.0, depth=-3.0, flipHoriz=False, flipVert=False, font='Open Sans', fontFiles=[], height=0.03, italic=False, languageStyle='LTR', name='text_trustworthy', opacity=1.0, ori=0.0, pos=array([0.  , 0.05]), rgb=UNKNOWN, text=str(...), units='height', win=Window(...), wrapWidth=1)
7.5565 	EXP 	window1: mouseVisible = True
7.6277 	EXP 	Created slider_aggressive = Slider(__class__=<class 'psychopy.visual.slider.Slider'>, autoDraw=False, autoLog=True, borderColor=None, color=None, colorSpace='rgb', depth=-4, fillColor=None, flip=False, font='Open Sans', granularity=1.0, labelColor=None, labelHeight=0.02, labelWrapWidth=None, labels=tuple(...), lineColor=None, markerColor=None, name='slider_aggressive', opacity=None, ori=0.0, pos=array([ 0.  , -0.25]), readOnly=False, self=UNKNOWN, size=array([1.   , 0.025]), startValue=None, style='radio', styleTweaks=[], ticks=array([1, 2, 3, 4, 5]), units='height', win=Window(...))
7.6309 	EXP 	Created text_aggressive = TextStim(__class__=<class 'psychopy.visual.text.TextStim'>, alignHoriz=method-wrapper(...), alignText='center', alignVert=method-wrapper(...), anchorHoriz='center', anchorVert='center', antialias=True, autoDraw=False, autoLog=True, bold=False, color=array([1, 1, 1]), colorSpace='rgb', contrast=1.0, depth=-5.0, flipHoriz=False, flipVert=False, font='Open Sans', fontFiles=[], height=0.03, italic=False, languageStyle='LTR', name='text_aggressive', opacity=1.0, ori=0.0, pos=array([ 0.  , -0.15]), rgb=UNKNOWN, text=str(...), units='height', win=Window(...), wrapWidth=1)
7.6364 	EXP 	Created Confirm = ImageStim(__class__=<class 'psychopy.visual.image.ImageStim'>, anchor=('center', 'center'), autoLog=True, color=array([1, 1, 1]), colorSpace='rgb', contrast=1.0, depth=-6.0, flipHoriz=False, flipVert=False, image='Picture1-eng.png', interpolate=True, mask=None, maskParams=None, name='Confirm', opacity=1.0, ori=0.0, pos=array([0., 0.]), size=array([0.2, 0.1]), texRes=128.0, units='height', win=Window(...))
7.6364 	EXP 	window1: mouseVisible = True
7.6375 	EXP 	Created text_2 = TextStim(__class__=<class 'psychopy.visual.text.TextStim'>, alignHoriz=method-wrapper(...), alignText='center', alignVert=method-wrapper(...), anchorHoriz='center', anchorVert='center', antialias=True, autoDraw=False, autoLog=True, bold=False, color=array([1, 1, 1]), colorSpace='rgb', contrast=1.0, depth=-1.0, flipHoriz=False, flipVert=False, font='Open Sans', fontFiles=[], height=0.05, italic=False, languageStyle='LTR', name='text_2', opacity=1.0, ori=0.0, pos=array([0., 0.]), rgb=UNKNOWN, text='', units='height', win=Window(...), wrapWidth=1)
7.6618 	EXP 	Created EndText = TextStim(__class__=<class 'psychopy.visual.text.TextStim'>, alignHoriz=method-wrapper(...), alignText='center', alignVert=method-wrapper(...), anchorHoriz='center', anchorVert='center', antialias=True, autoDraw=False, autoLog=True, bold=False, color=array([-1, -1, -1]), colorSpace='rgb', contrast=1.0, depth=0.0, flipHoriz=False, flipVert=False, font='Arial', fontFiles=[], height=0.03, italic=False, languageStyle='LTR', name='EndText', opacity=1.0, ori=0, pos=array([0., 0.]), rgb=UNKNOWN, text=str(...), units='height', win=Window(...), wrapWidth=1)
7.6619 	EXP 	window1: mouseVisible = True
7.6676 	EXP 	slider_rad_therapy: autoLog = True
7.6676 	EXP 	slider_rad_therapy: markerPos = 3
7.6676 	EXP 	slider_rad_therapy: styleTweaks = []
7.6676 	EXP 	slider_rad_therapy: styleTweaks = []
7.6676 	EXP 	slider_rad_therapy: styleTweaks = ['labels45']
7.6676 	EXP 	slider_rad_therapy: styleTweaks = ['labels45']
7.6676 	EXP 	slider_rad_therapy: contrast = 1.0
7.6676 	EXP 	slider_rad_therapy: autoLog = True
7.6676 	EXP 	slider_surgery: autoLog = True
7.6676 	EXP 	slider_surgery: markerPos = 3
7.6676 	EXP 	slider_surgery: styleTweaks = []
7.6676 	EXP 	slider_surgery: styleTweaks = []
7.6676 	EXP 	slider_surgery: styleTweaks = ['labels45']
7.6676 	EXP 	slider_surgery: styleTweaks = ['labels45']
7.6676 	EXP 	slider_surgery: contrast = 1.0
7.6676 	EXP 	slider_surgery: autoLog = True
7.6676 	EXP 	slider_trustworthy: autoLog = True
7.6676 	EXP 	slider_trustworthy: markerPos = None
7.6676 	EXP 	slider_trustworthy: styleTweaks = []
7.6676 	EXP 	slider_trustworthy: styleTweaks = []
7.6676 	EXP 	slider_trustworthy: styleTweaks = []
7.6676 	EXP 	slider_trustworthy: styleTweaks = []
7.6676 	EXP 	slider_trustworthy: contrast = 1.0
7.6676 	EXP 	slider_trustworthy: autoLog = True
7.6676 	EXP 	slider_aggressive: autoLog = True
7.6676 	EXP 	slider_aggressive: markerPos = None
7.6676 	EXP 	slider_aggressive: styleTweaks = []
7.6676 	EXP 	slider_aggressive: styleTweaks = []
7.6676 	EXP 	slider_aggressive: styleTweaks = []
7.6676 	EXP 	slider_aggressive: styleTweaks = []
7.6676 	EXP 	slider_aggressive: contrast = 1.0
7.6676 	EXP 	slider_aggressive: autoLog = True
7.6676 	EXP 	ques_instr: autoDraw = True
8.0749 	DATA 	Mouse: Left button down, pos=(666,541)
8.1769 	DATA 	Mouse:  Left button up, pos=(666,541)
9.3443 	DATA 	Mouse: Left button down, pos=(948,570)
9.3932 	EXP 	ques_instr: autoDraw = False
9.3932 	EXP 	slider_rad_therapy: markerPos = None
9.3932 	EXP 	slider_rad_therapy: markerPos = 3
9.3932 	EXP 	slider_surgery: markerPos = None
9.3932 	EXP 	slider_surgery: markerPos = 3
9.3932 	EXP 	slider_rad_therapy: autoDraw = True
9.3932 	EXP 	text_rad_therapy: autoDraw = True
9.3932 	EXP 	slider_surgery: autoDraw = True
9.3932 	EXP 	text_surgery: autoDraw = True
9.3932 	EXP 	image: autoDraw = True
9.4588 	DATA 	Mouse:  Left button up, pos=(948,570)
10.3444 	DATA 	Mouse: Left button down, pos=(1713,89)
10.3687 	EXP 	slider_rad_therapy: autoDraw = False
10.3687 	EXP 	text_rad_therapy: autoDraw = False
10.3687 	EXP 	slider_surgery: autoDraw = False
10.3687 	EXP 	text_surgery: autoDraw = False
10.3687 	EXP 	image: autoDraw = False
10.3687 	EXP 	instrBlock: height = 0.05
10.3687 	EXP 	instrBlock: height = 0.05
10.3687 	EXP 	instrBlock: height = 0.05
10.3687 	EXP 	instrBlock: text = 'Each patient below has been diagnosed with a low-risk, non-sclerosing, early-stage basal cell skin cancer. The patients are otherwise in good health. For each face, please indicate how likely you would be to recommend surgery versus radiation in the management of each lesion. \nPlease click anywhere to start'
10.3687 	EXP 	instrBlock: autoDraw = True
10.4558 	DATA 	Mouse:  Left button up, pos=(1711,92)
10.9684 	DATA 	Mouse: Left button down, pos=(1018,593)
10.9763 	DEBUG 	Read excel file with openpyxl: faceImages.xlsx
10.9774 	EXP 	Imported faceImages.xlsx as conditions, 95 conditions, 1 params
10.9785 	EXP 	Created sequence: random, trialTypes=95, nReps=1, seed=None
10.9786 	EXP 	New trial (rep=0, index=0): {'faceImages': 'images\\FOREHEAD_CFD_LM_203_026_N.png'}
10.9792 	EXP 	New trial (rep=0, index=1): {'faceImages': 'images\\LCHEEK_CFD_WF_002_004_N.png'}
10.9797 	EXP 	New trial (rep=0, index=2): {'faceImages': 'images\\FOREHEAD_035_M_F_N_A.png'}
10.9800 	EXP 	New trial (rep=0, index=3): {'faceImages': 'images\\LCHEEK_CFD_WM_212_097_N.png'}
10.9804 	EXP 	New trial (rep=0, index=4): {'faceImages': 'images\\LIP_136_M_M_N_A.png'}
10.9809 	EXP 	New trial (rep=0, index=5): {'faceImages': 'images\\RCHEEK_CFD_LF_224_176_N.png'}
10.9813 	EXP 	New trial (rep=0, index=6): {'faceImages': 'images\\RCHEEK_CFD_WF_002_004_N.png'}
10.9818 	EXP 	New trial (rep=0, index=7): {'faceImages': 'images\\NASALTIP_CFD_LM_203_026_N.png'}
10.9823 	EXP 	New trial (rep=0, index=8): {'faceImages': 'images\\LCHEEK_CFD_BF_214_308_N.png'}
10.9827 	EXP 	New trial (rep=0, index=9): {'faceImages': 'images\\LCHEEK_CFD_WF_200_099_N.png'}
10.9830 	EXP 	New trial (rep=0, index=10): {'faceImages': 'images\\NASALTIP_CFD_LM_201_057_N.png'}
10.9834 	EXP 	New trial (rep=0, index=11): {'faceImages': 'images\\FOREHEAD_CFD_AM_233_236_N.png'}
10.9836 	EXP 	New trial (rep=0, index=12): {'faceImages': 'images\\RCHEEK_CFD_BM_213_134_N.png'}
10.9839 	EXP 	New trial (rep=0, index=13): {'faceImages': 'images\\LCHEEK_006_M_F_N_A.png'}
10.9844 	EXP 	New trial (rep=0, index=14): {'faceImages': 'images\\FOREHEAD_CFD_BM_213_134_N.png'}
10.9848 	EXP 	New trial (rep=0, index=15): {'faceImages': 'images\\NASALTIP_136_M_M_N_A.png'}
10.9853 	EXP 	New trial (rep=0, index=16): {'faceImages': 'images\\RCHEEK_CFD_BM_234_172_N.png'}
10.9857 	EXP 	New trial (rep=0, index=17): {'faceImages': 'images\\LCHEEK_CFD_LM_203_026_N.png'}
10.9860 	EXP 	New trial (rep=0, index=18): {'faceImages': 'images\\RCHEEK_006_M_F_N_A.png'}
10.9864 	EXP 	New trial (rep=0, index=19): {'faceImages': 'images\\RCHEEK_CFD_BF_214_308_N.png'}
10.9869 	EXP 	New trial (rep=0, index=20): {'faceImages': 'images\\LIP_CFD_LM_203_026_N.png'}
10.9872 	EXP 	New trial (rep=0, index=21): {'faceImages': 'images\\NASALTIP_CFD_BM_234_172_N.png'}
10.9876 	EXP 	New trial (rep=0, index=22): {'faceImages': 'images\\LCHEEK_CFD_AM_233_236_N.png'}
10.9881 	EXP 	New trial (rep=0, index=23): {'faceImages': 'images\\NASALTIP_CFD_AF_237_223_N.png'}
10.9884 	EXP 	New trial (rep=0, index=24): {'faceImages': 'images\\FOREHEAD_CFD_AF_231_357_N.png'}
10.9886 	EXP 	New trial (rep=0, index=25): {'faceImages': 'images\\RCHEEK_CFD_BF_224_002_N.png'}
10.9888 	EXP 	New trial (rep=0, index=26): {'faceImages': 'images\\LCHEEK_CFD_LF_224_176_N.png'}
10.9892 	EXP 	New trial (rep=0, index=27): {'faceImages': 'images\\LIP_CFD_BF_214_308_N.png'}
10.9894 	EXP 	New trial (rep=0, index=28): {'faceImages': 'images\\LIP_035_M_F_N_A.png'}
10.9896 	EXP 	New trial (rep=0, index=29): {'faceImages': 'images\\LCHEEK_035_M_F_N_A.png'}
10.9899 	EXP 	New trial (rep=0, index=30): {'faceImages': 'images\\NASALTIP_CFD_WF_250_167_N.png'}
10.9903 	EXP 	New trial (rep=0, index=31): {'faceImages': 'images\\RCHEEK_CFD_WF_250_167_N.png'}
10.9906 	EXP 	New trial (rep=0, index=32): {'faceImages': 'images\\LIP_CFD_BM_213_134_N.png'}
10.9909 	EXP 	New trial (rep=0, index=33): {'faceImages': 'images\\RCHEEK_087_M_M_N_A.png'}
10.9911 	EXP 	New trial (rep=0, index=34): {'faceImages': 'images\\RCHEEK_CFD_AF_245_143_N.png'}
10.9914 	EXP 	New trial (rep=0, index=35): {'faceImages': 'images\\NASALTIP_CFD_BF_214_308_N.png'}
10.9916 	EXP 	New trial (rep=0, index=36): {'faceImages': 'images\\FOREHEAD_CFD_WM_212_097_N.png'}
10.9919 	EXP 	New trial (rep=0, index=37): {'faceImages': 'images\\FOREHEAD_CFD_BF_224_002_N.png'}
10.9921 	EXP 	New trial (rep=0, index=38): {'faceImages': 'images\\FOREHEAD_CFD_WF_250_167_N.png'}
10.9924 	EXP 	New trial (rep=0, index=39): {'faceImages': 'images\\LIP_CFD_LF_224_176_N.png'}
10.9926 	EXP 	New trial (rep=0, index=40): {'faceImages': 'images\\LIP_CFD_LM_201_057_N.png'}
10.9929 	EXP 	New trial (rep=0, index=41): {'faceImages': 'images\\LCHEEK_CFD_WF_250_167_N.png'}
10.9931 	EXP 	New trial (rep=0, index=42): {'faceImages': 'images\\RCHEEK_CFD_LM_201_057_N.png'}
10.9934 	EXP 	New trial (rep=0, index=43): {'faceImages': 'images\\NASALTIP_CFD_AF_245_143_N.png'}
10.9936 	EXP 	New trial (rep=0, index=44): {'faceImages': 'images\\LCHEEK_CFD_BF_224_002_N.png'}
10.9939 	EXP 	New trial (rep=0, index=45): {'faceImages': 'images\\RCHEEK_CFD_LM_203_026_N.png'}
10.9941 	EXP 	New trial (rep=0, index=46): {'faceImages': 'images\\LCHEEK_CFD_AF_237_223_N.png'}
10.9944 	EXP 	New trial (rep=0, index=47): {'faceImages': 'images\\FOREHEAD_006_M_F_N_A.png'}
10.9946 	EXP 	New trial (rep=0, index=48): {'faceImages': 'images\\LCHEEK_CFD_AF_245_143_N.png'}
10.9948 	EXP 	New trial (rep=0, index=49): {'faceImages': 'images\\RCHEEK_CFD_WM_212_097_N.png'}
10.9951 	EXP 	New trial (rep=0, index=50): {'faceImages': 'images\\NASALTIP_035_M_F_N_A.png'}
10.9953 	EXP 	New trial (rep=0, index=51): {'faceImages': 'images\\LCHEEK_CFD_BM_213_134_N.png'}
10.9955 	EXP 	New trial (rep=0, index=52): {'faceImages': 'images\\NASALTIP_CFD_WM_212_097_N.png'}
10.9957 	EXP 	New trial (rep=0, index=53): {'faceImages': 'images\\LCHEEK_CFD_BM_234_172_N.png'}
10.9960 	EXP 	New trial (rep=0, index=54): {'faceImages': 'images\\FOREHEAD_087_M_M_N_A.png'}
10.9962 	EXP 	New trial (rep=0, index=55): {'faceImages': 'images\\LCHEEK_CFD_LM_201_057_N.png'}
10.9964 	EXP 	New trial (rep=0, index=56): {'faceImages': 'images\\LIP_CFD_AF_245_143_N.png'}
10.9967 	EXP 	New trial (rep=0, index=57): {'faceImages': 'images\\FOREHEAD_CFD_BM_234_172_N.png'}
10.9970 	EXP 	New trial (rep=0, index=58): {'faceImages': 'images\\NASALTIP_CFD_BM_213_134_N.png'}
10.9972 	EXP 	New trial (rep=0, index=59): {'faceImages': 'images\\NASALTIP_CFD_AF_231_357_N.png'}
10.9974 	EXP 	New trial (rep=0, index=60): {'faceImages': 'images\\FOREHEAD_CFD_AF_237_223_N.png'}
10.9976 	EXP 	New trial (rep=0, index=61): {'faceImages': 'images\\FOREHEAD_136_M_M_N_A.png'}
10.9979 	EXP 	New trial (rep=0, index=62): {'faceImages': 'images\\NASALTIP_087_M_M_N_A.png'}
10.9981 	EXP 	New trial (rep=0, index=63): {'faceImages': 'images\\LIP_CFD_BF_224_002_N.png'}
10.9983 	EXP 	New trial (rep=0, index=64): {'faceImages': 'images\\NASALTIP_CFD_BF_224_002_N.png'}
10.9986 	EXP 	New trial (rep=0, index=65): {'faceImages': 'images\\FOREHEAD_CFD_LM_201_057_N.png'}
10.9988 	EXP 	New trial (rep=0, index=66): {'faceImages': 'images\\LIP_CFD_BM_234_172_N.png'}
10.9990 	EXP 	New trial (rep=0, index=67): {'faceImages': 'images\\LIP_CFD_WF_250_167_N.png'}
10.9993 	EXP 	New trial (rep=0, index=68): {'faceImages': 'images\\RCHEEK_CFD_AF_237_223_N.png'}
10.9995 	EXP 	New trial (rep=0, index=69): {'faceImages': 'images\\NASALTIP_006_M_F_N_A.png'}
10.9997 	EXP 	New trial (rep=0, index=70): {'faceImages': 'images\\NASALTIP_CFD_WF_002_004_N.png'}
11.0000 	EXP 	New trial (rep=0, index=71): {'faceImages': 'images\\LIP_CFD_AF_231_357_N.png'}
11.0002 	EXP 	New trial (rep=0, index=72): {'faceImages': 'images\\NASALTIP_CFD_AM_233_236_N.png'}
11.0004 	EXP 	New trial (rep=0, index=73): {'faceImages': 'images\\FOREHEAD_CFD_WF_002_004_N.png'}
11.0006 	EXP 	New trial (rep=0, index=74): {'faceImages': 'images\\RCHEEK_CFD_AF_231_357_N.png'}
11.0009 	EXP 	New trial (rep=0, index=75): {'faceImages': 'images\\NASALTIP_CFD_LF_224_176_N.png'}
11.0011 	EXP 	New trial (rep=0, index=76): {'faceImages': 'images\\NASALTIP_CFD_WF_200_099_N.png'}
11.0013 	EXP 	New trial (rep=0, index=77): {'faceImages': 'images\\LIP_006_M_F_N_A.png'}
11.0015 	EXP 	New trial (rep=0, index=78): {'faceImages': 'images\\FOREHEAD_CFD_AF_245_143_N.png'}
11.0018 	EXP 	New trial (rep=0, index=79): {'faceImages': 'images\\RCHEEK_CFD_WF_200_099_N.png'}
11.0020 	EXP 	New trial (rep=0, index=80): {'faceImages': 'images\\LIP_CFD_WF_002_004_N.png'}
11.0022 	EXP 	New trial (rep=0, index=81): {'faceImages': 'images\\RCHEEK_035_M_F_N_A.png'}
11.0025 	EXP 	New trial (rep=0, index=82): {'faceImages': 'images\\LCHEEK_087_M_M_N_A.png'}
11.0027 	EXP 	New trial (rep=0, index=83): {'faceImages': 'images\\LCHEEK_CFD_AF_231_357_N.png'}
11.0029 	EXP 	New trial (rep=0, index=84): {'faceImages': 'images\\LIP_087_M_M_N_A.png'}
11.0032 	EXP 	New trial (rep=0, index=85): {'faceImages': 'images\\LIP_CFD_WF_200_099_N.png'}
11.0034 	EXP 	New trial (rep=0, index=86): {'faceImages': 'images\\FOREHEAD_CFD_BF_214_308_N.png'}
11.0037 	EXP 	New trial (rep=0, index=87): {'faceImages': 'images\\RCHEEK_136_M_M_N_A.png'}
11.0040 	EXP 	New trial (rep=0, index=88): {'faceImages': 'images\\LIP_CFD_WM_212_097_N.png'}
11.0043 	EXP 	New trial (rep=0, index=89): {'faceImages': 'images\\FOREHEAD_CFD_WF_200_099_N.png'}
11.0045 	EXP 	New trial (rep=0, index=90): {'faceImages': 'images\\LIP_CFD_AM_233_236_N.png'}
11.0047 	EXP 	New trial (rep=0, index=91): {'faceImages': 'images\\LIP_CFD_AF_237_223_N.png'}
11.0050 	EXP 	New trial (rep=0, index=92): {'faceImages': 'images\\RCHEEK_CFD_AM_233_236_N.png'}
11.0052 	EXP 	New trial (rep=0, index=93): {'faceImages': 'images\\FOREHEAD_CFD_LF_224_176_N.png'}
11.0055 	EXP 	New trial (rep=0, index=94): {'faceImages': 'images\\LCHEEK_136_M_M_N_A.png'}
11.0089 	DEBUG 	Read excel file with openpyxl: Rating_BlockOrder.xlsx
11.0092 	EXP 	Imported Rating_BlockOrder.xlsx as conditions, 19 conditions, 1 params
11.0096 	EXP 	Created sequence: random, trialTypes=19, nReps=1, seed=None
11.0097 	EXP 	New trial (rep=0, index=0): {'faceImages_q': 'images\\FOREHEAD_CFD_BF_214_308_N.png'}
11.0186 	EXP 	instrBlock: autoDraw = False
11.0186 	EXP 	face_image_q: image = 'images\\FOREHEAD_CFD_BF_214_308_N.png'
11.0186 	EXP 	slider_trustworthy: markerPos = None
11.0186 	EXP 	slider_trustworthy: markerPos = None
11.0186 	EXP 	slider_aggressive: markerPos = None
11.0186 	EXP 	slider_aggressive: markerPos = None
11.0186 	EXP 	face_image_q: autoDraw = True
11.0735 	DATA 	Mouse:  Left button up, pos=(1017,593)
11.3178 	EXP 	slider_trustworthy: autoDraw = True
11.3178 	EXP 	text_trustworthy: autoDraw = True
11.3178 	EXP 	slider_aggressive: autoDraw = True
11.3178 	EXP 	text_aggressive: autoDraw = True
11.3178 	EXP 	Confirm: autoDraw = True
12.0547 	DATA 	Mouse: Left button down, pos=(1240,541)
12.0667 	EXP 	slider_trustworthy: markerPos = 4.037037037037037
12.0782 	EXP 	slider_trustworthy: markerPos = 4.037037037037037
12.0903 	EXP 	slider_trustworthy: markerPos = 4.037037037037037
12.1025 	EXP 	slider_trustworthy: markerPos = 4.037037037037037
12.1139 	EXP 	slider_trustworthy: markerPos = 4.037037037037037
12.1260 	EXP 	slider_trustworthy: markerPos = 4.037037037037037
12.1379 	EXP 	slider_trustworthy: markerPos = 4.037037037037037
12.1502 	EXP 	slider_trustworthy: markerPos = 4.037037037037037
12.1518 	DATA 	Mouse:  Left button up, pos=(1240,541)
12.1631 	EXP 	slider_trustworthy: markerPos = 4.0
12.7313 	DATA 	Mouse: Left button down, pos=(950,273)
12.7457 	EXP 	slider_aggressive: markerPos = 2.962962962962963
12.7578 	EXP 	slider_aggressive: markerPos = 2.962962962962963
12.7705 	EXP 	slider_aggressive: markerPos = 2.962962962962963
12.7833 	EXP 	slider_aggressive: markerPos = 2.962962962962963
12.7962 	EXP 	slider_aggressive: markerPos = 2.962962962962963
12.8078 	EXP 	slider_aggressive: markerPos = 2.962962962962963
12.8201 	EXP 	slider_aggressive: markerPos = 2.962962962962963
12.8314 	DATA 	Mouse:  Left button up, pos=(950,273)
12.8326 	EXP 	slider_aggressive: markerPos = 2.962962962962963
12.8452 	EXP 	slider_aggressive: markerPos = 3.0
14.9487 	DATA 	Mouse: Left button down, pos=(1028,86)
14.9604 	EXP 	face_image_q: autoDraw = False
14.9604 	EXP 	slider_trustworthy: autoDraw = False
14.9604 	EXP 	text_trustworthy: autoDraw = False
14.9604 	EXP 	slider_aggressive: autoDraw = False
14.9604 	EXP 	text_aggressive: autoDraw = False
14.9604 	EXP 	Confirm: autoDraw = False
14.9604 	EXP 	text_2: autoDraw = True
15.0316 	DATA 	Mouse:  Left button up, pos=(1028,86)
15.4685 	EXP 	New trial (rep=0, index=1): {'faceImages_q': 'images\\FOREHEAD_CFD_WF_200_099_N.png'}
15.4777 	EXP 	text_2: autoDraw = False
15.4777 	EXP 	text_2: autoDraw = False
15.4777 	EXP 	face_image_q: image = 'images\\FOREHEAD_CFD_WF_200_099_N.png'
15.4777 	EXP 	slider_trustworthy: markerPos = None
15.4777 	EXP 	slider_trustworthy: markerPos = None
15.4777 	EXP 	slider_aggressive: markerPos = None
15.4777 	EXP 	slider_aggressive: markerPos = None
15.4777 	EXP 	face_image_q: autoDraw = True
15.7793 	EXP 	slider_trustworthy: autoDraw = True
15.7793 	EXP 	text_trustworthy: autoDraw = True
15.7793 	EXP 	slider_aggressive: autoDraw = True
15.7793 	EXP 	text_aggressive: autoDraw = True
15.7793 	EXP 	Confirm: autoDraw = True
16.5334 	DATA 	Mouse: Left button down, pos=(944,554)
16.5469 	EXP 	slider_trustworthy: markerPos = 2.9407407407407407
16.5586 	EXP 	slider_trustworthy: markerPos = 2.9407407407407407
16.5711 	EXP 	slider_trustworthy: markerPos = 2.9407407407407407
16.5830 	EXP 	slider_trustworthy: markerPos = 2.9407407407407407
16.5954 	EXP 	slider_trustworthy: markerPos = 2.9407407407407407
16.6017 	DATA 	Mouse:  Left button up, pos=(944,554)
16.6085 	EXP 	slider_trustworthy: markerPos = 2.9407407407407407
16.6207 	EXP 	slider_trustworthy: markerPos = 3.0
16.9872 	DATA 	Mouse: Left button down, pos=(967,286)
17.0843 	DATA 	Mouse:  Left button up, pos=(967,286)
17.4480 	DATA 	Mouse: Left button down, pos=(958,281)
17.4624 	EXP 	slider_aggressive: markerPos = 2.992592592592593
17.4747 	EXP 	slider_aggressive: markerPos = 2.992592592592593
17.4874 	EXP 	slider_aggressive: markerPos = 2.992592592592593
17.4999 	EXP 	slider_aggressive: markerPos = 2.992592592592593
17.5126 	EXP 	slider_aggressive: markerPos = 2.992592592592593
17.5243 	EXP 	slider_aggressive: markerPos = 2.992592592592593
17.5373 	EXP 	slider_aggressive: markerPos = 2.992592592592593
17.5497 	EXP 	slider_aggressive: markerPos = 2.992592592592593
17.5557 	DATA 	Mouse:  Left button up, pos=(958,281)
17.5621 	EXP 	slider_aggressive: markerPos = 3.0
17.9175 	DATA 	Mouse: Left button down, pos=(973,71)
17.9331 	EXP 	face_image_q: autoDraw = False
17.9331 	EXP 	slider_trustworthy: autoDraw = False
17.9331 	EXP 	text_trustworthy: autoDraw = False
17.9331 	EXP 	slider_aggressive: autoDraw = False
17.9331 	EXP 	text_aggressive: autoDraw = False
17.9331 	EXP 	Confirm: autoDraw = False
17.9331 	EXP 	text_2: autoDraw = True
18.0033 	DATA 	Mouse:  Left button up, pos=(972,71)
18.7740 	EXP 	New trial (rep=0, index=2): {'faceImages_q': 'images\\FOREHEAD_CFD_AF_231_357_N.png'}
18.7826 	EXP 	text_2: autoDraw = False
18.7826 	EXP 	text_2: autoDraw = False
18.7826 	EXP 	face_image_q: image = 'images\\FOREHEAD_CFD_AF_231_357_N.png'
18.7826 	EXP 	slider_trustworthy: markerPos = None
18.7826 	EXP 	slider_trustworthy: markerPos = None
18.7826 	EXP 	slider_aggressive: markerPos = None
18.7826 	EXP 	slider_aggressive: markerPos = None
18.7826 	EXP 	face_image_q: autoDraw = True
19.0845 	EXP 	slider_trustworthy: autoDraw = True
19.0845 	EXP 	text_trustworthy: autoDraw = True
19.0845 	EXP 	slider_aggressive: autoDraw = True
19.0845 	EXP 	text_aggressive: autoDraw = True
19.0845 	EXP 	Confirm: autoDraw = True
19.5518 	DATA 	Mouse: Left button down, pos=(950,537)
19.5648 	EXP 	slider_trustworthy: markerPos = 2.962962962962963
19.5770 	EXP 	slider_trustworthy: markerPos = 2.962962962962963
19.5897 	EXP 	slider_trustworthy: markerPos = 2.962962962962963
19.6017 	EXP 	slider_trustworthy: markerPos = 2.962962962962963
19.6137 	EXP 	slider_trustworthy: markerPos = 2.962962962962963
19.6258 	EXP 	slider_trustworthy: markerPos = 2.962962962962963
19.6376 	EXP 	slider_trustworthy: markerPos = 2.962962962962963
19.6485 	DATA 	Mouse:  Left button up, pos=(950,537)
19.6510 	EXP 	slider_trustworthy: markerPos = 2.962962962962963
19.6630 	EXP 	slider_trustworthy: markerPos = 3.0
20.0238 	DATA 	Mouse: Left button down, pos=(967,269)
20.0361 	EXP 	slider_aggressive: markerPos = 3.025925925925926
20.0482 	EXP 	slider_aggressive: markerPos = 3.025925925925926
20.0614 	EXP 	slider_aggressive: markerPos = 3.025925925925926
20.0754 	EXP 	slider_aggressive: markerPos = 3.025925925925926
20.0881 	EXP 	slider_aggressive: markerPos = 3.025925925925926
20.0996 	EXP 	slider_aggressive: markerPos = 3.025925925925926
20.1121 	EXP 	slider_aggressive: markerPos = 3.025925925925926
20.1183 	DATA 	Mouse:  Left button up, pos=(967,269)
20.1246 	EXP 	slider_aggressive: markerPos = 3.0
20.3971 	DATA 	Mouse: Left button down, pos=(950,131)
20.4051 	EXP 	face_image_q: autoDraw = False
20.4051 	EXP 	slider_trustworthy: autoDraw = False
20.4051 	EXP 	text_trustworthy: autoDraw = False
20.4051 	EXP 	slider_aggressive: autoDraw = False
20.4051 	EXP 	text_aggressive: autoDraw = False
20.4051 	EXP 	Confirm: autoDraw = False
20.4051 	EXP 	text_2: autoDraw = True
20.5171 	DATA 	Mouse:  Left button up, pos=(950,131)
20.9055 	EXP 	New trial (rep=0, index=3): {'faceImages_q': 'images\\FOREHEAD_CFD_BM_234_172_N.png'}
20.9147 	EXP 	text_2: autoDraw = False
20.9147 	EXP 	text_2: autoDraw = False
20.9147 	EXP 	face_image_q: image = 'images\\FOREHEAD_CFD_BM_234_172_N.png'
20.9147 	EXP 	slider_trustworthy: markerPos = None
20.9147 	EXP 	slider_trustworthy: markerPos = None
20.9147 	EXP 	slider_aggressive: markerPos = None
20.9147 	EXP 	slider_aggressive: markerPos = None
20.9147 	EXP 	face_image_q: autoDraw = True
21.2157 	EXP 	slider_trustworthy: autoDraw = True
21.2157 	EXP 	text_trustworthy: autoDraw = True
21.2157 	EXP 	slider_aggressive: autoDraw = True
21.2157 	EXP 	text_aggressive: autoDraw = True
21.2157 	EXP 	Confirm: autoDraw = True
21.6266 	DATA 	Mouse: Left button down, pos=(960,534)
21.6453 	EXP 	slider_trustworthy: markerPos = 3.0
21.6572 	EXP 	slider_trustworthy: markerPos = 3.0
21.6687 	EXP 	slider_trustworthy: markerPos = 3.0
21.6810 	EXP 	slider_trustworthy: markerPos = 3.0
21.6931 	EXP 	slider_trustworthy: markerPos = 3.0
21.7047 	EXP 	slider_trustworthy: markerPos = 3.0
21.7172 	EXP 	slider_trustworthy: markerPos = 3.0
21.7242 	DATA 	Mouse:  Left button up, pos=(960,534)
21.7302 	EXP 	slider_trustworthy: markerPos = 3.0
21.7420 	EXP 	slider_trustworthy: markerPos = 3.0
22.1123 	DATA 	Mouse: Left button down, pos=(955,244)
22.2179 	DATA 	Mouse:  Left button up, pos=(955,246)
22.5747 	DATA 	Mouse: Left button down, pos=(964,264)
22.5885 	EXP 	slider_aggressive: markerPos = 3.0148148148148146
22.6008 	EXP 	slider_aggressive: markerPos = 3.0148148148148146
22.6131 	EXP 	slider_aggressive: markerPos = 3.0148148148148146
22.6251 	EXP 	slider_aggressive: markerPos = 3.0148148148148146
22.6372 	EXP 	slider_aggressive: markerPos = 3.0148148148148146
22.6488 	EXP 	slider_aggressive: markerPos = 3.0148148148148146
22.6618 	EXP 	slider_aggressive: markerPos = 3.0148148148148146
22.6746 	EXP 	slider_aggressive: markerPos = 3.0148148148148146
22.6872 	EXP 	slider_aggressive: markerPos = 3.0148148148148146
22.6876 	DATA 	Mouse:  Left button up, pos=(964,264)
22.6996 	EXP 	slider_aggressive: markerPos = 3.0
22.9411 	DATA 	Mouse: Left button down, pos=(932,138)
22.9532 	EXP 	face_image_q: autoDraw = False
22.9532 	EXP 	slider_trustworthy: autoDraw = False
22.9532 	EXP 	text_trustworthy: autoDraw = False
22.9532 	EXP 	slider_aggressive: autoDraw = False
22.9532 	EXP 	text_aggressive: autoDraw = False
22.9532 	EXP 	Confirm: autoDraw = False
22.9532 	EXP 	text_2: autoDraw = True
23.0519 	DATA 	Mouse:  Left button up, pos=(932,138)
23.7183 	EXP 	New trial (rep=0, index=4): {'faceImages_q': 'images\\FOREHEAD_CFD_BM_213_134_N.png'}
23.7279 	EXP 	text_2: autoDraw = False
23.7279 	EXP 	text_2: autoDraw = False
23.7279 	EXP 	face_image_q: image = 'images\\FOREHEAD_CFD_BM_213_134_N.png'
23.7279 	EXP 	slider_trustworthy: markerPos = None
23.7279 	EXP 	slider_trustworthy: markerPos = None
23.7279 	EXP 	slider_aggressive: markerPos = None
23.7279 	EXP 	slider_aggressive: markerPos = None
23.7279 	EXP 	face_image_q: autoDraw = True
24.0290 	EXP 	slider_trustworthy: autoDraw = True
24.0290 	EXP 	text_trustworthy: autoDraw = True
24.0290 	EXP 	slider_aggressive: autoDraw = True
24.0290 	EXP 	text_aggressive: autoDraw = True
24.0290 	EXP 	Confirm: autoDraw = True
24.3966 	DATA 	Mouse: Left button down, pos=(952,544)
24.4097 	EXP 	slider_trustworthy: markerPos = 2.9703703703703703
24.4218 	EXP 	slider_trustworthy: markerPos = 2.9703703703703703
24.4331 	EXP 	slider_trustworthy: markerPos = 2.9703703703703703
24.4471 	EXP 	slider_trustworthy: markerPos = 2.9703703703703703
24.4601 	EXP 	slider_trustworthy: markerPos = 2.9703703703703703
24.4730 	EXP 	slider_trustworthy: markerPos = 2.9703703703703703
24.4854 	DATA 	Mouse:  Left button up, pos=(952,544)
24.4878 	EXP 	slider_trustworthy: markerPos = 2.9703703703703703
24.4997 	EXP 	slider_trustworthy: markerPos = 3.0
25.0152 	DATA 	Mouse: Left button down, pos=(967,262)
25.0337 	EXP 	slider_aggressive: markerPos = 3.025925925925926
25.0475 	EXP 	slider_aggressive: markerPos = 3.025925925925926
25.0605 	EXP 	slider_aggressive: markerPos = 3.0296296296296297
25.0728 	EXP 	slider_aggressive: markerPos = 3.0296296296296297
25.0845 	DATA 	Mouse:  Left button up, pos=(968,262)
25.0861 	EXP 	slider_aggressive: markerPos = 3.0296296296296297
25.0980 	EXP 	slider_aggressive: markerPos = 3.0
25.4091 	DATA 	Mouse: Left button down, pos=(937,122)
25.4187 	EXP 	face_image_q: autoDraw = False
25.4187 	EXP 	slider_trustworthy: autoDraw = False
25.4187 	EXP 	text_trustworthy: autoDraw = False
25.4187 	EXP 	slider_aggressive: autoDraw = False
25.4187 	EXP 	text_aggressive: autoDraw = False
25.4187 	EXP 	Confirm: autoDraw = False
25.4187 	EXP 	text_2: autoDraw = True
25.5236 	DATA 	Mouse:  Left button up, pos=(937,123)
26.4054 	EXP 	New trial (rep=0, index=5): {'faceImages_q': 'images\\FOREHEAD_CFD_AF_245_143_N.png'}
26.4141 	EXP 	text_2: autoDraw = False
26.4141 	EXP 	text_2: autoDraw = False
26.4141 	EXP 	face_image_q: image = 'images\\FOREHEAD_CFD_AF_245_143_N.png'
26.4141 	EXP 	slider_trustworthy: markerPos = None
26.4141 	EXP 	slider_trustworthy: markerPos = None
26.4141 	EXP 	slider_aggressive: markerPos = None
26.4141 	EXP 	slider_aggressive: markerPos = None
26.4141 	EXP 	face_image_q: autoDraw = True
26.7165 	EXP 	slider_trustworthy: autoDraw = True
26.7165 	EXP 	text_trustworthy: autoDraw = True
26.7165 	EXP 	slider_aggressive: autoDraw = True
26.7165 	EXP 	text_aggressive: autoDraw = True
26.7165 	EXP 	Confirm: autoDraw = True
27.0591 	DATA 	Mouse: Left button down, pos=(964,528)
27.0723 	EXP 	slider_trustworthy: markerPos = 3.0148148148148146
27.0846 	EXP 	slider_trustworthy: markerPos = 3.0148148148148146
27.0965 	EXP 	slider_trustworthy: markerPos = 3.0148148148148146
27.1099 	EXP 	slider_trustworthy: markerPos = 3.0148148148148146
27.1218 	EXP 	slider_trustworthy: markerPos = 3.0148148148148146
27.1331 	EXP 	slider_trustworthy: markerPos = 3.0148148148148146
27.1451 	DATA 	Mouse:  Left button up, pos=(964,528)
27.1463 	EXP 	slider_trustworthy: markerPos = 3.0148148148148146
27.1582 	EXP 	slider_trustworthy: markerPos = 3.0
27.5616 	DATA 	Mouse: Left button down, pos=(966,280)
27.5764 	EXP 	slider_aggressive: markerPos = 3.022222222222222
27.5892 	EXP 	slider_aggressive: markerPos = 3.022222222222222
27.6018 	EXP 	slider_aggressive: markerPos = 3.022222222222222
27.6139 	EXP 	slider_aggressive: markerPos = 3.022222222222222
27.6272 	EXP 	slider_aggressive: markerPos = 3.022222222222222
27.6393 	EXP 	slider_aggressive: markerPos = 3.022222222222222
27.6512 	DATA 	Mouse:  Left button up, pos=(966,280)
27.6526 	EXP 	slider_aggressive: markerPos = 3.022222222222222
27.6650 	EXP 	slider_aggressive: markerPos = 3.0
27.9896 	DATA 	Mouse: Left button down, pos=(955,89)
28.0017 	EXP 	face_image_q: autoDraw = False
28.0017 	EXP 	slider_trustworthy: autoDraw = False
28.0017 	EXP 	text_trustworthy: autoDraw = False
28.0017 	EXP 	slider_aggressive: autoDraw = False
28.0017 	EXP 	text_aggressive: autoDraw = False
28.0017 	EXP 	Confirm: autoDraw = False
28.0017 	EXP 	text_2: autoDraw = True
28.0933 	DATA 	Mouse:  Left button up, pos=(955,89)
28.5097 	EXP 	New trial (rep=0, index=6): {'faceImages_q': 'images\\FOREHEAD_006_M_F_N_A.png'}
28.5193 	EXP 	text_2: autoDraw = False
28.5193 	EXP 	text_2: autoDraw = False
28.5193 	EXP 	face_image_q: image = 'images\\FOREHEAD_006_M_F_N_A.png'
28.5193 	EXP 	slider_trustworthy: markerPos = None
28.5193 	EXP 	slider_trustworthy: markerPos = None
28.5193 	EXP 	slider_aggressive: markerPos = None
28.5193 	EXP 	slider_aggressive: markerPos = None
28.5193 	EXP 	face_image_q: autoDraw = True
28.8201 	EXP 	slider_trustworthy: autoDraw = True
28.8201 	EXP 	text_trustworthy: autoDraw = True
28.8201 	EXP 	slider_aggressive: autoDraw = True
28.8201 	EXP 	text_aggressive: autoDraw = True
28.8201 	EXP 	Confirm: autoDraw = True
29.2654 	DATA 	Mouse: Left button down, pos=(958,560)
29.3637 	DATA 	Mouse:  Left button up, pos=(958,560)
29.5653 	DATA 	Mouse: Left button down, pos=(957,552)
29.5770 	EXP 	slider_trustworthy: markerPos = 2.988888888888889
29.5886 	EXP 	slider_trustworthy: markerPos = 2.988888888888889
29.6003 	EXP 	slider_trustworthy: markerPos = 2.988888888888889
29.6125 	EXP 	slider_trustworthy: markerPos = 2.988888888888889
29.6240 	EXP 	slider_trustworthy: markerPos = 2.988888888888889
29.6361 	EXP 	slider_trustworthy: markerPos = 2.988888888888889
29.6478 	EXP 	slider_trustworthy: markerPos = 2.988888888888889
29.6601 	EXP 	slider_trustworthy: markerPos = 2.988888888888889
29.6670 	DATA 	Mouse:  Left button up, pos=(957,552)
29.6724 	EXP 	slider_trustworthy: markerPos = 2.988888888888889
29.6845 	EXP 	slider_trustworthy: markerPos = 3.0
30.0635 	DATA 	Mouse: Left button down, pos=(961,269)
30.0750 	EXP 	slider_aggressive: markerPos = 3.0037037037037035
30.0879 	EXP 	slider_aggressive: markerPos = 3.0037037037037035
30.1013 	EXP 	slider_aggressive: markerPos = 3.0037037037037035
30.1130 	EXP 	slider_aggressive: markerPos = 3.0037037037037035
30.1254 	EXP 	slider_aggressive: markerPos = 3.0037037037037035
30.1375 	EXP 	slider_aggressive: markerPos = 3.0037037037037035
30.1498 	EXP 	slider_aggressive: markerPos = 3.0037037037037035
30.1552 	DATA 	Mouse:  Left button up, pos=(961,270)
30.1639 	EXP 	slider_aggressive: markerPos = 3.0
30.4103 	DATA 	Mouse: Left button down, pos=(921,104)
30.4252 	EXP 	face_image_q: autoDraw = False
30.4252 	EXP 	slider_trustworthy: autoDraw = False
30.4252 	EXP 	text_trustworthy: autoDraw = False
30.4252 	EXP 	slider_aggressive: autoDraw = False
30.4252 	EXP 	text_aggressive: autoDraw = False
30.4252 	EXP 	Confirm: autoDraw = False
30.4252 	EXP 	text_2: autoDraw = True
30.5103 	DATA 	Mouse:  Left button up, pos=(921,104)
31.1207 	EXP 	New trial (rep=0, index=7): {'faceImages_q': 'images\\FOREHEAD_CFD_LM_201_057_N.png'}
31.1295 	EXP 	text_2: autoDraw = False
31.1295 	EXP 	text_2: autoDraw = False
31.1295 	EXP 	face_image_q: image = 'images\\FOREHEAD_CFD_LM_201_057_N.png'
31.1295 	EXP 	slider_trustworthy: markerPos = None
31.1295 	EXP 	slider_trustworthy: markerPos = None
31.1295 	EXP 	slider_aggressive: markerPos = None
31.1295 	EXP 	slider_aggressive: markerPos = None
31.1295 	EXP 	face_image_q: autoDraw = True
31.4322 	EXP 	slider_trustworthy: autoDraw = True
31.4322 	EXP 	text_trustworthy: autoDraw = True
31.4322 	EXP 	slider_aggressive: autoDraw = True
31.4322 	EXP 	text_aggressive: autoDraw = True
31.4322 	EXP 	Confirm: autoDraw = True
31.9172 	DATA 	Mouse: Left button down, pos=(951,562)
32.0488 	DATA 	Mouse:  Left button up, pos=(951,562)
32.2323 	DATA 	Mouse: Left button down, pos=(952,541)
32.2452 	EXP 	slider_trustworthy: markerPos = 2.9703703703703703
32.2569 	EXP 	slider_trustworthy: markerPos = 2.9703703703703703
32.2693 	EXP 	slider_trustworthy: markerPos = 2.9703703703703703
32.2821 	EXP 	slider_trustworthy: markerPos = 2.9703703703703703
32.2939 	EXP 	slider_trustworthy: markerPos = 2.9703703703703703
32.3063 	EXP 	slider_trustworthy: markerPos = 2.9703703703703703
32.3182 	EXP 	slider_trustworthy: markerPos = 2.9703703703703703
32.3238 	DATA 	Mouse:  Left button up, pos=(952,541)
32.3304 	EXP 	slider_trustworthy: markerPos = 2.9703703703703703
32.3419 	EXP 	slider_trustworthy: markerPos = 3.0
32.9598 	DATA 	Mouse: Left button down, pos=(968,264)
32.9728 	EXP 	slider_aggressive: markerPos = 3.0296296296296297
32.9853 	EXP 	slider_aggressive: markerPos = 3.0296296296296297
32.9982 	EXP 	slider_aggressive: markerPos = 3.0296296296296297
33.0111 	EXP 	slider_aggressive: markerPos = 3.0296296296296297
33.0239 	EXP 	slider_aggressive: markerPos = 3.0296296296296297
33.0365 	EXP 	slider_aggressive: markerPos = 3.0296296296296297
33.0490 	EXP 	slider_aggressive: markerPos = 3.0296296296296297
33.0613 	DATA 	Mouse:  Left button up, pos=(968,264)
33.0628 	EXP 	slider_aggressive: markerPos = 3.0296296296296297
33.0759 	EXP 	slider_aggressive: markerPos = 3.0
33.4645 	DATA 	Mouse: Left button down, pos=(1003,120)
33.4737 	EXP 	face_image_q: autoDraw = False
33.4737 	EXP 	slider_trustworthy: autoDraw = False
33.4737 	EXP 	text_trustworthy: autoDraw = False
33.4737 	EXP 	slider_aggressive: autoDraw = False
33.4737 	EXP 	text_aggressive: autoDraw = False
33.4737 	EXP 	Confirm: autoDraw = False
33.4737 	EXP 	text_2: autoDraw = True
33.5795 	DATA 	Mouse:  Left button up, pos=(1004,118)
34.3986 	EXP 	New trial (rep=0, index=8): {'faceImages_q': 'images\\FOREHEAD_CFD_LM_203_026_N.png'}
34.4078 	EXP 	text_2: autoDraw = False
34.4078 	EXP 	text_2: autoDraw = False
34.4078 	EXP 	face_image_q: image = 'images\\FOREHEAD_CFD_LM_203_026_N.png'
34.4078 	EXP 	slider_trustworthy: markerPos = None
34.4078 	EXP 	slider_trustworthy: markerPos = None
34.4078 	EXP 	slider_aggressive: markerPos = None
34.4078 	EXP 	slider_aggressive: markerPos = None
34.4078 	EXP 	face_image_q: autoDraw = True
34.7097 	EXP 	slider_trustworthy: autoDraw = True
34.7097 	EXP 	text_trustworthy: autoDraw = True
34.7097 	EXP 	slider_aggressive: autoDraw = True
34.7097 	EXP 	text_aggressive: autoDraw = True
34.7097 	EXP 	Confirm: autoDraw = True
35.1641 	DATA 	Mouse: Left button down, pos=(979,539)
35.1837 	EXP 	slider_trustworthy: markerPos = 3.0703703703703704
35.1954 	EXP 	slider_trustworthy: markerPos = 3.0703703703703704
35.2080 	EXP 	slider_trustworthy: markerPos = 3.0703703703703704
35.2199 	EXP 	slider_trustworthy: markerPos = 3.066666666666667
35.2318 	EXP 	slider_trustworthy: markerPos = 3.066666666666667
35.2441 	DATA 	Mouse:  Left button up, pos=(975,541)
35.2462 	EXP 	slider_trustworthy: markerPos = 3.062962962962963
35.2584 	EXP 	slider_trustworthy: markerPos = 3.0
35.9475 	DATA 	Mouse: Left button down, pos=(974,261)
35.9537 	EXP 	slider_aggressive: markerPos = 3.051851851851852
35.9664 	EXP 	slider_aggressive: markerPos = 3.051851851851852
35.9787 	EXP 	slider_aggressive: markerPos = 3.0481481481481483
35.9909 	EXP 	slider_aggressive: markerPos = 3.0481481481481483
36.0025 	EXP 	slider_aggressive: markerPos = 3.0481481481481483
36.0146 	EXP 	slider_aggressive: markerPos = 3.0481481481481483
36.0267 	EXP 	slider_aggressive: markerPos = 3.0481481481481483
36.0391 	EXP 	slider_aggressive: markerPos = 3.0481481481481483
36.0511 	EXP 	slider_aggressive: markerPos = 3.0481481481481483
36.0586 	DATA 	Mouse:  Left button up, pos=(973,260)
36.0642 	EXP 	slider_aggressive: markerPos = 3.0
36.3515 	DATA 	Mouse: Left button down, pos=(940,168)
36.4614 	DATA 	Mouse:  Left button up, pos=(949,149)
36.6610 	DATA 	Mouse: Left button down, pos=(964,100)
36.6760 	EXP 	face_image_q: autoDraw = False
36.6760 	EXP 	slider_trustworthy: autoDraw = False
36.6760 	EXP 	text_trustworthy: autoDraw = False
36.6760 	EXP 	slider_aggressive: autoDraw = False
36.6760 	EXP 	text_aggressive: autoDraw = False
36.6760 	EXP 	Confirm: autoDraw = False
36.6760 	EXP 	text_2: autoDraw = True
36.7600 	DATA 	Mouse:  Left button up, pos=(965,100)
37.5309 	EXP 	New trial (rep=0, index=9): {'faceImages_q': 'images\\FOREHEAD_CFD_WF_250_167_N.png'}
37.5393 	EXP 	text_2: autoDraw = False
37.5393 	EXP 	text_2: autoDraw = False
37.5393 	EXP 	face_image_q: image = 'images\\FOREHEAD_CFD_WF_250_167_N.png'
37.5393 	EXP 	slider_trustworthy: markerPos = None
37.5393 	EXP 	slider_trustworthy: markerPos = None
37.5393 	EXP 	slider_aggressive: markerPos = None
37.5393 	EXP 	slider_aggressive: markerPos = None
37.5393 	EXP 	face_image_q: autoDraw = True
37.8408 	EXP 	slider_trustworthy: autoDraw = True
37.8408 	EXP 	text_trustworthy: autoDraw = True
37.8408 	EXP 	slider_aggressive: autoDraw = True
37.8408 	EXP 	text_aggressive: autoDraw = True
37.8408 	EXP 	Confirm: autoDraw = True
38.1961 	DATA 	Mouse: Left button down, pos=(977,533)
38.2100 	EXP 	slider_trustworthy: markerPos = 3.062962962962963
38.2222 	EXP 	slider_trustworthy: markerPos = 3.062962962962963
38.2342 	EXP 	slider_trustworthy: markerPos = 3.062962962962963
38.2462 	EXP 	slider_trustworthy: markerPos = 3.062962962962963
38.2590 	EXP 	slider_trustworthy: markerPos = 3.062962962962963
38.2664 	DATA 	Mouse:  Left button up, pos=(976,533)
38.2723 	EXP 	slider_trustworthy: markerPos = 3.0592592592592593
38.2839 	EXP 	slider_trustworthy: markerPos = 3.0
38.8177 	DATA 	Mouse: Left button down, pos=(962,280)
38.8313 	EXP 	slider_aggressive: markerPos = 3.0074074074074075
38.8437 	EXP 	slider_aggressive: markerPos = 3.0074074074074075
38.8562 	EXP 	slider_aggressive: markerPos = 3.0074074074074075
38.8684 	EXP 	slider_aggressive: markerPos = 3.0074074074074075
38.8807 	EXP 	slider_aggressive: markerPos = 3.0074074074074075
38.8944 	EXP 	slider_aggressive: markerPos = 3.0074074074074075
38.9060 	DATA 	Mouse:  Left button up, pos=(962,280)
38.9079 	EXP 	slider_aggressive: markerPos = 3.0074074074074075
38.9206 	EXP 	slider_aggressive: markerPos = 3.0
39.2286 	DATA 	Mouse: Left button down, pos=(957,110)
39.2391 	EXP 	face_image_q: autoDraw = False
39.2391 	EXP 	slider_trustworthy: autoDraw = False
39.2391 	EXP 	text_trustworthy: autoDraw = False
39.2391 	EXP 	slider_aggressive: autoDraw = False
39.2391 	EXP 	text_aggressive: autoDraw = False
39.2391 	EXP 	Confirm: autoDraw = False
39.2391 	EXP 	text_2: autoDraw = True
39.3291 	DATA 	Mouse:  Left button up, pos=(958,106)
40.0715 	EXP 	New trial (rep=0, index=10): {'faceImages_q': 'images\\FOREHEAD_CFD_WF_002_004_N.png'}
40.0808 	EXP 	text_2: autoDraw = False
40.0808 	EXP 	text_2: autoDraw = False
40.0808 	EXP 	face_image_q: image = 'images\\FOREHEAD_CFD_WF_002_004_N.png'
40.0808 	EXP 	slider_trustworthy: markerPos = None
40.0808 	EXP 	slider_trustworthy: markerPos = None
40.0808 	EXP 	slider_aggressive: markerPos = None
40.0808 	EXP 	slider_aggressive: markerPos = None
40.0808 	EXP 	face_image_q: autoDraw = True
40.3766 	EXP 	slider_trustworthy: autoDraw = True
40.3766 	EXP 	text_trustworthy: autoDraw = True
40.3766 	EXP 	slider_aggressive: autoDraw = True
40.3766 	EXP 	text_aggressive: autoDraw = True
40.3766 	EXP 	Confirm: autoDraw = True
40.8397 	DATA 	Mouse: Left button down, pos=(957,547)
40.8515 	EXP 	slider_trustworthy: markerPos = 2.988888888888889
40.8630 	EXP 	slider_trustworthy: markerPos = 2.988888888888889
40.8752 	EXP 	slider_trustworthy: markerPos = 2.988888888888889
40.8873 	EXP 	slider_trustworthy: markerPos = 2.988888888888889
40.9003 	EXP 	slider_trustworthy: markerPos = 2.988888888888889
40.9125 	EXP 	slider_trustworthy: markerPos = 2.988888888888889
40.9254 	EXP 	slider_trustworthy: markerPos = 2.988888888888889
40.9268 	DATA 	Mouse:  Left button up, pos=(957,547)
40.9382 	EXP 	slider_trustworthy: markerPos = 3.0
41.4107 	DATA 	Mouse: Left button down, pos=(952,295)
41.4906 	DATA 	Mouse:  Left button up, pos=(953,295)
41.8283 	DATA 	Mouse: Left button down, pos=(956,277)
41.8433 	EXP 	slider_aggressive: markerPos = 2.985185185185185
41.8609 	EXP 	slider_aggressive: markerPos = 2.985185185185185
41.8730 	EXP 	slider_aggressive: markerPos = 2.985185185185185
41.8848 	EXP 	slider_aggressive: markerPos = 2.985185185185185
41.8976 	EXP 	slider_aggressive: markerPos = 2.985185185185185
41.9099 	EXP 	slider_aggressive: markerPos = 2.985185185185185
41.9225 	EXP 	slider_aggressive: markerPos = 2.985185185185185
41.9355 	EXP 	slider_aggressive: markerPos = 2.985185185185185
41.9405 	DATA 	Mouse:  Left button up, pos=(956,277)
41.9479 	EXP 	slider_aggressive: markerPos = 3.0
42.1675 	DATA 	Mouse: Left button down, pos=(969,162)
42.1754 	EXP 	face_image_q: autoDraw = False
42.1754 	EXP 	slider_trustworthy: autoDraw = False
42.1754 	EXP 	text_trustworthy: autoDraw = False
42.1754 	EXP 	slider_aggressive: autoDraw = False
42.1754 	EXP 	text_aggressive: autoDraw = False
42.1754 	EXP 	Confirm: autoDraw = False
42.1754 	EXP 	text_2: autoDraw = True
42.2804 	DATA 	Mouse:  Left button up, pos=(969,161)
42.9259 	EXP 	New trial (rep=0, index=11): {'faceImages_q': 'images\\FOREHEAD_CFD_AF_237_223_N.png'}
42.9351 	EXP 	text_2: autoDraw = False
42.9351 	EXP 	text_2: autoDraw = False
42.9351 	EXP 	face_image_q: image = 'images\\FOREHEAD_CFD_AF_237_223_N.png'
42.9351 	EXP 	slider_trustworthy: markerPos = None
42.9351 	EXP 	slider_trustworthy: markerPos = None
42.9351 	EXP 	slider_aggressive: markerPos = None
42.9351 	EXP 	slider_aggressive: markerPos = None
42.9351 	EXP 	face_image_q: autoDraw = True
43.2382 	EXP 	slider_trustworthy: autoDraw = True
43.2382 	EXP 	text_trustworthy: autoDraw = True
43.2382 	EXP 	slider_aggressive: autoDraw = True
43.2382 	EXP 	text_aggressive: autoDraw = True
43.2382 	EXP 	Confirm: autoDraw = True
43.6736 	DATA 	Mouse: Left button down, pos=(955,526)
43.6877 	EXP 	slider_trustworthy: markerPos = 2.9814814814814814
43.6999 	EXP 	slider_trustworthy: markerPos = 2.9814814814814814
43.7119 	EXP 	slider_trustworthy: markerPos = 2.9814814814814814
43.7240 	EXP 	slider_trustworthy: markerPos = 2.9814814814814814
43.7360 	EXP 	slider_trustworthy: markerPos = 2.9814814814814814
43.7476 	EXP 	slider_trustworthy: markerPos = 2.9814814814814814
43.7591 	EXP 	slider_trustworthy: markerPos = 2.9814814814814814
43.7595 	DATA 	Mouse:  Left button up, pos=(955,526)
43.7715 	EXP 	slider_trustworthy: markerPos = 3.0
44.3735 	DATA 	Mouse: Left button down, pos=(964,262)
44.3893 	EXP 	slider_aggressive: markerPos = 3.0148148148148146
44.4016 	EXP 	slider_aggressive: markerPos = 3.0148148148148146
44.4140 	EXP 	slider_aggressive: markerPos = 3.0148148148148146
44.4254 	EXP 	slider_aggressive: markerPos = 3.0148148148148146
44.4378 	EXP 	slider_aggressive: markerPos = 3.0148148148148146
44.4443 	DATA 	Mouse:  Left button up, pos=(964,262)
44.4505 	EXP 	slider_aggressive: markerPos = 3.0
44.7573 	DATA 	Mouse: Left button down, pos=(966,125)
44.7723 	EXP 	face_image_q: autoDraw = False
44.7723 	EXP 	slider_trustworthy: autoDraw = False
44.7723 	EXP 	text_trustworthy: autoDraw = False
44.7723 	EXP 	slider_aggressive: autoDraw = False
44.7723 	EXP 	text_aggressive: autoDraw = False
44.7723 	EXP 	Confirm: autoDraw = False
44.7723 	EXP 	text_2: autoDraw = True
44.8636 	DATA 	Mouse:  Left button up, pos=(966,124)
45.3014 	EXP 	New trial (rep=0, index=12): {'faceImages_q': 'images\\FOREHEAD_CFD_WM_212_097_N.png'}
45.3124 	EXP 	text_2: autoDraw = False
45.3124 	EXP 	text_2: autoDraw = False
45.3124 	EXP 	face_image_q: image = 'images\\FOREHEAD_CFD_WM_212_097_N.png'
45.3124 	EXP 	slider_trustworthy: markerPos = None
45.3124 	EXP 	slider_trustworthy: markerPos = None
45.3124 	EXP 	slider_aggressive: markerPos = None
45.3124 	EXP 	slider_aggressive: markerPos = None
45.3124 	EXP 	face_image_q: autoDraw = True
45.6112 	EXP 	slider_trustworthy: autoDraw = True
45.6112 	EXP 	text_trustworthy: autoDraw = True
45.6112 	EXP 	slider_aggressive: autoDraw = True
45.6112 	EXP 	text_aggressive: autoDraw = True
45.6112 	EXP 	Confirm: autoDraw = True
46.1296 	DATA 	Mouse: Left button down, pos=(961,536)
46.1412 	EXP 	slider_trustworthy: markerPos = 3.0037037037037035
46.1537 	EXP 	slider_trustworthy: markerPos = 3.0037037037037035
46.1656 	EXP 	slider_trustworthy: markerPos = 3.0037037037037035
46.1783 	EXP 	slider_trustworthy: markerPos = 3.0037037037037035
46.1903 	EXP 	slider_trustworthy: markerPos = 3.0037037037037035
46.2018 	DATA 	Mouse:  Left button up, pos=(961,536)
46.2033 	EXP 	slider_trustworthy: markerPos = 3.0037037037037035
46.2151 	EXP 	slider_trustworthy: markerPos = 3.0
46.5923 	DATA 	Mouse: Left button down, pos=(958,266)
46.6054 	EXP 	slider_aggressive: markerPos = 2.992592592592593
46.6174 	EXP 	slider_aggressive: markerPos = 2.992592592592593
46.6299 	EXP 	slider_aggressive: markerPos = 2.992592592592593
46.6418 	EXP 	slider_aggressive: markerPos = 2.992592592592593
46.6546 	EXP 	slider_aggressive: markerPos = 2.992592592592593
46.6669 	EXP 	slider_aggressive: markerPos = 2.992592592592593
46.6798 	EXP 	slider_aggressive: markerPos = 2.992592592592593
46.6914 	DATA 	Mouse:  Left button up, pos=(958,266)
46.6925 	EXP 	slider_aggressive: markerPos = 2.992592592592593
46.7041 	EXP 	slider_aggressive: markerPos = 3.0
47.1691 	DATA 	Mouse: Left button down, pos=(986,58)
47.1825 	EXP 	face_image_q: autoDraw = False
47.1825 	EXP 	slider_trustworthy: autoDraw = False
47.1825 	EXP 	text_trustworthy: autoDraw = False
47.1825 	EXP 	slider_aggressive: autoDraw = False
47.1825 	EXP 	text_aggressive: autoDraw = False
47.1825 	EXP 	Confirm: autoDraw = False
47.1825 	EXP 	text_2: autoDraw = True
47.2387 	DATA 	Mouse:  Left button up, pos=(986,58)
48.1350 	EXP 	New trial (rep=0, index=13): {'faceImages_q': 'images\\FOREHEAD_136_M_M_N_A.png'}
48.1436 	EXP 	text_2: autoDraw = False
48.1436 	EXP 	text_2: autoDraw = False
48.1436 	EXP 	face_image_q: image = 'images\\FOREHEAD_136_M_M_N_A.png'
48.1436 	EXP 	slider_trustworthy: markerPos = None
48.1436 	EXP 	slider_trustworthy: markerPos = None
48.1436 	EXP 	slider_aggressive: markerPos = None
48.1436 	EXP 	slider_aggressive: markerPos = None
48.1436 	EXP 	face_image_q: autoDraw = True
48.4451 	EXP 	slider_trustworthy: autoDraw = True
48.4451 	EXP 	text_trustworthy: autoDraw = True
48.4451 	EXP 	slider_aggressive: autoDraw = True
48.4451 	EXP 	text_aggressive: autoDraw = True
48.4451 	EXP 	Confirm: autoDraw = True
48.8482 	DATA 	Mouse: Left button down, pos=(960,537)
48.8593 	EXP 	slider_trustworthy: markerPos = 3.0
48.8715 	EXP 	slider_trustworthy: markerPos = 3.0
48.8830 	EXP 	slider_trustworthy: markerPos = 3.0
48.8961 	EXP 	slider_trustworthy: markerPos = 3.0
48.9078 	EXP 	slider_trustworthy: markerPos = 3.0
48.9203 	EXP 	slider_trustworthy: markerPos = 3.0
48.9324 	EXP 	slider_trustworthy: markerPos = 3.0
48.9456 	EXP 	slider_trustworthy: markerPos = 3.0
48.9526 	DATA 	Mouse:  Left button up, pos=(960,537)
48.9578 	EXP 	slider_trustworthy: markerPos = 3.0
48.9703 	EXP 	slider_trustworthy: markerPos = 3.0
49.3840 	DATA 	Mouse: Left button down, pos=(957,275)
49.3910 	EXP 	slider_aggressive: markerPos = 2.988888888888889
49.4034 	EXP 	slider_aggressive: markerPos = 2.988888888888889
49.4155 	EXP 	slider_aggressive: markerPos = 2.988888888888889
49.4301 	EXP 	slider_aggressive: markerPos = 2.988888888888889
49.4435 	EXP 	slider_aggressive: markerPos = 2.988888888888889
49.4566 	EXP 	slider_aggressive: markerPos = 2.988888888888889
49.4692 	EXP 	slider_aggressive: markerPos = 2.988888888888889
49.4704 	DATA 	Mouse:  Left button up, pos=(957,275)
49.4809 	EXP 	slider_aggressive: markerPos = 3.0
49.8529 	DATA 	Mouse: Left button down, pos=(981,69)
49.8628 	EXP 	face_image_q: autoDraw = False
49.8628 	EXP 	slider_trustworthy: autoDraw = False
49.8628 	EXP 	text_trustworthy: autoDraw = False
49.8628 	EXP 	slider_aggressive: autoDraw = False
49.8628 	EXP 	text_aggressive: autoDraw = False
49.8628 	EXP 	Confirm: autoDraw = False
49.8628 	EXP 	text_2: autoDraw = True
49.9536 	DATA 	Mouse:  Left button up, pos=(981,70)
50.5024 	EXP 	New trial (rep=0, index=14): {'faceImages_q': 'images\\FOREHEAD_087_M_M_N_A.png'}
50.5110 	EXP 	text_2: autoDraw = False
50.5110 	EXP 	text_2: autoDraw = False
50.5110 	EXP 	face_image_q: image = 'images\\FOREHEAD_087_M_M_N_A.png'
50.5110 	EXP 	slider_trustworthy: markerPos = None
50.5110 	EXP 	slider_trustworthy: markerPos = None
50.5110 	EXP 	slider_aggressive: markerPos = None
50.5110 	EXP 	slider_aggressive: markerPos = None
50.5110 	EXP 	face_image_q: autoDraw = True
50.8139 	EXP 	slider_trustworthy: autoDraw = True
50.8139 	EXP 	text_trustworthy: autoDraw = True
50.8139 	EXP 	slider_aggressive: autoDraw = True
50.8139 	EXP 	text_aggressive: autoDraw = True
50.8139 	EXP 	Confirm: autoDraw = True
51.4912 	DATA 	Mouse: Left button down, pos=(955,529)
51.5022 	EXP 	slider_trustworthy: markerPos = 2.9814814814814814
51.5146 	EXP 	slider_trustworthy: markerPos = 2.9814814814814814
51.5262 	EXP 	slider_trustworthy: markerPos = 2.9814814814814814
51.5384 	EXP 	slider_trustworthy: markerPos = 2.9814814814814814
51.5502 	EXP 	slider_trustworthy: markerPos = 2.9814814814814814
51.5619 	EXP 	slider_trustworthy: markerPos = 2.9814814814814814
51.5736 	EXP 	slider_trustworthy: markerPos = 2.9814814814814814
51.5849 	EXP 	slider_trustworthy: markerPos = 2.9814814814814814
51.5962 	DATA 	Mouse:  Left button up, pos=(955,529)
51.5975 	EXP 	slider_trustworthy: markerPos = 2.9814814814814814
51.6091 	EXP 	slider_trustworthy: markerPos = 3.0
51.9571 	DATA 	Mouse: Left button down, pos=(964,273)
51.9696 	EXP 	slider_aggressive: markerPos = 3.0148148148148146
51.9817 	EXP 	slider_aggressive: markerPos = 3.0148148148148146
51.9949 	EXP 	slider_aggressive: markerPos = 3.0148148148148146
52.0070 	EXP 	slider_aggressive: markerPos = 3.0148148148148146
52.0193 	EXP 	slider_aggressive: markerPos = 3.0148148148148146
52.0331 	EXP 	slider_aggressive: markerPos = 3.0148148148148146
52.0462 	EXP 	slider_aggressive: markerPos = 3.0148148148148146
52.0583 	DATA 	Mouse:  Left button up, pos=(964,273)
52.0600 	EXP 	slider_aggressive: markerPos = 3.0148148148148146
52.0716 	EXP 	slider_aggressive: markerPos = 3.0
52.3204 	DATA 	Mouse: Left button down, pos=(966,122)
52.3277 	EXP 	face_image_q: autoDraw = False
52.3277 	EXP 	slider_trustworthy: autoDraw = False
52.3277 	EXP 	text_trustworthy: autoDraw = False
52.3277 	EXP 	slider_aggressive: autoDraw = False
52.3277 	EXP 	text_aggressive: autoDraw = False
52.3277 	EXP 	Confirm: autoDraw = False
52.3277 	EXP 	text_2: autoDraw = True
52.4260 	DATA 	Mouse:  Left button up, pos=(968,122)
52.8355 	EXP 	New trial (rep=0, index=15): {'faceImages_q': 'images\\FOREHEAD_CFD_LF_224_176_N.png'}
52.8447 	EXP 	text_2: autoDraw = False
52.8447 	EXP 	text_2: autoDraw = False
52.8447 	EXP 	face_image_q: image = 'images\\FOREHEAD_CFD_LF_224_176_N.png'
52.8447 	EXP 	slider_trustworthy: markerPos = None
52.8447 	EXP 	slider_trustworthy: markerPos = None
52.8447 	EXP 	slider_aggressive: markerPos = None
52.8447 	EXP 	slider_aggressive: markerPos = None
52.8447 	EXP 	face_image_q: autoDraw = True
53.1467 	EXP 	slider_trustworthy: autoDraw = True
53.1467 	EXP 	text_trustworthy: autoDraw = True
53.1467 	EXP 	slider_aggressive: autoDraw = True
53.1467 	EXP 	text_aggressive: autoDraw = True
53.1467 	EXP 	Confirm: autoDraw = True
53.6349 	DATA 	Mouse: Left button down, pos=(955,542)
53.6479 	EXP 	slider_trustworthy: markerPos = 2.9814814814814814
53.6601 	EXP 	slider_trustworthy: markerPos = 2.9814814814814814
53.6720 	EXP 	slider_trustworthy: markerPos = 2.9814814814814814
53.6845 	EXP 	slider_trustworthy: markerPos = 2.9814814814814814
53.6961 	EXP 	slider_trustworthy: markerPos = 2.9814814814814814
53.7080 	EXP 	slider_trustworthy: markerPos = 2.9814814814814814
53.7204 	EXP 	slider_trustworthy: markerPos = 2.9814814814814814
53.7323 	EXP 	slider_trustworthy: markerPos = 2.9814814814814814
53.7445 	EXP 	slider_trustworthy: markerPos = 2.9814814814814814
53.7452 	DATA 	Mouse:  Left button up, pos=(955,542)
53.7573 	EXP 	slider_trustworthy: markerPos = 3.0
54.1225 	DATA 	Mouse: Left button down, pos=(955,261)
54.1288 	EXP 	slider_aggressive: markerPos = 2.985185185185185
54.1410 	EXP 	slider_aggressive: markerPos = 2.985185185185185
54.1534 	EXP 	slider_aggressive: markerPos = 2.988888888888889
54.1657 	EXP 	slider_aggressive: markerPos = 2.988888888888889
54.1784 	EXP 	slider_aggressive: markerPos = 2.988888888888889
54.1909 	EXP 	slider_aggressive: markerPos = 2.988888888888889
54.2031 	EXP 	slider_aggressive: markerPos = 2.988888888888889
54.2151 	DATA 	Mouse:  Left button up, pos=(957,257)
54.2172 	EXP 	slider_aggressive: markerPos = 2.988888888888889
54.2300 	EXP 	slider_aggressive: markerPos = 3.0
54.4635 	DATA 	Mouse: Left button down, pos=(973,115)
54.4728 	EXP 	face_image_q: autoDraw = False
54.4728 	EXP 	slider_trustworthy: autoDraw = False
54.4728 	EXP 	text_trustworthy: autoDraw = False
54.4728 	EXP 	slider_aggressive: autoDraw = False
54.4728 	EXP 	text_aggressive: autoDraw = False
54.4728 	EXP 	Confirm: autoDraw = False
54.4728 	EXP 	text_2: autoDraw = True
54.5853 	DATA 	Mouse:  Left button up, pos=(974,115)
55.0026 	EXP 	New trial (rep=0, index=16): {'faceImages_q': 'images\\FOREHEAD_CFD_AM_233_236_N.png'}
55.0114 	EXP 	text_2: autoDraw = False
55.0114 	EXP 	text_2: autoDraw = False
55.0114 	EXP 	face_image_q: image = 'images\\FOREHEAD_CFD_AM_233_236_N.png'
55.0114 	EXP 	slider_trustworthy: markerPos = None
55.0114 	EXP 	slider_trustworthy: markerPos = None
55.0114 	EXP 	slider_aggressive: markerPos = None
55.0114 	EXP 	slider_aggressive: markerPos = None
55.0114 	EXP 	face_image_q: autoDraw = True
55.3129 	EXP 	slider_trustworthy: autoDraw = True
55.3129 	EXP 	text_trustworthy: autoDraw = True
55.3129 	EXP 	slider_aggressive: autoDraw = True
55.3129 	EXP 	text_aggressive: autoDraw = True
55.3129 	EXP 	Confirm: autoDraw = True
55.6803 	DATA 	Mouse: Left button down, pos=(951,537)
55.6937 	EXP 	slider_trustworthy: markerPos = 2.966666666666667
55.7057 	EXP 	slider_trustworthy: markerPos = 2.966666666666667
55.7170 	EXP 	slider_trustworthy: markerPos = 2.966666666666667
55.7292 	EXP 	slider_trustworthy: markerPos = 2.966666666666667
55.7410 	EXP 	slider_trustworthy: markerPos = 2.966666666666667
55.7533 	EXP 	slider_trustworthy: markerPos = 2.966666666666667
55.7648 	EXP 	slider_trustworthy: markerPos = 2.966666666666667
55.7769 	DATA 	Mouse:  Left button up, pos=(951,537)
55.7789 	EXP 	slider_trustworthy: markerPos = 2.966666666666667
55.7910 	EXP 	slider_trustworthy: markerPos = 3.0
56.1956 	DATA 	Mouse: Left button down, pos=(959,263)
56.2017 	EXP 	slider_aggressive: markerPos = 2.996296296296296
56.2141 	EXP 	slider_aggressive: markerPos = 2.996296296296296
56.2266 	EXP 	slider_aggressive: markerPos = 2.996296296296296
56.2388 	EXP 	slider_aggressive: markerPos = 2.996296296296296
56.2514 	EXP 	slider_aggressive: markerPos = 2.996296296296296
56.2638 	EXP 	slider_aggressive: markerPos = 2.996296296296296
56.2760 	EXP 	slider_aggressive: markerPos = 2.996296296296296
56.2873 	DATA 	Mouse:  Left button up, pos=(959,263)
56.2899 	EXP 	slider_aggressive: markerPos = 2.996296296296296
56.3029 	EXP 	slider_aggressive: markerPos = 3.0
56.5463 	DATA 	Mouse: Left button down, pos=(969,94)
56.5567 	EXP 	face_image_q: autoDraw = False
56.5567 	EXP 	slider_trustworthy: autoDraw = False
56.5567 	EXP 	text_trustworthy: autoDraw = False
56.5567 	EXP 	slider_aggressive: autoDraw = False
56.5567 	EXP 	text_aggressive: autoDraw = False
56.5567 	EXP 	Confirm: autoDraw = False
56.5567 	EXP 	text_2: autoDraw = True
56.6697 	DATA 	Mouse:  Left button up, pos=(970,94)
57.3075 	EXP 	New trial (rep=0, index=17): {'faceImages_q': 'images\\FOREHEAD_CFD_BF_224_002_N.png'}
57.3170 	EXP 	text_2: autoDraw = False
57.3170 	EXP 	text_2: autoDraw = False
57.3170 	EXP 	face_image_q: image = 'images\\FOREHEAD_CFD_BF_224_002_N.png'
57.3170 	EXP 	slider_trustworthy: markerPos = None
57.3170 	EXP 	slider_trustworthy: markerPos = None
57.3170 	EXP 	slider_aggressive: markerPos = None
57.3170 	EXP 	slider_aggressive: markerPos = None
57.3170 	EXP 	face_image_q: autoDraw = True
57.6181 	EXP 	slider_trustworthy: autoDraw = True
57.6181 	EXP 	text_trustworthy: autoDraw = True
57.6181 	EXP 	slider_aggressive: autoDraw = True
57.6181 	EXP 	text_aggressive: autoDraw = True
57.6181 	EXP 	Confirm: autoDraw = True
58.0235 	DATA 	Mouse: Left button down, pos=(960,540)
58.0365 	EXP 	slider_trustworthy: markerPos = 3.0
58.0504 	EXP 	slider_trustworthy: markerPos = 3.0
58.0654 	EXP 	slider_trustworthy: markerPos = 3.0
58.0772 	EXP 	slider_trustworthy: markerPos = 3.0
58.0893 	EXP 	slider_trustworthy: markerPos = 3.0
58.1019 	EXP 	slider_trustworthy: markerPos = 3.0
58.1139 	EXP 	slider_trustworthy: markerPos = 3.0
58.1195 	DATA 	Mouse:  Left button up, pos=(960,540)
58.1259 	EXP 	slider_trustworthy: markerPos = 3.0
58.1383 	EXP 	slider_trustworthy: markerPos = 3.0
58.4832 	DATA 	Mouse: Left button down, pos=(957,244)
58.5896 	DATA 	Mouse:  Left button up, pos=(956,255)
58.7893 	DATA 	Mouse: Left button down, pos=(954,261)
58.8032 	EXP 	slider_aggressive: markerPos = 2.977777777777778
58.8151 	EXP 	slider_aggressive: markerPos = 2.977777777777778
58.8276 	EXP 	slider_aggressive: markerPos = 2.977777777777778
58.8403 	EXP 	slider_aggressive: markerPos = 2.977777777777778
58.8529 	EXP 	slider_aggressive: markerPos = 2.977777777777778
58.8656 	EXP 	slider_aggressive: markerPos = 2.977777777777778
58.8764 	DATA 	Mouse:  Left button up, pos=(954,261)
58.8787 	EXP 	slider_aggressive: markerPos = 2.977777777777778
58.8902 	EXP 	slider_aggressive: markerPos = 3.0
59.1307 	DATA 	Mouse: Left button down, pos=(957,116)
59.1399 	EXP 	face_image_q: autoDraw = False
59.1399 	EXP 	slider_trustworthy: autoDraw = False
59.1399 	EXP 	text_trustworthy: autoDraw = False
59.1399 	EXP 	slider_aggressive: autoDraw = False
59.1399 	EXP 	text_aggressive: autoDraw = False
59.1399 	EXP 	Confirm: autoDraw = False
59.1399 	EXP 	text_2: autoDraw = True
59.2390 	DATA 	Mouse:  Left button up, pos=(958,116)
59.6480 	EXP 	New trial (rep=0, index=18): {'faceImages_q': 'images\\FOREHEAD_035_M_F_N_A.png'}
59.6571 	EXP 	text_2: autoDraw = False
59.6571 	EXP 	text_2: autoDraw = False
59.6571 	EXP 	face_image_q: image = 'images\\FOREHEAD_035_M_F_N_A.png'
59.6571 	EXP 	slider_trustworthy: markerPos = None
59.6571 	EXP 	slider_trustworthy: markerPos = None
59.6571 	EXP 	slider_aggressive: markerPos = None
59.6571 	EXP 	slider_aggressive: markerPos = None
59.6571 	EXP 	face_image_q: autoDraw = True
59.9581 	EXP 	slider_trustworthy: autoDraw = True
59.9581 	EXP 	text_trustworthy: autoDraw = True
59.9581 	EXP 	slider_aggressive: autoDraw = True
59.9581 	EXP 	text_aggressive: autoDraw = True
59.9581 	EXP 	Confirm: autoDraw = True
60.5436 	DATA 	Mouse: Left button down, pos=(956,540)
60.5619 	EXP 	slider_trustworthy: markerPos = 2.985185185185185
60.5735 	EXP 	slider_trustworthy: markerPos = 2.985185185185185
60.5851 	EXP 	slider_trustworthy: markerPos = 2.985185185185185
60.5976 	EXP 	slider_trustworthy: markerPos = 2.985185185185185
60.6104 	EXP 	slider_trustworthy: markerPos = 2.985185185185185
60.6225 	EXP 	slider_trustworthy: markerPos = 2.985185185185185
60.6296 	DATA 	Mouse:  Left button up, pos=(956,540)
60.6372 	EXP 	slider_trustworthy: markerPos = 2.985185185185185
60.6488 	EXP 	slider_trustworthy: markerPos = 3.0
61.1739 	DATA 	Mouse: Left button down, pos=(959,269)
61.1802 	EXP 	slider_aggressive: markerPos = 2.996296296296296
61.1927 	EXP 	slider_aggressive: markerPos = 2.996296296296296
61.2052 	EXP 	slider_aggressive: markerPos = 2.996296296296296
61.2170 	EXP 	slider_aggressive: markerPos = 2.996296296296296
61.2292 	EXP 	slider_aggressive: markerPos = 2.996296296296296
61.2412 	EXP 	slider_aggressive: markerPos = 2.996296296296296
61.2539 	EXP 	slider_aggressive: markerPos = 2.996296296296296
61.2592 	DATA 	Mouse:  Left button up, pos=(959,269)
61.2663 	EXP 	slider_aggressive: markerPos = 3.0
61.4855 	DATA 	Mouse: Left button down, pos=(951,131)
61.5010 	EXP 	face_image_q: autoDraw = False
61.5010 	EXP 	slider_trustworthy: autoDraw = False
61.5010 	EXP 	text_trustworthy: autoDraw = False
61.5010 	EXP 	slider_aggressive: autoDraw = False
61.5010 	EXP 	text_aggressive: autoDraw = False
61.5010 	EXP 	Confirm: autoDraw = False
61.5010 	EXP 	text_2: autoDraw = True
61.5999 	DATA 	Mouse:  Left button up, pos=(951,131)
62.3003 	EXP 	text_2: autoDraw = False
62.3003 	EXP 	text_2: autoDraw = False
62.3003 	EXP 	EndText: autoDraw = True
64.0221 	DATA 	Mouse: Left button down, pos=(1053,508)
64.0288 	EXP 	EndText: autoDraw = False
64.0350 	INFO 	saved data to 'C:\\Users\\annak\\Documents\\GitHub\\faceattractiveness_lesion\\data/_FaceAttractiveness_2023-04-07_23h28.24.110.csv'
64.0368 	INFO 	saved data to C:\Users\annak\Documents\GitHub\faceattractiveness_lesion\data/_FaceAttractiveness_2023-04-07_23h28.24.110.psydat
64.0628 	EXP 	window1: mouseVisible = True
64.6463 	DEBUG 	Saving data for FaceAttractiveness ExperimentHandler
