4.8098 	INFO 	Loaded monitor calibration from ['2021_12_01 18:33']
4.8173 	WARNING 	User requested fullscreen with size [1536  864], but screen is actually [1920, 1080]. Using actual size
6.2216 	EXP 	Created window1 = Window(allowGUI=True, allowStencil=False, autoLog=True, backendConf=UNKNOWN, bitsMode=UNKNOWN, blendMode='avg', bpc=(8, 8, 8), color=array([0.09803922, 0.09803922, 0.09803922]), colorSpace='rgb', depthBits=8, fullscr=<method-wrapper '__getattribute__' of attributeSetter object at 0x000001EB9B455D90>, gamma=None, gammaErrorPolicy='raise', lms=UNKNOWN, monitor=<psychopy.monitors.calibTools.Monitor object at 0x000001EB9B83A280>, multiSample=False, name='window1', numSamples=2, pos=(0, 0), screen=0, size=array([1920, 1080]), stencilBits=0, stereo=False, units='height', useFBO=True, useRetina=False, viewOri=0.0, viewPos=None, viewScale=None, waitBlanking=True, winType='pyglet')
6.2217 	EXP 	window1: mouseVisible = True
6.2218 	EXP 	window1: mouseVisible = False
6.2218 	EXP 	window1: Attempting to measure frame rate of screen (0) ...
6.2218 	EXP 	window1: recordFrameIntervals = False
6.2905 	EXP 	window1: recordFrameIntervals = True
6.3674 	EXP 	Screen (0) actual frame rate measured at 145.55Hz
6.3675 	EXP 	window1: recordFrameIntervals = False
8.0812 	INFO 	keyboard.Keyboard is using iohub backend.
8.0963 	EXP 	Created face_image = ImageStim(__class__=<class 'psychopy.visual.image.ImageStim'>, anchor=('center', 'center'), autoLog=True, color=array([1, 1, 1]), colorSpace='rgb', contrast=1.0, depth=-1.0, flipHoriz=True, flipVert=False, image='sin', interpolate=False, mask=None, maskParams=None, name='face_image', opacity=1.0, ori=0.0, pos=array([  0., 100.]), size=array([960., 540.]), texRes=512, units='pix', win=Window(...))
8.1004 	EXP 	window1: mouseVisible = True
8.1085 	EXP 	Created slider = Slider(__class__=<class 'psychopy.visual.slider.Slider'>, autoDraw=False, autoLog=True, borderColor=None, color=None, colorSpace='rgb', depth=-2, fillColor=None, flip=False, font='HelveticaBold', granularity=0, labelColor=None, labelHeight=0.05, labelWrapWidth=None, labels=None, lineColor=None, markerColor=None, name='slider', opacity=None, ori=0, pos=array([ 0.  , -0.28]), readOnly=False, self=UNKNOWN, size=array([1.   , 0.025]), startValue=None, style=['rating'], styleTweaks=['triangleMarker'], ticks=array([  0,  25,  50,  75, 100]), units='height', win=Window(...))
8.1195 	EXP 	Created NextBu = ImageStim(__class__=<class 'psychopy.visual.image.ImageStim'>, anchor=('center', 'center'), autoLog=True, color=array([1, 1, 1]), colorSpace='rgb', contrast=1.0, depth=-3.0, flipHoriz=False, flipVert=False, image='Picture1-eng.png', interpolate=False, mask=None, maskParams=None, name='NextBu', opacity=1.0, ori=0.0, pos=array([0., 0.]), size=array([0.2, 0.1]), texRes=512, units='height', win=Window(...))
8.1330 	EXP 	Created text_4 = TextStim(__class__=<class 'psychopy.visual.text.TextStim'>, alignHoriz=method-wrapper(...), alignText='center', alignVert=method-wrapper(...), anchorHoriz='center', anchorVert='center', antialias=True, autoDraw=False, autoLog=True, bold=False, color=array([-1, -1, -1]), colorSpace='rgb', contrast=1.0, depth=-4.0, flipHoriz=False, flipVert=False, font='Arial', fontFiles=[], height=0.03, italic=False, languageStyle='LTR', name='text_4', opacity=1.0, ori=0, pos=array([-0.5 , -0.32]), rgb=UNKNOWN, text='', units='height', win=Window(...), wrapWidth=1)
8.1335 	EXP 	Created text_5 = TextStim(__class__=<class 'psychopy.visual.text.TextStim'>, alignHoriz=method-wrapper(...), alignText='center', alignVert=method-wrapper(...), anchorHoriz='center', anchorVert='center', antialias=True, autoDraw=False, autoLog=True, bold=False, color=array([-1, -1, -1]), colorSpace='rgb', contrast=1.0, depth=-5.0, flipHoriz=False, flipVert=False, font='Arial', fontFiles=[], height=0.03, italic=False, languageStyle='LTR', name='text_5', opacity=1.0, ori=0, pos=array([ 0.5 , -0.32]), rgb=UNKNOWN, text='', units='height', win=Window(...), wrapWidth=1)
8.1336 	EXP 	window1: mouseVisible = True
8.1948 	EXP 	Created EndText = TextStim(__class__=<class 'psychopy.visual.text.TextStim'>, alignHoriz=method-wrapper(...), alignText='center', alignVert=method-wrapper(...), anchorHoriz='center', anchorVert='center', antialias=True, autoDraw=False, autoLog=True, bold=False, color=array([-1, -1, -1]), colorSpace='rgb', contrast=1.0, depth=0.0, flipHoriz=False, flipVert=False, font='Arial', fontFiles=[], height=0.05, italic=False, languageStyle='LTR', name='EndText', opacity=1.0, ori=0, pos=array([0., 0.]), rgb=UNKNOWN, text=str(...), units='height', win=Window(...), wrapWidth=1)
8.1991 	DEBUG 	Read excel file with openpyxl: Rating_BlockOrder.xlsx
8.1992 	EXP 	Imported Rating_BlockOrder.xlsx as conditions, 1 conditions, 3 params
8.1995 	EXP 	Created sequence: fullRandom, trialTypes=1, nReps=1, seed=None
8.1996 	EXP 	New trial (rep=0, index=0): {'Task': 'treatment', 'LeftLabel': 'Never', 'RightLabel': 'Always'}
8.2001 	EXP 	Created sequence: sequential, trialTypes=1, nReps=95, seed=None
8.2004 	EXP 	New trial (rep=0, index=0): None
8.2154 	EXP 	slider: autoLog = True
8.2154 	EXP 	slider: markerPos = None
8.2154 	EXP 	slider: styleTweaks = []
8.2154 	EXP 	slider: styleTweaks = []
8.2154 	EXP 	slider: styleTweaks = ['triangleMarker']
8.2154 	EXP 	slider: styleTweaks = ['triangleMarker']
8.2154 	EXP 	slider: contrast = 1.0
8.2154 	EXP 	slider: autoLog = True
8.2154 	EXP 	face_image: image = 'images/FOREHEAD_006_M_F_N_A.png'
8.2154 	EXP 	slider: markerPos = None
8.2154 	EXP 	slider: markerPos = None
8.2154 	EXP 	text_4: height = 0.03
8.2154 	EXP 	text_4: height = 0.03
8.2154 	EXP 	text_4: height = 0.03
8.2154 	EXP 	text_4: text = 'Always'
8.2154 	EXP 	text_5: height = 0.03
8.2154 	EXP 	text_5: height = 0.03
8.2154 	EXP 	text_5: height = 0.03
8.2154 	EXP 	text_5: text = 'Never'
8.2154 	EXP 	face_image: autoDraw = True
8.5246 	EXP 	slider: autoDraw = True
8.5246 	EXP 	NextBu: autoDraw = True
8.5246 	EXP 	text_4: autoDraw = True
8.5246 	EXP 	text_5: autoDraw = True
11.5785 	DATA 	Mouse: Left button down, pos=(727,298)
11.7092 	DATA 	Mouse:  Left button up, pos=(727,298)
12.5796 	DATA 	Mouse: Left button down, pos=(861,213)
12.7033 	DATA 	Mouse:  Left button up, pos=(861,213)
12.9394 	DATA 	Mouse: Left button down, pos=(869,244)
12.9446 	EXP 	slider: markerPos = 41.574074074074076
12.9581 	EXP 	slider: markerPos = 41.574074074074076
12.9650 	EXP 	slider: markerPos = 41.574074074074076
12.9723 	EXP 	slider: markerPos = 41.574074074074076
12.9787 	EXP 	slider: markerPos = 41.574074074074076
12.9868 	EXP 	slider: markerPos = 41.574074074074076
12.9996 	EXP 	slider: markerPos = 41.574074074074076
13.0066 	EXP 	slider: markerPos = 41.574074074074076
13.0135 	EXP 	slider: markerPos = 41.574074074074076
13.0210 	EXP 	slider: markerPos = 41.574074074074076
13.0277 	EXP 	slider: markerPos = 41.574074074074076
13.0353 	EXP 	slider: markerPos = 41.574074074074076
13.0479 	EXP 	slider: markerPos = 41.574074074074076
13.0552 	EXP 	slider: markerPos = 41.574074074074076
13.0573 	DATA 	Mouse:  Left button up, pos=(869,244)
13.0626 	EXP 	slider: markerPos = 41.574074074074076
13.7187 	DATA 	Mouse: Left button down, pos=(986,126)
13.7258 	EXP 	New trial (rep=1, index=0): None
13.7332 	EXP 	face_image: autoDraw = False
13.7332 	EXP 	slider: autoDraw = False
13.7332 	EXP 	NextBu: autoDraw = False
13.7332 	EXP 	text_4: autoDraw = False
13.7332 	EXP 	text_5: autoDraw = False
13.7332 	EXP 	face_image: image = 'images/FOREHEAD_006_M_F_N_A.png'
13.7332 	EXP 	slider: markerPos = None
13.7332 	EXP 	slider: markerPos = None
13.7332 	EXP 	text_4: text = 'Always'
13.7332 	EXP 	text_5: text = 'Never'
13.7332 	EXP 	face_image: autoDraw = True
13.8340 	DATA 	Mouse:  Left button up, pos=(986,126)
14.0267 	EXP 	slider: autoDraw = True
14.0267 	EXP 	NextBu: autoDraw = True
14.0267 	EXP 	text_4: autoDraw = True
14.0267 	EXP 	text_5: autoDraw = True
50.9031 	DATA 	Mouse: Left button down, pos=(1013,181)
51.0134 	DATA 	Mouse:  Left button up, pos=(1023,187)
51.5127 	DATA 	Mouse: Left button down, pos=(973,270)
51.6354 	DATA 	Mouse:  Left button up, pos=(973,270)
51.8952 	DATA 	Mouse: Left button down, pos=(980,244)
51.9019 	EXP 	slider: markerPos = 51.85185185185185
51.9086 	EXP 	slider: markerPos = 51.85185185185185
51.9158 	EXP 	slider: markerPos = 51.85185185185185
51.9225 	EXP 	slider: markerPos = 51.85185185185185
51.9295 	EXP 	slider: markerPos = 51.85185185185185
51.9368 	EXP 	slider: markerPos = 51.85185185185185
51.9437 	EXP 	slider: markerPos = 51.85185185185185
51.9565 	EXP 	slider: markerPos = 51.85185185185185
51.9639 	EXP 	slider: markerPos = 51.85185185185185
51.9712 	EXP 	slider: markerPos = 51.85185185185185
51.9780 	EXP 	slider: markerPos = 51.94444444444445
51.9856 	EXP 	slider: markerPos = 52.03703703703704
51.9980 	EXP 	slider: markerPos = 52.03703703703704
52.0056 	EXP 	slider: markerPos = 52.03703703703704
52.0127 	EXP 	slider: markerPos = 52.03703703703704
52.0182 	DATA 	Mouse:  Left button up, pos=(982,244)
52.0209 	EXP 	slider: markerPos = 52.03703703703704
52.0328 	EXP 	slider: markerPos = 52.03703703703704
52.9547 	DATA 	Keypress: escape
53.5428 	EXP 	window1: mouseVisible = True
53.5428 	DEBUG 	Saving data for FaceAttractiveness ExperimentHandler
53.5447 	INFO 	saved data to C:\Users\annak\Documents\GitHub\faceattractiveness_lesion\data/_FaceAttractiveness_2023-04-05_22h13.22.773.psydat
53.5461 	INFO 	saved data to 'C:\\Users\\annak\\Documents\\GitHub\\faceattractiveness_lesion\\data/_FaceAttractiveness_2023-04-05_22h13.22.773.csv'
