4.1643 	INFO 	Loaded monitor calibration from ['2021_12_01 18:33']
4.1708 	WARNING 	User requested fullscreen with size [1536  864], but screen is actually [1920, 1080]. Using actual size
7.0912 	EXP 	Created window1 = Window(allowGUI=True, allowStencil=False, autoLog=True, backendConf=UNKNOWN, bitsMode=UNKNOWN, blendMode='avg', bpc=(8, 8, 8), color=array([0.09803922, 0.09803922, 0.09803922]), colorSpace='rgb', depthBits=8, fullscr=<method-wrapper '__getattribute__' of attributeSetter object at 0x0000012ED6FA2D60>, gamma=None, gammaErrorPolicy='raise', lms=UNKNOWN, monitor=<psychopy.monitors.calibTools.Monitor object at 0x0000012EDAB57220>, multiSample=False, name='window1', numSamples=2, pos=(0, 0), screen=0, size=array([1920, 1080]), stencilBits=0, stereo=False, units='height', useFBO=True, useRetina=False, viewOri=0.0, viewPos=None, viewScale=None, waitBlanking=True, winType='pyglet')
7.0912 	EXP 	window1: mouseVisible = True
7.0913 	EXP 	window1: mouseVisible = False
7.0913 	EXP 	window1: Attempting to measure frame rate of screen (0) ...
7.0913 	EXP 	window1: recordFrameIntervals = False
7.1601 	EXP 	window1: recordFrameIntervals = True
7.2367 	EXP 	Screen (0) actual frame rate measured at 144.01Hz
7.2368 	EXP 	window1: recordFrameIntervals = False
8.9411 	INFO 	keyboard.Keyboard is using iohub backend.
9.0129 	EXP 	Created ques_instr = TextStim(__class__=<class 'psychopy.visual.text.TextStim'>, alignHoriz=method-wrapper(...), alignText='center', alignVert=method-wrapper(...), anchorHoriz='center', anchorVert='center', antialias=True, autoDraw=False, autoLog=True, bold=False, color=array([1, 1, 1]), colorSpace='rgb', contrast=1.0, depth=0.0, flipHoriz=False, flipVert=False, font='Arial', fontFiles=[], height=0.04, italic=False, languageStyle='LTR', name='ques_instr', opacity=1.0, ori=0.0, pos=array([0., 0.]), rgb=UNKNOWN, text=str(...), units='height', win=Window(...), wrapWidth=1)
9.0131 	EXP 	window1: mouseVisible = True
9.0166 	EXP 	window1: mouseVisible = True
9.0249 	EXP 	Created slider_2 = Slider(__class__=<class 'psychopy.visual.slider.Slider'>, autoDraw=False, autoLog=True, borderColor=None, color=None, colorSpace='rgb', depth=0, fillColor=None, flip=False, font='Open Sans', granularity=0.0, labelColor=None, labelHeight=0.05, labelWrapWidth=None, labels=None, lineColor=None, markerColor=None, name='slider_2', opacity=None, ori=0.0, pos=array([ 0. , -0.4]), readOnly=False, self=UNKNOWN, size=array([1. , 0.1]), startValue=3, style='rating', styleTweaks=['triangleMarker'], ticks=array([1, 2, 3, 4, 5]), units='height', win=Window(...))
9.0548 	EXP 	Created EndText = TextStim(__class__=<class 'psychopy.visual.text.TextStim'>, alignHoriz=method-wrapper(...), alignText='center', alignVert=method-wrapper(...), anchorHoriz='center', anchorVert='center', antialias=True, autoDraw=False, autoLog=True, bold=False, color=array([-1, -1, -1]), colorSpace='rgb', contrast=1.0, depth=0.0, flipHoriz=False, flipVert=False, font='Arial', fontFiles=[], height=0.05, italic=False, languageStyle='LTR', name='EndText', opacity=1.0, ori=0, pos=array([0., 0.]), rgb=UNKNOWN, text=str(...), units='height', win=Window(...), wrapWidth=1)
9.0630 	EXP 	slider_2: autoLog = True
9.0630 	EXP 	slider_2: markerPos = 3
9.0630 	EXP 	slider_2: styleTweaks = []
9.0630 	EXP 	slider_2: styleTweaks = []
9.0630 	EXP 	slider_2: styleTweaks = ['triangleMarker']
9.0630 	EXP 	slider_2: styleTweaks = ['triangleMarker']
9.0630 	EXP 	slider_2: contrast = 1.0
9.0630 	EXP 	slider_2: autoLog = True
9.0630 	EXP 	ques_instr: autoDraw = True
10.4520 	DATA 	Mouse: Left button down, pos=(570,709)
10.4765 	EXP 	ques_instr: autoDraw = False
10.4765 	EXP 	slider_2: markerPos = None
10.4765 	EXP 	slider_2: markerPos = 3
10.4765 	EXP 	slider_2: autoDraw = True
10.4942 	DATA 	Mouse:  Left button up, pos=(570,709)
12.6115 	DATA 	Mouse: Left button down, pos=(988,102)
12.6180 	EXP 	slider_2: markerPos = 3.1037037037037036
12.6250 	EXP 	slider_2: markerPos = 3.1037037037037036
12.6321 	EXP 	slider_2: markerPos = 3.1037037037037036
12.6391 	EXP 	slider_2: markerPos = 3.1037037037037036
12.6462 	EXP 	slider_2: markerPos = 3.1037037037037036
12.6531 	EXP 	slider_2: markerPos = 3.1037037037037036
12.6599 	EXP 	slider_2: markerPos = 3.1037037037037036
12.6668 	EXP 	slider_2: markerPos = 3.1037037037037036
12.6738 	EXP 	slider_2: markerPos = 3.1037037037037036
12.6809 	EXP 	slider_2: markerPos = 3.1037037037037036
12.6878 	EXP 	slider_2: markerPos = 3.096296296296296
12.6947 	EXP 	slider_2: markerPos = 3.088888888888889
12.7014 	EXP 	slider_2: markerPos = 3.0814814814814815
12.7086 	EXP 	slider_2: markerPos = 3.0814814814814815
12.7155 	EXP 	slider_2: markerPos = 3.066666666666667
12.7224 	EXP 	slider_2: markerPos = 3.0481481481481483
12.7294 	EXP 	slider_2: markerPos = 3.022222222222222
12.7363 	EXP 	slider_2: markerPos = 2.996296296296296
12.7432 	EXP 	slider_2: markerPos = 2.966666666666667
12.7503 	EXP 	slider_2: markerPos = 2.966666666666667
12.7571 	EXP 	slider_2: markerPos = 2.948148148148148
12.7639 	EXP 	slider_2: markerPos = 2.9222222222222225
12.7711 	EXP 	slider_2: markerPos = 2.9037037037037035
12.7780 	EXP 	slider_2: markerPos = 2.8851851851851853
12.7849 	EXP 	slider_2: markerPos = 2.8703703703703702
12.7919 	EXP 	slider_2: markerPos = 2.859259259259259
12.7989 	EXP 	slider_2: markerPos = 2.8555555555555556
12.8059 	EXP 	slider_2: markerPos = 2.8555555555555556
12.8128 	EXP 	slider_2: markerPos = 2.8444444444444446
12.8197 	EXP 	slider_2: markerPos = 2.82962962962963
12.8266 	EXP 	slider_2: markerPos = 2.825925925925926
12.8335 	EXP 	slider_2: markerPos = 2.822222222222222
12.8405 	EXP 	slider_2: markerPos = 2.814814814814815
12.8472 	EXP 	slider_2: markerPos = 2.814814814814815
12.8542 	EXP 	slider_2: markerPos = 2.811111111111111
12.8613 	EXP 	slider_2: markerPos = 2.811111111111111
12.8683 	EXP 	slider_2: markerPos = 2.8
12.8752 	EXP 	slider_2: markerPos = 2.7925925925925927
12.8822 	EXP 	slider_2: markerPos = 2.7777777777777777
12.8890 	EXP 	slider_2: markerPos = 2.762962962962963
12.8960 	EXP 	slider_2: markerPos = 2.762962962962963
12.9031 	EXP 	slider_2: markerPos = 2.7555555555555555
12.9099 	EXP 	slider_2: markerPos = 2.7481481481481485
12.9169 	EXP 	slider_2: markerPos = 2.7333333333333334
12.9238 	EXP 	slider_2: markerPos = 2.7185185185185183
12.9306 	EXP 	slider_2: markerPos = 2.714814814814815
12.9377 	EXP 	slider_2: markerPos = 2.7
12.9446 	EXP 	slider_2: markerPos = 2.688888888888889
12.9516 	EXP 	slider_2: markerPos = 2.688888888888889
12.9585 	EXP 	slider_2: markerPos = 2.685185185185185
12.9655 	EXP 	slider_2: markerPos = 2.6703703703703705
12.9723 	EXP 	slider_2: markerPos = 2.662962962962963
12.9793 	EXP 	slider_2: markerPos = 2.6444444444444444
12.9863 	EXP 	slider_2: markerPos = 2.6333333333333333
12.9931 	EXP 	slider_2: markerPos = 2.6148148148148147
13.0002 	EXP 	slider_2: markerPos = 2.5925925925925926
13.0073 	EXP 	slider_2: markerPos = 2.5703703703703704
13.0140 	EXP 	slider_2: markerPos = 2.5703703703703704
13.0211 	EXP 	slider_2: markerPos = 2.5407407407407407
13.0279 	EXP 	slider_2: markerPos = 2.522222222222222
13.0350 	EXP 	slider_2: markerPos = 2.5
13.0418 	EXP 	slider_2: markerPos = 2.485185185185185
13.0488 	EXP 	slider_2: markerPos = 2.477777777777778
13.0557 	EXP 	slider_2: markerPos = 2.462962962962963
13.0626 	EXP 	slider_2: markerPos = 2.462962962962963
13.0697 	EXP 	slider_2: markerPos = 2.4444444444444446
13.0765 	EXP 	slider_2: markerPos = 2.425925925925926
13.0834 	EXP 	slider_2: markerPos = 2.4074074074074074
13.0902 	EXP 	slider_2: markerPos = 2.3814814814814813
13.0973 	EXP 	slider_2: markerPos = 2.3740740740740742
13.1044 	EXP 	slider_2: markerPos = 2.3740740740740742
13.1114 	EXP 	slider_2: markerPos = 2.3185185185185184
13.1182 	EXP 	slider_2: markerPos = 2.3185185185185184
13.1252 	EXP 	slider_2: markerPos = 2.311111111111111
13.1322 	EXP 	slider_2: markerPos = 2.2814814814814817
13.1391 	EXP 	slider_2: markerPos = 2.2555555555555555
13.1462 	EXP 	slider_2: markerPos = 2.248148148148148
13.1529 	EXP 	slider_2: markerPos = 2.248148148148148
13.1600 	EXP 	slider_2: markerPos = 2.2111111111111112
13.1668 	EXP 	slider_2: markerPos = 2.2111111111111112
13.1739 	EXP 	slider_2: markerPos = 2.2
13.1808 	EXP 	slider_2: markerPos = 2.1814814814814816
13.1878 	EXP 	slider_2: markerPos = 2.174074074074074
13.1948 	EXP 	slider_2: markerPos = 2.1555555555555554
13.2016 	EXP 	slider_2: markerPos = 2.148148148148148
13.2085 	EXP 	slider_2: markerPos = 2.148148148148148
13.2154 	EXP 	slider_2: markerPos = 2.1296296296296298
13.2223 	EXP 	slider_2: markerPos = 2.1185185185185187
13.2294 	EXP 	slider_2: markerPos = 2.0962962962962965
13.2363 	EXP 	slider_2: markerPos = 2.088888888888889
13.2433 	EXP 	slider_2: markerPos = 2.0814814814814815
13.2503 	EXP 	slider_2: markerPos = 2.0703703703703704
13.2572 	EXP 	slider_2: markerPos = 2.0703703703703704
13.2640 	EXP 	slider_2: markerPos = 2.0666666666666664
13.2710 	EXP 	slider_2: markerPos = 2.0592592592592593
13.2779 	EXP 	slider_2: markerPos = 2.051851851851852
13.2849 	EXP 	slider_2: markerPos = 2.0481481481481483
13.2918 	EXP 	slider_2: markerPos = 2.037037037037037
13.2989 	EXP 	slider_2: markerPos = 2.0296296296296297
13.3055 	EXP 	slider_2: markerPos = 2.0185185185185186
13.3125 	EXP 	slider_2: markerPos = 2.0185185185185186
13.3196 	EXP 	slider_2: markerPos = 2.0
13.3265 	EXP 	slider_2: markerPos = 1.974074074074074
13.3335 	EXP 	slider_2: markerPos = 1.9666666666666666
13.3539 	EXP 	slider_2: markerPos = 1.9296296296296296
13.3564 	EXP 	slider_2: markerPos = 1.9259259259259258
13.3612 	EXP 	slider_2: markerPos = 1.9148148148148147
13.3682 	EXP 	slider_2: markerPos = 1.9148148148148147
13.3749 	EXP 	slider_2: markerPos = 1.9037037037037037
13.3820 	EXP 	slider_2: markerPos = 1.9
13.3891 	EXP 	slider_2: markerPos = 1.8962962962962964
13.3960 	EXP 	slider_2: markerPos = 1.8925925925925926
13.4032 	EXP 	slider_2: markerPos = 1.8888888888888888
13.4100 	EXP 	slider_2: markerPos = 1.8814814814814815
13.4168 	EXP 	slider_2: markerPos = 1.8814814814814815
13.4238 	EXP 	slider_2: markerPos = 1.8777777777777778
13.4305 	EXP 	slider_2: markerPos = 1.8777777777777778
13.4377 	EXP 	slider_2: markerPos = 1.8777777777777778
13.4447 	EXP 	slider_2: markerPos = 1.8777777777777778
13.4516 	EXP 	slider_2: markerPos = 1.8777777777777778
13.4586 	EXP 	slider_2: markerPos = 1.8777777777777778
13.4653 	EXP 	slider_2: markerPos = 1.8777777777777778
13.4723 	EXP 	slider_2: markerPos = 1.8777777777777778
13.4793 	EXP 	slider_2: markerPos = 1.8777777777777778
13.4863 	EXP 	slider_2: markerPos = 1.8777777777777778
13.4932 	EXP 	slider_2: markerPos = 1.8777777777777778
13.5002 	EXP 	slider_2: markerPos = 1.8777777777777778
13.5072 	EXP 	slider_2: markerPos = 1.8777777777777778
13.5141 	EXP 	slider_2: markerPos = 1.8777777777777778
13.5210 	EXP 	slider_2: markerPos = 1.8777777777777778
13.5280 	EXP 	slider_2: markerPos = 1.8777777777777778
13.5349 	EXP 	slider_2: markerPos = 1.8777777777777778
13.5420 	EXP 	slider_2: markerPos = 1.8777777777777778
13.5489 	EXP 	slider_2: markerPos = 1.8777777777777778
13.5557 	EXP 	slider_2: markerPos = 1.8777777777777778
13.5627 	EXP 	slider_2: markerPos = 1.8777777777777778
13.5697 	EXP 	slider_2: markerPos = 1.8777777777777778
13.5766 	EXP 	slider_2: markerPos = 1.8777777777777778
13.5835 	EXP 	slider_2: markerPos = 1.8814814814814815
13.5906 	EXP 	slider_2: markerPos = 1.8888888888888888
13.5974 	EXP 	slider_2: markerPos = 1.9074074074074074
13.6044 	EXP 	slider_2: markerPos = 1.9074074074074074
13.6113 	EXP 	slider_2: markerPos = 1.9333333333333333
13.6183 	EXP 	slider_2: markerPos = 1.974074074074074
13.6251 	EXP 	slider_2: markerPos = 2.0185185185185186
13.6322 	EXP 	slider_2: markerPos = 2.051851851851852
13.6391 	EXP 	slider_2: markerPos = 2.1185185185185187
13.6461 	EXP 	slider_2: markerPos = 2.185185185185185
13.6531 	EXP 	slider_2: markerPos = 2.2222222222222223
13.6600 	EXP 	slider_2: markerPos = 2.2962962962962963
13.6668 	EXP 	slider_2: markerPos = 2.2962962962962963
13.6738 	EXP 	slider_2: markerPos = 2.340740740740741
13.6806 	EXP 	slider_2: markerPos = 2.3777777777777778
13.6876 	EXP 	slider_2: markerPos = 2.414814814814815
13.6947 	EXP 	slider_2: markerPos = 2.4703703703703703
13.7016 	EXP 	slider_2: markerPos = 2.5074074074074075
13.7086 	EXP 	slider_2: markerPos = 2.5407407407407407
13.7155 	EXP 	slider_2: markerPos = 2.5407407407407407
13.7224 	EXP 	slider_2: markerPos = 2.562962962962963
13.7293 	EXP 	slider_2: markerPos = 2.5962962962962965
13.7362 	EXP 	slider_2: markerPos = 2.6333333333333333
13.7433 	EXP 	slider_2: markerPos = 2.662962962962963
13.7502 	EXP 	slider_2: markerPos = 2.7
13.7571 	EXP 	slider_2: markerPos = 2.7
13.7641 	EXP 	slider_2: markerPos = 2.737037037037037
13.7711 	EXP 	slider_2: markerPos = 2.7518518518518515
13.7779 	EXP 	slider_2: markerPos = 2.7888888888888888
13.7849 	EXP 	slider_2: markerPos = 2.833333333333333
13.7919 	EXP 	slider_2: markerPos = 2.8777777777777778
13.7989 	EXP 	slider_2: markerPos = 2.9222222222222225
13.8058 	EXP 	slider_2: markerPos = 2.9222222222222225
13.8128 	EXP 	slider_2: markerPos = 2.9407407407407407
13.8196 	EXP 	slider_2: markerPos = 2.985185185185185
13.8266 	EXP 	slider_2: markerPos = 3.033333333333333
13.8336 	EXP 	slider_2: markerPos = 3.051851851851852
13.8403 	EXP 	slider_2: markerPos = 3.1037037037037036
13.8475 	EXP 	slider_2: markerPos = 3.1222222222222222
13.8543 	EXP 	slider_2: markerPos = 3.1703703703703705
13.8612 	EXP 	slider_2: markerPos = 3.225925925925926
13.8682 	EXP 	slider_2: markerPos = 3.225925925925926
13.8750 	EXP 	slider_2: markerPos = 3.251851851851852
13.8821 	EXP 	slider_2: markerPos = 3.311111111111111
13.8890 	EXP 	slider_2: markerPos = 3.337037037037037
13.8962 	EXP 	slider_2: markerPos = 3.4
13.9030 	EXP 	slider_2: markerPos = 3.425925925925926
13.9098 	EXP 	slider_2: markerPos = 3.488888888888889
13.9167 	EXP 	slider_2: markerPos = 3.488888888888889
13.9237 	EXP 	slider_2: markerPos = 3.514814814814815
13.9308 	EXP 	slider_2: markerPos = 3.5703703703703704
13.9378 	EXP 	slider_2: markerPos = 3.5925925925925926
13.9447 	EXP 	slider_2: markerPos = 3.6185185185185187
13.9516 	EXP 	slider_2: markerPos = 3.688888888888889
13.9585 	EXP 	slider_2: markerPos = 3.7074074074074073
13.9655 	EXP 	slider_2: markerPos = 3.7074074074074073
13.9724 	EXP 	slider_2: markerPos = 3.7333333333333334
13.9794 	EXP 	slider_2: markerPos = 3.7814814814814817
13.9863 	EXP 	slider_2: markerPos = 3.8074074074074074
13.9931 	EXP 	slider_2: markerPos = 3.851851851851852
14.0002 	EXP 	slider_2: markerPos = 3.8703703703703702
14.0073 	EXP 	slider_2: markerPos = 3.888888888888889
14.0141 	EXP 	slider_2: markerPos = 3.888888888888889
14.0210 	EXP 	slider_2: markerPos = 3.9037037037037035
14.0280 	EXP 	slider_2: markerPos = 3.937037037037037
14.0349 	EXP 	slider_2: markerPos = 3.9518518518518517
14.0418 	EXP 	slider_2: markerPos = 3.9592592592592593
14.0488 	EXP 	slider_2: markerPos = 3.9925925925925925
14.0557 	EXP 	slider_2: markerPos = 4.007407407407407
14.0626 	EXP 	slider_2: markerPos = 4.007407407407407
14.0697 	EXP 	slider_2: markerPos = 4.018518518518519
14.0767 	EXP 	slider_2: markerPos = 4.033333333333333
14.0835 	EXP 	slider_2: markerPos = 4.07037037037037
14.0905 	EXP 	slider_2: markerPos = 4.0851851851851855
14.0976 	EXP 	slider_2: markerPos = 4.125925925925926
14.1045 	EXP 	slider_2: markerPos = 4.140740740740741
14.1113 	EXP 	slider_2: markerPos = 4.140740740740741
14.1182 	EXP 	slider_2: markerPos = 4.185185185185185
14.1251 	EXP 	slider_2: markerPos = 4.203703703703704
14.1321 	EXP 	slider_2: markerPos = 4.222222222222222
14.1391 	EXP 	slider_2: markerPos = 4.266666666666667
14.1461 	EXP 	slider_2: markerPos = 4.281481481481482
14.1529 	EXP 	slider_2: markerPos = 4.318518518518518
14.1599 	EXP 	slider_2: markerPos = 4.318518518518518
14.1669 	EXP 	slider_2: markerPos = 4.32962962962963
14.1739 	EXP 	slider_2: markerPos = 4.337037037037037
14.1807 	EXP 	slider_2: markerPos = 4.362962962962963
14.1877 	EXP 	slider_2: markerPos = 4.366666666666667
14.1946 	EXP 	slider_2: markerPos = 4.377777777777778
14.2015 	EXP 	slider_2: markerPos = 4.396296296296296
14.2084 	EXP 	slider_2: markerPos = 4.4
14.2154 	EXP 	slider_2: markerPos = 4.4
14.2224 	EXP 	slider_2: markerPos = 4.411111111111111
14.2293 	EXP 	slider_2: markerPos = 4.4222222222222225
14.2363 	EXP 	slider_2: markerPos = 4.440740740740741
14.2432 	EXP 	slider_2: markerPos = 4.444444444444445
14.2501 	EXP 	slider_2: markerPos = 4.455555555555556
14.2572 	EXP 	slider_2: markerPos = 4.462962962962963
14.2642 	EXP 	slider_2: markerPos = 4.462962962962963
14.2710 	EXP 	slider_2: markerPos = 4.492592592592593
14.2781 	EXP 	slider_2: markerPos = 4.492592592592593
14.2849 	EXP 	slider_2: markerPos = 4.507407407407407
14.2919 	EXP 	slider_2: markerPos = 4.522222222222222
14.2988 	EXP 	slider_2: markerPos = 4.522222222222222
14.3058 	EXP 	slider_2: markerPos = 4.574074074074074
14.3128 	EXP 	slider_2: markerPos = 4.574074074074074
14.3197 	EXP 	slider_2: markerPos = 4.588888888888889
14.3264 	EXP 	slider_2: markerPos = 4.5962962962962965
14.3334 	EXP 	slider_2: markerPos = 4.611111111111111
14.3404 	EXP 	slider_2: markerPos = 4.625925925925926
14.3475 	EXP 	slider_2: markerPos = 4.62962962962963
14.3544 	EXP 	slider_2: markerPos = 4.62962962962963
14.3613 	EXP 	slider_2: markerPos = 4.62962962962963
14.3682 	EXP 	slider_2: markerPos = 4.62962962962963
14.3751 	EXP 	slider_2: markerPos = 4.62962962962963
14.3819 	EXP 	slider_2: markerPos = 4.62962962962963
14.3889 	EXP 	slider_2: markerPos = 4.62962962962963
14.3961 	EXP 	slider_2: markerPos = 4.625925925925926
14.4029 	EXP 	slider_2: markerPos = 4.611111111111111
14.4100 	EXP 	slider_2: markerPos = 4.611111111111111
14.4170 	EXP 	slider_2: markerPos = 4.603703703703704
14.4238 	EXP 	slider_2: markerPos = 4.5777777777777775
14.4307 	EXP 	slider_2: markerPos = 4.544444444444444
14.4375 	EXP 	slider_2: markerPos = 4.485185185185185
14.4447 	EXP 	slider_2: markerPos = 4.440740740740741
14.4516 	EXP 	slider_2: markerPos = 4.385185185185185
14.4585 	EXP 	slider_2: markerPos = 4.385185185185185
14.4655 	EXP 	slider_2: markerPos = 4.32962962962963
14.4724 	EXP 	slider_2: markerPos = 4.281481481481482
14.4793 	EXP 	slider_2: markerPos = 4.218518518518518
14.4863 	EXP 	slider_2: markerPos = 4.17037037037037
14.4931 	EXP 	slider_2: markerPos = 4.114814814814815
14.5001 	EXP 	slider_2: markerPos = 4.07037037037037
14.5070 	EXP 	slider_2: markerPos = 4.033333333333333
14.5142 	EXP 	slider_2: markerPos = 4.003703703703704
14.5210 	EXP 	slider_2: markerPos = 4.003703703703704
14.5279 	EXP 	slider_2: markerPos = 3.974074074074074
14.5348 	EXP 	slider_2: markerPos = 3.937037037037037
14.5417 	EXP 	slider_2: markerPos = 3.911111111111111
14.5490 	EXP 	slider_2: markerPos = 3.8777777777777778
14.5558 	EXP 	slider_2: markerPos = 3.851851851851852
14.5627 	EXP 	slider_2: markerPos = 3.840740740740741
14.5698 	EXP 	slider_2: markerPos = 3.840740740740741
14.5766 	EXP 	slider_2: markerPos = 3.822222222222222
14.5835 	EXP 	slider_2: markerPos = 3.811111111111111
14.5903 	EXP 	slider_2: markerPos = 3.7888888888888888
14.5974 	EXP 	slider_2: markerPos = 3.7777777777777777
14.6043 	EXP 	slider_2: markerPos = 3.7777777777777777
14.6113 	EXP 	slider_2: markerPos = 3.7666666666666666
14.6182 	EXP 	slider_2: markerPos = 3.7555555555555555
14.6250 	EXP 	slider_2: markerPos = 3.7407407407407405
14.6320 	EXP 	slider_2: markerPos = 3.7074074074074073
14.6389 	EXP 	slider_2: markerPos = 3.6814814814814816
14.6460 	EXP 	slider_2: markerPos = 3.6444444444444444
14.6529 	EXP 	slider_2: markerPos = 3.611111111111111
14.6601 	EXP 	slider_2: markerPos = 3.611111111111111
14.6669 	EXP 	slider_2: markerPos = 3.5666666666666664
14.6738 	EXP 	slider_2: markerPos = 3.537037037037037
14.6809 	EXP 	slider_2: markerPos = 3.511111111111111
14.6877 	EXP 	slider_2: markerPos = 3.474074074074074
14.6946 	EXP 	slider_2: markerPos = 3.4555555555555557
14.7013 	EXP 	slider_2: markerPos = 3.425925925925926
14.7082 	EXP 	slider_2: markerPos = 3.4
14.7155 	EXP 	slider_2: markerPos = 3.4
14.7225 	EXP 	slider_2: markerPos = 3.3777777777777778
14.7294 	EXP 	slider_2: markerPos = 3.351851851851852
14.7361 	EXP 	slider_2: markerPos = 3.3222222222222224
14.7432 	EXP 	slider_2: markerPos = 3.2888888888888888
14.7500 	EXP 	slider_2: markerPos = 3.2444444444444445
14.7571 	EXP 	slider_2: markerPos = 3.2074074074074073
14.7640 	EXP 	slider_2: markerPos = 3.1703703703703705
14.7711 	EXP 	slider_2: markerPos = 3.1333333333333333
14.7780 	EXP 	slider_2: markerPos = 3.1333333333333333
14.7849 	EXP 	slider_2: markerPos = 3.1074074074074076
14.7919 	EXP 	slider_2: markerPos = 3.062962962962963
14.7988 	EXP 	slider_2: markerPos = 3.0444444444444443
14.8058 	EXP 	slider_2: markerPos = 3.0
14.8126 	EXP 	slider_2: markerPos = 2.9814814814814814
14.8196 	EXP 	slider_2: markerPos = 2.962962962962963
14.8265 	EXP 	slider_2: markerPos = 2.962962962962963
14.8335 	EXP 	slider_2: markerPos = 2.9185185185185185
14.8404 	EXP 	slider_2: markerPos = 2.8851851851851853
14.8474 	EXP 	slider_2: markerPos = 2.848148148148148
14.8541 	EXP 	slider_2: markerPos = 2.811111111111111
14.8613 	EXP 	slider_2: markerPos = 2.811111111111111
14.8683 	EXP 	slider_2: markerPos = 2.7481481481481485
14.8751 	EXP 	slider_2: markerPos = 2.7481481481481485
14.8822 	EXP 	slider_2: markerPos = 2.714814814814815
14.8888 	EXP 	slider_2: markerPos = 2.688888888888889
14.8958 	EXP 	slider_2: markerPos = 2.6703703703703705
14.9027 	EXP 	slider_2: markerPos = 2.6555555555555554
14.9097 	EXP 	slider_2: markerPos = 2.6555555555555554
14.9166 	EXP 	slider_2: markerPos = 2.651851851851852
14.9236 	EXP 	slider_2: markerPos = 2.640740740740741
14.9306 	EXP 	slider_2: markerPos = 2.6259259259259258
14.9375 	EXP 	slider_2: markerPos = 2.6148148148148147
14.9445 	EXP 	slider_2: markerPos = 2.6037037037037036
14.9514 	EXP 	slider_2: markerPos = 2.5592592592592593
14.9583 	EXP 	slider_2: markerPos = 2.5296296296296297
14.9653 	EXP 	slider_2: markerPos = 2.5296296296296297
14.9722 	EXP 	slider_2: markerPos = 2.503703703703704
14.9792 	EXP 	slider_2: markerPos = 2.4518518518518517
14.9863 	EXP 	slider_2: markerPos = 2.4222222222222225
14.9933 	EXP 	slider_2: markerPos = 2.3925925925925924
15.0001 	EXP 	slider_2: markerPos = 2.3555555555555556
15.0071 	EXP 	slider_2: markerPos = 2.322222222222222
15.0141 	EXP 	slider_2: markerPos = 2.2925925925925927
15.0209 	EXP 	slider_2: markerPos = 2.2555555555555555
15.0277 	EXP 	slider_2: markerPos = 2.2555555555555555
15.0347 	EXP 	slider_2: markerPos = 2.214814814814815
15.0417 	EXP 	slider_2: markerPos = 2.174074074074074
15.0487 	EXP 	slider_2: markerPos = 2.137037037037037
15.0556 	EXP 	slider_2: markerPos = 2.0925925925925926
15.0627 	EXP 	slider_2: markerPos = 2.0777777777777775
15.0697 	EXP 	slider_2: markerPos = 2.0555555555555554
15.0765 	EXP 	slider_2: markerPos = 2.0555555555555554
15.0834 	EXP 	slider_2: markerPos = 2.0296296296296297
15.0905 	EXP 	slider_2: markerPos = 2.014814814814815
15.0973 	EXP 	slider_2: markerPos = 2.011111111111111
15.1043 	EXP 	slider_2: markerPos = 2.011111111111111
15.1113 	EXP 	slider_2: markerPos = 2.011111111111111
15.1183 	EXP 	slider_2: markerPos = 2.011111111111111
15.1252 	EXP 	slider_2: markerPos = 2.011111111111111
15.1321 	EXP 	slider_2: markerPos = 2.011111111111111
15.1391 	EXP 	slider_2: markerPos = 2.011111111111111
15.1459 	EXP 	slider_2: markerPos = 2.011111111111111
15.1529 	EXP 	slider_2: markerPos = 2.011111111111111
15.1599 	EXP 	slider_2: markerPos = 2.011111111111111
15.1669 	EXP 	slider_2: markerPos = 2.011111111111111
15.1738 	EXP 	slider_2: markerPos = 2.011111111111111
15.1806 	EXP 	slider_2: markerPos = 2.011111111111111
15.1876 	EXP 	slider_2: markerPos = 2.011111111111111
15.1947 	EXP 	slider_2: markerPos = 2.011111111111111
15.2015 	EXP 	slider_2: markerPos = 2.011111111111111
15.2085 	EXP 	slider_2: markerPos = 2.011111111111111
15.2155 	EXP 	slider_2: markerPos = 2.011111111111111
15.2223 	EXP 	slider_2: markerPos = 2.011111111111111
15.2293 	EXP 	slider_2: markerPos = 2.011111111111111
15.2362 	EXP 	slider_2: markerPos = 2.011111111111111
15.2435 	EXP 	slider_2: markerPos = 2.011111111111111
15.2499 	EXP 	slider_2: markerPos = 2.011111111111111
15.2570 	EXP 	slider_2: markerPos = 2.011111111111111
15.2578 	DATA 	Mouse:  Left button up, pos=(693,107)
15.2641 	EXP 	slider_2: markerPos = 2.011111111111111
15.2760 	DEBUG 	Read excel file with openpyxl: Rating_BlockOrder.xlsx
15.2762 	EXP 	Imported Rating_BlockOrder.xlsx as conditions, 1 conditions, 3 params
15.2774 	EXP 	Created sequence: fullRandom, trialTypes=1, nReps=1, seed=None
15.2776 	EXP 	New trial (rep=0, index=0): {'Task': 'Attractiveness', 'LeftLabel': 'Extremely  Attractive', 'RightLabel': 'Extremely Unattractive'}
15.2782 	EXP 	Created sequence: sequential, trialTypes=1, nReps=95, seed=None
15.2784 	EXP 	New trial (rep=0, index=0): None
15.9559 	EXP 	window1: mouseVisible = True
15.9612 	DEBUG 	Saving data for FaceAttractiveness ExperimentHandler
15.9627 	INFO 	saved data to C:\Users\annak\Documents\GitHub\faceattractiveness_lesion\data/_FaceAttractiveness_2023-04-05_14h39.06.525.psydat
15.9638 	INFO 	saved data to 'C:\\Users\\annak\\Documents\\GitHub\\faceattractiveness_lesion\\data/_FaceAttractiveness_2023-04-05_14h39.06.525.csv'
