3.7556 	INFO 	Loaded monitor calibration from ['2021_12_01 18:33']
3.7607 	WARNING 	User requested fullscreen with size [1536  864], but screen is actually [1920, 1080]. Using actual size
4.9823 	EXP 	Created window1 = Window(allowGUI=True, allowStencil=False, autoLog=True, backendConf=UNKNOWN, bitsMode=UNKNOWN, blendMode='avg', bpc=(8, 8, 8), color=array([0.09803922, 0.09803922, 0.09803922]), colorSpace='rgb', depthBits=8, fullscr=<method-wrapper '__getattribute__' of attributeSetter object at 0x0000028D323BBF70>, gamma=None, gammaErrorPolicy='raise', lms=UNKNOWN, monitor=<psychopy.monitors.calibTools.Monitor object at 0x0000028D342E3430>, multiSample=False, name='window1', numSamples=2, pos=(0, 0), screen=0, size=array([1920, 1080]), stencilBits=0, stereo=False, units='height', useFBO=True, useRetina=False, viewOri=0.0, viewPos=None, viewScale=None, waitBlanking=True, winType='pyglet')
4.9823 	EXP 	window1: mouseVisible = True
4.9824 	EXP 	window1: mouseVisible = False
4.9824 	EXP 	window1: Attempting to measure frame rate of screen (0) ...
4.9824 	EXP 	window1: recordFrameIntervals = False
5.0513 	EXP 	window1: recordFrameIntervals = True
5.1286 	EXP 	Screen (0) actual frame rate measured at 142.37Hz
5.1286 	EXP 	window1: recordFrameIntervals = False
6.7350 	INFO 	keyboard.Keyboard is using iohub backend.
6.8059 	EXP 	Created ques_instr = TextStim(__class__=<class 'psychopy.visual.text.TextStim'>, alignHoriz=method-wrapper(...), alignText='center', alignVert=method-wrapper(...), anchorHoriz='center', anchorVert='center', antialias=True, autoDraw=False, autoLog=True, bold=False, color=array([1, 1, 1]), colorSpace='rgb', contrast=1.0, depth=0.0, flipHoriz=False, flipVert=False, font='Arial', fontFiles=[], height=0.04, italic=False, languageStyle='LTR', name='ques_instr', opacity=1.0, ori=0.0, pos=array([0., 0.]), rgb=UNKNOWN, text=str(...), units='height', win=Window(...), wrapWidth=1)
6.8063 	EXP 	window1: mouseVisible = True
6.8097 	EXP 	window1: mouseVisible = True
6.8329 	DEBUG 	TextBox2 loaded 1 chars with 0 blanks and 1 valid
6.8348 	DEBUG 	TextBox2 loaded 1 chars with 0 blanks and 1 valid
6.8364 	DEBUG 	TextBox2 loaded 1 chars with 0 blanks and 1 valid
6.8382 	DEBUG 	TextBox2 loaded 1 chars with 0 blanks and 1 valid
6.8395 	DEBUG 	TextBox2 loaded 1 chars with 0 blanks and 1 valid
6.8408 	DEBUG 	TextBox2 loaded 1 chars with 0 blanks and 1 valid
6.8424 	DEBUG 	TextBox2 loaded 1 chars with 0 blanks and 1 valid
6.8441 	DEBUG 	TextBox2 loaded 1 chars with 0 blanks and 1 valid
6.8457 	DEBUG 	TextBox2 loaded 1 chars with 0 blanks and 1 valid
6.8473 	DEBUG 	TextBox2 loaded 1 chars with 0 blanks and 1 valid
6.8489 	DEBUG 	TextBox2 loaded 1 chars with 0 blanks and 1 valid
6.8503 	DEBUG 	TextBox2 loaded 1 chars with 0 blanks and 1 valid
6.8505 	DEBUG 	Uploading Texture Font fontname to graphics card
6.8568 	DEBUG 	Upload of Texture Font fontname complete
6.8730 	DEBUG 	TextBox2 loaded 1 chars with 0 blanks and 1 valid
6.8733 	DEBUG 	Uploading Texture Font fontname to graphics card
6.8781 	DEBUG 	Upload of Texture Font fontname complete
6.8945 	DEBUG 	TextBox2 loaded 1 chars with 0 blanks and 1 valid
6.8965 	DEBUG 	TextBox2 loaded 1 chars with 0 blanks and 1 valid
6.8984 	DEBUG 	TextBox2 loaded 1 chars with 0 blanks and 1 valid
6.9002 	DEBUG 	TextBox2 loaded 1 chars with 0 blanks and 1 valid
6.9019 	DEBUG 	TextBox2 loaded 1 chars with 0 blanks and 1 valid
6.9037 	DEBUG 	TextBox2 loaded 1 chars with 0 blanks and 1 valid
6.9039 	DEBUG 	Uploading Texture Font fontname to graphics card
6.9092 	DEBUG 	Upload of Texture Font fontname complete
6.9256 	DEBUG 	TextBox2 loaded 1 chars with 0 blanks and 1 valid
6.9258 	DEBUG 	Uploading Texture Font fontname to graphics card
6.9304 	DEBUG 	Upload of Texture Font fontname complete
6.9465 	DEBUG 	TextBox2 loaded 1 chars with 0 blanks and 1 valid
6.9485 	DEBUG 	TextBox2 loaded 1 chars with 0 blanks and 1 valid
6.9486 	DEBUG 	Uploading Texture Font fontname to graphics card
6.9532 	DEBUG 	Upload of Texture Font fontname complete
6.9648 	EXP 	Created slider_rad_therapy = Slider(__class__=<class 'psychopy.visual.slider.Slider'>, autoDraw=False, autoLog=True, borderColor=None, color=None, colorSpace='rgb', depth=0, fillColor=None, flip=False, font='Arial', granularity=0.0, labelColor=None, labelHeight=0.03, labelWrapWidth=None, labels=tuple(...), lineColor=None, markerColor=None, name='slider_rad_therapy', opacity=None, ori=0.0, pos=array([0. , 0.1]), readOnly=False, self=UNKNOWN, size=array([1. , 0.1]), startValue=3, style='rating', styleTweaks=['labels45'], ticks=array([1, 2, 3, 4, 5]), units='height', win=Window(...))
6.9747 	EXP 	Created text_rad_therapy = TextStim(__class__=<class 'psychopy.visual.text.TextStim'>, alignHoriz=method-wrapper(...), alignText='center', alignVert=method-wrapper(...), anchorHoriz='center', anchorVert='center', antialias=True, autoDraw=False, autoLog=True, bold=False, color=array([1, 1, 1]), colorSpace='rgb', contrast=1.0, depth=-1.0, flipHoriz=False, flipVert=False, font='Open Sans', fontFiles=[], height=0.04, italic=False, languageStyle='LTR', name='text_rad_therapy', opacity=1.0, ori=0.0, pos=array([0. , 0.3]), rgb=UNKNOWN, text=str(...), units='height', win=Window(...), wrapWidth=1)
6.9760 	EXP 	window1: mouseVisible = True
7.0586 	EXP 	Created slider_surgery = Slider(__class__=<class 'psychopy.visual.slider.Slider'>, autoDraw=False, autoLog=True, borderColor=None, color=None, colorSpace='rgb', depth=-2, fillColor=None, flip=False, font='Arial', granularity=0.0, labelColor=None, labelHeight=0.03, labelWrapWidth=None, labels=tuple(...), lineColor=None, markerColor=None, name='slider_surgery', opacity=None, ori=0.0, pos=array([ 0. , -0.3]), readOnly=False, self=UNKNOWN, size=array([1. , 0.1]), startValue=3, style='rating', styleTweaks=['labels45'], ticks=array([1, 2, 3, 4, 5]), units='height', win=Window(...))
7.0632 	EXP 	Created text_surgery = TextStim(__class__=<class 'psychopy.visual.text.TextStim'>, alignHoriz=method-wrapper(...), alignText='center', alignVert=method-wrapper(...), anchorHoriz='center', anchorVert='center', antialias=True, autoDraw=False, autoLog=True, bold=False, color=array([1, 1, 1]), colorSpace='rgb', contrast=1.0, depth=-3.0, flipHoriz=False, flipVert=False, font='Open Sans', fontFiles=[], height=0.04, italic=False, languageStyle='LTR', name='text_surgery', opacity=1.0, ori=0.0, pos=array([ 0. , -0.1]), rgb=UNKNOWN, text=str(...), units='height', win=Window(...), wrapWidth=1)
7.0736 	EXP 	Created image = ImageStim(__class__=<class 'psychopy.visual.image.ImageStim'>, anchor=('center', 'center'), autoLog=True, color=array([1, 1, 1]), colorSpace='rgb', contrast=1.0, depth=-4.0, flipHoriz=False, flipVert=False, image='Picture1-eng.png', interpolate=True, mask=None, maskParams=None, name='image', opacity=1.0, ori=0.0, pos=array([ 0.7, -0.4]), size=array([0.2, 0.1]), texRes=128.0, units='height', win=Window(...))
7.0737 	EXP 	window1: mouseVisible = True
7.0745 	EXP 	Created instrBlock = TextStim(__class__=<class 'psychopy.visual.text.TextStim'>, alignHoriz=method-wrapper(...), alignText='center', alignVert=method-wrapper(...), anchorHoriz='center', anchorVert='center', antialias=True, autoDraw=False, autoLog=True, bold=False, color=array([1, 1, 1]), colorSpace='rgb', contrast=1.0, depth=-1.0, flipHoriz=False, flipVert=False, font='Arial', fontFiles=[], height=0.05, italic=False, languageStyle='LTR', name='instrBlock', opacity=1.0, ori=0.0, pos=array([0., 0.]), rgb=UNKNOWN, text='', units='height', win=Window(...), wrapWidth=1)
7.0745 	EXP 	window1: mouseVisible = True
7.0775 	EXP 	Created face_image = ImageStim(__class__=<class 'psychopy.visual.image.ImageStim'>, anchor=('center', 'center'), autoLog=True, color=array([1, 1, 1]), colorSpace='rgb', contrast=1.0, depth=-1.0, flipHoriz=True, flipVert=False, image='sin', interpolate=False, mask=None, maskParams=None, name='face_image', opacity=1.0, ori=0.0, pos=array([  0., 280.]), size=array([960., 540.]), texRes=512, units='pix', win=Window(...))
7.0786 	EXP 	window1: mouseVisible = True
7.2179 	WARNING 	Font b'HelveticaBold' was requested. No similar font found.
7.2314 	DEBUG 	TextBox2 loaded 1 chars with 0 blanks and 1 valid
7.2332 	DEBUG 	TextBox2 loaded 1 chars with 0 blanks and 1 valid
7.2342 	DEBUG 	TextBox2 loaded 1 chars with 0 blanks and 1 valid
7.2357 	DEBUG 	TextBox2 loaded 1 chars with 0 blanks and 1 valid
7.2373 	DEBUG 	TextBox2 loaded 1 chars with 0 blanks and 1 valid
7.2385 	DEBUG 	TextBox2 loaded 1 chars with 0 blanks and 1 valid
7.2397 	DEBUG 	TextBox2 loaded 1 chars with 0 blanks and 1 valid
7.2409 	DEBUG 	TextBox2 loaded 1 chars with 0 blanks and 1 valid
7.2411 	DEBUG 	Uploading Texture Font fontname to graphics card
7.2420 	DEBUG 	Upload of Texture Font fontname complete
7.3454 	WARNING 	Font b'HelveticaBold' was requested. No similar font found.
7.3588 	DEBUG 	TextBox2 loaded 1 chars with 0 blanks and 1 valid
7.3603 	DEBUG 	TextBox2 loaded 1 chars with 0 blanks and 1 valid
7.3614 	DEBUG 	TextBox2 loaded 1 chars with 0 blanks and 1 valid
7.3629 	DEBUG 	TextBox2 loaded 1 chars with 0 blanks and 1 valid
7.3641 	DEBUG 	TextBox2 loaded 1 chars with 0 blanks and 1 valid
7.3656 	DEBUG 	TextBox2 loaded 1 chars with 0 blanks and 1 valid
7.3668 	DEBUG 	TextBox2 loaded 1 chars with 0 blanks and 1 valid
7.3670 	DEBUG 	Uploading Texture Font fontname to graphics card
7.3675 	DEBUG 	Upload of Texture Font fontname complete
7.3762 	EXP 	Created slider_treatment_surgery = Slider(__class__=<class 'psychopy.visual.slider.Slider'>, autoDraw=False, autoLog=True, borderColor=None, color=None, colorSpace='rgb', depth=-2, fillColor=None, flip=False, font='HelveticaBold', granularity=0, labelColor=None, labelHeight=0.03, labelWrapWidth=None, labels=('0% Never', '100% Always'), lineColor=None, markerColor=None, name='slider_treatment_surgery', opacity=None, ori=0, pos=array([0., 0.]), readOnly=False, self=UNKNOWN, size=array([1.   , 0.025]), startValue=None, style=['rating'], styleTweaks=['labels45', 'triangleMarker'], ticks=array([  0,  25,  50,  75, 100]), units='height', win=Window(...))
7.3878 	EXP 	Created NextBu = ImageStim(__class__=<class 'psychopy.visual.image.ImageStim'>, anchor=('center', 'center'), autoLog=True, color=array([1, 1, 1]), colorSpace='rgb', contrast=1.0, depth=-3.0, flipHoriz=False, flipVert=False, image='Picture1-eng.png', interpolate=False, mask=None, maskParams=None, name='NextBu', opacity=1.0, ori=0.0, pos=array([0., 0.]), size=array([0.2, 0.1]), texRes=512, units='height', win=Window(...))
7.3878 	EXP 	window1: mouseVisible = True
7.3891 	EXP 	window1: mouseVisible = True
7.5038 	WARNING 	Font b'HelveticaBold' was requested. No similar font found.
7.6279 	WARNING 	Font b'HelveticaBold' was requested. No similar font found.
7.6486 	EXP 	Created slider_treatment_radiation = Slider(__class__=<class 'psychopy.visual.slider.Slider'>, autoDraw=False, autoLog=True, borderColor=None, color=None, colorSpace='rgb', depth=-5, fillColor=None, flip=False, font='HelveticaBold', granularity=0, labelColor=None, labelHeight=0.03, labelWrapWidth=None, labels=('0% Never', '100% Always'), lineColor=None, markerColor=None, name='slider_treatment_radiation', opacity=None, ori=0, pos=array([ 0. , -0.3]), readOnly=False, self=UNKNOWN, size=array([1.   , 0.025]), startValue=None, style=['rating'], styleTweaks=['triangleMarker'], ticks=array([  0,  25,  50,  75, 100]), units='height', win=Window(...))
7.6609 	EXP 	Created text_treatment_surgery = TextStim(__class__=<class 'psychopy.visual.text.TextStim'>, alignHoriz=method-wrapper(...), alignText='center', alignVert=method-wrapper(...), anchorHoriz='center', anchorVert='center', antialias=True, autoDraw=False, autoLog=True, bold=False, color=array([-1, -1, -1]), colorSpace='rgb', contrast=1.0, depth=-6.0, flipHoriz=False, flipVert=False, font='Open Sans', fontFiles=[], height=0.03, italic=False, languageStyle='LTR', name='text_treatment_surgery', opacity=1.0, ori=0.0, pos=array([0.  , 0.05]), rgb=UNKNOWN, text='How likely are you to recommend surgery? ', units='height', win=Window(...), wrapWidth=1)
7.6630 	EXP 	Created text_treatment_radiation = TextStim(__class__=<class 'psychopy.visual.text.TextStim'>, alignHoriz=method-wrapper(...), alignText='center', alignVert=method-wrapper(...), anchorHoriz='center', anchorVert='center', antialias=True, autoDraw=False, autoLog=True, bold=False, color=array([-1, -1, -1]), colorSpace='rgb', contrast=1.0, depth=-7.0, flipHoriz=False, flipVert=False, font='Open Sans', fontFiles=[], height=0.03, italic=False, languageStyle='LTR', name='text_treatment_radiation', opacity=1.0, ori=0.0, pos=array([ 0. , -0.2]), rgb=UNKNOWN, text='How likely are you to recommend radiation? ', units='height', win=Window(...), wrapWidth=1)
7.6640 	EXP 	Created text = TextStim(__class__=<class 'psychopy.visual.text.TextStim'>, alignHoriz=method-wrapper(...), alignText='center', alignVert=method-wrapper(...), anchorHoriz='center', anchorVert='center', antialias=True, autoDraw=False, autoLog=True, bold=False, color=array([1, 1, 1]), colorSpace='rgb', contrast=1.0, depth=-1.0, flipHoriz=False, flipVert=False, font='Arial', fontFiles=[], height=0.1, italic=False, languageStyle='LTR', name='text', opacity=1.0, ori=0, pos=array([0., 0.]), rgb=UNKNOWN, text='', units='height', win=Window(...), wrapWidth=1)
7.6664 	EXP 	Created face_image_q = ImageStim(__class__=<class 'psychopy.visual.image.ImageStim'>, anchor=('center', 'center'), autoLog=True, color=array([1, 1, 1]), colorSpace='rgb', contrast=1.0, depth=0.0, flipHoriz=False, flipVert=False, image='sin', interpolate=True, mask=None, maskParams=None, name='face_image_q', opacity=1.0, ori=0.0, pos=array([0. , 0.3]), size=array([0.88888889, 0.5       ]), texRes=128.0, units='height', win=Window(...))
7.6676 	EXP 	window1: mouseVisible = True
7.6831 	DEBUG 	TextBox2 loaded 1 chars with 0 blanks and 1 valid
7.6839 	DEBUG 	TextBox2 loaded 1 chars with 0 blanks and 1 valid
7.6847 	DEBUG 	TextBox2 loaded 1 chars with 0 blanks and 1 valid
7.6854 	DEBUG 	TextBox2 loaded 1 chars with 0 blanks and 1 valid
7.6859 	DEBUG 	TextBox2 loaded 1 chars with 0 blanks and 1 valid
7.6865 	DEBUG 	TextBox2 loaded 1 chars with 0 blanks and 1 valid
7.6872 	DEBUG 	TextBox2 loaded 1 chars with 0 blanks and 1 valid
7.6879 	DEBUG 	TextBox2 loaded 1 chars with 0 blanks and 1 valid
7.6886 	DEBUG 	TextBox2 loaded 1 chars with 0 blanks and 1 valid
7.6895 	DEBUG 	TextBox2 loaded 1 chars with 0 blanks and 1 valid
7.6902 	DEBUG 	TextBox2 loaded 1 chars with 0 blanks and 1 valid
7.6910 	DEBUG 	TextBox2 loaded 1 chars with 0 blanks and 1 valid
7.6918 	DEBUG 	TextBox2 loaded 1 chars with 0 blanks and 1 valid
7.6920 	DEBUG 	Uploading Texture Font fontname to graphics card
7.6930 	DEBUG 	Upload of Texture Font fontname complete
7.7073 	DEBUG 	TextBox2 loaded 1 chars with 0 blanks and 1 valid
7.7083 	DEBUG 	TextBox2 loaded 1 chars with 0 blanks and 1 valid
7.7089 	DEBUG 	TextBox2 loaded 1 chars with 0 blanks and 1 valid
7.7092 	DEBUG 	Uploading Texture Font fontname to graphics card
7.7096 	DEBUG 	Upload of Texture Font fontname complete
7.7238 	DEBUG 	TextBox2 loaded 1 chars with 0 blanks and 1 valid
7.7246 	DEBUG 	TextBox2 loaded 1 chars with 0 blanks and 1 valid
7.7253 	DEBUG 	TextBox2 loaded 1 chars with 0 blanks and 1 valid
7.7260 	DEBUG 	TextBox2 loaded 1 chars with 0 blanks and 1 valid
7.7263 	DEBUG 	Uploading Texture Font fontname to graphics card
7.7267 	DEBUG 	Upload of Texture Font fontname complete
7.7410 	DEBUG 	TextBox2 loaded 1 chars with 0 blanks and 1 valid
7.7419 	DEBUG 	TextBox2 loaded 1 chars with 0 blanks and 1 valid
7.7428 	DEBUG 	TextBox2 loaded 1 chars with 0 blanks and 1 valid
7.7430 	DEBUG 	Uploading Texture Font fontname to graphics card
7.7436 	DEBUG 	Upload of Texture Font fontname complete
7.7582 	DEBUG 	TextBox2 loaded 1 chars with 0 blanks and 1 valid
7.7585 	DEBUG 	Uploading Texture Font fontname to graphics card
7.7591 	DEBUG 	Upload of Texture Font fontname complete
7.7721 	EXP 	Created slider_trustworthy = Slider(__class__=<class 'psychopy.visual.slider.Slider'>, autoDraw=False, autoLog=True, borderColor=None, color=None, colorSpace='rgb', depth=-1, fillColor=None, flip=False, font='Open Sans', granularity=1.0, labelColor=None, labelHeight=0.02, labelWrapWidth=None, labels=tuple(...), lineColor=None, markerColor=None, name='slider_trustworthy', opacity=None, ori=0.0, pos=array([0., 0.]), readOnly=False, self=UNKNOWN, size=array([1.   , 0.025]), startValue=None, style='radio', styleTweaks=['labels45'], ticks=array([1, 2, 3, 4, 5]), units='height', win=Window(...))
7.7789 	EXP 	Created text_trustworthy = TextStim(__class__=<class 'psychopy.visual.text.TextStim'>, alignHoriz=method-wrapper(...), alignText='center', alignVert=method-wrapper(...), anchorHoriz='center', anchorVert='center', antialias=True, autoDraw=False, autoLog=True, bold=False, color=array([1, 1, 1]), colorSpace='rgb', contrast=1.0, depth=-2.0, flipHoriz=False, flipVert=False, font='Open Sans', fontFiles=[], height=0.03, italic=False, languageStyle='LTR', name='text_trustworthy', opacity=1.0, ori=0.0, pos=array([0.  , 0.05]), rgb=UNKNOWN, text=str(...), units='height', win=Window(...), wrapWidth=1)
7.7801 	EXP 	window1: mouseVisible = True
7.8611 	EXP 	Created slider_aggressive = Slider(__class__=<class 'psychopy.visual.slider.Slider'>, autoDraw=False, autoLog=True, borderColor=None, color=None, colorSpace='rgb', depth=-3, fillColor=None, flip=False, font='Open Sans', granularity=1.0, labelColor=None, labelHeight=0.02, labelWrapWidth=None, labels=tuple(...), lineColor=None, markerColor=None, name='slider_aggressive', opacity=None, ori=0.0, pos=array([ 0.  , -0.25]), readOnly=False, self=UNKNOWN, size=array([1.   , 0.025]), startValue=None, style='radio', styleTweaks=[], ticks=array([1, 2, 3, 4, 5]), units='height', win=Window(...))
7.8647 	EXP 	Created text_aggressive = TextStim(__class__=<class 'psychopy.visual.text.TextStim'>, alignHoriz=method-wrapper(...), alignText='center', alignVert=method-wrapper(...), anchorHoriz='center', anchorVert='center', antialias=True, autoDraw=False, autoLog=True, bold=False, color=array([1, 1, 1]), colorSpace='rgb', contrast=1.0, depth=-4.0, flipHoriz=False, flipVert=False, font='Open Sans', fontFiles=[], height=0.03, italic=False, languageStyle='LTR', name='text_aggressive', opacity=1.0, ori=0.0, pos=array([ 0.  , -0.15]), rgb=UNKNOWN, text=str(...), units='height', win=Window(...), wrapWidth=1)
7.8647 	EXP 	window1: mouseVisible = True
7.8710 	EXP 	Created Confirm = ImageStim(__class__=<class 'psychopy.visual.image.ImageStim'>, anchor=('center', 'center'), autoLog=True, color=array([1, 1, 1]), colorSpace='rgb', contrast=1.0, depth=-6.0, flipHoriz=False, flipVert=False, image='Picture1-eng.png', interpolate=True, mask=None, maskParams=None, name='Confirm', opacity=1.0, ori=0.0, pos=array([ 0. , -0.9]), size=array([0.2, 0.1]), texRes=128.0, units='height', win=Window(...))
7.8723 	EXP 	Created text_2 = TextStim(__class__=<class 'psychopy.visual.text.TextStim'>, alignHoriz=method-wrapper(...), alignText='center', alignVert=method-wrapper(...), anchorHoriz='center', anchorVert='center', antialias=True, autoDraw=False, autoLog=True, bold=False, color=array([1, 1, 1]), colorSpace='rgb', contrast=1.0, depth=-1.0, flipHoriz=False, flipVert=False, font='Open Sans', fontFiles=[], height=0.05, italic=False, languageStyle='LTR', name='text_2', opacity=1.0, ori=0.0, pos=array([0., 0.]), rgb=UNKNOWN, text='', units='height', win=Window(...), wrapWidth=1)
7.9030 	EXP 	Created EndText = TextStim(__class__=<class 'psychopy.visual.text.TextStim'>, alignHoriz=method-wrapper(...), alignText='center', alignVert=method-wrapper(...), anchorHoriz='center', anchorVert='center', antialias=True, autoDraw=False, autoLog=True, bold=False, color=array([-1, -1, -1]), colorSpace='rgb', contrast=1.0, depth=0.0, flipHoriz=False, flipVert=False, font='Arial', fontFiles=[], height=0.03, italic=False, languageStyle='LTR', name='EndText', opacity=1.0, ori=0, pos=array([0., 0.]), rgb=UNKNOWN, text=str(...), units='height', win=Window(...), wrapWidth=1)
7.9030 	EXP 	window1: mouseVisible = True
7.9125 	EXP 	slider_rad_therapy: autoLog = True
7.9125 	EXP 	slider_rad_therapy: markerPos = 3
7.9125 	EXP 	slider_rad_therapy: styleTweaks = []
7.9125 	EXP 	slider_rad_therapy: styleTweaks = []
7.9125 	EXP 	slider_rad_therapy: styleTweaks = ['labels45']
7.9125 	EXP 	slider_rad_therapy: styleTweaks = ['labels45']
7.9125 	EXP 	slider_rad_therapy: contrast = 1.0
7.9125 	EXP 	slider_rad_therapy: autoLog = True
7.9125 	EXP 	slider_surgery: autoLog = True
7.9125 	EXP 	slider_surgery: markerPos = 3
7.9125 	EXP 	slider_surgery: styleTweaks = []
7.9125 	EXP 	slider_surgery: styleTweaks = []
7.9125 	EXP 	slider_surgery: styleTweaks = ['labels45']
7.9125 	EXP 	slider_surgery: styleTweaks = ['labels45']
7.9125 	EXP 	slider_surgery: contrast = 1.0
7.9125 	EXP 	slider_surgery: autoLog = True
7.9125 	EXP 	slider_treatment_surgery: autoLog = True
7.9125 	EXP 	slider_treatment_surgery: markerPos = None
7.9125 	EXP 	slider_treatment_surgery: styleTweaks = []
7.9125 	EXP 	slider_treatment_surgery: styleTweaks = []
7.9125 	EXP 	slider_treatment_surgery: styleTweaks = ['labels45', 'triangleMarker']
7.9125 	EXP 	slider_treatment_surgery: styleTweaks = ['labels45', 'triangleMarker']
7.9125 	EXP 	slider_treatment_surgery: contrast = 1.0
7.9125 	EXP 	slider_treatment_surgery: autoLog = True
7.9125 	EXP 	slider_treatment_radiation: autoLog = True
7.9125 	EXP 	slider_treatment_radiation: markerPos = None
7.9125 	EXP 	slider_treatment_radiation: styleTweaks = []
7.9125 	EXP 	slider_treatment_radiation: styleTweaks = []
7.9125 	EXP 	slider_treatment_radiation: styleTweaks = ['triangleMarker']
7.9125 	EXP 	slider_treatment_radiation: styleTweaks = ['triangleMarker']
7.9125 	EXP 	slider_treatment_radiation: contrast = 1.0
7.9125 	EXP 	slider_treatment_radiation: autoLog = True
7.9125 	EXP 	slider_trustworthy: autoLog = True
7.9125 	EXP 	slider_trustworthy: markerPos = None
7.9125 	EXP 	slider_trustworthy: styleTweaks = []
7.9125 	EXP 	slider_trustworthy: styleTweaks = []
7.9125 	EXP 	slider_trustworthy: styleTweaks = ['labels45']
7.9125 	EXP 	slider_trustworthy: styleTweaks = ['labels45']
7.9125 	EXP 	slider_trustworthy: contrast = 1.0
7.9125 	EXP 	slider_trustworthy: autoLog = True
7.9125 	EXP 	slider_aggressive: autoLog = True
7.9125 	EXP 	slider_aggressive: markerPos = None
7.9125 	EXP 	slider_aggressive: styleTweaks = []
7.9125 	EXP 	slider_aggressive: styleTweaks = []
7.9125 	EXP 	slider_aggressive: styleTweaks = []
7.9125 	EXP 	slider_aggressive: styleTweaks = []
7.9125 	EXP 	slider_aggressive: contrast = 1.0
7.9125 	EXP 	slider_aggressive: autoLog = True
7.9125 	EXP 	ques_instr: autoDraw = True
8.6497 	DATA 	Mouse: Left button down, pos=(905,516)
8.6990 	EXP 	ques_instr: autoDraw = False
8.6990 	EXP 	slider_rad_therapy: markerPos = None
8.6990 	EXP 	slider_rad_therapy: markerPos = 3
8.6990 	EXP 	slider_surgery: markerPos = None
8.6990 	EXP 	slider_surgery: markerPos = 3
8.6990 	EXP 	slider_rad_therapy: autoDraw = True
8.6990 	EXP 	text_rad_therapy: autoDraw = True
8.6990 	EXP 	slider_surgery: autoDraw = True
8.6990 	EXP 	text_surgery: autoDraw = True
8.6990 	EXP 	image: autoDraw = True
8.7919 	DATA 	Mouse:  Left button up, pos=(904,516)
10.0002 	DATA 	Mouse: Left button down, pos=(681,664)
10.0079 	DEBUG 	Read excel file with openpyxl: Rating_BlockOrder.xlsx
10.0082 	EXP 	Imported Rating_BlockOrder.xlsx as conditions, 19 conditions, 1 params
10.0088 	EXP 	Created sequence: fullRandom, trialTypes=19, nReps=1, seed=None
10.0090 	EXP 	New trial (rep=0, index=0): {'faceImages_q': 'images\\FOREHEAD_CFD_BF_224_002_N.png'}
10.0306 	EXP 	window1: mouseVisible = True
10.0328 	DEBUG 	Saving data for FaceAttractiveness ExperimentHandler
10.0338 	INFO 	saved data to C:\Users\annak\Documents\GitHub\faceattractiveness_lesion\data/_FaceAttractiveness_2023-04-07_20h47.01.418.psydat
10.0346 	INFO 	saved data to 'C:\\Users\\annak\\Documents\\GitHub\\faceattractiveness_lesion\\data/_FaceAttractiveness_2023-04-07_20h47.01.418.csv'
