3.8733 	INFO 	Loaded monitor calibration from ['2021_12_01 18:33']
3.8795 	WARNING 	User requested fullscreen with size [1536  864], but screen is actually [1920, 1080]. Using actual size
5.1371 	EXP 	Created window1 = Window(allowGUI=True, allowStencil=False, autoLog=True, backendConf=UNKNOWN, bitsMode=UNKNOWN, blendMode='avg', bpc=(8, 8, 8), color=array([0.09803922, 0.09803922, 0.09803922]), colorSpace='rgb', depthBits=8, fullscr=<method-wrapper '__getattribute__' of attributeSetter object at 0x000001B137F5CFA0>, gamma=None, gammaErrorPolicy='raise', lms=UNKNOWN, monitor=<psychopy.monitors.calibTools.Monitor object at 0x000001B139E83430>, multiSample=False, name='window1', numSamples=2, pos=(0, 0), screen=0, size=array([1920, 1080]), stencilBits=0, stereo=False, units='height', useFBO=True, useRetina=False, viewOri=0.0, viewPos=None, viewScale=None, waitBlanking=True, winType='pyglet')
5.1371 	EXP 	window1: mouseVisible = True
5.1372 	EXP 	window1: mouseVisible = False
5.1372 	EXP 	window1: Attempting to measure frame rate of screen (0) ...
5.1372 	EXP 	window1: recordFrameIntervals = False
5.2060 	EXP 	window1: recordFrameIntervals = True
5.2821 	EXP 	Screen (0) actual frame rate measured at 144.60Hz
5.2822 	EXP 	window1: recordFrameIntervals = False
6.8907 	INFO 	keyboard.Keyboard is using iohub backend.
6.9621 	EXP 	Created ques_instr = TextStim(__class__=<class 'psychopy.visual.text.TextStim'>, alignHoriz=method-wrapper(...), alignText='center', alignVert=method-wrapper(...), anchorHoriz='center', anchorVert='center', antialias=True, autoDraw=False, autoLog=True, bold=False, color=array([1, 1, 1]), colorSpace='rgb', contrast=1.0, depth=0.0, flipHoriz=False, flipVert=False, font='Arial', fontFiles=[], height=0.04, italic=False, languageStyle='LTR', name='ques_instr', opacity=1.0, ori=0.0, pos=array([0., 0.]), rgb=UNKNOWN, text=str(...), units='height', win=Window(...), wrapWidth=1)
6.9625 	EXP 	window1: mouseVisible = True
6.9659 	EXP 	window1: mouseVisible = True
6.9882 	DEBUG 	TextBox2 loaded 1 chars with 0 blanks and 1 valid
6.9892 	DEBUG 	TextBox2 loaded 1 chars with 0 blanks and 1 valid
6.9899 	DEBUG 	TextBox2 loaded 1 chars with 0 blanks and 1 valid
6.9908 	DEBUG 	TextBox2 loaded 1 chars with 0 blanks and 1 valid
6.9914 	DEBUG 	TextBox2 loaded 1 chars with 0 blanks and 1 valid
6.9919 	DEBUG 	TextBox2 loaded 1 chars with 0 blanks and 1 valid
6.9927 	DEBUG 	TextBox2 loaded 1 chars with 0 blanks and 1 valid
6.9936 	DEBUG 	TextBox2 loaded 1 chars with 0 blanks and 1 valid
6.9944 	DEBUG 	TextBox2 loaded 1 chars with 0 blanks and 1 valid
6.9952 	DEBUG 	TextBox2 loaded 1 chars with 0 blanks and 1 valid
6.9960 	DEBUG 	TextBox2 loaded 1 chars with 0 blanks and 1 valid
6.9966 	DEBUG 	TextBox2 loaded 1 chars with 0 blanks and 1 valid
6.9968 	DEBUG 	Uploading Texture Font fontname to graphics card
7.0023 	DEBUG 	Upload of Texture Font fontname complete
7.0176 	DEBUG 	TextBox2 loaded 1 chars with 0 blanks and 1 valid
7.0178 	DEBUG 	Uploading Texture Font fontname to graphics card
7.0218 	DEBUG 	Upload of Texture Font fontname complete
7.0372 	DEBUG 	TextBox2 loaded 1 chars with 0 blanks and 1 valid
7.0382 	DEBUG 	TextBox2 loaded 1 chars with 0 blanks and 1 valid
7.0392 	DEBUG 	TextBox2 loaded 1 chars with 0 blanks and 1 valid
7.0402 	DEBUG 	TextBox2 loaded 1 chars with 0 blanks and 1 valid
7.0409 	DEBUG 	TextBox2 loaded 1 chars with 0 blanks and 1 valid
7.0418 	DEBUG 	TextBox2 loaded 1 chars with 0 blanks and 1 valid
7.0420 	DEBUG 	Uploading Texture Font fontname to graphics card
7.0454 	DEBUG 	Upload of Texture Font fontname complete
7.0613 	DEBUG 	TextBox2 loaded 1 chars with 0 blanks and 1 valid
7.0615 	DEBUG 	Uploading Texture Font fontname to graphics card
7.0643 	DEBUG 	Upload of Texture Font fontname complete
7.0798 	DEBUG 	TextBox2 loaded 1 chars with 0 blanks and 1 valid
7.0808 	DEBUG 	TextBox2 loaded 1 chars with 0 blanks and 1 valid
7.0810 	DEBUG 	Uploading Texture Font fontname to graphics card
7.0841 	DEBUG 	Upload of Texture Font fontname complete
7.0957 	EXP 	Created slider_rad_therapy = Slider(__class__=<class 'psychopy.visual.slider.Slider'>, autoDraw=False, autoLog=True, borderColor=None, color=None, colorSpace='rgb', depth=0, fillColor=None, flip=False, font='Arial', granularity=0.0, labelColor=None, labelHeight=0.03, labelWrapWidth=None, labels=tuple(...), lineColor=None, markerColor=None, name='slider_rad_therapy', opacity=None, ori=0.0, pos=array([0. , 0.1]), readOnly=False, self=UNKNOWN, size=array([1. , 0.1]), startValue=3, style='rating', styleTweaks=['labels45'], ticks=array([1, 2, 3, 4, 5]), units='height', win=Window(...))
7.1043 	EXP 	Created text_rad_therapy = TextStim(__class__=<class 'psychopy.visual.text.TextStim'>, alignHoriz=method-wrapper(...), alignText='center', alignVert=method-wrapper(...), anchorHoriz='center', anchorVert='center', antialias=True, autoDraw=False, autoLog=True, bold=False, color=array([1, 1, 1]), colorSpace='rgb', contrast=1.0, depth=-1.0, flipHoriz=False, flipVert=False, font='Open Sans', fontFiles=[], height=0.04, italic=False, languageStyle='LTR', name='text_rad_therapy', opacity=1.0, ori=0.0, pos=array([0. , 0.3]), rgb=UNKNOWN, text=str(...), units='height', win=Window(...), wrapWidth=1)
7.1056 	EXP 	window1: mouseVisible = True
7.1853 	EXP 	Created slider_surgery = Slider(__class__=<class 'psychopy.visual.slider.Slider'>, autoDraw=False, autoLog=True, borderColor=None, color=None, colorSpace='rgb', depth=-2, fillColor=None, flip=False, font='Arial', granularity=0.0, labelColor=None, labelHeight=0.03, labelWrapWidth=None, labels=tuple(...), lineColor=None, markerColor=None, name='slider_surgery', opacity=None, ori=0.0, pos=array([ 0. , -0.3]), readOnly=False, self=UNKNOWN, size=array([1. , 0.1]), startValue=3, style='rating', styleTweaks=['labels45'], ticks=array([1, 2, 3, 4, 5]), units='height', win=Window(...))
7.1900 	EXP 	Created text_surgery = TextStim(__class__=<class 'psychopy.visual.text.TextStim'>, alignHoriz=method-wrapper(...), alignText='center', alignVert=method-wrapper(...), anchorHoriz='center', anchorVert='center', antialias=True, autoDraw=False, autoLog=True, bold=False, color=array([1, 1, 1]), colorSpace='rgb', contrast=1.0, depth=-3.0, flipHoriz=False, flipVert=False, font='Open Sans', fontFiles=[], height=0.04, italic=False, languageStyle='LTR', name='text_surgery', opacity=1.0, ori=0.0, pos=array([ 0. , -0.1]), rgb=UNKNOWN, text=str(...), units='height', win=Window(...), wrapWidth=1)
7.1998 	EXP 	Created image = ImageStim(__class__=<class 'psychopy.visual.image.ImageStim'>, anchor=('center', 'center'), autoLog=True, color=array([1, 1, 1]), colorSpace='rgb', contrast=1.0, depth=-4.0, flipHoriz=False, flipVert=False, image='Picture1-eng.png', interpolate=True, mask=None, maskParams=None, name='image', opacity=1.0, ori=0.0, pos=array([ 0.7, -0.4]), size=array([0.2, 0.1]), texRes=128.0, units='height', win=Window(...))
7.1998 	EXP 	window1: mouseVisible = True
7.2007 	EXP 	Created instrBlock = TextStim(__class__=<class 'psychopy.visual.text.TextStim'>, alignHoriz=method-wrapper(...), alignText='center', alignVert=method-wrapper(...), anchorHoriz='center', anchorVert='center', antialias=True, autoDraw=False, autoLog=True, bold=False, color=array([1, 1, 1]), colorSpace='rgb', contrast=1.0, depth=-1.0, flipHoriz=False, flipVert=False, font='Arial', fontFiles=[], height=0.05, italic=False, languageStyle='LTR', name='instrBlock', opacity=1.0, ori=0.0, pos=array([0., 0.]), rgb=UNKNOWN, text='', units='height', win=Window(...), wrapWidth=1)
7.2007 	EXP 	window1: mouseVisible = True
7.2035 	EXP 	Created face_image = ImageStim(__class__=<class 'psychopy.visual.image.ImageStim'>, anchor=('center', 'center'), autoLog=True, color=array([1, 1, 1]), colorSpace='rgb', contrast=1.0, depth=-1.0, flipHoriz=True, flipVert=False, image='sin', interpolate=False, mask=None, maskParams=None, name='face_image', opacity=1.0, ori=0.0, pos=array([  0., 280.]), size=array([960., 540.]), texRes=512, units='pix', win=Window(...))
7.2047 	EXP 	window1: mouseVisible = True
7.4398 	WARNING 	Font b'HelveticaBold' was requested. No similar font found.
7.4535 	DEBUG 	TextBox2 loaded 1 chars with 0 blanks and 1 valid
7.4553 	DEBUG 	TextBox2 loaded 1 chars with 0 blanks and 1 valid
7.4562 	DEBUG 	TextBox2 loaded 1 chars with 0 blanks and 1 valid
7.4571 	DEBUG 	TextBox2 loaded 1 chars with 0 blanks and 1 valid
7.4586 	DEBUG 	TextBox2 loaded 1 chars with 0 blanks and 1 valid
7.4598 	DEBUG 	TextBox2 loaded 1 chars with 0 blanks and 1 valid
7.4611 	DEBUG 	TextBox2 loaded 1 chars with 0 blanks and 1 valid
7.4622 	DEBUG 	TextBox2 loaded 1 chars with 0 blanks and 1 valid
7.4624 	DEBUG 	Uploading Texture Font fontname to graphics card
7.4636 	DEBUG 	Upload of Texture Font fontname complete
7.5692 	WARNING 	Font b'HelveticaBold' was requested. No similar font found.
7.5821 	DEBUG 	TextBox2 loaded 1 chars with 0 blanks and 1 valid
7.5837 	DEBUG 	TextBox2 loaded 1 chars with 0 blanks and 1 valid
7.5847 	DEBUG 	TextBox2 loaded 1 chars with 0 blanks and 1 valid
7.5861 	DEBUG 	TextBox2 loaded 1 chars with 0 blanks and 1 valid
7.5873 	DEBUG 	TextBox2 loaded 1 chars with 0 blanks and 1 valid
7.5887 	DEBUG 	TextBox2 loaded 1 chars with 0 blanks and 1 valid
7.5900 	DEBUG 	TextBox2 loaded 1 chars with 0 blanks and 1 valid
7.5901 	DEBUG 	Uploading Texture Font fontname to graphics card
7.5906 	DEBUG 	Upload of Texture Font fontname complete
7.5994 	EXP 	Created slider_treatment_surgery = Slider(__class__=<class 'psychopy.visual.slider.Slider'>, autoDraw=False, autoLog=True, borderColor=None, color=None, colorSpace='rgb', depth=-2, fillColor=None, flip=False, font='HelveticaBold', granularity=0, labelColor=None, labelHeight=0.03, labelWrapWidth=None, labels=('0% Never', '100% Always'), lineColor=None, markerColor=None, name='slider_treatment_surgery', opacity=None, ori=0, pos=array([0., 0.]), readOnly=False, self=UNKNOWN, size=array([1.   , 0.025]), startValue=None, style=['rating'], styleTweaks=['labels45', 'triangleMarker'], ticks=array([  0,  25,  50,  75, 100]), units='height', win=Window(...))
7.6095 	EXP 	Created NextBu = ImageStim(__class__=<class 'psychopy.visual.image.ImageStim'>, anchor=('center', 'center'), autoLog=True, color=array([1, 1, 1]), colorSpace='rgb', contrast=1.0, depth=-3.0, flipHoriz=False, flipVert=False, image='Picture1-eng.png', interpolate=False, mask=None, maskParams=None, name='NextBu', opacity=1.0, ori=0.0, pos=array([0., 0.]), size=array([0.2, 0.1]), texRes=512, units='height', win=Window(...))
7.6096 	EXP 	window1: mouseVisible = True
7.6108 	EXP 	window1: mouseVisible = True
7.7139 	WARNING 	Font b'HelveticaBold' was requested. No similar font found.
7.8328 	WARNING 	Font b'HelveticaBold' was requested. No similar font found.
7.8536 	EXP 	Created slider_treatment_radiation = Slider(__class__=<class 'psychopy.visual.slider.Slider'>, autoDraw=False, autoLog=True, borderColor=None, color=None, colorSpace='rgb', depth=-5, fillColor=None, flip=False, font='HelveticaBold', granularity=0, labelColor=None, labelHeight=0.03, labelWrapWidth=None, labels=('0% Never', '100% Always'), lineColor=None, markerColor=None, name='slider_treatment_radiation', opacity=None, ori=0, pos=array([ 0. , -0.3]), readOnly=False, self=UNKNOWN, size=array([1.   , 0.025]), startValue=None, style=['rating'], styleTweaks=['triangleMarker'], ticks=array([  0,  25,  50,  75, 100]), units='height', win=Window(...))
7.8658 	EXP 	Created text_treatment_surgery = TextStim(__class__=<class 'psychopy.visual.text.TextStim'>, alignHoriz=method-wrapper(...), alignText='center', alignVert=method-wrapper(...), anchorHoriz='center', anchorVert='center', antialias=True, autoDraw=False, autoLog=True, bold=False, color=array([-1, -1, -1]), colorSpace='rgb', contrast=1.0, depth=-6.0, flipHoriz=False, flipVert=False, font='Open Sans', fontFiles=[], height=0.03, italic=False, languageStyle='LTR', name='text_treatment_surgery', opacity=1.0, ori=0.0, pos=array([0.  , 0.05]), rgb=UNKNOWN, text='How likely are you to recommend surgery? ', units='height', win=Window(...), wrapWidth=1)
7.8679 	EXP 	Created text_treatment_radiation = TextStim(__class__=<class 'psychopy.visual.text.TextStim'>, alignHoriz=method-wrapper(...), alignText='center', alignVert=method-wrapper(...), anchorHoriz='center', anchorVert='center', antialias=True, autoDraw=False, autoLog=True, bold=False, color=array([-1, -1, -1]), colorSpace='rgb', contrast=1.0, depth=-7.0, flipHoriz=False, flipVert=False, font='Open Sans', fontFiles=[], height=0.03, italic=False, languageStyle='LTR', name='text_treatment_radiation', opacity=1.0, ori=0.0, pos=array([ 0. , -0.2]), rgb=UNKNOWN, text='How likely are you to recommend radiation? ', units='height', win=Window(...), wrapWidth=1)
7.8688 	EXP 	Created text = TextStim(__class__=<class 'psychopy.visual.text.TextStim'>, alignHoriz=method-wrapper(...), alignText='center', alignVert=method-wrapper(...), anchorHoriz='center', anchorVert='center', antialias=True, autoDraw=False, autoLog=True, bold=False, color=array([1, 1, 1]), colorSpace='rgb', contrast=1.0, depth=-1.0, flipHoriz=False, flipVert=False, font='Arial', fontFiles=[], height=0.1, italic=False, languageStyle='LTR', name='text', opacity=1.0, ori=0, pos=array([0., 0.]), rgb=UNKNOWN, text='', units='height', win=Window(...), wrapWidth=1)
7.8712 	EXP 	Created face_image_q = ImageStim(__class__=<class 'psychopy.visual.image.ImageStim'>, anchor=('center', 'center'), autoLog=True, color=array([1, 1, 1]), colorSpace='rgb', contrast=1.0, depth=0.0, flipHoriz=False, flipVert=False, image='sin', interpolate=True, mask=None, maskParams=None, name='face_image_q', opacity=1.0, ori=0.0, pos=array([0. , 0.3]), size=array([0.88888889, 0.5       ]), texRes=128.0, units='height', win=Window(...))
7.8724 	EXP 	window1: mouseVisible = True
7.8882 	DEBUG 	TextBox2 loaded 1 chars with 0 blanks and 1 valid
7.8890 	DEBUG 	TextBox2 loaded 1 chars with 0 blanks and 1 valid
7.8898 	DEBUG 	TextBox2 loaded 1 chars with 0 blanks and 1 valid
7.8905 	DEBUG 	TextBox2 loaded 1 chars with 0 blanks and 1 valid
7.8911 	DEBUG 	TextBox2 loaded 1 chars with 0 blanks and 1 valid
7.8916 	DEBUG 	TextBox2 loaded 1 chars with 0 blanks and 1 valid
7.8924 	DEBUG 	TextBox2 loaded 1 chars with 0 blanks and 1 valid
7.8931 	DEBUG 	TextBox2 loaded 1 chars with 0 blanks and 1 valid
7.8938 	DEBUG 	TextBox2 loaded 1 chars with 0 blanks and 1 valid
7.8946 	DEBUG 	TextBox2 loaded 1 chars with 0 blanks and 1 valid
7.8954 	DEBUG 	TextBox2 loaded 1 chars with 0 blanks and 1 valid
7.8962 	DEBUG 	TextBox2 loaded 1 chars with 0 blanks and 1 valid
7.8969 	DEBUG 	TextBox2 loaded 1 chars with 0 blanks and 1 valid
7.8971 	DEBUG 	Uploading Texture Font fontname to graphics card
7.8978 	DEBUG 	Upload of Texture Font fontname complete
7.9122 	DEBUG 	TextBox2 loaded 1 chars with 0 blanks and 1 valid
7.9131 	DEBUG 	TextBox2 loaded 1 chars with 0 blanks and 1 valid
7.9137 	DEBUG 	TextBox2 loaded 1 chars with 0 blanks and 1 valid
7.9139 	DEBUG 	Uploading Texture Font fontname to graphics card
7.9144 	DEBUG 	Upload of Texture Font fontname complete
7.9286 	DEBUG 	TextBox2 loaded 1 chars with 0 blanks and 1 valid
7.9293 	DEBUG 	TextBox2 loaded 1 chars with 0 blanks and 1 valid
7.9301 	DEBUG 	TextBox2 loaded 1 chars with 0 blanks and 1 valid
7.9308 	DEBUG 	TextBox2 loaded 1 chars with 0 blanks and 1 valid
7.9311 	DEBUG 	Uploading Texture Font fontname to graphics card
7.9315 	DEBUG 	Upload of Texture Font fontname complete
7.9458 	DEBUG 	TextBox2 loaded 1 chars with 0 blanks and 1 valid
7.9467 	DEBUG 	TextBox2 loaded 1 chars with 0 blanks and 1 valid
7.9476 	DEBUG 	TextBox2 loaded 1 chars with 0 blanks and 1 valid
7.9478 	DEBUG 	Uploading Texture Font fontname to graphics card
7.9483 	DEBUG 	Upload of Texture Font fontname complete
7.9632 	DEBUG 	TextBox2 loaded 1 chars with 0 blanks and 1 valid
7.9634 	DEBUG 	Uploading Texture Font fontname to graphics card
7.9641 	DEBUG 	Upload of Texture Font fontname complete
7.9770 	EXP 	Created slider_trustworthy = Slider(__class__=<class 'psychopy.visual.slider.Slider'>, autoDraw=False, autoLog=True, borderColor=None, color=None, colorSpace='rgb', depth=-1, fillColor=None, flip=False, font='Open Sans', granularity=1.0, labelColor=None, labelHeight=0.02, labelWrapWidth=None, labels=tuple(...), lineColor=None, markerColor=None, name='slider_trustworthy', opacity=None, ori=0.0, pos=array([0., 0.]), readOnly=False, self=UNKNOWN, size=array([1.   , 0.025]), startValue=None, style='radio', styleTweaks=['labels45'], ticks=array([1, 2, 3, 4, 5]), units='height', win=Window(...))
7.9832 	EXP 	Created text_trustworthy = TextStim(__class__=<class 'psychopy.visual.text.TextStim'>, alignHoriz=method-wrapper(...), alignText='center', alignVert=method-wrapper(...), anchorHoriz='center', anchorVert='center', antialias=True, autoDraw=False, autoLog=True, bold=False, color=array([1, 1, 1]), colorSpace='rgb', contrast=1.0, depth=-2.0, flipHoriz=False, flipVert=False, font='Open Sans', fontFiles=[], height=0.03, italic=False, languageStyle='LTR', name='text_trustworthy', opacity=1.0, ori=0.0, pos=array([0.  , 0.05]), rgb=UNKNOWN, text=str(...), units='height', win=Window(...), wrapWidth=1)
7.9844 	EXP 	window1: mouseVisible = True
8.0652 	EXP 	Created slider_aggressive = Slider(__class__=<class 'psychopy.visual.slider.Slider'>, autoDraw=False, autoLog=True, borderColor=None, color=None, colorSpace='rgb', depth=-3, fillColor=None, flip=False, font='Open Sans', granularity=1.0, labelColor=None, labelHeight=0.02, labelWrapWidth=None, labels=tuple(...), lineColor=None, markerColor=None, name='slider_aggressive', opacity=None, ori=0.0, pos=array([ 0.  , -0.25]), readOnly=False, self=UNKNOWN, size=array([1.   , 0.025]), startValue=None, style='radio', styleTweaks=[], ticks=array([1, 2, 3, 4, 5]), units='height', win=Window(...))
8.0688 	EXP 	Created text_aggressive = TextStim(__class__=<class 'psychopy.visual.text.TextStim'>, alignHoriz=method-wrapper(...), alignText='center', alignVert=method-wrapper(...), anchorHoriz='center', anchorVert='center', antialias=True, autoDraw=False, autoLog=True, bold=False, color=array([1, 1, 1]), colorSpace='rgb', contrast=1.0, depth=-4.0, flipHoriz=False, flipVert=False, font='Open Sans', fontFiles=[], height=0.03, italic=False, languageStyle='LTR', name='text_aggressive', opacity=1.0, ori=0.0, pos=array([ 0.  , -0.15]), rgb=UNKNOWN, text=str(...), units='height', win=Window(...), wrapWidth=1)
8.0689 	EXP 	window1: mouseVisible = True
8.0761 	EXP 	Created Confirm = ImageStim(__class__=<class 'psychopy.visual.image.ImageStim'>, anchor=('center', 'center'), autoLog=True, color=array([1, 1, 1]), colorSpace='rgb', contrast=1.0, depth=-6.0, flipHoriz=False, flipVert=False, image='Picture1-eng.png', interpolate=True, mask=None, maskParams=None, name='Confirm', opacity=1.0, ori=0.0, pos=array([ 0. , -0.9]), size=array([0.2, 0.1]), texRes=128.0, units='height', win=Window(...))
8.0773 	EXP 	Created text_2 = TextStim(__class__=<class 'psychopy.visual.text.TextStim'>, alignHoriz=method-wrapper(...), alignText='center', alignVert=method-wrapper(...), anchorHoriz='center', anchorVert='center', antialias=True, autoDraw=False, autoLog=True, bold=False, color=array([1, 1, 1]), colorSpace='rgb', contrast=1.0, depth=-1.0, flipHoriz=False, flipVert=False, font='Open Sans', fontFiles=[], height=0.05, italic=False, languageStyle='LTR', name='text_2', opacity=1.0, ori=0.0, pos=array([0., 0.]), rgb=UNKNOWN, text='', units='height', win=Window(...), wrapWidth=1)
8.1076 	EXP 	Created EndText = TextStim(__class__=<class 'psychopy.visual.text.TextStim'>, alignHoriz=method-wrapper(...), alignText='center', alignVert=method-wrapper(...), anchorHoriz='center', anchorVert='center', antialias=True, autoDraw=False, autoLog=True, bold=False, color=array([-1, -1, -1]), colorSpace='rgb', contrast=1.0, depth=0.0, flipHoriz=False, flipVert=False, font='Arial', fontFiles=[], height=0.03, italic=False, languageStyle='LTR', name='EndText', opacity=1.0, ori=0, pos=array([0., 0.]), rgb=UNKNOWN, text=str(...), units='height', win=Window(...), wrapWidth=1)
8.1076 	EXP 	window1: mouseVisible = True
8.1170 	EXP 	slider_rad_therapy: autoLog = True
8.1170 	EXP 	slider_rad_therapy: markerPos = 3
8.1170 	EXP 	slider_rad_therapy: styleTweaks = []
8.1170 	EXP 	slider_rad_therapy: styleTweaks = []
8.1170 	EXP 	slider_rad_therapy: styleTweaks = ['labels45']
8.1170 	EXP 	slider_rad_therapy: styleTweaks = ['labels45']
8.1170 	EXP 	slider_rad_therapy: contrast = 1.0
8.1170 	EXP 	slider_rad_therapy: autoLog = True
8.1170 	EXP 	slider_surgery: autoLog = True
8.1170 	EXP 	slider_surgery: markerPos = 3
8.1170 	EXP 	slider_surgery: styleTweaks = []
8.1170 	EXP 	slider_surgery: styleTweaks = []
8.1170 	EXP 	slider_surgery: styleTweaks = ['labels45']
8.1170 	EXP 	slider_surgery: styleTweaks = ['labels45']
8.1170 	EXP 	slider_surgery: contrast = 1.0
8.1170 	EXP 	slider_surgery: autoLog = True
8.1170 	EXP 	slider_treatment_surgery: autoLog = True
8.1170 	EXP 	slider_treatment_surgery: markerPos = None
8.1170 	EXP 	slider_treatment_surgery: styleTweaks = []
8.1170 	EXP 	slider_treatment_surgery: styleTweaks = []
8.1170 	EXP 	slider_treatment_surgery: styleTweaks = ['labels45', 'triangleMarker']
8.1170 	EXP 	slider_treatment_surgery: styleTweaks = ['labels45', 'triangleMarker']
8.1170 	EXP 	slider_treatment_surgery: contrast = 1.0
8.1170 	EXP 	slider_treatment_surgery: autoLog = True
8.1170 	EXP 	slider_treatment_radiation: autoLog = True
8.1170 	EXP 	slider_treatment_radiation: markerPos = None
8.1170 	EXP 	slider_treatment_radiation: styleTweaks = []
8.1170 	EXP 	slider_treatment_radiation: styleTweaks = []
8.1170 	EXP 	slider_treatment_radiation: styleTweaks = ['triangleMarker']
8.1170 	EXP 	slider_treatment_radiation: styleTweaks = ['triangleMarker']
8.1170 	EXP 	slider_treatment_radiation: contrast = 1.0
8.1170 	EXP 	slider_treatment_radiation: autoLog = True
8.1170 	EXP 	slider_trustworthy: autoLog = True
8.1170 	EXP 	slider_trustworthy: markerPos = None
8.1170 	EXP 	slider_trustworthy: styleTweaks = []
8.1170 	EXP 	slider_trustworthy: styleTweaks = []
8.1170 	EXP 	slider_trustworthy: styleTweaks = ['labels45']
8.1170 	EXP 	slider_trustworthy: styleTweaks = ['labels45']
8.1170 	EXP 	slider_trustworthy: contrast = 1.0
8.1170 	EXP 	slider_trustworthy: autoLog = True
8.1170 	EXP 	slider_aggressive: autoLog = True
8.1170 	EXP 	slider_aggressive: markerPos = None
8.1170 	EXP 	slider_aggressive: styleTweaks = []
8.1170 	EXP 	slider_aggressive: styleTweaks = []
8.1170 	EXP 	slider_aggressive: styleTweaks = []
8.1170 	EXP 	slider_aggressive: styleTweaks = []
8.1170 	EXP 	slider_aggressive: contrast = 1.0
8.1170 	EXP 	slider_aggressive: autoLog = True
8.1170 	EXP 	ques_instr: autoDraw = True
8.9149 	DATA 	Mouse: Left button down, pos=(765,519)
8.9646 	EXP 	ques_instr: autoDraw = False
8.9646 	EXP 	slider_rad_therapy: markerPos = None
8.9646 	EXP 	slider_rad_therapy: markerPos = 3
8.9646 	EXP 	slider_surgery: markerPos = None
8.9646 	EXP 	slider_surgery: markerPos = 3
8.9646 	EXP 	slider_rad_therapy: autoDraw = True
8.9646 	EXP 	text_rad_therapy: autoDraw = True
8.9646 	EXP 	slider_surgery: autoDraw = True
8.9646 	EXP 	text_surgery: autoDraw = True
8.9646 	EXP 	image: autoDraw = True
9.0410 	DATA 	Mouse:  Left button up, pos=(765,519)
9.8131 	DATA 	Mouse: Left button down, pos=(677,647)
9.8268 	EXP 	slider_rad_therapy: markerPos = 1.951851851851852
9.8386 	EXP 	slider_rad_therapy: markerPos = 1.951851851851852
9.8504 	EXP 	slider_rad_therapy: markerPos = 1.951851851851852
9.8631 	EXP 	slider_rad_therapy: markerPos = 1.951851851851852
9.8751 	EXP 	slider_rad_therapy: markerPos = 1.951851851851852
9.8862 	EXP 	slider_rad_therapy: markerPos = 1.951851851851852
9.8980 	EXP 	slider_rad_therapy: markerPos = 1.951851851851852
9.9105 	EXP 	slider_rad_therapy: markerPos = 1.951851851851852
9.9220 	EXP 	slider_rad_therapy: markerPos = 1.951851851851852
9.9339 	EXP 	slider_rad_therapy: markerPos = 1.951851851851852
9.9449 	DATA 	Mouse:  Left button up, pos=(677,647)
9.9462 	EXP 	slider_rad_therapy: markerPos = 1.951851851851852
9.9575 	EXP 	slider_rad_therapy: markerPos = 1.951851851851852
11.0069 	DATA 	Mouse: Left button down, pos=(1234,225)
11.0141 	EXP 	slider_surgery: markerPos = 4.014814814814815
11.0256 	EXP 	slider_surgery: markerPos = 4.014814814814815
11.0373 	EXP 	slider_surgery: markerPos = 4.014814814814815
11.0492 	EXP 	slider_surgery: markerPos = 4.014814814814815
11.0603 	EXP 	slider_surgery: markerPos = 4.014814814814815
11.0724 	EXP 	slider_surgery: markerPos = 4.014814814814815
11.0855 	EXP 	slider_surgery: markerPos = 4.014814814814815
11.0976 	EXP 	slider_surgery: markerPos = 4.014814814814815
11.1089 	EXP 	slider_surgery: markerPos = 4.014814814814815
11.1208 	DATA 	Mouse:  Left button up, pos=(1234,225)
11.1220 	EXP 	slider_surgery: markerPos = 4.014814814814815
11.1335 	EXP 	slider_surgery: markerPos = 4.014814814814815
15.4701 	DATA 	Mouse: Left button down, pos=(1687,107)
15.4788 	DEBUG 	Read excel file with openpyxl: Rating_BlockOrder.xlsx
15.4790 	EXP 	Imported Rating_BlockOrder.xlsx as conditions, 19 conditions, 1 params
15.4795 	EXP 	Created sequence: fullRandom, trialTypes=19, nReps=1, seed=None
15.4797 	EXP 	New trial (rep=0, index=0): {'faceImages_q': 'images\\FOREHEAD_CFD_LM_201_057_N.png'}
15.4995 	EXP 	window1: mouseVisible = True
15.5019 	DEBUG 	Saving data for FaceAttractiveness ExperimentHandler
15.5030 	INFO 	saved data to C:\Users\annak\Documents\GitHub\faceattractiveness_lesion\data/_FaceAttractiveness_2023-04-07_20h48.47.559.psydat
15.5039 	INFO 	saved data to 'C:\\Users\\annak\\Documents\\GitHub\\faceattractiveness_lesion\\data/_FaceAttractiveness_2023-04-07_20h48.47.559.csv'
