4.1509 	INFO 	Loaded monitor calibration from ['2021_12_01 18:33']
4.1576 	WARNING 	User requested fullscreen with size [1536  864], but screen is actually [1920, 1080]. Using actual size
5.4786 	EXP 	Created window1 = Window(allowGUI=True, allowStencil=False, autoLog=True, backendConf=UNKNOWN, bitsMode=UNKNOWN, blendMode='avg', bpc=(8, 8, 8), color=array([0.09803922, 0.09803922, 0.09803922]), colorSpace='rgb', depthBits=8, fullscr=<method-wrapper '__getattribute__' of attributeSetter object at 0x00000177399D6E80>, gamma=None, gammaErrorPolicy='raise', lms=UNKNOWN, monitor=<psychopy.monitors.calibTools.Monitor object at 0x000001773F318040>, multiSample=False, name='window1', numSamples=2, pos=(0, 0), screen=0, size=array([1920, 1080]), stencilBits=0, stereo=False, units='height', useFBO=True, useRetina=False, viewOri=0.0, viewPos=None, viewScale=None, waitBlanking=True, winType='pyglet')
5.4787 	EXP 	window1: mouseVisible = True
5.4788 	EXP 	window1: mouseVisible = False
5.4788 	EXP 	window1: Attempting to measure frame rate of screen (0) ...
5.4788 	EXP 	window1: recordFrameIntervals = False
5.5481 	EXP 	window1: recordFrameIntervals = True
5.6242 	EXP 	Screen (0) actual frame rate measured at 144.59Hz
5.6243 	EXP 	window1: recordFrameIntervals = False
7.3451 	INFO 	keyboard.Keyboard is using iohub backend.
7.3575 	EXP 	Created instrBlock = TextStim(__class__=<class 'psychopy.visual.text.TextStim'>, alignHoriz=method-wrapper(...), alignText='center', alignVert=method-wrapper(...), anchorHoriz='center', anchorVert='center', antialias=True, autoDraw=False, autoLog=True, bold=False, color=array([1, 1, 1]), colorSpace='rgb', contrast=1.0, depth=-1.0, flipHoriz=False, flipVert=False, font='Arial', fontFiles=[], height=0.05, italic=False, languageStyle='LTR', name='instrBlock', opacity=1.0, ori=0.0, pos=array([0., 0.]), rgb=UNKNOWN, text='', units='height', win=Window(...), wrapWidth=1)
7.3578 	EXP 	window1: mouseVisible = True
7.3737 	EXP 	Created face_image = ImageStim(__class__=<class 'psychopy.visual.image.ImageStim'>, anchor=('center', 'center'), autoLog=True, color=array([1, 1, 1]), colorSpace='rgb', contrast=1.0, depth=-1.0, flipHoriz=True, flipVert=False, image='sin', interpolate=False, mask=None, maskParams=None, name='face_image', opacity=1.0, ori=0.0, pos=array([  0., 280.]), size=array([960., 540.]), texRes=512, units='pix', win=Window(...))
7.3775 	EXP 	window1: mouseVisible = True
7.4919 	WARNING 	Font b'HelveticaBold' was requested. No similar font found.
7.5067 	DEBUG 	TextBox2 loaded 1 chars with 0 blanks and 1 valid
7.5087 	DEBUG 	TextBox2 loaded 1 chars with 0 blanks and 1 valid
7.5096 	DEBUG 	TextBox2 loaded 1 chars with 0 blanks and 1 valid
7.5105 	DEBUG 	TextBox2 loaded 1 chars with 0 blanks and 1 valid
7.5119 	DEBUG 	TextBox2 loaded 1 chars with 0 blanks and 1 valid
7.5132 	DEBUG 	TextBox2 loaded 1 chars with 0 blanks and 1 valid
7.5145 	DEBUG 	TextBox2 loaded 1 chars with 0 blanks and 1 valid
7.5157 	DEBUG 	TextBox2 loaded 1 chars with 0 blanks and 1 valid
7.5159 	DEBUG 	Uploading Texture Font fontname to graphics card
7.5223 	DEBUG 	Upload of Texture Font fontname complete
7.6293 	WARNING 	Font b'HelveticaBold' was requested. No similar font found.
7.6430 	DEBUG 	TextBox2 loaded 1 chars with 0 blanks and 1 valid
7.6446 	DEBUG 	TextBox2 loaded 1 chars with 0 blanks and 1 valid
7.6456 	DEBUG 	TextBox2 loaded 1 chars with 0 blanks and 1 valid
7.6472 	DEBUG 	TextBox2 loaded 1 chars with 0 blanks and 1 valid
7.6484 	DEBUG 	TextBox2 loaded 1 chars with 0 blanks and 1 valid
7.6499 	DEBUG 	TextBox2 loaded 1 chars with 0 blanks and 1 valid
7.6511 	DEBUG 	TextBox2 loaded 1 chars with 0 blanks and 1 valid
7.6513 	DEBUG 	Uploading Texture Font fontname to graphics card
7.6582 	DEBUG 	Upload of Texture Font fontname complete
7.6674 	EXP 	Created slider_treatment_surgery = Slider(__class__=<class 'psychopy.visual.slider.Slider'>, autoDraw=False, autoLog=True, borderColor=None, color=None, colorSpace='rgb', depth=-2, fillColor=None, flip=False, font='HelveticaBold', granularity=0, labelColor=None, labelHeight=0.03, labelWrapWidth=None, labels=('0% Never', '100% Always'), lineColor=None, markerColor=None, name='slider_treatment_surgery', opacity=None, ori=0, pos=array([0., 0.]), readOnly=False, self=UNKNOWN, size=array([1.  , 0.02]), startValue=None, style=['rating'], styleTweaks=['labels45', 'triangleMarker'], ticks=array([  0,  25,  50,  75, 100]), units='height', win=Window(...))
7.6765 	EXP 	Created NextBu = ImageStim(__class__=<class 'psychopy.visual.image.ImageStim'>, anchor=('center', 'center'), autoLog=True, color=array([1, 1, 1]), colorSpace='rgb', contrast=1.0, depth=-3.0, flipHoriz=False, flipVert=False, image='Picture1-eng.png', interpolate=False, mask=None, maskParams=None, name='NextBu', opacity=1.0, ori=0.0, pos=array([0., 0.]), size=array([0.2, 0.1]), texRes=512, units='height', win=Window(...))
7.6766 	EXP 	window1: mouseVisible = True
7.6778 	EXP 	window1: mouseVisible = True
7.7872 	WARNING 	Font b'HelveticaBold' was requested. No similar font found.
7.9094 	WARNING 	Font b'HelveticaBold' was requested. No similar font found.
7.9306 	EXP 	Created slider_treatment_radiation = Slider(__class__=<class 'psychopy.visual.slider.Slider'>, autoDraw=False, autoLog=True, borderColor=None, color=None, colorSpace='rgb', depth=-5, fillColor=None, flip=False, font='HelveticaBold', granularity=0, labelColor=None, labelHeight=0.03, labelWrapWidth=None, labels=('0% Never', '100% Always'), lineColor=None, markerColor=None, name='slider_treatment_radiation', opacity=None, ori=0, pos=array([ 0. , -0.3]), readOnly=False, self=UNKNOWN, size=array([1.   , 0.025]), startValue=None, style=['rating'], styleTweaks=['triangleMarker'], ticks=array([  0,  25,  50,  75, 100]), units='height', win=Window(...))
7.9686 	EXP 	Created text_treatment_surgery = TextStim(__class__=<class 'psychopy.visual.text.TextStim'>, alignHoriz=method-wrapper(...), alignText='center', alignVert=method-wrapper(...), anchorHoriz='center', anchorVert='center', antialias=True, autoDraw=False, autoLog=True, bold=False, color=array([-1, -1, -1]), colorSpace='rgb', contrast=1.0, depth=-6.0, flipHoriz=False, flipVert=False, font='Open Sans', fontFiles=[], height=0.03, italic=False, languageStyle='LTR', name='text_treatment_surgery', opacity=1.0, ori=0.0, pos=array([0.  , 0.05]), rgb=UNKNOWN, text='How likely are you to recommend surgery? ', units='height', win=Window(...), wrapWidth=1)
7.9707 	EXP 	Created text_treatment_radiation = TextStim(__class__=<class 'psychopy.visual.text.TextStim'>, alignHoriz=method-wrapper(...), alignText='center', alignVert=method-wrapper(...), anchorHoriz='center', anchorVert='center', antialias=True, autoDraw=False, autoLog=True, bold=False, color=array([-1, -1, -1]), colorSpace='rgb', contrast=1.0, depth=-7.0, flipHoriz=False, flipVert=False, font='Open Sans', fontFiles=[], height=0.03, italic=False, languageStyle='LTR', name='text_treatment_radiation', opacity=1.0, ori=0.0, pos=array([ 0. , -0.2]), rgb=UNKNOWN, text='How likely are you to recommend radiation? ', units='height', win=Window(...), wrapWidth=1)
8.0014 	EXP 	Created EndText = TextStim(__class__=<class 'psychopy.visual.text.TextStim'>, alignHoriz=method-wrapper(...), alignText='center', alignVert=method-wrapper(...), anchorHoriz='center', anchorVert='center', antialias=True, autoDraw=False, autoLog=True, bold=False, color=array([-1, -1, -1]), colorSpace='rgb', contrast=1.0, depth=0.0, flipHoriz=False, flipVert=False, font='Arial', fontFiles=[], height=0.05, italic=False, languageStyle='LTR', name='EndText', opacity=1.0, ori=0, pos=array([0., 0.]), rgb=UNKNOWN, text=str(...), units='height', win=Window(...), wrapWidth=1)
8.0057 	DEBUG 	Read excel file with openpyxl: Rating_BlockOrder.xlsx
8.0058 	EXP 	Imported Rating_BlockOrder.xlsx as conditions, 1 conditions, 3 params
8.0061 	EXP 	Created sequence: fullRandom, trialTypes=1, nReps=1, seed=None
8.0062 	EXP 	New trial (rep=0, index=0): {'Task': 'treatment', 'LeftLabel': '0% Never', 'RightLabel': '100% Always'}
8.0222 	EXP 	slider_treatment_surgery: autoLog = True
8.0222 	EXP 	slider_treatment_surgery: markerPos = None
8.0222 	EXP 	slider_treatment_surgery: styleTweaks = []
8.0222 	EXP 	slider_treatment_surgery: styleTweaks = []
8.0222 	EXP 	slider_treatment_surgery: styleTweaks = ['labels45', 'triangleMarker']
8.0222 	EXP 	slider_treatment_surgery: styleTweaks = ['labels45', 'triangleMarker']
8.0222 	EXP 	slider_treatment_surgery: contrast = 1.0
8.0222 	EXP 	slider_treatment_surgery: autoLog = True
8.0222 	EXP 	slider_treatment_radiation: autoLog = True
8.0222 	EXP 	slider_treatment_radiation: markerPos = None
8.0222 	EXP 	slider_treatment_radiation: styleTweaks = []
8.0222 	EXP 	slider_treatment_radiation: styleTweaks = []
8.0222 	EXP 	slider_treatment_radiation: styleTweaks = ['triangleMarker']
8.0222 	EXP 	slider_treatment_radiation: styleTweaks = ['triangleMarker']
8.0222 	EXP 	slider_treatment_radiation: contrast = 1.0
8.0222 	EXP 	slider_treatment_radiation: autoLog = True
8.0222 	EXP 	instrBlock: height = 0.05
8.0222 	EXP 	instrBlock: height = 0.05
8.0222 	EXP 	instrBlock: height = 0.05
8.0222 	EXP 	instrBlock: text = 'Each patient below has been diagnosed with a low-risk, non-sclerosing, early-stage basal cell skin cancer. The patients are otherwise in good health. For each face, please indicate how likely you would be to recommend surgery versus radiation in the management of each lesion. \nPlease click anywhere to start'
8.0222 	EXP 	instrBlock: autoDraw = True
8.3134 	DATA 	Mouse: Left button down, pos=(823,571)
8.4455 	DATA 	Mouse:  Left button up, pos=(823,571)
9.9402 	DATA 	Mouse: Left button down, pos=(963,426)
9.9660 	EXP 	window1: mouseVisible = True
9.9677 	DEBUG 	Saving data for FaceAttractiveness ExperimentHandler
9.9691 	INFO 	saved data to C:\Users\annak\Documents\GitHub\faceattractiveness_lesion\data/_FaceAttractiveness_2023-04-06_23h58.13.155.psydat
9.9696 	INFO 	saved data to 'C:\\Users\\annak\\Documents\\GitHub\\faceattractiveness_lesion\\data/_FaceAttractiveness_2023-04-06_23h58.13.155.csv'
