5.1070 	INFO 	Loaded monitor calibration from ['2021_12_01 18:33']
5.1141 	WARNING 	User requested fullscreen with size [1536  864], but screen is actually [1920, 1080]. Using actual size
6.4822 	EXP 	Created window1 = Window(allowGUI=True, allowStencil=False, autoLog=True, backendConf=UNKNOWN, bitsMode=UNKNOWN, blendMode='avg', bpc=(8, 8, 8), color=array([0.09803922, 0.09803922, 0.09803922]), colorSpace='rgb', depthBits=8, fullscr=<method-wrapper '__getattribute__' of attributeSetter object at 0x0000014AE7A56E80>, gamma=None, gammaErrorPolicy='raise', lms=UNKNOWN, monitor=<psychopy.monitors.calibTools.Monitor object at 0x0000014AED0CA2E0>, multiSample=False, name='window1', numSamples=2, pos=(0, 0), screen=0, size=array([1920, 1080]), stencilBits=0, stereo=False, units='height', useFBO=True, useRetina=False, viewOri=0.0, viewPos=None, viewScale=None, waitBlanking=True, winType='pyglet')
6.4823 	EXP 	window1: mouseVisible = True
6.4824 	EXP 	window1: mouseVisible = False
6.4824 	EXP 	window1: Attempting to measure frame rate of screen (0) ...
6.4824 	EXP 	window1: recordFrameIntervals = False
6.5515 	EXP 	window1: recordFrameIntervals = True
6.6277 	EXP 	Screen (0) actual frame rate measured at 143.51Hz
6.6277 	EXP 	window1: recordFrameIntervals = False
8.3382 	INFO 	keyboard.Keyboard is using iohub backend.
8.3510 	EXP 	Created instrBlock = TextStim(__class__=<class 'psychopy.visual.text.TextStim'>, alignHoriz=method-wrapper(...), alignText='center', alignVert=method-wrapper(...), anchorHoriz='center', anchorVert='center', antialias=True, autoDraw=False, autoLog=True, bold=False, color=array([1, 1, 1]), colorSpace='rgb', contrast=1.0, depth=-1.0, flipHoriz=False, flipVert=False, font='Arial', fontFiles=[], height=0.05, italic=False, languageStyle='LTR', name='instrBlock', opacity=1.0, ori=0.0, pos=array([0., 0.]), rgb=UNKNOWN, text='', units='height', win=Window(...), wrapWidth=1)
8.3514 	EXP 	window1: mouseVisible = True
8.3660 	EXP 	Created face_image = ImageStim(__class__=<class 'psychopy.visual.image.ImageStim'>, anchor=('center', 'center'), autoLog=True, color=array([1, 1, 1]), colorSpace='rgb', contrast=1.0, depth=-1.0, flipHoriz=True, flipVert=False, image='sin', interpolate=False, mask=None, maskParams=None, name='face_image', opacity=1.0, ori=0.0, pos=array([  0., 280.]), size=array([960., 540.]), texRes=512, units='pix', win=Window(...))
8.3695 	EXP 	window1: mouseVisible = True
8.4819 	WARNING 	Font b'HelveticaBold' was requested. No similar font found.
8.4960 	DEBUG 	TextBox2 loaded 1 chars with 0 blanks and 1 valid
8.4980 	DEBUG 	TextBox2 loaded 1 chars with 0 blanks and 1 valid
8.4989 	DEBUG 	TextBox2 loaded 1 chars with 0 blanks and 1 valid
8.4998 	DEBUG 	TextBox2 loaded 1 chars with 0 blanks and 1 valid
8.5014 	DEBUG 	TextBox2 loaded 1 chars with 0 blanks and 1 valid
8.5027 	DEBUG 	TextBox2 loaded 1 chars with 0 blanks and 1 valid
8.5039 	DEBUG 	TextBox2 loaded 1 chars with 0 blanks and 1 valid
8.5051 	DEBUG 	TextBox2 loaded 1 chars with 0 blanks and 1 valid
8.5054 	DEBUG 	Uploading Texture Font fontname to graphics card
8.5114 	DEBUG 	Upload of Texture Font fontname complete
8.6118 	WARNING 	Font b'HelveticaBold' was requested. No similar font found.
8.6259 	DEBUG 	TextBox2 loaded 1 chars with 0 blanks and 1 valid
8.6277 	DEBUG 	TextBox2 loaded 1 chars with 0 blanks and 1 valid
8.6287 	DEBUG 	TextBox2 loaded 1 chars with 0 blanks and 1 valid
8.6302 	DEBUG 	TextBox2 loaded 1 chars with 0 blanks and 1 valid
8.6315 	DEBUG 	TextBox2 loaded 1 chars with 0 blanks and 1 valid
8.6329 	DEBUG 	TextBox2 loaded 1 chars with 0 blanks and 1 valid
8.6342 	DEBUG 	TextBox2 loaded 1 chars with 0 blanks and 1 valid
8.6343 	DEBUG 	Uploading Texture Font fontname to graphics card
8.6390 	DEBUG 	Upload of Texture Font fontname complete
8.6485 	EXP 	Created slider_treatment_surgery = Slider(__class__=<class 'psychopy.visual.slider.Slider'>, autoDraw=False, autoLog=True, borderColor=None, color=None, colorSpace='rgb', depth=-2, fillColor=None, flip=False, font='HelveticaBold', granularity=0, labelColor=None, labelHeight=0.03, labelWrapWidth=None, labels=('0% Never', '100% Always'), lineColor=None, markerColor=None, name='slider_treatment_surgery', opacity=None, ori=0, pos=array([0., 0.]), readOnly=False, self=UNKNOWN, size=array([1.  , 0.02]), startValue=None, style=['rating'], styleTweaks=['labels45', 'triangleMarker'], ticks=array([  0,  25,  50,  75, 100]), units='height', win=Window(...))
8.6585 	EXP 	Created NextBu = ImageStim(__class__=<class 'psychopy.visual.image.ImageStim'>, anchor=('center', 'center'), autoLog=True, color=array([1, 1, 1]), colorSpace='rgb', contrast=1.0, depth=-3.0, flipHoriz=False, flipVert=False, image='Picture1-eng.png', interpolate=False, mask=None, maskParams=None, name='NextBu', opacity=1.0, ori=0.0, pos=array([0., 0.]), size=array([0.2, 0.1]), texRes=512, units='height', win=Window(...))
8.6586 	EXP 	window1: mouseVisible = True
8.6598 	EXP 	window1: mouseVisible = True
8.7692 	WARNING 	Font b'HelveticaBold' was requested. No similar font found.
8.8881 	WARNING 	Font b'HelveticaBold' was requested. No similar font found.
8.9090 	EXP 	Created slider_treatment_radiation = Slider(__class__=<class 'psychopy.visual.slider.Slider'>, autoDraw=False, autoLog=True, borderColor=None, color=None, colorSpace='rgb', depth=-5, fillColor=None, flip=False, font='HelveticaBold', granularity=0, labelColor=None, labelHeight=0.03, labelWrapWidth=None, labels=('0% Never', '100% Always'), lineColor=None, markerColor=None, name='slider_treatment_radiation', opacity=None, ori=0, pos=array([ 0. , -0.3]), readOnly=False, self=UNKNOWN, size=array([1.   , 0.025]), startValue=None, style=['rating'], styleTweaks=['triangleMarker'], ticks=array([  0,  25,  50,  75, 100]), units='height', win=Window(...))
8.9457 	EXP 	Created text_treatment_surgery = TextStim(__class__=<class 'psychopy.visual.text.TextStim'>, alignHoriz=method-wrapper(...), alignText='center', alignVert=method-wrapper(...), anchorHoriz='center', anchorVert='center', antialias=True, autoDraw=False, autoLog=True, bold=False, color=array([-1, -1, -1]), colorSpace='rgb', contrast=1.0, depth=-6.0, flipHoriz=False, flipVert=False, font='Open Sans', fontFiles=[], height=0.03, italic=False, languageStyle='LTR', name='text_treatment_surgery', opacity=1.0, ori=0.0, pos=array([0.  , 0.05]), rgb=UNKNOWN, text='How likely are you to recommend surgery? ', units='height', win=Window(...), wrapWidth=1)
8.9478 	EXP 	Created text_treatment_radiation = TextStim(__class__=<class 'psychopy.visual.text.TextStim'>, alignHoriz=method-wrapper(...), alignText='center', alignVert=method-wrapper(...), anchorHoriz='center', anchorVert='center', antialias=True, autoDraw=False, autoLog=True, bold=False, color=array([-1, -1, -1]), colorSpace='rgb', contrast=1.0, depth=-7.0, flipHoriz=False, flipVert=False, font='Open Sans', fontFiles=[], height=0.03, italic=False, languageStyle='LTR', name='text_treatment_radiation', opacity=1.0, ori=0.0, pos=array([ 0. , -0.2]), rgb=UNKNOWN, text='How likely are you to recommend radiation? ', units='height', win=Window(...), wrapWidth=1)
8.9796 	EXP 	Created EndText = TextStim(__class__=<class 'psychopy.visual.text.TextStim'>, alignHoriz=method-wrapper(...), alignText='center', alignVert=method-wrapper(...), anchorHoriz='center', anchorVert='center', antialias=True, autoDraw=False, autoLog=True, bold=False, color=array([-1, -1, -1]), colorSpace='rgb', contrast=1.0, depth=0.0, flipHoriz=False, flipVert=False, font='Arial', fontFiles=[], height=0.05, italic=False, languageStyle='LTR', name='EndText', opacity=1.0, ori=0, pos=array([0., 0.]), rgb=UNKNOWN, text=str(...), units='height', win=Window(...), wrapWidth=1)
8.9840 	DEBUG 	Read excel file with openpyxl: Rating_BlockOrder.xlsx
8.9842 	EXP 	Imported Rating_BlockOrder.xlsx as conditions, 1 conditions, 3 params
8.9845 	EXP 	Created sequence: fullRandom, trialTypes=1, nReps=1, seed=None
8.9846 	EXP 	New trial (rep=0, index=0): {'Task': 'treatment', 'LeftLabel': '0% Never', 'RightLabel': '100% Always'}
9.0015 	EXP 	slider_treatment_surgery: autoLog = True
9.0015 	EXP 	slider_treatment_surgery: markerPos = None
9.0015 	EXP 	slider_treatment_surgery: styleTweaks = []
9.0015 	EXP 	slider_treatment_surgery: styleTweaks = []
9.0015 	EXP 	slider_treatment_surgery: styleTweaks = ['labels45', 'triangleMarker']
9.0015 	EXP 	slider_treatment_surgery: styleTweaks = ['labels45', 'triangleMarker']
9.0015 	EXP 	slider_treatment_surgery: contrast = 1.0
9.0015 	EXP 	slider_treatment_surgery: autoLog = True
9.0015 	EXP 	slider_treatment_radiation: autoLog = True
9.0015 	EXP 	slider_treatment_radiation: markerPos = None
9.0015 	EXP 	slider_treatment_radiation: styleTweaks = []
9.0015 	EXP 	slider_treatment_radiation: styleTweaks = []
9.0015 	EXP 	slider_treatment_radiation: styleTweaks = ['triangleMarker']
9.0015 	EXP 	slider_treatment_radiation: styleTweaks = ['triangleMarker']
9.0015 	EXP 	slider_treatment_radiation: contrast = 1.0
9.0015 	EXP 	slider_treatment_radiation: autoLog = True
9.0015 	EXP 	instrBlock: height = 0.05
9.0015 	EXP 	instrBlock: height = 0.05
9.0015 	EXP 	instrBlock: height = 0.05
9.0015 	EXP 	instrBlock: text = 'Each patient below has been diagnosed with a low-risk, non-sclerosing, early-stage basal cell skin cancer. The patients are otherwise in good health. For each face, please indicate how likely you would be to recommend surgery versus radiation in the management of each lesion. \nPlease click anywhere to start'
9.0015 	EXP 	instrBlock: autoDraw = True
9.3172 	DATA 	Mouse: Left button down, pos=(861,429)
9.4565 	DATA 	Mouse:  Left button up, pos=(861,429)
12.3166 	DATA 	Mouse: Left button down, pos=(824,546)
12.3242 	DEBUG 	Read excel file with openpyxl: faceImages.xlsx
12.3253 	EXP 	Imported faceImages.xlsx as conditions, 95 conditions, 1 params
12.3264 	EXP 	Created sequence: sequential, trialTypes=95, nReps=95, seed=None
12.3267 	EXP 	New trial (rep=0, index=0): {'faceImages': '"FOREHEAD_006_M_F_N_A.png"'}
12.3489 	EXP 	window1: mouseVisible = True
12.3503 	DEBUG 	Saving data for FaceAttractiveness ExperimentHandler
12.3522 	INFO 	saved data to C:\Users\annak\Documents\GitHub\faceattractiveness_lesion\data/_FaceAttractiveness_2023-04-07_00h16.31.338.psydat
12.3531 	INFO 	saved data to 'C:\\Users\\annak\\Documents\\GitHub\\faceattractiveness_lesion\\data/_FaceAttractiveness_2023-04-07_00h16.31.338.csv'
