6.5707 	INFO 	Loaded monitor calibration from ['2021_12_01 18:33']
6.5767 	WARNING 	User requested fullscreen with size [1536  864], but screen is actually [1920, 1080]. Using actual size
7.7927 	EXP 	Created window1 = Window(allowGUI=True, allowStencil=False, autoLog=True, backendConf=UNKNOWN, bitsMode=UNKNOWN, blendMode='avg', bpc=(8, 8, 8), color=array([0.09803922, 0.09803922, 0.09803922]), colorSpace='rgb', depthBits=8, fullscr=<method-wrapper '__getattribute__' of attributeSetter object at 0x0000023887F28F40>, gamma=None, gammaErrorPolicy='raise', lms=UNKNOWN, monitor=<psychopy.monitors.calibTools.Monitor object at 0x000002388A2D2430>, multiSample=False, name='window1', numSamples=2, pos=(0, 0), screen=0, size=array([1920, 1080]), stencilBits=0, stereo=False, units='height', useFBO=True, useRetina=False, viewOri=0.0, viewPos=None, viewScale=None, waitBlanking=True, winType='pyglet')
7.7928 	EXP 	window1: mouseVisible = True
7.7929 	EXP 	window1: mouseVisible = False
7.7929 	EXP 	window1: Attempting to measure frame rate of screen (0) ...
7.7929 	EXP 	window1: recordFrameIntervals = False
7.8616 	EXP 	window1: recordFrameIntervals = True
7.9386 	EXP 	Screen (0) actual frame rate measured at 143.67Hz
7.9386 	EXP 	window1: recordFrameIntervals = False
9.5447 	INFO 	keyboard.Keyboard is using iohub backend.
9.6181 	EXP 	Created ques_instr = TextStim(__class__=<class 'psychopy.visual.text.TextStim'>, alignHoriz=method-wrapper(...), alignText='center', alignVert=method-wrapper(...), anchorHoriz='center', anchorVert='center', antialias=True, autoDraw=False, autoLog=True, bold=False, color=array([1, 1, 1]), colorSpace='rgb', contrast=1.0, depth=0.0, flipHoriz=False, flipVert=False, font='Arial', fontFiles=[], height=0.04, italic=False, languageStyle='LTR', name='ques_instr', opacity=1.0, ori=0.0, pos=array([0., 0.]), rgb=UNKNOWN, text=str(...), units='height', win=Window(...), wrapWidth=1)
9.6184 	EXP 	window1: mouseVisible = True
9.6219 	EXP 	window1: mouseVisible = True
9.6427 	DEBUG 	TextBox2 loaded 1 chars with 0 blanks and 1 valid
9.6436 	DEBUG 	TextBox2 loaded 1 chars with 0 blanks and 1 valid
9.6444 	DEBUG 	TextBox2 loaded 1 chars with 0 blanks and 1 valid
9.6453 	DEBUG 	TextBox2 loaded 1 chars with 0 blanks and 1 valid
9.6459 	DEBUG 	TextBox2 loaded 1 chars with 0 blanks and 1 valid
9.6464 	DEBUG 	TextBox2 loaded 1 chars with 0 blanks and 1 valid
9.6473 	DEBUG 	TextBox2 loaded 1 chars with 0 blanks and 1 valid
9.6482 	DEBUG 	TextBox2 loaded 1 chars with 0 blanks and 1 valid
9.6490 	DEBUG 	TextBox2 loaded 1 chars with 0 blanks and 1 valid
9.6498 	DEBUG 	TextBox2 loaded 1 chars with 0 blanks and 1 valid
9.6505 	DEBUG 	TextBox2 loaded 1 chars with 0 blanks and 1 valid
9.6512 	DEBUG 	TextBox2 loaded 1 chars with 0 blanks and 1 valid
9.6514 	DEBUG 	Uploading Texture Font fontname to graphics card
9.6567 	DEBUG 	Upload of Texture Font fontname complete
9.6702 	DEBUG 	TextBox2 loaded 1 chars with 0 blanks and 1 valid
9.6705 	DEBUG 	Uploading Texture Font fontname to graphics card
9.6752 	DEBUG 	Upload of Texture Font fontname complete
9.6889 	DEBUG 	TextBox2 loaded 1 chars with 0 blanks and 1 valid
9.6899 	DEBUG 	TextBox2 loaded 1 chars with 0 blanks and 1 valid
9.6909 	DEBUG 	TextBox2 loaded 1 chars with 0 blanks and 1 valid
9.6918 	DEBUG 	TextBox2 loaded 1 chars with 0 blanks and 1 valid
9.6925 	DEBUG 	TextBox2 loaded 1 chars with 0 blanks and 1 valid
9.6935 	DEBUG 	TextBox2 loaded 1 chars with 0 blanks and 1 valid
9.6936 	DEBUG 	Uploading Texture Font fontname to graphics card
9.6985 	DEBUG 	Upload of Texture Font fontname complete
9.7153 	DEBUG 	TextBox2 loaded 1 chars with 0 blanks and 1 valid
9.7156 	DEBUG 	Uploading Texture Font fontname to graphics card
9.7204 	DEBUG 	Upload of Texture Font fontname complete
9.7337 	DEBUG 	TextBox2 loaded 1 chars with 0 blanks and 1 valid
9.7347 	DEBUG 	TextBox2 loaded 1 chars with 0 blanks and 1 valid
9.7349 	DEBUG 	Uploading Texture Font fontname to graphics card
9.7397 	DEBUG 	Upload of Texture Font fontname complete
9.7515 	EXP 	Created slider_rad_therapy = Slider(__class__=<class 'psychopy.visual.slider.Slider'>, autoDraw=False, autoLog=True, borderColor=None, color=None, colorSpace='rgb', depth=0, fillColor=None, flip=False, font='Arial', granularity=0.0, labelColor=None, labelHeight=0.03, labelWrapWidth=None, labels=tuple(...), lineColor=None, markerColor=None, name='slider_rad_therapy', opacity=None, ori=0.0, pos=array([0. , 0.1]), readOnly=False, self=UNKNOWN, size=array([1. , 0.1]), startValue=3, style='rating', styleTweaks=['labels45'], ticks=array([1, 2, 3, 4, 5]), units='height', win=Window(...))
9.7608 	EXP 	Created text_rad_therapy = TextStim(__class__=<class 'psychopy.visual.text.TextStim'>, alignHoriz=method-wrapper(...), alignText='center', alignVert=method-wrapper(...), anchorHoriz='center', anchorVert='center', antialias=True, autoDraw=False, autoLog=True, bold=False, color=array([1, 1, 1]), colorSpace='rgb', contrast=1.0, depth=-1.0, flipHoriz=False, flipVert=False, font='Open Sans', fontFiles=[], height=0.04, italic=False, languageStyle='LTR', name='text_rad_therapy', opacity=1.0, ori=0.0, pos=array([0. , 0.3]), rgb=UNKNOWN, text=str(...), units='height', win=Window(...), wrapWidth=1)
9.7621 	EXP 	window1: mouseVisible = True
9.8330 	EXP 	Created slider_surgery = Slider(__class__=<class 'psychopy.visual.slider.Slider'>, autoDraw=False, autoLog=True, borderColor=None, color=None, colorSpace='rgb', depth=-2, fillColor=None, flip=False, font='Arial', granularity=0.0, labelColor=None, labelHeight=0.03, labelWrapWidth=None, labels=tuple(...), lineColor=None, markerColor=None, name='slider_surgery', opacity=None, ori=0.0, pos=array([ 0. , -0.3]), readOnly=False, self=UNKNOWN, size=array([1. , 0.1]), startValue=3, style='rating', styleTweaks=['labels45'], ticks=array([1, 2, 3, 4, 5]), units='height', win=Window(...))
9.8381 	EXP 	Created text_surgery = TextStim(__class__=<class 'psychopy.visual.text.TextStim'>, alignHoriz=method-wrapper(...), alignText='center', alignVert=method-wrapper(...), anchorHoriz='center', anchorVert='center', antialias=True, autoDraw=False, autoLog=True, bold=False, color=array([1, 1, 1]), colorSpace='rgb', contrast=1.0, depth=-3.0, flipHoriz=False, flipVert=False, font='Open Sans', fontFiles=[], height=0.04, italic=False, languageStyle='LTR', name='text_surgery', opacity=1.0, ori=0.0, pos=array([ 0. , -0.1]), rgb=UNKNOWN, text=str(...), units='height', win=Window(...), wrapWidth=1)
9.8481 	EXP 	Created image = ImageStim(__class__=<class 'psychopy.visual.image.ImageStim'>, anchor=('center', 'center'), autoLog=True, color=array([1, 1, 1]), colorSpace='rgb', contrast=1.0, depth=-4.0, flipHoriz=False, flipVert=False, image='Picture1-eng.png', interpolate=True, mask=None, maskParams=None, name='image', opacity=1.0, ori=0.0, pos=array([ 0.7, -0.4]), size=array([0.2, 0.1]), texRes=128.0, units='height', win=Window(...))
9.8481 	EXP 	window1: mouseVisible = True
9.8491 	EXP 	Created instrBlock = TextStim(__class__=<class 'psychopy.visual.text.TextStim'>, alignHoriz=method-wrapper(...), alignText='center', alignVert=method-wrapper(...), anchorHoriz='center', anchorVert='center', antialias=True, autoDraw=False, autoLog=True, bold=False, color=array([1, 1, 1]), colorSpace='rgb', contrast=1.0, depth=0.0, flipHoriz=False, flipVert=False, font='Arial', fontFiles=[], height=0.05, italic=False, languageStyle='LTR', name='instrBlock', opacity=1.0, ori=0.0, pos=array([0., 0.]), rgb=UNKNOWN, text='', units='height', win=Window(...), wrapWidth=1)
9.8491 	EXP 	window1: mouseVisible = True
9.8524 	EXP 	Created face_image_q = ImageStim(__class__=<class 'psychopy.visual.image.ImageStim'>, anchor=('center', 'center'), autoLog=True, color=array([1, 1, 1]), colorSpace='rgb', contrast=1.0, depth=0.0, flipHoriz=False, flipVert=False, image='sin', interpolate=True, mask=None, maskParams=None, name='face_image_q', opacity=1.0, ori=0.0, pos=array([0. , 0.3]), size=array([0.88888889, 0.5       ]), texRes=128.0, units='height', win=Window(...))
9.8536 	EXP 	window1: mouseVisible = True
9.8680 	DEBUG 	TextBox2 loaded 1 chars with 0 blanks and 1 valid
9.8689 	DEBUG 	TextBox2 loaded 1 chars with 0 blanks and 1 valid
9.8697 	DEBUG 	TextBox2 loaded 1 chars with 0 blanks and 1 valid
9.8705 	DEBUG 	TextBox2 loaded 1 chars with 0 blanks and 1 valid
9.8711 	DEBUG 	TextBox2 loaded 1 chars with 0 blanks and 1 valid
9.8717 	DEBUG 	TextBox2 loaded 1 chars with 0 blanks and 1 valid
9.8725 	DEBUG 	TextBox2 loaded 1 chars with 0 blanks and 1 valid
9.8733 	DEBUG 	TextBox2 loaded 1 chars with 0 blanks and 1 valid
9.8741 	DEBUG 	TextBox2 loaded 1 chars with 0 blanks and 1 valid
9.8750 	DEBUG 	TextBox2 loaded 1 chars with 0 blanks and 1 valid
9.8758 	DEBUG 	TextBox2 loaded 1 chars with 0 blanks and 1 valid
9.8766 	DEBUG 	TextBox2 loaded 1 chars with 0 blanks and 1 valid
9.8775 	DEBUG 	TextBox2 loaded 1 chars with 0 blanks and 1 valid
9.8777 	DEBUG 	Uploading Texture Font fontname to graphics card
9.8789 	DEBUG 	Upload of Texture Font fontname complete
9.8917 	DEBUG 	TextBox2 loaded 1 chars with 0 blanks and 1 valid
9.8925 	DEBUG 	TextBox2 loaded 1 chars with 0 blanks and 1 valid
9.8931 	DEBUG 	TextBox2 loaded 1 chars with 0 blanks and 1 valid
9.8934 	DEBUG 	Uploading Texture Font fontname to graphics card
9.8938 	DEBUG 	Upload of Texture Font fontname complete
9.9067 	DEBUG 	TextBox2 loaded 1 chars with 0 blanks and 1 valid
9.9074 	DEBUG 	TextBox2 loaded 1 chars with 0 blanks and 1 valid
9.9081 	DEBUG 	TextBox2 loaded 1 chars with 0 blanks and 1 valid
9.9089 	DEBUG 	TextBox2 loaded 1 chars with 0 blanks and 1 valid
9.9091 	DEBUG 	Uploading Texture Font fontname to graphics card
9.9096 	DEBUG 	Upload of Texture Font fontname complete
9.9227 	DEBUG 	TextBox2 loaded 1 chars with 0 blanks and 1 valid
9.9236 	DEBUG 	TextBox2 loaded 1 chars with 0 blanks and 1 valid
9.9244 	DEBUG 	TextBox2 loaded 1 chars with 0 blanks and 1 valid
9.9247 	DEBUG 	Uploading Texture Font fontname to graphics card
9.9251 	DEBUG 	Upload of Texture Font fontname complete
9.9378 	DEBUG 	TextBox2 loaded 1 chars with 0 blanks and 1 valid
9.9381 	DEBUG 	Uploading Texture Font fontname to graphics card
9.9388 	DEBUG 	Upload of Texture Font fontname complete
9.9519 	EXP 	Created slider_trustworthy = Slider(__class__=<class 'psychopy.visual.slider.Slider'>, autoDraw=False, autoLog=True, borderColor=None, color=None, colorSpace='rgb', depth=-1, fillColor=None, flip=False, font='Open Sans', granularity=1.0, labelColor=None, labelHeight=0.02, labelWrapWidth=None, labels=tuple(...), lineColor=None, markerColor=None, name='slider_trustworthy', opacity=None, ori=0.0, pos=array([0., 0.]), readOnly=False, self=UNKNOWN, size=array([1.   , 0.025]), startValue=None, style='radio', styleTweaks=['labels45'], ticks=array([1, 2, 3, 4, 5]), units='height', win=Window(...))
9.9643 	EXP 	Created text_trustworthy = TextStim(__class__=<class 'psychopy.visual.text.TextStim'>, alignHoriz=method-wrapper(...), alignText='center', alignVert=method-wrapper(...), anchorHoriz='center', anchorVert='center', antialias=True, autoDraw=False, autoLog=True, bold=False, color=array([1, 1, 1]), colorSpace='rgb', contrast=1.0, depth=-2.0, flipHoriz=False, flipVert=False, font='Open Sans', fontFiles=[], height=0.03, italic=False, languageStyle='LTR', name='text_trustworthy', opacity=1.0, ori=0.0, pos=array([0.  , 0.05]), rgb=UNKNOWN, text=str(...), units='height', win=Window(...), wrapWidth=1)
9.9655 	EXP 	window1: mouseVisible = True
10.0394 	EXP 	Created slider_aggressive = Slider(__class__=<class 'psychopy.visual.slider.Slider'>, autoDraw=False, autoLog=True, borderColor=None, color=None, colorSpace='rgb', depth=-3, fillColor=None, flip=False, font='Open Sans', granularity=1.0, labelColor=None, labelHeight=0.02, labelWrapWidth=None, labels=tuple(...), lineColor=None, markerColor=None, name='slider_aggressive', opacity=None, ori=0.0, pos=array([ 0.  , -0.25]), readOnly=False, self=UNKNOWN, size=array([1.   , 0.025]), startValue=None, style='radio', styleTweaks=[], ticks=array([1, 2, 3, 4, 5]), units='height', win=Window(...))
10.0429 	EXP 	Created text_aggressive = TextStim(__class__=<class 'psychopy.visual.text.TextStim'>, alignHoriz=method-wrapper(...), alignText='center', alignVert=method-wrapper(...), anchorHoriz='center', anchorVert='center', antialias=True, autoDraw=False, autoLog=True, bold=False, color=array([1, 1, 1]), colorSpace='rgb', contrast=1.0, depth=-4.0, flipHoriz=False, flipVert=False, font='Open Sans', fontFiles=[], height=0.03, italic=False, languageStyle='LTR', name='text_aggressive', opacity=1.0, ori=0.0, pos=array([ 0.  , -0.15]), rgb=UNKNOWN, text=str(...), units='height', win=Window(...), wrapWidth=1)
10.0430 	EXP 	window1: mouseVisible = True
10.0494 	EXP 	Created Confirm = ImageStim(__class__=<class 'psychopy.visual.image.ImageStim'>, anchor=('center', 'center'), autoLog=True, color=array([1, 1, 1]), colorSpace='rgb', contrast=1.0, depth=-6.0, flipHoriz=False, flipVert=False, image='Picture1-eng.png', interpolate=True, mask=None, maskParams=None, name='Confirm', opacity=1.0, ori=0.0, pos=array([ 0. , -0.9]), size=array([0.2, 0.1]), texRes=128.0, units='height', win=Window(...))
10.0506 	EXP 	Created text_2 = TextStim(__class__=<class 'psychopy.visual.text.TextStim'>, alignHoriz=method-wrapper(...), alignText='center', alignVert=method-wrapper(...), anchorHoriz='center', anchorVert='center', antialias=True, autoDraw=False, autoLog=True, bold=False, color=array([1, 1, 1]), colorSpace='rgb', contrast=1.0, depth=-1.0, flipHoriz=False, flipVert=False, font='Open Sans', fontFiles=[], height=0.05, italic=False, languageStyle='LTR', name='text_2', opacity=1.0, ori=0.0, pos=array([0., 0.]), rgb=UNKNOWN, text='', units='height', win=Window(...), wrapWidth=1)
10.0763 	EXP 	Created EndText = TextStim(__class__=<class 'psychopy.visual.text.TextStim'>, alignHoriz=method-wrapper(...), alignText='center', alignVert=method-wrapper(...), anchorHoriz='center', anchorVert='center', antialias=True, autoDraw=False, autoLog=True, bold=False, color=array([-1, -1, -1]), colorSpace='rgb', contrast=1.0, depth=0.0, flipHoriz=False, flipVert=False, font='Arial', fontFiles=[], height=0.03, italic=False, languageStyle='LTR', name='EndText', opacity=1.0, ori=0, pos=array([0., 0.]), rgb=UNKNOWN, text=str(...), units='height', win=Window(...), wrapWidth=1)
10.0764 	EXP 	window1: mouseVisible = True
10.0822 	EXP 	slider_rad_therapy: autoLog = True
10.0822 	EXP 	slider_rad_therapy: markerPos = 3
10.0822 	EXP 	slider_rad_therapy: styleTweaks = []
10.0822 	EXP 	slider_rad_therapy: styleTweaks = []
10.0822 	EXP 	slider_rad_therapy: styleTweaks = ['labels45']
10.0822 	EXP 	slider_rad_therapy: styleTweaks = ['labels45']
10.0822 	EXP 	slider_rad_therapy: contrast = 1.0
10.0822 	EXP 	slider_rad_therapy: autoLog = True
10.0822 	EXP 	slider_surgery: autoLog = True
10.0822 	EXP 	slider_surgery: markerPos = 3
10.0822 	EXP 	slider_surgery: styleTweaks = []
10.0822 	EXP 	slider_surgery: styleTweaks = []
10.0822 	EXP 	slider_surgery: styleTweaks = ['labels45']
10.0822 	EXP 	slider_surgery: styleTweaks = ['labels45']
10.0822 	EXP 	slider_surgery: contrast = 1.0
10.0822 	EXP 	slider_surgery: autoLog = True
10.0822 	EXP 	slider_trustworthy: autoLog = True
10.0822 	EXP 	slider_trustworthy: markerPos = None
10.0822 	EXP 	slider_trustworthy: styleTweaks = []
10.0822 	EXP 	slider_trustworthy: styleTweaks = []
10.0822 	EXP 	slider_trustworthy: styleTweaks = ['labels45']
10.0822 	EXP 	slider_trustworthy: styleTweaks = ['labels45']
10.0822 	EXP 	slider_trustworthy: contrast = 1.0
10.0822 	EXP 	slider_trustworthy: autoLog = True
10.0822 	EXP 	slider_aggressive: autoLog = True
10.0822 	EXP 	slider_aggressive: markerPos = None
10.0822 	EXP 	slider_aggressive: styleTweaks = []
10.0822 	EXP 	slider_aggressive: styleTweaks = []
10.0822 	EXP 	slider_aggressive: styleTweaks = []
10.0822 	EXP 	slider_aggressive: styleTweaks = []
10.0822 	EXP 	slider_aggressive: contrast = 1.0
10.0822 	EXP 	slider_aggressive: autoLog = True
10.0822 	EXP 	ques_instr: autoDraw = True
12.2936 	DATA 	Mouse: Left button down, pos=(952,523)
12.3436 	EXP 	ques_instr: autoDraw = False
12.3436 	EXP 	slider_rad_therapy: markerPos = None
12.3436 	EXP 	slider_rad_therapy: markerPos = 3
12.3436 	EXP 	slider_surgery: markerPos = None
12.3436 	EXP 	slider_surgery: markerPos = 3
12.3436 	EXP 	slider_rad_therapy: autoDraw = True
12.3436 	EXP 	text_rad_therapy: autoDraw = True
12.3436 	EXP 	slider_surgery: autoDraw = True
12.3436 	EXP 	text_surgery: autoDraw = True
12.3436 	EXP 	image: autoDraw = True
12.3973 	DATA 	Mouse:  Left button up, pos=(952,523)
13.4685 	DATA 	Mouse: Left button down, pos=(1744,102)
13.4945 	EXP 	slider_rad_therapy: autoDraw = False
13.4945 	EXP 	text_rad_therapy: autoDraw = False
13.4945 	EXP 	slider_surgery: autoDraw = False
13.4945 	EXP 	text_surgery: autoDraw = False
13.4945 	EXP 	image: autoDraw = False
13.4945 	EXP 	instrBlock: height = 0.05
13.4945 	EXP 	instrBlock: height = 0.05
13.4945 	EXP 	instrBlock: height = 0.05
13.4945 	EXP 	instrBlock: text = 'Each patient below has been diagnosed with a low-risk, non-sclerosing, early-stage basal cell skin cancer. The patients are otherwise in good health. For each face, please indicate how likely you would be to recommend surgery versus radiation in the management of each lesion. \nPlease click anywhere to start'
13.4945 	EXP 	instrBlock: autoDraw = True
13.5585 	DATA 	Mouse:  Left button up, pos=(1743,102)
15.5216 	DATA 	Mouse: Left button down, pos=(1004,538)
15.5287 	DEBUG 	Read excel file with openpyxl: faceImages.xlsx
15.5297 	EXP 	Imported faceImages.xlsx as conditions, 95 conditions, 1 params
15.5307 	EXP 	Created sequence: random, trialTypes=95, nReps=1, seed=None
15.5309 	EXP 	New trial (rep=0, index=0): {'faceImages': 'images\\FOREHEAD_CFD_AF_237_223_N.png'}
15.5317 	EXP 	New trial (rep=0, index=1): {'faceImages': 'images\\LCHEEK_CFD_BF_214_308_N.png'}
15.5324 	EXP 	New trial (rep=0, index=2): {'faceImages': 'images\\RCHEEK_087_M_M_N_A.png'}
15.5328 	EXP 	New trial (rep=0, index=3): {'faceImages': 'images\\LCHEEK_CFD_AF_231_357_N.png'}
15.5330 	EXP 	New trial (rep=0, index=4): {'faceImages': 'images\\LCHEEK_CFD_WF_002_004_N.png'}
15.5333 	EXP 	New trial (rep=0, index=5): {'faceImages': 'images\\LIP_CFD_LM_203_026_N.png'}
15.5335 	EXP 	New trial (rep=0, index=6): {'faceImages': 'images\\RCHEEK_CFD_AM_233_236_N.png'}
15.5339 	EXP 	New trial (rep=0, index=7): {'faceImages': 'images\\FOREHEAD_CFD_WM_212_097_N.png'}
15.5343 	EXP 	New trial (rep=0, index=8): {'faceImages': 'images\\LCHEEK_035_M_F_N_A.png'}
15.5348 	EXP 	New trial (rep=0, index=9): {'faceImages': 'images\\FOREHEAD_136_M_M_N_A.png'}
15.5352 	EXP 	New trial (rep=0, index=10): {'faceImages': 'images\\NASALTIP_CFD_BF_214_308_N.png'}
15.5356 	EXP 	New trial (rep=0, index=11): {'faceImages': 'images\\FOREHEAD_CFD_LM_201_057_N.png'}
15.5359 	EXP 	New trial (rep=0, index=12): {'faceImages': 'images\\FOREHEAD_035_M_F_N_A.png'}
15.5362 	EXP 	New trial (rep=0, index=13): {'faceImages': 'images\\NASALTIP_CFD_WF_250_167_N.png'}
15.5366 	EXP 	New trial (rep=0, index=14): {'faceImages': 'images\\LCHEEK_CFD_LF_224_176_N.png'}
15.5369 	EXP 	New trial (rep=0, index=15): {'faceImages': 'images\\LIP_006_M_F_N_A.png'}
15.5372 	EXP 	New trial (rep=0, index=16): {'faceImages': 'images\\LCHEEK_087_M_M_N_A.png'}
15.5374 	EXP 	New trial (rep=0, index=17): {'faceImages': 'images\\LCHEEK_CFD_BF_224_002_N.png'}
15.5377 	EXP 	New trial (rep=0, index=18): {'faceImages': 'images\\FOREHEAD_CFD_LF_224_176_N.png'}
15.5379 	EXP 	New trial (rep=0, index=19): {'faceImages': 'images\\LCHEEK_CFD_AF_245_143_N.png'}
15.5382 	EXP 	New trial (rep=0, index=20): {'faceImages': 'images\\FOREHEAD_CFD_WF_250_167_N.png'}
15.5384 	EXP 	New trial (rep=0, index=21): {'faceImages': 'images\\LCHEEK_006_M_F_N_A.png'}
15.5386 	EXP 	New trial (rep=0, index=22): {'faceImages': 'images\\FOREHEAD_087_M_M_N_A.png'}
15.5389 	EXP 	New trial (rep=0, index=23): {'faceImages': 'images\\NASALTIP_CFD_AF_231_357_N.png'}
15.5391 	EXP 	New trial (rep=0, index=24): {'faceImages': 'images\\NASALTIP_CFD_WF_200_099_N.png'}
15.5394 	EXP 	New trial (rep=0, index=25): {'faceImages': 'images\\RCHEEK_CFD_WF_250_167_N.png'}
15.5396 	EXP 	New trial (rep=0, index=26): {'faceImages': 'images\\LIP_087_M_M_N_A.png'}
15.5399 	EXP 	New trial (rep=0, index=27): {'faceImages': 'images\\FOREHEAD_CFD_WF_002_004_N.png'}
15.5402 	EXP 	New trial (rep=0, index=28): {'faceImages': 'images\\NASALTIP_CFD_BM_213_134_N.png'}
15.5404 	EXP 	New trial (rep=0, index=29): {'faceImages': 'images\\NASALTIP_CFD_AF_245_143_N.png'}
15.5407 	EXP 	New trial (rep=0, index=30): {'faceImages': 'images\\FOREHEAD_CFD_LM_203_026_N.png'}
15.5409 	EXP 	New trial (rep=0, index=31): {'faceImages': 'images\\LCHEEK_CFD_AF_237_223_N.png'}
15.5412 	EXP 	New trial (rep=0, index=32): {'faceImages': 'images\\LIP_CFD_AF_245_143_N.png'}
15.5414 	EXP 	New trial (rep=0, index=33): {'faceImages': 'images\\LCHEEK_CFD_AM_233_236_N.png'}
15.5417 	EXP 	New trial (rep=0, index=34): {'faceImages': 'images\\NASALTIP_CFD_LF_224_176_N.png'}
15.5419 	EXP 	New trial (rep=0, index=35): {'faceImages': 'images\\FOREHEAD_CFD_WF_200_099_N.png'}
15.5422 	EXP 	New trial (rep=0, index=36): {'faceImages': 'images\\FOREHEAD_CFD_BF_224_002_N.png'}
15.5424 	EXP 	New trial (rep=0, index=37): {'faceImages': 'images\\NASALTIP_CFD_BF_224_002_N.png'}
15.5427 	EXP 	New trial (rep=0, index=38): {'faceImages': 'images\\LIP_CFD_LM_201_057_N.png'}
15.5429 	EXP 	New trial (rep=0, index=39): {'faceImages': 'images\\LIP_CFD_WF_200_099_N.png'}
15.5432 	EXP 	New trial (rep=0, index=40): {'faceImages': 'images\\RCHEEK_CFD_AF_231_357_N.png'}
15.5435 	EXP 	New trial (rep=0, index=41): {'faceImages': 'images\\RCHEEK_136_M_M_N_A.png'}
15.5437 	EXP 	New trial (rep=0, index=42): {'faceImages': 'images\\NASALTIP_087_M_M_N_A.png'}
15.5440 	EXP 	New trial (rep=0, index=43): {'faceImages': 'images\\NASALTIP_CFD_WF_002_004_N.png'}
15.5442 	EXP 	New trial (rep=0, index=44): {'faceImages': 'images\\FOREHEAD_CFD_BM_213_134_N.png'}
15.5444 	EXP 	New trial (rep=0, index=45): {'faceImages': 'images\\RCHEEK_CFD_LM_201_057_N.png'}
15.5447 	EXP 	New trial (rep=0, index=46): {'faceImages': 'images\\RCHEEK_CFD_WF_002_004_N.png'}
15.5449 	EXP 	New trial (rep=0, index=47): {'faceImages': 'images\\RCHEEK_CFD_BF_214_308_N.png'}
15.5452 	EXP 	New trial (rep=0, index=48): {'faceImages': 'images\\LCHEEK_CFD_BM_234_172_N.png'}
15.5454 	EXP 	New trial (rep=0, index=49): {'faceImages': 'images\\NASALTIP_CFD_BM_234_172_N.png'}
15.5457 	EXP 	New trial (rep=0, index=50): {'faceImages': 'images\\RCHEEK_CFD_BM_234_172_N.png'}
15.5461 	EXP 	New trial (rep=0, index=51): {'faceImages': 'images\\LIP_CFD_WF_002_004_N.png'}
15.5466 	EXP 	New trial (rep=0, index=52): {'faceImages': 'images\\RCHEEK_CFD_WM_212_097_N.png'}
15.5470 	EXP 	New trial (rep=0, index=53): {'faceImages': 'images\\LCHEEK_CFD_WM_212_097_N.png'}
15.5474 	EXP 	New trial (rep=0, index=54): {'faceImages': 'images\\RCHEEK_006_M_F_N_A.png'}
15.5479 	EXP 	New trial (rep=0, index=55): {'faceImages': 'images\\FOREHEAD_CFD_AF_231_357_N.png'}
15.5483 	EXP 	New trial (rep=0, index=56): {'faceImages': 'images\\RCHEEK_CFD_AF_245_143_N.png'}
15.5487 	EXP 	New trial (rep=0, index=57): {'faceImages': 'images\\FOREHEAD_006_M_F_N_A.png'}
15.5491 	EXP 	New trial (rep=0, index=58): {'faceImages': 'images\\LIP_CFD_BM_234_172_N.png'}
15.5495 	EXP 	New trial (rep=0, index=59): {'faceImages': 'images\\NASALTIP_CFD_AF_237_223_N.png'}
15.5499 	EXP 	New trial (rep=0, index=60): {'faceImages': 'images\\RCHEEK_CFD_LM_203_026_N.png'}
15.5504 	EXP 	New trial (rep=0, index=61): {'faceImages': 'images\\RCHEEK_CFD_BF_224_002_N.png'}
15.5507 	EXP 	New trial (rep=0, index=62): {'faceImages': 'images\\LCHEEK_136_M_M_N_A.png'}
15.5509 	EXP 	New trial (rep=0, index=63): {'faceImages': 'images\\FOREHEAD_CFD_BM_234_172_N.png'}
15.5512 	EXP 	New trial (rep=0, index=64): {'faceImages': 'images\\RCHEEK_CFD_AF_237_223_N.png'}
15.5514 	EXP 	New trial (rep=0, index=65): {'faceImages': 'images\\FOREHEAD_CFD_AF_245_143_N.png'}
15.5517 	EXP 	New trial (rep=0, index=66): {'faceImages': 'images\\NASALTIP_CFD_LM_203_026_N.png'}
15.5519 	EXP 	New trial (rep=0, index=67): {'faceImages': 'images\\LCHEEK_CFD_WF_250_167_N.png'}
15.5522 	EXP 	New trial (rep=0, index=68): {'faceImages': 'images\\LIP_CFD_BM_213_134_N.png'}
15.5524 	EXP 	New trial (rep=0, index=69): {'faceImages': 'images\\NASALTIP_CFD_LM_201_057_N.png'}
15.5527 	EXP 	New trial (rep=0, index=70): {'faceImages': 'images\\LIP_035_M_F_N_A.png'}
15.5529 	EXP 	New trial (rep=0, index=71): {'faceImages': 'images\\NASALTIP_CFD_AM_233_236_N.png'}
15.5532 	EXP 	New trial (rep=0, index=72): {'faceImages': 'images\\NASALTIP_CFD_WM_212_097_N.png'}
15.5534 	EXP 	New trial (rep=0, index=73): {'faceImages': 'images\\RCHEEK_CFD_LF_224_176_N.png'}
15.5537 	EXP 	New trial (rep=0, index=74): {'faceImages': 'images\\LCHEEK_CFD_LM_201_057_N.png'}
15.5539 	EXP 	New trial (rep=0, index=75): {'faceImages': 'images\\FOREHEAD_CFD_BF_214_308_N.png'}
15.5542 	EXP 	New trial (rep=0, index=76): {'faceImages': 'images\\LIP_CFD_AF_237_223_N.png'}
15.5544 	EXP 	New trial (rep=0, index=77): {'faceImages': 'images\\LIP_136_M_M_N_A.png'}
15.5546 	EXP 	New trial (rep=0, index=78): {'faceImages': 'images\\LIP_CFD_AF_231_357_N.png'}
15.5549 	EXP 	New trial (rep=0, index=79): {'faceImages': 'images\\RCHEEK_CFD_WF_200_099_N.png'}
15.5551 	EXP 	New trial (rep=0, index=80): {'faceImages': 'images\\FOREHEAD_CFD_AM_233_236_N.png'}
15.5554 	EXP 	New trial (rep=0, index=81): {'faceImages': 'images\\RCHEEK_035_M_F_N_A.png'}
15.5556 	EXP 	New trial (rep=0, index=82): {'faceImages': 'images\\LCHEEK_CFD_BM_213_134_N.png'}
15.5559 	EXP 	New trial (rep=0, index=83): {'faceImages': 'images\\LIP_CFD_BF_224_002_N.png'}
15.5561 	EXP 	New trial (rep=0, index=84): {'faceImages': 'images\\RCHEEK_CFD_BM_213_134_N.png'}
15.5564 	EXP 	New trial (rep=0, index=85): {'faceImages': 'images\\NASALTIP_035_M_F_N_A.png'}
15.5567 	EXP 	New trial (rep=0, index=86): {'faceImages': 'images\\LIP_CFD_LF_224_176_N.png'}
15.5569 	EXP 	New trial (rep=0, index=87): {'faceImages': 'images\\LIP_CFD_WM_212_097_N.png'}
15.5571 	EXP 	New trial (rep=0, index=88): {'faceImages': 'images\\LIP_CFD_WF_250_167_N.png'}
15.5576 	EXP 	New trial (rep=0, index=89): {'faceImages': 'images\\LIP_CFD_AM_233_236_N.png'}
15.5581 	EXP 	New trial (rep=0, index=90): {'faceImages': 'images\\LCHEEK_CFD_WF_200_099_N.png'}
15.5586 	EXP 	New trial (rep=0, index=91): {'faceImages': 'images\\LIP_CFD_BF_214_308_N.png'}
15.5590 	EXP 	New trial (rep=0, index=92): {'faceImages': 'images\\LCHEEK_CFD_LM_203_026_N.png'}
15.5594 	EXP 	New trial (rep=0, index=93): {'faceImages': 'images\\NASALTIP_006_M_F_N_A.png'}
15.5599 	EXP 	New trial (rep=0, index=94): {'faceImages': 'images\\NASALTIP_136_M_M_N_A.png'}
15.5634 	DEBUG 	Read excel file with openpyxl: Rating_BlockOrder.xlsx
15.5637 	EXP 	Imported Rating_BlockOrder.xlsx as conditions, 19 conditions, 1 params
15.5640 	EXP 	Created sequence: random, trialTypes=19, nReps=1, seed=None
15.5642 	EXP 	New trial (rep=0, index=0): {'faceImages_q': 'images\\FOREHEAD_CFD_WF_200_099_N.png'}
15.5730 	EXP 	instrBlock: autoDraw = False
15.5730 	EXP 	face_image_q: image = 'images\\FOREHEAD_CFD_WF_200_099_N.png'
15.5730 	EXP 	slider_trustworthy: markerPos = None
15.5730 	EXP 	slider_trustworthy: markerPos = None
15.5730 	EXP 	slider_aggressive: markerPos = None
15.5730 	EXP 	slider_aggressive: markerPos = None
15.5730 	EXP 	face_image_q: autoDraw = True
15.6128 	DATA 	Mouse:  Left button up, pos=(1004,538)
15.8713 	EXP 	slider_trustworthy: autoDraw = True
15.8713 	EXP 	text_trustworthy: autoDraw = True
15.8713 	EXP 	slider_aggressive: autoDraw = True
15.8713 	EXP 	text_aggressive: autoDraw = True
15.8713 	EXP 	Confirm: autoDraw = True
16.9775 	DATA 	Mouse: Left button down, pos=(965,544)
16.9903 	EXP 	slider_trustworthy: markerPos = 3.0185185185185186
17.0023 	EXP 	slider_trustworthy: markerPos = 3.0185185185185186
17.0138 	EXP 	slider_trustworthy: markerPos = 3.0185185185185186
17.0259 	EXP 	slider_trustworthy: markerPos = 3.0185185185185186
17.0383 	EXP 	slider_trustworthy: markerPos = 3.0185185185185186
17.0494 	EXP 	slider_trustworthy: markerPos = 3.0185185185185186
17.0614 	EXP 	slider_trustworthy: markerPos = 3.0185185185185186
17.0728 	EXP 	slider_trustworthy: markerPos = 3.0185185185185186
17.0845 	EXP 	slider_trustworthy: markerPos = 3.0185185185185186
17.0966 	EXP 	slider_trustworthy: markerPos = 3.0185185185185186
17.0977 	DATA 	Mouse:  Left button up, pos=(965,543)
17.1083 	EXP 	slider_trustworthy: markerPos = 3.0
17.8778 	DATA 	Mouse: Left button down, pos=(673,267)
17.8923 	EXP 	slider_aggressive: markerPos = 1.9370370370370371
17.9047 	EXP 	slider_aggressive: markerPos = 1.9370370370370371
17.9164 	EXP 	slider_aggressive: markerPos = 1.9370370370370371
17.9287 	EXP 	slider_aggressive: markerPos = 1.9370370370370371
17.9414 	EXP 	slider_aggressive: markerPos = 1.9370370370370371
17.9534 	EXP 	slider_aggressive: markerPos = 1.9370370370370371
17.9654 	EXP 	slider_aggressive: markerPos = 1.9370370370370371
17.9773 	EXP 	slider_aggressive: markerPos = 1.9370370370370371
17.9897 	EXP 	slider_aggressive: markerPos = 1.9370370370370371
18.0016 	EXP 	slider_aggressive: markerPos = 1.9370370370370371
18.0134 	EXP 	slider_aggressive: markerPos = 1.9370370370370371
18.0259 	EXP 	slider_aggressive: markerPos = 1.9370370370370371
18.0391 	EXP 	slider_aggressive: markerPos = 1.9370370370370371
18.0516 	EXP 	slider_aggressive: markerPos = 1.9370370370370371
18.0566 	DATA 	Mouse:  Left button up, pos=(673,267)
18.0633 	EXP 	slider_aggressive: markerPos = 2.0
18.7632 	DATA 	Mouse: Left button down, pos=(1221,277)
18.7768 	EXP 	slider_aggressive: markerPos = 3.966666666666667
18.7885 	EXP 	slider_aggressive: markerPos = 3.966666666666667
18.8002 	EXP 	slider_aggressive: markerPos = 3.966666666666667
18.8125 	EXP 	slider_aggressive: markerPos = 3.966666666666667
18.8246 	EXP 	slider_aggressive: markerPos = 3.966666666666667
18.8371 	EXP 	slider_aggressive: markerPos = 3.966666666666667
18.8494 	EXP 	slider_aggressive: markerPos = 3.966666666666667
18.8614 	EXP 	slider_aggressive: markerPos = 3.966666666666667
18.8737 	EXP 	slider_aggressive: markerPos = 3.966666666666667
18.8857 	EXP 	slider_aggressive: markerPos = 3.966666666666667
18.8981 	EXP 	slider_aggressive: markerPos = 3.966666666666667
18.9100 	EXP 	slider_aggressive: markerPos = 3.966666666666667
18.9180 	DATA 	Mouse:  Left button up, pos=(1221,277)
18.9243 	EXP 	slider_aggressive: markerPos = 4.0
19.6819 	DATA 	Mouse: Left button down, pos=(1499,263)
19.6889 	EXP 	slider_aggressive: markerPos = 4.996296296296296
19.7016 	EXP 	slider_aggressive: markerPos = 4.996296296296296
19.7135 	EXP 	slider_aggressive: markerPos = 4.996296296296296
19.7257 	EXP 	slider_aggressive: markerPos = 4.996296296296296
19.7373 	EXP 	slider_aggressive: markerPos = 4.996296296296296
19.7489 	EXP 	slider_aggressive: markerPos = 4.996296296296296
19.7610 	EXP 	slider_aggressive: markerPos = 4.996296296296296
19.7738 	EXP 	slider_aggressive: markerPos = 4.996296296296296
19.7844 	DATA 	Mouse:  Left button up, pos=(1499,263)
19.7857 	EXP 	slider_aggressive: markerPos = 4.996296296296296
19.7977 	EXP 	slider_aggressive: markerPos = 5.0
20.1789 	DATA 	Mouse: Left button down, pos=(1518,554)
20.1906 	EXP 	slider_trustworthy: markerPos = 5.066666666666666
20.2025 	EXP 	slider_trustworthy: markerPos = 5.066666666666666
20.2146 	EXP 	slider_trustworthy: markerPos = 5.066666666666666
20.2273 	EXP 	slider_trustworthy: markerPos = 5.066666666666666
20.2393 	EXP 	slider_trustworthy: markerPos = 5.066666666666666
20.2509 	EXP 	slider_trustworthy: markerPos = 5.066666666666666
20.2633 	EXP 	slider_trustworthy: markerPos = 5.066666666666666
20.2747 	EXP 	slider_trustworthy: markerPos = 5.062962962962963
20.2859 	DATA 	Mouse:  Left button up, pos=(1517,554)
20.2872 	EXP 	slider_trustworthy: markerPos = 5.062962962962963
20.2988 	EXP 	slider_trustworthy: markerPos = 5.0
20.9122 	DATA 	Mouse: Left button down, pos=(1253,541)
20.9256 	EXP 	slider_trustworthy: markerPos = 4.0851851851851855
20.9380 	EXP 	slider_trustworthy: markerPos = 4.0814814814814815
20.9503 	EXP 	slider_trustworthy: markerPos = 4.0814814814814815
20.9628 	EXP 	slider_trustworthy: markerPos = 4.0814814814814815
20.9760 	EXP 	slider_trustworthy: markerPos = 4.0814814814814815
20.9881 	EXP 	slider_trustworthy: markerPos = 4.074074074074074
21.0008 	EXP 	slider_trustworthy: markerPos = 4.07037037037037
21.0023 	DATA 	Mouse:  Left button up, pos=(1247,541)
21.0143 	EXP 	slider_trustworthy: markerPos = 4.0
21.1158 	DATA 	Mouse: Left button down, pos=(1225,539)
21.1293 	EXP 	slider_trustworthy: markerPos = 3.9814814814814814
21.1417 	EXP 	slider_trustworthy: markerPos = 3.9814814814814814
21.1540 	EXP 	slider_trustworthy: markerPos = 3.9814814814814814
21.1665 	EXP 	slider_trustworthy: markerPos = 3.9814814814814814
21.1784 	EXP 	slider_trustworthy: markerPos = 3.9814814814814814
21.1905 	EXP 	slider_trustworthy: markerPos = 3.9814814814814814
21.2020 	EXP 	slider_trustworthy: markerPos = 3.9814814814814814
21.2146 	EXP 	slider_trustworthy: markerPos = 3.9814814814814814
21.2220 	DATA 	Mouse:  Left button up, pos=(1225,539)
21.2274 	EXP 	slider_trustworthy: markerPos = 3.9814814814814814
21.2388 	EXP 	slider_trustworthy: markerPos = 4.0
21.7022 	DATA 	Mouse: Left button down, pos=(1224,254)
21.7919 	DATA 	Mouse:  Left button up, pos=(1224,254)
22.0666 	DATA 	Mouse: Left button down, pos=(967,245)
22.1640 	DATA 	Mouse:  Left button up, pos=(965,248)
22.3735 	DATA 	Mouse: Left button down, pos=(766,250)
22.4674 	DATA 	Mouse:  Left button up, pos=(766,250)
22.6700 	DATA 	Mouse: Left button down, pos=(632,246)
22.7500 	DATA 	Mouse:  Left button up, pos=(636,247)
22.8697 	DATA 	Mouse: Left button down, pos=(693,264)
22.8766 	EXP 	slider_aggressive: markerPos = 2.011111111111111
22.8891 	EXP 	slider_aggressive: markerPos = 2.011111111111111
22.9026 	EXP 	slider_aggressive: markerPos = 2.011111111111111
22.9149 	EXP 	slider_aggressive: markerPos = 2.011111111111111
22.9270 	EXP 	slider_aggressive: markerPos = 2.011111111111111
22.9387 	EXP 	slider_aggressive: markerPos = 2.011111111111111
22.9517 	EXP 	slider_aggressive: markerPos = 2.011111111111111
22.9639 	EXP 	slider_aggressive: markerPos = 2.0074074074074075
22.9767 	DATA 	Mouse:  Left button up, pos=(689,264)
22.9779 	EXP 	slider_aggressive: markerPos = 2.0
22.9897 	EXP 	slider_aggressive: markerPos = 2.0
23.4936 	DATA 	Mouse: Left button down, pos=(412,556)
23.5995 	DATA 	Mouse:  Left button up, pos=(412,556)
25.2241 	DATA 	Keypress: escape
25.5355 	EXP 	window1: mouseVisible = True
25.5356 	DEBUG 	Saving data for FaceAttractiveness ExperimentHandler
25.5373 	INFO 	saved data to C:\Users\annak\Documents\GitHub\faceattractiveness_lesion\data/_FaceAttractiveness_2023-04-07_22h25.22.391.psydat
25.5422 	INFO 	saved data to 'C:\\Users\\annak\\Documents\\GitHub\\faceattractiveness_lesion\\data/_FaceAttractiveness_2023-04-07_22h25.22.391.csv'
