4.5226 	INFO 	Loaded monitor calibration from ['2021_12_01 18:33']
4.5295 	WARNING 	User requested fullscreen with size [1536  864], but screen is actually [1920, 1080]. Using actual size
5.8412 	EXP 	Created window1 = Window(allowGUI=True, allowStencil=False, autoLog=True, backendConf=UNKNOWN, bitsMode=UNKNOWN, blendMode='avg', bpc=(8, 8, 8), color=array([0.09803922, 0.09803922, 0.09803922]), colorSpace='rgb', depthBits=8, fullscr=<method-wrapper '__getattribute__' of attributeSetter object at 0x0000011802186D60>, gamma=None, gammaErrorPolicy='raise', lms=UNKNOWN, monitor=<psychopy.monitors.calibTools.Monitor object at 0x0000011802666250>, multiSample=False, name='window1', numSamples=2, pos=(0, 0), screen=0, size=array([1920, 1080]), stencilBits=0, stereo=False, units='height', useFBO=True, useRetina=False, viewOri=0.0, viewPos=None, viewScale=None, waitBlanking=True, winType='pyglet')
5.8413 	EXP 	window1: mouseVisible = True
5.8414 	EXP 	window1: mouseVisible = False
5.8414 	EXP 	window1: Attempting to measure frame rate of screen (0) ...
5.8414 	EXP 	window1: recordFrameIntervals = False
5.9104 	EXP 	window1: recordFrameIntervals = True
5.9864 	EXP 	Screen (0) actual frame rate measured at 144.81Hz
5.9864 	EXP 	window1: recordFrameIntervals = False
7.5960 	INFO 	keyboard.Keyboard is using iohub backend.
7.6900 	EXP 	Created ques_instr = TextStim(__class__=<class 'psychopy.visual.text.TextStim'>, alignHoriz=method-wrapper(...), alignText='center', alignVert=method-wrapper(...), anchorHoriz='center', anchorVert='center', antialias=True, autoDraw=False, autoLog=True, bold=False, color=array([1, 1, 1]), colorSpace='rgb', contrast=1.0, depth=0.0, flipHoriz=False, flipVert=False, font='Arial', fontFiles=[], height=0.04, italic=False, languageStyle='LTR', name='ques_instr', opacity=1.0, ori=0.0, pos=array([0., 0.]), rgb=UNKNOWN, text=str(...), units='height', win=Window(...), wrapWidth=1)
7.6904 	EXP 	window1: mouseVisible = True
7.6940 	EXP 	window1: mouseVisible = True
7.7179 	DEBUG 	TextBox2 loaded 1 chars with 0 blanks and 1 valid
7.7197 	DEBUG 	TextBox2 loaded 1 chars with 0 blanks and 1 valid
7.7213 	DEBUG 	TextBox2 loaded 1 chars with 0 blanks and 1 valid
7.7230 	DEBUG 	TextBox2 loaded 1 chars with 0 blanks and 1 valid
7.7247 	DEBUG 	TextBox2 loaded 1 chars with 0 blanks and 1 valid
7.7260 	DEBUG 	TextBox2 loaded 1 chars with 0 blanks and 1 valid
7.7276 	DEBUG 	TextBox2 loaded 1 chars with 0 blanks and 1 valid
7.7294 	DEBUG 	TextBox2 loaded 1 chars with 0 blanks and 1 valid
7.7310 	DEBUG 	TextBox2 loaded 1 chars with 0 blanks and 1 valid
7.7326 	DEBUG 	TextBox2 loaded 1 chars with 0 blanks and 1 valid
7.7341 	DEBUG 	TextBox2 loaded 1 chars with 0 blanks and 1 valid
7.7356 	DEBUG 	TextBox2 loaded 1 chars with 0 blanks and 1 valid
7.7358 	DEBUG 	Uploading Texture Font fontname to graphics card
7.7422 	DEBUG 	Upload of Texture Font fontname complete
7.7597 	DEBUG 	TextBox2 loaded 1 chars with 0 blanks and 1 valid
7.7599 	DEBUG 	Uploading Texture Font fontname to graphics card
7.7650 	DEBUG 	Upload of Texture Font fontname complete
7.7813 	DEBUG 	TextBox2 loaded 1 chars with 0 blanks and 1 valid
7.7832 	DEBUG 	TextBox2 loaded 1 chars with 0 blanks and 1 valid
7.7851 	DEBUG 	TextBox2 loaded 1 chars with 0 blanks and 1 valid
7.7869 	DEBUG 	TextBox2 loaded 1 chars with 0 blanks and 1 valid
7.7885 	DEBUG 	TextBox2 loaded 1 chars with 0 blanks and 1 valid
7.7903 	DEBUG 	TextBox2 loaded 1 chars with 0 blanks and 1 valid
7.7905 	DEBUG 	Uploading Texture Font fontname to graphics card
7.7952 	DEBUG 	Upload of Texture Font fontname complete
7.8115 	DEBUG 	TextBox2 loaded 1 chars with 0 blanks and 1 valid
7.8117 	DEBUG 	Uploading Texture Font fontname to graphics card
7.8158 	DEBUG 	Upload of Texture Font fontname complete
7.8321 	DEBUG 	TextBox2 loaded 1 chars with 0 blanks and 1 valid
7.8340 	DEBUG 	TextBox2 loaded 1 chars with 0 blanks and 1 valid
7.8342 	DEBUG 	Uploading Texture Font fontname to graphics card
7.8389 	DEBUG 	Upload of Texture Font fontname complete
7.8506 	EXP 	Created slider_2 = Slider(__class__=<class 'psychopy.visual.slider.Slider'>, autoDraw=False, autoLog=True, borderColor=None, color=None, colorSpace='rgb', depth=0, fillColor=None, flip=False, font='Arial', granularity=0.0, labelColor=None, labelHeight=0.03, labelWrapWidth=None, labels=tuple(...), lineColor=None, markerColor=None, name='slider_2', opacity=None, ori=0.0, pos=array([0., 0.]), readOnly=False, self=UNKNOWN, size=array([1. , 0.1]), startValue=3, style='rating', styleTweaks=['labels45'], ticks=array([1, 2, 3, 4, 5]), units='height', win=Window(...))
7.8597 	EXP 	Created text_2 = TextStim(__class__=<class 'psychopy.visual.text.TextStim'>, alignHoriz=method-wrapper(...), alignText='center', alignVert=method-wrapper(...), anchorHoriz='center', anchorVert='center', antialias=True, autoDraw=False, autoLog=True, bold=False, color=array([1, 1, 1]), colorSpace='rgb', contrast=1.0, depth=-1.0, flipHoriz=False, flipVert=False, font='Open Sans', fontFiles=[], height=0.05, italic=False, languageStyle='LTR', name='text_2', opacity=1.0, ori=0.0, pos=array([1., 1.]), rgb=UNKNOWN, text=str(...), units='height', win=Window(...), wrapWidth=1)
7.8900 	EXP 	Created EndText = TextStim(__class__=<class 'psychopy.visual.text.TextStim'>, alignHoriz=method-wrapper(...), alignText='center', alignVert=method-wrapper(...), anchorHoriz='center', anchorVert='center', antialias=True, autoDraw=False, autoLog=True, bold=False, color=array([-1, -1, -1]), colorSpace='rgb', contrast=1.0, depth=0.0, flipHoriz=False, flipVert=False, font='Arial', fontFiles=[], height=0.05, italic=False, languageStyle='LTR', name='EndText', opacity=1.0, ori=0, pos=array([0., 0.]), rgb=UNKNOWN, text=str(...), units='height', win=Window(...), wrapWidth=1)
7.8984 	EXP 	slider_2: autoLog = True
7.8984 	EXP 	slider_2: markerPos = 3
7.8984 	EXP 	slider_2: styleTweaks = []
7.8984 	EXP 	slider_2: styleTweaks = []
7.8984 	EXP 	slider_2: styleTweaks = ['labels45']
7.8984 	EXP 	slider_2: styleTweaks = ['labels45']
7.8984 	EXP 	slider_2: contrast = 1.0
7.8984 	EXP 	slider_2: autoLog = True
7.8984 	EXP 	ques_instr: autoDraw = True
9.7729 	DATA 	Mouse: Left button down, pos=(866,634)
9.8048 	EXP 	ques_instr: autoDraw = False
9.8048 	EXP 	slider_2: markerPos = None
9.8048 	EXP 	slider_2: markerPos = 3
9.8048 	EXP 	slider_2: autoDraw = True
9.8048 	EXP 	text_2: autoDraw = True
9.8616 	DATA 	Mouse:  Left button up, pos=(866,634)
11.4799 	DATA 	Mouse: Left button down, pos=(985,549)
11.4891 	EXP 	slider_2: markerPos = 3.0925925925925926
11.4993 	EXP 	slider_2: markerPos = 3.088888888888889
11.5275 	EXP 	slider_2: markerPos = 3.051851851851852
11.5356 	EXP 	slider_2: markerPos = 3.025925925925926
11.5441 	EXP 	slider_2: markerPos = 3.0
11.5557 	EXP 	slider_2: markerPos = 2.977777777777778
11.5642 	EXP 	slider_2: markerPos = 2.9518518518518517
11.5768 	EXP 	slider_2: markerPos = 2.925925925925926
11.5847 	EXP 	slider_2: markerPos = 2.9111111111111114
11.5933 	EXP 	slider_2: markerPos = 2.9074074074074074
11.6044 	EXP 	slider_2: markerPos = 2.8925925925925924
11.6122 	EXP 	slider_2: markerPos = 2.8555555555555556
11.6205 	EXP 	slider_2: markerPos = 2.822222222222222
11.6284 	EXP 	slider_2: markerPos = 2.822222222222222
11.6385 	EXP 	slider_2: markerPos = 2.7518518518518515
11.6472 	EXP 	slider_2: markerPos = 2.725925925925926
11.6560 	EXP 	slider_2: markerPos = 2.662962962962963
11.6671 	EXP 	slider_2: markerPos = 2.640740740740741
11.6750 	EXP 	slider_2: markerPos = 2.588888888888889
11.6881 	EXP 	slider_2: markerPos = 2.5703703703703704
11.6968 	EXP 	slider_2: markerPos = 2.533333333333333
11.7047 	EXP 	slider_2: markerPos = 2.5185185185185186
11.7148 	EXP 	slider_2: markerPos = 2.511111111111111
11.7259 	EXP 	slider_2: markerPos = 2.5
11.7349 	EXP 	slider_2: markerPos = 2.488888888888889
11.7439 	EXP 	slider_2: markerPos = 2.4444444444444446
11.7525 	EXP 	slider_2: markerPos = 2.414814814814815
11.7595 	EXP 	slider_2: markerPos = 2.3777777777777778
11.7701 	EXP 	slider_2: markerPos = 2.322222222222222
11.7788 	EXP 	slider_2: markerPos = 2.2592592592592595
11.7874 	EXP 	slider_2: markerPos = 2.2222222222222223
11.7982 	EXP 	slider_2: markerPos = 2.177777777777778
11.8082 	EXP 	slider_2: markerPos = 2.0666666666666664
11.8150 	EXP 	slider_2: markerPos = 2.0296296296296297
11.8257 	EXP 	slider_2: markerPos = 2.0296296296296297
11.8341 	EXP 	slider_2: markerPos = 1.9037037037037037
11.8427 	EXP 	slider_2: markerPos = 1.8666666666666667
11.8545 	EXP 	slider_2: markerPos = 1.8407407407407408
11.8625 	EXP 	slider_2: markerPos = 1.8
11.8708 	EXP 	slider_2: markerPos = 1.8
11.8776 	EXP 	slider_2: markerPos = 1.7962962962962963
11.8883 	EXP 	slider_2: markerPos = 1.7925925925925925
11.8971 	EXP 	slider_2: markerPos = 1.7925925925925925
11.9055 	EXP 	slider_2: markerPos = 1.7925925925925925
11.9168 	EXP 	slider_2: markerPos = 1.7925925925925925
11.9252 	EXP 	slider_2: markerPos = 1.7925925925925925
11.9325 	EXP 	slider_2: markerPos = 1.788888888888889
11.9438 	EXP 	slider_2: markerPos = 1.7851851851851852
11.9522 	EXP 	slider_2: markerPos = 1.7666666666666666
11.9613 	EXP 	slider_2: markerPos = 1.7518518518518518
11.9726 	EXP 	slider_2: markerPos = 1.7333333333333334
11.9807 	EXP 	slider_2: markerPos = 1.7259259259259259
11.9935 	EXP 	slider_2: markerPos = 1.7074074074074075
12.0014 	EXP 	slider_2: markerPos = 1.6962962962962962
12.0150 	EXP 	slider_2: markerPos = 1.6962962962962962
12.0239 	EXP 	slider_2: markerPos = 1.6962962962962962
12.0349 	EXP 	slider_2: markerPos = 1.6962962962962962
12.0428 	EXP 	slider_2: markerPos = 1.6962962962962962
12.0513 	EXP 	slider_2: markerPos = 1.6962962962962962
12.0586 	EXP 	slider_2: markerPos = 1.6962962962962962
12.0684 	EXP 	slider_2: markerPos = 1.6962962962962962
12.0766 	EXP 	slider_2: markerPos = 1.6962962962962962
12.0851 	EXP 	slider_2: markerPos = 1.6962962962962962
12.0923 	EXP 	slider_2: markerPos = 1.7
12.1028 	EXP 	slider_2: markerPos = 1.7074074074074075
12.1113 	EXP 	slider_2: markerPos = 1.7333333333333334
12.1194 	EXP 	slider_2: markerPos = 1.788888888888889
12.1283 	EXP 	slider_2: markerPos = 1.8518518518518519
12.1379 	EXP 	slider_2: markerPos = 1.9444444444444444
12.1468 	EXP 	slider_2: markerPos = 2.188888888888889
12.1554 	EXP 	slider_2: markerPos = 2.2888888888888888
12.1631 	EXP 	slider_2: markerPos = 2.388888888888889
12.1727 	EXP 	slider_2: markerPos = 2.503703703703704
12.1812 	EXP 	slider_2: markerPos = 2.5925925925925926
12.1898 	EXP 	slider_2: markerPos = 2.659259259259259
12.2014 	EXP 	slider_2: markerPos = 2.7481481481481485
12.2099 	EXP 	slider_2: markerPos = 2.8666666666666667
12.2225 	EXP 	slider_2: markerPos = 2.9185185185185185
12.2308 	EXP 	slider_2: markerPos = 3.022222222222222
12.2380 	EXP 	slider_2: markerPos = 3.077777777777778
12.2492 	EXP 	slider_2: markerPos = 3.1333333333333333
12.2577 	EXP 	slider_2: markerPos = 3.188888888888889
12.2662 	EXP 	slider_2: markerPos = 3.303703703703704
12.2780 	EXP 	slider_2: markerPos = 3.3407407407407406
12.2865 	EXP 	slider_2: markerPos = 3.3777777777777778
12.2935 	EXP 	slider_2: markerPos = 3.411111111111111
12.3045 	EXP 	slider_2: markerPos = 3.4407407407407407
12.3131 	EXP 	slider_2: markerPos = 3.4518518518518517
12.3213 	EXP 	slider_2: markerPos = 3.488888888888889
12.3286 	EXP 	slider_2: markerPos = 3.5444444444444443
12.3397 	EXP 	slider_2: markerPos = 3.611111111111111
12.3481 	EXP 	slider_2: markerPos = 3.7925925925925927
12.3565 	EXP 	slider_2: markerPos = 3.8555555555555556
12.3682 	EXP 	slider_2: markerPos = 3.9222222222222225
12.3778 	EXP 	slider_2: markerPos = 4.025925925925926
12.3850 	EXP 	slider_2: markerPos = 4.107407407407408
12.3952 	EXP 	slider_2: markerPos = 4.107407407407408
12.4034 	EXP 	slider_2: markerPos = 4.181481481481482
12.4124 	EXP 	slider_2: markerPos = 4.218518518518518
12.4243 	EXP 	slider_2: markerPos = 4.262962962962963
12.4333 	EXP 	slider_2: markerPos = 4.296296296296296
12.4406 	EXP 	slider_2: markerPos = 4.311111111111111
12.4506 	EXP 	slider_2: markerPos = 4.344444444444445
12.4588 	EXP 	slider_2: markerPos = 4.388888888888889
12.4670 	EXP 	slider_2: markerPos = 4.396296296296296
12.4744 	EXP 	slider_2: markerPos = 4.4222222222222225
12.4849 	EXP 	slider_2: markerPos = 4.451851851851852
12.4933 	EXP 	slider_2: markerPos = 4.466666666666667
12.5018 	EXP 	slider_2: markerPos = 4.5
12.5093 	EXP 	slider_2: markerPos = 4.537037037037037
12.5199 	EXP 	slider_2: markerPos = 4.551851851851852
12.5283 	EXP 	slider_2: markerPos = 4.5962962962962965
12.5362 	EXP 	slider_2: markerPos = 4.640740740740741
12.5433 	EXP 	slider_2: markerPos = 4.659259259259259
12.5544 	EXP 	slider_2: markerPos = 4.692592592592593
12.5629 	EXP 	slider_2: markerPos = 4.711111111111111
12.5716 	EXP 	slider_2: markerPos = 4.718518518518518
12.5835 	EXP 	slider_2: markerPos = 4.718518518518518
12.5917 	EXP 	slider_2: markerPos = 4.718518518518518
12.5996 	EXP 	slider_2: markerPos = 4.718518518518518
12.6120 	EXP 	slider_2: markerPos = 4.718518518518518
12.6204 	EXP 	slider_2: markerPos = 4.718518518518518
12.6322 	EXP 	slider_2: markerPos = 4.718518518518518
12.6401 	EXP 	slider_2: markerPos = 4.718518518518518
12.6472 	EXP 	slider_2: markerPos = 4.718518518518518
12.6573 	EXP 	slider_2: markerPos = 4.714814814814815
12.6663 	EXP 	slider_2: markerPos = 4.707407407407407
12.6747 	EXP 	slider_2: markerPos = 4.7
12.6862 	EXP 	slider_2: markerPos = 4.674074074074074
12.6943 	EXP 	slider_2: markerPos = 4.592592592592593
12.7025 	EXP 	slider_2: markerPos = 4.525925925925926
12.7111 	EXP 	slider_2: markerPos = 4.451851851851852
12.7224 	EXP 	slider_2: markerPos = 4.451851851851852
12.7305 	EXP 	slider_2: markerPos = 4.362962962962963
12.7398 	EXP 	slider_2: markerPos = 4.362962962962963
12.7487 	EXP 	slider_2: markerPos = 4.362962962962963
12.7575 	EXP 	slider_2: markerPos = 4.270370370370371
12.7659 	EXP 	slider_2: markerPos = 3.8703703703703702
12.7778 	EXP 	slider_2: markerPos = 3.5185185185185186
12.7864 	EXP 	slider_2: markerPos = 3.462962962962963
12.7945 	EXP 	slider_2: markerPos = 3.4074074074074074
12.8047 	EXP 	slider_2: markerPos = 3.351851851851852
12.8127 	EXP 	slider_2: markerPos = 3.2962962962962963
12.8224 	EXP 	slider_2: markerPos = 3.2962962962962963
12.8327 	EXP 	slider_2: markerPos = 3.140740740740741
12.8430 	EXP 	slider_2: markerPos = 3.1037037037037036
12.8543 	EXP 	slider_2: markerPos = 3.074074074074074
12.8624 	EXP 	slider_2: markerPos = 3.0037037037037035
12.8711 	EXP 	slider_2: markerPos = 2.966666666666667
12.8826 	EXP 	slider_2: markerPos = 2.9296296296296296
12.8904 	EXP 	slider_2: markerPos = 2.8851851851851853
12.9026 	EXP 	slider_2: markerPos = 2.8185185185185184
12.9107 	EXP 	slider_2: markerPos = 2.774074074074074
12.9196 	EXP 	slider_2: markerPos = 2.688888888888889
12.9309 	EXP 	slider_2: markerPos = 2.651851851851852
12.9393 	EXP 	slider_2: markerPos = 2.6185185185185187
12.9512 	EXP 	slider_2: markerPos = 2.588888888888889
12.9595 	EXP 	slider_2: markerPos = 2.537037037037037
12.9683 	EXP 	slider_2: markerPos = 2.5074074074074075
12.9768 	EXP 	slider_2: markerPos = 2.474074074074074
12.9866 	EXP 	slider_2: markerPos = 2.4333333333333336
12.9950 	EXP 	slider_2: markerPos = 2.362962962962963
13.0070 	EXP 	slider_2: markerPos = 2.325925925925926
13.0150 	EXP 	slider_2: markerPos = 2.2888888888888888
13.0236 	EXP 	slider_2: markerPos = 2.262962962962963
13.0349 	EXP 	slider_2: markerPos = 2.2407407407407405
13.0431 	EXP 	slider_2: markerPos = 2.2222222222222223
13.0506 	EXP 	slider_2: markerPos = 2.2222222222222223
13.0616 	EXP 	slider_2: markerPos = 2.2037037037037037
13.0704 	EXP 	slider_2: markerPos = 2.1925925925925926
13.0792 	EXP 	slider_2: markerPos = 2.174074074074074
13.0864 	EXP 	slider_2: markerPos = 2.140740740740741
13.0965 	EXP 	slider_2: markerPos = 2.1037037037037036
13.1049 	EXP 	slider_2: markerPos = 2.0555555555555554
13.1129 	EXP 	slider_2: markerPos = 2.037037037037037
13.1251 	EXP 	slider_2: markerPos = 1.9814814814814814
13.1332 	EXP 	slider_2: markerPos = 1.874074074074074
13.1412 	EXP 	slider_2: markerPos = 1.848148148148148
13.1528 	EXP 	slider_2: markerPos = 1.8
13.1610 	EXP 	slider_2: markerPos = 1.7444444444444445
13.1689 	EXP 	slider_2: markerPos = 1.7185185185185186
13.1803 	EXP 	slider_2: markerPos = 1.6555555555555554
13.1878 	EXP 	slider_2: markerPos = 1.5740740740740742
13.1967 	EXP 	slider_2: markerPos = 1.4407407407407407
13.2087 	EXP 	slider_2: markerPos = 1.4407407407407407
13.2166 	EXP 	slider_2: markerPos = 1.348148148148148
13.2248 	EXP 	slider_2: markerPos = 1.3111111111111111
13.2362 	EXP 	slider_2: markerPos = 1.2703703703703704
13.2445 	EXP 	slider_2: markerPos = 1.2481481481481482
13.2569 	EXP 	slider_2: markerPos = 1.2481481481481482
13.2648 	EXP 	slider_2: markerPos = 1.2444444444444445
13.2734 	EXP 	slider_2: markerPos = 1.237037037037037
13.2801 	EXP 	slider_2: markerPos = 1.237037037037037
13.2907 	EXP 	slider_2: markerPos = 1.2259259259259259
13.2993 	EXP 	slider_2: markerPos = 1.2185185185185186
13.3074 	EXP 	slider_2: markerPos = 1.2037037037037037
13.3147 	EXP 	slider_2: markerPos = 1.1925925925925926
13.3253 	EXP 	slider_2: markerPos = 1.1851851851851851
13.3343 	EXP 	slider_2: markerPos = 1.162962962962963
13.3426 	EXP 	slider_2: markerPos = 1.162962962962963
13.3541 	EXP 	slider_2: markerPos = 1.162962962962963
13.3634 	EXP 	slider_2: markerPos = 1.162962962962963
13.3763 	EXP 	slider_2: markerPos = 1.162962962962963
13.3855 	EXP 	slider_2: markerPos = 1.162962962962963
13.3956 	EXP 	slider_2: markerPos = 1.1666666666666667
13.4050 	EXP 	slider_2: markerPos = 1.1777777777777778
13.4122 	EXP 	slider_2: markerPos = 1.2037037037037037
13.4227 	EXP 	slider_2: markerPos = 1.2481481481481482
13.4311 	EXP 	slider_2: markerPos = 1.4074074074074074
13.4406 	EXP 	slider_2: markerPos = 1.537037037037037
13.4516 	EXP 	slider_2: markerPos = 1.7
13.4601 	EXP 	slider_2: markerPos = 1.8185185185185184
13.4728 	EXP 	slider_2: markerPos = 2.0185185185185186
13.4812 	EXP 	slider_2: markerPos = 2.2888888888888888
13.4884 	EXP 	slider_2: markerPos = 2.4185185185185185
13.4989 	EXP 	slider_2: markerPos = 2.511111111111111
13.5091 	EXP 	slider_2: markerPos = 2.551851851851852
13.5164 	EXP 	slider_2: markerPos = 2.6074074074074076
13.5270 	EXP 	slider_2: markerPos = 2.6333333333333333
13.5348 	EXP 	slider_2: markerPos = 2.648148148148148
13.5427 	EXP 	slider_2: markerPos = 2.648148148148148
13.5510 	EXP 	slider_2: markerPos = 2.648148148148148
13.5625 	EXP 	slider_2: markerPos = 2.648148148148148
13.5701 	EXP 	slider_2: markerPos = 2.648148148148148
13.5785 	EXP 	slider_2: markerPos = 2.648148148148148
13.5905 	EXP 	slider_2: markerPos = 2.648148148148148
13.5986 	EXP 	slider_2: markerPos = 2.648148148148148
13.6112 	EXP 	slider_2: markerPos = 2.648148148148148
13.6189 	EXP 	slider_2: markerPos = 2.648148148148148
13.6275 	EXP 	slider_2: markerPos = 2.648148148148148
13.6393 	EXP 	slider_2: markerPos = 2.648148148148148
13.6470 	EXP 	slider_2: markerPos = 2.648148148148148
13.6554 	EXP 	slider_2: markerPos = 2.648148148148148
13.6624 	EXP 	slider_2: markerPos = 2.648148148148148
13.6745 	EXP 	slider_2: markerPos = 2.648148148148148
13.6837 	EXP 	slider_2: markerPos = 2.648148148148148
13.6932 	EXP 	slider_2: markerPos = 2.648148148148148
13.7028 	EXP 	slider_2: markerPos = 2.648148148148148
13.7131 	EXP 	slider_2: markerPos = 2.648148148148148
13.7217 	EXP 	slider_2: markerPos = 2.648148148148148
13.7294 	EXP 	slider_2: markerPos = 2.648148148148148
13.7371 	EXP 	slider_2: markerPos = 2.648148148148148
13.7456 	EXP 	slider_2: markerPos = 2.648148148148148
13.7573 	EXP 	slider_2: markerPos = 2.648148148148148
13.7650 	EXP 	slider_2: markerPos = 2.648148148148148
13.7737 	EXP 	slider_2: markerPos = 2.648148148148148
13.7863 	EXP 	slider_2: markerPos = 2.648148148148148
13.7929 	EXP 	slider_2: markerPos = 2.648148148148148
13.8011 	EXP 	slider_2: markerPos = 2.648148148148148
13.8129 	EXP 	slider_2: markerPos = 2.648148148148148
13.8210 	EXP 	slider_2: markerPos = 2.648148148148148
13.8279 	EXP 	slider_2: markerPos = 2.648148148148148
13.8392 	EXP 	slider_2: markerPos = 2.648148148148148
13.8485 	EXP 	slider_2: markerPos = 2.648148148148148
13.8580 	EXP 	slider_2: markerPos = 2.648148148148148
13.8669 	EXP 	slider_2: markerPos = 2.648148148148148
13.8743 	DATA 	Mouse:  Left button up, pos=(865,501)
13.8755 	EXP 	slider_2: markerPos = 2.648148148148148
13.8833 	EXP 	slider_2: markerPos = 2.648148148148148
14.8152 	DATA 	Keypress: escape
15.0915 	EXP 	window1: mouseVisible = True
15.0916 	DEBUG 	Saving data for FaceAttractiveness ExperimentHandler
15.0928 	INFO 	saved data to C:\Users\annak\Documents\GitHub\faceattractiveness_lesion\data/_FaceAttractiveness_2023-04-05_20h35.46.014.psydat
15.0939 	INFO 	saved data to 'C:\\Users\\annak\\Documents\\GitHub\\faceattractiveness_lesion\\data/_FaceAttractiveness_2023-04-05_20h35.46.014.csv'
