4.6267 	INFO 	Loaded monitor calibration from ['2021_12_01 18:33']
4.6330 	WARNING 	User requested fullscreen with size [1536  864], but screen is actually [1920, 1080]. Using actual size
6.0120 	EXP 	Created window1 = Window(allowGUI=True, allowStencil=False, autoLog=True, backendConf=UNKNOWN, bitsMode=UNKNOWN, blendMode='avg', bpc=(8, 8, 8), color=array([0.09803922, 0.09803922, 0.09803922]), colorSpace='rgb', depthBits=8, fullscr=<method-wrapper '__getattribute__' of attributeSetter object at 0x0000024692535E80>, gamma=None, gammaErrorPolicy='raise', lms=UNKNOWN, monitor=<psychopy.monitors.calibTools.Monitor object at 0x0000024697B792B0>, multiSample=False, name='window1', numSamples=2, pos=(0, 0), screen=0, size=array([1920, 1080]), stencilBits=0, stereo=False, units='height', useFBO=True, useRetina=False, viewOri=0.0, viewPos=None, viewScale=None, waitBlanking=True, winType='pyglet')
6.0121 	EXP 	window1: mouseVisible = True
6.0122 	EXP 	window1: mouseVisible = False
6.0122 	EXP 	window1: Attempting to measure frame rate of screen (0) ...
6.0122 	EXP 	window1: recordFrameIntervals = False
6.0818 	EXP 	window1: recordFrameIntervals = True
6.1580 	EXP 	Screen (0) actual frame rate measured at 143.30Hz
6.1580 	EXP 	window1: recordFrameIntervals = False
7.8684 	INFO 	keyboard.Keyboard is using iohub backend.
7.9005 	EXP 	Created face_image_q = ImageStim(__class__=<class 'psychopy.visual.image.ImageStim'>, anchor=('center', 'center'), autoLog=True, color=array([1, 1, 1]), colorSpace='rgb', contrast=1.0, depth=0.0, flipHoriz=False, flipVert=False, image='images/FOREHEAD_006_M_F_N_A.png', interpolate=True, mask=None, maskParams=None, name='face_image_q', opacity=1.0, ori=0.0, pos=array([  0., 280.]), size=array([0.5, 0.5]), texRes=128.0, units='pix', win=Window(...))
7.9045 	EXP 	window1: mouseVisible = True
7.9233 	DEBUG 	TextBox2 loaded 1 chars with 0 blanks and 1 valid
7.9251 	DEBUG 	TextBox2 loaded 1 chars with 0 blanks and 1 valid
7.9267 	DEBUG 	TextBox2 loaded 1 chars with 0 blanks and 1 valid
7.9279 	DEBUG 	TextBox2 loaded 1 chars with 0 blanks and 1 valid
7.9285 	DEBUG 	TextBox2 loaded 1 chars with 0 blanks and 1 valid
7.9291 	DEBUG 	TextBox2 loaded 1 chars with 0 blanks and 1 valid
7.9306 	DEBUG 	TextBox2 loaded 1 chars with 0 blanks and 1 valid
7.9320 	DEBUG 	TextBox2 loaded 1 chars with 0 blanks and 1 valid
7.9335 	DEBUG 	TextBox2 loaded 1 chars with 0 blanks and 1 valid
7.9355 	DEBUG 	TextBox2 loaded 1 chars with 0 blanks and 1 valid
7.9371 	DEBUG 	TextBox2 loaded 1 chars with 0 blanks and 1 valid
7.9389 	DEBUG 	TextBox2 loaded 1 chars with 0 blanks and 1 valid
7.9408 	DEBUG 	TextBox2 loaded 1 chars with 0 blanks and 1 valid
7.9410 	DEBUG 	Uploading Texture Font fontname to graphics card
7.9475 	DEBUG 	Upload of Texture Font fontname complete
7.9641 	DEBUG 	TextBox2 loaded 1 chars with 0 blanks and 1 valid
7.9658 	DEBUG 	TextBox2 loaded 1 chars with 0 blanks and 1 valid
7.9668 	DEBUG 	TextBox2 loaded 1 chars with 0 blanks and 1 valid
7.9671 	DEBUG 	Uploading Texture Font fontname to graphics card
7.9725 	DEBUG 	Upload of Texture Font fontname complete
7.9898 	DEBUG 	TextBox2 loaded 1 chars with 0 blanks and 1 valid
7.9914 	DEBUG 	TextBox2 loaded 1 chars with 0 blanks and 1 valid
7.9925 	DEBUG 	TextBox2 loaded 1 chars with 0 blanks and 1 valid
7.9941 	DEBUG 	TextBox2 loaded 1 chars with 0 blanks and 1 valid
7.9943 	DEBUG 	Uploading Texture Font fontname to graphics card
7.9990 	DEBUG 	Upload of Texture Font fontname complete
8.0156 	DEBUG 	TextBox2 loaded 1 chars with 0 blanks and 1 valid
8.0178 	DEBUG 	TextBox2 loaded 1 chars with 0 blanks and 1 valid
8.0200 	DEBUG 	TextBox2 loaded 1 chars with 0 blanks and 1 valid
8.0203 	DEBUG 	Uploading Texture Font fontname to graphics card
8.0252 	DEBUG 	Upload of Texture Font fontname complete
8.0423 	DEBUG 	TextBox2 loaded 1 chars with 0 blanks and 1 valid
8.0426 	DEBUG 	Uploading Texture Font fontname to graphics card
8.0467 	DEBUG 	Upload of Texture Font fontname complete
8.0610 	EXP 	Created slider_trustworthy = Slider(__class__=<class 'psychopy.visual.slider.Slider'>, autoDraw=False, autoLog=True, borderColor=None, color=None, colorSpace='rgb', depth=-1, fillColor=None, flip=False, font='Open Sans', granularity=1.0, labelColor=None, labelHeight=0.05, labelWrapWidth=None, labels=tuple(...), lineColor=None, markerColor=None, name='slider_trustworthy', opacity=None, ori=0.0, pos=array([0., 0.]), readOnly=False, self=UNKNOWN, size=array([1.   , 0.025]), startValue=None, style='radio', styleTweaks=['labels45'], ticks=array([1, 2, 3, 4, 5]), units='height', win=Window(...))
8.1165 	EXP 	Created text_trustworthy = TextStim(__class__=<class 'psychopy.visual.text.TextStim'>, alignHoriz=method-wrapper(...), alignText='center', alignVert=method-wrapper(...), anchorHoriz='center', anchorVert='center', antialias=True, autoDraw=False, autoLog=True, bold=False, color=array([1, 1, 1]), colorSpace='rgb', contrast=1.0, depth=-2.0, flipHoriz=False, flipVert=False, font='Open Sans', fontFiles=[], height=0.05, italic=False, languageStyle='LTR', name='text_trustworthy', opacity=1.0, ori=0.0, pos=array([0., 0.]), rgb=UNKNOWN, text=str(...), units='height', win=Window(...), wrapWidth=1)
8.1179 	EXP 	window1: mouseVisible = True
8.2017 	EXP 	Created slider_aggressive = Slider(__class__=<class 'psychopy.visual.slider.Slider'>, autoDraw=False, autoLog=True, borderColor=None, color=None, colorSpace='rgb', depth=-3, fillColor=None, flip=False, font='Open Sans', granularity=1.0, labelColor=None, labelHeight=0.05, labelWrapWidth=None, labels=tuple(...), lineColor=None, markerColor=None, name='slider_aggressive', opacity=None, ori=0.0, pos=array([ 0. , -0.4]), readOnly=False, self=UNKNOWN, size=array([1.   , 0.025]), startValue=None, style='radio', styleTweaks=[], ticks=array([1, 2, 3, 4, 5]), units='height', win=Window(...))
8.2056 	EXP 	Created text_aggressive = TextStim(__class__=<class 'psychopy.visual.text.TextStim'>, alignHoriz=method-wrapper(...), alignText='center', alignVert=method-wrapper(...), anchorHoriz='center', anchorVert='center', antialias=True, autoDraw=False, autoLog=True, bold=False, color=array([1, 1, 1]), colorSpace='rgb', contrast=1.0, depth=-4.0, flipHoriz=False, flipVert=False, font='Open Sans', fontFiles=[], height=0.05, italic=False, languageStyle='LTR', name='text_aggressive', opacity=1.0, ori=0.0, pos=array([0., 0.]), rgb=UNKNOWN, text=str(...), units='height', win=Window(...), wrapWidth=1)
8.2057 	EXP 	window1: mouseVisible = True
8.2258 	EXP 	window1: mouseVisible = True
8.2270 	DEBUG 	Saving data for FaceAttractiveness ExperimentHandler
8.2283 	INFO 	saved data to C:\Users\annak\Documents\GitHub\faceattractiveness_lesion\data/_FaceAttractiveness_2023-04-07_19h43.01.831.psydat
8.2291 	INFO 	saved data to 'C:\\Users\\annak\\Documents\\GitHub\\faceattractiveness_lesion\\data/_FaceAttractiveness_2023-04-07_19h43.01.831.csv'
