4.2447 	INFO 	Loaded monitor calibration from ['2021_12_01 18:33']
4.2507 	WARNING 	User requested fullscreen with size [1536  864], but screen is actually [1920, 1080]. Using actual size
5.4442 	EXP 	Created window1 = Window(allowGUI=True, allowStencil=False, autoLog=True, backendConf=UNKNOWN, bitsMode=UNKNOWN, blendMode='avg', bpc=(8, 8, 8), color=array([0.09803922, 0.09803922, 0.09803922]), colorSpace='rgb', depthBits=8, fullscr=<method-wrapper '__getattribute__' of attributeSetter object at 0x0000023B112C9E80>, gamma=None, gammaErrorPolicy='raise', lms=UNKNOWN, monitor=<psychopy.monitors.calibTools.Monitor object at 0x0000023B117B32B0>, multiSample=False, name='window1', numSamples=2, pos=(0, 0), screen=0, size=array([1920, 1080]), stencilBits=0, stereo=False, units='height', useFBO=True, useRetina=False, viewOri=0.0, viewPos=None, viewScale=None, waitBlanking=True, winType='pyglet')
5.4443 	EXP 	window1: mouseVisible = True
5.4444 	EXP 	window1: mouseVisible = False
5.4444 	EXP 	window1: Attempting to measure frame rate of screen (0) ...
5.4444 	EXP 	window1: recordFrameIntervals = False
5.5132 	EXP 	window1: recordFrameIntervals = True
5.5902 	EXP 	Screen (0) actual frame rate measured at 143.54Hz
5.5902 	EXP 	window1: recordFrameIntervals = False
7.2001 	INFO 	keyboard.Keyboard is using iohub backend.
7.2794 	EXP 	Created ques_instr = TextStim(__class__=<class 'psychopy.visual.text.TextStim'>, alignHoriz=method-wrapper(...), alignText='center', alignVert=method-wrapper(...), anchorHoriz='center', anchorVert='center', antialias=True, autoDraw=False, autoLog=True, bold=False, color=array([1, 1, 1]), colorSpace='rgb', contrast=1.0, depth=0.0, flipHoriz=False, flipVert=False, font='Arial', fontFiles=[], height=0.04, italic=False, languageStyle='LTR', name='ques_instr', opacity=1.0, ori=0.0, pos=array([0., 0.]), rgb=UNKNOWN, text=str(...), units='height', win=Window(...), wrapWidth=1)
7.2800 	EXP 	window1: mouseVisible = True
7.2835 	EXP 	window1: mouseVisible = True
7.3064 	DEBUG 	TextBox2 loaded 1 chars with 0 blanks and 1 valid
7.3073 	DEBUG 	TextBox2 loaded 1 chars with 0 blanks and 1 valid
7.3081 	DEBUG 	TextBox2 loaded 1 chars with 0 blanks and 1 valid
7.3090 	DEBUG 	TextBox2 loaded 1 chars with 0 blanks and 1 valid
7.3095 	DEBUG 	TextBox2 loaded 1 chars with 0 blanks and 1 valid
7.3105 	DEBUG 	TextBox2 loaded 1 chars with 0 blanks and 1 valid
7.3113 	DEBUG 	TextBox2 loaded 1 chars with 0 blanks and 1 valid
7.3122 	DEBUG 	TextBox2 loaded 1 chars with 0 blanks and 1 valid
7.3130 	DEBUG 	TextBox2 loaded 1 chars with 0 blanks and 1 valid
7.3138 	DEBUG 	TextBox2 loaded 1 chars with 0 blanks and 1 valid
7.3146 	DEBUG 	TextBox2 loaded 1 chars with 0 blanks and 1 valid
7.3152 	DEBUG 	TextBox2 loaded 1 chars with 0 blanks and 1 valid
7.3154 	DEBUG 	Uploading Texture Font fontname to graphics card
7.3218 	DEBUG 	Upload of Texture Font fontname complete
7.3373 	DEBUG 	TextBox2 loaded 1 chars with 0 blanks and 1 valid
7.3375 	DEBUG 	Uploading Texture Font fontname to graphics card
7.3424 	DEBUG 	Upload of Texture Font fontname complete
7.3581 	DEBUG 	TextBox2 loaded 1 chars with 0 blanks and 1 valid
7.3591 	DEBUG 	TextBox2 loaded 1 chars with 0 blanks and 1 valid
7.3600 	DEBUG 	TextBox2 loaded 1 chars with 0 blanks and 1 valid
7.3609 	DEBUG 	TextBox2 loaded 1 chars with 0 blanks and 1 valid
7.3616 	DEBUG 	TextBox2 loaded 1 chars with 0 blanks and 1 valid
7.3625 	DEBUG 	TextBox2 loaded 1 chars with 0 blanks and 1 valid
7.3627 	DEBUG 	Uploading Texture Font fontname to graphics card
7.3675 	DEBUG 	Upload of Texture Font fontname complete
7.3829 	DEBUG 	TextBox2 loaded 1 chars with 0 blanks and 1 valid
7.3831 	DEBUG 	Uploading Texture Font fontname to graphics card
7.3878 	DEBUG 	Upload of Texture Font fontname complete
7.4031 	DEBUG 	TextBox2 loaded 1 chars with 0 blanks and 1 valid
7.4041 	DEBUG 	TextBox2 loaded 1 chars with 0 blanks and 1 valid
7.4043 	DEBUG 	Uploading Texture Font fontname to graphics card
7.4085 	DEBUG 	Upload of Texture Font fontname complete
7.4202 	EXP 	Created slider_rad_therapy = Slider(__class__=<class 'psychopy.visual.slider.Slider'>, autoDraw=False, autoLog=True, borderColor=None, color=None, colorSpace='rgb', depth=0, fillColor=None, flip=False, font='Arial', granularity=0.0, labelColor=None, labelHeight=0.03, labelWrapWidth=None, labels=tuple(...), lineColor=None, markerColor=None, name='slider_rad_therapy', opacity=None, ori=0.0, pos=array([0. , 0.1]), readOnly=False, self=UNKNOWN, size=array([1. , 0.1]), startValue=3, style='rating', styleTweaks=['labels45'], ticks=array([1, 2, 3, 4, 5]), units='height', win=Window(...))
7.4315 	EXP 	Created text_rad_therapy = TextStim(__class__=<class 'psychopy.visual.text.TextStim'>, alignHoriz=method-wrapper(...), alignText='center', alignVert=method-wrapper(...), anchorHoriz='center', anchorVert='center', antialias=True, autoDraw=False, autoLog=True, bold=False, color=array([1, 1, 1]), colorSpace='rgb', contrast=1.0, depth=-1.0, flipHoriz=False, flipVert=False, font='Open Sans', fontFiles=[], height=0.04, italic=False, languageStyle='LTR', name='text_rad_therapy', opacity=1.0, ori=0.0, pos=array([0. , 0.3]), rgb=UNKNOWN, text=str(...), units='height', win=Window(...), wrapWidth=1)
7.4329 	EXP 	window1: mouseVisible = True
7.5116 	EXP 	Created slider_surgery = Slider(__class__=<class 'psychopy.visual.slider.Slider'>, autoDraw=False, autoLog=True, borderColor=None, color=None, colorSpace='rgb', depth=-2, fillColor=None, flip=False, font='Arial', granularity=0.0, labelColor=None, labelHeight=0.03, labelWrapWidth=None, labels=tuple(...), lineColor=None, markerColor=None, name='slider_surgery', opacity=None, ori=0.0, pos=array([ 0. , -0.3]), readOnly=False, self=UNKNOWN, size=array([1. , 0.1]), startValue=3, style='rating', styleTweaks=['labels45'], ticks=array([1, 2, 3, 4, 5]), units='height', win=Window(...))
7.5164 	EXP 	Created text_surgery = TextStim(__class__=<class 'psychopy.visual.text.TextStim'>, alignHoriz=method-wrapper(...), alignText='center', alignVert=method-wrapper(...), anchorHoriz='center', anchorVert='center', antialias=True, autoDraw=False, autoLog=True, bold=False, color=array([1, 1, 1]), colorSpace='rgb', contrast=1.0, depth=-3.0, flipHoriz=False, flipVert=False, font='Open Sans', fontFiles=[], height=0.04, italic=False, languageStyle='LTR', name='text_surgery', opacity=1.0, ori=0.0, pos=array([ 0. , -0.1]), rgb=UNKNOWN, text=str(...), units='height', win=Window(...), wrapWidth=1)
7.5270 	EXP 	Created image = ImageStim(__class__=<class 'psychopy.visual.image.ImageStim'>, anchor=('center', 'center'), autoLog=True, color=array([1, 1, 1]), colorSpace='rgb', contrast=1.0, depth=-4.0, flipHoriz=False, flipVert=False, image='Picture1-eng.png', interpolate=True, mask=None, maskParams=None, name='image', opacity=1.0, ori=0.0, pos=array([ 0.7, -0.4]), size=array([0.2, 0.1]), texRes=128.0, units='height', win=Window(...))
7.5271 	EXP 	window1: mouseVisible = True
7.5280 	EXP 	Created instrBlock = TextStim(__class__=<class 'psychopy.visual.text.TextStim'>, alignHoriz=method-wrapper(...), alignText='center', alignVert=method-wrapper(...), anchorHoriz='center', anchorVert='center', antialias=True, autoDraw=False, autoLog=True, bold=False, color=array([1, 1, 1]), colorSpace='rgb', contrast=1.0, depth=-1.0, flipHoriz=False, flipVert=False, font='Arial', fontFiles=[], height=0.05, italic=False, languageStyle='LTR', name='instrBlock', opacity=1.0, ori=0.0, pos=array([0., 0.]), rgb=UNKNOWN, text='', units='height', win=Window(...), wrapWidth=1)
7.5280 	EXP 	window1: mouseVisible = True
7.5290 	EXP 	Created text = TextStim(__class__=<class 'psychopy.visual.text.TextStim'>, alignHoriz=method-wrapper(...), alignText='center', alignVert=method-wrapper(...), anchorHoriz='center', anchorVert='center', antialias=True, autoDraw=False, autoLog=True, bold=False, color=array([1, 1, 1]), colorSpace='rgb', contrast=1.0, depth=-1.0, flipHoriz=False, flipVert=False, font='Arial', fontFiles=[], height=0.1, italic=False, languageStyle='LTR', name='text', opacity=1.0, ori=0, pos=array([0., 0.]), rgb=UNKNOWN, text='', units='height', win=Window(...), wrapWidth=1)
7.5320 	EXP 	Created face_image_q = ImageStim(__class__=<class 'psychopy.visual.image.ImageStim'>, anchor=('center', 'center'), autoLog=True, color=array([1, 1, 1]), colorSpace='rgb', contrast=1.0, depth=0.0, flipHoriz=False, flipVert=False, image='sin', interpolate=True, mask=None, maskParams=None, name='face_image_q', opacity=1.0, ori=0.0, pos=array([0. , 0.3]), size=array([0.88888889, 0.5       ]), texRes=128.0, units='height', win=Window(...))
7.5331 	EXP 	window1: mouseVisible = True
7.5493 	DEBUG 	TextBox2 loaded 1 chars with 0 blanks and 1 valid
7.5501 	DEBUG 	TextBox2 loaded 1 chars with 0 blanks and 1 valid
7.5510 	DEBUG 	TextBox2 loaded 1 chars with 0 blanks and 1 valid
7.5517 	DEBUG 	TextBox2 loaded 1 chars with 0 blanks and 1 valid
7.5523 	DEBUG 	TextBox2 loaded 1 chars with 0 blanks and 1 valid
7.5529 	DEBUG 	TextBox2 loaded 1 chars with 0 blanks and 1 valid
7.5537 	DEBUG 	TextBox2 loaded 1 chars with 0 blanks and 1 valid
7.5545 	DEBUG 	TextBox2 loaded 1 chars with 0 blanks and 1 valid
7.5552 	DEBUG 	TextBox2 loaded 1 chars with 0 blanks and 1 valid
7.5561 	DEBUG 	TextBox2 loaded 1 chars with 0 blanks and 1 valid
7.5568 	DEBUG 	TextBox2 loaded 1 chars with 0 blanks and 1 valid
7.5575 	DEBUG 	TextBox2 loaded 1 chars with 0 blanks and 1 valid
7.5583 	DEBUG 	TextBox2 loaded 1 chars with 0 blanks and 1 valid
7.5585 	DEBUG 	Uploading Texture Font fontname to graphics card
7.5594 	DEBUG 	Upload of Texture Font fontname complete
7.5735 	DEBUG 	TextBox2 loaded 1 chars with 0 blanks and 1 valid
7.5743 	DEBUG 	TextBox2 loaded 1 chars with 0 blanks and 1 valid
7.5749 	DEBUG 	TextBox2 loaded 1 chars with 0 blanks and 1 valid
7.5752 	DEBUG 	Uploading Texture Font fontname to graphics card
7.5757 	DEBUG 	Upload of Texture Font fontname complete
7.5900 	DEBUG 	TextBox2 loaded 1 chars with 0 blanks and 1 valid
7.5908 	DEBUG 	TextBox2 loaded 1 chars with 0 blanks and 1 valid
7.5915 	DEBUG 	TextBox2 loaded 1 chars with 0 blanks and 1 valid
7.5923 	DEBUG 	TextBox2 loaded 1 chars with 0 blanks and 1 valid
7.5926 	DEBUG 	Uploading Texture Font fontname to graphics card
7.5931 	DEBUG 	Upload of Texture Font fontname complete
7.6076 	DEBUG 	TextBox2 loaded 1 chars with 0 blanks and 1 valid
7.6085 	DEBUG 	TextBox2 loaded 1 chars with 0 blanks and 1 valid
7.6094 	DEBUG 	TextBox2 loaded 1 chars with 0 blanks and 1 valid
7.6096 	DEBUG 	Uploading Texture Font fontname to graphics card
7.6100 	DEBUG 	Upload of Texture Font fontname complete
7.6243 	DEBUG 	TextBox2 loaded 1 chars with 0 blanks and 1 valid
7.6246 	DEBUG 	Uploading Texture Font fontname to graphics card
7.6251 	DEBUG 	Upload of Texture Font fontname complete
7.6380 	EXP 	Created slider_trustworthy = Slider(__class__=<class 'psychopy.visual.slider.Slider'>, autoDraw=False, autoLog=True, borderColor=None, color=None, colorSpace='rgb', depth=-1, fillColor=None, flip=False, font='Open Sans', granularity=1.0, labelColor=None, labelHeight=0.02, labelWrapWidth=None, labels=tuple(...), lineColor=None, markerColor=None, name='slider_trustworthy', opacity=None, ori=0.0, pos=array([0., 0.]), readOnly=False, self=UNKNOWN, size=array([1.   , 0.025]), startValue=None, style='radio', styleTweaks=['labels45'], ticks=array([1, 2, 3, 4, 5]), units='height', win=Window(...))
7.6501 	EXP 	Created text_trustworthy = TextStim(__class__=<class 'psychopy.visual.text.TextStim'>, alignHoriz=method-wrapper(...), alignText='center', alignVert=method-wrapper(...), anchorHoriz='center', anchorVert='center', antialias=True, autoDraw=False, autoLog=True, bold=False, color=array([1, 1, 1]), colorSpace='rgb', contrast=1.0, depth=-2.0, flipHoriz=False, flipVert=False, font='Open Sans', fontFiles=[], height=0.03, italic=False, languageStyle='LTR', name='text_trustworthy', opacity=1.0, ori=0.0, pos=array([0.  , 0.05]), rgb=UNKNOWN, text=str(...), units='height', win=Window(...), wrapWidth=1)
7.6514 	EXP 	window1: mouseVisible = True
7.7323 	EXP 	Created slider_aggressive = Slider(__class__=<class 'psychopy.visual.slider.Slider'>, autoDraw=False, autoLog=True, borderColor=None, color=None, colorSpace='rgb', depth=-3, fillColor=None, flip=False, font='Open Sans', granularity=1.0, labelColor=None, labelHeight=0.02, labelWrapWidth=None, labels=tuple(...), lineColor=None, markerColor=None, name='slider_aggressive', opacity=None, ori=0.0, pos=array([ 0.  , -0.25]), readOnly=False, self=UNKNOWN, size=array([1.   , 0.025]), startValue=None, style='radio', styleTweaks=[], ticks=array([1, 2, 3, 4, 5]), units='height', win=Window(...))
7.7362 	EXP 	Created text_aggressive = TextStim(__class__=<class 'psychopy.visual.text.TextStim'>, alignHoriz=method-wrapper(...), alignText='center', alignVert=method-wrapper(...), anchorHoriz='center', anchorVert='center', antialias=True, autoDraw=False, autoLog=True, bold=False, color=array([1, 1, 1]), colorSpace='rgb', contrast=1.0, depth=-4.0, flipHoriz=False, flipVert=False, font='Open Sans', fontFiles=[], height=0.03, italic=False, languageStyle='LTR', name='text_aggressive', opacity=1.0, ori=0.0, pos=array([ 0.  , -0.15]), rgb=UNKNOWN, text=str(...), units='height', win=Window(...), wrapWidth=1)
7.7362 	EXP 	window1: mouseVisible = True
7.7431 	EXP 	Created Confirm = ImageStim(__class__=<class 'psychopy.visual.image.ImageStim'>, anchor=('center', 'center'), autoLog=True, color=array([1, 1, 1]), colorSpace='rgb', contrast=1.0, depth=-6.0, flipHoriz=False, flipVert=False, image='Picture1-eng.png', interpolate=True, mask=None, maskParams=None, name='Confirm', opacity=1.0, ori=0.0, pos=array([ 0. , -0.9]), size=array([0.2, 0.1]), texRes=128.0, units='height', win=Window(...))
7.7441 	EXP 	Created text_2 = TextStim(__class__=<class 'psychopy.visual.text.TextStim'>, alignHoriz=method-wrapper(...), alignText='center', alignVert=method-wrapper(...), anchorHoriz='center', anchorVert='center', antialias=True, autoDraw=False, autoLog=True, bold=False, color=array([1, 1, 1]), colorSpace='rgb', contrast=1.0, depth=-1.0, flipHoriz=False, flipVert=False, font='Open Sans', fontFiles=[], height=0.05, italic=False, languageStyle='LTR', name='text_2', opacity=1.0, ori=0.0, pos=array([0., 0.]), rgb=UNKNOWN, text='', units='height', win=Window(...), wrapWidth=1)
7.7686 	EXP 	Created EndText = TextStim(__class__=<class 'psychopy.visual.text.TextStim'>, alignHoriz=method-wrapper(...), alignText='center', alignVert=method-wrapper(...), anchorHoriz='center', anchorVert='center', antialias=True, autoDraw=False, autoLog=True, bold=False, color=array([-1, -1, -1]), colorSpace='rgb', contrast=1.0, depth=0.0, flipHoriz=False, flipVert=False, font='Arial', fontFiles=[], height=0.03, italic=False, languageStyle='LTR', name='EndText', opacity=1.0, ori=0, pos=array([0., 0.]), rgb=UNKNOWN, text=str(...), units='height', win=Window(...), wrapWidth=1)
7.7687 	EXP 	window1: mouseVisible = True
7.7779 	EXP 	slider_rad_therapy: autoLog = True
7.7779 	EXP 	slider_rad_therapy: markerPos = 3
7.7779 	EXP 	slider_rad_therapy: styleTweaks = []
7.7779 	EXP 	slider_rad_therapy: styleTweaks = []
7.7779 	EXP 	slider_rad_therapy: styleTweaks = ['labels45']
7.7779 	EXP 	slider_rad_therapy: styleTweaks = ['labels45']
7.7779 	EXP 	slider_rad_therapy: contrast = 1.0
7.7779 	EXP 	slider_rad_therapy: autoLog = True
7.7779 	EXP 	slider_surgery: autoLog = True
7.7779 	EXP 	slider_surgery: markerPos = 3
7.7779 	EXP 	slider_surgery: styleTweaks = []
7.7779 	EXP 	slider_surgery: styleTweaks = []
7.7779 	EXP 	slider_surgery: styleTweaks = ['labels45']
7.7779 	EXP 	slider_surgery: styleTweaks = ['labels45']
7.7779 	EXP 	slider_surgery: contrast = 1.0
7.7779 	EXP 	slider_surgery: autoLog = True
7.7779 	EXP 	slider_trustworthy: autoLog = True
7.7779 	EXP 	slider_trustworthy: markerPos = None
7.7779 	EXP 	slider_trustworthy: styleTweaks = []
7.7779 	EXP 	slider_trustworthy: styleTweaks = []
7.7779 	EXP 	slider_trustworthy: styleTweaks = ['labels45']
7.7779 	EXP 	slider_trustworthy: styleTweaks = ['labels45']
7.7779 	EXP 	slider_trustworthy: contrast = 1.0
7.7779 	EXP 	slider_trustworthy: autoLog = True
7.7779 	EXP 	slider_aggressive: autoLog = True
7.7779 	EXP 	slider_aggressive: markerPos = None
7.7779 	EXP 	slider_aggressive: styleTweaks = []
7.7779 	EXP 	slider_aggressive: styleTweaks = []
7.7779 	EXP 	slider_aggressive: styleTweaks = []
7.7779 	EXP 	slider_aggressive: styleTweaks = []
7.7779 	EXP 	slider_aggressive: contrast = 1.0
7.7779 	EXP 	slider_aggressive: autoLog = True
7.7779 	EXP 	ques_instr: autoDraw = True
12.9736 	DATA 	Mouse: Left button down, pos=(968,158)
13.0237 	EXP 	ques_instr: autoDraw = False
13.0237 	EXP 	slider_rad_therapy: markerPos = None
13.0237 	EXP 	slider_rad_therapy: markerPos = 3
13.0237 	EXP 	slider_surgery: markerPos = None
13.0237 	EXP 	slider_surgery: markerPos = 3
13.0237 	EXP 	slider_rad_therapy: autoDraw = True
13.0237 	EXP 	text_rad_therapy: autoDraw = True
13.0237 	EXP 	slider_surgery: autoDraw = True
13.0237 	EXP 	text_surgery: autoDraw = True
13.0237 	EXP 	image: autoDraw = True
13.0237 	EXP 	slider_surgery: markerPos = 3.0296296296296297
13.0358 	EXP 	slider_surgery: markerPos = 3.0296296296296297
13.0484 	EXP 	slider_surgery: markerPos = 3.0296296296296297
13.0603 	EXP 	slider_surgery: markerPos = 3.0296296296296297
13.0723 	EXP 	slider_surgery: markerPos = 3.0296296296296297
13.0837 	EXP 	slider_surgery: markerPos = 3.0296296296296297
13.0955 	EXP 	slider_surgery: markerPos = 3.0296296296296297
13.1079 	EXP 	slider_surgery: markerPos = 3.0296296296296297
13.1082 	DATA 	Mouse:  Left button up, pos=(968,158)
13.1207 	EXP 	slider_surgery: markerPos = 3.0296296296296297
16.0145 	DATA 	Mouse: Left button down, pos=(964,662)
16.0288 	DEBUG 	Read excel file with openpyxl: Rating_BlockOrder.xlsx
16.0290 	EXP 	Imported Rating_BlockOrder.xlsx as conditions, 19 conditions, 1 params
16.0297 	EXP 	Created sequence: fullRandom, trialTypes=19, nReps=1, seed=None
16.0299 	EXP 	New trial (rep=0, index=0): {'faceImages_q': 'images\\FOREHEAD_CFD_BM_234_172_N.png'}
16.0524 	EXP 	window1: mouseVisible = True
16.0546 	DEBUG 	Saving data for FaceAttractiveness ExperimentHandler
16.0560 	INFO 	saved data to C:\Users\annak\Documents\GitHub\faceattractiveness_lesion\data/_FaceAttractiveness_2023-04-07_20h45.28.079.psydat
16.0568 	INFO 	saved data to 'C:\\Users\\annak\\Documents\\GitHub\\faceattractiveness_lesion\\data/_FaceAttractiveness_2023-04-07_20h45.28.079.csv'
