4.3749 	INFO 	Loaded monitor calibration from ['2021_12_01 18:33']
4.3816 	WARNING 	User requested fullscreen with size [1536  864], but screen is actually [1920, 1080]. Using actual size
5.7982 	EXP 	Created window1 = Window(allowGUI=True, allowStencil=False, autoLog=True, backendConf=UNKNOWN, bitsMode=UNKNOWN, blendMode='avg', bpc=(8, 8, 8), color=array([0.09803922, 0.09803922, 0.09803922]), colorSpace='rgb', depthBits=8, fullscr=<method-wrapper '__getattribute__' of attributeSetter object at 0x000002C9DBD96E80>, gamma=None, gammaErrorPolicy='raise', lms=UNKNOWN, monitor=<psychopy.monitors.calibTools.Monitor object at 0x000002C9E14093A0>, multiSample=False, name='window1', numSamples=2, pos=(0, 0), screen=0, size=array([1920, 1080]), stencilBits=0, stereo=False, units='height', useFBO=True, useRetina=False, viewOri=0.0, viewPos=None, viewScale=None, waitBlanking=True, winType='pyglet')
5.7982 	EXP 	window1: mouseVisible = True
5.7983 	EXP 	window1: mouseVisible = False
5.7983 	EXP 	window1: Attempting to measure frame rate of screen (0) ...
5.7984 	EXP 	window1: recordFrameIntervals = False
5.8677 	EXP 	window1: recordFrameIntervals = True
5.9444 	EXP 	Screen (0) actual frame rate measured at 144.21Hz
5.9444 	EXP 	window1: recordFrameIntervals = False
7.7674 	INFO 	keyboard.Keyboard is using iohub backend.
7.7822 	EXP 	Created face_image = ImageStim(__class__=<class 'psychopy.visual.image.ImageStim'>, anchor=('center', 'center'), autoLog=True, color=array([1, 1, 1]), colorSpace='rgb', contrast=1.0, depth=-1.0, flipHoriz=True, flipVert=False, image='sin', interpolate=False, mask=None, maskParams=None, name='face_image', opacity=1.0, ori=0.0, pos=array([  0., 280.]), size=array([960., 540.]), texRes=512, units='pix', win=Window(...))
7.7866 	EXP 	window1: mouseVisible = True
7.9551 	WARNING 	Font b'HelveticaBold' was requested. No similar font found.
7.9692 	DEBUG 	TextBox2 loaded 1 chars with 0 blanks and 1 valid
7.9711 	DEBUG 	TextBox2 loaded 1 chars with 0 blanks and 1 valid
7.9721 	DEBUG 	TextBox2 loaded 1 chars with 0 blanks and 1 valid
7.9735 	DEBUG 	TextBox2 loaded 1 chars with 0 blanks and 1 valid
7.9751 	DEBUG 	TextBox2 loaded 1 chars with 0 blanks and 1 valid
7.9765 	DEBUG 	TextBox2 loaded 1 chars with 0 blanks and 1 valid
7.9777 	DEBUG 	TextBox2 loaded 1 chars with 0 blanks and 1 valid
7.9789 	DEBUG 	TextBox2 loaded 1 chars with 0 blanks and 1 valid
7.9791 	DEBUG 	Uploading Texture Font fontname to graphics card
7.9848 	DEBUG 	Upload of Texture Font fontname complete
8.0882 	WARNING 	Font b'HelveticaBold' was requested. No similar font found.
8.1022 	DEBUG 	TextBox2 loaded 1 chars with 0 blanks and 1 valid
8.1039 	DEBUG 	TextBox2 loaded 1 chars with 0 blanks and 1 valid
8.1052 	DEBUG 	TextBox2 loaded 1 chars with 0 blanks and 1 valid
8.1071 	DEBUG 	TextBox2 loaded 1 chars with 0 blanks and 1 valid
8.1083 	DEBUG 	TextBox2 loaded 1 chars with 0 blanks and 1 valid
8.1100 	DEBUG 	TextBox2 loaded 1 chars with 0 blanks and 1 valid
8.1112 	DEBUG 	TextBox2 loaded 1 chars with 0 blanks and 1 valid
8.1113 	DEBUG 	Uploading Texture Font fontname to graphics card
8.1166 	DEBUG 	Upload of Texture Font fontname complete
8.1264 	EXP 	Created slider_treatment_surgery = Slider(__class__=<class 'psychopy.visual.slider.Slider'>, autoDraw=False, autoLog=True, borderColor=None, color=None, colorSpace='rgb', depth=-2, fillColor=None, flip=False, font='HelveticaBold', granularity=0, labelColor=None, labelHeight=0.03, labelWrapWidth=None, labels=('0% Never', '100% Always'), lineColor=None, markerColor=None, name='slider_treatment_surgery', opacity=None, ori=0, pos=array([0., 0.]), readOnly=False, self=UNKNOWN, size=array([1.  , 0.02]), startValue=None, style=['rating'], styleTweaks=['labels45', 'triangleMarker'], ticks=array([  0,  25,  50,  75, 100]), units='height', win=Window(...))
8.1360 	EXP 	Created NextBu = ImageStim(__class__=<class 'psychopy.visual.image.ImageStim'>, anchor=('center', 'center'), autoLog=True, color=array([1, 1, 1]), colorSpace='rgb', contrast=1.0, depth=-3.0, flipHoriz=False, flipVert=False, image='Picture1-eng.png', interpolate=False, mask=None, maskParams=None, name='NextBu', opacity=1.0, ori=0.0, pos=array([0., 0.]), size=array([0.2, 0.1]), texRes=512, units='height', win=Window(...))
8.1361 	EXP 	window1: mouseVisible = True
8.1374 	EXP 	window1: mouseVisible = True
8.3234 	WARNING 	Font b'HelveticaBold' was requested. No similar font found.
8.4459 	WARNING 	Font b'HelveticaBold' was requested. No similar font found.
8.4715 	EXP 	Created slider_treatment_radiation = Slider(__class__=<class 'psychopy.visual.slider.Slider'>, autoDraw=False, autoLog=True, borderColor=None, color=None, colorSpace='rgb', depth=-5, fillColor=None, flip=False, font='HelveticaBold', granularity=0, labelColor=None, labelHeight=0.03, labelWrapWidth=None, labels=('0% Never', '100% Always'), lineColor=None, markerColor=None, name='slider_treatment_radiation', opacity=None, ori=0, pos=array([ 0. , -0.3]), readOnly=False, self=UNKNOWN, size=array([1.   , 0.025]), startValue=None, style=['rating'], styleTweaks=['triangleMarker'], ticks=array([  0,  25,  50,  75, 100]), units='height', win=Window(...))
8.5344 	EXP 	Created text_treatment_surgery = TextStim(__class__=<class 'psychopy.visual.text.TextStim'>, alignHoriz=method-wrapper(...), alignText='center', alignVert=method-wrapper(...), anchorHoriz='center', anchorVert='center', antialias=True, autoDraw=False, autoLog=True, bold=False, color=array([-1, -1, -1]), colorSpace='rgb', contrast=1.0, depth=-6.0, flipHoriz=False, flipVert=False, font='Open Sans', fontFiles=[], height=0.03, italic=False, languageStyle='LTR', name='text_treatment_surgery', opacity=1.0, ori=0.0, pos=array([0.  , 0.05]), rgb=UNKNOWN, text='How likely are you to recommend surgery? ', units='height', win=Window(...), wrapWidth=1)
8.5368 	EXP 	Created text_treatment_radiation = TextStim(__class__=<class 'psychopy.visual.text.TextStim'>, alignHoriz=method-wrapper(...), alignText='center', alignVert=method-wrapper(...), anchorHoriz='center', anchorVert='center', antialias=True, autoDraw=False, autoLog=True, bold=False, color=array([-1, -1, -1]), colorSpace='rgb', contrast=1.0, depth=-7.0, flipHoriz=False, flipVert=False, font='Open Sans', fontFiles=[], height=0.03, italic=False, languageStyle='LTR', name='text_treatment_radiation', opacity=1.0, ori=0.0, pos=array([ 0. , -0.2]), rgb=UNKNOWN, text='How likely are you to recommend radiation? ', units='height', win=Window(...), wrapWidth=1)
8.5802 	EXP 	Created EndText = TextStim(__class__=<class 'psychopy.visual.text.TextStim'>, alignHoriz=method-wrapper(...), alignText='center', alignVert=method-wrapper(...), anchorHoriz='center', anchorVert='center', antialias=True, autoDraw=False, autoLog=True, bold=False, color=array([-1, -1, -1]), colorSpace='rgb', contrast=1.0, depth=0.0, flipHoriz=False, flipVert=False, font='Arial', fontFiles=[], height=0.05, italic=False, languageStyle='LTR', name='EndText', opacity=1.0, ori=0, pos=array([0., 0.]), rgb=UNKNOWN, text=str(...), units='height', win=Window(...), wrapWidth=1)
8.5849 	DEBUG 	Read excel file with openpyxl: Rating_BlockOrder.xlsx
8.5851 	EXP 	Imported Rating_BlockOrder.xlsx as conditions, 1 conditions, 3 params
8.5855 	EXP 	Created sequence: fullRandom, trialTypes=1, nReps=1, seed=None
8.5857 	EXP 	New trial (rep=0, index=0): {'Task': 'treatment', 'LeftLabel': '0% Never', 'RightLabel': '100% Always'}
8.5869 	EXP 	Created sequence: sequential, trialTypes=1, nReps=95, seed=None
8.5873 	EXP 	New trial (rep=0, index=0): None
8.6129 	EXP 	window1: mouseVisible = True
8.6146 	DEBUG 	Saving data for FaceAttractiveness ExperimentHandler
8.6164 	INFO 	saved data to C:\Users\annak\Documents\GitHub\faceattractiveness_lesion\data/_FaceAttractiveness_2023-04-06_22h55.29.024.psydat
8.6175 	INFO 	saved data to 'C:\\Users\\annak\\Documents\\GitHub\\faceattractiveness_lesion\\data/_FaceAttractiveness_2023-04-06_22h55.29.024.csv'
