4.0368 	INFO 	Loaded monitor calibration from ['2021_12_01 18:33']
4.0440 	WARNING 	User requested fullscreen with size [1536  864], but screen is actually [1920, 1080]. Using actual size
5.2743 	EXP 	Created window1 = Window(allowGUI=True, allowStencil=False, autoLog=True, backendConf=UNKNOWN, bitsMode=UNKNOWN, blendMode='avg', bpc=(8, 8, 8), color=array([0.09803922, 0.09803922, 0.09803922]), colorSpace='rgb', depthBits=8, fullscr=<method-wrapper '__getattribute__' of attributeSetter object at 0x0000011A5EFC2DC0>, gamma=None, gammaErrorPolicy='raise', lms=UNKNOWN, monitor=<psychopy.monitors.calibTools.Monitor object at 0x0000011A629B92B0>, multiSample=False, name='window1', numSamples=2, pos=(0, 0), screen=0, size=array([1920, 1080]), stencilBits=0, stereo=False, units='height', useFBO=True, useRetina=False, viewOri=0.0, viewPos=None, viewScale=None, waitBlanking=True, winType='pyglet')
5.2743 	EXP 	window1: mouseVisible = True
5.2745 	EXP 	window1: mouseVisible = False
5.2745 	EXP 	window1: Attempting to measure frame rate of screen (0) ...
5.2745 	EXP 	window1: recordFrameIntervals = False
5.3422 	EXP 	window1: recordFrameIntervals = True
5.4200 	EXP 	Screen (0) actual frame rate measured at 141.52Hz
5.4200 	EXP 	window1: recordFrameIntervals = False
7.1333 	INFO 	keyboard.Keyboard is using iohub backend.
7.2087 	EXP 	Created ques_instr = TextStim(__class__=<class 'psychopy.visual.text.TextStim'>, alignHoriz=method-wrapper(...), alignText='center', alignVert=method-wrapper(...), anchorHoriz='center', anchorVert='center', antialias=True, autoDraw=False, autoLog=True, bold=False, color=array([1, 1, 1]), colorSpace='rgb', contrast=1.0, depth=0.0, flipHoriz=False, flipVert=False, font='Arial', fontFiles=[], height=0.04, italic=False, languageStyle='LTR', name='ques_instr', opacity=1.0, ori=0.0, pos=array([0., 0.]), rgb=UNKNOWN, text=str(...), units='height', win=Window(...), wrapWidth=1)
7.2092 	EXP 	window1: mouseVisible = True
7.2130 	EXP 	window1: mouseVisible = True
7.2375 	DEBUG 	TextBox2 loaded 1 chars with 0 blanks and 1 valid
7.2393 	DEBUG 	TextBox2 loaded 1 chars with 0 blanks and 1 valid
7.2409 	DEBUG 	TextBox2 loaded 1 chars with 0 blanks and 1 valid
7.2426 	DEBUG 	TextBox2 loaded 1 chars with 0 blanks and 1 valid
7.2440 	DEBUG 	TextBox2 loaded 1 chars with 0 blanks and 1 valid
7.2455 	DEBUG 	TextBox2 loaded 1 chars with 0 blanks and 1 valid
7.2472 	DEBUG 	TextBox2 loaded 1 chars with 0 blanks and 1 valid
7.2489 	DEBUG 	TextBox2 loaded 1 chars with 0 blanks and 1 valid
7.2505 	DEBUG 	TextBox2 loaded 1 chars with 0 blanks and 1 valid
7.2521 	DEBUG 	TextBox2 loaded 1 chars with 0 blanks and 1 valid
7.2537 	DEBUG 	TextBox2 loaded 1 chars with 0 blanks and 1 valid
7.2552 	DEBUG 	TextBox2 loaded 1 chars with 0 blanks and 1 valid
7.2554 	DEBUG 	Uploading Texture Font fontname to graphics card
7.2628 	DEBUG 	Upload of Texture Font fontname complete
7.2793 	DEBUG 	TextBox2 loaded 1 chars with 0 blanks and 1 valid
7.2796 	DEBUG 	Uploading Texture Font fontname to graphics card
7.2853 	DEBUG 	Upload of Texture Font fontname complete
7.3026 	DEBUG 	TextBox2 loaded 1 chars with 0 blanks and 1 valid
7.3046 	DEBUG 	TextBox2 loaded 1 chars with 0 blanks and 1 valid
7.3065 	DEBUG 	TextBox2 loaded 1 chars with 0 blanks and 1 valid
7.3083 	DEBUG 	TextBox2 loaded 1 chars with 0 blanks and 1 valid
7.3099 	DEBUG 	TextBox2 loaded 1 chars with 0 blanks and 1 valid
7.3117 	DEBUG 	TextBox2 loaded 1 chars with 0 blanks and 1 valid
7.3119 	DEBUG 	Uploading Texture Font fontname to graphics card
7.3169 	DEBUG 	Upload of Texture Font fontname complete
7.3338 	DEBUG 	TextBox2 loaded 1 chars with 0 blanks and 1 valid
7.3340 	DEBUG 	Uploading Texture Font fontname to graphics card
7.3388 	DEBUG 	Upload of Texture Font fontname complete
7.3554 	DEBUG 	TextBox2 loaded 1 chars with 0 blanks and 1 valid
7.3573 	DEBUG 	TextBox2 loaded 1 chars with 0 blanks and 1 valid
7.3575 	DEBUG 	Uploading Texture Font fontname to graphics card
7.3622 	DEBUG 	Upload of Texture Font fontname complete
7.3741 	EXP 	Created slider_2 = Slider(__class__=<class 'psychopy.visual.slider.Slider'>, autoDraw=False, autoLog=True, borderColor=None, color=None, colorSpace='rgb', depth=0, fillColor=None, flip=False, font='Arial', granularity=0.0, labelColor=None, labelHeight=0.03, labelWrapWidth=None, labels=tuple(...), lineColor=None, markerColor=None, name='slider_2', opacity=None, ori=0.0, pos=array([0., 0.]), readOnly=False, self=UNKNOWN, size=array([1. , 0.1]), startValue=3, style='rating', styleTweaks=['labels45'], ticks=array([1, 2, 3, 4, 5]), units='height', win=Window(...))
7.4034 	EXP 	Created EndText = TextStim(__class__=<class 'psychopy.visual.text.TextStim'>, alignHoriz=method-wrapper(...), alignText='center', alignVert=method-wrapper(...), anchorHoriz='center', anchorVert='center', antialias=True, autoDraw=False, autoLog=True, bold=False, color=array([-1, -1, -1]), colorSpace='rgb', contrast=1.0, depth=0.0, flipHoriz=False, flipVert=False, font='Arial', fontFiles=[], height=0.05, italic=False, languageStyle='LTR', name='EndText', opacity=1.0, ori=0, pos=array([0., 0.]), rgb=UNKNOWN, text=str(...), units='height', win=Window(...), wrapWidth=1)
7.4139 	EXP 	slider_2: autoLog = True
7.4139 	EXP 	slider_2: markerPos = 3
7.4139 	EXP 	slider_2: styleTweaks = []
7.4139 	EXP 	slider_2: styleTweaks = []
7.4139 	EXP 	slider_2: styleTweaks = ['labels45']
7.4139 	EXP 	slider_2: styleTweaks = ['labels45']
7.4139 	EXP 	slider_2: contrast = 1.0
7.4139 	EXP 	slider_2: autoLog = True
7.4139 	EXP 	ques_instr: autoDraw = True
7.8855 	DATA 	Mouse: Left button down, pos=(799,567)
7.9847 	DATA 	Mouse:  Left button up, pos=(799,567)
9.4063 	DATA 	Mouse: Left button down, pos=(995,657)
9.4395 	EXP 	ques_instr: autoDraw = False
9.4395 	EXP 	slider_2: markerPos = None
9.4395 	EXP 	slider_2: markerPos = 3
9.4395 	EXP 	slider_2: autoDraw = True
9.5089 	DATA 	Mouse:  Left button up, pos=(995,657)
10.2538 	DATA 	Mouse: Left button down, pos=(959,556)
10.2612 	EXP 	slider_2: markerPos = 2.996296296296296
10.2736 	EXP 	slider_2: markerPos = 2.996296296296296
10.2818 	EXP 	slider_2: markerPos = 2.988888888888889
10.2888 	EXP 	slider_2: markerPos = 2.9814814814814814
10.3000 	EXP 	slider_2: markerPos = 2.974074074074074
10.3089 	EXP 	slider_2: markerPos = 2.9703703703703703
10.3175 	EXP 	slider_2: markerPos = 2.9555555555555557
10.3273 	EXP 	slider_2: markerPos = 2.948148148148148
10.3361 	EXP 	slider_2: markerPos = 2.9296296296296296
10.3448 	EXP 	slider_2: markerPos = 2.9222222222222225
10.3571 	EXP 	slider_2: markerPos = 2.9111111111111114
10.3657 	EXP 	slider_2: markerPos = 2.9037037037037035
10.3776 	EXP 	slider_2: markerPos = 2.8962962962962964
10.3857 	EXP 	slider_2: markerPos = 2.8814814814814813
10.3927 	EXP 	slider_2: markerPos = 2.8777777777777778
10.4026 	EXP 	slider_2: markerPos = 2.8666666666666667
10.4326 	EXP 	slider_2: markerPos = 2.862962962962963
10.4407 	EXP 	slider_2: markerPos = 2.8444444444444446
10.4500 	EXP 	slider_2: markerPos = 2.837037037037037
10.4624 	EXP 	slider_2: markerPos = 2.833333333333333
10.4695 	EXP 	slider_2: markerPos = 2.825925925925926
10.4797 	EXP 	slider_2: markerPos = 2.822222222222222
10.4888 	EXP 	slider_2: markerPos = 2.8185185185185184
10.4973 	EXP 	slider_2: markerPos = 2.7925925925925927
10.5050 	EXP 	slider_2: markerPos = 2.7814814814814817
10.5153 	EXP 	slider_2: markerPos = 2.774074074074074
10.5240 	EXP 	slider_2: markerPos = 2.762962962962963
10.5331 	EXP 	slider_2: markerPos = 2.7518518518518515
10.5440 	EXP 	slider_2: markerPos = 2.7444444444444445
10.5539 	EXP 	slider_2: markerPos = 2.7074074074074073
10.5631 	EXP 	slider_2: markerPos = 2.7
10.5721 	EXP 	slider_2: markerPos = 2.688888888888889
10.5808 	EXP 	slider_2: markerPos = 2.677777777777778
10.5886 	EXP 	slider_2: markerPos = 2.666666666666667
10.5997 	EXP 	slider_2: markerPos = 2.6555555555555554
10.6087 	EXP 	slider_2: markerPos = 2.6444444444444444
10.6158 	EXP 	slider_2: markerPos = 2.6259259259259258
10.6264 	EXP 	slider_2: markerPos = 2.6259259259259258
10.6352 	EXP 	slider_2: markerPos = 2.588888888888889
10.6439 	EXP 	slider_2: markerPos = 2.574074074074074
10.6513 	EXP 	slider_2: markerPos = 2.5592592592592593
10.6615 	EXP 	slider_2: markerPos = 2.5481481481481483
10.6700 	EXP 	slider_2: markerPos = 2.5407407407407407
10.6800 	EXP 	slider_2: markerPos = 2.533333333333333
10.6896 	EXP 	slider_2: markerPos = 2.525925925925926
10.6990 	EXP 	slider_2: markerPos = 2.514814814814815
10.7070 	EXP 	slider_2: markerPos = 2.511111111111111
10.7187 	EXP 	slider_2: markerPos = 2.5
10.7286 	EXP 	slider_2: markerPos = 2.485185185185185
10.7375 	EXP 	slider_2: markerPos = 2.4518518518518517
10.7464 	EXP 	slider_2: markerPos = 2.4333333333333336
10.7569 	EXP 	slider_2: markerPos = 2.4
10.7652 	EXP 	slider_2: markerPos = 2.351851851851852
10.7739 	EXP 	slider_2: markerPos = 2.3296296296296295
10.7826 	EXP 	slider_2: markerPos = 2.322222222222222
10.7928 	EXP 	slider_2: markerPos = 2.303703703703704
10.8013 	EXP 	slider_2: markerPos = 2.285185185185185
10.8096 	EXP 	slider_2: markerPos = 2.2703703703703706
10.8166 	EXP 	slider_2: markerPos = 2.262962962962963
10.8276 	EXP 	slider_2: markerPos = 2.248148148148148
10.8366 	EXP 	slider_2: markerPos = 2.237037037037037
10.8449 	EXP 	slider_2: markerPos = 2.2333333333333334
10.8524 	EXP 	slider_2: markerPos = 2.2296296296296294
10.8626 	EXP 	slider_2: markerPos = 2.225925925925926
10.8710 	EXP 	slider_2: markerPos = 2.2222222222222223
10.8795 	EXP 	slider_2: markerPos = 2.2185185185185183
10.8865 	EXP 	slider_2: markerPos = 2.2111111111111112
10.8977 	EXP 	slider_2: markerPos = 2.2074074074074073
10.9070 	EXP 	slider_2: markerPos = 2.188888888888889
10.9166 	EXP 	slider_2: markerPos = 2.1666666666666665
10.9264 	EXP 	slider_2: markerPos = 2.1555555555555554
10.9350 	EXP 	slider_2: markerPos = 2.1222222222222222
10.9466 	EXP 	slider_2: markerPos = 2.1148148148148147
10.9546 	EXP 	slider_2: markerPos = 2.0814814814814815
10.9647 	EXP 	slider_2: markerPos = 2.074074074074074
10.9734 	EXP 	slider_2: markerPos = 2.0703703703703704
10.9817 	EXP 	slider_2: markerPos = 2.0666666666666664
10.9901 	EXP 	slider_2: markerPos = 2.062962962962963
11.0029 	EXP 	slider_2: markerPos = 2.0592592592592593
11.0127 	EXP 	slider_2: markerPos = 2.0555555555555554
11.0239 	EXP 	slider_2: markerPos = 2.037037037037037
11.0327 	EXP 	slider_2: markerPos = 2.0296296296296297
11.0429 	EXP 	slider_2: markerPos = 2.0185185185185186
11.0517 	EXP 	slider_2: markerPos = 1.9962962962962962
11.0599 	EXP 	slider_2: markerPos = 1.9851851851851852
11.0726 	EXP 	slider_2: markerPos = 1.9814814814814814
11.0810 	EXP 	slider_2: markerPos = 1.9703703703703703
11.0880 	EXP 	slider_2: markerPos = 1.9666666666666666
11.0989 	EXP 	slider_2: markerPos = 1.962962962962963
11.1083 	EXP 	slider_2: markerPos = 1.9592592592592593
11.1159 	EXP 	slider_2: markerPos = 1.9592592592592593
11.1263 	EXP 	slider_2: markerPos = 1.9555555555555555
11.1346 	EXP 	slider_2: markerPos = 1.9407407407407407
11.1435 	EXP 	slider_2: markerPos = 1.9259259259259258
11.1553 	EXP 	slider_2: markerPos = 1.9185185185185185
11.1637 	EXP 	slider_2: markerPos = 1.9037037037037037
11.1765 	EXP 	slider_2: markerPos = 1.8925925925925926
11.1850 	EXP 	slider_2: markerPos = 1.8703703703703705
11.1964 	EXP 	slider_2: markerPos = 1.862962962962963
11.2045 	EXP 	slider_2: markerPos = 1.848148148148148
11.2145 	EXP 	slider_2: markerPos = 1.837037037037037
11.2229 	EXP 	slider_2: markerPos = 1.825925925925926
11.2315 	EXP 	slider_2: markerPos = 1.8148148148148149
11.2406 	EXP 	slider_2: markerPos = 1.7962962962962963
11.2529 	EXP 	slider_2: markerPos = 1.7777777777777777
11.2607 	EXP 	slider_2: markerPos = 1.737037037037037
11.2681 	EXP 	slider_2: markerPos = 1.7259259259259259
11.2787 	EXP 	slider_2: markerPos = 1.7259259259259259
11.2878 	EXP 	slider_2: markerPos = 1.7
11.2961 	EXP 	slider_2: markerPos = 1.6962962962962962
11.3034 	EXP 	slider_2: markerPos = 1.6888888888888889
11.3135 	EXP 	slider_2: markerPos = 1.6777777777777778
11.3224 	EXP 	slider_2: markerPos = 1.6777777777777778
11.3308 	EXP 	slider_2: markerPos = 1.6666666666666667
11.3427 	EXP 	slider_2: markerPos = 1.6481481481481481
11.3521 	EXP 	slider_2: markerPos = 1.6407407407407408
11.3586 	EXP 	slider_2: markerPos = 1.5851851851851853
11.3688 	EXP 	slider_2: markerPos = 1.5629629629629629
11.3775 	EXP 	slider_2: markerPos = 1.5555555555555556
11.3852 	EXP 	slider_2: markerPos = 1.5444444444444445
11.3945 	EXP 	slider_2: markerPos = 1.537037037037037
11.4053 	EXP 	slider_2: markerPos = 1.537037037037037
11.4145 	EXP 	slider_2: markerPos = 1.537037037037037
11.4265 	EXP 	slider_2: markerPos = 1.5296296296296297
11.4348 	EXP 	slider_2: markerPos = 1.5296296296296297
11.4463 	EXP 	slider_2: markerPos = 1.5222222222222221
11.4539 	EXP 	slider_2: markerPos = 1.5
11.4637 	EXP 	slider_2: markerPos = 1.4777777777777779
11.4745 	EXP 	slider_2: markerPos = 1.451851851851852
11.4823 	EXP 	slider_2: markerPos = 1.4259259259259258
11.4915 	EXP 	slider_2: markerPos = 1.4037037037037037
11.5025 	EXP 	slider_2: markerPos = 1.3962962962962964
11.5103 	EXP 	slider_2: markerPos = 1.3777777777777778
11.5230 	EXP 	slider_2: markerPos = 1.3592592592592592
11.5313 	EXP 	slider_2: markerPos = 1.3296296296296297
11.5440 	EXP 	slider_2: markerPos = 1.3
11.5524 	EXP 	slider_2: markerPos = 1.2518518518518518
11.5650 	EXP 	slider_2: markerPos = 1.2074074074074075
11.5733 	EXP 	slider_2: markerPos = 1.1962962962962962
11.5862 	EXP 	slider_2: markerPos = 1.151851851851852
11.5953 	EXP 	slider_2: markerPos = 1.1
11.6045 	EXP 	slider_2: markerPos = 1.0851851851851853
11.6132 	EXP 	slider_2: markerPos = 1.0518518518518518
11.6211 	EXP 	slider_2: markerPos = 1.0407407407407407
11.6294 	EXP 	slider_2: markerPos = 1.0296296296296297
11.6412 	EXP 	slider_2: markerPos = 1.025925925925926
11.6491 	EXP 	slider_2: markerPos = 1.0148148148148148
11.6572 	EXP 	slider_2: markerPos = 0.9925925925925925
11.6690 	EXP 	slider_2: markerPos = 0.9740740740740739
11.6777 	EXP 	slider_2: markerPos = 0.9629629629629628
11.6900 	EXP 	slider_2: markerPos = 0.9555555555555557
11.6979 	EXP 	slider_2: markerPos = 0.9555555555555557
11.7104 	EXP 	slider_2: markerPos = 0.9555555555555557
11.7182 	EXP 	slider_2: markerPos = 0.9555555555555557
11.7264 	EXP 	slider_2: markerPos = 0.9555555555555557
11.7384 	EXP 	slider_2: markerPos = 0.9555555555555557
11.7461 	EXP 	slider_2: markerPos = 0.9555555555555557
11.7548 	EXP 	slider_2: markerPos = 0.9555555555555557
11.7659 	EXP 	slider_2: markerPos = 0.9555555555555557
11.7738 	EXP 	slider_2: markerPos = 0.9555555555555557
11.7824 	EXP 	slider_2: markerPos = 0.9592592592592593
11.7900 	EXP 	slider_2: markerPos = 0.9629629629629628
11.8003 	EXP 	slider_2: markerPos = 0.9740740740740739
11.8088 	EXP 	slider_2: markerPos = 0.9851851851851854
11.8173 	EXP 	slider_2: markerPos = 1.0222222222222221
11.8286 	EXP 	slider_2: markerPos = 1.0592592592592593
11.8392 	EXP 	slider_2: markerPos = 1.0962962962962963
11.8478 	EXP 	slider_2: markerPos = 1.1407407407407408
11.8572 	EXP 	slider_2: markerPos = 1.1592592592592592
11.8660 	EXP 	slider_2: markerPos = 1.2407407407407407
11.8726 	EXP 	slider_2: markerPos = 1.2777777777777777
11.8832 	EXP 	slider_2: markerPos = 1.3111111111111111
11.8924 	EXP 	slider_2: markerPos = 1.325925925925926
11.8994 	EXP 	slider_2: markerPos = 1.3666666666666667
11.9106 	EXP 	slider_2: markerPos = 1.4111111111111112
11.9200 	EXP 	slider_2: markerPos = 1.4296296296296296
11.9302 	EXP 	slider_2: markerPos = 1.5444444444444445
11.9385 	EXP 	slider_2: markerPos = 1.5777777777777777
11.9468 	EXP 	slider_2: markerPos = 1.6444444444444444
11.9561 	EXP 	slider_2: markerPos = 1.674074074074074
11.9663 	EXP 	slider_2: markerPos = 1.7259259259259259
11.9749 	EXP 	slider_2: markerPos = 1.7555555555555555
11.9832 	EXP 	slider_2: markerPos = 1.7740740740740741
11.9903 	EXP 	slider_2: markerPos = 1.7962962962962963
12.0012 	EXP 	slider_2: markerPos = 1.8037037037037038
12.0098 	EXP 	slider_2: markerPos = 1.8148148148148149
12.0184 	EXP 	slider_2: markerPos = 1.8296296296296297
12.0252 	EXP 	slider_2: markerPos = 1.8407407407407408
12.0385 	EXP 	slider_2: markerPos = 1.8666666666666667
12.0451 	EXP 	slider_2: markerPos = 1.9185185185185185
12.0559 	EXP 	slider_2: markerPos = 1.9370370370370371
12.0647 	EXP 	slider_2: markerPos = 1.9555555555555555
12.0736 	EXP 	slider_2: markerPos = 1.9703703703703703
12.0806 	EXP 	slider_2: markerPos = 1.9777777777777779
12.0912 	EXP 	slider_2: markerPos = 1.988888888888889
12.0996 	EXP 	slider_2: markerPos = 1.9962962962962962
12.1111 	EXP 	slider_2: markerPos = 2.0037037037037035
12.1191 	EXP 	slider_2: markerPos = 2.0185185185185186
12.1279 	EXP 	slider_2: markerPos = 2.025925925925926
12.1361 	EXP 	slider_2: markerPos = 2.051851851851852
12.1485 	EXP 	slider_2: markerPos = 2.062962962962963
12.1567 	EXP 	slider_2: markerPos = 2.1185185185185187
12.1690 	EXP 	slider_2: markerPos = 2.1444444444444444
12.1771 	EXP 	slider_2: markerPos = 2.162962962962963
12.1904 	EXP 	slider_2: markerPos = 2.185185185185185
12.1986 	EXP 	slider_2: markerPos = 2.2222222222222223
12.2113 	EXP 	slider_2: markerPos = 2.2407407407407405
12.2193 	EXP 	slider_2: markerPos = 2.303703703703704
12.2313 	EXP 	slider_2: markerPos = 2.303703703703704
12.2424 	EXP 	slider_2: markerPos = 2.3555555555555556
12.2512 	EXP 	slider_2: markerPos = 2.3925925925925924
12.2602 	EXP 	slider_2: markerPos = 2.4296296296296296
12.2692 	EXP 	slider_2: markerPos = 2.4703703703703703
12.2785 	EXP 	slider_2: markerPos = 2.5
12.2879 	EXP 	slider_2: markerPos = 2.537037037037037
12.2971 	EXP 	slider_2: markerPos = 2.5481481481481483
12.3067 	EXP 	slider_2: markerPos = 2.5851851851851855
12.3154 	EXP 	slider_2: markerPos = 2.6333333333333333
12.3239 	EXP 	slider_2: markerPos = 2.659259259259259
12.3309 	EXP 	slider_2: markerPos = 2.725925925925926
12.3417 	EXP 	slider_2: markerPos = 2.7518518518518515
12.3500 	EXP 	slider_2: markerPos = 2.8777777777777778
12.3589 	EXP 	slider_2: markerPos = 2.8962962962962964
12.3703 	EXP 	slider_2: markerPos = 2.9148148148148145
12.3786 	EXP 	slider_2: markerPos = 2.966666666666667
12.3916 	EXP 	slider_2: markerPos = 2.977777777777778
12.4003 	EXP 	slider_2: markerPos = 3.051851851851852
12.4121 	EXP 	slider_2: markerPos = 3.1148148148148147
12.4201 	EXP 	slider_2: markerPos = 3.174074074074074
12.4273 	EXP 	slider_2: markerPos = 3.240740740740741
12.4385 	EXP 	slider_2: markerPos = 3.303703703703704
12.4467 	EXP 	slider_2: markerPos = 3.4333333333333336
12.4558 	EXP 	slider_2: markerPos = 3.488888888888889
12.4626 	EXP 	slider_2: markerPos = 3.5074074074074075
12.4732 	EXP 	slider_2: markerPos = 3.562962962962963
12.4816 	EXP 	slider_2: markerPos = 3.6185185185185187
12.4899 	EXP 	slider_2: markerPos = 3.674074074074074
12.5022 	EXP 	slider_2: markerPos = 3.7037037037037037
12.5109 	EXP 	slider_2: markerPos = 3.8333333333333335
12.5234 	EXP 	slider_2: markerPos = 3.859259259259259
12.5334 	EXP 	slider_2: markerPos = 3.925925925925926
12.5423 	EXP 	slider_2: markerPos = 3.9925925925925925
12.5508 	EXP 	slider_2: markerPos = 4.018518518518519
12.5589 	EXP 	slider_2: markerPos = 4.111111111111111
12.5676 	EXP 	slider_2: markerPos = 4.159259259259259
12.5752 	EXP 	slider_2: markerPos = 4.174074074074074
12.5857 	EXP 	slider_2: markerPos = 4.207407407407407
12.5948 	EXP 	slider_2: markerPos = 4.222222222222222
12.6022 	EXP 	slider_2: markerPos = 4.2592592592592595
12.6130 	EXP 	slider_2: markerPos = 4.274074074074074
12.6224 	EXP 	slider_2: markerPos = 4.318518518518518
12.6295 	EXP 	slider_2: markerPos = 4.344444444444445
12.6401 	EXP 	slider_2: markerPos = 4.366666666666667
12.6485 	EXP 	slider_2: markerPos = 4.459259259259259
12.6570 	EXP 	slider_2: markerPos = 4.485185185185185
12.6694 	EXP 	slider_2: markerPos = 4.548148148148148
12.6776 	EXP 	slider_2: markerPos = 4.566666666666666
12.6848 	EXP 	slider_2: markerPos = 4.5851851851851855
12.6950 	EXP 	slider_2: markerPos = 4.633333333333333
12.7041 	EXP 	slider_2: markerPos = 4.662962962962963
12.7135 	EXP 	slider_2: markerPos = 4.692592592592593
12.7227 	EXP 	slider_2: markerPos = 4.7
12.7311 	EXP 	slider_2: markerPos = 4.714814814814815
12.7394 	EXP 	slider_2: markerPos = 4.729629629629629
12.7479 	EXP 	slider_2: markerPos = 4.770370370370371
12.7552 	EXP 	slider_2: markerPos = 4.792592592592593
12.7647 	EXP 	slider_2: markerPos = 4.803703703703704
12.7731 	EXP 	slider_2: markerPos = 4.822222222222222
12.7820 	EXP 	slider_2: markerPos = 4.859259259259259
12.7891 	EXP 	slider_2: markerPos = 4.87037037037037
12.7998 	EXP 	slider_2: markerPos = 4.885185185185185
12.8079 	EXP 	slider_2: markerPos = 4.892592592592592
12.8154 	EXP 	slider_2: markerPos = 4.925925925925926
12.8242 	EXP 	slider_2: markerPos = 4.925925925925926
12.8364 	EXP 	slider_2: markerPos = 4.948148148148148
12.8447 	EXP 	slider_2: markerPos = 4.955555555555556
12.8570 	EXP 	slider_2: markerPos = 4.962962962962963
12.8652 	EXP 	slider_2: markerPos = 4.974074074074074
12.8771 	EXP 	slider_2: markerPos = 4.974074074074074
12.8846 	EXP 	slider_2: markerPos = 4.974074074074074
12.8932 	EXP 	slider_2: markerPos = 4.977777777777778
12.9050 	EXP 	slider_2: markerPos = 4.985185185185185
12.9131 	EXP 	slider_2: markerPos = 4.988888888888889
12.9199 	EXP 	slider_2: markerPos = 5.0
12.9283 	EXP 	slider_2: markerPos = 5.0
12.9395 	EXP 	slider_2: markerPos = 5.003703703703703
12.9467 	EXP 	slider_2: markerPos = 5.003703703703703
12.9556 	EXP 	slider_2: markerPos = 5.003703703703703
12.9636 	EXP 	slider_2: markerPos = 5.003703703703703
12.9732 	EXP 	slider_2: markerPos = 5.003703703703703
12.9817 	EXP 	slider_2: markerPos = 5.003703703703703
12.9898 	EXP 	slider_2: markerPos = 5.003703703703703
12.9971 	EXP 	slider_2: markerPos = 5.003703703703703
13.0074 	EXP 	slider_2: markerPos = 4.996296296296296
13.0156 	EXP 	slider_2: markerPos = 4.988888888888889
13.0236 	EXP 	slider_2: markerPos = 4.97037037037037
13.0322 	EXP 	slider_2: markerPos = 4.955555555555556
13.0388 	EXP 	slider_2: markerPos = 4.907407407407407
13.0491 	EXP 	slider_2: markerPos = 4.907407407407407
13.0582 	EXP 	slider_2: markerPos = 4.82962962962963
13.0667 	EXP 	slider_2: markerPos = 4.792592592592593
13.0734 	EXP 	slider_2: markerPos = 4.737037037037037
13.0843 	EXP 	slider_2: markerPos = 4.7
13.0929 	EXP 	slider_2: markerPos = 4.648148148148148
13.1016 	EXP 	slider_2: markerPos = 4.611111111111111
13.1085 	EXP 	slider_2: markerPos = 4.562962962962963
13.1191 	EXP 	slider_2: markerPos = 4.537037037037037
13.1283 	EXP 	slider_2: markerPos = 4.503703703703704
13.1413 	EXP 	slider_2: markerPos = 4.474074074074074
13.1494 	EXP 	slider_2: markerPos = 4.411111111111111
13.1565 	EXP 	slider_2: markerPos = 4.374074074074074
13.1667 	EXP 	slider_2: markerPos = 4.337037037037037
13.1766 	EXP 	slider_2: markerPos = 4.3
13.1850 	EXP 	slider_2: markerPos = 4.274074074074074
13.1953 	EXP 	slider_2: markerPos = 4.237037037037037
13.2042 	EXP 	slider_2: markerPos = 4.2
13.2148 	EXP 	slider_2: markerPos = 4.181481481481482
13.2233 	EXP 	slider_2: markerPos = 4.162962962962963
13.2332 	EXP 	slider_2: markerPos = 4.144444444444444
13.2441 	EXP 	slider_2: markerPos = 4.092592592592593
13.2534 	EXP 	slider_2: markerPos = 4.003703703703704
13.2660 	EXP 	slider_2: markerPos = 3.9592592592592593
13.2738 	EXP 	slider_2: markerPos = 3.8814814814814813
13.2826 	EXP 	slider_2: markerPos = 3.8814814814814813
13.2934 	EXP 	slider_2: markerPos = 3.837037037037037
13.3020 	EXP 	slider_2: markerPos = 3.8296296296296295
13.3106 	EXP 	slider_2: markerPos = 3.822222222222222
13.3224 	EXP 	slider_2: markerPos = 3.811111111111111
13.3303 	EXP 	slider_2: markerPos = 3.811111111111111
13.3379 	EXP 	slider_2: markerPos = 3.7777777777777777
13.3507 	EXP 	slider_2: markerPos = 3.7777777777777777
13.3590 	EXP 	slider_2: markerPos = 3.714814814814815
13.3712 	EXP 	slider_2: markerPos = 3.688888888888889
13.3793 	EXP 	slider_2: markerPos = 3.5925925925925926
13.3865 	EXP 	slider_2: markerPos = 3.5925925925925926
13.3973 	EXP 	slider_2: markerPos = 3.5555555555555554
13.4056 	EXP 	slider_2: markerPos = 3.466666666666667
13.4140 	EXP 	slider_2: markerPos = 3.437037037037037
13.4208 	EXP 	slider_2: markerPos = 3.411111111111111
13.4315 	EXP 	slider_2: markerPos = 3.3777777777777778
13.4396 	EXP 	slider_2: markerPos = 3.337037037037037
13.4476 	EXP 	slider_2: markerPos = 3.3185185185185184
13.4573 	EXP 	slider_2: markerPos = 3.3
13.4658 	EXP 	slider_2: markerPos = 3.285185185185185
13.4745 	EXP 	slider_2: markerPos = 3.262962962962963
13.4841 	EXP 	slider_2: markerPos = 3.251851851851852
13.4945 	EXP 	slider_2: markerPos = 3.225925925925926
13.5033 	EXP 	slider_2: markerPos = 3.1925925925925926
13.5117 	EXP 	slider_2: markerPos = 3.162962962962963
13.5234 	EXP 	slider_2: markerPos = 3.1444444444444444
13.5314 	EXP 	slider_2: markerPos = 3.1
13.5441 	EXP 	slider_2: markerPos = 3.074074074074074
13.5520 	EXP 	slider_2: markerPos = 3.0296296296296297
13.5594 	EXP 	slider_2: markerPos = 3.0185185185185186
13.5702 	EXP 	slider_2: markerPos = 3.011111111111111
13.5786 	EXP 	slider_2: markerPos = 3.0074074074074075
13.5870 	EXP 	slider_2: markerPos = 3.0037037037037035
13.5993 	EXP 	slider_2: markerPos = 3.0037037037037035
13.6084 	EXP 	slider_2: markerPos = 3.0
13.6153 	EXP 	slider_2: markerPos = 2.996296296296296
13.6257 	EXP 	slider_2: markerPos = 2.992592592592593
13.6347 	EXP 	slider_2: markerPos = 2.985185185185185
13.6436 	EXP 	slider_2: markerPos = 2.9814814814814814
13.6558 	EXP 	slider_2: markerPos = 2.977777777777778
13.6657 	EXP 	slider_2: markerPos = 2.974074074074074
13.6759 	EXP 	slider_2: markerPos = 2.974074074074074
13.6835 	EXP 	slider_2: markerPos = 2.974074074074074
13.6918 	EXP 	slider_2: markerPos = 2.974074074074074
13.7040 	EXP 	slider_2: markerPos = 2.974074074074074
13.7126 	EXP 	slider_2: markerPos = 2.974074074074074
13.7197 	EXP 	slider_2: markerPos = 2.974074074074074
13.7301 	EXP 	slider_2: markerPos = 2.974074074074074
13.7389 	EXP 	slider_2: markerPos = 2.974074074074074
13.7470 	EXP 	slider_2: markerPos = 2.974074074074074
13.7590 	EXP 	slider_2: markerPos = 2.974074074074074
13.7666 	EXP 	slider_2: markerPos = 2.974074074074074
13.7747 	EXP 	slider_2: markerPos = 2.974074074074074
13.7871 	EXP 	slider_2: markerPos = 2.974074074074074
13.7946 	EXP 	slider_2: markerPos = 2.974074074074074
13.8027 	EXP 	slider_2: markerPos = 2.974074074074074
13.8143 	EXP 	slider_2: markerPos = 2.974074074074074
13.8221 	EXP 	slider_2: markerPos = 2.974074074074074
13.8303 	EXP 	slider_2: markerPos = 2.974074074074074
13.8373 	EXP 	slider_2: markerPos = 2.974074074074074
13.8479 	EXP 	slider_2: markerPos = 2.974074074074074
13.8565 	EXP 	slider_2: markerPos = 2.974074074074074
13.8643 	EXP 	slider_2: markerPos = 2.974074074074074
13.8726 	EXP 	slider_2: markerPos = 2.974074074074074
13.8842 	EXP 	slider_2: markerPos = 2.974074074074074
13.8918 	EXP 	slider_2: markerPos = 2.974074074074074
13.9005 	EXP 	slider_2: markerPos = 2.974074074074074
13.9066 	DATA 	Mouse:  Left button up, pos=(953,524)
13.9080 	EXP 	slider_2: markerPos = 2.974074074074074
13.9179 	EXP 	slider_2: markerPos = 2.974074074074074
15.1687 	DATA 	Keypress: escape
15.5584 	EXP 	window1: mouseVisible = True
15.5585 	DEBUG 	Saving data for FaceAttractiveness ExperimentHandler
15.5598 	INFO 	saved data to C:\Users\annak\Documents\GitHub\faceattractiveness_lesion\data/_FaceAttractiveness_2023-04-05_20h05.04.667.psydat
15.5611 	INFO 	saved data to 'C:\\Users\\annak\\Documents\\GitHub\\faceattractiveness_lesion\\data/_FaceAttractiveness_2023-04-05_20h05.04.667.csv'
