6.9143 	INFO 	Loaded monitor calibration from ['2021_12_01 18:33']
6.9219 	WARNING 	User requested fullscreen with size [1536  864], but screen is actually [1920, 1080]. Using actual size
8.2553 	EXP 	Created window1 = Window(allowGUI=True, allowStencil=False, autoLog=True, backendConf=UNKNOWN, bitsMode=UNKNOWN, blendMode='avg', bpc=(8, 8, 8), color=array([0.09803922, 0.09803922, 0.09803922]), colorSpace='rgb', depthBits=8, fullscr=<method-wrapper '__getattribute__' of attributeSetter object at 0x000001E387DD5D30>, gamma=None, gammaErrorPolicy='raise', lms=UNKNOWN, monitor=<psychopy.monitors.calibTools.Monitor object at 0x000001E38A10A1F0>, multiSample=False, name='window1', numSamples=2, pos=(0, 0), screen=0, size=array([1920, 1080]), stencilBits=0, stereo=False, units='height', useFBO=True, useRetina=False, viewOri=0.0, viewPos=None, viewScale=None, waitBlanking=True, winType='pyglet')
8.2554 	EXP 	window1: mouseVisible = True
8.2555 	EXP 	window1: mouseVisible = False
8.2555 	EXP 	window1: Attempting to measure frame rate of screen (0) ...
8.2555 	EXP 	window1: recordFrameIntervals = False
8.3243 	EXP 	window1: recordFrameIntervals = True
8.3589 	WARNING 	t of last frame was 11.92ms (=1/83)
8.4290 	EXP 	Screen (0) actual frame rate measured at 143.27Hz
8.4290 	EXP 	window1: recordFrameIntervals = False
10.1416 	INFO 	keyboard.Keyboard is using iohub backend.
10.2134 	EXP 	Created ques_instr = TextStim(__class__=<class 'psychopy.visual.text.TextStim'>, alignHoriz=method-wrapper(...), alignText='center', alignVert=method-wrapper(...), anchorHoriz='center', anchorVert='center', antialias=True, autoDraw=False, autoLog=True, bold=False, color=array([1, 1, 1]), colorSpace='rgb', contrast=1.0, depth=0.0, flipHoriz=False, flipVert=False, font='Arial', fontFiles=[], height=0.04, italic=False, languageStyle='LTR', name='ques_instr', opacity=1.0, ori=0.0, pos=array([0., 0.]), rgb=UNKNOWN, text=str(...), units='height', win=Window(...), wrapWidth=1)
10.2139 	EXP 	window1: mouseVisible = True
10.2176 	EXP 	window1: mouseVisible = True
10.2407 	DEBUG 	TextBox2 loaded 1 chars with 0 blanks and 1 valid
10.2414 	DEBUG 	TextBox2 loaded 1 chars with 0 blanks and 1 valid
10.2420 	DEBUG 	TextBox2 loaded 1 chars with 0 blanks and 1 valid
10.2427 	DEBUG 	TextBox2 loaded 1 chars with 0 blanks and 1 valid
10.2432 	DEBUG 	TextBox2 loaded 1 chars with 0 blanks and 1 valid
10.2438 	DEBUG 	TextBox2 loaded 1 chars with 0 blanks and 1 valid
10.2443 	DEBUG 	TextBox2 loaded 1 chars with 0 blanks and 1 valid
10.2449 	DEBUG 	TextBox2 loaded 1 chars with 0 blanks and 1 valid
10.2455 	DEBUG 	TextBox2 loaded 1 chars with 0 blanks and 1 valid
10.2461 	DEBUG 	TextBox2 loaded 1 chars with 0 blanks and 1 valid
10.2467 	DEBUG 	TextBox2 loaded 1 chars with 0 blanks and 1 valid
10.2472 	DEBUG 	TextBox2 loaded 1 chars with 0 blanks and 1 valid
10.2474 	DEBUG 	Uploading Texture Font fontname to graphics card
10.2533 	DEBUG 	Upload of Texture Font fontname complete
10.2684 	DEBUG 	TextBox2 loaded 1 chars with 0 blanks and 1 valid
10.2686 	DEBUG 	Uploading Texture Font fontname to graphics card
10.2743 	DEBUG 	Upload of Texture Font fontname complete
10.2895 	DEBUG 	TextBox2 loaded 1 chars with 0 blanks and 1 valid
10.2902 	DEBUG 	TextBox2 loaded 1 chars with 0 blanks and 1 valid
10.2909 	DEBUG 	TextBox2 loaded 1 chars with 0 blanks and 1 valid
10.2916 	DEBUG 	TextBox2 loaded 1 chars with 0 blanks and 1 valid
10.2922 	DEBUG 	TextBox2 loaded 1 chars with 0 blanks and 1 valid
10.2929 	DEBUG 	TextBox2 loaded 1 chars with 0 blanks and 1 valid
10.2931 	DEBUG 	Uploading Texture Font fontname to graphics card
10.2981 	DEBUG 	Upload of Texture Font fontname complete
10.3132 	DEBUG 	TextBox2 loaded 1 chars with 0 blanks and 1 valid
10.3134 	DEBUG 	Uploading Texture Font fontname to graphics card
10.3183 	DEBUG 	Upload of Texture Font fontname complete
10.3332 	DEBUG 	TextBox2 loaded 1 chars with 0 blanks and 1 valid
10.3340 	DEBUG 	TextBox2 loaded 1 chars with 0 blanks and 1 valid
10.3341 	DEBUG 	Uploading Texture Font fontname to graphics card
10.3391 	DEBUG 	Upload of Texture Font fontname complete
10.3493 	EXP 	Created slider_2 = Slider(__class__=<class 'psychopy.visual.slider.Slider'>, autoDraw=False, autoLog=True, borderColor=None, color=None, colorSpace='rgb', depth=0, fillColor=None, flip=False, font='Arial', granularity=0.0, labelColor=None, labelHeight=0.01, labelWrapWidth=None, labels=tuple(...), lineColor=None, markerColor=None, name='slider_2', opacity=None, ori=0.0, pos=array([0., 0.]), readOnly=False, self=UNKNOWN, size=array([1. , 0.1]), startValue=3, style='scrollbar', styleTweaks=[], ticks=array([1, 2, 3, 4, 5]), units='height', win=Window(...))
10.3834 	EXP 	Created EndText = TextStim(__class__=<class 'psychopy.visual.text.TextStim'>, alignHoriz=method-wrapper(...), alignText='center', alignVert=method-wrapper(...), anchorHoriz='center', anchorVert='center', antialias=True, autoDraw=False, autoLog=True, bold=False, color=array([-1, -1, -1]), colorSpace='rgb', contrast=1.0, depth=0.0, flipHoriz=False, flipVert=False, font='Arial', fontFiles=[], height=0.05, italic=False, languageStyle='LTR', name='EndText', opacity=1.0, ori=0, pos=array([0., 0.]), rgb=UNKNOWN, text=str(...), units='height', win=Window(...), wrapWidth=1)
10.3927 	EXP 	slider_2: autoLog = True
10.3927 	EXP 	slider_2: markerPos = 3
10.3927 	EXP 	slider_2: styleTweaks = []
10.3927 	EXP 	slider_2: styleTweaks = []
10.3927 	EXP 	slider_2: styleTweaks = []
10.3927 	EXP 	slider_2: styleTweaks = []
10.3927 	EXP 	slider_2: contrast = 1.0
10.3927 	EXP 	slider_2: autoLog = True
10.3927 	EXP 	ques_instr: autoDraw = True
10.7430 	DATA 	Mouse: Left button down, pos=(824,523)
10.8477 	DATA 	Mouse:  Left button up, pos=(824,523)
11.7278 	DATA 	Mouse: wheel shift=(0,-1), pos=(1032,656)
11.9082 	DATA 	Mouse: wheel shift=(0,1), pos=(1024,663)
13.0767 	DATA 	Mouse: Left button down, pos=(959,636)
13.1146 	EXP 	ques_instr: autoDraw = False
13.1146 	EXP 	slider_2: markerPos = None
13.1146 	EXP 	slider_2: markerPos = 3
13.1146 	EXP 	slider_2: autoDraw = True
13.1926 	DATA 	Mouse:  Left button up, pos=(959,636)
13.7072 	DATA 	Mouse: Left button down, pos=(965,530)
13.7146 	EXP 	slider_2: markerPos = 3.0185185185185186
13.7226 	EXP 	slider_2: markerPos = 3.0185185185185186
13.7348 	EXP 	slider_2: markerPos = 3.0185185185185186
13.7433 	EXP 	slider_2: markerPos = 3.011111111111111
13.7546 	EXP 	slider_2: markerPos = 3.011111111111111
13.7625 	EXP 	slider_2: markerPos = 2.985185185185185
13.7707 	EXP 	slider_2: markerPos = 2.974074074074074
13.7776 	EXP 	slider_2: markerPos = 2.9518518518518517
13.7881 	EXP 	slider_2: markerPos = 2.925925925925926
13.7988 	EXP 	slider_2: markerPos = 2.888888888888889
13.8053 	EXP 	slider_2: markerPos = 2.851851851851852
13.8364 	EXP 	slider_2: markerPos = 2.825925925925926
13.8455 	EXP 	slider_2: markerPos = 2.785185185185185
13.8532 	EXP 	slider_2: markerPos = 2.7666666666666666
13.8616 	EXP 	slider_2: markerPos = 2.762962962962963
13.8734 	EXP 	slider_2: markerPos = 2.762962962962963
13.8813 	EXP 	slider_2: markerPos = 2.762962962962963
13.8888 	EXP 	slider_2: markerPos = 2.762962962962963
13.8993 	EXP 	slider_2: markerPos = 2.7592592592592595
13.9078 	EXP 	slider_2: markerPos = 2.7555555555555555
13.9164 	EXP 	slider_2: markerPos = 2.7555555555555555
13.9286 	EXP 	slider_2: markerPos = 2.7518518518518515
13.9368 	EXP 	slider_2: markerPos = 2.7481481481481485
13.9496 	EXP 	slider_2: markerPos = 2.7444444444444445
13.9574 	EXP 	slider_2: markerPos = 2.7333333333333334
13.9660 	EXP 	slider_2: markerPos = 2.7333333333333334
13.9773 	EXP 	slider_2: markerPos = 2.725925925925926
13.9864 	EXP 	slider_2: markerPos = 2.714814814814815
13.9984 	EXP 	slider_2: markerPos = 2.7111111111111112
14.0081 	EXP 	slider_2: markerPos = 2.696296296296296
14.0196 	EXP 	slider_2: markerPos = 2.6925925925925926
14.0286 	EXP 	slider_2: markerPos = 2.688888888888889
14.0398 	EXP 	slider_2: markerPos = 2.685185185185185
14.0491 	EXP 	slider_2: markerPos = 2.666666666666667
14.0608 	EXP 	slider_2: markerPos = 2.662962962962963
14.0687 	EXP 	slider_2: markerPos = 2.6333333333333333
14.0812 	EXP 	slider_2: markerPos = 2.6185185185185187
14.0891 	EXP 	slider_2: markerPos = 2.5962962962962965
14.0975 	EXP 	slider_2: markerPos = 2.5851851851851855
14.1090 	EXP 	slider_2: markerPos = 2.5814814814814815
14.1170 	EXP 	slider_2: markerPos = 2.5592592592592593
14.1261 	EXP 	slider_2: markerPos = 2.5555555555555554
14.1374 	EXP 	slider_2: markerPos = 2.5407407407407407
14.1467 	EXP 	slider_2: markerPos = 2.537037037037037
14.1588 	EXP 	slider_2: markerPos = 2.533333333333333
14.1678 	EXP 	slider_2: markerPos = 2.5
14.1788 	EXP 	slider_2: markerPos = 2.488888888888889
14.1870 	EXP 	slider_2: markerPos = 2.477777777777778
14.2000 	EXP 	slider_2: markerPos = 2.4555555555555557
14.2086 	EXP 	slider_2: markerPos = 2.4407407407407407
14.2204 	EXP 	slider_2: markerPos = 2.437037037037037
14.2282 	EXP 	slider_2: markerPos = 2.4333333333333336
14.2366 	EXP 	slider_2: markerPos = 2.4333333333333336
14.2480 	EXP 	slider_2: markerPos = 2.4333333333333336
14.2554 	EXP 	slider_2: markerPos = 2.4333333333333336
14.2633 	EXP 	slider_2: markerPos = 2.4333333333333336
14.2756 	EXP 	slider_2: markerPos = 2.4333333333333336
14.2836 	EXP 	slider_2: markerPos = 2.4296296296296296
14.2916 	EXP 	slider_2: markerPos = 2.4296296296296296
14.3043 	EXP 	slider_2: markerPos = 2.4296296296296296
14.3124 	EXP 	slider_2: markerPos = 2.4296296296296296
14.3240 	EXP 	slider_2: markerPos = 2.4296296296296296
14.3319 	EXP 	slider_2: markerPos = 2.4296296296296296
14.3407 	EXP 	slider_2: markerPos = 2.4296296296296296
14.3526 	EXP 	slider_2: markerPos = 2.4296296296296296
14.3601 	EXP 	slider_2: markerPos = 2.4296296296296296
14.3677 	EXP 	slider_2: markerPos = 2.4296296296296296
14.3803 	EXP 	slider_2: markerPos = 2.4296296296296296
14.3883 	EXP 	slider_2: markerPos = 2.4296296296296296
14.4011 	EXP 	slider_2: markerPos = 2.4296296296296296
14.4089 	EXP 	slider_2: markerPos = 2.4296296296296296
14.4178 	EXP 	slider_2: markerPos = 2.4296296296296296
14.4288 	EXP 	slider_2: markerPos = 2.4296296296296296
14.4366 	EXP 	slider_2: markerPos = 2.4296296296296296
14.4458 	EXP 	slider_2: markerPos = 2.4296296296296296
14.4566 	EXP 	slider_2: markerPos = 2.4333333333333336
14.4646 	EXP 	slider_2: markerPos = 2.4407407407407407
14.4718 	EXP 	slider_2: markerPos = 2.466666666666667
14.4836 	EXP 	slider_2: markerPos = 2.5
14.4913 	EXP 	slider_2: markerPos = 2.5296296296296297
14.5004 	EXP 	slider_2: markerPos = 2.5296296296296297
14.5125 	EXP 	slider_2: markerPos = 2.574074074074074
14.5207 	EXP 	slider_2: markerPos = 2.696296296296296
14.5327 	EXP 	slider_2: markerPos = 2.7185185185185183
14.5404 	EXP 	slider_2: markerPos = 2.7703703703703706
14.5495 	EXP 	slider_2: markerPos = 2.8074074074074074
14.5561 	EXP 	slider_2: markerPos = 2.840740740740741
14.5664 	EXP 	slider_2: markerPos = 2.840740740740741
14.5783 	EXP 	slider_2: markerPos = 2.862962962962963
14.5899 	EXP 	slider_2: markerPos = 2.8777777777777778
14.6013 	EXP 	slider_2: markerPos = 2.9111111111111114
14.6093 	EXP 	slider_2: markerPos = 2.9222222222222225
14.6172 	EXP 	slider_2: markerPos = 2.9518518518518517
14.6254 	EXP 	slider_2: markerPos = 2.9592592592592593
14.6369 	EXP 	slider_2: markerPos = 2.9703703703703703
14.6445 	EXP 	slider_2: markerPos = 2.988888888888889
14.6531 	EXP 	slider_2: markerPos = 2.992592592592593
14.6648 	EXP 	slider_2: markerPos = 2.996296296296296
14.6723 	EXP 	slider_2: markerPos = 3.0037037037037035
14.6800 	EXP 	slider_2: markerPos = 3.0037037037037035
14.6924 	EXP 	slider_2: markerPos = 3.011111111111111
14.7002 	EXP 	slider_2: markerPos = 3.0296296296296297
14.7086 	EXP 	slider_2: markerPos = 3.0555555555555554
14.7201 	EXP 	slider_2: markerPos = 3.085185185185185
14.7283 	EXP 	slider_2: markerPos = 3.1185185185185187
14.7368 	EXP 	slider_2: markerPos = 3.148148148148148
14.7482 	EXP 	slider_2: markerPos = 3.1814814814814816
14.7560 	EXP 	slider_2: markerPos = 3.2
14.7640 	EXP 	slider_2: markerPos = 3.214814814814815
14.7756 	EXP 	slider_2: markerPos = 3.214814814814815
14.7831 	EXP 	slider_2: markerPos = 3.237037037037037
14.7915 	EXP 	slider_2: markerPos = 3.2666666666666666
14.7987 	EXP 	slider_2: markerPos = 3.2666666666666666
14.8088 	EXP 	slider_2: markerPos = 3.3
14.8173 	EXP 	slider_2: markerPos = 3.3185185185185184
14.8249 	EXP 	slider_2: markerPos = 3.3666666666666667
14.8336 	EXP 	slider_2: markerPos = 3.3925925925925924
14.8451 	EXP 	slider_2: markerPos = 3.422222222222222
14.8528 	EXP 	slider_2: markerPos = 3.448148148148148
14.8606 	EXP 	slider_2: markerPos = 3.4703703703703703
14.8731 	EXP 	slider_2: markerPos = 3.4814814814814814
14.8819 	EXP 	slider_2: markerPos = 3.5074074074074075
14.8937 	EXP 	slider_2: markerPos = 3.511111111111111
14.9025 	EXP 	slider_2: markerPos = 3.5185185185185186
14.9149 	EXP 	slider_2: markerPos = 3.525925925925926
14.9226 	EXP 	slider_2: markerPos = 3.5296296296296297
14.9309 	EXP 	slider_2: markerPos = 3.533333333333333
14.9412 	EXP 	slider_2: markerPos = 3.537037037037037
14.9497 	EXP 	slider_2: markerPos = 3.537037037037037
14.9584 	EXP 	slider_2: markerPos = 3.537037037037037
14.9705 	EXP 	slider_2: markerPos = 3.537037037037037
14.9788 	EXP 	slider_2: markerPos = 3.537037037037037
14.9863 	EXP 	slider_2: markerPos = 3.537037037037037
14.9968 	EXP 	slider_2: markerPos = 3.537037037037037
15.0058 	EXP 	slider_2: markerPos = 3.533333333333333
15.0137 	EXP 	slider_2: markerPos = 3.533333333333333
15.0256 	EXP 	slider_2: markerPos = 3.533333333333333
15.0330 	EXP 	slider_2: markerPos = 3.533333333333333
15.0412 	EXP 	slider_2: markerPos = 3.533333333333333
15.0532 	EXP 	slider_2: markerPos = 3.533333333333333
15.0608 	EXP 	slider_2: markerPos = 3.5296296296296297
15.0686 	EXP 	slider_2: markerPos = 3.5296296296296297
15.0815 	EXP 	slider_2: markerPos = 3.5296296296296297
15.0898 	EXP 	slider_2: markerPos = 3.522222222222222
15.1025 	EXP 	slider_2: markerPos = 3.5185185185185186
15.1103 	EXP 	slider_2: markerPos = 3.5074074074074075
15.1193 	EXP 	slider_2: markerPos = 3.474074074074074
15.1289 	EXP 	slider_2: markerPos = 3.462962962962963
15.1375 	EXP 	slider_2: markerPos = 3.4444444444444446
15.1459 	EXP 	slider_2: markerPos = 3.4333333333333336
15.1527 	EXP 	slider_2: markerPos = 3.4185185185185185
15.1631 	EXP 	slider_2: markerPos = 3.411111111111111
15.1713 	EXP 	slider_2: markerPos = 3.403703703703704
15.1794 	EXP 	slider_2: markerPos = 3.403703703703704
15.1881 	EXP 	slider_2: markerPos = 3.4
15.1995 	EXP 	slider_2: markerPos = 3.4
15.2070 	EXP 	slider_2: markerPos = 3.4
15.2152 	EXP 	slider_2: markerPos = 3.4
15.2273 	EXP 	slider_2: markerPos = 3.4
15.2347 	EXP 	slider_2: markerPos = 3.4
15.2423 	EXP 	slider_2: markerPos = 3.4
15.2511 	EXP 	slider_2: markerPos = 3.4
15.2620 	EXP 	slider_2: markerPos = 3.4
15.2701 	EXP 	slider_2: markerPos = 3.4
15.2830 	EXP 	slider_2: markerPos = 3.4
15.2913 	EXP 	slider_2: markerPos = 3.4
15.2989 	EXP 	slider_2: markerPos = 3.4
15.3093 	EXP 	slider_2: markerPos = 3.4
15.3179 	DATA 	Mouse:  Left button up, pos=(1068,524)
15.3199 	EXP 	slider_2: markerPos = 3.4
15.3312 	EXP 	slider_2: markerPos = 3.4
16.2785 	DATA 	Keypress: escape
16.5743 	EXP 	window1: mouseVisible = True
16.5744 	DEBUG 	Saving data for FaceAttractiveness ExperimentHandler
16.5756 	INFO 	saved data to C:\Users\annak\Documents\GitHub\faceattractiveness_lesion\data/_FaceAttractiveness_2023-04-05_19h41.35.207.psydat
16.5767 	INFO 	saved data to 'C:\\Users\\annak\\Documents\\GitHub\\faceattractiveness_lesion\\data/_FaceAttractiveness_2023-04-05_19h41.35.207.csv'
