5.6651 	INFO 	Loaded monitor calibration from ['2021_12_01 18:33']
5.6718 	WARNING 	User requested fullscreen with size [1536  864], but screen is actually [1920, 1080]. Using actual size
6.9864 	EXP 	Created window1 = Window(allowGUI=True, allowStencil=False, autoLog=True, backendConf=UNKNOWN, bitsMode=UNKNOWN, blendMode='avg', bpc=(8, 8, 8), color=array([0.09803922, 0.09803922, 0.09803922]), colorSpace='rgb', depthBits=8, fullscr=<method-wrapper '__getattribute__' of attributeSetter object at 0x0000027717176E50>, gamma=None, gammaErrorPolicy='raise', lms=UNKNOWN, monitor=<psychopy.monitors.calibTools.Monitor object at 0x000002771AB4C2B0>, multiSample=False, name='window1', numSamples=2, pos=(0, 0), screen=0, size=array([1920, 1080]), stencilBits=0, stereo=False, units='height', useFBO=True, useRetina=False, viewOri=0.0, viewPos=None, viewScale=None, waitBlanking=True, winType='pyglet')
6.9865 	EXP 	window1: mouseVisible = True
6.9866 	EXP 	window1: mouseVisible = False
6.9866 	EXP 	window1: Attempting to measure frame rate of screen (0) ...
6.9866 	EXP 	window1: recordFrameIntervals = False
7.0562 	EXP 	window1: recordFrameIntervals = True
7.1325 	EXP 	Screen (0) actual frame rate measured at 144.09Hz
7.1325 	EXP 	window1: recordFrameIntervals = False
8.8448 	INFO 	keyboard.Keyboard is using iohub backend.
8.8576 	EXP 	Created instrBlock = TextStim(__class__=<class 'psychopy.visual.text.TextStim'>, alignHoriz=method-wrapper(...), alignText='center', alignVert=method-wrapper(...), anchorHoriz='center', anchorVert='center', antialias=True, autoDraw=False, autoLog=True, bold=False, color=array([1, 1, 1]), colorSpace='rgb', contrast=1.0, depth=-1.0, flipHoriz=False, flipVert=False, font='Arial', fontFiles=[], height=0.05, italic=False, languageStyle='LTR', name='instrBlock', opacity=1.0, ori=0.0, pos=array([0., 0.]), rgb=UNKNOWN, text='', units='height', win=Window(...), wrapWidth=1)
8.8580 	EXP 	window1: mouseVisible = True
8.8723 	EXP 	Created face_image = ImageStim(__class__=<class 'psychopy.visual.image.ImageStim'>, anchor=('center', 'center'), autoLog=True, color=array([1, 1, 1]), colorSpace='rgb', contrast=1.0, depth=-1.0, flipHoriz=True, flipVert=False, image='sin', interpolate=False, mask=None, maskParams=None, name='face_image', opacity=1.0, ori=0.0, pos=array([  0., 280.]), size=array([960., 540.]), texRes=512, units='pix', win=Window(...))
8.8758 	EXP 	window1: mouseVisible = True
8.9850 	WARNING 	Font b'HelveticaBold' was requested. No similar font found.
8.9972 	DEBUG 	TextBox2 loaded 1 chars with 0 blanks and 1 valid
8.9990 	DEBUG 	TextBox2 loaded 1 chars with 0 blanks and 1 valid
8.9999 	DEBUG 	TextBox2 loaded 1 chars with 0 blanks and 1 valid
9.0008 	DEBUG 	TextBox2 loaded 1 chars with 0 blanks and 1 valid
9.0023 	DEBUG 	TextBox2 loaded 1 chars with 0 blanks and 1 valid
9.0036 	DEBUG 	TextBox2 loaded 1 chars with 0 blanks and 1 valid
9.0050 	DEBUG 	TextBox2 loaded 1 chars with 0 blanks and 1 valid
9.0062 	DEBUG 	TextBox2 loaded 1 chars with 0 blanks and 1 valid
9.0064 	DEBUG 	Uploading Texture Font fontname to graphics card
9.0127 	DEBUG 	Upload of Texture Font fontname complete
9.1243 	WARNING 	Font b'HelveticaBold' was requested. No similar font found.
9.1358 	DEBUG 	TextBox2 loaded 1 chars with 0 blanks and 1 valid
9.1374 	DEBUG 	TextBox2 loaded 1 chars with 0 blanks and 1 valid
9.1384 	DEBUG 	TextBox2 loaded 1 chars with 0 blanks and 1 valid
9.1399 	DEBUG 	TextBox2 loaded 1 chars with 0 blanks and 1 valid
9.1412 	DEBUG 	TextBox2 loaded 1 chars with 0 blanks and 1 valid
9.1426 	DEBUG 	TextBox2 loaded 1 chars with 0 blanks and 1 valid
9.1439 	DEBUG 	TextBox2 loaded 1 chars with 0 blanks and 1 valid
9.1441 	DEBUG 	Uploading Texture Font fontname to graphics card
9.1487 	DEBUG 	Upload of Texture Font fontname complete
9.1578 	EXP 	Created slider_treatment_surgery = Slider(__class__=<class 'psychopy.visual.slider.Slider'>, autoDraw=False, autoLog=True, borderColor=None, color=None, colorSpace='rgb', depth=-2, fillColor=None, flip=False, font='HelveticaBold', granularity=0, labelColor=None, labelHeight=0.03, labelWrapWidth=None, labels=('0% Never', '100% Always'), lineColor=None, markerColor=None, name='slider_treatment_surgery', opacity=None, ori=0, pos=array([0., 0.]), readOnly=False, self=UNKNOWN, size=array([1.  , 0.02]), startValue=None, style=['rating'], styleTweaks=['labels45', 'triangleMarker'], ticks=array([  0,  25,  50,  75, 100]), units='height', win=Window(...))
9.1675 	EXP 	Created NextBu = ImageStim(__class__=<class 'psychopy.visual.image.ImageStim'>, anchor=('center', 'center'), autoLog=True, color=array([1, 1, 1]), colorSpace='rgb', contrast=1.0, depth=-3.0, flipHoriz=False, flipVert=False, image='Picture1-eng.png', interpolate=False, mask=None, maskParams=None, name='NextBu', opacity=1.0, ori=0.0, pos=array([0., 0.]), size=array([0.2, 0.1]), texRes=512, units='height', win=Window(...))
9.1676 	EXP 	window1: mouseVisible = True
9.1689 	EXP 	window1: mouseVisible = True
9.2811 	WARNING 	Font b'HelveticaBold' was requested. No similar font found.
9.4041 	WARNING 	Font b'HelveticaBold' was requested. No similar font found.
9.4235 	EXP 	Created slider_treatment_radiation = Slider(__class__=<class 'psychopy.visual.slider.Slider'>, autoDraw=False, autoLog=True, borderColor=None, color=None, colorSpace='rgb', depth=-5, fillColor=None, flip=False, font='HelveticaBold', granularity=0, labelColor=None, labelHeight=0.03, labelWrapWidth=None, labels=('0% Never', '100% Always'), lineColor=None, markerColor=None, name='slider_treatment_radiation', opacity=None, ori=0, pos=array([ 0. , -0.3]), readOnly=False, self=UNKNOWN, size=array([1.   , 0.025]), startValue=None, style=['rating'], styleTweaks=['triangleMarker'], ticks=array([  0,  25,  50,  75, 100]), units='height', win=Window(...))
9.4614 	EXP 	Created text_treatment_surgery = TextStim(__class__=<class 'psychopy.visual.text.TextStim'>, alignHoriz=method-wrapper(...), alignText='center', alignVert=method-wrapper(...), anchorHoriz='center', anchorVert='center', antialias=True, autoDraw=False, autoLog=True, bold=False, color=array([-1, -1, -1]), colorSpace='rgb', contrast=1.0, depth=-6.0, flipHoriz=False, flipVert=False, font='Open Sans', fontFiles=[], height=0.03, italic=False, languageStyle='LTR', name='text_treatment_surgery', opacity=1.0, ori=0.0, pos=array([0.  , 0.05]), rgb=UNKNOWN, text='How likely are you to recommend surgery? ', units='height', win=Window(...), wrapWidth=1)
9.4637 	EXP 	Created text_treatment_radiation = TextStim(__class__=<class 'psychopy.visual.text.TextStim'>, alignHoriz=method-wrapper(...), alignText='center', alignVert=method-wrapper(...), anchorHoriz='center', anchorVert='center', antialias=True, autoDraw=False, autoLog=True, bold=False, color=array([-1, -1, -1]), colorSpace='rgb', contrast=1.0, depth=-7.0, flipHoriz=False, flipVert=False, font='Open Sans', fontFiles=[], height=0.03, italic=False, languageStyle='LTR', name='text_treatment_radiation', opacity=1.0, ori=0.0, pos=array([ 0. , -0.2]), rgb=UNKNOWN, text='How likely are you to recommend radiation? ', units='height', win=Window(...), wrapWidth=1)
9.4970 	EXP 	Created EndText = TextStim(__class__=<class 'psychopy.visual.text.TextStim'>, alignHoriz=method-wrapper(...), alignText='center', alignVert=method-wrapper(...), anchorHoriz='center', anchorVert='center', antialias=True, autoDraw=False, autoLog=True, bold=False, color=array([-1, -1, -1]), colorSpace='rgb', contrast=1.0, depth=0.0, flipHoriz=False, flipVert=False, font='Arial', fontFiles=[], height=0.05, italic=False, languageStyle='LTR', name='EndText', opacity=1.0, ori=0, pos=array([0., 0.]), rgb=UNKNOWN, text=str(...), units='height', win=Window(...), wrapWidth=1)
9.5014 	DEBUG 	Read excel file with openpyxl: Rating_BlockOrder.xlsx
9.5015 	EXP 	Imported Rating_BlockOrder.xlsx as conditions, 1 conditions, 3 params
9.5019 	EXP 	Created sequence: fullRandom, trialTypes=1, nReps=1, seed=None
9.5021 	EXP 	New trial (rep=0, index=0): {'Task': 'treatment', 'LeftLabel': '0% Never', 'RightLabel': '100% Always'}
9.5159 	EXP 	slider_treatment_surgery: autoLog = True
9.5159 	EXP 	slider_treatment_surgery: markerPos = None
9.5159 	EXP 	slider_treatment_surgery: styleTweaks = []
9.5159 	EXP 	slider_treatment_surgery: styleTweaks = []
9.5159 	EXP 	slider_treatment_surgery: styleTweaks = ['labels45', 'triangleMarker']
9.5159 	EXP 	slider_treatment_surgery: styleTweaks = ['labels45', 'triangleMarker']
9.5159 	EXP 	slider_treatment_surgery: contrast = 1.0
9.5159 	EXP 	slider_treatment_surgery: autoLog = True
9.5159 	EXP 	slider_treatment_radiation: autoLog = True
9.5159 	EXP 	slider_treatment_radiation: markerPos = None
9.5159 	EXP 	slider_treatment_radiation: styleTweaks = []
9.5159 	EXP 	slider_treatment_radiation: styleTweaks = []
9.5159 	EXP 	slider_treatment_radiation: styleTweaks = ['triangleMarker']
9.5159 	EXP 	slider_treatment_radiation: styleTweaks = ['triangleMarker']
9.5159 	EXP 	slider_treatment_radiation: contrast = 1.0
9.5159 	EXP 	slider_treatment_radiation: autoLog = True
9.5159 	EXP 	instrBlock: height = 0.05
9.5159 	EXP 	instrBlock: height = 0.05
9.5159 	EXP 	instrBlock: height = 0.05
9.5159 	EXP 	instrBlock: text = 'Each patient below has been diagnosed with a low-risk, non-sclerosing, early-stage basal cell skin cancer. The patients are otherwise in good health. For each face, please indicate how likely you would be to recommend surgery versus radiation in the management of each lesion. \nPlease click anywhere to start'
9.5159 	EXP 	instrBlock: autoDraw = True
20.1465 	DATA 	Mouse: Left button down, pos=(1018,663)
20.1530 	DEBUG 	Read excel file with openpyxl: faceImages.xlsx
20.1540 	EXP 	Imported faceImages.xlsx as conditions, 95 conditions, 1 params
20.1551 	EXP 	Created sequence: sequential, trialTypes=95, nReps=95, seed=None
20.1554 	EXP 	New trial (rep=0, index=0): {'faceImages': '"FOREHEAD_006_M_F_N_A.png"'}
20.1565 	DEPRECATION 	Couldn't find image "FOREHEAD_006_M_F_N_A.png"; check path? (tried: C:\Users\annak\Documents\GitHub\faceattractiveness_lesion\"FOREHEAD_006_M_F_N_A.png")
20.1766 	EXP 	window1: mouseVisible = True
20.1767 	DEBUG 	Saving data for FaceAttractiveness ExperimentHandler
20.1786 	INFO 	saved data to C:\Users\annak\Documents\GitHub\faceattractiveness_lesion\data/_FaceAttractiveness_2023-04-07_00h23.13.077.psydat
20.1794 	INFO 	saved data to 'C:\\Users\\annak\\Documents\\GitHub\\faceattractiveness_lesion\\data/_FaceAttractiveness_2023-04-07_00h23.13.077.csv'
