3.8454 	INFO 	Loaded monitor calibration from ['2021_12_01 18:33']
3.8524 	WARNING 	User requested fullscreen with size [1536  864], but screen is actually [1920, 1080]. Using actual size
4.9790 	EXP 	Created window1 = Window(allowGUI=True, allowStencil=False, autoLog=True, backendConf=UNKNOWN, bitsMode=UNKNOWN, blendMode='avg', bpc=(8, 8, 8), color=array([0.09803922, 0.09803922, 0.09803922]), colorSpace='rgb', depthBits=8, fullscr=<method-wrapper '__getattribute__' of attributeSetter object at 0x000001FF841C8EE0>, gamma=None, gammaErrorPolicy='raise', lms=UNKNOWN, monitor=<psychopy.monitors.calibTools.Monitor object at 0x000001FF864F33A0>, multiSample=False, name='window1', numSamples=2, pos=(0, 0), screen=0, size=array([1920, 1080]), stencilBits=0, stereo=False, units='height', useFBO=True, useRetina=False, viewOri=0.0, viewPos=None, viewScale=None, waitBlanking=True, winType='pyglet')
4.9791 	EXP 	window1: mouseVisible = True
4.9792 	EXP 	window1: mouseVisible = False
4.9792 	EXP 	window1: Attempting to measure frame rate of screen (0) ...
4.9792 	EXP 	window1: recordFrameIntervals = False
5.0530 	EXP 	window1: recordFrameIntervals = True
5.1296 	EXP 	Screen (0) actual frame rate measured at 144.79Hz
5.1297 	EXP 	window1: recordFrameIntervals = False
6.7360 	INFO 	keyboard.Keyboard is using iohub backend.
6.8058 	EXP 	Created ques_instr = TextStim(__class__=<class 'psychopy.visual.text.TextStim'>, alignHoriz=method-wrapper(...), alignText='center', alignVert=method-wrapper(...), anchorHoriz='center', anchorVert='center', antialias=True, autoDraw=False, autoLog=True, bold=False, color=array([1, 1, 1]), colorSpace='rgb', contrast=1.0, depth=0.0, flipHoriz=False, flipVert=False, font='Arial', fontFiles=[], height=0.04, italic=False, languageStyle='LTR', name='ques_instr', opacity=1.0, ori=0.0, pos=array([0., 0.]), rgb=UNKNOWN, text=str(...), units='height', win=Window(...), wrapWidth=1)
6.8062 	EXP 	window1: mouseVisible = True
6.8097 	EXP 	window1: mouseVisible = True
6.8320 	DEBUG 	TextBox2 loaded 1 chars with 0 blanks and 1 valid
6.8339 	DEBUG 	TextBox2 loaded 1 chars with 0 blanks and 1 valid
6.8357 	DEBUG 	TextBox2 loaded 1 chars with 0 blanks and 1 valid
6.8377 	DEBUG 	TextBox2 loaded 1 chars with 0 blanks and 1 valid
6.8392 	DEBUG 	TextBox2 loaded 1 chars with 0 blanks and 1 valid
6.8405 	DEBUG 	TextBox2 loaded 1 chars with 0 blanks and 1 valid
6.8421 	DEBUG 	TextBox2 loaded 1 chars with 0 blanks and 1 valid
6.8438 	DEBUG 	TextBox2 loaded 1 chars with 0 blanks and 1 valid
6.8455 	DEBUG 	TextBox2 loaded 1 chars with 0 blanks and 1 valid
6.8471 	DEBUG 	TextBox2 loaded 1 chars with 0 blanks and 1 valid
6.8486 	DEBUG 	TextBox2 loaded 1 chars with 0 blanks and 1 valid
6.8500 	DEBUG 	TextBox2 loaded 1 chars with 0 blanks and 1 valid
6.8502 	DEBUG 	Uploading Texture Font fontname to graphics card
6.8549 	DEBUG 	Upload of Texture Font fontname complete
6.8691 	DEBUG 	TextBox2 loaded 1 chars with 0 blanks and 1 valid
6.8694 	DEBUG 	Uploading Texture Font fontname to graphics card
6.8728 	DEBUG 	Upload of Texture Font fontname complete
6.8871 	DEBUG 	TextBox2 loaded 1 chars with 0 blanks and 1 valid
6.8890 	DEBUG 	TextBox2 loaded 1 chars with 0 blanks and 1 valid
6.8908 	DEBUG 	TextBox2 loaded 1 chars with 0 blanks and 1 valid
6.8926 	DEBUG 	TextBox2 loaded 1 chars with 0 blanks and 1 valid
6.8942 	DEBUG 	TextBox2 loaded 1 chars with 0 blanks and 1 valid
6.8960 	DEBUG 	TextBox2 loaded 1 chars with 0 blanks and 1 valid
6.8962 	DEBUG 	Uploading Texture Font fontname to graphics card
6.8998 	DEBUG 	Upload of Texture Font fontname complete
6.9144 	DEBUG 	TextBox2 loaded 1 chars with 0 blanks and 1 valid
6.9146 	DEBUG 	Uploading Texture Font fontname to graphics card
6.9188 	DEBUG 	Upload of Texture Font fontname complete
6.9331 	DEBUG 	TextBox2 loaded 1 chars with 0 blanks and 1 valid
6.9349 	DEBUG 	TextBox2 loaded 1 chars with 0 blanks and 1 valid
6.9351 	DEBUG 	Uploading Texture Font fontname to graphics card
6.9392 	DEBUG 	Upload of Texture Font fontname complete
6.9511 	EXP 	Created slider_rad_therapy = Slider(__class__=<class 'psychopy.visual.slider.Slider'>, autoDraw=False, autoLog=True, borderColor=None, color=None, colorSpace='rgb', depth=0, fillColor=None, flip=False, font='Arial', granularity=0.0, labelColor=None, labelHeight=0.03, labelWrapWidth=None, labels=tuple(...), lineColor=None, markerColor=None, name='slider_rad_therapy', opacity=None, ori=0.0, pos=array([0. , 0.1]), readOnly=False, self=UNKNOWN, size=array([1. , 0.1]), startValue=3, style='rating', styleTweaks=['labels45'], ticks=array([1, 2, 3, 4, 5]), units='height', win=Window(...))
6.9597 	EXP 	Created text_rad_therapy = TextStim(__class__=<class 'psychopy.visual.text.TextStim'>, alignHoriz=method-wrapper(...), alignText='center', alignVert=method-wrapper(...), anchorHoriz='center', anchorVert='center', antialias=True, autoDraw=False, autoLog=True, bold=False, color=array([1, 1, 1]), colorSpace='rgb', contrast=1.0, depth=-1.0, flipHoriz=False, flipVert=False, font='Open Sans', fontFiles=[], height=0.04, italic=False, languageStyle='LTR', name='text_rad_therapy', opacity=1.0, ori=0.0, pos=array([0. , 0.3]), rgb=UNKNOWN, text=str(...), units='height', win=Window(...), wrapWidth=1)
6.9609 	EXP 	window1: mouseVisible = True
7.0305 	EXP 	Created slider_surgery = Slider(__class__=<class 'psychopy.visual.slider.Slider'>, autoDraw=False, autoLog=True, borderColor=None, color=None, colorSpace='rgb', depth=-2, fillColor=None, flip=False, font='Arial', granularity=0.0, labelColor=None, labelHeight=0.03, labelWrapWidth=None, labels=tuple(...), lineColor=None, markerColor=None, name='slider_surgery', opacity=None, ori=0.0, pos=array([ 0. , -0.3]), readOnly=False, self=UNKNOWN, size=array([1. , 0.1]), startValue=3, style='rating', styleTweaks=['labels45'], ticks=array([1, 2, 3, 4, 5]), units='height', win=Window(...))
7.0350 	EXP 	Created text_surgery = TextStim(__class__=<class 'psychopy.visual.text.TextStim'>, alignHoriz=method-wrapper(...), alignText='center', alignVert=method-wrapper(...), anchorHoriz='center', anchorVert='center', antialias=True, autoDraw=False, autoLog=True, bold=False, color=array([1, 1, 1]), colorSpace='rgb', contrast=1.0, depth=-3.0, flipHoriz=False, flipVert=False, font='Open Sans', fontFiles=[], height=0.04, italic=False, languageStyle='LTR', name='text_surgery', opacity=1.0, ori=0.0, pos=array([ 0. , -0.1]), rgb=UNKNOWN, text=str(...), units='height', win=Window(...), wrapWidth=1)
7.0451 	EXP 	Created image = ImageStim(__class__=<class 'psychopy.visual.image.ImageStim'>, anchor=('center', 'center'), autoLog=True, color=array([1, 1, 1]), colorSpace='rgb', contrast=1.0, depth=-4.0, flipHoriz=False, flipVert=False, image='Picture1-eng.png', interpolate=True, mask=None, maskParams=None, name='image', opacity=1.0, ori=0.0, pos=array([ 0.7, -0.4]), size=array([0.2, 0.1]), texRes=128.0, units='height', win=Window(...))
7.0452 	EXP 	window1: mouseVisible = True
7.0463 	EXP 	Created instrBlock = TextStim(__class__=<class 'psychopy.visual.text.TextStim'>, alignHoriz=method-wrapper(...), alignText='center', alignVert=method-wrapper(...), anchorHoriz='center', anchorVert='center', antialias=True, autoDraw=False, autoLog=True, bold=False, color=array([1, 1, 1]), colorSpace='rgb', contrast=1.0, depth=0.0, flipHoriz=False, flipVert=False, font='Arial', fontFiles=[], height=0.05, italic=False, languageStyle='LTR', name='instrBlock', opacity=1.0, ori=0.0, pos=array([0., 0.]), rgb=UNKNOWN, text='', units='height', win=Window(...), wrapWidth=1)
7.0463 	EXP 	window1: mouseVisible = True
7.0497 	EXP 	Created face_image_q = ImageStim(__class__=<class 'psychopy.visual.image.ImageStim'>, anchor=('center', 'center'), autoLog=True, color=array([1, 1, 1]), colorSpace='rgb', contrast=1.0, depth=-1.0, flipHoriz=False, flipVert=False, image='sin', interpolate=True, mask=None, maskParams=None, name='face_image_q', opacity=1.0, ori=0.0, pos=array([0. , 0.3]), size=array([0.88888889, 0.5       ]), texRes=128.0, units='height', win=Window(...))
7.0510 	EXP 	window1: mouseVisible = True
7.0652 	DEBUG 	TextBox2 loaded 1 chars with 0 blanks and 1 valid
7.0661 	DEBUG 	TextBox2 loaded 1 chars with 0 blanks and 1 valid
7.0669 	DEBUG 	TextBox2 loaded 1 chars with 0 blanks and 1 valid
7.0676 	DEBUG 	TextBox2 loaded 1 chars with 0 blanks and 1 valid
7.0682 	DEBUG 	TextBox2 loaded 1 chars with 0 blanks and 1 valid
7.0688 	DEBUG 	TextBox2 loaded 1 chars with 0 blanks and 1 valid
7.0696 	DEBUG 	TextBox2 loaded 1 chars with 0 blanks and 1 valid
7.0704 	DEBUG 	TextBox2 loaded 1 chars with 0 blanks and 1 valid
7.0712 	DEBUG 	TextBox2 loaded 1 chars with 0 blanks and 1 valid
7.0721 	DEBUG 	TextBox2 loaded 1 chars with 0 blanks and 1 valid
7.0729 	DEBUG 	TextBox2 loaded 1 chars with 0 blanks and 1 valid
7.0738 	DEBUG 	TextBox2 loaded 1 chars with 0 blanks and 1 valid
7.0746 	DEBUG 	TextBox2 loaded 1 chars with 0 blanks and 1 valid
7.0748 	DEBUG 	Uploading Texture Font fontname to graphics card
7.0756 	DEBUG 	Upload of Texture Font fontname complete
7.0880 	DEBUG 	TextBox2 loaded 1 chars with 0 blanks and 1 valid
7.0889 	DEBUG 	TextBox2 loaded 1 chars with 0 blanks and 1 valid
7.0896 	DEBUG 	TextBox2 loaded 1 chars with 0 blanks and 1 valid
7.0898 	DEBUG 	Uploading Texture Font fontname to graphics card
7.0903 	DEBUG 	Upload of Texture Font fontname complete
7.1027 	DEBUG 	TextBox2 loaded 1 chars with 0 blanks and 1 valid
7.1036 	DEBUG 	TextBox2 loaded 1 chars with 0 blanks and 1 valid
7.1043 	DEBUG 	TextBox2 loaded 1 chars with 0 blanks and 1 valid
7.1050 	DEBUG 	TextBox2 loaded 1 chars with 0 blanks and 1 valid
7.1053 	DEBUG 	Uploading Texture Font fontname to graphics card
7.1057 	DEBUG 	Upload of Texture Font fontname complete
7.1183 	DEBUG 	TextBox2 loaded 1 chars with 0 blanks and 1 valid
7.1192 	DEBUG 	TextBox2 loaded 1 chars with 0 blanks and 1 valid
7.1201 	DEBUG 	TextBox2 loaded 1 chars with 0 blanks and 1 valid
7.1203 	DEBUG 	Uploading Texture Font fontname to graphics card
7.1207 	DEBUG 	Upload of Texture Font fontname complete
7.1331 	DEBUG 	TextBox2 loaded 1 chars with 0 blanks and 1 valid
7.1334 	DEBUG 	Uploading Texture Font fontname to graphics card
7.1340 	DEBUG 	Upload of Texture Font fontname complete
7.1471 	EXP 	Created slider_trustworthy = Slider(__class__=<class 'psychopy.visual.slider.Slider'>, autoDraw=False, autoLog=True, borderColor=None, color=None, colorSpace='rgb', depth=-2, fillColor=None, flip=False, font='Open Sans', granularity=1.0, labelColor=None, labelHeight=0.02, labelWrapWidth=None, labels=tuple(...), lineColor=None, markerColor=None, name='slider_trustworthy', opacity=None, ori=0.0, pos=array([0., 0.]), readOnly=False, self=UNKNOWN, size=array([1.   , 0.025]), startValue=None, style='radio', styleTweaks=['labels45'], ticks=array([1, 2, 3, 4, 5]), units='height', win=Window(...))
7.1608 	EXP 	Created text_trustworthy = TextStim(__class__=<class 'psychopy.visual.text.TextStim'>, alignHoriz=method-wrapper(...), alignText='center', alignVert=method-wrapper(...), anchorHoriz='center', anchorVert='center', antialias=True, autoDraw=False, autoLog=True, bold=False, color=array([1, 1, 1]), colorSpace='rgb', contrast=1.0, depth=-3.0, flipHoriz=False, flipVert=False, font='Open Sans', fontFiles=[], height=0.03, italic=False, languageStyle='LTR', name='text_trustworthy', opacity=1.0, ori=0.0, pos=array([0.  , 0.05]), rgb=UNKNOWN, text=str(...), units='height', win=Window(...), wrapWidth=1)
7.1621 	EXP 	window1: mouseVisible = True
7.2328 	EXP 	Created slider_aggressive = Slider(__class__=<class 'psychopy.visual.slider.Slider'>, autoDraw=False, autoLog=True, borderColor=None, color=None, colorSpace='rgb', depth=-4, fillColor=None, flip=False, font='Open Sans', granularity=1.0, labelColor=None, labelHeight=0.02, labelWrapWidth=None, labels=tuple(...), lineColor=None, markerColor=None, name='slider_aggressive', opacity=None, ori=0.0, pos=array([ 0.  , -0.25]), readOnly=False, self=UNKNOWN, size=array([1.   , 0.025]), startValue=None, style='radio', styleTweaks=[], ticks=array([1, 2, 3, 4, 5]), units='height', win=Window(...))
7.2364 	EXP 	Created text_aggressive = TextStim(__class__=<class 'psychopy.visual.text.TextStim'>, alignHoriz=method-wrapper(...), alignText='center', alignVert=method-wrapper(...), anchorHoriz='center', anchorVert='center', antialias=True, autoDraw=False, autoLog=True, bold=False, color=array([1, 1, 1]), colorSpace='rgb', contrast=1.0, depth=-5.0, flipHoriz=False, flipVert=False, font='Open Sans', fontFiles=[], height=0.03, italic=False, languageStyle='LTR', name='text_aggressive', opacity=1.0, ori=0.0, pos=array([ 0.  , -0.15]), rgb=UNKNOWN, text=str(...), units='height', win=Window(...), wrapWidth=1)
7.2365 	EXP 	window1: mouseVisible = True
7.2549 	EXP 	window1: mouseVisible = True
7.2562 	DEBUG 	Saving data for FaceAttractiveness ExperimentHandler
7.2573 	INFO 	saved data to C:\Users\annak\Documents\GitHub\faceattractiveness_lesion\data/_FaceAttractiveness_2023-04-07_22h52.03.110.psydat
7.2581 	INFO 	saved data to 'C:\\Users\\annak\\Documents\\GitHub\\faceattractiveness_lesion\\data/_FaceAttractiveness_2023-04-07_22h52.03.110.csv'
