5.2719 	INFO 	Loaded monitor calibration from ['2021_12_01 18:33']
5.2785 	WARNING 	User requested fullscreen with size [1536  864], but screen is actually [1920, 1080]. Using actual size
6.5487 	EXP 	Created window1 = Window(allowGUI=True, allowStencil=False, autoLog=True, backendConf=UNKNOWN, bitsMode=UNKNOWN, blendMode='avg', bpc=(8, 8, 8), color=array([0.09803922, 0.09803922, 0.09803922]), colorSpace='rgb', depthBits=8, fullscr=<method-wrapper '__getattribute__' of attributeSetter object at 0x000001E4736E2D60>, gamma=None, gammaErrorPolicy='raise', lms=UNKNOWN, monitor=<psychopy.monitors.calibTools.Monitor object at 0x000001E473B84280>, multiSample=False, name='window1', numSamples=2, pos=(0, 0), screen=0, size=array([1920, 1080]), stencilBits=0, stereo=False, units='height', useFBO=True, useRetina=False, viewOri=0.0, viewPos=None, viewScale=None, waitBlanking=True, winType='pyglet')
6.5488 	EXP 	window1: mouseVisible = True
6.5489 	EXP 	window1: mouseVisible = False
6.5489 	EXP 	window1: Attempting to measure frame rate of screen (0) ...
6.5489 	EXP 	window1: recordFrameIntervals = False
6.6180 	EXP 	window1: recordFrameIntervals = True
6.6944 	EXP 	Screen (0) actual frame rate measured at 143.74Hz
6.6944 	EXP 	window1: recordFrameIntervals = False
8.4083 	INFO 	keyboard.Keyboard is using iohub backend.
8.4211 	EXP 	Created instrBlock = TextStim(__class__=<class 'psychopy.visual.text.TextStim'>, alignHoriz=method-wrapper(...), alignText='center', alignVert=method-wrapper(...), anchorHoriz='center', anchorVert='center', antialias=True, autoDraw=False, autoLog=True, bold=False, color=array([1, 1, 1]), colorSpace='rgb', contrast=1.0, depth=-1.0, flipHoriz=False, flipVert=False, font='Open Sans', fontFiles=[], height=0.05, italic=False, languageStyle='LTR', name='instrBlock', opacity=1.0, ori=0.0, pos=array([0., 0.]), rgb=UNKNOWN, text='', units='height', win=Window(...), wrapWidth=1)
8.4215 	EXP 	window1: mouseVisible = True
8.4884 	EXP 	Created EndText = TextStim(__class__=<class 'psychopy.visual.text.TextStim'>, alignHoriz=method-wrapper(...), alignText='center', alignVert=method-wrapper(...), anchorHoriz='center', anchorVert='center', antialias=True, autoDraw=False, autoLog=True, bold=False, color=array([-1, -1, -1]), colorSpace='rgb', contrast=1.0, depth=0.0, flipHoriz=False, flipVert=False, font='Arial', fontFiles=[], height=0.05, italic=False, languageStyle='LTR', name='EndText', opacity=1.0, ori=0, pos=array([0., 0.]), rgb=UNKNOWN, text=str(...), units='height', win=Window(...), wrapWidth=1)
8.4924 	DEBUG 	Read excel file with openpyxl: Rating_BlockOrder.xlsx
8.4925 	EXP 	Imported Rating_BlockOrder.xlsx as conditions, 1 conditions, 3 params
8.4928 	EXP 	Created sequence: fullRandom, trialTypes=1, nReps=1, seed=None
8.4930 	EXP 	New trial (rep=0, index=0): {'Task': 'Attractiveness', 'LeftLabel': 'Extremely  Attractive', 'RightLabel': 'Extremely Unattractive'}
8.5153 	EXP 	instrBlock: height = 0.05
8.5153 	EXP 	instrBlock: height = 0.05
8.5153 	EXP 	instrBlock: height = 0.05
8.5153 	EXP 	instrBlock: text = 'Each patient below has been diagnosed with a low-risk, non-sclerosing, early-stage basal cell skin cancer. The patients are otherwise in good health. For each face, please indicate how likely you would be to recommend surgery versus radiation in the management of each lesion. \nPlease click anywhere to start'
8.5153 	EXP 	instrBlock: autoDraw = True
13.7101 	DATA 	Mouse: Left button down, pos=(764,377)
13.7122 	EXP 	Created sequence: sequential, trialTypes=1, nReps=95, seed=None
13.7125 	EXP 	New trial (rep=0, index=0): None
13.7296 	EXP 	window1: mouseVisible = True
13.7303 	DEBUG 	Saving data for FaceAttractiveness ExperimentHandler
13.7314 	INFO 	saved data to C:\Users\annak\Documents\GitHub\faceattractiveness_lesion\data/_FaceAttractiveness_2023-04-05_21h46.01.746.psydat
13.7323 	INFO 	saved data to 'C:\\Users\\annak\\Documents\\GitHub\\faceattractiveness_lesion\\data/_FaceAttractiveness_2023-04-05_21h46.01.746.csv'
