3.7599 	INFO 	Loaded monitor calibration from ['2021_12_01 18:33']
3.7658 	WARNING 	User requested fullscreen with size [1536  864], but screen is actually [1920, 1080]. Using actual size
4.9249 	EXP 	Created window1 = Window(allowGUI=True, allowStencil=False, autoLog=True, backendConf=UNKNOWN, bitsMode=UNKNOWN, blendMode='avg', bpc=(8, 8, 8), color=array([0.09803922, 0.09803922, 0.09803922]), colorSpace='rgb', depthBits=8, fullscr=<method-wrapper '__getattribute__' of attributeSetter object at 0x00000128E38F4D90>, gamma=None, gammaErrorPolicy='raise', lms=UNKNOWN, monitor=<psychopy.monitors.calibTools.Monitor object at 0x00000128E5819250>, multiSample=False, name='window1', numSamples=2, pos=(0, 0), screen=0, size=array([1920, 1080]), stencilBits=0, stereo=False, units='height', useFBO=True, useRetina=False, viewOri=0.0, viewPos=None, viewScale=None, waitBlanking=True, winType='pyglet')
4.9250 	EXP 	window1: mouseVisible = True
4.9251 	EXP 	window1: mouseVisible = False
4.9251 	EXP 	window1: Attempting to measure frame rate of screen (0) ...
4.9251 	EXP 	window1: recordFrameIntervals = False
4.9943 	EXP 	window1: recordFrameIntervals = True
5.0709 	EXP 	Screen (0) actual frame rate measured at 143.32Hz
5.0710 	EXP 	window1: recordFrameIntervals = False
6.7796 	INFO 	keyboard.Keyboard is using iohub backend.
6.7835 	EXP 	window1: mouseVisible = True
6.8065 	DEBUG 	TextBox2 loaded 1 chars with 0 blanks and 1 valid
6.8084 	DEBUG 	TextBox2 loaded 1 chars with 0 blanks and 1 valid
6.8100 	DEBUG 	TextBox2 loaded 1 chars with 0 blanks and 1 valid
6.8118 	DEBUG 	TextBox2 loaded 1 chars with 0 blanks and 1 valid
6.8132 	DEBUG 	TextBox2 loaded 1 chars with 0 blanks and 1 valid
6.8145 	DEBUG 	TextBox2 loaded 1 chars with 0 blanks and 1 valid
6.8163 	DEBUG 	TextBox2 loaded 1 chars with 0 blanks and 1 valid
6.8181 	DEBUG 	TextBox2 loaded 1 chars with 0 blanks and 1 valid
6.8198 	DEBUG 	TextBox2 loaded 1 chars with 0 blanks and 1 valid
6.8214 	DEBUG 	TextBox2 loaded 1 chars with 0 blanks and 1 valid
6.8230 	DEBUG 	TextBox2 loaded 1 chars with 0 blanks and 1 valid
6.8245 	DEBUG 	TextBox2 loaded 1 chars with 0 blanks and 1 valid
6.8247 	DEBUG 	Uploading Texture Font fontname to graphics card
6.8346 	DEBUG 	Upload of Texture Font fontname complete
6.8512 	DEBUG 	TextBox2 loaded 1 chars with 0 blanks and 1 valid
6.8514 	DEBUG 	Uploading Texture Font fontname to graphics card
6.8565 	DEBUG 	Upload of Texture Font fontname complete
6.8728 	DEBUG 	TextBox2 loaded 1 chars with 0 blanks and 1 valid
6.8747 	DEBUG 	TextBox2 loaded 1 chars with 0 blanks and 1 valid
6.8765 	DEBUG 	TextBox2 loaded 1 chars with 0 blanks and 1 valid
6.8783 	DEBUG 	TextBox2 loaded 1 chars with 0 blanks and 1 valid
6.8799 	DEBUG 	TextBox2 loaded 1 chars with 0 blanks and 1 valid
6.8817 	DEBUG 	TextBox2 loaded 1 chars with 0 blanks and 1 valid
6.8819 	DEBUG 	Uploading Texture Font fontname to graphics card
6.8868 	DEBUG 	Upload of Texture Font fontname complete
6.9031 	DEBUG 	TextBox2 loaded 1 chars with 0 blanks and 1 valid
6.9033 	DEBUG 	Uploading Texture Font fontname to graphics card
6.9082 	DEBUG 	Upload of Texture Font fontname complete
6.9246 	DEBUG 	TextBox2 loaded 1 chars with 0 blanks and 1 valid
6.9265 	DEBUG 	TextBox2 loaded 1 chars with 0 blanks and 1 valid
6.9268 	DEBUG 	Uploading Texture Font fontname to graphics card
6.9316 	DEBUG 	Upload of Texture Font fontname complete
6.9439 	EXP 	Created slider_rad_therapy = Slider(__class__=<class 'psychopy.visual.slider.Slider'>, autoDraw=False, autoLog=True, borderColor=None, color=None, colorSpace='rgb', depth=0, fillColor=None, flip=False, font='Arial', granularity=0.0, labelColor=None, labelHeight=0.03, labelWrapWidth=None, labels=tuple(...), lineColor=None, markerColor=None, name='slider_rad_therapy', opacity=None, ori=0.0, pos=array([0. , 0.1]), readOnly=False, self=UNKNOWN, size=array([1. , 0.1]), startValue=3, style='rating', styleTweaks=['labels45'], ticks=array([1, 2, 3, 4, 5]), units='height', win=Window(...))
6.9944 	EXP 	Created text_rad_therapy = TextStim(__class__=<class 'psychopy.visual.text.TextStim'>, alignHoriz=method-wrapper(...), alignText='center', alignVert=method-wrapper(...), anchorHoriz='center', anchorVert='center', antialias=True, autoDraw=False, autoLog=True, bold=False, color=array([1, 1, 1]), colorSpace='rgb', contrast=1.0, depth=-1.0, flipHoriz=False, flipVert=False, font='Open Sans', fontFiles=[], height=0.04, italic=False, languageStyle='LTR', name='text_rad_therapy', opacity=1.0, ori=0.0, pos=array([0. , 0.3]), rgb=UNKNOWN, text=str(...), units='height', win=Window(...), wrapWidth=1)
6.9957 	EXP 	window1: mouseVisible = True
7.0761 	EXP 	Created slider_surgery = Slider(__class__=<class 'psychopy.visual.slider.Slider'>, autoDraw=False, autoLog=True, borderColor=None, color=None, colorSpace='rgb', depth=-2, fillColor=None, flip=False, font='Arial', granularity=0.0, labelColor=None, labelHeight=0.03, labelWrapWidth=None, labels=tuple(...), lineColor=None, markerColor=None, name='slider_surgery', opacity=None, ori=0.0, pos=array([ 0. , -0.3]), readOnly=False, self=UNKNOWN, size=array([1. , 0.1]), startValue=3, style='rating', styleTweaks=['labels45'], ticks=array([1, 2, 3, 4, 5]), units='height', win=Window(...))
7.0815 	EXP 	Created text_surgery = TextStim(__class__=<class 'psychopy.visual.text.TextStim'>, alignHoriz=method-wrapper(...), alignText='center', alignVert=method-wrapper(...), anchorHoriz='center', anchorVert='center', antialias=True, autoDraw=False, autoLog=True, bold=False, color=array([1, 1, 1]), colorSpace='rgb', contrast=1.0, depth=-3.0, flipHoriz=False, flipVert=False, font='Open Sans', fontFiles=[], height=0.04, italic=False, languageStyle='LTR', name='text_surgery', opacity=1.0, ori=0.0, pos=array([ 0. , -0.1]), rgb=UNKNOWN, text=str(...), units='height', win=Window(...), wrapWidth=1)
7.0924 	EXP 	Created image = ImageStim(__class__=<class 'psychopy.visual.image.ImageStim'>, anchor=('center', 'center'), autoLog=True, color=array([1, 1, 1]), colorSpace='rgb', contrast=1.0, depth=-4.0, flipHoriz=False, flipVert=False, image='Picture1-eng.png', interpolate=True, mask=None, maskParams=None, name='image', opacity=1.0, ori=0.0, pos=array([ 0.9, -0.4]), size=array([0.2, 0.1]), texRes=128.0, units='height', win=Window(...))
7.1231 	EXP 	Created EndText = TextStim(__class__=<class 'psychopy.visual.text.TextStim'>, alignHoriz=method-wrapper(...), alignText='center', alignVert=method-wrapper(...), anchorHoriz='center', anchorVert='center', antialias=True, autoDraw=False, autoLog=True, bold=False, color=array([-1, -1, -1]), colorSpace='rgb', contrast=1.0, depth=0.0, flipHoriz=False, flipVert=False, font='Arial', fontFiles=[], height=0.05, italic=False, languageStyle='LTR', name='EndText', opacity=1.0, ori=0, pos=array([0., 0.]), rgb=UNKNOWN, text=str(...), units='height', win=Window(...), wrapWidth=1)
7.1708 	EXP 	slider_rad_therapy: autoLog = True
7.1708 	EXP 	slider_rad_therapy: markerPos = 3
7.1708 	EXP 	slider_rad_therapy: styleTweaks = []
7.1708 	EXP 	slider_rad_therapy: styleTweaks = []
7.1708 	EXP 	slider_rad_therapy: styleTweaks = ['labels45']
7.1708 	EXP 	slider_rad_therapy: styleTweaks = ['labels45']
7.1708 	EXP 	slider_rad_therapy: contrast = 1.0
7.1708 	EXP 	slider_rad_therapy: autoLog = True
7.1708 	EXP 	slider_surgery: autoLog = True
7.1708 	EXP 	slider_surgery: markerPos = 3
7.1708 	EXP 	slider_surgery: styleTweaks = []
7.1708 	EXP 	slider_surgery: styleTweaks = []
7.1708 	EXP 	slider_surgery: styleTweaks = ['labels45']
7.1708 	EXP 	slider_surgery: styleTweaks = ['labels45']
7.1708 	EXP 	slider_surgery: contrast = 1.0
7.1708 	EXP 	slider_surgery: autoLog = True
7.1708 	EXP 	slider_rad_therapy: markerPos = None
7.1708 	EXP 	slider_rad_therapy: markerPos = 3
7.1708 	EXP 	slider_surgery: markerPos = None
7.1708 	EXP 	slider_surgery: markerPos = 3
7.1708 	EXP 	slider_rad_therapy: autoDraw = True
7.1708 	EXP 	text_rad_therapy: autoDraw = True
7.1708 	EXP 	slider_surgery: autoDraw = True
7.1708 	EXP 	text_surgery: autoDraw = True
7.1708 	EXP 	image: autoDraw = True
7.8441 	DATA 	Mouse: wheel shift=(0,1), pos=(1296,209)
8.6255 	DATA 	Keypress: escape
9.1798 	EXP 	window1: mouseVisible = True
9.1799 	DEBUG 	Saving data for FaceAttractiveness ExperimentHandler
9.1807 	INFO 	saved data to C:\Users\annak\Documents\GitHub\faceattractiveness_lesion\data/_FaceAttractiveness_2023-04-05_20h49.48.084.psydat
9.1812 	INFO 	saved data to 'C:\\Users\\annak\\Documents\\GitHub\\faceattractiveness_lesion\\data/_FaceAttractiveness_2023-04-05_20h49.48.084.csv'
