4.6272 	INFO 	Loaded monitor calibration from ['2021_12_01 18:33']
4.6333 	WARNING 	User requested fullscreen with size [1536  864], but screen is actually [1920, 1080]. Using actual size
5.9540 	EXP 	Created window1 = Window(allowGUI=True, allowStencil=False, autoLog=True, backendConf=UNKNOWN, bitsMode=UNKNOWN, blendMode='avg', bpc=(8, 8, 8), color=array([0.09803922, 0.09803922, 0.09803922]), colorSpace='rgb', depthBits=8, fullscr=<method-wrapper '__getattribute__' of attributeSetter object at 0x000001FABAC7CF70>, gamma=None, gammaErrorPolicy='raise', lms=UNKNOWN, monitor=<psychopy.monitors.calibTools.Monitor object at 0x000001FABCEDE370>, multiSample=False, name='window1', numSamples=2, pos=(0, 0), screen=0, size=array([1920, 1080]), stencilBits=0, stereo=False, units='height', useFBO=True, useRetina=False, viewOri=0.0, viewPos=None, viewScale=None, waitBlanking=True, winType='pyglet')
5.9542 	EXP 	window1: mouseVisible = True
5.9543 	EXP 	window1: mouseVisible = False
5.9543 	EXP 	window1: Attempting to measure frame rate of screen (0) ...
5.9543 	EXP 	window1: recordFrameIntervals = False
6.0236 	EXP 	window1: recordFrameIntervals = True
6.0997 	EXP 	Screen (0) actual frame rate measured at 143.55Hz
6.0998 	EXP 	window1: recordFrameIntervals = False
7.7038 	INFO 	keyboard.Keyboard is using iohub backend.
7.7758 	EXP 	Created ques_instr = TextStim(__class__=<class 'psychopy.visual.text.TextStim'>, alignHoriz=method-wrapper(...), alignText='center', alignVert=method-wrapper(...), anchorHoriz='center', anchorVert='center', antialias=True, autoDraw=False, autoLog=True, bold=False, color=array([1, 1, 1]), colorSpace='rgb', contrast=1.0, depth=0.0, flipHoriz=False, flipVert=False, font='Arial', fontFiles=[], height=0.04, italic=False, languageStyle='LTR', name='ques_instr', opacity=1.0, ori=0.0, pos=array([0., 0.]), rgb=UNKNOWN, text=str(...), units='height', win=Window(...), wrapWidth=1)
7.7762 	EXP 	window1: mouseVisible = True
7.7798 	EXP 	window1: mouseVisible = True
7.8031 	DEBUG 	TextBox2 loaded 1 chars with 0 blanks and 1 valid
7.8049 	DEBUG 	TextBox2 loaded 1 chars with 0 blanks and 1 valid
7.8065 	DEBUG 	TextBox2 loaded 1 chars with 0 blanks and 1 valid
7.8083 	DEBUG 	TextBox2 loaded 1 chars with 0 blanks and 1 valid
7.8096 	DEBUG 	TextBox2 loaded 1 chars with 0 blanks and 1 valid
7.8110 	DEBUG 	TextBox2 loaded 1 chars with 0 blanks and 1 valid
7.8126 	DEBUG 	TextBox2 loaded 1 chars with 0 blanks and 1 valid
7.8144 	DEBUG 	TextBox2 loaded 1 chars with 0 blanks and 1 valid
7.8160 	DEBUG 	TextBox2 loaded 1 chars with 0 blanks and 1 valid
7.8177 	DEBUG 	TextBox2 loaded 1 chars with 0 blanks and 1 valid
7.8193 	DEBUG 	TextBox2 loaded 1 chars with 0 blanks and 1 valid
7.8207 	DEBUG 	TextBox2 loaded 1 chars with 0 blanks and 1 valid
7.8209 	DEBUG 	Uploading Texture Font fontname to graphics card
7.8263 	DEBUG 	Upload of Texture Font fontname complete
7.8426 	DEBUG 	TextBox2 loaded 1 chars with 0 blanks and 1 valid
7.8429 	DEBUG 	Uploading Texture Font fontname to graphics card
7.8464 	DEBUG 	Upload of Texture Font fontname complete
7.8630 	DEBUG 	TextBox2 loaded 1 chars with 0 blanks and 1 valid
7.8649 	DEBUG 	TextBox2 loaded 1 chars with 0 blanks and 1 valid
7.8668 	DEBUG 	TextBox2 loaded 1 chars with 0 blanks and 1 valid
7.8686 	DEBUG 	TextBox2 loaded 1 chars with 0 blanks and 1 valid
7.8703 	DEBUG 	TextBox2 loaded 1 chars with 0 blanks and 1 valid
7.8721 	DEBUG 	TextBox2 loaded 1 chars with 0 blanks and 1 valid
7.8723 	DEBUG 	Uploading Texture Font fontname to graphics card
7.8760 	DEBUG 	Upload of Texture Font fontname complete
7.8925 	DEBUG 	TextBox2 loaded 1 chars with 0 blanks and 1 valid
7.8928 	DEBUG 	Uploading Texture Font fontname to graphics card
7.8964 	DEBUG 	Upload of Texture Font fontname complete
7.9131 	DEBUG 	TextBox2 loaded 1 chars with 0 blanks and 1 valid
7.9150 	DEBUG 	TextBox2 loaded 1 chars with 0 blanks and 1 valid
7.9152 	DEBUG 	Uploading Texture Font fontname to graphics card
7.9192 	DEBUG 	Upload of Texture Font fontname complete
7.9310 	EXP 	Created slider_rad_therapy = Slider(__class__=<class 'psychopy.visual.slider.Slider'>, autoDraw=False, autoLog=True, borderColor=None, color=None, colorSpace='rgb', depth=0, fillColor=None, flip=False, font='Arial', granularity=0.0, labelColor=None, labelHeight=0.03, labelWrapWidth=None, labels=tuple(...), lineColor=None, markerColor=None, name='slider_rad_therapy', opacity=None, ori=0.0, pos=array([0. , 0.1]), readOnly=False, self=UNKNOWN, size=array([1. , 0.1]), startValue=3, style='rating', styleTweaks=['labels45'], ticks=array([1, 2, 3, 4, 5]), units='height', win=Window(...))
7.9407 	EXP 	Created text_rad_therapy = TextStim(__class__=<class 'psychopy.visual.text.TextStim'>, alignHoriz=method-wrapper(...), alignText='center', alignVert=method-wrapper(...), anchorHoriz='center', anchorVert='center', antialias=True, autoDraw=False, autoLog=True, bold=False, color=array([1, 1, 1]), colorSpace='rgb', contrast=1.0, depth=-1.0, flipHoriz=False, flipVert=False, font='Open Sans', fontFiles=[], height=0.04, italic=False, languageStyle='LTR', name='text_rad_therapy', opacity=1.0, ori=0.0, pos=array([0. , 0.3]), rgb=UNKNOWN, text=str(...), units='height', win=Window(...), wrapWidth=1)
7.9421 	EXP 	window1: mouseVisible = True
8.0215 	EXP 	Created slider_surgery = Slider(__class__=<class 'psychopy.visual.slider.Slider'>, autoDraw=False, autoLog=True, borderColor=None, color=None, colorSpace='rgb', depth=-2, fillColor=None, flip=False, font='Arial', granularity=0.0, labelColor=None, labelHeight=0.03, labelWrapWidth=None, labels=tuple(...), lineColor=None, markerColor=None, name='slider_surgery', opacity=None, ori=0.0, pos=array([ 0. , -0.3]), readOnly=False, self=UNKNOWN, size=array([1. , 0.1]), startValue=3, style='rating', styleTweaks=['labels45'], ticks=array([1, 2, 3, 4, 5]), units='height', win=Window(...))
8.0263 	EXP 	Created text_surgery = TextStim(__class__=<class 'psychopy.visual.text.TextStim'>, alignHoriz=method-wrapper(...), alignText='center', alignVert=method-wrapper(...), anchorHoriz='center', anchorVert='center', antialias=True, autoDraw=False, autoLog=True, bold=False, color=array([1, 1, 1]), colorSpace='rgb', contrast=1.0, depth=-3.0, flipHoriz=False, flipVert=False, font='Open Sans', fontFiles=[], height=0.04, italic=False, languageStyle='LTR', name='text_surgery', opacity=1.0, ori=0.0, pos=array([ 0. , -0.1]), rgb=UNKNOWN, text=str(...), units='height', win=Window(...), wrapWidth=1)
8.0372 	EXP 	Created image = ImageStim(__class__=<class 'psychopy.visual.image.ImageStim'>, anchor=('center', 'center'), autoLog=True, color=array([1, 1, 1]), colorSpace='rgb', contrast=1.0, depth=-4.0, flipHoriz=False, flipVert=False, image='Picture1-eng.png', interpolate=True, mask=None, maskParams=None, name='image', opacity=1.0, ori=0.0, pos=array([ 0.7, -0.4]), size=array([0.2, 0.1]), texRes=128.0, units='height', win=Window(...))
8.0373 	EXP 	window1: mouseVisible = True
8.0381 	EXP 	Created instrBlock = TextStim(__class__=<class 'psychopy.visual.text.TextStim'>, alignHoriz=method-wrapper(...), alignText='center', alignVert=method-wrapper(...), anchorHoriz='center', anchorVert='center', antialias=True, autoDraw=False, autoLog=True, bold=False, color=array([1, 1, 1]), colorSpace='rgb', contrast=1.0, depth=-1.0, flipHoriz=False, flipVert=False, font='Arial', fontFiles=[], height=0.05, italic=False, languageStyle='LTR', name='instrBlock', opacity=1.0, ori=0.0, pos=array([0., 0.]), rgb=UNKNOWN, text='', units='height', win=Window(...), wrapWidth=1)
8.0382 	EXP 	window1: mouseVisible = True
8.0412 	EXP 	Created face_image = ImageStim(__class__=<class 'psychopy.visual.image.ImageStim'>, anchor=('center', 'center'), autoLog=True, color=array([1, 1, 1]), colorSpace='rgb', contrast=1.0, depth=-1.0, flipHoriz=True, flipVert=False, image='sin', interpolate=False, mask=None, maskParams=None, name='face_image', opacity=1.0, ori=0.0, pos=array([  0., 280.]), size=array([960., 540.]), texRes=512, units='pix', win=Window(...))
8.0424 	EXP 	window1: mouseVisible = True
8.3142 	WARNING 	Font b'HelveticaBold' was requested. No similar font found.
8.3282 	DEBUG 	TextBox2 loaded 1 chars with 0 blanks and 1 valid
8.3300 	DEBUG 	TextBox2 loaded 1 chars with 0 blanks and 1 valid
8.3309 	DEBUG 	TextBox2 loaded 1 chars with 0 blanks and 1 valid
8.3319 	DEBUG 	TextBox2 loaded 1 chars with 0 blanks and 1 valid
8.3333 	DEBUG 	TextBox2 loaded 1 chars with 0 blanks and 1 valid
8.3345 	DEBUG 	TextBox2 loaded 1 chars with 0 blanks and 1 valid
8.3358 	DEBUG 	TextBox2 loaded 1 chars with 0 blanks and 1 valid
8.3369 	DEBUG 	TextBox2 loaded 1 chars with 0 blanks and 1 valid
8.3371 	DEBUG 	Uploading Texture Font fontname to graphics card
8.3379 	DEBUG 	Upload of Texture Font fontname complete
8.5200 	WARNING 	Font b'HelveticaBold' was requested. No similar font found.
8.5328 	DEBUG 	TextBox2 loaded 1 chars with 0 blanks and 1 valid
8.5344 	DEBUG 	TextBox2 loaded 1 chars with 0 blanks and 1 valid
8.5354 	DEBUG 	TextBox2 loaded 1 chars with 0 blanks and 1 valid
8.5369 	DEBUG 	TextBox2 loaded 1 chars with 0 blanks and 1 valid
8.5382 	DEBUG 	TextBox2 loaded 1 chars with 0 blanks and 1 valid
8.5396 	DEBUG 	TextBox2 loaded 1 chars with 0 blanks and 1 valid
8.5408 	DEBUG 	TextBox2 loaded 1 chars with 0 blanks and 1 valid
8.5410 	DEBUG 	Uploading Texture Font fontname to graphics card
8.5414 	DEBUG 	Upload of Texture Font fontname complete
8.5502 	EXP 	Created slider_treatment_surgery = Slider(__class__=<class 'psychopy.visual.slider.Slider'>, autoDraw=False, autoLog=True, borderColor=None, color=None, colorSpace='rgb', depth=-2, fillColor=None, flip=False, font='HelveticaBold', granularity=0, labelColor=None, labelHeight=0.03, labelWrapWidth=None, labels=('0% Never', '100% Always'), lineColor=None, markerColor=None, name='slider_treatment_surgery', opacity=None, ori=0, pos=array([0., 0.]), readOnly=False, self=UNKNOWN, size=array([1.   , 0.025]), startValue=None, style=['rating'], styleTweaks=['labels45', 'triangleMarker'], ticks=array([  0,  25,  50,  75, 100]), units='height', win=Window(...))
8.5604 	EXP 	Created NextBu = ImageStim(__class__=<class 'psychopy.visual.image.ImageStim'>, anchor=('center', 'center'), autoLog=True, color=array([1, 1, 1]), colorSpace='rgb', contrast=1.0, depth=-3.0, flipHoriz=False, flipVert=False, image='Picture1-eng.png', interpolate=False, mask=None, maskParams=None, name='NextBu', opacity=1.0, ori=0.0, pos=array([0., 0.]), size=array([0.2, 0.1]), texRes=512, units='height', win=Window(...))
8.5604 	EXP 	window1: mouseVisible = True
8.5617 	EXP 	window1: mouseVisible = True
8.7698 	WARNING 	Font b'HelveticaBold' was requested. No similar font found.
9.0107 	WARNING 	Font b'HelveticaBold' was requested. No similar font found.
9.0314 	EXP 	Created slider_treatment_radiation = Slider(__class__=<class 'psychopy.visual.slider.Slider'>, autoDraw=False, autoLog=True, borderColor=None, color=None, colorSpace='rgb', depth=-5, fillColor=None, flip=False, font='HelveticaBold', granularity=0, labelColor=None, labelHeight=0.03, labelWrapWidth=None, labels=('0% Never', '100% Always'), lineColor=None, markerColor=None, name='slider_treatment_radiation', opacity=None, ori=0, pos=array([ 0. , -0.3]), readOnly=False, self=UNKNOWN, size=array([1.   , 0.025]), startValue=None, style=['rating'], styleTweaks=['triangleMarker'], ticks=array([  0,  25,  50,  75, 100]), units='height', win=Window(...))
9.0435 	EXP 	Created text_treatment_surgery = TextStim(__class__=<class 'psychopy.visual.text.TextStim'>, alignHoriz=method-wrapper(...), alignText='center', alignVert=method-wrapper(...), anchorHoriz='center', anchorVert='center', antialias=True, autoDraw=False, autoLog=True, bold=False, color=array([-1, -1, -1]), colorSpace='rgb', contrast=1.0, depth=-6.0, flipHoriz=False, flipVert=False, font='Open Sans', fontFiles=[], height=0.03, italic=False, languageStyle='LTR', name='text_treatment_surgery', opacity=1.0, ori=0.0, pos=array([0.  , 0.05]), rgb=UNKNOWN, text='How likely are you to recommend surgery? ', units='height', win=Window(...), wrapWidth=1)
9.0456 	EXP 	Created text_treatment_radiation = TextStim(__class__=<class 'psychopy.visual.text.TextStim'>, alignHoriz=method-wrapper(...), alignText='center', alignVert=method-wrapper(...), anchorHoriz='center', anchorVert='center', antialias=True, autoDraw=False, autoLog=True, bold=False, color=array([-1, -1, -1]), colorSpace='rgb', contrast=1.0, depth=-7.0, flipHoriz=False, flipVert=False, font='Open Sans', fontFiles=[], height=0.03, italic=False, languageStyle='LTR', name='text_treatment_radiation', opacity=1.0, ori=0.0, pos=array([ 0. , -0.2]), rgb=UNKNOWN, text='How likely are you to recommend radiation? ', units='height', win=Window(...), wrapWidth=1)
9.0468 	EXP 	Created text = TextStim(__class__=<class 'psychopy.visual.text.TextStim'>, alignHoriz=method-wrapper(...), alignText='center', alignVert=method-wrapper(...), anchorHoriz='center', anchorVert='center', antialias=True, autoDraw=False, autoLog=True, bold=False, color=array([1, 1, 1]), colorSpace='rgb', contrast=1.0, depth=-1.0, flipHoriz=False, flipVert=False, font='Arial', fontFiles=[], height=0.1, italic=False, languageStyle='LTR', name='text', opacity=1.0, ori=0, pos=array([0., 0.]), rgb=UNKNOWN, text='', units='height', win=Window(...), wrapWidth=1)
9.0492 	EXP 	Created face_image_q = ImageStim(__class__=<class 'psychopy.visual.image.ImageStim'>, anchor=('center', 'center'), autoLog=True, color=array([1, 1, 1]), colorSpace='rgb', contrast=1.0, depth=0.0, flipHoriz=False, flipVert=False, image='sin', interpolate=True, mask=None, maskParams=None, name='face_image_q', opacity=1.0, ori=0.0, pos=array([0. , 0.3]), size=array([0.88888889, 0.5       ]), texRes=128.0, units='height', win=Window(...))
9.0504 	EXP 	window1: mouseVisible = True
9.0663 	DEBUG 	TextBox2 loaded 1 chars with 0 blanks and 1 valid
9.0671 	DEBUG 	TextBox2 loaded 1 chars with 0 blanks and 1 valid
9.0679 	DEBUG 	TextBox2 loaded 1 chars with 0 blanks and 1 valid
9.0686 	DEBUG 	TextBox2 loaded 1 chars with 0 blanks and 1 valid
9.0691 	DEBUG 	TextBox2 loaded 1 chars with 0 blanks and 1 valid
9.0697 	DEBUG 	TextBox2 loaded 1 chars with 0 blanks and 1 valid
9.0704 	DEBUG 	TextBox2 loaded 1 chars with 0 blanks and 1 valid
9.0711 	DEBUG 	TextBox2 loaded 1 chars with 0 blanks and 1 valid
9.0718 	DEBUG 	TextBox2 loaded 1 chars with 0 blanks and 1 valid
9.0726 	DEBUG 	TextBox2 loaded 1 chars with 0 blanks and 1 valid
9.0733 	DEBUG 	TextBox2 loaded 1 chars with 0 blanks and 1 valid
9.0741 	DEBUG 	TextBox2 loaded 1 chars with 0 blanks and 1 valid
9.0749 	DEBUG 	TextBox2 loaded 1 chars with 0 blanks and 1 valid
9.0751 	DEBUG 	Uploading Texture Font fontname to graphics card
9.0760 	DEBUG 	Upload of Texture Font fontname complete
9.0904 	DEBUG 	TextBox2 loaded 1 chars with 0 blanks and 1 valid
9.0913 	DEBUG 	TextBox2 loaded 1 chars with 0 blanks and 1 valid
9.0920 	DEBUG 	TextBox2 loaded 1 chars with 0 blanks and 1 valid
9.0922 	DEBUG 	Uploading Texture Font fontname to graphics card
9.0927 	DEBUG 	Upload of Texture Font fontname complete
9.1069 	DEBUG 	TextBox2 loaded 1 chars with 0 blanks and 1 valid
9.1077 	DEBUG 	TextBox2 loaded 1 chars with 0 blanks and 1 valid
9.1084 	DEBUG 	TextBox2 loaded 1 chars with 0 blanks and 1 valid
9.1091 	DEBUG 	TextBox2 loaded 1 chars with 0 blanks and 1 valid
9.1094 	DEBUG 	Uploading Texture Font fontname to graphics card
9.1098 	DEBUG 	Upload of Texture Font fontname complete
9.1240 	DEBUG 	TextBox2 loaded 1 chars with 0 blanks and 1 valid
9.1249 	DEBUG 	TextBox2 loaded 1 chars with 0 blanks and 1 valid
9.1258 	DEBUG 	TextBox2 loaded 1 chars with 0 blanks and 1 valid
9.1260 	DEBUG 	Uploading Texture Font fontname to graphics card
9.1267 	DEBUG 	Upload of Texture Font fontname complete
9.1415 	DEBUG 	TextBox2 loaded 1 chars with 0 blanks and 1 valid
9.1418 	DEBUG 	Uploading Texture Font fontname to graphics card
9.1424 	DEBUG 	Upload of Texture Font fontname complete
9.1553 	EXP 	Created slider_trustworthy = Slider(__class__=<class 'psychopy.visual.slider.Slider'>, autoDraw=False, autoLog=True, borderColor=None, color=None, colorSpace='rgb', depth=-1, fillColor=None, flip=False, font='Open Sans', granularity=1.0, labelColor=None, labelHeight=0.02, labelWrapWidth=None, labels=tuple(...), lineColor=None, markerColor=None, name='slider_trustworthy', opacity=None, ori=0.0, pos=array([0., 0.]), readOnly=False, self=UNKNOWN, size=array([1.   , 0.025]), startValue=None, style='radio', styleTweaks=['labels45'], ticks=array([1, 2, 3, 4, 5]), units='height', win=Window(...))
9.1630 	EXP 	Created text_trustworthy = TextStim(__class__=<class 'psychopy.visual.text.TextStim'>, alignHoriz=method-wrapper(...), alignText='center', alignVert=method-wrapper(...), anchorHoriz='center', anchorVert='center', antialias=True, autoDraw=False, autoLog=True, bold=False, color=array([1, 1, 1]), colorSpace='rgb', contrast=1.0, depth=-2.0, flipHoriz=False, flipVert=False, font='Open Sans', fontFiles=[], height=0.03, italic=False, languageStyle='LTR', name='text_trustworthy', opacity=1.0, ori=0.0, pos=array([0.  , 0.05]), rgb=UNKNOWN, text=str(...), units='height', win=Window(...), wrapWidth=1)
9.1642 	EXP 	window1: mouseVisible = True
9.2442 	EXP 	Created slider_aggressive = Slider(__class__=<class 'psychopy.visual.slider.Slider'>, autoDraw=False, autoLog=True, borderColor=None, color=None, colorSpace='rgb', depth=-3, fillColor=None, flip=False, font='Open Sans', granularity=1.0, labelColor=None, labelHeight=0.02, labelWrapWidth=None, labels=tuple(...), lineColor=None, markerColor=None, name='slider_aggressive', opacity=None, ori=0.0, pos=array([ 0.  , -0.25]), readOnly=False, self=UNKNOWN, size=array([1.   , 0.025]), startValue=None, style='radio', styleTweaks=[], ticks=array([1, 2, 3, 4, 5]), units='height', win=Window(...))
9.2478 	EXP 	Created text_aggressive = TextStim(__class__=<class 'psychopy.visual.text.TextStim'>, alignHoriz=method-wrapper(...), alignText='center', alignVert=method-wrapper(...), anchorHoriz='center', anchorVert='center', antialias=True, autoDraw=False, autoLog=True, bold=False, color=array([1, 1, 1]), colorSpace='rgb', contrast=1.0, depth=-4.0, flipHoriz=False, flipVert=False, font='Open Sans', fontFiles=[], height=0.03, italic=False, languageStyle='LTR', name='text_aggressive', opacity=1.0, ori=0.0, pos=array([ 0.  , -0.15]), rgb=UNKNOWN, text=str(...), units='height', win=Window(...), wrapWidth=1)
9.2478 	EXP 	window1: mouseVisible = True
9.2541 	EXP 	Created Confirm = ImageStim(__class__=<class 'psychopy.visual.image.ImageStim'>, anchor=('center', 'center'), autoLog=True, color=array([1, 1, 1]), colorSpace='rgb', contrast=1.0, depth=-6.0, flipHoriz=False, flipVert=False, image='Picture1-eng.png', interpolate=True, mask=None, maskParams=None, name='Confirm', opacity=1.0, ori=0.0, pos=array([ 0. , -0.9]), size=array([0.2, 0.1]), texRes=128.0, units='height', win=Window(...))
9.2555 	EXP 	Created text_2 = TextStim(__class__=<class 'psychopy.visual.text.TextStim'>, alignHoriz=method-wrapper(...), alignText='center', alignVert=method-wrapper(...), anchorHoriz='center', anchorVert='center', antialias=True, autoDraw=False, autoLog=True, bold=False, color=array([1, 1, 1]), colorSpace='rgb', contrast=1.0, depth=-1.0, flipHoriz=False, flipVert=False, font='Open Sans', fontFiles=[], height=0.05, italic=False, languageStyle='LTR', name='text_2', opacity=1.0, ori=0.0, pos=array([0., 0.]), rgb=UNKNOWN, text='', units='height', win=Window(...), wrapWidth=1)
9.2851 	EXP 	Created EndText = TextStim(__class__=<class 'psychopy.visual.text.TextStim'>, alignHoriz=method-wrapper(...), alignText='center', alignVert=method-wrapper(...), anchorHoriz='center', anchorVert='center', antialias=True, autoDraw=False, autoLog=True, bold=False, color=array([-1, -1, -1]), colorSpace='rgb', contrast=1.0, depth=0.0, flipHoriz=False, flipVert=False, font='Arial', fontFiles=[], height=0.03, italic=False, languageStyle='LTR', name='EndText', opacity=1.0, ori=0, pos=array([0., 0.]), rgb=UNKNOWN, text=str(...), units='height', win=Window(...), wrapWidth=1)
9.2852 	EXP 	window1: mouseVisible = True
9.2943 	EXP 	slider_rad_therapy: autoLog = True
9.2943 	EXP 	slider_rad_therapy: markerPos = 3
9.2943 	EXP 	slider_rad_therapy: styleTweaks = []
9.2943 	EXP 	slider_rad_therapy: styleTweaks = []
9.2943 	EXP 	slider_rad_therapy: styleTweaks = ['labels45']
9.2943 	EXP 	slider_rad_therapy: styleTweaks = ['labels45']
9.2943 	EXP 	slider_rad_therapy: contrast = 1.0
9.2943 	EXP 	slider_rad_therapy: autoLog = True
9.2943 	EXP 	slider_surgery: autoLog = True
9.2943 	EXP 	slider_surgery: markerPos = 3
9.2943 	EXP 	slider_surgery: styleTweaks = []
9.2943 	EXP 	slider_surgery: styleTweaks = []
9.2943 	EXP 	slider_surgery: styleTweaks = ['labels45']
9.2943 	EXP 	slider_surgery: styleTweaks = ['labels45']
9.2943 	EXP 	slider_surgery: contrast = 1.0
9.2943 	EXP 	slider_surgery: autoLog = True
9.2943 	EXP 	slider_treatment_surgery: autoLog = True
9.2943 	EXP 	slider_treatment_surgery: markerPos = None
9.2943 	EXP 	slider_treatment_surgery: styleTweaks = []
9.2943 	EXP 	slider_treatment_surgery: styleTweaks = []
9.2943 	EXP 	slider_treatment_surgery: styleTweaks = ['labels45', 'triangleMarker']
9.2943 	EXP 	slider_treatment_surgery: styleTweaks = ['labels45', 'triangleMarker']
9.2943 	EXP 	slider_treatment_surgery: contrast = 1.0
9.2943 	EXP 	slider_treatment_surgery: autoLog = True
9.2943 	EXP 	slider_treatment_radiation: autoLog = True
9.2943 	EXP 	slider_treatment_radiation: markerPos = None
9.2943 	EXP 	slider_treatment_radiation: styleTweaks = []
9.2943 	EXP 	slider_treatment_radiation: styleTweaks = []
9.2943 	EXP 	slider_treatment_radiation: styleTweaks = ['triangleMarker']
9.2943 	EXP 	slider_treatment_radiation: styleTweaks = ['triangleMarker']
9.2943 	EXP 	slider_treatment_radiation: contrast = 1.0
9.2943 	EXP 	slider_treatment_radiation: autoLog = True
9.2943 	EXP 	slider_trustworthy: autoLog = True
9.2943 	EXP 	slider_trustworthy: markerPos = None
9.2943 	EXP 	slider_trustworthy: styleTweaks = []
9.2943 	EXP 	slider_trustworthy: styleTweaks = []
9.2943 	EXP 	slider_trustworthy: styleTweaks = ['labels45']
9.2943 	EXP 	slider_trustworthy: styleTweaks = ['labels45']
9.2943 	EXP 	slider_trustworthy: contrast = 1.0
9.2943 	EXP 	slider_trustworthy: autoLog = True
9.2943 	EXP 	slider_aggressive: autoLog = True
9.2943 	EXP 	slider_aggressive: markerPos = None
9.2943 	EXP 	slider_aggressive: styleTweaks = []
9.2943 	EXP 	slider_aggressive: styleTweaks = []
9.2943 	EXP 	slider_aggressive: styleTweaks = []
9.2943 	EXP 	slider_aggressive: styleTweaks = []
9.2943 	EXP 	slider_aggressive: contrast = 1.0
9.2943 	EXP 	slider_aggressive: autoLog = True
9.2943 	EXP 	ques_instr: autoDraw = True
9.7815 	DATA 	Mouse: Left button down, pos=(808,585)
9.9266 	DATA 	Mouse:  Left button up, pos=(808,585)
11.0251 	DATA 	Mouse: Left button down, pos=(1037,517)
11.0748 	EXP 	ques_instr: autoDraw = False
11.0748 	EXP 	slider_rad_therapy: markerPos = None
11.0748 	EXP 	slider_rad_therapy: markerPos = 3
11.0748 	EXP 	slider_surgery: markerPos = None
11.0748 	EXP 	slider_surgery: markerPos = 3
11.0748 	EXP 	slider_rad_therapy: autoDraw = True
11.0748 	EXP 	text_rad_therapy: autoDraw = True
11.0748 	EXP 	slider_surgery: autoDraw = True
11.0748 	EXP 	text_surgery: autoDraw = True
11.0748 	EXP 	image: autoDraw = True
11.1320 	DATA 	Mouse:  Left button up, pos=(1037,517)
12.4034 	DATA 	Mouse: Left button down, pos=(1703,117)
12.4238 	EXP 	window1: mouseVisible = True
12.4256 	DEBUG 	Saving data for FaceAttractiveness ExperimentHandler
12.4264 	INFO 	saved data to C:\Users\annak\Documents\GitHub\faceattractiveness_lesion\data/_FaceAttractiveness_2023-04-07_20h52.24.214.psydat
12.4270 	INFO 	saved data to 'C:\\Users\\annak\\Documents\\GitHub\\faceattractiveness_lesion\\data/_FaceAttractiveness_2023-04-07_20h52.24.214.csv'
