3.9068 	INFO 	Loaded monitor calibration from ['2021_12_01 18:33']
3.9138 	WARNING 	User requested fullscreen with size [1536  864], but screen is actually [1920, 1080]. Using actual size
5.1322 	EXP 	Created window1 = Window(allowGUI=True, allowStencil=False, autoLog=True, backendConf=UNKNOWN, bitsMode=UNKNOWN, blendMode='avg', bpc=(8, 8, 8), color=array([0.09803922, 0.09803922, 0.09803922]), colorSpace='rgb', depthBits=8, fullscr=<method-wrapper '__getattribute__' of attributeSetter object at 0x0000019135184D90>, gamma=None, gammaErrorPolicy='raise', lms=UNKNOWN, monitor=<psychopy.monitors.calibTools.Monitor object at 0x000001913A7BA250>, multiSample=False, name='window1', numSamples=2, pos=(0, 0), screen=0, size=array([1920, 1080]), stencilBits=0, stereo=False, units='height', useFBO=True, useRetina=False, viewOri=0.0, viewPos=None, viewScale=None, waitBlanking=True, winType='pyglet')
5.1323 	EXP 	window1: mouseVisible = True
5.1324 	EXP 	window1: mouseVisible = False
5.1324 	EXP 	window1: Attempting to measure frame rate of screen (0) ...
5.1324 	EXP 	window1: recordFrameIntervals = False
5.2229 	EXP 	window1: recordFrameIntervals = True
5.2496 	WARNING 	t of last frame was 13.15ms (=1/76)
5.2837 	WARNING 	t of last frame was 12.34ms (=1/81)
5.3529 	EXP 	Screen (0) actual frame rate measured at 145.10Hz
5.3529 	EXP 	window1: recordFrameIntervals = False
7.0668 	INFO 	keyboard.Keyboard is using iohub backend.
7.0705 	EXP 	window1: mouseVisible = True
7.0936 	DEBUG 	TextBox2 loaded 1 chars with 0 blanks and 1 valid
7.0954 	DEBUG 	TextBox2 loaded 1 chars with 0 blanks and 1 valid
7.0970 	DEBUG 	TextBox2 loaded 1 chars with 0 blanks and 1 valid
7.0989 	DEBUG 	TextBox2 loaded 1 chars with 0 blanks and 1 valid
7.1002 	DEBUG 	TextBox2 loaded 1 chars with 0 blanks and 1 valid
7.1016 	DEBUG 	TextBox2 loaded 1 chars with 0 blanks and 1 valid
7.1032 	DEBUG 	TextBox2 loaded 1 chars with 0 blanks and 1 valid
7.1051 	DEBUG 	TextBox2 loaded 1 chars with 0 blanks and 1 valid
7.1067 	DEBUG 	TextBox2 loaded 1 chars with 0 blanks and 1 valid
7.1084 	DEBUG 	TextBox2 loaded 1 chars with 0 blanks and 1 valid
7.1099 	DEBUG 	TextBox2 loaded 1 chars with 0 blanks and 1 valid
7.1114 	DEBUG 	TextBox2 loaded 1 chars with 0 blanks and 1 valid
7.1116 	DEBUG 	Uploading Texture Font fontname to graphics card
7.1234 	DEBUG 	Upload of Texture Font fontname complete
7.1398 	DEBUG 	TextBox2 loaded 1 chars with 0 blanks and 1 valid
7.1400 	DEBUG 	Uploading Texture Font fontname to graphics card
7.1449 	DEBUG 	Upload of Texture Font fontname complete
7.1612 	DEBUG 	TextBox2 loaded 1 chars with 0 blanks and 1 valid
7.1631 	DEBUG 	TextBox2 loaded 1 chars with 0 blanks and 1 valid
7.1650 	DEBUG 	TextBox2 loaded 1 chars with 0 blanks and 1 valid
7.1668 	DEBUG 	TextBox2 loaded 1 chars with 0 blanks and 1 valid
7.1684 	DEBUG 	TextBox2 loaded 1 chars with 0 blanks and 1 valid
7.1702 	DEBUG 	TextBox2 loaded 1 chars with 0 blanks and 1 valid
7.1704 	DEBUG 	Uploading Texture Font fontname to graphics card
7.1765 	DEBUG 	Upload of Texture Font fontname complete
7.1935 	DEBUG 	TextBox2 loaded 1 chars with 0 blanks and 1 valid
7.1937 	DEBUG 	Uploading Texture Font fontname to graphics card
7.1986 	DEBUG 	Upload of Texture Font fontname complete
7.2150 	DEBUG 	TextBox2 loaded 1 chars with 0 blanks and 1 valid
7.2169 	DEBUG 	TextBox2 loaded 1 chars with 0 blanks and 1 valid
7.2171 	DEBUG 	Uploading Texture Font fontname to graphics card
7.2219 	DEBUG 	Upload of Texture Font fontname complete
7.2338 	EXP 	Created slider_rad_therapy = Slider(__class__=<class 'psychopy.visual.slider.Slider'>, autoDraw=False, autoLog=True, borderColor=None, color=None, colorSpace='rgb', depth=0, fillColor=None, flip=False, font='Arial', granularity=0.0, labelColor=None, labelHeight=0.03, labelWrapWidth=None, labels=tuple(...), lineColor=None, markerColor=None, name='slider_rad_therapy', opacity=None, ori=0.0, pos=array([0., 0.]), readOnly=False, self=UNKNOWN, size=array([1. , 0.1]), startValue=3, style='rating', styleTweaks=['labels45'], ticks=array([1, 2, 3, 4, 5]), units='height', win=Window(...))
7.3106 	EXP 	Created text_rad_therapy = TextStim(__class__=<class 'psychopy.visual.text.TextStim'>, alignHoriz=method-wrapper(...), alignText='center', alignVert=method-wrapper(...), anchorHoriz='center', anchorVert='center', antialias=True, autoDraw=False, autoLog=True, bold=False, color=array([1, 1, 1]), colorSpace='rgb', contrast=1.0, depth=-1.0, flipHoriz=False, flipVert=False, font='Open Sans', fontFiles=[], height=0.05, italic=False, languageStyle='LTR', name='text_rad_therapy', opacity=1.0, ori=0.0, pos=array([0. , 0.3]), rgb=UNKNOWN, text=str(...), units='height', win=Window(...), wrapWidth=1)
7.3119 	EXP 	window1: mouseVisible = True
7.3930 	EXP 	Created slider_surgery = Slider(__class__=<class 'psychopy.visual.slider.Slider'>, autoDraw=False, autoLog=True, borderColor=None, color=None, colorSpace='rgb', depth=-2, fillColor=None, flip=False, font='Arial', granularity=0.0, labelColor=None, labelHeight=0.03, labelWrapWidth=None, labels=tuple(...), lineColor=None, markerColor=None, name='slider_surgery', opacity=None, ori=0.0, pos=array([ 0. , -0.3]), readOnly=False, self=UNKNOWN, size=array([1. , 0.1]), startValue=3, style='rating', styleTweaks=['labels45'], ticks=array([1, 2, 3, 4, 5]), units='height', win=Window(...))
7.3982 	EXP 	Created text_surgery = TextStim(__class__=<class 'psychopy.visual.text.TextStim'>, alignHoriz=method-wrapper(...), alignText='center', alignVert=method-wrapper(...), anchorHoriz='center', anchorVert='center', antialias=True, autoDraw=False, autoLog=True, bold=False, color=array([1, 1, 1]), colorSpace='rgb', contrast=1.0, depth=-3.0, flipHoriz=False, flipVert=False, font='Open Sans', fontFiles=[], height=0.05, italic=False, languageStyle='LTR', name='text_surgery', opacity=1.0, ori=0.0, pos=array([0. , 0.3]), rgb=UNKNOWN, text=str(...), units='height', win=Window(...), wrapWidth=1)
7.4292 	EXP 	Created EndText = TextStim(__class__=<class 'psychopy.visual.text.TextStim'>, alignHoriz=method-wrapper(...), alignText='center', alignVert=method-wrapper(...), anchorHoriz='center', anchorVert='center', antialias=True, autoDraw=False, autoLog=True, bold=False, color=array([-1, -1, -1]), colorSpace='rgb', contrast=1.0, depth=0.0, flipHoriz=False, flipVert=False, font='Arial', fontFiles=[], height=0.05, italic=False, languageStyle='LTR', name='EndText', opacity=1.0, ori=0, pos=array([0., 0.]), rgb=UNKNOWN, text=str(...), units='height', win=Window(...), wrapWidth=1)
7.4728 	EXP 	slider_rad_therapy: autoLog = True
7.4728 	EXP 	slider_rad_therapy: markerPos = 3
7.4728 	EXP 	slider_rad_therapy: styleTweaks = []
7.4728 	EXP 	slider_rad_therapy: styleTweaks = []
7.4728 	EXP 	slider_rad_therapy: styleTweaks = ['labels45']
7.4728 	EXP 	slider_rad_therapy: styleTweaks = ['labels45']
7.4728 	EXP 	slider_rad_therapy: contrast = 1.0
7.4728 	EXP 	slider_rad_therapy: autoLog = True
7.4728 	EXP 	slider_surgery: autoLog = True
7.4728 	EXP 	slider_surgery: markerPos = 3
7.4728 	EXP 	slider_surgery: styleTweaks = []
7.4728 	EXP 	slider_surgery: styleTweaks = []
7.4728 	EXP 	slider_surgery: styleTweaks = ['labels45']
7.4728 	EXP 	slider_surgery: styleTweaks = ['labels45']
7.4728 	EXP 	slider_surgery: contrast = 1.0
7.4728 	EXP 	slider_surgery: autoLog = True
7.4728 	EXP 	slider_rad_therapy: markerPos = None
7.4728 	EXP 	slider_rad_therapy: markerPos = 3
7.4728 	EXP 	slider_surgery: markerPos = None
7.4728 	EXP 	slider_surgery: markerPos = 3
7.4728 	EXP 	slider_rad_therapy: autoDraw = True
7.4728 	EXP 	text_rad_therapy: autoDraw = True
7.4728 	EXP 	slider_surgery: autoDraw = True
7.4728 	EXP 	text_surgery: autoDraw = True
21.1060 	DATA 	Keypress: escape
21.4753 	EXP 	window1: mouseVisible = True
21.4754 	DEBUG 	Saving data for FaceAttractiveness ExperimentHandler
21.4761 	INFO 	saved data to C:\Users\annak\Documents\GitHub\faceattractiveness_lesion\data/_FaceAttractiveness_2023-04-05_20h42.21.577.psydat
21.4768 	INFO 	saved data to 'C:\\Users\\annak\\Documents\\GitHub\\faceattractiveness_lesion\\data/_FaceAttractiveness_2023-04-05_20h42.21.577.csv'
