4.4129 	INFO 	Loaded monitor calibration from ['2021_12_01 18:33']
4.4203 	WARNING 	User requested fullscreen with size [1536  864], but screen is actually [1920, 1080]. Using actual size
6.0198 	EXP 	Created window1 = Window(allowGUI=True, allowStencil=False, autoLog=True, backendConf=UNKNOWN, bitsMode=UNKNOWN, blendMode='avg', bpc=(8, 8, 8), color=array([0.09803922, 0.09803922, 0.09803922]), colorSpace='rgb', depthBits=8, fullscr=<method-wrapper '__getattribute__' of attributeSetter object at 0x000002BE87EA4D90>, gamma=None, gammaErrorPolicy='raise', lms=UNKNOWN, monitor=<psychopy.monitors.calibTools.Monitor object at 0x000002BE88281280>, multiSample=False, name='window1', numSamples=2, pos=(0, 0), screen=0, size=array([1920, 1080]), stencilBits=0, stereo=False, units='height', useFBO=True, useRetina=False, viewOri=0.0, viewPos=None, viewScale=None, waitBlanking=True, winType='pyglet')
6.0199 	EXP 	window1: mouseVisible = True
6.0200 	EXP 	window1: mouseVisible = False
6.0200 	EXP 	window1: Attempting to measure frame rate of screen (0) ...
6.0201 	EXP 	window1: recordFrameIntervals = False
6.0950 	EXP 	window1: recordFrameIntervals = True
6.1724 	EXP 	Screen (0) actual frame rate measured at 142.73Hz
6.1724 	EXP 	window1: recordFrameIntervals = False
7.9009 	INFO 	keyboard.Keyboard is using iohub backend.
7.9156 	EXP 	Created face_image = ImageStim(__class__=<class 'psychopy.visual.image.ImageStim'>, anchor=('center', 'center'), autoLog=True, color=array([1, 1, 1]), colorSpace='rgb', contrast=1.0, depth=-1.0, flipHoriz=True, flipVert=False, image='sin', interpolate=False, mask=None, maskParams=None, name='face_image', opacity=1.0, ori=0.0, pos=array([  0., 150.]), size=array([960., 540.]), texRes=512, units='pix', win=Window(...))
7.9201 	EXP 	window1: mouseVisible = True
7.9309 	EXP 	Created slider = Slider(__class__=<class 'psychopy.visual.slider.Slider'>, autoDraw=False, autoLog=True, borderColor=None, color=None, colorSpace='rgb', depth=-2, fillColor=None, flip=False, font='HelveticaBold', granularity=0, labelColor=None, labelHeight=0.05, labelWrapWidth=None, labels=None, lineColor=None, markerColor=None, name='slider', opacity=None, ori=0, pos=array([ 0.  , -0.28]), readOnly=False, self=UNKNOWN, size=array([1.   , 0.025]), startValue=None, style=['rating'], styleTweaks=['triangleMarker'], ticks=array([  0,  25,  50,  75, 100]), units='height', win=Window(...))
7.9421 	EXP 	Created NextBu = ImageStim(__class__=<class 'psychopy.visual.image.ImageStim'>, anchor=('center', 'center'), autoLog=True, color=array([1, 1, 1]), colorSpace='rgb', contrast=1.0, depth=-3.0, flipHoriz=False, flipVert=False, image='Picture1-eng.png', interpolate=False, mask=None, maskParams=None, name='NextBu', opacity=1.0, ori=0.0, pos=array([0., 0.]), size=array([0.2, 0.1]), texRes=512, units='height', win=Window(...))
7.9837 	EXP 	Created text_4 = TextStim(__class__=<class 'psychopy.visual.text.TextStim'>, alignHoriz=method-wrapper(...), alignText='center', alignVert=method-wrapper(...), anchorHoriz='center', anchorVert='center', antialias=True, autoDraw=False, autoLog=True, bold=False, color=array([-1, -1, -1]), colorSpace='rgb', contrast=1.0, depth=-4.0, flipHoriz=False, flipVert=False, font='Arial', fontFiles=[], height=0.03, italic=False, languageStyle='LTR', name='text_4', opacity=1.0, ori=0, pos=array([-0.5 , -0.32]), rgb=UNKNOWN, text='', units='height', win=Window(...), wrapWidth=1)
7.9842 	EXP 	Created text_5 = TextStim(__class__=<class 'psychopy.visual.text.TextStim'>, alignHoriz=method-wrapper(...), alignText='center', alignVert=method-wrapper(...), anchorHoriz='center', anchorVert='center', antialias=True, autoDraw=False, autoLog=True, bold=False, color=array([-1, -1, -1]), colorSpace='rgb', contrast=1.0, depth=-5.0, flipHoriz=False, flipVert=False, font='Arial', fontFiles=[], height=0.03, italic=False, languageStyle='LTR', name='text_5', opacity=1.0, ori=0, pos=array([ 0.5 , -0.32]), rgb=UNKNOWN, text='', units='height', win=Window(...), wrapWidth=1)
7.9843 	EXP 	window1: mouseVisible = True
7.9855 	EXP 	window1: mouseVisible = True
7.9937 	EXP 	Created slider_2 = Slider(__class__=<class 'psychopy.visual.slider.Slider'>, autoDraw=False, autoLog=True, borderColor=None, color=None, colorSpace='rgb', depth=-7, fillColor=None, flip=False, font='HelveticaBold', granularity=0, labelColor=None, labelHeight=0.05, labelWrapWidth=None, labels=None, lineColor=None, markerColor=None, name='slider_2', opacity=None, ori=0, pos=array([ 0.  , -0.28]), readOnly=False, self=UNKNOWN, size=array([1.   , 0.025]), startValue=None, style=['rating'], styleTweaks=['triangleMarker'], ticks=array([  0,  25,  50,  75, 100]), units='height', win=Window(...))
8.0333 	EXP 	Created text_2 = TextStim(__class__=<class 'psychopy.visual.text.TextStim'>, alignHoriz=method-wrapper(...), alignText='center', alignVert=method-wrapper(...), anchorHoriz='center', anchorVert='center', antialias=True, autoDraw=False, autoLog=True, bold=False, color=array([1, 1, 1]), colorSpace='rgb', contrast=1.0, depth=-8.0, flipHoriz=False, flipVert=False, font='Open Sans', fontFiles=[], height=0.05, italic=False, languageStyle='LTR', name='text_2', opacity=1.0, ori=0.0, pos=array([0., 0.]), rgb=UNKNOWN, text='How likely are you to recommend surgery? ', units='height', win=Window(...), wrapWidth=1)
8.0358 	EXP 	Created text_3 = TextStim(__class__=<class 'psychopy.visual.text.TextStim'>, alignHoriz=method-wrapper(...), alignText='center', alignVert=method-wrapper(...), anchorHoriz='center', anchorVert='center', antialias=True, autoDraw=False, autoLog=True, bold=False, color=array([1, 1, 1]), colorSpace='rgb', contrast=1.0, depth=-9.0, flipHoriz=False, flipVert=False, font='Open Sans', fontFiles=[], height=0.05, italic=False, languageStyle='LTR', name='text_3', opacity=1.0, ori=0.0, pos=array([0., 0.]), rgb=UNKNOWN, text='How likely are you to recommend radiation? ', units='height', win=Window(...), wrapWidth=1)
8.0670 	EXP 	Created EndText = TextStim(__class__=<class 'psychopy.visual.text.TextStim'>, alignHoriz=method-wrapper(...), alignText='center', alignVert=method-wrapper(...), anchorHoriz='center', anchorVert='center', antialias=True, autoDraw=False, autoLog=True, bold=False, color=array([-1, -1, -1]), colorSpace='rgb', contrast=1.0, depth=0.0, flipHoriz=False, flipVert=False, font='Arial', fontFiles=[], height=0.05, italic=False, languageStyle='LTR', name='EndText', opacity=1.0, ori=0, pos=array([0., 0.]), rgb=UNKNOWN, text=str(...), units='height', win=Window(...), wrapWidth=1)
8.0713 	DEBUG 	Read excel file with openpyxl: Rating_BlockOrder.xlsx
8.0715 	EXP 	Imported Rating_BlockOrder.xlsx as conditions, 1 conditions, 3 params
8.0718 	EXP 	Created sequence: fullRandom, trialTypes=1, nReps=1, seed=None
8.0720 	EXP 	New trial (rep=0, index=0): {'Task': 'treatment', 'LeftLabel': '0% Never', 'RightLabel': '100% Always'}
8.0724 	EXP 	Created sequence: sequential, trialTypes=1, nReps=95, seed=None
8.0727 	EXP 	New trial (rep=0, index=0): None
8.0891 	EXP 	slider: autoLog = True
8.0891 	EXP 	slider: markerPos = None
8.0891 	EXP 	slider: styleTweaks = []
8.0891 	EXP 	slider: styleTweaks = []
8.0891 	EXP 	slider: styleTweaks = ['triangleMarker']
8.0891 	EXP 	slider: styleTweaks = ['triangleMarker']
8.0891 	EXP 	slider: contrast = 1.0
8.0891 	EXP 	slider: autoLog = True
8.0891 	EXP 	slider_2: autoLog = True
8.0891 	EXP 	slider_2: markerPos = None
8.0891 	EXP 	slider_2: styleTweaks = []
8.0891 	EXP 	slider_2: styleTweaks = []
8.0891 	EXP 	slider_2: styleTweaks = ['triangleMarker']
8.0891 	EXP 	slider_2: styleTweaks = ['triangleMarker']
8.0891 	EXP 	slider_2: contrast = 1.0
8.0891 	EXP 	slider_2: autoLog = True
8.0891 	EXP 	face_image: image = 'images/FOREHEAD_006_M_F_N_A.png'
8.0891 	EXP 	slider: markerPos = None
8.0891 	EXP 	slider: markerPos = None
8.0891 	EXP 	text_4: height = 0.03
8.0891 	EXP 	text_4: height = 0.03
8.0891 	EXP 	text_4: height = 0.03
8.0891 	EXP 	text_4: text = '100% Always'
8.0891 	EXP 	text_5: height = 0.03
8.0891 	EXP 	text_5: height = 0.03
8.0891 	EXP 	text_5: height = 0.03
8.0891 	EXP 	text_5: text = '0% Never'
8.0891 	EXP 	slider_2: markerPos = None
8.0891 	EXP 	slider_2: markerPos = None
8.0891 	EXP 	face_image: autoDraw = True
8.4029 	EXP 	slider: autoDraw = True
8.4029 	EXP 	NextBu: autoDraw = True
8.4029 	EXP 	text_4: autoDraw = True
8.4029 	EXP 	text_5: autoDraw = True
8.4029 	EXP 	slider_2: autoDraw = True
8.4029 	EXP 	text_2: autoDraw = True
8.4029 	EXP 	text_3: autoDraw = True
13.4596 	DATA 	Keypress: escape
13.8960 	EXP 	window1: mouseVisible = True
13.8965 	DEBUG 	Saving data for FaceAttractiveness ExperimentHandler
13.8984 	INFO 	saved data to C:\Users\annak\Documents\GitHub\faceattractiveness_lesion\data/_FaceAttractiveness_2023-04-05_23h10.14.817.psydat
13.8992 	INFO 	saved data to 'C:\\Users\\annak\\Documents\\GitHub\\faceattractiveness_lesion\\data/_FaceAttractiveness_2023-04-05_23h10.14.817.csv'
