3.8168 	INFO 	Loaded monitor calibration from ['2021_12_01 18:33']
3.8231 	WARNING 	User requested fullscreen with size [1536  864], but screen is actually [1920, 1080]. Using actual size
5.1843 	EXP 	Created window1 = Window(allowGUI=True, allowStencil=False, autoLog=True, backendConf=UNKNOWN, bitsMode=UNKNOWN, blendMode='avg', bpc=(8, 8, 8), color=array([0.09803922, 0.09803922, 0.09803922]), colorSpace='rgb', depthBits=8, fullscr=<method-wrapper '__getattribute__' of attributeSetter object at 0x000001C696D58F10>, gamma=None, gammaErrorPolicy='raise', lms=UNKNOWN, monitor=<psychopy.monitors.calibTools.Monitor object at 0x000001C69C612400>, multiSample=False, name='window1', numSamples=2, pos=(0, 0), screen=0, size=array([1920, 1080]), stencilBits=0, stereo=False, units='height', useFBO=True, useRetina=False, viewOri=0.0, viewPos=None, viewScale=None, waitBlanking=True, winType='pyglet')
5.1844 	EXP 	window1: mouseVisible = True
5.1845 	EXP 	window1: mouseVisible = False
5.1845 	EXP 	window1: Attempting to measure frame rate of screen (0) ...
5.1845 	EXP 	window1: recordFrameIntervals = False
5.2603 	EXP 	window1: recordFrameIntervals = True
5.3427 	EXP 	Screen (0) actual frame rate measured at 143.30Hz
5.3427 	EXP 	window1: recordFrameIntervals = False
6.9512 	INFO 	keyboard.Keyboard is using iohub backend.
7.0219 	EXP 	Created ques_instr = TextStim(__class__=<class 'psychopy.visual.text.TextStim'>, alignHoriz=method-wrapper(...), alignText='center', alignVert=method-wrapper(...), anchorHoriz='center', anchorVert='center', antialias=True, autoDraw=False, autoLog=True, bold=False, color=array([1, 1, 1]), colorSpace='rgb', contrast=1.0, depth=0.0, flipHoriz=False, flipVert=False, font='Arial', fontFiles=[], height=0.04, italic=False, languageStyle='LTR', name='ques_instr', opacity=1.0, ori=0.0, pos=array([0., 0.]), rgb=UNKNOWN, text=str(...), units='height', win=Window(...), wrapWidth=1)
7.0222 	EXP 	window1: mouseVisible = True
7.0257 	EXP 	window1: mouseVisible = True
7.0460 	DEBUG 	TextBox2 loaded 1 chars with 0 blanks and 1 valid
7.0469 	DEBUG 	TextBox2 loaded 1 chars with 0 blanks and 1 valid
7.0476 	DEBUG 	TextBox2 loaded 1 chars with 0 blanks and 1 valid
7.0486 	DEBUG 	TextBox2 loaded 1 chars with 0 blanks and 1 valid
7.0492 	DEBUG 	TextBox2 loaded 1 chars with 0 blanks and 1 valid
7.0497 	DEBUG 	TextBox2 loaded 1 chars with 0 blanks and 1 valid
7.0506 	DEBUG 	TextBox2 loaded 1 chars with 0 blanks and 1 valid
7.0514 	DEBUG 	TextBox2 loaded 1 chars with 0 blanks and 1 valid
7.0522 	DEBUG 	TextBox2 loaded 1 chars with 0 blanks and 1 valid
7.0530 	DEBUG 	TextBox2 loaded 1 chars with 0 blanks and 1 valid
7.0538 	DEBUG 	TextBox2 loaded 1 chars with 0 blanks and 1 valid
7.0544 	DEBUG 	TextBox2 loaded 1 chars with 0 blanks and 1 valid
7.0546 	DEBUG 	Uploading Texture Font fontname to graphics card
7.0601 	DEBUG 	Upload of Texture Font fontname complete
7.0733 	DEBUG 	TextBox2 loaded 1 chars with 0 blanks and 1 valid
7.0735 	DEBUG 	Uploading Texture Font fontname to graphics card
7.0781 	DEBUG 	Upload of Texture Font fontname complete
7.0913 	DEBUG 	TextBox2 loaded 1 chars with 0 blanks and 1 valid
7.0923 	DEBUG 	TextBox2 loaded 1 chars with 0 blanks and 1 valid
7.0933 	DEBUG 	TextBox2 loaded 1 chars with 0 blanks and 1 valid
7.0942 	DEBUG 	TextBox2 loaded 1 chars with 0 blanks and 1 valid
7.0949 	DEBUG 	TextBox2 loaded 1 chars with 0 blanks and 1 valid
7.0958 	DEBUG 	TextBox2 loaded 1 chars with 0 blanks and 1 valid
7.0960 	DEBUG 	Uploading Texture Font fontname to graphics card
7.0991 	DEBUG 	Upload of Texture Font fontname complete
7.1123 	DEBUG 	TextBox2 loaded 1 chars with 0 blanks and 1 valid
7.1126 	DEBUG 	Uploading Texture Font fontname to graphics card
7.1163 	DEBUG 	Upload of Texture Font fontname complete
7.1295 	DEBUG 	TextBox2 loaded 1 chars with 0 blanks and 1 valid
7.1306 	DEBUG 	TextBox2 loaded 1 chars with 0 blanks and 1 valid
7.1307 	DEBUG 	Uploading Texture Font fontname to graphics card
7.1347 	DEBUG 	Upload of Texture Font fontname complete
7.1463 	EXP 	Created slider_rad_therapy = Slider(__class__=<class 'psychopy.visual.slider.Slider'>, autoDraw=False, autoLog=True, borderColor=None, color=None, colorSpace='rgb', depth=0, fillColor=None, flip=False, font='Arial', granularity=0.0, labelColor=None, labelHeight=0.03, labelWrapWidth=None, labels=tuple(...), lineColor=None, markerColor=None, name='slider_rad_therapy', opacity=None, ori=0.0, pos=array([0. , 0.1]), readOnly=False, self=UNKNOWN, size=array([1. , 0.1]), startValue=3, style='rating', styleTweaks=['labels45'], ticks=array([1, 2, 3, 4, 5]), units='height', win=Window(...))
7.1548 	EXP 	Created text_rad_therapy = TextStim(__class__=<class 'psychopy.visual.text.TextStim'>, alignHoriz=method-wrapper(...), alignText='center', alignVert=method-wrapper(...), anchorHoriz='center', anchorVert='center', antialias=True, autoDraw=False, autoLog=True, bold=False, color=array([1, 1, 1]), colorSpace='rgb', contrast=1.0, depth=-1.0, flipHoriz=False, flipVert=False, font='Open Sans', fontFiles=[], height=0.04, italic=False, languageStyle='LTR', name='text_rad_therapy', opacity=1.0, ori=0.0, pos=array([0. , 0.3]), rgb=UNKNOWN, text=str(...), units='height', win=Window(...), wrapWidth=1)
7.1561 	EXP 	window1: mouseVisible = True
7.2264 	EXP 	Created slider_surgery = Slider(__class__=<class 'psychopy.visual.slider.Slider'>, autoDraw=False, autoLog=True, borderColor=None, color=None, colorSpace='rgb', depth=-2, fillColor=None, flip=False, font='Arial', granularity=0.0, labelColor=None, labelHeight=0.03, labelWrapWidth=None, labels=tuple(...), lineColor=None, markerColor=None, name='slider_surgery', opacity=None, ori=0.0, pos=array([ 0. , -0.3]), readOnly=False, self=UNKNOWN, size=array([1. , 0.1]), startValue=3, style='rating', styleTweaks=['labels45'], ticks=array([1, 2, 3, 4, 5]), units='height', win=Window(...))
7.2309 	EXP 	Created text_surgery = TextStim(__class__=<class 'psychopy.visual.text.TextStim'>, alignHoriz=method-wrapper(...), alignText='center', alignVert=method-wrapper(...), anchorHoriz='center', anchorVert='center', antialias=True, autoDraw=False, autoLog=True, bold=False, color=array([1, 1, 1]), colorSpace='rgb', contrast=1.0, depth=-3.0, flipHoriz=False, flipVert=False, font='Open Sans', fontFiles=[], height=0.04, italic=False, languageStyle='LTR', name='text_surgery', opacity=1.0, ori=0.0, pos=array([ 0. , -0.1]), rgb=UNKNOWN, text=str(...), units='height', win=Window(...), wrapWidth=1)
7.2413 	EXP 	Created image = ImageStim(__class__=<class 'psychopy.visual.image.ImageStim'>, anchor=('center', 'center'), autoLog=True, color=array([1, 1, 1]), colorSpace='rgb', contrast=1.0, depth=-4.0, flipHoriz=False, flipVert=False, image='Picture1-eng.png', interpolate=True, mask=None, maskParams=None, name='image', opacity=1.0, ori=0.0, pos=array([ 0.7, -0.4]), size=array([0.2, 0.1]), texRes=128.0, units='height', win=Window(...))
7.2413 	EXP 	window1: mouseVisible = True
7.2422 	EXP 	Created instrBlock = TextStim(__class__=<class 'psychopy.visual.text.TextStim'>, alignHoriz=method-wrapper(...), alignText='center', alignVert=method-wrapper(...), anchorHoriz='center', anchorVert='center', antialias=True, autoDraw=False, autoLog=True, bold=False, color=array([1, 1, 1]), colorSpace='rgb', contrast=1.0, depth=0.0, flipHoriz=False, flipVert=False, font='Arial', fontFiles=[], height=0.05, italic=False, languageStyle='LTR', name='instrBlock', opacity=1.0, ori=0.0, pos=array([0., 0.]), rgb=UNKNOWN, text='', units='height', win=Window(...), wrapWidth=1)
7.2422 	EXP 	window1: mouseVisible = True
7.2452 	EXP 	Created face_image_q = ImageStim(__class__=<class 'psychopy.visual.image.ImageStim'>, anchor=('center', 'center'), autoLog=True, color=array([1, 1, 1]), colorSpace='rgb', contrast=1.0, depth=-1.0, flipHoriz=False, flipVert=False, image='sin', interpolate=True, mask=None, maskParams=None, name='face_image_q', opacity=1.0, ori=0.0, pos=array([0. , 0.3]), size=array([0.88888889, 0.5       ]), texRes=128.0, units='height', win=Window(...))
7.2463 	EXP 	window1: mouseVisible = True
7.2608 	DEBUG 	TextBox2 loaded 1 chars with 0 blanks and 1 valid
7.2617 	DEBUG 	TextBox2 loaded 1 chars with 0 blanks and 1 valid
7.2625 	DEBUG 	TextBox2 loaded 1 chars with 0 blanks and 1 valid
7.2633 	DEBUG 	TextBox2 loaded 1 chars with 0 blanks and 1 valid
7.2639 	DEBUG 	TextBox2 loaded 1 chars with 0 blanks and 1 valid
7.2645 	DEBUG 	TextBox2 loaded 1 chars with 0 blanks and 1 valid
7.2653 	DEBUG 	TextBox2 loaded 1 chars with 0 blanks and 1 valid
7.2661 	DEBUG 	TextBox2 loaded 1 chars with 0 blanks and 1 valid
7.2669 	DEBUG 	TextBox2 loaded 1 chars with 0 blanks and 1 valid
7.2677 	DEBUG 	TextBox2 loaded 1 chars with 0 blanks and 1 valid
7.2685 	DEBUG 	TextBox2 loaded 1 chars with 0 blanks and 1 valid
7.2692 	DEBUG 	TextBox2 loaded 1 chars with 0 blanks and 1 valid
7.2700 	DEBUG 	TextBox2 loaded 1 chars with 0 blanks and 1 valid
7.2702 	DEBUG 	Uploading Texture Font fontname to graphics card
7.2713 	DEBUG 	Upload of Texture Font fontname complete
7.2844 	DEBUG 	TextBox2 loaded 1 chars with 0 blanks and 1 valid
7.2852 	DEBUG 	TextBox2 loaded 1 chars with 0 blanks and 1 valid
7.2859 	DEBUG 	TextBox2 loaded 1 chars with 0 blanks and 1 valid
7.2861 	DEBUG 	Uploading Texture Font fontname to graphics card
7.2866 	DEBUG 	Upload of Texture Font fontname complete
7.2992 	DEBUG 	TextBox2 loaded 1 chars with 0 blanks and 1 valid
7.3000 	DEBUG 	TextBox2 loaded 1 chars with 0 blanks and 1 valid
7.3007 	DEBUG 	TextBox2 loaded 1 chars with 0 blanks and 1 valid
7.3014 	DEBUG 	TextBox2 loaded 1 chars with 0 blanks and 1 valid
7.3017 	DEBUG 	Uploading Texture Font fontname to graphics card
7.3022 	DEBUG 	Upload of Texture Font fontname complete
7.3148 	DEBUG 	TextBox2 loaded 1 chars with 0 blanks and 1 valid
7.3158 	DEBUG 	TextBox2 loaded 1 chars with 0 blanks and 1 valid
7.3167 	DEBUG 	TextBox2 loaded 1 chars with 0 blanks and 1 valid
7.3169 	DEBUG 	Uploading Texture Font fontname to graphics card
7.3173 	DEBUG 	Upload of Texture Font fontname complete
7.3298 	DEBUG 	TextBox2 loaded 1 chars with 0 blanks and 1 valid
7.3300 	DEBUG 	Uploading Texture Font fontname to graphics card
7.3306 	DEBUG 	Upload of Texture Font fontname complete
7.3420 	EXP 	Created slider_trustworthy = Slider(__class__=<class 'psychopy.visual.slider.Slider'>, autoDraw=False, autoLog=True, borderColor=None, color=None, colorSpace='rgb', depth=-2, fillColor=None, flip=False, font='Open Sans', granularity=1.0, labelColor=None, labelHeight=0.02, labelWrapWidth=None, labels=tuple(...), lineColor=None, markerColor=None, name='slider_trustworthy', opacity=None, ori=0.0, pos=array([0., 0.]), readOnly=False, self=UNKNOWN, size=array([1.   , 0.025]), startValue=None, style='scrollbar', styleTweaks=['labels45'], ticks=array([1, 2, 3, 4, 5]), units='height', win=Window(...))
7.3552 	EXP 	Created text_trustworthy = TextStim(__class__=<class 'psychopy.visual.text.TextStim'>, alignHoriz=method-wrapper(...), alignText='center', alignVert=method-wrapper(...), anchorHoriz='center', anchorVert='center', antialias=True, autoDraw=False, autoLog=True, bold=False, color=array([1, 1, 1]), colorSpace='rgb', contrast=1.0, depth=-3.0, flipHoriz=False, flipVert=False, font='Open Sans', fontFiles=[], height=0.03, italic=False, languageStyle='LTR', name='text_trustworthy', opacity=1.0, ori=0.0, pos=array([0.  , 0.05]), rgb=UNKNOWN, text=str(...), units='height', win=Window(...), wrapWidth=1)
7.3565 	EXP 	window1: mouseVisible = True
7.4265 	EXP 	Created slider_aggressive = Slider(__class__=<class 'psychopy.visual.slider.Slider'>, autoDraw=False, autoLog=True, borderColor=None, color=None, colorSpace='rgb', depth=-4, fillColor=None, flip=False, font='Open Sans', granularity=1.0, labelColor=None, labelHeight=0.02, labelWrapWidth=None, labels=tuple(...), lineColor=None, markerColor=None, name='slider_aggressive', opacity=None, ori=0.0, pos=array([ 0.  , -0.25]), readOnly=False, self=UNKNOWN, size=array([1.   , 0.025]), startValue=None, style='slider', styleTweaks=[], ticks=array([1, 2, 3, 4, 5]), units='height', win=Window(...))
7.4299 	EXP 	Created text_aggressive = TextStim(__class__=<class 'psychopy.visual.text.TextStim'>, alignHoriz=method-wrapper(...), alignText='center', alignVert=method-wrapper(...), anchorHoriz='center', anchorVert='center', antialias=True, autoDraw=False, autoLog=True, bold=False, color=array([1, 1, 1]), colorSpace='rgb', contrast=1.0, depth=-5.0, flipHoriz=False, flipVert=False, font='Open Sans', fontFiles=[], height=0.03, italic=False, languageStyle='LTR', name='text_aggressive', opacity=1.0, ori=0.0, pos=array([ 0.  , -0.15]), rgb=UNKNOWN, text=str(...), units='height', win=Window(...), wrapWidth=1)
7.4300 	EXP 	window1: mouseVisible = True
7.4364 	EXP 	Created Confirm = ImageStim(__class__=<class 'psychopy.visual.image.ImageStim'>, anchor=('center', 'center'), autoLog=True, color=array([1, 1, 1]), colorSpace='rgb', contrast=1.0, depth=-7.0, flipHoriz=False, flipVert=False, image='Picture1-eng.png', interpolate=True, mask=None, maskParams=None, name='Confirm', opacity=1.0, ori=0.0, pos=array([ 0. , -0.4]), size=array([0.2, 0.1]), texRes=128.0, units='height', win=Window(...))
7.4375 	EXP 	Created text_2 = TextStim(__class__=<class 'psychopy.visual.text.TextStim'>, alignHoriz=method-wrapper(...), alignText='center', alignVert=method-wrapper(...), anchorHoriz='center', anchorVert='center', antialias=True, autoDraw=False, autoLog=True, bold=False, color=array([1, 1, 1]), colorSpace='rgb', contrast=1.0, depth=-1.0, flipHoriz=False, flipVert=False, font='Open Sans', fontFiles=[], height=0.05, italic=False, languageStyle='LTR', name='text_2', opacity=1.0, ori=0.0, pos=array([0., 0.]), rgb=UNKNOWN, text='', units='height', win=Window(...), wrapWidth=1)
7.4643 	EXP 	Created EndText = TextStim(__class__=<class 'psychopy.visual.text.TextStim'>, alignHoriz=method-wrapper(...), alignText='center', alignVert=method-wrapper(...), anchorHoriz='center', anchorVert='center', antialias=True, autoDraw=False, autoLog=True, bold=False, color=array([-1, -1, -1]), colorSpace='rgb', contrast=1.0, depth=0.0, flipHoriz=False, flipVert=False, font='Arial', fontFiles=[], height=0.03, italic=False, languageStyle='LTR', name='EndText', opacity=1.0, ori=0, pos=array([0., 0.]), rgb=UNKNOWN, text=str(...), units='height', win=Window(...), wrapWidth=1)
7.4643 	EXP 	window1: mouseVisible = True
7.4710 	EXP 	slider_rad_therapy: autoLog = True
7.4710 	EXP 	slider_rad_therapy: markerPos = 3
7.4710 	EXP 	slider_rad_therapy: styleTweaks = []
7.4710 	EXP 	slider_rad_therapy: styleTweaks = []
7.4710 	EXP 	slider_rad_therapy: styleTweaks = ['labels45']
7.4710 	EXP 	slider_rad_therapy: styleTweaks = ['labels45']
7.4710 	EXP 	slider_rad_therapy: contrast = 1.0
7.4710 	EXP 	slider_rad_therapy: autoLog = True
7.4710 	EXP 	slider_surgery: autoLog = True
7.4710 	EXP 	slider_surgery: markerPos = 3
7.4710 	EXP 	slider_surgery: styleTweaks = []
7.4710 	EXP 	slider_surgery: styleTweaks = []
7.4710 	EXP 	slider_surgery: styleTweaks = ['labels45']
7.4710 	EXP 	slider_surgery: styleTweaks = ['labels45']
7.4710 	EXP 	slider_surgery: contrast = 1.0
7.4710 	EXP 	slider_surgery: autoLog = True
7.4710 	EXP 	slider_trustworthy: autoLog = True
7.4710 	EXP 	slider_trustworthy: markerPos = None
7.4710 	EXP 	slider_trustworthy: styleTweaks = []
7.4710 	EXP 	slider_trustworthy: styleTweaks = []
7.4710 	EXP 	slider_trustworthy: styleTweaks = ['labels45']
7.4710 	EXP 	slider_trustworthy: styleTweaks = ['labels45']
7.4710 	EXP 	slider_trustworthy: contrast = 1.0
7.4710 	EXP 	slider_trustworthy: autoLog = True
7.4710 	EXP 	slider_aggressive: autoLog = True
7.4710 	EXP 	slider_aggressive: markerPos = None
7.4710 	EXP 	slider_aggressive: styleTweaks = []
7.4710 	EXP 	slider_aggressive: styleTweaks = []
7.4710 	EXP 	slider_aggressive: styleTweaks = []
7.4710 	EXP 	slider_aggressive: styleTweaks = []
7.4710 	EXP 	slider_aggressive: contrast = 1.0
7.4710 	EXP 	slider_aggressive: autoLog = True
7.4710 	EXP 	ques_instr: autoDraw = True
7.9886 	DATA 	Mouse: Left button down, pos=(790,426)
8.0376 	EXP 	ques_instr: autoDraw = False
8.0376 	EXP 	slider_rad_therapy: markerPos = None
8.0376 	EXP 	slider_rad_therapy: markerPos = 3
8.0376 	EXP 	slider_surgery: markerPos = None
8.0376 	EXP 	slider_surgery: markerPos = 3
8.0376 	EXP 	slider_rad_therapy: autoDraw = True
8.0376 	EXP 	text_rad_therapy: autoDraw = True
8.0376 	EXP 	slider_surgery: autoDraw = True
8.0376 	EXP 	text_surgery: autoDraw = True
8.0376 	EXP 	image: autoDraw = True
8.1016 	DATA 	Mouse:  Left button up, pos=(790,426)
9.0707 	DATA 	Mouse: Left button down, pos=(1778,109)
9.1046 	EXP 	slider_rad_therapy: autoDraw = False
9.1046 	EXP 	text_rad_therapy: autoDraw = False
9.1046 	EXP 	slider_surgery: autoDraw = False
9.1046 	EXP 	text_surgery: autoDraw = False
9.1046 	EXP 	image: autoDraw = False
9.1046 	EXP 	instrBlock: height = 0.05
9.1046 	EXP 	instrBlock: height = 0.05
9.1046 	EXP 	instrBlock: height = 0.05
9.1046 	EXP 	instrBlock: text = 'Each patient below has been diagnosed with a low-risk, non-sclerosing, early-stage basal cell skin cancer. The patients are otherwise in good health. For each face, please indicate how likely you would be to recommend surgery versus radiation in the management of each lesion. \nPlease click anywhere to start'
9.1046 	EXP 	instrBlock: autoDraw = True
9.1773 	DATA 	Mouse:  Left button up, pos=(1778,109)
10.1418 	DATA 	Mouse: Left button down, pos=(798,445)
10.1497 	DEBUG 	Read excel file with openpyxl: faceImages.xlsx
10.1508 	EXP 	Imported faceImages.xlsx as conditions, 95 conditions, 1 params
10.1518 	EXP 	Created sequence: random, trialTypes=95, nReps=1, seed=None
10.1519 	EXP 	New trial (rep=0, index=0): {'faceImages': 'images\\RCHEEK_CFD_WM_212_097_N.png'}
10.1527 	EXP 	New trial (rep=0, index=1): {'faceImages': 'images\\FOREHEAD_CFD_LM_201_057_N.png'}
10.1532 	EXP 	New trial (rep=0, index=2): {'faceImages': 'images\\NASALTIP_136_M_M_N_A.png'}
10.1537 	EXP 	New trial (rep=0, index=3): {'faceImages': 'images\\NASALTIP_CFD_BF_214_308_N.png'}
10.1544 	EXP 	New trial (rep=0, index=4): {'faceImages': 'images\\FOREHEAD_CFD_BM_213_134_N.png'}
10.1549 	EXP 	New trial (rep=0, index=5): {'faceImages': 'images\\LCHEEK_CFD_WM_212_097_N.png'}
10.1554 	EXP 	New trial (rep=0, index=6): {'faceImages': 'images\\LCHEEK_CFD_BF_214_308_N.png'}
10.1559 	EXP 	New trial (rep=0, index=7): {'faceImages': 'images\\NASALTIP_006_M_F_N_A.png'}
10.1565 	EXP 	New trial (rep=0, index=8): {'faceImages': 'images\\FOREHEAD_136_M_M_N_A.png'}
10.1570 	EXP 	New trial (rep=0, index=9): {'faceImages': 'images\\LIP_CFD_LM_201_057_N.png'}
10.1576 	EXP 	New trial (rep=0, index=10): {'faceImages': 'images\\LIP_CFD_LM_203_026_N.png'}
10.1581 	EXP 	New trial (rep=0, index=11): {'faceImages': 'images\\RCHEEK_CFD_LM_203_026_N.png'}
10.1586 	EXP 	New trial (rep=0, index=12): {'faceImages': 'images\\LIP_006_M_F_N_A.png'}
10.1591 	EXP 	New trial (rep=0, index=13): {'faceImages': 'images\\LCHEEK_CFD_WF_002_004_N.png'}
10.1596 	EXP 	New trial (rep=0, index=14): {'faceImages': 'images\\LIP_CFD_BF_214_308_N.png'}
10.1600 	EXP 	New trial (rep=0, index=15): {'faceImages': 'images\\FOREHEAD_CFD_WM_212_097_N.png'}
10.1605 	EXP 	New trial (rep=0, index=16): {'faceImages': 'images\\NASALTIP_CFD_LF_224_176_N.png'}
10.1609 	EXP 	New trial (rep=0, index=17): {'faceImages': 'images\\NASALTIP_CFD_AF_237_223_N.png'}
10.1612 	EXP 	New trial (rep=0, index=18): {'faceImages': 'images\\RCHEEK_CFD_AF_237_223_N.png'}
10.1615 	EXP 	New trial (rep=0, index=19): {'faceImages': 'images\\FOREHEAD_006_M_F_N_A.png'}
10.1619 	EXP 	New trial (rep=0, index=20): {'faceImages': 'images\\FOREHEAD_CFD_LF_224_176_N.png'}
10.1623 	EXP 	New trial (rep=0, index=21): {'faceImages': 'images\\RCHEEK_CFD_WF_200_099_N.png'}
10.1627 	EXP 	New trial (rep=0, index=22): {'faceImages': 'images\\NASALTIP_CFD_BM_213_134_N.png'}
10.1633 	EXP 	New trial (rep=0, index=23): {'faceImages': 'images\\FOREHEAD_087_M_M_N_A.png'}
10.1637 	EXP 	New trial (rep=0, index=24): {'faceImages': 'images\\LCHEEK_CFD_LM_203_026_N.png'}
10.1640 	EXP 	New trial (rep=0, index=25): {'faceImages': 'images\\FOREHEAD_CFD_AF_245_143_N.png'}
10.1643 	EXP 	New trial (rep=0, index=26): {'faceImages': 'images\\RCHEEK_CFD_BM_234_172_N.png'}
10.1645 	EXP 	New trial (rep=0, index=27): {'faceImages': 'images\\LCHEEK_CFD_BM_234_172_N.png'}
10.1647 	EXP 	New trial (rep=0, index=28): {'faceImages': 'images\\NASALTIP_CFD_AF_245_143_N.png'}
10.1649 	EXP 	New trial (rep=0, index=29): {'faceImages': 'images\\NASALTIP_CFD_WM_212_097_N.png'}
10.1652 	EXP 	New trial (rep=0, index=30): {'faceImages': 'images\\NASALTIP_035_M_F_N_A.png'}
10.1654 	EXP 	New trial (rep=0, index=31): {'faceImages': 'images\\LCHEEK_CFD_AF_237_223_N.png'}
10.1656 	EXP 	New trial (rep=0, index=32): {'faceImages': 'images\\FOREHEAD_CFD_AM_233_236_N.png'}
10.1659 	EXP 	New trial (rep=0, index=33): {'faceImages': 'images\\NASALTIP_087_M_M_N_A.png'}
10.1661 	EXP 	New trial (rep=0, index=34): {'faceImages': 'images\\LCHEEK_CFD_AM_233_236_N.png'}
10.1663 	EXP 	New trial (rep=0, index=35): {'faceImages': 'images\\RCHEEK_CFD_LM_201_057_N.png'}
10.1665 	EXP 	New trial (rep=0, index=36): {'faceImages': 'images\\LIP_136_M_M_N_A.png'}
10.1668 	EXP 	New trial (rep=0, index=37): {'faceImages': 'images\\FOREHEAD_035_M_F_N_A.png'}
10.1670 	EXP 	New trial (rep=0, index=38): {'faceImages': 'images\\LCHEEK_CFD_AF_245_143_N.png'}
10.1672 	EXP 	New trial (rep=0, index=39): {'faceImages': 'images\\LIP_CFD_AM_233_236_N.png'}
10.1675 	EXP 	New trial (rep=0, index=40): {'faceImages': 'images\\LCHEEK_CFD_BM_213_134_N.png'}
10.1677 	EXP 	New trial (rep=0, index=41): {'faceImages': 'images\\LIP_CFD_WF_200_099_N.png'}
10.1679 	EXP 	New trial (rep=0, index=42): {'faceImages': 'images\\RCHEEK_CFD_AF_231_357_N.png'}
10.1681 	EXP 	New trial (rep=0, index=43): {'faceImages': 'images\\LIP_CFD_WM_212_097_N.png'}
10.1685 	EXP 	New trial (rep=0, index=44): {'faceImages': 'images\\LCHEEK_CFD_BF_224_002_N.png'}
10.1689 	EXP 	New trial (rep=0, index=45): {'faceImages': 'images\\NASALTIP_CFD_LM_201_057_N.png'}
10.1694 	EXP 	New trial (rep=0, index=46): {'faceImages': 'images\\LIP_CFD_WF_002_004_N.png'}
10.1698 	EXP 	New trial (rep=0, index=47): {'faceImages': 'images\\NASALTIP_CFD_AF_231_357_N.png'}
10.1702 	EXP 	New trial (rep=0, index=48): {'faceImages': 'images\\NASALTIP_CFD_BM_234_172_N.png'}
10.1706 	EXP 	New trial (rep=0, index=49): {'faceImages': 'images\\NASALTIP_CFD_WF_250_167_N.png'}
10.1710 	EXP 	New trial (rep=0, index=50): {'faceImages': 'images\\LIP_CFD_BM_213_134_N.png'}
10.1714 	EXP 	New trial (rep=0, index=51): {'faceImages': 'images\\RCHEEK_CFD_LF_224_176_N.png'}
10.1718 	EXP 	New trial (rep=0, index=52): {'faceImages': 'images\\NASALTIP_CFD_LM_203_026_N.png'}
10.1722 	EXP 	New trial (rep=0, index=53): {'faceImages': 'images\\LCHEEK_CFD_LF_224_176_N.png'}
10.1726 	EXP 	New trial (rep=0, index=54): {'faceImages': 'images\\RCHEEK_136_M_M_N_A.png'}
10.1730 	EXP 	New trial (rep=0, index=55): {'faceImages': 'images\\NASALTIP_CFD_BF_224_002_N.png'}
10.1735 	EXP 	New trial (rep=0, index=56): {'faceImages': 'images\\LIP_CFD_AF_237_223_N.png'}
10.1739 	EXP 	New trial (rep=0, index=57): {'faceImages': 'images\\FOREHEAD_CFD_LM_203_026_N.png'}
10.1742 	EXP 	New trial (rep=0, index=58): {'faceImages': 'images\\FOREHEAD_CFD_WF_250_167_N.png'}
10.1745 	EXP 	New trial (rep=0, index=59): {'faceImages': 'images\\LCHEEK_136_M_M_N_A.png'}
10.1747 	EXP 	New trial (rep=0, index=60): {'faceImages': 'images\\LIP_CFD_AF_231_357_N.png'}
10.1750 	EXP 	New trial (rep=0, index=61): {'faceImages': 'images\\FOREHEAD_CFD_BF_224_002_N.png'}
10.1752 	EXP 	New trial (rep=0, index=62): {'faceImages': 'images\\RCHEEK_CFD_AM_233_236_N.png'}
10.1755 	EXP 	New trial (rep=0, index=63): {'faceImages': 'images\\RCHEEK_CFD_WF_250_167_N.png'}
10.1758 	EXP 	New trial (rep=0, index=64): {'faceImages': 'images\\RCHEEK_CFD_BF_214_308_N.png'}
10.1760 	EXP 	New trial (rep=0, index=65): {'faceImages': 'images\\RCHEEK_CFD_AF_245_143_N.png'}
10.1763 	EXP 	New trial (rep=0, index=66): {'faceImages': 'images\\LCHEEK_035_M_F_N_A.png'}
10.1765 	EXP 	New trial (rep=0, index=67): {'faceImages': 'images\\RCHEEK_CFD_BM_213_134_N.png'}
10.1768 	EXP 	New trial (rep=0, index=68): {'faceImages': 'images\\NASALTIP_CFD_WF_200_099_N.png'}
10.1771 	EXP 	New trial (rep=0, index=69): {'faceImages': 'images\\FOREHEAD_CFD_BF_214_308_N.png'}
10.1773 	EXP 	New trial (rep=0, index=70): {'faceImages': 'images\\LIP_CFD_BF_224_002_N.png'}
10.1776 	EXP 	New trial (rep=0, index=71): {'faceImages': 'images\\LIP_CFD_BM_234_172_N.png'}
10.1778 	EXP 	New trial (rep=0, index=72): {'faceImages': 'images\\NASALTIP_CFD_AM_233_236_N.png'}
10.1781 	EXP 	New trial (rep=0, index=73): {'faceImages': 'images\\RCHEEK_006_M_F_N_A.png'}
10.1783 	EXP 	New trial (rep=0, index=74): {'faceImages': 'images\\FOREHEAD_CFD_BM_234_172_N.png'}
10.1786 	EXP 	New trial (rep=0, index=75): {'faceImages': 'images\\LCHEEK_CFD_WF_200_099_N.png'}
10.1788 	EXP 	New trial (rep=0, index=76): {'faceImages': 'images\\LCHEEK_006_M_F_N_A.png'}
10.1791 	EXP 	New trial (rep=0, index=77): {'faceImages': 'images\\RCHEEK_CFD_WF_002_004_N.png'}
10.1796 	EXP 	New trial (rep=0, index=78): {'faceImages': 'images\\FOREHEAD_CFD_WF_200_099_N.png'}
10.1800 	EXP 	New trial (rep=0, index=79): {'faceImages': 'images\\LIP_CFD_AF_245_143_N.png'}
10.1804 	EXP 	New trial (rep=0, index=80): {'faceImages': 'images\\LCHEEK_CFD_AF_231_357_N.png'}
10.1808 	EXP 	New trial (rep=0, index=81): {'faceImages': 'images\\LIP_087_M_M_N_A.png'}
10.1812 	EXP 	New trial (rep=0, index=82): {'faceImages': 'images\\FOREHEAD_CFD_AF_231_357_N.png'}
10.1816 	EXP 	New trial (rep=0, index=83): {'faceImages': 'images\\LIP_CFD_WF_250_167_N.png'}
10.1820 	EXP 	New trial (rep=0, index=84): {'faceImages': 'images\\LIP_CFD_LF_224_176_N.png'}
10.1825 	EXP 	New trial (rep=0, index=85): {'faceImages': 'images\\RCHEEK_035_M_F_N_A.png'}
10.1829 	EXP 	New trial (rep=0, index=86): {'faceImages': 'images\\RCHEEK_087_M_M_N_A.png'}
10.1833 	EXP 	New trial (rep=0, index=87): {'faceImages': 'images\\RCHEEK_CFD_BF_224_002_N.png'}
10.1838 	EXP 	New trial (rep=0, index=88): {'faceImages': 'images\\LCHEEK_CFD_WF_250_167_N.png'}
10.1842 	EXP 	New trial (rep=0, index=89): {'faceImages': 'images\\FOREHEAD_CFD_AF_237_223_N.png'}
10.1846 	EXP 	New trial (rep=0, index=90): {'faceImages': 'images\\LCHEEK_CFD_LM_201_057_N.png'}
10.1850 	EXP 	New trial (rep=0, index=91): {'faceImages': 'images\\NASALTIP_CFD_WF_002_004_N.png'}
10.1853 	EXP 	New trial (rep=0, index=92): {'faceImages': 'images\\FOREHEAD_CFD_WF_002_004_N.png'}
10.1855 	EXP 	New trial (rep=0, index=93): {'faceImages': 'images\\LIP_035_M_F_N_A.png'}
10.1858 	EXP 	New trial (rep=0, index=94): {'faceImages': 'images\\LCHEEK_087_M_M_N_A.png'}
10.1891 	DEBUG 	Read excel file with openpyxl: Rating_BlockOrder.xlsx
10.1893 	EXP 	Imported Rating_BlockOrder.xlsx as conditions, 19 conditions, 1 params
10.1897 	EXP 	Created sequence: random, trialTypes=19, nReps=1, seed=None
10.1898 	EXP 	New trial (rep=0, index=0): {'faceImages_q': 'images\\FOREHEAD_CFD_BM_234_172_N.png'}
10.1995 	EXP 	instrBlock: autoDraw = False
10.1995 	EXP 	face_image_q: image = 'images\\FOREHEAD_CFD_BM_234_172_N.png'
10.1995 	EXP 	slider_trustworthy: markerPos = None
10.1995 	EXP 	slider_trustworthy: markerPos = None
10.1995 	EXP 	slider_aggressive: markerPos = None
10.1995 	EXP 	slider_aggressive: markerPos = None
10.1995 	EXP 	face_image_q: autoDraw = True
10.2465 	DATA 	Mouse:  Left button up, pos=(798,446)
10.4972 	EXP 	slider_trustworthy: autoDraw = True
10.4972 	EXP 	text_trustworthy: autoDraw = True
10.4972 	EXP 	slider_aggressive: autoDraw = True
10.4972 	EXP 	text_aggressive: autoDraw = True
10.4972 	EXP 	Confirm: autoDraw = True
14.3912 	DATA 	Mouse: Left button down, pos=(964,542)
14.4085 	EXP 	slider_trustworthy: markerPos = 3.0148148148148146
14.4209 	EXP 	slider_trustworthy: markerPos = 3.0148148148148146
14.4322 	EXP 	slider_trustworthy: markerPos = 3.0148148148148146
14.4441 	EXP 	slider_trustworthy: markerPos = 3.0148148148148146
14.4562 	EXP 	slider_trustworthy: markerPos = 3.0148148148148146
14.4675 	EXP 	slider_trustworthy: markerPos = 3.0148148148148146
14.4796 	EXP 	slider_trustworthy: markerPos = 3.0148148148148146
14.4914 	EXP 	slider_trustworthy: markerPos = 3.0148148148148146
14.4971 	DATA 	Mouse:  Left button up, pos=(963,542)
14.5050 	EXP 	slider_trustworthy: markerPos = 3.0148148148148146
14.5169 	EXP 	slider_trustworthy: markerPos = 3.0
15.0954 	DATA 	Mouse: Left button down, pos=(866,272)
15.1015 	EXP 	slider_aggressive: markerPos = 2.651851851851852
15.1133 	EXP 	slider_aggressive: markerPos = 2.651851851851852
15.1256 	EXP 	slider_aggressive: markerPos = 2.651851851851852
15.1377 	EXP 	slider_aggressive: markerPos = 2.651851851851852
15.1500 	EXP 	slider_aggressive: markerPos = 2.651851851851852
15.1616 	EXP 	slider_aggressive: markerPos = 2.651851851851852
15.1742 	EXP 	slider_aggressive: markerPos = 2.651851851851852
15.1862 	EXP 	slider_aggressive: markerPos = 2.651851851851852
15.1916 	DATA 	Mouse:  Left button up, pos=(866,272)
15.1989 	EXP 	slider_aggressive: markerPos = 3.0
17.7458 	DATA 	Keypress: escape
18.4183 	EXP 	window1: mouseVisible = True
18.4184 	DEBUG 	Saving data for FaceAttractiveness ExperimentHandler
18.4213 	INFO 	saved data to C:\Users\annak\Documents\GitHub\faceattractiveness_lesion\data/_FaceAttractiveness_2023-04-07_22h58.17.034.psydat
18.4277 	INFO 	saved data to 'C:\\Users\\annak\\Documents\\GitHub\\faceattractiveness_lesion\\data/_FaceAttractiveness_2023-04-07_22h58.17.034.csv'
