4.0238 	INFO 	Loaded monitor calibration from ['2021_12_01 18:33']
4.0321 	WARNING 	User requested fullscreen with size [1536  864], but screen is actually [1920, 1080]. Using actual size
5.3570 	EXP 	Created window1 = Window(allowGUI=True, allowStencil=False, autoLog=True, backendConf=UNKNOWN, bitsMode=UNKNOWN, blendMode='avg', bpc=(8, 8, 8), color=array([0.09803922, 0.09803922, 0.09803922]), colorSpace='rgb', depthBits=8, fullscr=<method-wrapper '__getattribute__' of attributeSetter object at 0x00000201D0A25D60>, gamma=None, gammaErrorPolicy='raise', lms=UNKNOWN, monitor=<psychopy.monitors.calibTools.Monitor object at 0x00000201D4597160>, multiSample=False, name='window1', numSamples=2, pos=(0, 0), screen=0, size=array([1920, 1080]), stencilBits=0, stereo=False, units='height', useFBO=True, useRetina=False, viewOri=0.0, viewPos=None, viewScale=None, waitBlanking=True, winType='pyglet')
5.3571 	EXP 	window1: mouseVisible = True
5.3572 	EXP 	window1: mouseVisible = False
5.3572 	EXP 	window1: Attempting to measure frame rate of screen (0) ...
5.3573 	EXP 	window1: recordFrameIntervals = False
5.4331 	EXP 	window1: recordFrameIntervals = True
5.5085 	EXP 	Screen (0) actual frame rate measured at 145.41Hz
5.5085 	EXP 	window1: recordFrameIntervals = False
7.2230 	INFO 	keyboard.Keyboard is using iohub backend.
7.2995 	EXP 	Created ques_instr = TextStim(__class__=<class 'psychopy.visual.text.TextStim'>, alignHoriz=method-wrapper(...), alignText='center', alignVert=method-wrapper(...), anchorHoriz='center', anchorVert='center', antialias=True, autoDraw=False, autoLog=True, bold=False, color=array([1, 1, 1]), colorSpace='rgb', contrast=1.0, depth=0.0, flipHoriz=False, flipVert=False, font='Arial', fontFiles=[], height=0.04, italic=False, languageStyle='LTR', name='ques_instr', opacity=1.0, ori=0.0, pos=array([0., 0.]), rgb=UNKNOWN, text=str(...), units='height', win=Window(...), wrapWidth=1)
7.3000 	EXP 	window1: mouseVisible = True
7.3036 	EXP 	window1: mouseVisible = True
7.3271 	DEBUG 	TextBox2 loaded 1 chars with 0 blanks and 1 valid
7.3290 	DEBUG 	TextBox2 loaded 1 chars with 0 blanks and 1 valid
7.3306 	DEBUG 	TextBox2 loaded 1 chars with 0 blanks and 1 valid
7.3324 	DEBUG 	TextBox2 loaded 1 chars with 0 blanks and 1 valid
7.3338 	DEBUG 	TextBox2 loaded 1 chars with 0 blanks and 1 valid
7.3352 	DEBUG 	TextBox2 loaded 1 chars with 0 blanks and 1 valid
7.3369 	DEBUG 	TextBox2 loaded 1 chars with 0 blanks and 1 valid
7.3388 	DEBUG 	TextBox2 loaded 1 chars with 0 blanks and 1 valid
7.3405 	DEBUG 	TextBox2 loaded 1 chars with 0 blanks and 1 valid
7.3421 	DEBUG 	TextBox2 loaded 1 chars with 0 blanks and 1 valid
7.3438 	DEBUG 	TextBox2 loaded 1 chars with 0 blanks and 1 valid
7.3453 	DEBUG 	TextBox2 loaded 1 chars with 0 blanks and 1 valid
7.3455 	DEBUG 	Uploading Texture Font fontname to graphics card
7.3516 	DEBUG 	Upload of Texture Font fontname complete
7.3680 	DEBUG 	TextBox2 loaded 1 chars with 0 blanks and 1 valid
7.3683 	DEBUG 	Uploading Texture Font fontname to graphics card
7.3735 	DEBUG 	Upload of Texture Font fontname complete
7.3901 	DEBUG 	TextBox2 loaded 1 chars with 0 blanks and 1 valid
7.3921 	DEBUG 	TextBox2 loaded 1 chars with 0 blanks and 1 valid
7.3940 	DEBUG 	TextBox2 loaded 1 chars with 0 blanks and 1 valid
7.3958 	DEBUG 	TextBox2 loaded 1 chars with 0 blanks and 1 valid
7.3975 	DEBUG 	TextBox2 loaded 1 chars with 0 blanks and 1 valid
7.3994 	DEBUG 	TextBox2 loaded 1 chars with 0 blanks and 1 valid
7.3996 	DEBUG 	Uploading Texture Font fontname to graphics card
7.4039 	DEBUG 	Upload of Texture Font fontname complete
7.4205 	DEBUG 	TextBox2 loaded 1 chars with 0 blanks and 1 valid
7.4208 	DEBUG 	Uploading Texture Font fontname to graphics card
7.4254 	DEBUG 	Upload of Texture Font fontname complete
7.4475 	DEBUG 	TextBox2 loaded 1 chars with 0 blanks and 1 valid
7.4495 	DEBUG 	TextBox2 loaded 1 chars with 0 blanks and 1 valid
7.4497 	DEBUG 	Uploading Texture Font fontname to graphics card
7.4544 	DEBUG 	Upload of Texture Font fontname complete
7.4662 	EXP 	Created slider_2 = Slider(__class__=<class 'psychopy.visual.slider.Slider'>, autoDraw=False, autoLog=True, borderColor=None, color=None, colorSpace='rgb', depth=0, fillColor=None, flip=False, font='Arial', granularity=0.0, labelColor=None, labelHeight=0.03, labelWrapWidth=None, labels=tuple(...), lineColor=None, markerColor=None, name='slider_2', opacity=None, ori=0.0, pos=array([0., 0.]), readOnly=False, self=UNKNOWN, size=array([1. , 0.1]), startValue=3, style='rating', styleTweaks=['labels45'], ticks=array([1, 2, 3, 4, 5]), units='height', win=Window(...))
7.4788 	EXP 	Created text_2 = TextStim(__class__=<class 'psychopy.visual.text.TextStim'>, alignHoriz=method-wrapper(...), alignText='center', alignVert=method-wrapper(...), anchorHoriz='center', anchorVert='center', antialias=True, autoDraw=False, autoLog=True, bold=False, color=array([1, 1, 1]), colorSpace='rgb', contrast=1.0, depth=-1.0, flipHoriz=False, flipVert=False, font='Open Sans', fontFiles=[], height=0.05, italic=False, languageStyle='LTR', name='text_2', opacity=1.0, ori=0.0, pos=array([0., 0.]), rgb=UNKNOWN, text=str(...), units='height', win=Window(...), wrapWidth=1)
7.5100 	EXP 	Created EndText = TextStim(__class__=<class 'psychopy.visual.text.TextStim'>, alignHoriz=method-wrapper(...), alignText='center', alignVert=method-wrapper(...), anchorHoriz='center', anchorVert='center', antialias=True, autoDraw=False, autoLog=True, bold=False, color=array([-1, -1, -1]), colorSpace='rgb', contrast=1.0, depth=0.0, flipHoriz=False, flipVert=False, font='Arial', fontFiles=[], height=0.05, italic=False, languageStyle='LTR', name='EndText', opacity=1.0, ori=0, pos=array([0., 0.]), rgb=UNKNOWN, text=str(...), units='height', win=Window(...), wrapWidth=1)
7.5195 	EXP 	slider_2: autoLog = True
7.5195 	EXP 	slider_2: markerPos = 3
7.5195 	EXP 	slider_2: styleTweaks = []
7.5195 	EXP 	slider_2: styleTweaks = []
7.5195 	EXP 	slider_2: styleTweaks = ['labels45']
7.5195 	EXP 	slider_2: styleTweaks = ['labels45']
7.5195 	EXP 	slider_2: contrast = 1.0
7.5195 	EXP 	slider_2: autoLog = True
7.5195 	EXP 	ques_instr: autoDraw = True
8.1216 	DATA 	Mouse: Left button down, pos=(892,419)
8.1527 	EXP 	ques_instr: autoDraw = False
8.1527 	EXP 	slider_2: markerPos = None
8.1527 	EXP 	slider_2: markerPos = 3
8.1527 	EXP 	slider_2: autoDraw = True
8.1527 	EXP 	text_2: autoDraw = True
8.2551 	DATA 	Mouse:  Left button up, pos=(892,419)
9.6761 	DATA 	Mouse: Left button down, pos=(956,546)
9.6870 	EXP 	slider_2: markerPos = 2.985185185185185
9.6962 	EXP 	slider_2: markerPos = 2.985185185185185
9.7044 	EXP 	slider_2: markerPos = 2.985185185185185
9.7169 	EXP 	slider_2: markerPos = 2.985185185185185
9.7249 	EXP 	slider_2: markerPos = 2.9814814814814814
9.7333 	EXP 	slider_2: markerPos = 2.977777777777778
9.7435 	EXP 	slider_2: markerPos = 2.974074074074074
9.7518 	EXP 	slider_2: markerPos = 2.9703703703703703
9.7603 	EXP 	slider_2: markerPos = 2.9592592592592593
9.7673 	EXP 	slider_2: markerPos = 2.9407407407407407
9.7760 	EXP 	slider_2: markerPos = 2.9333333333333336
9.7862 	EXP 	slider_2: markerPos = 2.9037037037037035
9.7946 	EXP 	slider_2: markerPos = 2.888888888888889
9.8031 	EXP 	slider_2: markerPos = 2.8444444444444446
9.8151 	EXP 	slider_2: markerPos = 2.7925925925925927
9.8233 	EXP 	slider_2: markerPos = 2.7296296296296294
9.8319 	EXP 	slider_2: markerPos = 2.677777777777778
9.8433 	EXP 	slider_2: markerPos = 2.6222222222222222
9.8529 	EXP 	slider_2: markerPos = 2.6
9.8639 	EXP 	slider_2: markerPos = 2.514814814814815
9.8726 	EXP 	slider_2: markerPos = 2.5
9.8828 	EXP 	slider_2: markerPos = 2.477777777777778
9.8914 	EXP 	slider_2: markerPos = 2.4518518518518517
9.8999 	EXP 	slider_2: markerPos = 2.4444444444444446
9.9071 	EXP 	slider_2: markerPos = 2.4296296296296296
9.9175 	EXP 	slider_2: markerPos = 2.425925925925926
9.9261 	EXP 	slider_2: markerPos = 2.411111111111111
9.9368 	EXP 	slider_2: markerPos = 2.4037037037037035
9.9455 	EXP 	slider_2: markerPos = 2.4
9.9537 	EXP 	slider_2: markerPos = 2.3962962962962964
9.9616 	EXP 	slider_2: markerPos = 2.3962962962962964
9.9741 	EXP 	slider_2: markerPos = 2.3962962962962964
9.9819 	EXP 	slider_2: markerPos = 2.3962962962962964
9.9913 	EXP 	slider_2: markerPos = 2.3962962962962964
10.0025 	EXP 	slider_2: markerPos = 2.3962962962962964
10.0120 	EXP 	slider_2: markerPos = 2.3962962962962964
10.0193 	EXP 	slider_2: markerPos = 2.3962962962962964
10.0292 	EXP 	slider_2: markerPos = 2.3962962962962964
10.0375 	EXP 	slider_2: markerPos = 2.3962962962962964
10.0459 	EXP 	slider_2: markerPos = 2.3962962962962964
10.0575 	EXP 	slider_2: markerPos = 2.3962962962962964
10.0652 	EXP 	slider_2: markerPos = 2.3962962962962964
10.0739 	EXP 	slider_2: markerPos = 2.4037037037037035
10.0856 	EXP 	slider_2: markerPos = 2.4074074074074074
10.0942 	EXP 	slider_2: markerPos = 2.4185185185185185
10.1013 	EXP 	slider_2: markerPos = 2.466666666666667
10.1118 	EXP 	slider_2: markerPos = 2.466666666666667
10.1224 	EXP 	slider_2: markerPos = 2.5074074074074075
10.1338 	EXP 	slider_2: markerPos = 2.514814814814815
10.1419 	EXP 	slider_2: markerPos = 2.5444444444444443
10.1506 	EXP 	slider_2: markerPos = 2.5555555555555554
10.1621 	EXP 	slider_2: markerPos = 2.562962962962963
10.1693 	EXP 	slider_2: markerPos = 2.562962962962963
10.1774 	EXP 	slider_2: markerPos = 2.562962962962963
10.1894 	EXP 	slider_2: markerPos = 2.562962962962963
10.1969 	EXP 	slider_2: markerPos = 2.562962962962963
10.2049 	EXP 	slider_2: markerPos = 2.562962962962963
10.2170 	EXP 	slider_2: markerPos = 2.562962962962963
10.2252 	EXP 	slider_2: markerPos = 2.562962962962963
10.2334 	DATA 	Mouse:  Left button up, pos=(842,507)
10.2347 	EXP 	slider_2: markerPos = 2.562962962962963
10.2452 	EXP 	slider_2: markerPos = 2.562962962962963
12.0453 	DATA 	Keypress: escape
12.6471 	EXP 	window1: mouseVisible = True
12.6472 	DEBUG 	Saving data for FaceAttractiveness ExperimentHandler
12.6486 	INFO 	saved data to C:\Users\annak\Documents\GitHub\faceattractiveness_lesion\data/_FaceAttractiveness_2023-04-05_20h08.34.879.psydat
12.6494 	INFO 	saved data to 'C:\\Users\\annak\\Documents\\GitHub\\faceattractiveness_lesion\\data/_FaceAttractiveness_2023-04-05_20h08.34.879.csv'
