19.6255 	INFO 	Loaded monitor calibration from ['2021_12_01 18:33']
19.6334 	WARNING 	User requested fullscreen with size [1536  864], but screen is actually [1920, 1080]. Using actual size
21.0310 	EXP 	Created window1 = Window(allowGUI=True, allowStencil=False, autoLog=True, backendConf=UNKNOWN, bitsMode=UNKNOWN, blendMode='avg', bpc=(8, 8, 8), color=array([0.09803922, 0.09803922, 0.09803922]), colorSpace='rgb', depthBits=8, fullscr=<method-wrapper '__getattribute__' of attributeSetter object at 0x00000232E5134DC0>, gamma=None, gammaErrorPolicy='raise', lms=UNKNOWN, monitor=<psychopy.monitors.calibTools.Monitor object at 0x00000232E74162B0>, multiSample=False, name='window1', numSamples=2, pos=(0, 0), screen=0, size=array([1920, 1080]), stencilBits=0, stereo=False, units='height', useFBO=True, useRetina=False, viewOri=0.0, viewPos=None, viewScale=None, waitBlanking=True, winType='pyglet')
21.0311 	EXP 	window1: mouseVisible = True
21.0312 	EXP 	window1: mouseVisible = False
21.0312 	EXP 	window1: Attempting to measure frame rate of screen (0) ...
21.0312 	EXP 	window1: recordFrameIntervals = False
21.1003 	EXP 	window1: recordFrameIntervals = True
21.1762 	EXP 	Screen (0) actual frame rate measured at 144.09Hz
21.1762 	EXP 	window1: recordFrameIntervals = False
22.8947 	INFO 	keyboard.Keyboard is using iohub backend.
22.9093 	EXP 	Created face_image = ImageStim(__class__=<class 'psychopy.visual.image.ImageStim'>, anchor=('center', 'center'), autoLog=True, color=array([1, 1, 1]), colorSpace='rgb', contrast=1.0, depth=-1.0, flipHoriz=True, flipVert=False, image='sin', interpolate=False, mask=None, maskParams=None, name='face_image', opacity=1.0, ori=0.0, pos=array([  0., 250.]), size=array([960., 540.]), texRes=512, units='pix', win=Window(...))
22.9130 	EXP 	window1: mouseVisible = True
23.1786 	WARNING 	Font b'HelveticaBold' was requested. No similar font found.
23.1951 	DEBUG 	TextBox2 loaded 1 chars with 0 blanks and 1 valid
23.1984 	DEBUG 	TextBox2 loaded 1 chars with 0 blanks and 1 valid
23.1995 	DEBUG 	TextBox2 loaded 1 chars with 0 blanks and 1 valid
23.2005 	DEBUG 	TextBox2 loaded 1 chars with 0 blanks and 1 valid
23.2027 	DEBUG 	TextBox2 loaded 1 chars with 0 blanks and 1 valid
23.2046 	DEBUG 	TextBox2 loaded 1 chars with 0 blanks and 1 valid
23.2065 	DEBUG 	TextBox2 loaded 1 chars with 0 blanks and 1 valid
23.2081 	DEBUG 	TextBox2 loaded 1 chars with 0 blanks and 1 valid
23.2084 	DEBUG 	Uploading Texture Font fontname to graphics card
23.2139 	DEBUG 	Upload of Texture Font fontname complete
23.4436 	WARNING 	Font b'HelveticaBold' was requested. No similar font found.
23.4577 	DEBUG 	TextBox2 loaded 1 chars with 0 blanks and 1 valid
23.4603 	DEBUG 	TextBox2 loaded 1 chars with 0 blanks and 1 valid
23.4616 	DEBUG 	TextBox2 loaded 1 chars with 0 blanks and 1 valid
23.4639 	DEBUG 	TextBox2 loaded 1 chars with 0 blanks and 1 valid
23.4658 	DEBUG 	TextBox2 loaded 1 chars with 0 blanks and 1 valid
23.4680 	DEBUG 	TextBox2 loaded 1 chars with 0 blanks and 1 valid
23.4698 	DEBUG 	TextBox2 loaded 1 chars with 0 blanks and 1 valid
23.4701 	DEBUG 	Uploading Texture Font fontname to graphics card
23.4771 	DEBUG 	Upload of Texture Font fontname complete
23.4863 	EXP 	Created slider_treatment_surgery = Slider(__class__=<class 'psychopy.visual.slider.Slider'>, autoDraw=False, autoLog=True, borderColor=None, color=None, colorSpace='rgb', depth=-2, fillColor=None, flip=False, font='HelveticaBold', granularity=0, labelColor=None, labelHeight=0.05, labelWrapWidth=None, labels=('0% Never', '100% Always'), lineColor=None, markerColor=None, name='slider_treatment_surgery', opacity=None, ori=0, pos=array([ 0.  , -0.28]), readOnly=False, self=UNKNOWN, size=array([1.   , 0.025]), startValue=None, style=['rating'], styleTweaks=['labels45', 'triangleMarker'], ticks=array([  0,  25,  50,  75, 100]), units='height', win=Window(...))
23.4961 	EXP 	Created NextBu = ImageStim(__class__=<class 'psychopy.visual.image.ImageStim'>, anchor=('center', 'center'), autoLog=True, color=array([1, 1, 1]), colorSpace='rgb', contrast=1.0, depth=-3.0, flipHoriz=False, flipVert=False, image='Picture1-eng.png', interpolate=False, mask=None, maskParams=None, name='NextBu', opacity=1.0, ori=0.0, pos=array([0., 0.]), size=array([0.2, 0.1]), texRes=512, units='height', win=Window(...))
23.4962 	EXP 	window1: mouseVisible = True
23.4975 	EXP 	window1: mouseVisible = True
23.5050 	EXP 	Created slider_treatment_radiation = Slider(__class__=<class 'psychopy.visual.slider.Slider'>, autoDraw=False, autoLog=True, borderColor=None, color=None, colorSpace='rgb', depth=-5, fillColor=None, flip=False, font='HelveticaBold', granularity=0, labelColor=None, labelHeight=0.05, labelWrapWidth=None, labels=None, lineColor=None, markerColor=None, name='slider_treatment_radiation', opacity=None, ori=0, pos=array([ 0.  , -0.28]), readOnly=False, self=UNKNOWN, size=array([1.   , 0.025]), startValue=None, style=['rating'], styleTweaks=['triangleMarker'], ticks=array([  0,  25,  50,  75, 100]), units='height', win=Window(...))
23.5567 	EXP 	Created text_treatment_surgery = TextStim(__class__=<class 'psychopy.visual.text.TextStim'>, alignHoriz=method-wrapper(...), alignText='center', alignVert=method-wrapper(...), anchorHoriz='center', anchorVert='center', antialias=True, autoDraw=False, autoLog=True, bold=False, color=array([-1, -1, -1]), colorSpace='rgb', contrast=1.0, depth=-6.0, flipHoriz=False, flipVert=False, font='Open Sans', fontFiles=[], height=0.03, italic=False, languageStyle='LTR', name='text_treatment_surgery', opacity=1.0, ori=0.0, pos=array([0. , 0.5]), rgb=UNKNOWN, text='How likely are you to recommend surgery? ', units='height', win=Window(...), wrapWidth=1)
23.5633 	EXP 	Created text_treatment_radiation = TextStim(__class__=<class 'psychopy.visual.text.TextStim'>, alignHoriz=method-wrapper(...), alignText='center', alignVert=method-wrapper(...), anchorHoriz='center', anchorVert='center', antialias=True, autoDraw=False, autoLog=True, bold=False, color=array([1, 1, 1]), colorSpace='rgb', contrast=1.0, depth=-7.0, flipHoriz=False, flipVert=False, font='Open Sans', fontFiles=[], height=0.05, italic=False, languageStyle='LTR', name='text_treatment_radiation', opacity=1.0, ori=0.0, pos=array([0., 0.]), rgb=UNKNOWN, text='How likely are you to recommend radiation? ', units='height', win=Window(...), wrapWidth=1)
23.5972 	EXP 	Created EndText = TextStim(__class__=<class 'psychopy.visual.text.TextStim'>, alignHoriz=method-wrapper(...), alignText='center', alignVert=method-wrapper(...), anchorHoriz='center', anchorVert='center', antialias=True, autoDraw=False, autoLog=True, bold=False, color=array([-1, -1, -1]), colorSpace='rgb', contrast=1.0, depth=0.0, flipHoriz=False, flipVert=False, font='Arial', fontFiles=[], height=0.05, italic=False, languageStyle='LTR', name='EndText', opacity=1.0, ori=0, pos=array([0., 0.]), rgb=UNKNOWN, text=str(...), units='height', win=Window(...), wrapWidth=1)
23.6016 	DEBUG 	Read excel file with openpyxl: Rating_BlockOrder.xlsx
23.6017 	EXP 	Imported Rating_BlockOrder.xlsx as conditions, 1 conditions, 3 params
23.6020 	EXP 	Created sequence: fullRandom, trialTypes=1, nReps=1, seed=None
23.6022 	EXP 	New trial (rep=0, index=0): {'Task': 'treatment', 'LeftLabel': '0% Never', 'RightLabel': '100% Always'}
23.6027 	EXP 	Created sequence: sequential, trialTypes=1, nReps=95, seed=None
23.6030 	EXP 	New trial (rep=0, index=0): None
23.6126 	EXP 	slider_treatment_surgery: autoLog = True
23.6126 	EXP 	slider_treatment_surgery: markerPos = None
23.6126 	EXP 	slider_treatment_surgery: styleTweaks = []
23.6126 	EXP 	slider_treatment_surgery: styleTweaks = []
23.6126 	EXP 	slider_treatment_surgery: styleTweaks = ['labels45', 'triangleMarker']
23.6126 	EXP 	slider_treatment_surgery: styleTweaks = ['labels45', 'triangleMarker']
23.6126 	EXP 	slider_treatment_surgery: contrast = 1.0
23.6126 	EXP 	slider_treatment_surgery: autoLog = True
23.6126 	EXP 	slider_treatment_radiation: autoLog = True
23.6126 	EXP 	slider_treatment_radiation: markerPos = None
23.6126 	EXP 	slider_treatment_radiation: styleTweaks = []
23.6126 	EXP 	slider_treatment_radiation: styleTweaks = []
23.6126 	EXP 	slider_treatment_radiation: styleTweaks = ['triangleMarker']
23.6126 	EXP 	slider_treatment_radiation: styleTweaks = ['triangleMarker']
23.6126 	EXP 	slider_treatment_radiation: contrast = 1.0
23.6126 	EXP 	slider_treatment_radiation: autoLog = True
23.6126 	EXP 	face_image: image = 'images/FOREHEAD_006_M_F_N_A.png'
23.6126 	EXP 	slider_treatment_surgery: markerPos = None
23.6126 	EXP 	slider_treatment_surgery: markerPos = None
23.6126 	EXP 	slider_treatment_radiation: markerPos = None
23.6126 	EXP 	slider_treatment_radiation: markerPos = None
23.6126 	EXP 	face_image: autoDraw = True
23.9390 	EXP 	slider_treatment_surgery: autoDraw = True
23.9390 	EXP 	NextBu: autoDraw = True
23.9390 	EXP 	slider_treatment_radiation: autoDraw = True
23.9390 	EXP 	text_treatment_surgery: autoDraw = True
23.9390 	EXP 	text_treatment_radiation: autoDraw = True
33.2052 	DATA 	Keypress: escape
33.8900 	EXP 	window1: mouseVisible = True
33.8900 	DEBUG 	Saving data for FaceAttractiveness ExperimentHandler
33.8910 	INFO 	saved data to C:\Users\annak\Documents\GitHub\faceattractiveness_lesion\data/_FaceAttractiveness_2023-04-05_23h19.13.053.psydat
33.8921 	INFO 	saved data to 'C:\\Users\\annak\\Documents\\GitHub\\faceattractiveness_lesion\\data/_FaceAttractiveness_2023-04-05_23h19.13.053.csv'
