3.8887 	INFO 	Loaded monitor calibration from ['2021_12_01 18:33']
3.8946 	WARNING 	User requested fullscreen with size [1536  864], but screen is actually [1920, 1080]. Using actual size
5.1444 	EXP 	Created window1 = Window(allowGUI=True, allowStencil=False, autoLog=True, backendConf=UNKNOWN, bitsMode=UNKNOWN, blendMode='avg', bpc=(8, 8, 8), color=array([0.09803922, 0.09803922, 0.09803922]), colorSpace='rgb', depthBits=8, fullscr=<method-wrapper '__getattribute__' of attributeSetter object at 0x0000016AE1A24DC0>, gamma=None, gammaErrorPolicy='raise', lms=UNKNOWN, monitor=<psychopy.monitors.calibTools.Monitor object at 0x0000016AE6E972B0>, multiSample=False, name='window1', numSamples=2, pos=(0, 0), screen=0, size=array([1920, 1080]), stencilBits=0, stereo=False, units='height', useFBO=True, useRetina=False, viewOri=0.0, viewPos=None, viewScale=None, waitBlanking=True, winType='pyglet')
5.1444 	EXP 	window1: mouseVisible = True
5.1445 	EXP 	window1: mouseVisible = False
5.1445 	EXP 	window1: Attempting to measure frame rate of screen (0) ...
5.1446 	EXP 	window1: recordFrameIntervals = False
5.2139 	EXP 	window1: recordFrameIntervals = True
5.2904 	EXP 	Screen (0) actual frame rate measured at 142.88Hz
5.2904 	EXP 	window1: recordFrameIntervals = False
6.8971 	INFO 	keyboard.Keyboard is using iohub backend.
6.9005 	EXP 	window1: mouseVisible = True
6.9225 	DEBUG 	TextBox2 loaded 1 chars with 0 blanks and 1 valid
6.9235 	DEBUG 	TextBox2 loaded 1 chars with 0 blanks and 1 valid
6.9243 	DEBUG 	TextBox2 loaded 1 chars with 0 blanks and 1 valid
6.9252 	DEBUG 	TextBox2 loaded 1 chars with 0 blanks and 1 valid
6.9257 	DEBUG 	TextBox2 loaded 1 chars with 0 blanks and 1 valid
6.9264 	DEBUG 	TextBox2 loaded 1 chars with 0 blanks and 1 valid
6.9273 	DEBUG 	TextBox2 loaded 1 chars with 0 blanks and 1 valid
6.9282 	DEBUG 	TextBox2 loaded 1 chars with 0 blanks and 1 valid
6.9290 	DEBUG 	TextBox2 loaded 1 chars with 0 blanks and 1 valid
6.9297 	DEBUG 	TextBox2 loaded 1 chars with 0 blanks and 1 valid
6.9306 	DEBUG 	TextBox2 loaded 1 chars with 0 blanks and 1 valid
6.9313 	DEBUG 	TextBox2 loaded 1 chars with 0 blanks and 1 valid
6.9315 	DEBUG 	Uploading Texture Font fontname to graphics card
6.9418 	DEBUG 	Upload of Texture Font fontname complete
6.9568 	DEBUG 	TextBox2 loaded 1 chars with 0 blanks and 1 valid
6.9571 	DEBUG 	Uploading Texture Font fontname to graphics card
6.9620 	DEBUG 	Upload of Texture Font fontname complete
6.9774 	DEBUG 	TextBox2 loaded 1 chars with 0 blanks and 1 valid
6.9785 	DEBUG 	TextBox2 loaded 1 chars with 0 blanks and 1 valid
6.9794 	DEBUG 	TextBox2 loaded 1 chars with 0 blanks and 1 valid
6.9804 	DEBUG 	TextBox2 loaded 1 chars with 0 blanks and 1 valid
6.9811 	DEBUG 	TextBox2 loaded 1 chars with 0 blanks and 1 valid
6.9820 	DEBUG 	TextBox2 loaded 1 chars with 0 blanks and 1 valid
6.9822 	DEBUG 	Uploading Texture Font fontname to graphics card
6.9870 	DEBUG 	Upload of Texture Font fontname complete
7.0025 	DEBUG 	TextBox2 loaded 1 chars with 0 blanks and 1 valid
7.0027 	DEBUG 	Uploading Texture Font fontname to graphics card
7.0069 	DEBUG 	Upload of Texture Font fontname complete
7.0224 	DEBUG 	TextBox2 loaded 1 chars with 0 blanks and 1 valid
7.0235 	DEBUG 	TextBox2 loaded 1 chars with 0 blanks and 1 valid
7.0236 	DEBUG 	Uploading Texture Font fontname to graphics card
7.0285 	DEBUG 	Upload of Texture Font fontname complete
7.0400 	EXP 	Created slider_rad_therapy = Slider(__class__=<class 'psychopy.visual.slider.Slider'>, autoDraw=False, autoLog=True, borderColor=None, color=None, colorSpace='rgb', depth=0, fillColor=None, flip=False, font='Arial', granularity=0.0, labelColor=None, labelHeight=0.03, labelWrapWidth=None, labels=tuple(...), lineColor=None, markerColor=None, name='slider_rad_therapy', opacity=None, ori=0.0, pos=array([0., 0.]), readOnly=False, self=UNKNOWN, size=array([1. , 0.1]), startValue=3, style='rating', styleTweaks=['labels45'], ticks=array([1, 2, 3, 4, 5]), units='height', win=Window(...))
7.0911 	EXP 	Created text_rad_therapy = TextStim(__class__=<class 'psychopy.visual.text.TextStim'>, alignHoriz=method-wrapper(...), alignText='center', alignVert=method-wrapper(...), anchorHoriz='center', anchorVert='center', antialias=True, autoDraw=False, autoLog=True, bold=False, color=array([1, 1, 1]), colorSpace='rgb', contrast=1.0, depth=-1.0, flipHoriz=False, flipVert=False, font='Open Sans', fontFiles=[], height=0.05, italic=False, languageStyle='LTR', name='text_rad_therapy', opacity=1.0, ori=0.0, pos=array([0. , 0.3]), rgb=UNKNOWN, text=str(...), units='height', win=Window(...), wrapWidth=1)
7.0924 	EXP 	window1: mouseVisible = True
7.1737 	EXP 	Created slider_surgery = Slider(__class__=<class 'psychopy.visual.slider.Slider'>, autoDraw=False, autoLog=True, borderColor=None, color=None, colorSpace='rgb', depth=-2, fillColor=None, flip=False, font='Arial', granularity=0.0, labelColor=None, labelHeight=0.03, labelWrapWidth=None, labels=tuple(...), lineColor=None, markerColor=None, name='slider_surgery', opacity=None, ori=0.0, pos=array([ 0. , -0.3]), readOnly=False, self=UNKNOWN, size=array([1. , 0.1]), startValue=3, style='rating', styleTweaks=['labels45'], ticks=array([1, 2, 3, 4, 5]), units='height', win=Window(...))
7.1789 	EXP 	Created text_surgery = TextStim(__class__=<class 'psychopy.visual.text.TextStim'>, alignHoriz=method-wrapper(...), alignText='center', alignVert=method-wrapper(...), anchorHoriz='center', anchorVert='center', antialias=True, autoDraw=False, autoLog=True, bold=False, color=array([1, 1, 1]), colorSpace='rgb', contrast=1.0, depth=-3.0, flipHoriz=False, flipVert=False, font='Open Sans', fontFiles=[], height=0.05, italic=False, languageStyle='LTR', name='text_surgery', opacity=1.0, ori=0.0, pos=array([0. , 0.1]), rgb=UNKNOWN, text=str(...), units='height', win=Window(...), wrapWidth=1)
7.2138 	EXP 	Created EndText = TextStim(__class__=<class 'psychopy.visual.text.TextStim'>, alignHoriz=method-wrapper(...), alignText='center', alignVert=method-wrapper(...), anchorHoriz='center', anchorVert='center', antialias=True, autoDraw=False, autoLog=True, bold=False, color=array([-1, -1, -1]), colorSpace='rgb', contrast=1.0, depth=0.0, flipHoriz=False, flipVert=False, font='Arial', fontFiles=[], height=0.05, italic=False, languageStyle='LTR', name='EndText', opacity=1.0, ori=0, pos=array([0., 0.]), rgb=UNKNOWN, text=str(...), units='height', win=Window(...), wrapWidth=1)
7.2578 	EXP 	slider_rad_therapy: autoLog = True
7.2578 	EXP 	slider_rad_therapy: markerPos = 3
7.2578 	EXP 	slider_rad_therapy: styleTweaks = []
7.2578 	EXP 	slider_rad_therapy: styleTweaks = []
7.2578 	EXP 	slider_rad_therapy: styleTweaks = ['labels45']
7.2578 	EXP 	slider_rad_therapy: styleTweaks = ['labels45']
7.2578 	EXP 	slider_rad_therapy: contrast = 1.0
7.2578 	EXP 	slider_rad_therapy: autoLog = True
7.2578 	EXP 	slider_surgery: autoLog = True
7.2578 	EXP 	slider_surgery: markerPos = 3
7.2578 	EXP 	slider_surgery: styleTweaks = []
7.2578 	EXP 	slider_surgery: styleTweaks = []
7.2578 	EXP 	slider_surgery: styleTweaks = ['labels45']
7.2578 	EXP 	slider_surgery: styleTweaks = ['labels45']
7.2578 	EXP 	slider_surgery: contrast = 1.0
7.2578 	EXP 	slider_surgery: autoLog = True
7.2578 	EXP 	slider_rad_therapy: markerPos = None
7.2578 	EXP 	slider_rad_therapy: markerPos = 3
7.2578 	EXP 	slider_surgery: markerPos = None
7.2578 	EXP 	slider_surgery: markerPos = 3
7.2578 	EXP 	slider_rad_therapy: autoDraw = True
7.2578 	EXP 	text_rad_therapy: autoDraw = True
7.2578 	EXP 	slider_surgery: autoDraw = True
7.2578 	EXP 	text_surgery: autoDraw = True
13.1034 	DATA 	Keypress: escape
13.3785 	EXP 	window1: mouseVisible = True
13.3788 	DEBUG 	Saving data for FaceAttractiveness ExperimentHandler
13.3799 	INFO 	saved data to C:\Users\annak\Documents\GitHub\faceattractiveness_lesion\data/_FaceAttractiveness_2023-04-05_20h44.04.508.psydat
13.3806 	INFO 	saved data to 'C:\\Users\\annak\\Documents\\GitHub\\faceattractiveness_lesion\\data/_FaceAttractiveness_2023-04-05_20h44.04.508.csv'
