3.9600 	INFO 	Loaded monitor calibration from ['2021_12_01 18:33']
3.9659 	WARNING 	User requested fullscreen with size [1536  864], but screen is actually [1920, 1080]. Using actual size
5.2372 	EXP 	Created window1 = Window(allowGUI=True, allowStencil=False, autoLog=True, backendConf=UNKNOWN, bitsMode=UNKNOWN, blendMode='avg', bpc=(8, 8, 8), color=array([0.09803922, 0.09803922, 0.09803922]), colorSpace='rgb', depthBits=8, fullscr=<method-wrapper '__getattribute__' of attributeSetter object at 0x000001B0A2496DC0>, gamma=None, gammaErrorPolicy='raise', lms=UNKNOWN, monitor=<psychopy.monitors.calibTools.Monitor object at 0x000001B0A7E28340>, multiSample=False, name='window1', numSamples=2, pos=(0, 0), screen=0, size=array([1920, 1080]), stencilBits=0, stereo=False, units='height', useFBO=True, useRetina=False, viewOri=0.0, viewPos=None, viewScale=None, waitBlanking=True, winType='pyglet')
5.2372 	EXP 	window1: mouseVisible = True
5.2373 	EXP 	window1: mouseVisible = False
5.2373 	EXP 	window1: Attempting to measure frame rate of screen (0) ...
5.2373 	EXP 	window1: recordFrameIntervals = False
5.3062 	EXP 	window1: recordFrameIntervals = True
5.3824 	EXP 	Screen (0) actual frame rate measured at 145.05Hz
5.3824 	EXP 	window1: recordFrameIntervals = False
7.1011 	INFO 	keyboard.Keyboard is using iohub backend.
7.1140 	EXP 	Created instrBlock = TextStim(__class__=<class 'psychopy.visual.text.TextStim'>, alignHoriz=method-wrapper(...), alignText='center', alignVert=method-wrapper(...), anchorHoriz='center', anchorVert='center', antialias=True, autoDraw=False, autoLog=True, bold=False, color=array([1, 1, 1]), colorSpace='rgb', contrast=1.0, depth=-1.0, flipHoriz=False, flipVert=False, font='Arial', fontFiles=[], height=0.05, italic=False, languageStyle='LTR', name='instrBlock', opacity=1.0, ori=0.0, pos=array([0., 0.]), rgb=UNKNOWN, text='', units='height', win=Window(...), wrapWidth=1)
7.1143 	EXP 	window1: mouseVisible = True
7.1281 	EXP 	Created face_image = ImageStim(__class__=<class 'psychopy.visual.image.ImageStim'>, anchor=('center', 'center'), autoLog=True, color=array([1, 1, 1]), colorSpace='rgb', contrast=1.0, depth=-1.0, flipHoriz=True, flipVert=False, image='sin', interpolate=False, mask=None, maskParams=None, name='face_image', opacity=1.0, ori=0.0, pos=array([  0., 280.]), size=array([960., 540.]), texRes=512, units='pix', win=Window(...))
7.1317 	EXP 	window1: mouseVisible = True
7.2686 	WARNING 	Font b'HelveticaBold' was requested. No similar font found.
7.2840 	DEBUG 	TextBox2 loaded 1 chars with 0 blanks and 1 valid
7.2860 	DEBUG 	TextBox2 loaded 1 chars with 0 blanks and 1 valid
7.2870 	DEBUG 	TextBox2 loaded 1 chars with 0 blanks and 1 valid
7.2880 	DEBUG 	TextBox2 loaded 1 chars with 0 blanks and 1 valid
7.2895 	DEBUG 	TextBox2 loaded 1 chars with 0 blanks and 1 valid
7.2908 	DEBUG 	TextBox2 loaded 1 chars with 0 blanks and 1 valid
7.2921 	DEBUG 	TextBox2 loaded 1 chars with 0 blanks and 1 valid
7.2932 	DEBUG 	TextBox2 loaded 1 chars with 0 blanks and 1 valid
7.2934 	DEBUG 	Uploading Texture Font fontname to graphics card
7.2986 	DEBUG 	Upload of Texture Font fontname complete
7.4071 	WARNING 	Font b'HelveticaBold' was requested. No similar font found.
7.4206 	DEBUG 	TextBox2 loaded 1 chars with 0 blanks and 1 valid
7.4222 	DEBUG 	TextBox2 loaded 1 chars with 0 blanks and 1 valid
7.4232 	DEBUG 	TextBox2 loaded 1 chars with 0 blanks and 1 valid
7.4247 	DEBUG 	TextBox2 loaded 1 chars with 0 blanks and 1 valid
7.4261 	DEBUG 	TextBox2 loaded 1 chars with 0 blanks and 1 valid
7.4275 	DEBUG 	TextBox2 loaded 1 chars with 0 blanks and 1 valid
7.4288 	DEBUG 	TextBox2 loaded 1 chars with 0 blanks and 1 valid
7.4290 	DEBUG 	Uploading Texture Font fontname to graphics card
7.4356 	DEBUG 	Upload of Texture Font fontname complete
7.4447 	EXP 	Created slider_treatment_surgery = Slider(__class__=<class 'psychopy.visual.slider.Slider'>, autoDraw=False, autoLog=True, borderColor=None, color=None, colorSpace='rgb', depth=-2, fillColor=None, flip=False, font='HelveticaBold', granularity=0, labelColor=None, labelHeight=0.03, labelWrapWidth=None, labels=('0% Never', '100% Always'), lineColor=None, markerColor=None, name='slider_treatment_surgery', opacity=None, ori=0, pos=array([0., 0.]), readOnly=False, self=UNKNOWN, size=array([1.  , 0.02]), startValue=None, style=['rating'], styleTweaks=['labels45', 'triangleMarker'], ticks=array([  0,  25,  50,  75, 100]), units='height', win=Window(...))
7.4542 	EXP 	Created NextBu = ImageStim(__class__=<class 'psychopy.visual.image.ImageStim'>, anchor=('center', 'center'), autoLog=True, color=array([1, 1, 1]), colorSpace='rgb', contrast=1.0, depth=-3.0, flipHoriz=False, flipVert=False, image='Picture1-eng.png', interpolate=False, mask=None, maskParams=None, name='NextBu', opacity=1.0, ori=0.0, pos=array([0., 0.]), size=array([0.2, 0.1]), texRes=512, units='height', win=Window(...))
7.4543 	EXP 	window1: mouseVisible = True
7.4556 	EXP 	window1: mouseVisible = True
7.5659 	WARNING 	Font b'HelveticaBold' was requested. No similar font found.
7.6891 	WARNING 	Font b'HelveticaBold' was requested. No similar font found.
7.7113 	EXP 	Created slider_treatment_radiation = Slider(__class__=<class 'psychopy.visual.slider.Slider'>, autoDraw=False, autoLog=True, borderColor=None, color=None, colorSpace='rgb', depth=-5, fillColor=None, flip=False, font='HelveticaBold', granularity=0, labelColor=None, labelHeight=0.03, labelWrapWidth=None, labels=('0% Never', '100% Always'), lineColor=None, markerColor=None, name='slider_treatment_radiation', opacity=None, ori=0, pos=array([ 0. , -0.3]), readOnly=False, self=UNKNOWN, size=array([1.   , 0.025]), startValue=None, style=['rating'], styleTweaks=['triangleMarker'], ticks=array([  0,  25,  50,  75, 100]), units='height', win=Window(...))
7.7507 	EXP 	Created text_treatment_surgery = TextStim(__class__=<class 'psychopy.visual.text.TextStim'>, alignHoriz=method-wrapper(...), alignText='center', alignVert=method-wrapper(...), anchorHoriz='center', anchorVert='center', antialias=True, autoDraw=False, autoLog=True, bold=False, color=array([-1, -1, -1]), colorSpace='rgb', contrast=1.0, depth=-6.0, flipHoriz=False, flipVert=False, font='Open Sans', fontFiles=[], height=0.03, italic=False, languageStyle='LTR', name='text_treatment_surgery', opacity=1.0, ori=0.0, pos=array([0.  , 0.05]), rgb=UNKNOWN, text='How likely are you to recommend surgery? ', units='height', win=Window(...), wrapWidth=1)
7.7529 	EXP 	Created text_treatment_radiation = TextStim(__class__=<class 'psychopy.visual.text.TextStim'>, alignHoriz=method-wrapper(...), alignText='center', alignVert=method-wrapper(...), anchorHoriz='center', anchorVert='center', antialias=True, autoDraw=False, autoLog=True, bold=False, color=array([-1, -1, -1]), colorSpace='rgb', contrast=1.0, depth=-7.0, flipHoriz=False, flipVert=False, font='Open Sans', fontFiles=[], height=0.03, italic=False, languageStyle='LTR', name='text_treatment_radiation', opacity=1.0, ori=0.0, pos=array([ 0. , -0.2]), rgb=UNKNOWN, text='How likely are you to recommend radiation? ', units='height', win=Window(...), wrapWidth=1)
7.7838 	EXP 	Created EndText = TextStim(__class__=<class 'psychopy.visual.text.TextStim'>, alignHoriz=method-wrapper(...), alignText='center', alignVert=method-wrapper(...), anchorHoriz='center', anchorVert='center', antialias=True, autoDraw=False, autoLog=True, bold=False, color=array([-1, -1, -1]), colorSpace='rgb', contrast=1.0, depth=0.0, flipHoriz=False, flipVert=False, font='Arial', fontFiles=[], height=0.05, italic=False, languageStyle='LTR', name='EndText', opacity=1.0, ori=0, pos=array([0., 0.]), rgb=UNKNOWN, text=str(...), units='height', win=Window(...), wrapWidth=1)
7.7881 	DEBUG 	Read excel file with openpyxl: Rating_BlockOrder.xlsx
7.7883 	EXP 	Imported Rating_BlockOrder.xlsx as conditions, 1 conditions, 3 params
7.7886 	EXP 	Created sequence: fullRandom, trialTypes=1, nReps=1, seed=None
7.7887 	EXP 	New trial (rep=0, index=0): {'Task': 'treatment', 'LeftLabel': '0% Never', 'RightLabel': '100% Always'}
7.8064 	EXP 	slider_treatment_surgery: autoLog = True
7.8064 	EXP 	slider_treatment_surgery: markerPos = None
7.8064 	EXP 	slider_treatment_surgery: styleTweaks = []
7.8064 	EXP 	slider_treatment_surgery: styleTweaks = []
7.8064 	EXP 	slider_treatment_surgery: styleTweaks = ['labels45', 'triangleMarker']
7.8064 	EXP 	slider_treatment_surgery: styleTweaks = ['labels45', 'triangleMarker']
7.8064 	EXP 	slider_treatment_surgery: contrast = 1.0
7.8064 	EXP 	slider_treatment_surgery: autoLog = True
7.8064 	EXP 	slider_treatment_radiation: autoLog = True
7.8064 	EXP 	slider_treatment_radiation: markerPos = None
7.8064 	EXP 	slider_treatment_radiation: styleTweaks = []
7.8064 	EXP 	slider_treatment_radiation: styleTweaks = []
7.8064 	EXP 	slider_treatment_radiation: styleTweaks = ['triangleMarker']
7.8064 	EXP 	slider_treatment_radiation: styleTweaks = ['triangleMarker']
7.8064 	EXP 	slider_treatment_radiation: contrast = 1.0
7.8064 	EXP 	slider_treatment_radiation: autoLog = True
7.8064 	EXP 	instrBlock: height = 0.05
7.8064 	EXP 	instrBlock: height = 0.05
7.8064 	EXP 	instrBlock: height = 0.05
7.8064 	EXP 	instrBlock: text = 'Each patient below has been diagnosed with a low-risk, non-sclerosing, early-stage basal cell skin cancer. The patients are otherwise in good health. For each face, please indicate how likely you would be to recommend surgery versus radiation in the management of each lesion. \nPlease click anywhere to start'
7.8064 	EXP 	instrBlock: autoDraw = True
8.1976 	DATA 	Mouse: Left button down, pos=(821,443)
8.3271 	DATA 	Mouse:  Left button up, pos=(821,443)
10.6826 	DATA 	Mouse: Left button down, pos=(983,525)
10.6892 	DEBUG 	Read excel file with openpyxl: faceImages.xlsx
10.6903 	EXP 	Imported faceImages.xlsx as conditions, 95 conditions, 1 params
10.6912 	EXP 	Created sequence: sequential, trialTypes=95, nReps=95, seed=None
10.6915 	EXP 	New trial (rep=0, index=0): {'faceImages': '"FOREHEAD_006_M_F_N_A.png"'}
10.6925 	DEPRECATION 	Couldn't find image "FOREHEAD_006_M_F_N_A.png"; check path? (tried: C:\Users\annak\Documents\GitHub\faceattractiveness_lesion\"FOREHEAD_006_M_F_N_A.png")
10.7223 	EXP 	window1: mouseVisible = True
10.7224 	DEBUG 	Saving data for FaceAttractiveness ExperimentHandler
10.7240 	INFO 	saved data to C:\Users\annak\Documents\GitHub\faceattractiveness_lesion\data/_FaceAttractiveness_2023-04-07_00h01.49.124.psydat
10.7249 	INFO 	saved data to 'C:\\Users\\annak\\Documents\\GitHub\\faceattractiveness_lesion\\data/_FaceAttractiveness_2023-04-07_00h01.49.124.csv'
