4.2095 	INFO 	Loaded monitor calibration from ['2021_12_01 18:33']
4.2164 	WARNING 	User requested fullscreen with size [1536  864], but screen is actually [1920, 1080]. Using actual size
5.4615 	EXP 	Created window1 = Window(allowGUI=True, allowStencil=False, autoLog=True, backendConf=UNKNOWN, bitsMode=UNKNOWN, blendMode='avg', bpc=(8, 8, 8), color=array([0.09803922, 0.09803922, 0.09803922]), colorSpace='rgb', depthBits=8, fullscr=<method-wrapper '__getattribute__' of attributeSetter object at 0x000001C511722D90>, gamma=None, gammaErrorPolicy='raise', lms=UNKNOWN, monitor=<psychopy.monitors.calibTools.Monitor object at 0x000001C5170DA220>, multiSample=False, name='window1', numSamples=2, pos=(0, 0), screen=0, size=array([1920, 1080]), stencilBits=0, stereo=False, units='height', useFBO=True, useRetina=False, viewOri=0.0, viewPos=None, viewScale=None, waitBlanking=True, winType='pyglet')
5.4616 	EXP 	window1: mouseVisible = True
5.4617 	EXP 	window1: mouseVisible = False
5.4617 	EXP 	window1: Attempting to measure frame rate of screen (0) ...
5.4618 	EXP 	window1: recordFrameIntervals = False
5.5307 	EXP 	window1: recordFrameIntervals = True
5.6137 	WARNING 	t of last frame was 12.51ms (=1/79)
5.6848 	WARNING 	t of last frame was 8.94ms (=1/111)
5.6852 	EXP 	Screen (0) actual frame rate measured at 140.71Hz
5.6853 	EXP 	window1: recordFrameIntervals = False
7.4010 	INFO 	keyboard.Keyboard is using iohub backend.
7.4740 	EXP 	Created ques_instr = TextStim(__class__=<class 'psychopy.visual.text.TextStim'>, alignHoriz=method-wrapper(...), alignText='center', alignVert=method-wrapper(...), anchorHoriz='center', anchorVert='center', antialias=True, autoDraw=False, autoLog=True, bold=False, color=array([1, 1, 1]), colorSpace='rgb', contrast=1.0, depth=0.0, flipHoriz=False, flipVert=False, font='Arial', fontFiles=[], height=0.04, italic=False, languageStyle='LTR', name='ques_instr', opacity=1.0, ori=0.0, pos=array([0., 0.]), rgb=UNKNOWN, text=str(...), units='height', win=Window(...), wrapWidth=1)
7.4748 	EXP 	window1: mouseVisible = True
7.4785 	EXP 	window1: mouseVisible = True
7.5021 	DEBUG 	TextBox2 loaded 1 chars with 0 blanks and 1 valid
7.5030 	DEBUG 	TextBox2 loaded 1 chars with 0 blanks and 1 valid
7.5038 	DEBUG 	TextBox2 loaded 1 chars with 0 blanks and 1 valid
7.5048 	DEBUG 	TextBox2 loaded 1 chars with 0 blanks and 1 valid
7.5053 	DEBUG 	TextBox2 loaded 1 chars with 0 blanks and 1 valid
7.5059 	DEBUG 	TextBox2 loaded 1 chars with 0 blanks and 1 valid
7.5067 	DEBUG 	TextBox2 loaded 1 chars with 0 blanks and 1 valid
7.5077 	DEBUG 	TextBox2 loaded 1 chars with 0 blanks and 1 valid
7.5084 	DEBUG 	TextBox2 loaded 1 chars with 0 blanks and 1 valid
7.5092 	DEBUG 	TextBox2 loaded 1 chars with 0 blanks and 1 valid
7.5100 	DEBUG 	TextBox2 loaded 1 chars with 0 blanks and 1 valid
7.5106 	DEBUG 	TextBox2 loaded 1 chars with 0 blanks and 1 valid
7.5108 	DEBUG 	Uploading Texture Font fontname to graphics card
7.5171 	DEBUG 	Upload of Texture Font fontname complete
7.5325 	DEBUG 	TextBox2 loaded 1 chars with 0 blanks and 1 valid
7.5328 	DEBUG 	Uploading Texture Font fontname to graphics card
7.5383 	DEBUG 	Upload of Texture Font fontname complete
7.5539 	DEBUG 	TextBox2 loaded 1 chars with 0 blanks and 1 valid
7.5549 	DEBUG 	TextBox2 loaded 1 chars with 0 blanks and 1 valid
7.5559 	DEBUG 	TextBox2 loaded 1 chars with 0 blanks and 1 valid
7.5568 	DEBUG 	TextBox2 loaded 1 chars with 0 blanks and 1 valid
7.5575 	DEBUG 	TextBox2 loaded 1 chars with 0 blanks and 1 valid
7.5584 	DEBUG 	TextBox2 loaded 1 chars with 0 blanks and 1 valid
7.5587 	DEBUG 	Uploading Texture Font fontname to graphics card
7.5635 	DEBUG 	Upload of Texture Font fontname complete
7.5789 	DEBUG 	TextBox2 loaded 1 chars with 0 blanks and 1 valid
7.5791 	DEBUG 	Uploading Texture Font fontname to graphics card
7.5839 	DEBUG 	Upload of Texture Font fontname complete
7.5995 	DEBUG 	TextBox2 loaded 1 chars with 0 blanks and 1 valid
7.6006 	DEBUG 	TextBox2 loaded 1 chars with 0 blanks and 1 valid
7.6007 	DEBUG 	Uploading Texture Font fontname to graphics card
7.6056 	DEBUG 	Upload of Texture Font fontname complete
7.6159 	EXP 	Created slider_2 = Slider(__class__=<class 'psychopy.visual.slider.Slider'>, autoDraw=False, autoLog=True, borderColor=None, color=None, colorSpace='rgb', depth=0, fillColor=None, flip=False, font='Arial', granularity=0.0, labelColor=None, labelHeight=0.03, labelWrapWidth=None, labels=tuple(...), lineColor=None, markerColor=None, name='slider_2', opacity=None, ori=0.0, pos=array([0., 0.]), readOnly=False, self=UNKNOWN, size=array([1. , 0.1]), startValue=3, style='scrollbar', styleTweaks=['labels45'], ticks=array([1, 2, 3, 4, 5]), units='height', win=Window(...))
7.6462 	EXP 	Created EndText = TextStim(__class__=<class 'psychopy.visual.text.TextStim'>, alignHoriz=method-wrapper(...), alignText='center', alignVert=method-wrapper(...), anchorHoriz='center', anchorVert='center', antialias=True, autoDraw=False, autoLog=True, bold=False, color=array([-1, -1, -1]), colorSpace='rgb', contrast=1.0, depth=0.0, flipHoriz=False, flipVert=False, font='Arial', fontFiles=[], height=0.05, italic=False, languageStyle='LTR', name='EndText', opacity=1.0, ori=0, pos=array([0., 0.]), rgb=UNKNOWN, text=str(...), units='height', win=Window(...), wrapWidth=1)
7.6563 	EXP 	slider_2: autoLog = True
7.6563 	EXP 	slider_2: markerPos = 3
7.6563 	EXP 	slider_2: styleTweaks = []
7.6563 	EXP 	slider_2: styleTweaks = []
7.6563 	EXP 	slider_2: styleTweaks = ['labels45']
7.6563 	EXP 	slider_2: styleTweaks = ['labels45']
7.6563 	EXP 	slider_2: contrast = 1.0
7.6563 	EXP 	slider_2: autoLog = True
7.6563 	EXP 	ques_instr: autoDraw = True
8.8187 	DATA 	Mouse: Left button down, pos=(864,672)
8.8503 	EXP 	ques_instr: autoDraw = False
8.8503 	EXP 	slider_2: markerPos = None
8.8503 	EXP 	slider_2: markerPos = 3
8.8503 	EXP 	slider_2: autoDraw = True
8.9486 	DATA 	Mouse:  Left button up, pos=(864,672)
9.6589 	DATA 	Mouse: Left button down, pos=(969,514)
9.6656 	EXP 	slider_2: markerPos = 3.033333333333333
9.6753 	EXP 	slider_2: markerPos = 3.033333333333333
9.6837 	EXP 	slider_2: markerPos = 3.0148148148148146
9.6925 	EXP 	slider_2: markerPos = 3.0037037037037035
9.7004 	EXP 	slider_2: markerPos = 2.9814814814814814
9.7108 	EXP 	slider_2: markerPos = 2.9518518518518517
9.7197 	EXP 	slider_2: markerPos = 2.8814814814814813
9.7319 	EXP 	slider_2: markerPos = 2.840740740740741
9.7420 	EXP 	slider_2: markerPos = 2.8185185185185184
9.7527 	EXP 	slider_2: markerPos = 2.7666666666666666
9.7605 	EXP 	slider_2: markerPos = 2.737037037037037
9.7689 	EXP 	slider_2: markerPos = 2.7222222222222223
9.7762 	EXP 	slider_2: markerPos = 2.7111111111111112
9.7862 	EXP 	slider_2: markerPos = 2.7037037037037037
9.7955 	EXP 	slider_2: markerPos = 2.677777777777778
9.8037 	EXP 	slider_2: markerPos = 2.6703703703703705
9.8152 	EXP 	slider_2: markerPos = 2.651851851851852
9.8230 	EXP 	slider_2: markerPos = 2.6148148148148147
9.8362 	EXP 	slider_2: markerPos = 2.5814814814814815
9.8453 	EXP 	slider_2: markerPos = 2.551851851851852
9.8571 	EXP 	slider_2: markerPos = 2.525925925925926
9.8649 	EXP 	slider_2: markerPos = 2.4814814814814814
9.8781 	EXP 	slider_2: markerPos = 2.4518518518518517
9.8869 	EXP 	slider_2: markerPos = 2.3666666666666667
9.8989 	EXP 	slider_2: markerPos = 2.3444444444444446
9.9072 	EXP 	slider_2: markerPos = 2.285185185185185
9.9193 	EXP 	slider_2: markerPos = 2.2296296296296294
9.9275 	EXP 	slider_2: markerPos = 2.1555555555555554
9.9343 	EXP 	slider_2: markerPos = 2.1148148148148147
9.9440 	EXP 	slider_2: markerPos = 2.1037037037037036
9.9547 	EXP 	slider_2: markerPos = 2.088888888888889
9.9629 	EXP 	slider_2: markerPos = 2.0777777777777775
9.9749 	EXP 	slider_2: markerPos = 2.0777777777777775
9.9824 	EXP 	slider_2: markerPos = 2.0777777777777775
9.9910 	EXP 	slider_2: markerPos = 2.0777777777777775
10.0026 	EXP 	slider_2: markerPos = 2.0777777777777775
10.0116 	EXP 	slider_2: markerPos = 2.074074074074074
10.0235 	EXP 	slider_2: markerPos = 2.074074074074074
10.0330 	EXP 	slider_2: markerPos = 2.0666666666666664
10.0406 	EXP 	slider_2: markerPos = 2.062962962962963
10.0515 	EXP 	slider_2: markerPos = 2.0555555555555554
10.0606 	EXP 	slider_2: markerPos = 2.0444444444444443
10.0704 	EXP 	slider_2: markerPos = 2.033333333333333
10.0802 	EXP 	slider_2: markerPos = 2.022222222222222
10.0887 	EXP 	slider_2: markerPos = 1.9851851851851852
10.1009 	EXP 	slider_2: markerPos = 1.9666666666666666
10.1093 	EXP 	slider_2: markerPos = 1.951851851851852
10.1210 	EXP 	slider_2: markerPos = 1.9370370370370371
10.1291 	EXP 	slider_2: markerPos = 1.9148148148148147
10.1412 	EXP 	slider_2: markerPos = 1.9037037037037037
10.1487 	EXP 	slider_2: markerPos = 1.9037037037037037
10.1561 	EXP 	slider_2: markerPos = 1.9037037037037037
10.1642 	EXP 	slider_2: markerPos = 1.9037037037037037
10.1765 	EXP 	slider_2: markerPos = 1.9037037037037037
10.1839 	EXP 	slider_2: markerPos = 1.9037037037037037
10.1920 	EXP 	slider_2: markerPos = 1.9037037037037037
10.2046 	EXP 	slider_2: markerPos = 1.9185185185185185
10.2135 	EXP 	slider_2: markerPos = 1.9407407407407407
10.2247 	EXP 	slider_2: markerPos = 1.951851851851852
10.2322 	EXP 	slider_2: markerPos = 2.051851851851852
10.2423 	EXP 	slider_2: markerPos = 2.0962962962962965
10.2528 	EXP 	slider_2: markerPos = 2.137037037037037
10.2607 	EXP 	slider_2: markerPos = 2.2222222222222223
10.2690 	EXP 	slider_2: markerPos = 2.2703703703703706
10.2809 	EXP 	slider_2: markerPos = 2.325925925925926
10.2890 	EXP 	slider_2: markerPos = 2.3814814814814813
10.3012 	EXP 	slider_2: markerPos = 2.437037037037037
10.3094 	EXP 	slider_2: markerPos = 2.5407407407407407
10.3182 	EXP 	slider_2: markerPos = 2.5851851851851855
10.3290 	EXP 	slider_2: markerPos = 2.6333333333333333
10.3375 	EXP 	slider_2: markerPos = 2.674074074074074
10.3505 	EXP 	slider_2: markerPos = 2.7111111111111112
10.3593 	EXP 	slider_2: markerPos = 2.785185185185185
10.3673 	EXP 	slider_2: markerPos = 2.8
10.3787 	EXP 	slider_2: markerPos = 2.837037037037037
10.3881 	EXP 	slider_2: markerPos = 2.9407407407407407
10.3989 	EXP 	slider_2: markerPos = 2.966666666666667
10.4071 	EXP 	slider_2: markerPos = 3.0296296296296297
10.4143 	EXP 	slider_2: markerPos = 3.096296296296296
10.4250 	EXP 	slider_2: markerPos = 3.1259259259259258
10.4332 	EXP 	slider_2: markerPos = 3.214814814814815
10.4412 	EXP 	slider_2: markerPos = 3.251851851851852
10.4521 	EXP 	slider_2: markerPos = 3.3444444444444446
10.4604 	EXP 	slider_2: markerPos = 3.466666666666667
10.4690 	EXP 	slider_2: markerPos = 3.5555555555555554
10.4781 	EXP 	slider_2: markerPos = 3.5925925925925926
10.4900 	EXP 	slider_2: markerPos = 3.637037037037037
10.4973 	EXP 	slider_2: markerPos = 3.862962962962963
10.5076 	EXP 	slider_2: markerPos = 3.862962962962963
10.5169 	EXP 	slider_2: markerPos = 3.974074074074074
10.5252 	EXP 	slider_2: markerPos = 4.040740740740741
10.5375 	EXP 	slider_2: markerPos = 4.0962962962962965
10.5455 	EXP 	slider_2: markerPos = 4.148148148148148
10.5592 	EXP 	slider_2: markerPos = 4.188888888888889
10.5692 	EXP 	slider_2: markerPos = 4.277777777777778
10.5785 	EXP 	slider_2: markerPos = 4.288888888888889
10.5883 	EXP 	slider_2: markerPos = 4.318518518518518
10.5955 	EXP 	slider_2: markerPos = 4.362962962962963
10.6062 	EXP 	slider_2: markerPos = 4.362962962962963
10.6175 	EXP 	slider_2: markerPos = 4.374074074074074
10.6271 	EXP 	slider_2: markerPos = 4.374074074074074
10.6365 	EXP 	slider_2: markerPos = 4.374074074074074
10.6434 	EXP 	slider_2: markerPos = 4.374074074074074
10.6539 	EXP 	slider_2: markerPos = 4.374074074074074
10.6627 	EXP 	slider_2: markerPos = 4.344444444444445
10.6722 	EXP 	slider_2: markerPos = 4.322222222222222
10.6817 	EXP 	slider_2: markerPos = 4.274074074074074
10.7116 	EXP 	slider_2: markerPos = 4.237037037037037
10.7209 	EXP 	slider_2: markerPos = 3.9407407407407407
10.7279 	EXP 	slider_2: markerPos = 3.837037037037037
10.7385 	EXP 	slider_2: markerPos = 3.611111111111111
10.7472 	EXP 	slider_2: markerPos = 3.4814814814814814
10.7591 	EXP 	slider_2: markerPos = 3.3555555555555556
10.7667 	EXP 	slider_2: markerPos = 3.1037037037037036
10.7755 	EXP 	slider_2: markerPos = 2.988888888888889
10.7827 	EXP 	slider_2: markerPos = 2.8851851851851853
10.7926 	EXP 	slider_2: markerPos = 2.7962962962962963
10.8014 	EXP 	slider_2: markerPos = 2.7037037037037037
10.8097 	EXP 	slider_2: markerPos = 2.659259259259259
10.8219 	EXP 	slider_2: markerPos = 2.6185185185185187
10.8296 	EXP 	slider_2: markerPos = 2.511111111111111
10.8377 	EXP 	slider_2: markerPos = 2.511111111111111
10.8452 	EXP 	slider_2: markerPos = 2.4333333333333336
10.8555 	EXP 	slider_2: markerPos = 2.4333333333333336
10.8648 	EXP 	slider_2: markerPos = 2.3333333333333335
10.8732 	EXP 	slider_2: markerPos = 2.2777777777777777
10.8828 	EXP 	slider_2: markerPos = 2.2333333333333334
10.8915 	EXP 	slider_2: markerPos = 2.2037037037037037
10.8995 	EXP 	slider_2: markerPos = 2.1814814814814816
10.9077 	EXP 	slider_2: markerPos = 2.174074074074074
10.9196 	EXP 	slider_2: markerPos = 2.174074074074074
10.9275 	EXP 	slider_2: markerPos = 2.174074074074074
10.9357 	EXP 	slider_2: markerPos = 2.174074074074074
10.9479 	EXP 	slider_2: markerPos = 2.174074074074074
10.9564 	EXP 	slider_2: markerPos = 2.188888888888889
10.9681 	EXP 	slider_2: markerPos = 2.225925925925926
10.9770 	EXP 	slider_2: markerPos = 2.414814814814815
10.9894 	EXP 	slider_2: markerPos = 2.5925925925925926
10.9988 	EXP 	slider_2: markerPos = 2.888888888888889
11.0080 	EXP 	slider_2: markerPos = 3.0555555555555554
11.0169 	EXP 	slider_2: markerPos = 3.2074074074074073
11.0270 	EXP 	slider_2: markerPos = 3.325925925925926
11.0367 	EXP 	slider_2: markerPos = 3.3925925925925924
11.0450 	EXP 	slider_2: markerPos = 3.422222222222222
11.0538 	EXP 	slider_2: markerPos = 3.4296296296296296
11.0654 	EXP 	slider_2: markerPos = 3.4296296296296296
11.0732 	EXP 	slider_2: markerPos = 3.4296296296296296
11.0853 	EXP 	slider_2: markerPos = 3.403703703703704
11.0931 	EXP 	slider_2: markerPos = 3.3444444444444446
11.1023 	EXP 	slider_2: markerPos = 3.2814814814814817
11.1096 	EXP 	slider_2: markerPos = 2.996296296296296
11.1199 	EXP 	slider_2: markerPos = 2.996296296296296
11.1288 	EXP 	slider_2: markerPos = 2.803703703703704
11.1375 	EXP 	slider_2: markerPos = 2.311111111111111
11.1471 	EXP 	slider_2: markerPos = 2.0666666666666664
11.1560 	EXP 	slider_2: markerPos = 1.862962962962963
11.1645 	EXP 	slider_2: markerPos = 1.6925925925925926
11.1783 	EXP 	slider_2: markerPos = 1.625925925925926
11.1902 	EXP 	slider_2: markerPos = 1.5962962962962963
11.1991 	EXP 	slider_2: markerPos = 1.5962962962962963
11.2110 	EXP 	slider_2: markerPos = 1.5962962962962963
11.2193 	EXP 	slider_2: markerPos = 1.6666666666666667
11.2321 	EXP 	slider_2: markerPos = 1.7518518518518518
11.2413 	EXP 	slider_2: markerPos = 2.074074074074074
11.2530 	EXP 	slider_2: markerPos = 2.237037037037037
11.2621 	EXP 	slider_2: markerPos = 2.362962962962963
11.2690 	EXP 	slider_2: markerPos = 2.488888888888889
11.2791 	EXP 	slider_2: markerPos = 2.6185185185185187
11.2876 	EXP 	slider_2: markerPos = 2.6925925925925926
11.2955 	EXP 	slider_2: markerPos = 2.737037037037037
11.3047 	EXP 	slider_2: markerPos = 2.7518518518518515
11.3155 	EXP 	slider_2: markerPos = 2.7518518518518515
11.3241 	EXP 	slider_2: markerPos = 2.7481481481481485
11.3320 	EXP 	slider_2: markerPos = 2.7037037037037037
11.3420 	EXP 	slider_2: markerPos = 2.6185185185185187
11.3499 	EXP 	slider_2: markerPos = 2.514814814814815
11.3582 	EXP 	slider_2: markerPos = 2.362962962962963
11.3653 	EXP 	slider_2: markerPos = 2.2111111111111112
11.3768 	EXP 	slider_2: markerPos = 2.1185185185185187
11.3851 	EXP 	slider_2: markerPos = 2.037037037037037
11.3933 	EXP 	slider_2: markerPos = 1.9814814814814814
11.4060 	EXP 	slider_2: markerPos = 1.9814814814814814
11.4150 	EXP 	slider_2: markerPos = 1.9851851851851852
11.4276 	EXP 	slider_2: markerPos = 2.0185185185185186
11.4350 	EXP 	slider_2: markerPos = 2.1925925925925926
11.4482 	EXP 	slider_2: markerPos = 2.3444444444444446
11.4592 	EXP 	slider_2: markerPos = 2.4962962962962965
11.4697 	EXP 	slider_2: markerPos = 2.674074074074074
11.4839 	EXP 	slider_2: markerPos = 2.7296296296296294
11.4952 	EXP 	slider_2: markerPos = 2.7814814814814817
11.5065 	EXP 	slider_2: markerPos = 2.7814814814814817
11.5195 	EXP 	slider_2: markerPos = 2.774074074074074
11.5311 	EXP 	slider_2: markerPos = 2.7481481481481485
11.5406 	EXP 	slider_2: markerPos = 2.6185185185185187
11.5505 	EXP 	slider_2: markerPos = 2.5074074074074075
11.5631 	EXP 	slider_2: markerPos = 2.4444444444444446
11.5718 	EXP 	slider_2: markerPos = 2.359259259259259
11.5810 	EXP 	slider_2: markerPos = 2.359259259259259
11.5930 	EXP 	slider_2: markerPos = 2.359259259259259
11.6020 	EXP 	slider_2: markerPos = 2.359259259259259
11.6096 	EXP 	slider_2: markerPos = 2.3703703703703702
11.6199 	EXP 	slider_2: markerPos = 2.4185185185185185
11.6327 	EXP 	slider_2: markerPos = 2.503703703703704
11.6422 	EXP 	slider_2: markerPos = 2.5555555555555554
11.6506 	EXP 	slider_2: markerPos = 2.611111111111111
11.6581 	EXP 	slider_2: markerPos = 2.6222222222222222
11.6689 	EXP 	slider_2: markerPos = 2.6222222222222222
11.6785 	EXP 	slider_2: markerPos = 2.6222222222222222
11.6904 	EXP 	slider_2: markerPos = 2.6222222222222222
11.6983 	EXP 	slider_2: markerPos = 2.6222222222222222
11.7096 	EXP 	slider_2: markerPos = 2.6222222222222222
11.7180 	EXP 	slider_2: markerPos = 2.6222222222222222
11.7271 	EXP 	slider_2: markerPos = 2.6259259259259258
11.7342 	EXP 	slider_2: markerPos = 2.6296296296296298
11.7446 	DATA 	Mouse:  Left button up, pos=(862,467)
11.7472 	EXP 	slider_2: markerPos = 2.6296296296296298
11.7564 	EXP 	slider_2: markerPos = 2.6296296296296298
12.6512 	DATA 	Keypress: escape
13.3283 	EXP 	window1: mouseVisible = True
13.3285 	DEBUG 	Saving data for FaceAttractiveness ExperimentHandler
13.3298 	INFO 	saved data to C:\Users\annak\Documents\GitHub\faceattractiveness_lesion\data/_FaceAttractiveness_2023-04-05_20h04.38.062.psydat
13.3309 	INFO 	saved data to 'C:\\Users\\annak\\Documents\\GitHub\\faceattractiveness_lesion\\data/_FaceAttractiveness_2023-04-05_20h04.38.062.csv'
