4.3175 	INFO 	Loaded monitor calibration from ['2021_12_01 18:33']
4.3262 	WARNING 	User requested fullscreen with size [1536  864], but screen is actually [1920, 1080]. Using actual size
5.6512 	EXP 	Created window1 = Window(allowGUI=True, allowStencil=False, autoLog=True, backendConf=UNKNOWN, bitsMode=UNKNOWN, blendMode='avg', bpc=(8, 8, 8), color=array([0.09803922, 0.09803922, 0.09803922]), colorSpace='rgb', depthBits=8, fullscr=<method-wrapper '__getattribute__' of attributeSetter object at 0x000002292E7C4E50>, gamma=None, gammaErrorPolicy='raise', lms=UNKNOWN, monitor=<psychopy.monitors.calibTools.Monitor object at 0x0000022932339340>, multiSample=False, name='window1', numSamples=2, pos=(0, 0), screen=0, size=array([1920, 1080]), stencilBits=0, stereo=False, units='height', useFBO=True, useRetina=False, viewOri=0.0, viewPos=None, viewScale=None, waitBlanking=True, winType='pyglet')
5.6513 	EXP 	window1: mouseVisible = True
5.6515 	EXP 	window1: mouseVisible = False
5.6515 	EXP 	window1: Attempting to measure frame rate of screen (0) ...
5.6515 	EXP 	window1: recordFrameIntervals = False
5.7200 	EXP 	window1: recordFrameIntervals = True
5.7753 	WARNING 	t of last frame was 12.34ms (=1/81)
5.8171 	WARNING 	t of last frame was 13.07ms (=1/76)
5.8879 	WARNING 	t of last frame was 9.21ms (=1/108)
5.8882 	EXP 	Screen (0) actual frame rate measured at 141.16Hz
5.8883 	EXP 	window1: recordFrameIntervals = False
7.6092 	INFO 	keyboard.Keyboard is using iohub backend.
7.6241 	EXP 	Created face_image = ImageStim(__class__=<class 'psychopy.visual.image.ImageStim'>, anchor=('center', 'center'), autoLog=True, color=array([1, 1, 1]), colorSpace='rgb', contrast=1.0, depth=-1.0, flipHoriz=True, flipVert=False, image='sin', interpolate=False, mask=None, maskParams=None, name='face_image', opacity=1.0, ori=0.0, pos=array([  0., 200.]), size=array([960., 540.]), texRes=512, units='pix', win=Window(...))
7.6302 	EXP 	window1: mouseVisible = True
7.6431 	EXP 	Created slider = Slider(__class__=<class 'psychopy.visual.slider.Slider'>, autoDraw=False, autoLog=True, borderColor=None, color=None, colorSpace='rgb', depth=-2, fillColor=None, flip=False, font='HelveticaBold', granularity=0, labelColor=None, labelHeight=0.05, labelWrapWidth=None, labels=None, lineColor=None, markerColor=None, name='slider', opacity=None, ori=0, pos=array([ 0.  , -0.28]), readOnly=False, self=UNKNOWN, size=array([1.   , 0.025]), startValue=None, style=['rating'], styleTweaks=['triangleMarker'], ticks=array([  0,  25,  50,  75, 100]), units='height', win=Window(...))
7.6556 	EXP 	Created NextBu = ImageStim(__class__=<class 'psychopy.visual.image.ImageStim'>, anchor=('center', 'center'), autoLog=True, color=array([1, 1, 1]), colorSpace='rgb', contrast=1.0, depth=-3.0, flipHoriz=False, flipVert=False, image='Picture1-eng.png', interpolate=False, mask=None, maskParams=None, name='NextBu', opacity=1.0, ori=0.0, pos=array([0., 0.]), size=array([0.2, 0.1]), texRes=512, units='height', win=Window(...))
7.6697 	EXP 	Created text_4 = TextStim(__class__=<class 'psychopy.visual.text.TextStim'>, alignHoriz=method-wrapper(...), alignText='center', alignVert=method-wrapper(...), anchorHoriz='center', anchorVert='center', antialias=True, autoDraw=False, autoLog=True, bold=False, color=array([-1, -1, -1]), colorSpace='rgb', contrast=1.0, depth=-4.0, flipHoriz=False, flipVert=False, font='Arial', fontFiles=[], height=0.03, italic=False, languageStyle='LTR', name='text_4', opacity=1.0, ori=0, pos=array([-0.5 , -0.32]), rgb=UNKNOWN, text='', units='height', win=Window(...), wrapWidth=1)
7.6703 	EXP 	Created text_5 = TextStim(__class__=<class 'psychopy.visual.text.TextStim'>, alignHoriz=method-wrapper(...), alignText='center', alignVert=method-wrapper(...), anchorHoriz='center', anchorVert='center', antialias=True, autoDraw=False, autoLog=True, bold=False, color=array([-1, -1, -1]), colorSpace='rgb', contrast=1.0, depth=-5.0, flipHoriz=False, flipVert=False, font='Arial', fontFiles=[], height=0.03, italic=False, languageStyle='LTR', name='text_5', opacity=1.0, ori=0, pos=array([ 0.5 , -0.32]), rgb=UNKNOWN, text='', units='height', win=Window(...), wrapWidth=1)
7.6704 	EXP 	window1: mouseVisible = True
7.6716 	EXP 	window1: mouseVisible = True
7.6800 	EXP 	Created slider_2 = Slider(__class__=<class 'psychopy.visual.slider.Slider'>, autoDraw=False, autoLog=True, borderColor=None, color=None, colorSpace='rgb', depth=-7, fillColor=None, flip=False, font='HelveticaBold', granularity=0, labelColor=None, labelHeight=0.05, labelWrapWidth=None, labels=None, lineColor=None, markerColor=None, name='slider_2', opacity=None, ori=0, pos=array([ 0.  , -0.28]), readOnly=False, self=UNKNOWN, size=array([1.   , 0.025]), startValue=None, style=['rating'], styleTweaks=['triangleMarker'], ticks=array([  0,  25,  50,  75, 100]), units='height', win=Window(...))
7.7190 	EXP 	Created text_2 = TextStim(__class__=<class 'psychopy.visual.text.TextStim'>, alignHoriz=method-wrapper(...), alignText='center', alignVert=method-wrapper(...), anchorHoriz='center', anchorVert='center', antialias=True, autoDraw=False, autoLog=True, bold=False, color=array([1, 1, 1]), colorSpace='rgb', contrast=1.0, depth=-8.0, flipHoriz=False, flipVert=False, font='Open Sans', fontFiles=[], height=0.05, italic=False, languageStyle='LTR', name='text_2', opacity=1.0, ori=0.0, pos=array([0., 0.]), rgb=UNKNOWN, text='How likely are you to recommend surgery? ', units='height', win=Window(...), wrapWidth=1)
7.7215 	EXP 	Created text_3 = TextStim(__class__=<class 'psychopy.visual.text.TextStim'>, alignHoriz=method-wrapper(...), alignText='center', alignVert=method-wrapper(...), anchorHoriz='center', anchorVert='center', antialias=True, autoDraw=False, autoLog=True, bold=False, color=array([1, 1, 1]), colorSpace='rgb', contrast=1.0, depth=-9.0, flipHoriz=False, flipVert=False, font='Open Sans', fontFiles=[], height=0.05, italic=False, languageStyle='LTR', name='text_3', opacity=1.0, ori=0.0, pos=array([0., 0.]), rgb=UNKNOWN, text='How likely are you to recommend radiation? ', units='height', win=Window(...), wrapWidth=1)
7.7541 	EXP 	Created EndText = TextStim(__class__=<class 'psychopy.visual.text.TextStim'>, alignHoriz=method-wrapper(...), alignText='center', alignVert=method-wrapper(...), anchorHoriz='center', anchorVert='center', antialias=True, autoDraw=False, autoLog=True, bold=False, color=array([-1, -1, -1]), colorSpace='rgb', contrast=1.0, depth=0.0, flipHoriz=False, flipVert=False, font='Arial', fontFiles=[], height=0.05, italic=False, languageStyle='LTR', name='EndText', opacity=1.0, ori=0, pos=array([0., 0.]), rgb=UNKNOWN, text=str(...), units='height', win=Window(...), wrapWidth=1)
7.7588 	DEBUG 	Read excel file with openpyxl: Rating_BlockOrder.xlsx
7.7589 	EXP 	Imported Rating_BlockOrder.xlsx as conditions, 1 conditions, 3 params
7.7592 	EXP 	Created sequence: fullRandom, trialTypes=1, nReps=1, seed=None
7.7594 	EXP 	New trial (rep=0, index=0): {'Task': 'treatment', 'LeftLabel': '0% Never', 'RightLabel': '100% Always'}
7.7599 	EXP 	Created sequence: sequential, trialTypes=1, nReps=95, seed=None
7.7602 	EXP 	New trial (rep=0, index=0): None
7.7775 	EXP 	slider: autoLog = True
7.7775 	EXP 	slider: markerPos = None
7.7775 	EXP 	slider: styleTweaks = []
7.7775 	EXP 	slider: styleTweaks = []
7.7775 	EXP 	slider: styleTweaks = ['triangleMarker']
7.7775 	EXP 	slider: styleTweaks = ['triangleMarker']
7.7775 	EXP 	slider: contrast = 1.0
7.7775 	EXP 	slider: autoLog = True
7.7775 	EXP 	slider_2: autoLog = True
7.7775 	EXP 	slider_2: markerPos = None
7.7775 	EXP 	slider_2: styleTweaks = []
7.7775 	EXP 	slider_2: styleTweaks = []
7.7775 	EXP 	slider_2: styleTweaks = ['triangleMarker']
7.7775 	EXP 	slider_2: styleTweaks = ['triangleMarker']
7.7775 	EXP 	slider_2: contrast = 1.0
7.7775 	EXP 	slider_2: autoLog = True
7.7775 	EXP 	face_image: image = 'images/FOREHEAD_006_M_F_N_A.png'
7.7775 	EXP 	slider: markerPos = None
7.7775 	EXP 	slider: markerPos = None
7.7775 	EXP 	text_4: height = 0.03
7.7775 	EXP 	text_4: height = 0.03
7.7775 	EXP 	text_4: height = 0.03
7.7775 	EXP 	text_4: text = '100% Always'
7.7775 	EXP 	text_5: height = 0.03
7.7775 	EXP 	text_5: height = 0.03
7.7775 	EXP 	text_5: height = 0.03
7.7775 	EXP 	text_5: text = '0% Never'
7.7775 	EXP 	slider_2: markerPos = None
7.7775 	EXP 	slider_2: markerPos = None
7.7775 	EXP 	face_image: autoDraw = True
8.0889 	EXP 	slider: autoDraw = True
8.0889 	EXP 	NextBu: autoDraw = True
8.0889 	EXP 	text_4: autoDraw = True
8.0889 	EXP 	text_5: autoDraw = True
8.0889 	EXP 	slider_2: autoDraw = True
8.0889 	EXP 	text_2: autoDraw = True
8.0889 	EXP 	text_3: autoDraw = True
13.0914 	DATA 	Keypress: escape
13.5912 	EXP 	window1: mouseVisible = True
13.5913 	DEBUG 	Saving data for FaceAttractiveness ExperimentHandler
13.5926 	INFO 	saved data to C:\Users\annak\Documents\GitHub\faceattractiveness_lesion\data/_FaceAttractiveness_2023-04-05_23h11.14.290.psydat
13.5939 	INFO 	saved data to 'C:\\Users\\annak\\Documents\\GitHub\\faceattractiveness_lesion\\data/_FaceAttractiveness_2023-04-05_23h11.14.290.csv'
