7.5763 	INFO 	Loaded monitor calibration from ['2021_12_01 18:33']
7.5820 	WARNING 	User requested fullscreen with size [1536  864], but screen is actually [1920, 1080]. Using actual size
10.5052 	EXP 	Created window1 = Window(allowGUI=True, allowStencil=False, autoLog=True, backendConf=UNKNOWN, bitsMode=UNKNOWN, blendMode='avg', bpc=(8, 8, 8), color=array([0.09803922, 0.09803922, 0.09803922]), colorSpace='rgb', depthBits=8, fullscr=<method-wrapper '__getattribute__' of attributeSetter object at 0x000001CC490F2D60>, gamma=None, gammaErrorPolicy='raise', lms=UNKNOWN, monitor=<psychopy.monitors.calibTools.Monitor object at 0x000001CC4CC651C0>, multiSample=False, name='window1', numSamples=2, pos=(0, 0), screen=0, size=array([1920, 1080]), stencilBits=0, stereo=False, units='height', useFBO=True, useRetina=False, viewOri=0.0, viewPos=None, viewScale=None, waitBlanking=True, winType='pyglet')
10.5053 	EXP 	window1: mouseVisible = True
10.5053 	EXP 	window1: mouseVisible = False
10.5053 	EXP 	window1: Attempting to measure frame rate of screen (0) ...
10.5054 	EXP 	window1: recordFrameIntervals = False
10.5748 	EXP 	window1: recordFrameIntervals = True
10.6510 	EXP 	Screen (0) actual frame rate measured at 144.54Hz
10.6510 	EXP 	window1: recordFrameIntervals = False
12.3623 	INFO 	keyboard.Keyboard is using iohub backend.
12.4369 	EXP 	Created ques_instr = TextStim(__class__=<class 'psychopy.visual.text.TextStim'>, alignHoriz=method-wrapper(...), alignText='center', alignVert=method-wrapper(...), anchorHoriz='center', anchorVert='center', antialias=True, autoDraw=False, autoLog=True, bold=False, color=array([1, 1, 1]), colorSpace='rgb', contrast=1.0, depth=0.0, flipHoriz=False, flipVert=False, font='Arial', fontFiles=[], height=0.04, italic=False, languageStyle='LTR', name='ques_instr', opacity=1.0, ori=0.0, pos=array([0., 0.]), rgb=UNKNOWN, text=str(...), units='height', win=Window(...), wrapWidth=1)
12.4371 	EXP 	window1: mouseVisible = True
12.4406 	EXP 	window1: mouseVisible = True
12.4491 	EXP 	Created slider_2 = Slider(__class__=<class 'psychopy.visual.slider.Slider'>, autoDraw=False, autoLog=True, borderColor=None, color=None, colorSpace='rgb', depth=0, fillColor=None, flip=False, font='Open Sans', granularity=0.0, labelColor=None, labelHeight=0.05, labelWrapWidth=None, labels=None, lineColor=None, markerColor=None, name='slider_2', opacity=None, ori=0.0, pos=array([ 0. , -0.4]), readOnly=False, self=UNKNOWN, size=array([1. , 0.1]), startValue=3, style='radio', styleTweaks=[], ticks=array([1, 2, 3, 4, 5]), units='height', win=Window(...))
12.4798 	EXP 	Created EndText = TextStim(__class__=<class 'psychopy.visual.text.TextStim'>, alignHoriz=method-wrapper(...), alignText='center', alignVert=method-wrapper(...), anchorHoriz='center', anchorVert='center', antialias=True, autoDraw=False, autoLog=True, bold=False, color=array([-1, -1, -1]), colorSpace='rgb', contrast=1.0, depth=0.0, flipHoriz=False, flipVert=False, font='Arial', fontFiles=[], height=0.05, italic=False, languageStyle='LTR', name='EndText', opacity=1.0, ori=0, pos=array([0., 0.]), rgb=UNKNOWN, text=str(...), units='height', win=Window(...), wrapWidth=1)
12.4876 	EXP 	slider_2: autoLog = True
12.4876 	EXP 	slider_2: markerPos = 3
12.4876 	EXP 	slider_2: styleTweaks = []
12.4876 	EXP 	slider_2: styleTweaks = []
12.4876 	EXP 	slider_2: styleTweaks = []
12.4876 	EXP 	slider_2: styleTweaks = []
12.4876 	EXP 	slider_2: contrast = 1.0
12.4876 	EXP 	slider_2: autoLog = True
12.4876 	EXP 	ques_instr: autoDraw = True
18.0400 	DATA 	Mouse: wheel shift=(0,1), pos=(747,764)
18.0886 	DATA 	Mouse: Left button down, pos=(747,764)
18.1120 	EXP 	ques_instr: autoDraw = False
18.1120 	EXP 	slider_2: markerPos = None
18.1120 	EXP 	slider_2: markerPos = 3
18.1120 	EXP 	slider_2: autoDraw = True
18.1862 	DATA 	Mouse:  Left button up, pos=(747,764)
19.5954 	DATA 	Mouse: Left button down, pos=(686,107)
19.6020 	EXP 	slider_2: markerPos = 1.9851851851851852
19.6093 	EXP 	slider_2: markerPos = 1.9851851851851852
19.6161 	EXP 	slider_2: markerPos = 1.9851851851851852
19.6231 	EXP 	slider_2: markerPos = 1.9851851851851852
19.6299 	EXP 	slider_2: markerPos = 1.9851851851851852
19.6369 	EXP 	slider_2: markerPos = 1.9851851851851852
19.6438 	EXP 	slider_2: markerPos = 1.9851851851851852
19.6509 	EXP 	slider_2: markerPos = 1.9851851851851852
19.6579 	EXP 	slider_2: markerPos = 1.9851851851851852
19.6647 	EXP 	slider_2: markerPos = 1.9851851851851852
19.6717 	EXP 	slider_2: markerPos = 1.9851851851851852
19.6785 	EXP 	slider_2: markerPos = 1.9851851851851852
19.6856 	EXP 	slider_2: markerPos = 1.9851851851851852
19.6887 	DATA 	Mouse:  Left button up, pos=(686,107)
19.6925 	EXP 	slider_2: markerPos = 1.9851851851851852
19.6993 	EXP 	slider_2: markerPos = 1.9851851851851852
19.7038 	DEBUG 	Read excel file with openpyxl: Rating_BlockOrder.xlsx
19.7039 	EXP 	Imported Rating_BlockOrder.xlsx as conditions, 1 conditions, 3 params
19.7041 	EXP 	Created sequence: fullRandom, trialTypes=1, nReps=1, seed=None
19.7043 	EXP 	New trial (rep=0, index=0): {'Task': 'Attractiveness', 'LeftLabel': 'Extremely  Attractive', 'RightLabel': 'Extremely Unattractive'}
19.7048 	EXP 	Created sequence: sequential, trialTypes=1, nReps=95, seed=None
19.7051 	EXP 	New trial (rep=0, index=0): None
20.3940 	EXP 	window1: mouseVisible = True
20.3964 	DEBUG 	Saving data for FaceAttractiveness ExperimentHandler
20.3977 	INFO 	saved data to C:\Users\annak\Documents\GitHub\faceattractiveness_lesion\data/_FaceAttractiveness_2023-04-05_14h40.37.695.psydat
20.3986 	INFO 	saved data to 'C:\\Users\\annak\\Documents\\GitHub\\faceattractiveness_lesion\\data/_FaceAttractiveness_2023-04-05_14h40.37.695.csv'
