4.3000 	INFO 	Loaded monitor calibration from ['2021_12_01 18:33']
4.3081 	WARNING 	User requested fullscreen with size [1536  864], but screen is actually [1920, 1080]. Using actual size
5.6377 	EXP 	Created window1 = Window(allowGUI=True, allowStencil=False, autoLog=True, backendConf=UNKNOWN, bitsMode=UNKNOWN, blendMode='avg', bpc=(8, 8, 8), color=array([0.09803922, 0.09803922, 0.09803922]), colorSpace='rgb', depthBits=8, fullscr=<method-wrapper '__getattribute__' of attributeSetter object at 0x000002948C5B4DC0>, gamma=None, gammaErrorPolicy='raise', lms=UNKNOWN, monitor=<psychopy.monitors.calibTools.Monitor object at 0x000002949012B220>, multiSample=False, name='window1', numSamples=2, pos=(0, 0), screen=0, size=array([1920, 1080]), stencilBits=0, stereo=False, units='height', useFBO=True, useRetina=False, viewOri=0.0, viewPos=None, viewScale=None, waitBlanking=True, winType='pyglet')
5.6378 	EXP 	window1: mouseVisible = True
5.6379 	EXP 	window1: mouseVisible = False
5.6379 	EXP 	window1: Attempting to measure frame rate of screen (0) ...
5.6379 	EXP 	window1: recordFrameIntervals = False
5.7061 	EXP 	window1: recordFrameIntervals = True
5.7827 	EXP 	Screen (0) actual frame rate measured at 143.92Hz
5.7828 	EXP 	window1: recordFrameIntervals = False
7.6045 	INFO 	keyboard.Keyboard is using iohub backend.
7.6203 	EXP 	Created face_image = ImageStim(__class__=<class 'psychopy.visual.image.ImageStim'>, anchor=('center', 'center'), autoLog=True, color=array([1, 1, 1]), colorSpace='rgb', contrast=1.0, depth=-1.0, flipHoriz=True, flipVert=False, image='sin', interpolate=False, mask=None, maskParams=None, name='face_image', opacity=1.0, ori=0.0, pos=array([  0., 250.]), size=array([960., 540.]), texRes=512, units='pix', win=Window(...))
7.6248 	EXP 	window1: mouseVisible = True
7.7747 	WARNING 	Font b'HelveticaBold' was requested. No similar font found.
7.7983 	DEBUG 	TextBox2 loaded 1 chars with 0 blanks and 1 valid
7.8018 	DEBUG 	TextBox2 loaded 1 chars with 0 blanks and 1 valid
7.8028 	DEBUG 	TextBox2 loaded 1 chars with 0 blanks and 1 valid
7.8038 	DEBUG 	TextBox2 loaded 1 chars with 0 blanks and 1 valid
7.8063 	DEBUG 	TextBox2 loaded 1 chars with 0 blanks and 1 valid
7.8083 	DEBUG 	TextBox2 loaded 1 chars with 0 blanks and 1 valid
7.8101 	DEBUG 	TextBox2 loaded 1 chars with 0 blanks and 1 valid
7.8117 	DEBUG 	TextBox2 loaded 1 chars with 0 blanks and 1 valid
7.8119 	DEBUG 	Uploading Texture Font fontname to graphics card
7.8184 	DEBUG 	Upload of Texture Font fontname complete
7.9237 	WARNING 	Font b'HelveticaBold' was requested. No similar font found.
7.9385 	DEBUG 	TextBox2 loaded 1 chars with 0 blanks and 1 valid
7.9411 	DEBUG 	TextBox2 loaded 1 chars with 0 blanks and 1 valid
7.9423 	DEBUG 	TextBox2 loaded 1 chars with 0 blanks and 1 valid
7.9450 	DEBUG 	TextBox2 loaded 1 chars with 0 blanks and 1 valid
7.9469 	DEBUG 	TextBox2 loaded 1 chars with 0 blanks and 1 valid
7.9493 	DEBUG 	TextBox2 loaded 1 chars with 0 blanks and 1 valid
7.9513 	DEBUG 	TextBox2 loaded 1 chars with 0 blanks and 1 valid
7.9515 	DEBUG 	Uploading Texture Font fontname to graphics card
7.9571 	DEBUG 	Upload of Texture Font fontname complete
7.9665 	EXP 	Created slider = Slider(__class__=<class 'psychopy.visual.slider.Slider'>, autoDraw=False, autoLog=True, borderColor=None, color=None, colorSpace='rgb', depth=-2, fillColor=None, flip=False, font='HelveticaBold', granularity=0, labelColor=None, labelHeight=0.05, labelWrapWidth=None, labels=('0% Never', '100% Always'), lineColor=None, markerColor=None, name='slider', opacity=None, ori=0, pos=array([ 0.  , -0.28]), readOnly=False, self=UNKNOWN, size=array([1.   , 0.025]), startValue=None, style=['rating'], styleTweaks=['labels45', 'triangleMarker'], ticks=array([  0,  25,  50,  75, 100]), units='height', win=Window(...))
7.9762 	EXP 	Created NextBu = ImageStim(__class__=<class 'psychopy.visual.image.ImageStim'>, anchor=('center', 'center'), autoLog=True, color=array([1, 1, 1]), colorSpace='rgb', contrast=1.0, depth=-3.0, flipHoriz=False, flipVert=False, image='Picture1-eng.png', interpolate=False, mask=None, maskParams=None, name='NextBu', opacity=1.0, ori=0.0, pos=array([0., 0.]), size=array([0.2, 0.1]), texRes=512, units='height', win=Window(...))
7.9898 	EXP 	Created text_4 = TextStim(__class__=<class 'psychopy.visual.text.TextStim'>, alignHoriz=method-wrapper(...), alignText='center', alignVert=method-wrapper(...), anchorHoriz='center', anchorVert='center', antialias=True, autoDraw=False, autoLog=True, bold=False, color=array([-1, -1, -1]), colorSpace='rgb', contrast=1.0, depth=-4.0, flipHoriz=False, flipVert=False, font='Arial', fontFiles=[], height=0.03, italic=False, languageStyle='LTR', name='text_4', opacity=1.0, ori=0, pos=array([-0.5 , -0.32]), rgb=UNKNOWN, text='', units='height', win=Window(...), wrapWidth=1)
7.9903 	EXP 	Created text_5 = TextStim(__class__=<class 'psychopy.visual.text.TextStim'>, alignHoriz=method-wrapper(...), alignText='center', alignVert=method-wrapper(...), anchorHoriz='center', anchorVert='center', antialias=True, autoDraw=False, autoLog=True, bold=False, color=array([-1, -1, -1]), colorSpace='rgb', contrast=1.0, depth=-5.0, flipHoriz=False, flipVert=False, font='Arial', fontFiles=[], height=0.03, italic=False, languageStyle='LTR', name='text_5', opacity=1.0, ori=0, pos=array([ 0.5 , -0.32]), rgb=UNKNOWN, text='', units='height', win=Window(...), wrapWidth=1)
7.9904 	EXP 	window1: mouseVisible = True
7.9919 	EXP 	window1: mouseVisible = True
7.9997 	EXP 	Created slider_2 = Slider(__class__=<class 'psychopy.visual.slider.Slider'>, autoDraw=False, autoLog=True, borderColor=None, color=None, colorSpace='rgb', depth=-7, fillColor=None, flip=False, font='HelveticaBold', granularity=0, labelColor=None, labelHeight=0.05, labelWrapWidth=None, labels=None, lineColor=None, markerColor=None, name='slider_2', opacity=None, ori=0, pos=array([ 0.  , -0.28]), readOnly=False, self=UNKNOWN, size=array([1.   , 0.025]), startValue=None, style=['rating'], styleTweaks=['triangleMarker'], ticks=array([  0,  25,  50,  75, 100]), units='height', win=Window(...))
8.0385 	EXP 	Created text_2 = TextStim(__class__=<class 'psychopy.visual.text.TextStim'>, alignHoriz=method-wrapper(...), alignText='center', alignVert=method-wrapper(...), anchorHoriz='center', anchorVert='center', antialias=True, autoDraw=False, autoLog=True, bold=False, color=array([1, 1, 1]), colorSpace='rgb', contrast=1.0, depth=-8.0, flipHoriz=False, flipVert=False, font='Open Sans', fontFiles=[], height=0.05, italic=False, languageStyle='LTR', name='text_2', opacity=1.0, ori=0.0, pos=array([0., 0.]), rgb=UNKNOWN, text='How likely are you to recommend surgery? ', units='height', win=Window(...), wrapWidth=1)
8.0409 	EXP 	Created text_3 = TextStim(__class__=<class 'psychopy.visual.text.TextStim'>, alignHoriz=method-wrapper(...), alignText='center', alignVert=method-wrapper(...), anchorHoriz='center', anchorVert='center', antialias=True, autoDraw=False, autoLog=True, bold=False, color=array([1, 1, 1]), colorSpace='rgb', contrast=1.0, depth=-9.0, flipHoriz=False, flipVert=False, font='Open Sans', fontFiles=[], height=0.05, italic=False, languageStyle='LTR', name='text_3', opacity=1.0, ori=0.0, pos=array([0., 0.]), rgb=UNKNOWN, text='How likely are you to recommend radiation? ', units='height', win=Window(...), wrapWidth=1)
8.0737 	EXP 	Created EndText = TextStim(__class__=<class 'psychopy.visual.text.TextStim'>, alignHoriz=method-wrapper(...), alignText='center', alignVert=method-wrapper(...), anchorHoriz='center', anchorVert='center', antialias=True, autoDraw=False, autoLog=True, bold=False, color=array([-1, -1, -1]), colorSpace='rgb', contrast=1.0, depth=0.0, flipHoriz=False, flipVert=False, font='Arial', fontFiles=[], height=0.05, italic=False, languageStyle='LTR', name='EndText', opacity=1.0, ori=0, pos=array([0., 0.]), rgb=UNKNOWN, text=str(...), units='height', win=Window(...), wrapWidth=1)
8.0782 	DEBUG 	Read excel file with openpyxl: Rating_BlockOrder.xlsx
8.0783 	EXP 	Imported Rating_BlockOrder.xlsx as conditions, 1 conditions, 3 params
8.0786 	EXP 	Created sequence: fullRandom, trialTypes=1, nReps=1, seed=None
8.0787 	EXP 	New trial (rep=0, index=0): {'Task': 'treatment', 'LeftLabel': '0% Never', 'RightLabel': '100% Always'}
8.0793 	EXP 	Created sequence: sequential, trialTypes=1, nReps=95, seed=None
8.0795 	EXP 	New trial (rep=0, index=0): None
8.0985 	EXP 	slider: autoLog = True
8.0985 	EXP 	slider: markerPos = None
8.0985 	EXP 	slider: styleTweaks = []
8.0985 	EXP 	slider: styleTweaks = []
8.0985 	EXP 	slider: styleTweaks = ['labels45', 'triangleMarker']
8.0985 	EXP 	slider: styleTweaks = ['labels45', 'triangleMarker']
8.0985 	EXP 	slider: contrast = 1.0
8.0985 	EXP 	slider: autoLog = True
8.0985 	EXP 	slider_2: autoLog = True
8.0985 	EXP 	slider_2: markerPos = None
8.0985 	EXP 	slider_2: styleTweaks = []
8.0985 	EXP 	slider_2: styleTweaks = []
8.0985 	EXP 	slider_2: styleTweaks = ['triangleMarker']
8.0985 	EXP 	slider_2: styleTweaks = ['triangleMarker']
8.0985 	EXP 	slider_2: contrast = 1.0
8.0985 	EXP 	slider_2: autoLog = True
8.0985 	EXP 	face_image: image = 'images/FOREHEAD_006_M_F_N_A.png'
8.0985 	EXP 	slider: markerPos = None
8.0985 	EXP 	slider: markerPos = None
8.0985 	EXP 	text_4: height = 0.03
8.0985 	EXP 	text_4: height = 0.03
8.0985 	EXP 	text_4: height = 0.03
8.0985 	EXP 	text_4: text = '0% Never'
8.0985 	EXP 	text_5: height = 0.03
8.0985 	EXP 	text_5: height = 0.03
8.0985 	EXP 	text_5: height = 0.03
8.0985 	EXP 	text_5: text = '100% Always'
8.0985 	EXP 	slider_2: markerPos = None
8.0985 	EXP 	slider_2: markerPos = None
8.0985 	EXP 	face_image: autoDraw = True
8.4121 	EXP 	slider: autoDraw = True
8.4121 	EXP 	NextBu: autoDraw = True
8.4121 	EXP 	text_4: autoDraw = True
8.4121 	EXP 	text_5: autoDraw = True
8.4121 	EXP 	slider_2: autoDraw = True
8.4121 	EXP 	text_2: autoDraw = True
8.4121 	EXP 	text_3: autoDraw = True
12.7187 	DATA 	Keypress: escape
13.0358 	EXP 	window1: mouseVisible = True
13.0360 	DEBUG 	Saving data for FaceAttractiveness ExperimentHandler
13.0381 	INFO 	saved data to C:\Users\annak\Documents\GitHub\faceattractiveness_lesion\data/_FaceAttractiveness_2023-04-05_23h12.49.255.psydat
13.0399 	INFO 	saved data to 'C:\\Users\\annak\\Documents\\GitHub\\faceattractiveness_lesion\\data/_FaceAttractiveness_2023-04-05_23h12.49.255.csv'
