4.2953 	INFO 	Loaded monitor calibration from ['2021_12_01 18:33']
4.3032 	WARNING 	User requested fullscreen with size [1536  864], but screen is actually [1920, 1080]. Using actual size
5.6727 	EXP 	Created window1 = Window(allowGUI=True, allowStencil=False, autoLog=True, backendConf=UNKNOWN, bitsMode=UNKNOWN, blendMode='avg', bpc=(8, 8, 8), color=array([0.09803922, 0.09803922, 0.09803922]), colorSpace='rgb', depthBits=8, fullscr=<method-wrapper '__getattribute__' of attributeSetter object at 0x000002A709446DC0>, gamma=None, gammaErrorPolicy='raise', lms=UNKNOWN, monitor=<psychopy.monitors.calibTools.Monitor object at 0x000002A70CF1B280>, multiSample=False, name='window1', numSamples=2, pos=(0, 0), screen=0, size=array([1920, 1080]), stencilBits=0, stereo=False, units='height', useFBO=True, useRetina=False, viewOri=0.0, viewPos=None, viewScale=None, waitBlanking=True, winType='pyglet')
5.6732 	EXP 	window1: mouseVisible = True
5.6734 	EXP 	window1: mouseVisible = False
5.6734 	EXP 	window1: Attempting to measure frame rate of screen (0) ...
5.6734 	EXP 	window1: recordFrameIntervals = False
5.7412 	EXP 	window1: recordFrameIntervals = True
5.8186 	EXP 	Screen (0) actual frame rate measured at 143.33Hz
5.8186 	EXP 	window1: recordFrameIntervals = False
7.5386 	INFO 	keyboard.Keyboard is using iohub backend.
7.5699 	EXP 	Created face_image_q = ImageStim(__class__=<class 'psychopy.visual.image.ImageStim'>, anchor=('center', 'center'), autoLog=True, color=array([1, 1, 1]), colorSpace='rgb', contrast=1.0, depth=0.0, flipHoriz=False, flipVert=False, image='images/FOREHEAD_006_M_F_N_A.png', interpolate=True, mask=None, maskParams=None, name='face_image_q', opacity=1.0, ori=0.0, pos=array([  0., 280.]), size=array([0.5, 0.5]), texRes=128.0, units='pix', win=Window(...))
7.5739 	EXP 	window1: mouseVisible = True
7.5928 	DEBUG 	TextBox2 loaded 1 chars with 0 blanks and 1 valid
7.5945 	DEBUG 	TextBox2 loaded 1 chars with 0 blanks and 1 valid
7.5961 	DEBUG 	TextBox2 loaded 1 chars with 0 blanks and 1 valid
7.5975 	DEBUG 	TextBox2 loaded 1 chars with 0 blanks and 1 valid
7.5981 	DEBUG 	TextBox2 loaded 1 chars with 0 blanks and 1 valid
7.5988 	DEBUG 	TextBox2 loaded 1 chars with 0 blanks and 1 valid
7.6002 	DEBUG 	TextBox2 loaded 1 chars with 0 blanks and 1 valid
7.6017 	DEBUG 	TextBox2 loaded 1 chars with 0 blanks and 1 valid
7.6030 	DEBUG 	TextBox2 loaded 1 chars with 0 blanks and 1 valid
7.6052 	DEBUG 	TextBox2 loaded 1 chars with 0 blanks and 1 valid
7.6067 	DEBUG 	TextBox2 loaded 1 chars with 0 blanks and 1 valid
7.6087 	DEBUG 	TextBox2 loaded 1 chars with 0 blanks and 1 valid
7.6107 	DEBUG 	TextBox2 loaded 1 chars with 0 blanks and 1 valid
7.6109 	DEBUG 	Uploading Texture Font fontname to graphics card
7.6176 	DEBUG 	Upload of Texture Font fontname complete
7.6357 	DEBUG 	TextBox2 loaded 1 chars with 0 blanks and 1 valid
7.6373 	DEBUG 	TextBox2 loaded 1 chars with 0 blanks and 1 valid
7.6384 	DEBUG 	TextBox2 loaded 1 chars with 0 blanks and 1 valid
7.6386 	DEBUG 	Uploading Texture Font fontname to graphics card
7.6434 	DEBUG 	Upload of Texture Font fontname complete
7.6605 	DEBUG 	TextBox2 loaded 1 chars with 0 blanks and 1 valid
7.6622 	DEBUG 	TextBox2 loaded 1 chars with 0 blanks and 1 valid
7.6633 	DEBUG 	TextBox2 loaded 1 chars with 0 blanks and 1 valid
7.6649 	DEBUG 	TextBox2 loaded 1 chars with 0 blanks and 1 valid
7.6652 	DEBUG 	Uploading Texture Font fontname to graphics card
7.6701 	DEBUG 	Upload of Texture Font fontname complete
7.6863 	DEBUG 	TextBox2 loaded 1 chars with 0 blanks and 1 valid
7.6887 	DEBUG 	TextBox2 loaded 1 chars with 0 blanks and 1 valid
7.6910 	DEBUG 	TextBox2 loaded 1 chars with 0 blanks and 1 valid
7.6913 	DEBUG 	Uploading Texture Font fontname to graphics card
7.6963 	DEBUG 	Upload of Texture Font fontname complete
7.7133 	DEBUG 	TextBox2 loaded 1 chars with 0 blanks and 1 valid
7.7136 	DEBUG 	Uploading Texture Font fontname to graphics card
7.7178 	DEBUG 	Upload of Texture Font fontname complete
7.7322 	EXP 	Created slider_trustworthy = Slider(__class__=<class 'psychopy.visual.slider.Slider'>, autoDraw=False, autoLog=True, borderColor=None, color=None, colorSpace='rgb', depth=-1, fillColor=None, flip=False, font='Open Sans', granularity=1.0, labelColor=None, labelHeight=0.05, labelWrapWidth=None, labels=tuple(...), lineColor=None, markerColor=None, name='slider_trustworthy', opacity=None, ori=0.0, pos=array([0., 0.]), readOnly=False, self=UNKNOWN, size=array([1.   , 0.025]), startValue=None, style='radio', styleTweaks=['labels45'], ticks=array([1, 2, 3, 4, 5]), units='height', win=Window(...))
7.9691 	EXP 	Created text_trustworthy = TextStim(__class__=<class 'psychopy.visual.text.TextStim'>, alignHoriz=method-wrapper(...), alignText='center', alignVert=method-wrapper(...), anchorHoriz='center', anchorVert='center', antialias=True, autoDraw=False, autoLog=True, bold=False, color=array([1, 1, 1]), colorSpace='rgb', contrast=1.0, depth=-2.0, flipHoriz=False, flipVert=False, font='Open Sans', fontFiles=[], height=0.05, italic=False, languageStyle='LTR', name='text_trustworthy', opacity=1.0, ori=0.0, pos=array([0., 0.]), rgb=UNKNOWN, text=str(...), units='height', win=Window(...), wrapWidth=1)
7.9704 	EXP 	window1: mouseVisible = True
8.0541 	EXP 	Created slider_aggressive = Slider(__class__=<class 'psychopy.visual.slider.Slider'>, autoDraw=False, autoLog=True, borderColor=None, color=None, colorSpace='rgb', depth=-3, fillColor=None, flip=False, font='Open Sans', granularity=1.0, labelColor=None, labelHeight=0.05, labelWrapWidth=None, labels=tuple(...), lineColor=None, markerColor=None, name='slider_aggressive', opacity=None, ori=0.0, pos=array([ 0. , -0.4]), readOnly=False, self=UNKNOWN, size=array([1.   , 0.025]), startValue=None, style='radio', styleTweaks=[], ticks=array([1, 2, 3, 4, 5]), units='height', win=Window(...))
8.0583 	EXP 	Created text_aggressive = TextStim(__class__=<class 'psychopy.visual.text.TextStim'>, alignHoriz=method-wrapper(...), alignText='center', alignVert=method-wrapper(...), anchorHoriz='center', anchorVert='center', antialias=True, autoDraw=False, autoLog=True, bold=False, color=array([1, 1, 1]), colorSpace='rgb', contrast=1.0, depth=-4.0, flipHoriz=False, flipVert=False, font='Open Sans', fontFiles=[], height=0.05, italic=False, languageStyle='LTR', name='text_aggressive', opacity=1.0, ori=0.0, pos=array([0., 0.]), rgb=UNKNOWN, text=str(...), units='height', win=Window(...), wrapWidth=1)
8.0583 	EXP 	window1: mouseVisible = True
8.0764 	EXP 	window1: mouseVisible = True
8.0774 	DEBUG 	Saving data for FaceAttractiveness ExperimentHandler
8.0784 	INFO 	saved data to C:\Users\annak\Documents\GitHub\faceattractiveness_lesion\data/_FaceAttractiveness_2023-04-07_19h43.54.233.psydat
8.0793 	INFO 	saved data to 'C:\\Users\\annak\\Documents\\GitHub\\faceattractiveness_lesion\\data/_FaceAttractiveness_2023-04-07_19h43.54.233.csv'
