5.8508 	INFO 	Loaded monitor calibration from ['2021_12_01 18:33']
5.8578 	WARNING 	User requested fullscreen with size [1536  864], but screen is actually [1920, 1080]. Using actual size
8.3784 	EXP 	Created window1 = Window(allowGUI=True, allowStencil=False, autoLog=True, backendConf=UNKNOWN, bitsMode=UNKNOWN, blendMode='avg', bpc=(8, 8, 8), color=array([0.09803922, 0.09803922, 0.09803922]), colorSpace='rgb', depthBits=8, fullscr=<method-wrapper '__getattribute__' of attributeSetter object at 0x0000020DF57D2D90>, gamma=None, gammaErrorPolicy='raise', lms=UNKNOWN, monitor=<psychopy.monitors.calibTools.Monitor object at 0x0000020DF9345070>, multiSample=False, name='window1', numSamples=2, pos=(0, 0), screen=0, size=array([1920, 1080]), stencilBits=0, stereo=False, units='height', useFBO=True, useRetina=False, viewOri=0.0, viewPos=None, viewScale=None, waitBlanking=True, winType='pyglet')
8.3785 	EXP 	window1: mouseVisible = True
8.3786 	EXP 	window1: mouseVisible = False
8.3786 	EXP 	window1: Attempting to measure frame rate of screen (0) ...
8.3786 	EXP 	window1: recordFrameIntervals = False
8.4467 	EXP 	window1: recordFrameIntervals = True
8.5232 	EXP 	Screen (0) actual frame rate measured at 143.85Hz
8.5233 	EXP 	window1: recordFrameIntervals = False
10.1870 	INFO 	keyboard.Keyboard is using iohub backend.
10.3761 	EXP 	Created ques_instr = TextStim(__class__=<class 'psychopy.visual.text.TextStim'>, alignHoriz=method-wrapper(...), alignText='center', alignVert=method-wrapper(...), anchorHoriz='center', anchorVert='center', antialias=True, autoDraw=False, autoLog=True, bold=False, color=array([1, 1, 1]), colorSpace='rgb', contrast=1.0, depth=0.0, flipHoriz=False, flipVert=False, font='Arial', fontFiles=[], height=0.04, italic=False, languageStyle='LTR', name='ques_instr', opacity=1.0, ori=0.0, pos=array([0., 0.]), rgb=UNKNOWN, text=str(...), units='height', win=Window(...), wrapWidth=1)
10.3763 	EXP 	window1: mouseVisible = True
10.3809 	EXP 	window1: mouseVisible = True
10.3905 	EXP 	Created slider_2 = Slider(__class__=<class 'psychopy.visual.slider.Slider'>, autoDraw=False, autoLog=True, borderColor=None, color=None, colorSpace='rgb', depth=0, fillColor=None, flip=False, font='Arial', granularity=0.0, labelColor=None, labelHeight=0.05, labelWrapWidth=None, labels=None, lineColor=None, markerColor=None, name='slider_2', opacity=None, ori=0.0, pos=array([ 0. , -0.4]), readOnly=False, self=UNKNOWN, size=array([1. , 0.1]), startValue=3, style='scrollbar', styleTweaks=[], ticks=array([1, 2, 3, 4, 5]), units='height', win=Window(...))
10.4186 	EXP 	Created EndText = TextStim(__class__=<class 'psychopy.visual.text.TextStim'>, alignHoriz=method-wrapper(...), alignText='center', alignVert=method-wrapper(...), anchorHoriz='center', anchorVert='center', antialias=True, autoDraw=False, autoLog=True, bold=False, color=array([-1, -1, -1]), colorSpace='rgb', contrast=1.0, depth=0.0, flipHoriz=False, flipVert=False, font='Arial', fontFiles=[], height=0.05, italic=False, languageStyle='LTR', name='EndText', opacity=1.0, ori=0, pos=array([0., 0.]), rgb=UNKNOWN, text=str(...), units='height', win=Window(...), wrapWidth=1)
10.4283 	EXP 	slider_2: autoLog = True
10.4283 	EXP 	slider_2: markerPos = 3
10.4283 	EXP 	slider_2: styleTweaks = []
10.4283 	EXP 	slider_2: styleTweaks = []
10.4283 	EXP 	slider_2: styleTweaks = []
10.4283 	EXP 	slider_2: styleTweaks = []
10.4283 	EXP 	slider_2: contrast = 1.0
10.4283 	EXP 	slider_2: autoLog = True
10.4283 	EXP 	ques_instr: autoDraw = True
11.0049 	DATA 	Mouse: Left button down, pos=(1017,396)
11.0159 	EXP 	ques_instr: autoDraw = False
11.0159 	EXP 	slider_2: markerPos = None
11.0159 	EXP 	slider_2: markerPos = 3
11.1624 	DATA 	Mouse:  Left button up, pos=(1017,396)
11.3331 	EXP 	slider_2: autoDraw = True
12.1625 	DATA 	Mouse: Left button down, pos=(966,151)
12.1687 	EXP 	slider_2: markerPos = 3.022222222222222
12.1757 	EXP 	slider_2: markerPos = 3.0185185185185186
12.1826 	EXP 	slider_2: markerPos = 3.0185185185185186
12.1896 	EXP 	slider_2: markerPos = 3.0148148148148146
12.1965 	EXP 	slider_2: markerPos = 3.0148148148148146
12.2033 	EXP 	slider_2: markerPos = 3.0148148148148146
12.2103 	EXP 	slider_2: markerPos = 3.011111111111111
12.2173 	EXP 	slider_2: markerPos = 3.0074074074074075
12.2243 	EXP 	slider_2: markerPos = 3.0
12.2312 	EXP 	slider_2: markerPos = 2.996296296296296
12.2383 	EXP 	slider_2: markerPos = 2.985185185185185
12.2451 	EXP 	slider_2: markerPos = 2.962962962962963
12.2521 	EXP 	slider_2: markerPos = 2.962962962962963
12.2590 	EXP 	slider_2: markerPos = 2.9592592592592593
12.2659 	EXP 	slider_2: markerPos = 2.9333333333333336
12.2729 	EXP 	slider_2: markerPos = 2.925925925925926
12.2798 	EXP 	slider_2: markerPos = 2.9
12.2866 	EXP 	slider_2: markerPos = 2.888888888888889
12.2936 	EXP 	slider_2: markerPos = 2.8777777777777778
12.3008 	EXP 	slider_2: markerPos = 2.8555555555555556
12.3075 	EXP 	slider_2: markerPos = 2.8555555555555556
12.3146 	EXP 	slider_2: markerPos = 2.848148148148148
12.3215 	EXP 	slider_2: markerPos = 2.82962962962963
12.3283 	EXP 	slider_2: markerPos = 2.822222222222222
12.3353 	EXP 	slider_2: markerPos = 2.8185185185185184
12.3423 	EXP 	slider_2: markerPos = 2.803703703703704
12.3493 	EXP 	slider_2: markerPos = 2.803703703703704
12.3562 	EXP 	slider_2: markerPos = 2.7962962962962963
12.3632 	EXP 	slider_2: markerPos = 2.7777777777777777
12.3701 	EXP 	slider_2: markerPos = 2.7703703703703706
12.3770 	EXP 	slider_2: markerPos = 2.762962962962963
12.3837 	EXP 	slider_2: markerPos = 2.7555555555555555
12.3908 	EXP 	slider_2: markerPos = 2.7555555555555555
12.3979 	EXP 	slider_2: markerPos = 2.7407407407407405
12.4048 	EXP 	slider_2: markerPos = 2.7333333333333334
12.4119 	EXP 	slider_2: markerPos = 2.7296296296296294
12.4187 	EXP 	slider_2: markerPos = 2.7185185185185183
12.4257 	EXP 	slider_2: markerPos = 2.7111111111111112
12.4326 	EXP 	slider_2: markerPos = 2.7074074074074073
12.4394 	EXP 	slider_2: markerPos = 2.7074074074074073
12.4465 	EXP 	slider_2: markerPos = 2.677777777777778
12.4534 	EXP 	slider_2: markerPos = 2.677777777777778
12.4603 	EXP 	slider_2: markerPos = 2.6703703703703705
12.4672 	EXP 	slider_2: markerPos = 2.662962962962963
12.4741 	EXP 	slider_2: markerPos = 2.651851851851852
12.4813 	EXP 	slider_2: markerPos = 2.6444444444444444
12.4881 	EXP 	slider_2: markerPos = 2.6222222222222222
12.4950 	EXP 	slider_2: markerPos = 2.6222222222222222
12.5020 	EXP 	slider_2: markerPos = 2.611111111111111
12.5090 	EXP 	slider_2: markerPos = 2.6037037037037036
12.5158 	EXP 	slider_2: markerPos = 2.5962962962962965
12.5229 	EXP 	slider_2: markerPos = 2.588888888888889
12.5297 	EXP 	slider_2: markerPos = 2.5851851851851855
12.5367 	EXP 	slider_2: markerPos = 2.5703703703703704
12.5438 	EXP 	slider_2: markerPos = 2.5666666666666664
12.5507 	EXP 	slider_2: markerPos = 2.5666666666666664
12.5577 	EXP 	slider_2: markerPos = 2.562962962962963
12.5645 	EXP 	slider_2: markerPos = 2.562962962962963
12.5715 	EXP 	slider_2: markerPos = 2.5555555555555554
12.5783 	EXP 	slider_2: markerPos = 2.5481481481481483
12.5853 	EXP 	slider_2: markerPos = 2.533333333333333
12.5924 	EXP 	slider_2: markerPos = 2.514814814814815
12.5993 	EXP 	slider_2: markerPos = 2.5
12.6062 	EXP 	slider_2: markerPos = 2.5
12.6130 	EXP 	slider_2: markerPos = 2.477777777777778
12.6200 	EXP 	slider_2: markerPos = 2.462962962962963
12.6269 	EXP 	slider_2: markerPos = 2.4444444444444446
12.6340 	EXP 	slider_2: markerPos = 2.4333333333333336
12.6408 	EXP 	slider_2: markerPos = 2.4222222222222225
12.6479 	EXP 	slider_2: markerPos = 2.4222222222222225
12.6546 	EXP 	slider_2: markerPos = 2.4037037037037035
12.6618 	EXP 	slider_2: markerPos = 2.3962962962962964
12.6685 	EXP 	slider_2: markerPos = 2.3851851851851853
12.6757 	EXP 	slider_2: markerPos = 2.3740740740740742
12.6826 	EXP 	slider_2: markerPos = 2.359259259259259
12.6896 	EXP 	slider_2: markerPos = 2.348148148148148
12.6963 	EXP 	slider_2: markerPos = 2.348148148148148
12.7032 	EXP 	slider_2: markerPos = 2.337037037037037
12.7105 	EXP 	slider_2: markerPos = 2.311111111111111
12.7174 	EXP 	slider_2: markerPos = 2.303703703703704
12.7242 	EXP 	slider_2: markerPos = 2.285185185185185
12.7311 	EXP 	slider_2: markerPos = 2.2703703703703706
12.7380 	EXP 	slider_2: markerPos = 2.2555555555555555
12.7449 	EXP 	slider_2: markerPos = 2.2555555555555555
12.7520 	EXP 	slider_2: markerPos = 2.2444444444444445
12.7590 	EXP 	slider_2: markerPos = 2.2333333333333334
12.7659 	EXP 	slider_2: markerPos = 2.225925925925926
12.7728 	EXP 	slider_2: markerPos = 2.2222222222222223
12.7797 	EXP 	slider_2: markerPos = 2.2185185185185183
12.7868 	EXP 	slider_2: markerPos = 2.214814814814815
12.7938 	EXP 	slider_2: markerPos = 2.214814814814815
12.8007 	EXP 	slider_2: markerPos = 2.214814814814815
12.8077 	EXP 	slider_2: markerPos = 2.214814814814815
12.8146 	EXP 	slider_2: markerPos = 2.214814814814815
12.8214 	EXP 	slider_2: markerPos = 2.214814814814815
12.8283 	EXP 	slider_2: markerPos = 2.214814814814815
12.8355 	EXP 	slider_2: markerPos = 2.2111111111111112
12.8423 	EXP 	slider_2: markerPos = 2.2037037037037037
12.8493 	EXP 	slider_2: markerPos = 2.2
12.8563 	EXP 	slider_2: markerPos = 2.2
12.8632 	EXP 	slider_2: markerPos = 2.196296296296296
12.8700 	EXP 	slider_2: markerPos = 2.1925925925925926
12.8769 	EXP 	slider_2: markerPos = 2.1925925925925926
12.8840 	EXP 	slider_2: markerPos = 2.1925925925925926
12.8908 	EXP 	slider_2: markerPos = 2.1925925925925926
12.8978 	EXP 	slider_2: markerPos = 2.1925925925925926
12.9047 	EXP 	slider_2: markerPos = 2.1925925925925926
12.9117 	EXP 	slider_2: markerPos = 2.1925925925925926
12.9187 	EXP 	slider_2: markerPos = 2.1925925925925926
12.9255 	EXP 	slider_2: markerPos = 2.1925925925925926
12.9326 	EXP 	slider_2: markerPos = 2.1925925925925926
12.9396 	EXP 	slider_2: markerPos = 2.196296296296296
12.9465 	EXP 	slider_2: markerPos = 2.2074074074074073
12.9535 	EXP 	slider_2: markerPos = 2.2074074074074073
12.9604 	EXP 	slider_2: markerPos = 2.2333333333333334
12.9672 	EXP 	slider_2: markerPos = 2.2703703703703706
12.9742 	EXP 	slider_2: markerPos = 2.2962962962962963
12.9811 	EXP 	slider_2: markerPos = 2.3444444444444446
12.9883 	EXP 	slider_2: markerPos = 2.3814814814814813
12.9951 	EXP 	slider_2: markerPos = 2.437037037037037
13.0021 	EXP 	slider_2: markerPos = 2.437037037037037
13.0090 	EXP 	slider_2: markerPos = 2.462962962962963
13.0159 	EXP 	slider_2: markerPos = 2.511111111111111
13.0229 	EXP 	slider_2: markerPos = 2.533333333333333
13.0299 	EXP 	slider_2: markerPos = 2.551851851851852
13.0367 	EXP 	slider_2: markerPos = 2.5666666666666664
13.0439 	EXP 	slider_2: markerPos = 2.5851851851851855
13.0505 	EXP 	slider_2: markerPos = 2.6
13.0577 	EXP 	slider_2: markerPos = 2.6
13.0645 	EXP 	slider_2: markerPos = 2.6185185185185187
13.0715 	EXP 	slider_2: markerPos = 2.6444444444444444
13.0785 	EXP 	slider_2: markerPos = 2.6703703703703705
13.0853 	EXP 	slider_2: markerPos = 2.7037037037037037
13.0922 	EXP 	slider_2: markerPos = 2.7333333333333334
13.0993 	EXP 	slider_2: markerPos = 2.7481481481481485
13.1061 	EXP 	slider_2: markerPos = 2.7481481481481485
13.1131 	EXP 	slider_2: markerPos = 2.7777777777777777
13.1200 	EXP 	slider_2: markerPos = 2.803703703703704
13.1269 	EXP 	slider_2: markerPos = 2.82962962962963
13.1339 	EXP 	slider_2: markerPos = 2.8555555555555556
13.1553 	EXP 	slider_2: markerPos = 2.8814814814814813
13.1582 	EXP 	slider_2: markerPos = 2.8851851851851853
13.1618 	EXP 	slider_2: markerPos = 2.888888888888889
13.1685 	EXP 	slider_2: markerPos = 2.888888888888889
13.1755 	EXP 	slider_2: markerPos = 2.888888888888889
13.1825 	EXP 	slider_2: markerPos = 2.888888888888889
13.1894 	EXP 	slider_2: markerPos = 2.888888888888889
13.1963 	EXP 	slider_2: markerPos = 2.888888888888889
13.2034 	EXP 	slider_2: markerPos = 2.888888888888889
13.2103 	EXP 	slider_2: markerPos = 2.888888888888889
13.2173 	EXP 	slider_2: markerPos = 2.888888888888889
13.2242 	EXP 	slider_2: markerPos = 2.888888888888889
13.2312 	EXP 	slider_2: markerPos = 2.888888888888889
13.2381 	EXP 	slider_2: markerPos = 2.888888888888889
13.2450 	EXP 	slider_2: markerPos = 2.888888888888889
13.2521 	EXP 	slider_2: markerPos = 2.888888888888889
13.2590 	EXP 	slider_2: markerPos = 2.888888888888889
13.2659 	EXP 	slider_2: markerPos = 2.888888888888889
13.2729 	EXP 	slider_2: markerPos = 2.888888888888889
13.2800 	EXP 	slider_2: markerPos = 2.888888888888889
13.2867 	EXP 	slider_2: markerPos = 2.888888888888889
13.2938 	EXP 	slider_2: markerPos = 2.888888888888889
13.3006 	EXP 	slider_2: markerPos = 2.888888888888889
13.3075 	EXP 	slider_2: markerPos = 2.888888888888889
13.3145 	EXP 	slider_2: markerPos = 2.888888888888889
13.3214 	EXP 	slider_2: markerPos = 2.888888888888889
13.3285 	EXP 	slider_2: markerPos = 2.888888888888889
13.3291 	DATA 	Mouse:  Left button up, pos=(930,151)
13.3354 	EXP 	slider_2: markerPos = 2.888888888888889
14.2454 	DATA 	Mouse: Left button down, pos=(948,103)
14.2519 	EXP 	slider_2: markerPos = 2.9555555555555557
14.2589 	EXP 	slider_2: markerPos = 2.9555555555555557
14.2660 	EXP 	slider_2: markerPos = 2.9555555555555557
14.2729 	EXP 	slider_2: markerPos = 2.9555555555555557
14.2798 	EXP 	slider_2: markerPos = 2.9555555555555557
14.2867 	EXP 	slider_2: markerPos = 2.9555555555555557
14.2938 	EXP 	slider_2: markerPos = 2.9555555555555557
14.3006 	EXP 	slider_2: markerPos = 2.9703703703703703
14.3075 	EXP 	slider_2: markerPos = 2.996296296296296
14.3145 	EXP 	slider_2: markerPos = 3.0148148148148146
14.3214 	EXP 	slider_2: markerPos = 3.0444444444444443
14.3283 	EXP 	slider_2: markerPos = 3.0444444444444443
14.3354 	EXP 	slider_2: markerPos = 3.088888888888889
14.3423 	EXP 	slider_2: markerPos = 3.1333333333333333
14.3492 	EXP 	slider_2: markerPos = 3.1703703703703705
14.3560 	EXP 	slider_2: markerPos = 3.2333333333333334
14.3629 	EXP 	slider_2: markerPos = 3.2888888888888888
14.3702 	EXP 	slider_2: markerPos = 3.348148148148148
14.3770 	EXP 	slider_2: markerPos = 3.414814814814815
14.3840 	EXP 	slider_2: markerPos = 3.4925925925925925
14.3909 	EXP 	slider_2: markerPos = 3.4925925925925925
14.3980 	EXP 	slider_2: markerPos = 3.5407407407407407
14.4048 	EXP 	slider_2: markerPos = 3.637037037037037
14.4117 	EXP 	slider_2: markerPos = 3.685185185185185
14.4187 	EXP 	slider_2: markerPos = 3.7592592592592595
14.4256 	EXP 	slider_2: markerPos = 3.8074074074074074
14.4326 	EXP 	slider_2: markerPos = 3.8703703703703702
14.4395 	EXP 	slider_2: markerPos = 3.8703703703703702
14.4463 	EXP 	slider_2: markerPos = 3.9
14.4533 	EXP 	slider_2: markerPos = 3.925925925925926
14.4602 	EXP 	slider_2: markerPos = 3.9518518518518517
14.4672 	EXP 	slider_2: markerPos = 3.9703703703703703
14.4742 	EXP 	slider_2: markerPos = 3.985185185185185
14.4811 	EXP 	slider_2: markerPos = 4.0
14.4881 	EXP 	slider_2: markerPos = 4.0
14.4950 	EXP 	slider_2: markerPos = 4.018518518518519
14.5020 	EXP 	slider_2: markerPos = 4.033333333333333
14.5089 	EXP 	slider_2: markerPos = 4.048148148148148
14.5158 	EXP 	slider_2: markerPos = 4.059259259259259
14.5229 	EXP 	slider_2: markerPos = 4.07037037037037
14.5298 	EXP 	slider_2: markerPos = 4.0851851851851855
14.5367 	EXP 	slider_2: markerPos = 4.0851851851851855
14.5437 	EXP 	slider_2: markerPos = 4.103703703703704
14.5506 	EXP 	slider_2: markerPos = 4.137037037037037
14.5575 	EXP 	slider_2: markerPos = 4.166666666666667
14.5645 	EXP 	slider_2: markerPos = 4.192592592592593
14.5713 	EXP 	slider_2: markerPos = 4.229629629629629
14.5783 	EXP 	slider_2: markerPos = 4.2481481481481485
14.5854 	EXP 	slider_2: markerPos = 4.285185185185185
14.5921 	EXP 	slider_2: markerPos = 4.285185185185185
14.5993 	EXP 	slider_2: markerPos = 4.303703703703704
14.6062 	EXP 	slider_2: markerPos = 4.318518518518518
14.6131 	EXP 	slider_2: markerPos = 4.337037037037037
14.6201 	EXP 	slider_2: markerPos = 4.351851851851852
14.6269 	EXP 	slider_2: markerPos = 4.351851851851852
14.6339 	EXP 	slider_2: markerPos = 4.374074074074074
14.6408 	EXP 	slider_2: markerPos = 4.388888888888889
14.6478 	EXP 	slider_2: markerPos = 4.396296296296296
14.6548 	EXP 	slider_2: markerPos = 4.411111111111111
14.6618 	EXP 	slider_2: markerPos = 4.4222222222222225
14.6687 	EXP 	slider_2: markerPos = 4.433333333333334
14.6756 	EXP 	slider_2: markerPos = 4.433333333333334
14.6826 	EXP 	slider_2: markerPos = 4.444444444444445
14.6894 	EXP 	slider_2: markerPos = 4.448148148148148
14.6964 	EXP 	slider_2: markerPos = 4.455555555555556
14.7034 	EXP 	slider_2: markerPos = 4.474074074074074
14.7104 	EXP 	slider_2: markerPos = 4.496296296296296
14.7171 	EXP 	slider_2: markerPos = 4.522222222222222
14.7241 	EXP 	slider_2: markerPos = 4.52962962962963
14.7311 	EXP 	slider_2: markerPos = 4.559259259259259
14.7381 	EXP 	slider_2: markerPos = 4.559259259259259
14.7450 	EXP 	slider_2: markerPos = 4.5851851851851855
14.7519 	EXP 	slider_2: markerPos = 4.5962962962962965
14.7588 	EXP 	slider_2: markerPos = 4.618518518518519
14.7658 	EXP 	slider_2: markerPos = 4.625925925925926
14.7728 	EXP 	slider_2: markerPos = 4.644444444444444
14.7799 	EXP 	slider_2: markerPos = 4.662962962962963
14.7866 	EXP 	slider_2: markerPos = 4.67037037037037
14.7936 	EXP 	slider_2: markerPos = 4.67037037037037
14.8006 	EXP 	slider_2: markerPos = 4.677777777777778
14.8075 	EXP 	slider_2: markerPos = 4.677777777777778
14.8145 	EXP 	slider_2: markerPos = 4.685185185185185
14.8215 	EXP 	slider_2: markerPos = 4.688888888888889
14.8284 	EXP 	slider_2: markerPos = 4.692592592592593
14.8354 	EXP 	slider_2: markerPos = 4.7
14.8422 	EXP 	slider_2: markerPos = 4.7
14.8493 	EXP 	slider_2: markerPos = 4.714814814814815
14.8561 	EXP 	slider_2: markerPos = 4.718518518518518
14.8631 	EXP 	slider_2: markerPos = 4.725925925925926
14.8701 	EXP 	slider_2: markerPos = 4.737037037037037
14.8769 	EXP 	slider_2: markerPos = 4.7407407407407405
14.8838 	EXP 	slider_2: markerPos = 4.7444444444444445
14.8910 	EXP 	slider_2: markerPos = 4.7444444444444445
14.8980 	EXP 	slider_2: markerPos = 4.7444444444444445
14.9048 	EXP 	slider_2: markerPos = 4.7444444444444445
14.9116 	EXP 	slider_2: markerPos = 4.7444444444444445
14.9187 	EXP 	slider_2: markerPos = 4.7444444444444445
14.9256 	EXP 	slider_2: markerPos = 4.7444444444444445
14.9327 	EXP 	slider_2: markerPos = 4.7444444444444445
14.9396 	EXP 	slider_2: markerPos = 4.7444444444444445
14.9465 	EXP 	slider_2: markerPos = 4.7444444444444445
14.9534 	EXP 	slider_2: markerPos = 4.7444444444444445
14.9602 	EXP 	slider_2: markerPos = 4.7444444444444445
14.9671 	EXP 	slider_2: markerPos = 4.7444444444444445
14.9741 	EXP 	slider_2: markerPos = 4.7444444444444445
14.9812 	EXP 	slider_2: markerPos = 4.7444444444444445
14.9881 	EXP 	slider_2: markerPos = 4.7407407407407405
14.9950 	EXP 	slider_2: markerPos = 4.711111111111111
15.0020 	EXP 	slider_2: markerPos = 4.666666666666667
15.0090 	EXP 	slider_2: markerPos = 4.622222222222222
15.0159 	EXP 	slider_2: markerPos = 4.559259259259259
15.0228 	EXP 	slider_2: markerPos = 4.488888888888889
15.0297 	EXP 	slider_2: markerPos = 4.440740740740741
15.0365 	EXP 	slider_2: markerPos = 4.440740740740741
15.0436 	EXP 	slider_2: markerPos = 4.351851851851852
15.0506 	EXP 	slider_2: markerPos = 4.3
15.0576 	EXP 	slider_2: markerPos = 4.2407407407407405
15.0644 	EXP 	slider_2: markerPos = 4.185185185185185
15.0714 	EXP 	slider_2: markerPos = 4.151851851851852
15.0783 	EXP 	slider_2: markerPos = 4.0962962962962965
15.0853 	EXP 	slider_2: markerPos = 4.040740740740741
15.0922 	EXP 	slider_2: markerPos = 4.014814814814815
15.0992 	EXP 	slider_2: markerPos = 4.014814814814815
15.1061 	EXP 	slider_2: markerPos = 3.9592592592592593
15.1131 	EXP 	slider_2: markerPos = 3.9296296296296296
15.1202 	EXP 	slider_2: markerPos = 3.8962962962962964
15.1271 	EXP 	slider_2: markerPos = 3.859259259259259
15.1340 	EXP 	slider_2: markerPos = 3.840740740740741
15.1407 	EXP 	slider_2: markerPos = 3.840740740740741
15.1479 	EXP 	slider_2: markerPos = 3.825925925925926
15.1547 	EXP 	slider_2: markerPos = 3.8
15.1618 	EXP 	slider_2: markerPos = 3.785185185185185
15.1686 	EXP 	slider_2: markerPos = 3.7666666666666666
15.1756 	EXP 	slider_2: markerPos = 3.751851851851852
15.1826 	EXP 	slider_2: markerPos = 3.7407407407407405
15.1895 	EXP 	slider_2: markerPos = 3.7407407407407405
15.1963 	EXP 	slider_2: markerPos = 3.7333333333333334
15.2034 	EXP 	slider_2: markerPos = 3.725925925925926
15.2103 	EXP 	slider_2: markerPos = 3.725925925925926
15.2173 	EXP 	slider_2: markerPos = 3.7222222222222223
15.2242 	EXP 	slider_2: markerPos = 3.7222222222222223
15.2313 	EXP 	slider_2: markerPos = 3.7222222222222223
15.2380 	EXP 	slider_2: markerPos = 3.7222222222222223
15.2451 	EXP 	slider_2: markerPos = 3.7222222222222223
15.2520 	EXP 	slider_2: markerPos = 3.7222222222222223
15.2589 	EXP 	slider_2: markerPos = 3.7222222222222223
15.2658 	EXP 	slider_2: markerPos = 3.7222222222222223
15.2727 	EXP 	slider_2: markerPos = 3.7222222222222223
15.2797 	EXP 	slider_2: markerPos = 3.7222222222222223
15.2806 	DATA 	Mouse:  Left button up, pos=(1155,94)
15.2867 	EXP 	slider_2: markerPos = 3.7222222222222223
19.7480 	DATA 	Mouse: Left button down, pos=(1209,552)
19.8707 	DATA 	Mouse:  Left button up, pos=(1209,552)
20.6222 	DATA 	Keypress: escape
22.4439 	EXP 	window1: mouseVisible = True
22.4440 	DEBUG 	Saving data for FaceAttractiveness ExperimentHandler
22.4450 	INFO 	saved data to C:\Users\annak\Documents\GitHub\faceattractiveness_lesion\data/_FaceAttractiveness_2023-04-05_15h21.27.724.psydat
22.4457 	INFO 	saved data to 'C:\\Users\\annak\\Documents\\GitHub\\faceattractiveness_lesion\\data/_FaceAttractiveness_2023-04-05_15h21.27.724.csv'
