3.9502 	INFO 	Loaded monitor calibration from ['2021_12_01 18:33']
3.9571 	WARNING 	User requested fullscreen with size [1536  864], but screen is actually [1920, 1080]. Using actual size
5.1808 	EXP 	Created window1 = Window(allowGUI=True, allowStencil=False, autoLog=True, backendConf=UNKNOWN, bitsMode=UNKNOWN, blendMode='avg', bpc=(8, 8, 8), color=array([0.09803922, 0.09803922, 0.09803922]), colorSpace='rgb', depthBits=8, fullscr=<method-wrapper '__getattribute__' of attributeSetter object at 0x0000013DE90D5D30>, gamma=None, gammaErrorPolicy='raise', lms=UNKNOWN, monitor=<psychopy.monitors.calibTools.Monitor object at 0x0000013DEE707190>, multiSample=False, name='window1', numSamples=2, pos=(0, 0), screen=0, size=array([1920, 1080]), stencilBits=0, stereo=False, units='height', useFBO=True, useRetina=False, viewOri=0.0, viewPos=None, viewScale=None, waitBlanking=True, winType='pyglet')
5.1809 	EXP 	window1: mouseVisible = True
5.1810 	EXP 	window1: mouseVisible = False
5.1810 	EXP 	window1: Attempting to measure frame rate of screen (0) ...
5.1810 	EXP 	window1: recordFrameIntervals = False
5.2499 	EXP 	window1: recordFrameIntervals = True
5.3260 	EXP 	Screen (0) actual frame rate measured at 143.84Hz
5.3260 	EXP 	window1: recordFrameIntervals = False
6.9352 	INFO 	keyboard.Keyboard is using iohub backend.
6.9388 	EXP 	window1: mouseVisible = True
6.9618 	DEBUG 	TextBox2 loaded 1 chars with 0 blanks and 1 valid
6.9636 	DEBUG 	TextBox2 loaded 1 chars with 0 blanks and 1 valid
6.9652 	DEBUG 	TextBox2 loaded 1 chars with 0 blanks and 1 valid
6.9669 	DEBUG 	TextBox2 loaded 1 chars with 0 blanks and 1 valid
6.9683 	DEBUG 	TextBox2 loaded 1 chars with 0 blanks and 1 valid
6.9696 	DEBUG 	TextBox2 loaded 1 chars with 0 blanks and 1 valid
6.9713 	DEBUG 	TextBox2 loaded 1 chars with 0 blanks and 1 valid
6.9730 	DEBUG 	TextBox2 loaded 1 chars with 0 blanks and 1 valid
6.9747 	DEBUG 	TextBox2 loaded 1 chars with 0 blanks and 1 valid
6.9763 	DEBUG 	TextBox2 loaded 1 chars with 0 blanks and 1 valid
6.9778 	DEBUG 	TextBox2 loaded 1 chars with 0 blanks and 1 valid
6.9792 	DEBUG 	TextBox2 loaded 1 chars with 0 blanks and 1 valid
6.9794 	DEBUG 	Uploading Texture Font fontname to graphics card
6.9900 	DEBUG 	Upload of Texture Font fontname complete
7.0063 	DEBUG 	TextBox2 loaded 1 chars with 0 blanks and 1 valid
7.0066 	DEBUG 	Uploading Texture Font fontname to graphics card
7.0113 	DEBUG 	Upload of Texture Font fontname complete
7.0278 	DEBUG 	TextBox2 loaded 1 chars with 0 blanks and 1 valid
7.0297 	DEBUG 	TextBox2 loaded 1 chars with 0 blanks and 1 valid
7.0315 	DEBUG 	TextBox2 loaded 1 chars with 0 blanks and 1 valid
7.0334 	DEBUG 	TextBox2 loaded 1 chars with 0 blanks and 1 valid
7.0351 	DEBUG 	TextBox2 loaded 1 chars with 0 blanks and 1 valid
7.0369 	DEBUG 	TextBox2 loaded 1 chars with 0 blanks and 1 valid
7.0371 	DEBUG 	Uploading Texture Font fontname to graphics card
7.0415 	DEBUG 	Upload of Texture Font fontname complete
7.0578 	DEBUG 	TextBox2 loaded 1 chars with 0 blanks and 1 valid
7.0581 	DEBUG 	Uploading Texture Font fontname to graphics card
7.0624 	DEBUG 	Upload of Texture Font fontname complete
7.0787 	DEBUG 	TextBox2 loaded 1 chars with 0 blanks and 1 valid
7.0807 	DEBUG 	TextBox2 loaded 1 chars with 0 blanks and 1 valid
7.0809 	DEBUG 	Uploading Texture Font fontname to graphics card
7.0852 	DEBUG 	Upload of Texture Font fontname complete
7.0970 	EXP 	Created slider_rad_therapy = Slider(__class__=<class 'psychopy.visual.slider.Slider'>, autoDraw=False, autoLog=True, borderColor=None, color=None, colorSpace='rgb', depth=0, fillColor=None, flip=False, font='Arial', granularity=0.0, labelColor=None, labelHeight=0.03, labelWrapWidth=None, labels=tuple(...), lineColor=None, markerColor=None, name='slider_rad_therapy', opacity=None, ori=0.0, pos=array([0. , 0.1]), readOnly=False, self=UNKNOWN, size=array([1. , 0.1]), startValue=3, style='rating', styleTweaks=['labels45'], ticks=array([1, 2, 3, 4, 5]), units='height', win=Window(...))
7.1526 	EXP 	Created text_rad_therapy = TextStim(__class__=<class 'psychopy.visual.text.TextStim'>, alignHoriz=method-wrapper(...), alignText='center', alignVert=method-wrapper(...), anchorHoriz='center', anchorVert='center', antialias=True, autoDraw=False, autoLog=True, bold=False, color=array([1, 1, 1]), colorSpace='rgb', contrast=1.0, depth=-1.0, flipHoriz=False, flipVert=False, font='Open Sans', fontFiles=[], height=0.04, italic=False, languageStyle='LTR', name='text_rad_therapy', opacity=1.0, ori=0.0, pos=array([0. , 0.3]), rgb=UNKNOWN, text=str(...), units='height', win=Window(...), wrapWidth=1)
7.1540 	EXP 	window1: mouseVisible = True
7.2332 	EXP 	Created slider_surgery = Slider(__class__=<class 'psychopy.visual.slider.Slider'>, autoDraw=False, autoLog=True, borderColor=None, color=None, colorSpace='rgb', depth=-2, fillColor=None, flip=False, font='Arial', granularity=0.0, labelColor=None, labelHeight=0.03, labelWrapWidth=None, labels=tuple(...), lineColor=None, markerColor=None, name='slider_surgery', opacity=None, ori=0.0, pos=array([ 0. , -0.3]), readOnly=False, self=UNKNOWN, size=array([1. , 0.1]), startValue=3, style='rating', styleTweaks=['labels45'], ticks=array([1, 2, 3, 4, 5]), units='height', win=Window(...))
7.2447 	EXP 	Created text_surgery = TextStim(__class__=<class 'psychopy.visual.text.TextStim'>, alignHoriz=method-wrapper(...), alignText='center', alignVert=method-wrapper(...), anchorHoriz='center', anchorVert='center', antialias=True, autoDraw=False, autoLog=True, bold=False, color=array([1, 1, 1]), colorSpace='rgb', contrast=1.0, depth=-3.0, flipHoriz=False, flipVert=False, font='Open Sans', fontFiles=[], height=0.05, italic=False, languageStyle='LTR', name='text_surgery', opacity=1.0, ori=0.0, pos=array([0., 0.]), rgb=UNKNOWN, text=str(...), units='height', win=Window(...), wrapWidth=1)
7.2791 	EXP 	Created EndText = TextStim(__class__=<class 'psychopy.visual.text.TextStim'>, alignHoriz=method-wrapper(...), alignText='center', alignVert=method-wrapper(...), anchorHoriz='center', anchorVert='center', antialias=True, autoDraw=False, autoLog=True, bold=False, color=array([-1, -1, -1]), colorSpace='rgb', contrast=1.0, depth=0.0, flipHoriz=False, flipVert=False, font='Arial', fontFiles=[], height=0.05, italic=False, languageStyle='LTR', name='EndText', opacity=1.0, ori=0, pos=array([0., 0.]), rgb=UNKNOWN, text=str(...), units='height', win=Window(...), wrapWidth=1)
7.3215 	EXP 	slider_rad_therapy: autoLog = True
7.3215 	EXP 	slider_rad_therapy: markerPos = 3
7.3215 	EXP 	slider_rad_therapy: styleTweaks = []
7.3215 	EXP 	slider_rad_therapy: styleTweaks = []
7.3215 	EXP 	slider_rad_therapy: styleTweaks = ['labels45']
7.3215 	EXP 	slider_rad_therapy: styleTweaks = ['labels45']
7.3215 	EXP 	slider_rad_therapy: contrast = 1.0
7.3215 	EXP 	slider_rad_therapy: autoLog = True
7.3215 	EXP 	slider_surgery: autoLog = True
7.3215 	EXP 	slider_surgery: markerPos = 3
7.3215 	EXP 	slider_surgery: styleTweaks = []
7.3215 	EXP 	slider_surgery: styleTweaks = []
7.3215 	EXP 	slider_surgery: styleTweaks = ['labels45']
7.3215 	EXP 	slider_surgery: styleTweaks = ['labels45']
7.3215 	EXP 	slider_surgery: contrast = 1.0
7.3215 	EXP 	slider_surgery: autoLog = True
7.3215 	EXP 	slider_rad_therapy: markerPos = None
7.3215 	EXP 	slider_rad_therapy: markerPos = 3
7.3215 	EXP 	slider_surgery: markerPos = None
7.3215 	EXP 	slider_surgery: markerPos = 3
7.3215 	EXP 	slider_rad_therapy: autoDraw = True
7.3215 	EXP 	text_rad_therapy: autoDraw = True
7.3215 	EXP 	slider_surgery: autoDraw = True
7.3215 	EXP 	text_surgery: autoDraw = True
13.9365 	DATA 	Keypress: escape
14.4369 	EXP 	window1: mouseVisible = True
14.4370 	DEBUG 	Saving data for FaceAttractiveness ExperimentHandler
14.4391 	INFO 	saved data to C:\Users\annak\Documents\GitHub\faceattractiveness_lesion\data/_FaceAttractiveness_2023-04-05_20h45.30.122.psydat
14.4401 	INFO 	saved data to 'C:\\Users\\annak\\Documents\\GitHub\\faceattractiveness_lesion\\data/_FaceAttractiveness_2023-04-05_20h45.30.122.csv'
