4.2717 	INFO 	Loaded monitor calibration from ['2021_12_01 18:33']
4.2801 	WARNING 	User requested fullscreen with size [1536  864], but screen is actually [1920, 1080]. Using actual size
5.5864 	EXP 	Created window1 = Window(allowGUI=True, allowStencil=False, autoLog=True, backendConf=UNKNOWN, bitsMode=UNKNOWN, blendMode='avg', bpc=(8, 8, 8), color=array([0.09803922, 0.09803922, 0.09803922]), colorSpace='rgb', depthBits=8, fullscr=<method-wrapper '__getattribute__' of attributeSetter object at 0x0000023B67124DC0>, gamma=None, gammaErrorPolicy='raise', lms=UNKNOWN, monitor=<psychopy.monitors.calibTools.Monitor object at 0x0000023B693DA2E0>, multiSample=False, name='window1', numSamples=2, pos=(0, 0), screen=0, size=array([1920, 1080]), stencilBits=0, stereo=False, units='height', useFBO=True, useRetina=False, viewOri=0.0, viewPos=None, viewScale=None, waitBlanking=True, winType='pyglet')
5.5864 	EXP 	window1: mouseVisible = True
5.5865 	EXP 	window1: mouseVisible = False
5.5866 	EXP 	window1: Attempting to measure frame rate of screen (0) ...
5.5866 	EXP 	window1: recordFrameIntervals = False
5.6549 	EXP 	window1: recordFrameIntervals = True
5.6766 	WARNING 	t of last frame was 13.11ms (=1/76)
5.7453 	EXP 	Screen (0) actual frame rate measured at 146.00Hz
5.7454 	EXP 	window1: recordFrameIntervals = False
7.4597 	INFO 	keyboard.Keyboard is using iohub backend.
7.4750 	EXP 	Created face_image = ImageStim(__class__=<class 'psychopy.visual.image.ImageStim'>, anchor=('center', 'center'), autoLog=True, color=array([1, 1, 1]), colorSpace='rgb', contrast=1.0, depth=-1.0, flipHoriz=True, flipVert=False, image='sin', interpolate=False, mask=None, maskParams=None, name='face_image', opacity=1.0, ori=0.0, pos=array([  0., 280.]), size=array([960., 540.]), texRes=512, units='pix', win=Window(...))
7.4790 	EXP 	window1: mouseVisible = True
7.6743 	WARNING 	Font b'HelveticaBold' was requested. No similar font found.
7.6910 	DEBUG 	TextBox2 loaded 1 chars with 0 blanks and 1 valid
7.6930 	DEBUG 	TextBox2 loaded 1 chars with 0 blanks and 1 valid
7.6939 	DEBUG 	TextBox2 loaded 1 chars with 0 blanks and 1 valid
7.6948 	DEBUG 	TextBox2 loaded 1 chars with 0 blanks and 1 valid
7.6966 	DEBUG 	TextBox2 loaded 1 chars with 0 blanks and 1 valid
7.6979 	DEBUG 	TextBox2 loaded 1 chars with 0 blanks and 1 valid
7.6993 	DEBUG 	TextBox2 loaded 1 chars with 0 blanks and 1 valid
7.7005 	DEBUG 	TextBox2 loaded 1 chars with 0 blanks and 1 valid
7.7007 	DEBUG 	Uploading Texture Font fontname to graphics card
7.7100 	DEBUG 	Upload of Texture Font fontname complete
7.9221 	WARNING 	Font b'HelveticaBold' was requested. No similar font found.
7.9358 	DEBUG 	TextBox2 loaded 1 chars with 0 blanks and 1 valid
7.9374 	DEBUG 	TextBox2 loaded 1 chars with 0 blanks and 1 valid
7.9385 	DEBUG 	TextBox2 loaded 1 chars with 0 blanks and 1 valid
7.9399 	DEBUG 	TextBox2 loaded 1 chars with 0 blanks and 1 valid
7.9412 	DEBUG 	TextBox2 loaded 1 chars with 0 blanks and 1 valid
7.9427 	DEBUG 	TextBox2 loaded 1 chars with 0 blanks and 1 valid
7.9440 	DEBUG 	TextBox2 loaded 1 chars with 0 blanks and 1 valid
7.9441 	DEBUG 	Uploading Texture Font fontname to graphics card
7.9505 	DEBUG 	Upload of Texture Font fontname complete
7.9597 	EXP 	Created slider_treatment_surgery = Slider(__class__=<class 'psychopy.visual.slider.Slider'>, autoDraw=False, autoLog=True, borderColor=None, color=None, colorSpace='rgb', depth=-2, fillColor=None, flip=False, font='HelveticaBold', granularity=0, labelColor=None, labelHeight=0.03, labelWrapWidth=None, labels=('0% Never', '100% Always'), lineColor=None, markerColor=None, name='slider_treatment_surgery', opacity=None, ori=0, pos=array([0., 0.]), readOnly=False, self=UNKNOWN, size=array([1.  , 0.02]), startValue=None, style=['rating'], styleTweaks=['labels45', 'triangleMarker'], ticks=array([  0,  25,  50,  75, 100]), units='height', win=Window(...))
7.9697 	EXP 	Created NextBu = ImageStim(__class__=<class 'psychopy.visual.image.ImageStim'>, anchor=('center', 'center'), autoLog=True, color=array([1, 1, 1]), colorSpace='rgb', contrast=1.0, depth=-3.0, flipHoriz=False, flipVert=False, image='Picture1-eng.png', interpolate=False, mask=None, maskParams=None, name='NextBu', opacity=1.0, ori=0.0, pos=array([0., 0.]), size=array([0.2, 0.1]), texRes=512, units='height', win=Window(...))
7.9697 	EXP 	window1: mouseVisible = True
7.9710 	EXP 	window1: mouseVisible = True
8.2885 	WARNING 	Font b'HelveticaBold' was requested. No similar font found.
8.4932 	WARNING 	Font b'HelveticaBold' was requested. No similar font found.
8.5146 	EXP 	Created slider_treatment_radiation = Slider(__class__=<class 'psychopy.visual.slider.Slider'>, autoDraw=False, autoLog=True, borderColor=None, color=None, colorSpace='rgb', depth=-5, fillColor=None, flip=False, font='HelveticaBold', granularity=0, labelColor=None, labelHeight=0.03, labelWrapWidth=None, labels=('0% Never', '100% Always'), lineColor=None, markerColor=None, name='slider_treatment_radiation', opacity=None, ori=0, pos=array([ 0. , -0.5]), readOnly=False, self=UNKNOWN, size=array([1.   , 0.025]), startValue=None, style=['rating'], styleTweaks=['triangleMarker'], ticks=array([  0,  25,  50,  75, 100]), units='height', win=Window(...))
8.5656 	EXP 	Created text_treatment_surgery = TextStim(__class__=<class 'psychopy.visual.text.TextStim'>, alignHoriz=method-wrapper(...), alignText='center', alignVert=method-wrapper(...), anchorHoriz='center', anchorVert='center', antialias=True, autoDraw=False, autoLog=True, bold=False, color=array([-1, -1, -1]), colorSpace='rgb', contrast=1.0, depth=-6.0, flipHoriz=False, flipVert=False, font='Open Sans', fontFiles=[], height=0.03, italic=False, languageStyle='LTR', name='text_treatment_surgery', opacity=1.0, ori=0.0, pos=array([0., 0.]), rgb=UNKNOWN, text='How likely are you to recommend surgery? ', units='height', win=Window(...), wrapWidth=1)
8.5725 	EXP 	Created text_treatment_radiation = TextStim(__class__=<class 'psychopy.visual.text.TextStim'>, alignHoriz=method-wrapper(...), alignText='center', alignVert=method-wrapper(...), anchorHoriz='center', anchorVert='center', antialias=True, autoDraw=False, autoLog=True, bold=False, color=array([1, 1, 1]), colorSpace='rgb', contrast=1.0, depth=-7.0, flipHoriz=False, flipVert=False, font='Open Sans', fontFiles=[], height=0.05, italic=False, languageStyle='LTR', name='text_treatment_radiation', opacity=1.0, ori=0.0, pos=array([ 0. , -0.5]), rgb=UNKNOWN, text='How likely are you to recommend radiation? ', units='height', win=Window(...), wrapWidth=1)
8.6060 	EXP 	Created EndText = TextStim(__class__=<class 'psychopy.visual.text.TextStim'>, alignHoriz=method-wrapper(...), alignText='center', alignVert=method-wrapper(...), anchorHoriz='center', anchorVert='center', antialias=True, autoDraw=False, autoLog=True, bold=False, color=array([-1, -1, -1]), colorSpace='rgb', contrast=1.0, depth=0.0, flipHoriz=False, flipVert=False, font='Arial', fontFiles=[], height=0.05, italic=False, languageStyle='LTR', name='EndText', opacity=1.0, ori=0, pos=array([0., 0.]), rgb=UNKNOWN, text=str(...), units='height', win=Window(...), wrapWidth=1)
8.6105 	DEBUG 	Read excel file with openpyxl: Rating_BlockOrder.xlsx
8.6106 	EXP 	Imported Rating_BlockOrder.xlsx as conditions, 1 conditions, 3 params
8.6109 	EXP 	Created sequence: fullRandom, trialTypes=1, nReps=1, seed=None
8.6111 	EXP 	New trial (rep=0, index=0): {'Task': 'treatment', 'LeftLabel': '0% Never', 'RightLabel': '100% Always'}
8.6116 	EXP 	Created sequence: sequential, trialTypes=1, nReps=95, seed=None
8.6119 	EXP 	New trial (rep=0, index=0): None
8.6201 	EXP 	slider_treatment_surgery: autoLog = True
8.6201 	EXP 	slider_treatment_surgery: markerPos = None
8.6201 	EXP 	slider_treatment_surgery: styleTweaks = []
8.6201 	EXP 	slider_treatment_surgery: styleTweaks = []
8.6201 	EXP 	slider_treatment_surgery: styleTweaks = ['labels45', 'triangleMarker']
8.6201 	EXP 	slider_treatment_surgery: styleTweaks = ['labels45', 'triangleMarker']
8.6201 	EXP 	slider_treatment_surgery: contrast = 1.0
8.6201 	EXP 	slider_treatment_surgery: autoLog = True
8.6201 	EXP 	slider_treatment_radiation: autoLog = True
8.6201 	EXP 	slider_treatment_radiation: markerPos = None
8.6201 	EXP 	slider_treatment_radiation: styleTweaks = []
8.6201 	EXP 	slider_treatment_radiation: styleTweaks = []
8.6201 	EXP 	slider_treatment_radiation: styleTweaks = ['triangleMarker']
8.6201 	EXP 	slider_treatment_radiation: styleTweaks = ['triangleMarker']
8.6201 	EXP 	slider_treatment_radiation: contrast = 1.0
8.6201 	EXP 	slider_treatment_radiation: autoLog = True
8.6201 	EXP 	face_image: image = 'images/FOREHEAD_006_M_F_N_A.png'
8.6201 	EXP 	slider_treatment_surgery: markerPos = None
8.6201 	EXP 	slider_treatment_surgery: markerPos = None
8.6201 	EXP 	slider_treatment_radiation: markerPos = None
8.6201 	EXP 	slider_treatment_radiation: markerPos = None
8.6201 	EXP 	face_image: autoDraw = True
8.9508 	EXP 	slider_treatment_surgery: autoDraw = True
8.9508 	EXP 	NextBu: autoDraw = True
8.9508 	EXP 	slider_treatment_radiation: autoDraw = True
8.9508 	EXP 	text_treatment_surgery: autoDraw = True
8.9508 	EXP 	text_treatment_radiation: autoDraw = True
14.7296 	DATA 	Mouse: wheel shift=(0,-1), pos=(948,257)
16.4411 	DATA 	Keypress: escape
16.9574 	EXP 	window1: mouseVisible = True
16.9578 	DEBUG 	Saving data for FaceAttractiveness ExperimentHandler
16.9597 	INFO 	saved data to C:\Users\annak\Documents\GitHub\faceattractiveness_lesion\data/_FaceAttractiveness_2023-04-05_23h23.18.472.psydat
16.9617 	INFO 	saved data to 'C:\\Users\\annak\\Documents\\GitHub\\faceattractiveness_lesion\\data/_FaceAttractiveness_2023-04-05_23h23.18.472.csv'
