9.9806 	INFO 	Loaded monitor calibration from ['2021_12_01 18:33']
9.9935 	WARNING 	User requested fullscreen with size [1536  864], but screen is actually [1920, 1080]. Using actual size
11.3846 	EXP 	Created window1 = Window(allowGUI=True, allowStencil=False, autoLog=True, backendConf=UNKNOWN, bitsMode=UNKNOWN, blendMode='avg', bpc=(8, 8, 8), color=array([0.09803922, 0.09803922, 0.09803922]), colorSpace='rgb', depthBits=8, fullscr=<method-wrapper '__getattribute__' of attributeSetter object at 0x0000029B2A2B6E50>, gamma=None, gammaErrorPolicy='raise', lms=UNKNOWN, monitor=<psychopy.monitors.calibTools.Monitor object at 0x0000029B2FCB72E0>, multiSample=False, name='window1', numSamples=2, pos=(0, 0), screen=0, size=array([1920, 1080]), stencilBits=0, stereo=False, units='height', useFBO=True, useRetina=False, viewOri=0.0, viewPos=None, viewScale=None, waitBlanking=True, winType='pyglet')
11.3847 	EXP 	window1: mouseVisible = True
11.3848 	EXP 	window1: mouseVisible = False
11.3848 	EXP 	window1: Attempting to measure frame rate of screen (0) ...
11.3848 	EXP 	window1: recordFrameIntervals = False
11.4531 	EXP 	window1: recordFrameIntervals = True
11.5299 	EXP 	Screen (0) actual frame rate measured at 143.60Hz
11.5299 	EXP 	window1: recordFrameIntervals = False
13.4072 	INFO 	keyboard.Keyboard is using iohub backend.
13.5418 	EXP 	Created instrBlock = TextStim(__class__=<class 'psychopy.visual.text.TextStim'>, alignHoriz=method-wrapper(...), alignText='center', alignVert=method-wrapper(...), anchorHoriz='center', anchorVert='center', antialias=True, autoDraw=False, autoLog=True, bold=False, color=array([1, 1, 1]), colorSpace='rgb', contrast=1.0, depth=-1.0, flipHoriz=False, flipVert=False, font='Open Sans', fontFiles=[], height=0.05, italic=False, languageStyle='LTR', name='instrBlock', opacity=1.0, ori=0.0, pos=array([0., 0.]), rgb=UNKNOWN, text='', units='height', win=Window(...), wrapWidth=1)
13.5423 	EXP 	window1: mouseVisible = True
13.5570 	EXP 	Created face_image = ImageStim(__class__=<class 'psychopy.visual.image.ImageStim'>, anchor=('center', 'center'), autoLog=True, color=array([1, 1, 1]), colorSpace='rgb', contrast=1.0, depth=-1.0, flipHoriz=True, flipVert=False, image='sin', interpolate=False, mask=None, maskParams=None, name='face_image', opacity=1.0, ori=0.0, pos=array([  0., 280.]), size=array([960., 540.]), texRes=512, units='pix', win=Window(...))
13.5662 	EXP 	window1: mouseVisible = True
13.9461 	WARNING 	Font b'HelveticaBold' was requested. No similar font found.
13.9603 	DEBUG 	TextBox2 loaded 1 chars with 0 blanks and 1 valid
13.9623 	DEBUG 	TextBox2 loaded 1 chars with 0 blanks and 1 valid
13.9632 	DEBUG 	TextBox2 loaded 1 chars with 0 blanks and 1 valid
13.9641 	DEBUG 	TextBox2 loaded 1 chars with 0 blanks and 1 valid
13.9655 	DEBUG 	TextBox2 loaded 1 chars with 0 blanks and 1 valid
13.9667 	DEBUG 	TextBox2 loaded 1 chars with 0 blanks and 1 valid
13.9680 	DEBUG 	TextBox2 loaded 1 chars with 0 blanks and 1 valid
13.9694 	DEBUG 	TextBox2 loaded 1 chars with 0 blanks and 1 valid
13.9696 	DEBUG 	Uploading Texture Font fontname to graphics card
13.9756 	DEBUG 	Upload of Texture Font fontname complete
14.1913 	WARNING 	Font b'HelveticaBold' was requested. No similar font found.
14.2045 	DEBUG 	TextBox2 loaded 1 chars with 0 blanks and 1 valid
14.2062 	DEBUG 	TextBox2 loaded 1 chars with 0 blanks and 1 valid
14.2073 	DEBUG 	TextBox2 loaded 1 chars with 0 blanks and 1 valid
14.2087 	DEBUG 	TextBox2 loaded 1 chars with 0 blanks and 1 valid
14.2099 	DEBUG 	TextBox2 loaded 1 chars with 0 blanks and 1 valid
14.2113 	DEBUG 	TextBox2 loaded 1 chars with 0 blanks and 1 valid
14.2125 	DEBUG 	TextBox2 loaded 1 chars with 0 blanks and 1 valid
14.2127 	DEBUG 	Uploading Texture Font fontname to graphics card
14.2187 	DEBUG 	Upload of Texture Font fontname complete
14.2276 	EXP 	Created slider_treatment_surgery = Slider(__class__=<class 'psychopy.visual.slider.Slider'>, autoDraw=False, autoLog=True, borderColor=None, color=None, colorSpace='rgb', depth=-2, fillColor=None, flip=False, font='HelveticaBold', granularity=0, labelColor=None, labelHeight=0.03, labelWrapWidth=None, labels=('0% Never', '100% Always'), lineColor=None, markerColor=None, name='slider_treatment_surgery', opacity=None, ori=0, pos=array([0., 0.]), readOnly=False, self=UNKNOWN, size=array([1.  , 0.02]), startValue=None, style=['rating'], styleTweaks=['labels45', 'triangleMarker'], ticks=array([  0,  25,  50,  75, 100]), units='height', win=Window(...))
14.2393 	EXP 	Created NextBu = ImageStim(__class__=<class 'psychopy.visual.image.ImageStim'>, anchor=('center', 'center'), autoLog=True, color=array([1, 1, 1]), colorSpace='rgb', contrast=1.0, depth=-3.0, flipHoriz=False, flipVert=False, image='Picture1-eng.png', interpolate=False, mask=None, maskParams=None, name='NextBu', opacity=1.0, ori=0.0, pos=array([0., 0.]), size=array([0.2, 0.1]), texRes=512, units='height', win=Window(...))
14.2394 	EXP 	window1: mouseVisible = True
14.2407 	EXP 	window1: mouseVisible = True
14.5148 	WARNING 	Font b'HelveticaBold' was requested. No similar font found.
14.7197 	WARNING 	Font b'HelveticaBold' was requested. No similar font found.
14.7406 	EXP 	Created slider_treatment_radiation = Slider(__class__=<class 'psychopy.visual.slider.Slider'>, autoDraw=False, autoLog=True, borderColor=None, color=None, colorSpace='rgb', depth=-5, fillColor=None, flip=False, font='HelveticaBold', granularity=0, labelColor=None, labelHeight=0.03, labelWrapWidth=None, labels=('0% Never', '100% Always'), lineColor=None, markerColor=None, name='slider_treatment_radiation', opacity=None, ori=0, pos=array([ 0. , -0.3]), readOnly=False, self=UNKNOWN, size=array([1.   , 0.025]), startValue=None, style=['rating'], styleTweaks=['triangleMarker'], ticks=array([  0,  25,  50,  75, 100]), units='height', win=Window(...))
14.8061 	EXP 	Created text_treatment_surgery = TextStim(__class__=<class 'psychopy.visual.text.TextStim'>, alignHoriz=method-wrapper(...), alignText='center', alignVert=method-wrapper(...), anchorHoriz='center', anchorVert='center', antialias=True, autoDraw=False, autoLog=True, bold=False, color=array([-1, -1, -1]), colorSpace='rgb', contrast=1.0, depth=-6.0, flipHoriz=False, flipVert=False, font='Open Sans', fontFiles=[], height=0.03, italic=False, languageStyle='LTR', name='text_treatment_surgery', opacity=1.0, ori=0.0, pos=array([0.  , 0.05]), rgb=UNKNOWN, text='How likely are you to recommend surgery? ', units='height', win=Window(...), wrapWidth=1)
14.8083 	EXP 	Created text_treatment_radiation = TextStim(__class__=<class 'psychopy.visual.text.TextStim'>, alignHoriz=method-wrapper(...), alignText='center', alignVert=method-wrapper(...), anchorHoriz='center', anchorVert='center', antialias=True, autoDraw=False, autoLog=True, bold=False, color=array([-1, -1, -1]), colorSpace='rgb', contrast=1.0, depth=-7.0, flipHoriz=False, flipVert=False, font='Open Sans', fontFiles=[], height=0.03, italic=False, languageStyle='LTR', name='text_treatment_radiation', opacity=1.0, ori=0.0, pos=array([ 0. , -0.2]), rgb=UNKNOWN, text='How likely are you to recommend radiation? ', units='height', win=Window(...), wrapWidth=1)
14.8431 	EXP 	Created EndText = TextStim(__class__=<class 'psychopy.visual.text.TextStim'>, alignHoriz=method-wrapper(...), alignText='center', alignVert=method-wrapper(...), anchorHoriz='center', anchorVert='center', antialias=True, autoDraw=False, autoLog=True, bold=False, color=array([-1, -1, -1]), colorSpace='rgb', contrast=1.0, depth=0.0, flipHoriz=False, flipVert=False, font='Arial', fontFiles=[], height=0.05, italic=False, languageStyle='LTR', name='EndText', opacity=1.0, ori=0, pos=array([0., 0.]), rgb=UNKNOWN, text=str(...), units='height', win=Window(...), wrapWidth=1)
14.8541 	DEBUG 	Read excel file with openpyxl: Rating_BlockOrder.xlsx
14.8542 	EXP 	Imported Rating_BlockOrder.xlsx as conditions, 1 conditions, 3 params
14.8545 	EXP 	Created sequence: fullRandom, trialTypes=1, nReps=1, seed=None
14.8547 	EXP 	New trial (rep=0, index=0): {'Task': 'treatment', 'LeftLabel': '0% Never', 'RightLabel': '100% Always'}
14.8805 	EXP 	slider_treatment_surgery: autoLog = True
14.8805 	EXP 	slider_treatment_surgery: markerPos = None
14.8805 	EXP 	slider_treatment_surgery: styleTweaks = []
14.8805 	EXP 	slider_treatment_surgery: styleTweaks = []
14.8805 	EXP 	slider_treatment_surgery: styleTweaks = ['labels45', 'triangleMarker']
14.8805 	EXP 	slider_treatment_surgery: styleTweaks = ['labels45', 'triangleMarker']
14.8805 	EXP 	slider_treatment_surgery: contrast = 1.0
14.8805 	EXP 	slider_treatment_surgery: autoLog = True
14.8805 	EXP 	slider_treatment_radiation: autoLog = True
14.8805 	EXP 	slider_treatment_radiation: markerPos = None
14.8805 	EXP 	slider_treatment_radiation: styleTweaks = []
14.8805 	EXP 	slider_treatment_radiation: styleTweaks = []
14.8805 	EXP 	slider_treatment_radiation: styleTweaks = ['triangleMarker']
14.8805 	EXP 	slider_treatment_radiation: styleTweaks = ['triangleMarker']
14.8805 	EXP 	slider_treatment_radiation: contrast = 1.0
14.8805 	EXP 	slider_treatment_radiation: autoLog = True
14.8805 	EXP 	instrBlock: height = 0.05
14.8805 	EXP 	instrBlock: height = 0.05
14.8805 	EXP 	instrBlock: height = 0.05
14.8805 	EXP 	instrBlock: text = 'Each patient below has been diagnosed with a low-risk, non-sclerosing, early-stage basal cell skin cancer. The patients are otherwise in good health. For each face, please indicate how likely you would be to recommend surgery versus radiation in the management of each lesion. \nPlease click anywhere to start'
14.8805 	EXP 	instrBlock: autoDraw = True
17.0382 	DATA 	Mouse: Left button down, pos=(829,421)
17.0705 	EXP 	window1: mouseVisible = True
17.0716 	DEBUG 	Saving data for FaceAttractiveness ExperimentHandler
17.0728 	INFO 	saved data to C:\Users\annak\Documents\GitHub\faceattractiveness_lesion\data/_FaceAttractiveness_2023-04-06_23h40.53.382.psydat
17.0736 	INFO 	saved data to 'C:\\Users\\annak\\Documents\\GitHub\\faceattractiveness_lesion\\data/_FaceAttractiveness_2023-04-06_23h40.53.382.csv'
