7.0982 	INFO 	Loaded monitor calibration from ['2021_12_01 18:33']
7.1051 	WARNING 	User requested fullscreen with size [1536  864], but screen is actually [1920, 1080]. Using actual size
8.2943 	EXP 	Created window1 = Window(allowGUI=True, allowStencil=False, autoLog=True, backendConf=UNKNOWN, bitsMode=UNKNOWN, blendMode='avg', bpc=(8, 8, 8), color=array([0.09803922, 0.09803922, 0.09803922]), colorSpace='rgb', depthBits=8, fullscr=<method-wrapper '__getattribute__' of attributeSetter object at 0x0000016D763C4D00>, gamma=None, gammaErrorPolicy='raise', lms=UNKNOWN, monitor=<psychopy.monitors.calibTools.Monitor object at 0x0000016D783361C0>, multiSample=False, name='window1', numSamples=2, pos=(0, 0), screen=0, size=array([1920, 1080]), stencilBits=0, stereo=False, units='height', useFBO=True, useRetina=False, viewOri=0.0, viewPos=None, viewScale=None, waitBlanking=True, winType='pyglet')
8.2943 	EXP 	window1: mouseVisible = True
8.2944 	EXP 	window1: mouseVisible = False
8.2945 	EXP 	window1: Attempting to measure frame rate of screen (0) ...
8.2945 	EXP 	window1: recordFrameIntervals = False
8.3629 	EXP 	window1: recordFrameIntervals = True
8.4393 	EXP 	Screen (0) actual frame rate measured at 143.84Hz
8.4394 	EXP 	window1: recordFrameIntervals = False
10.1552 	INFO 	keyboard.Keyboard is using iohub backend.
10.1906 	EXP 	Created instrBlock = TextStim(__class__=<class 'psychopy.visual.text.TextStim'>, alignHoriz=method-wrapper(...), alignText='center', alignVert=method-wrapper(...), anchorHoriz='center', anchorVert='center', antialias=True, autoDraw=False, autoLog=True, bold=False, color=array([1, 1, 1]), colorSpace='rgb', contrast=1.0, depth=-1.0, flipHoriz=False, flipVert=False, font='Open Sans', fontFiles=[], height=0.05, italic=False, languageStyle='LTR', name='instrBlock', opacity=1.0, ori=0.0, pos=array([0., 0.]), rgb=UNKNOWN, text='', units='height', win=Window(...), wrapWidth=1)
10.1910 	EXP 	window1: mouseVisible = True
10.2622 	EXP 	Created EndText = TextStim(__class__=<class 'psychopy.visual.text.TextStim'>, alignHoriz=method-wrapper(...), alignText='center', alignVert=method-wrapper(...), anchorHoriz='center', anchorVert='center', antialias=True, autoDraw=False, autoLog=True, bold=False, color=array([-1, -1, -1]), colorSpace='rgb', contrast=1.0, depth=0.0, flipHoriz=False, flipVert=False, font='Arial', fontFiles=[], height=0.05, italic=False, languageStyle='LTR', name='EndText', opacity=1.0, ori=0, pos=array([0., 0.]), rgb=UNKNOWN, text=str(...), units='height', win=Window(...), wrapWidth=1)
10.2664 	DEBUG 	Read excel file with openpyxl: Rating_BlockOrder.xlsx
10.2665 	EXP 	Imported Rating_BlockOrder.xlsx as conditions, 1 conditions, 3 params
10.2668 	EXP 	Created sequence: fullRandom, trialTypes=1, nReps=1, seed=None
10.2671 	EXP 	New trial (rep=0, index=0): {'Task': 'Attractiveness', 'LeftLabel': 'Extremely  Attractive', 'RightLabel': 'Extremely Unattractive'}
10.2957 	EXP 	instrBlock: height = 0.05
10.2957 	EXP 	instrBlock: height = 0.05
10.2957 	EXP 	instrBlock: height = 0.05
10.2957 	EXP 	instrBlock: text = '欢迎参加实验！\n\n你会看到一些面孔图片。你需要对面孔的Attractiveness进行评价。\n\n你需要在标尺上点击相应的位置进行评价。\n\n点击鼠标开始。'
10.2957 	EXP 	instrBlock: autoDraw = True
16.6415 	DATA 	Mouse: Left button down, pos=(1053,581)
16.6426 	EXP 	Created sequence: sequential, trialTypes=1, nReps=95, seed=None
16.6429 	EXP 	New trial (rep=0, index=0): None
16.6622 	EXP 	window1: mouseVisible = True
16.6630 	DEBUG 	Saving data for FaceAttractiveness ExperimentHandler
16.6641 	INFO 	saved data to C:\Users\annak\Documents\GitHub\faceattractiveness_lesion\data/_FaceAttractiveness_2023-04-05_21h43.11.269.psydat
16.6655 	INFO 	saved data to 'C:\\Users\\annak\\Documents\\GitHub\\faceattractiveness_lesion\\data/_FaceAttractiveness_2023-04-05_21h43.11.269.csv'
