18.9206 	INFO 	Loaded monitor calibration from ['2021_12_01 18:33']
18.9273 	WARNING 	User requested fullscreen with size [1536  864], but screen is actually [1920, 1080]. Using actual size
20.1721 	EXP 	Created window1 = Window(allowGUI=True, allowStencil=False, autoLog=True, backendConf=UNKNOWN, bitsMode=UNKNOWN, blendMode='avg', bpc=(8, 8, 8), color=array([0.09803922, 0.09803922, 0.09803922]), colorSpace='rgb', depthBits=8, fullscr=<method-wrapper '__getattribute__' of attributeSetter object at 0x000001BF73316E20>, gamma=None, gammaErrorPolicy='raise', lms=UNKNOWN, monitor=<psychopy.monitors.calibTools.Monitor object at 0x000001BF78988250>, multiSample=False, name='window1', numSamples=2, pos=(0, 0), screen=0, size=array([1920, 1080]), stencilBits=0, stereo=False, units='height', useFBO=True, useRetina=False, viewOri=0.0, viewPos=None, viewScale=None, waitBlanking=True, winType='pyglet')
20.1721 	EXP 	window1: mouseVisible = True
20.1722 	EXP 	window1: mouseVisible = False
20.1722 	EXP 	window1: Attempting to measure frame rate of screen (0) ...
20.1723 	EXP 	window1: recordFrameIntervals = False
20.2409 	EXP 	window1: recordFrameIntervals = True
20.3178 	EXP 	Screen (0) actual frame rate measured at 144.44Hz
20.3179 	EXP 	window1: recordFrameIntervals = False
22.0313 	INFO 	keyboard.Keyboard is using iohub backend.
22.0439 	EXP 	Created instrBlock = TextStim(__class__=<class 'psychopy.visual.text.TextStim'>, alignHoriz=method-wrapper(...), alignText='center', alignVert=method-wrapper(...), anchorHoriz='center', anchorVert='center', antialias=True, autoDraw=False, autoLog=True, bold=False, color=array([1, 1, 1]), colorSpace='rgb', contrast=1.0, depth=-1.0, flipHoriz=False, flipVert=False, font='Arial', fontFiles=[], height=0.05, italic=False, languageStyle='LTR', name='instrBlock', opacity=1.0, ori=0.0, pos=array([0., 0.]), rgb=UNKNOWN, text='', units='height', win=Window(...), wrapWidth=1)
22.0446 	EXP 	window1: mouseVisible = True
22.0593 	EXP 	Created face_image = ImageStim(__class__=<class 'psychopy.visual.image.ImageStim'>, anchor=('center', 'center'), autoLog=True, color=array([1, 1, 1]), colorSpace='rgb', contrast=1.0, depth=-1.0, flipHoriz=True, flipVert=False, image='sin', interpolate=False, mask=None, maskParams=None, name='face_image', opacity=1.0, ori=0.0, pos=array([  0., 280.]), size=array([960., 540.]), texRes=512, units='pix', win=Window(...))
22.0629 	EXP 	window1: mouseVisible = True
22.2001 	WARNING 	Font b'HelveticaBold' was requested. No similar font found.
22.2150 	DEBUG 	TextBox2 loaded 1 chars with 0 blanks and 1 valid
22.2170 	DEBUG 	TextBox2 loaded 1 chars with 0 blanks and 1 valid
22.2179 	DEBUG 	TextBox2 loaded 1 chars with 0 blanks and 1 valid
22.2188 	DEBUG 	TextBox2 loaded 1 chars with 0 blanks and 1 valid
22.2202 	DEBUG 	TextBox2 loaded 1 chars with 0 blanks and 1 valid
22.2214 	DEBUG 	TextBox2 loaded 1 chars with 0 blanks and 1 valid
22.2230 	DEBUG 	TextBox2 loaded 1 chars with 0 blanks and 1 valid
22.2246 	DEBUG 	TextBox2 loaded 1 chars with 0 blanks and 1 valid
22.2248 	DEBUG 	Uploading Texture Font fontname to graphics card
22.2302 	DEBUG 	Upload of Texture Font fontname complete
22.3423 	WARNING 	Font b'HelveticaBold' was requested. No similar font found.
22.3556 	DEBUG 	TextBox2 loaded 1 chars with 0 blanks and 1 valid
22.3573 	DEBUG 	TextBox2 loaded 1 chars with 0 blanks and 1 valid
22.3583 	DEBUG 	TextBox2 loaded 1 chars with 0 blanks and 1 valid
22.3597 	DEBUG 	TextBox2 loaded 1 chars with 0 blanks and 1 valid
22.3610 	DEBUG 	TextBox2 loaded 1 chars with 0 blanks and 1 valid
22.3625 	DEBUG 	TextBox2 loaded 1 chars with 0 blanks and 1 valid
22.3637 	DEBUG 	TextBox2 loaded 1 chars with 0 blanks and 1 valid
22.3639 	DEBUG 	Uploading Texture Font fontname to graphics card
22.3708 	DEBUG 	Upload of Texture Font fontname complete
22.3798 	EXP 	Created slider_treatment_surgery = Slider(__class__=<class 'psychopy.visual.slider.Slider'>, autoDraw=False, autoLog=True, borderColor=None, color=None, colorSpace='rgb', depth=-2, fillColor=None, flip=False, font='HelveticaBold', granularity=0, labelColor=None, labelHeight=0.03, labelWrapWidth=None, labels=('0% Never', '100% Always'), lineColor=None, markerColor=None, name='slider_treatment_surgery', opacity=None, ori=0, pos=array([0., 0.]), readOnly=False, self=UNKNOWN, size=array([1.  , 0.02]), startValue=None, style=['rating'], styleTweaks=['labels45', 'triangleMarker'], ticks=array([  0,  25,  50,  75, 100]), units='height', win=Window(...))
22.3891 	EXP 	Created NextBu = ImageStim(__class__=<class 'psychopy.visual.image.ImageStim'>, anchor=('center', 'center'), autoLog=True, color=array([1, 1, 1]), colorSpace='rgb', contrast=1.0, depth=-3.0, flipHoriz=False, flipVert=False, image='Picture1-eng.png', interpolate=False, mask=None, maskParams=None, name='NextBu', opacity=1.0, ori=0.0, pos=array([0., 0.]), size=array([0.2, 0.1]), texRes=512, units='height', win=Window(...))
22.3891 	EXP 	window1: mouseVisible = True
22.3904 	EXP 	window1: mouseVisible = True
22.4982 	WARNING 	Font b'HelveticaBold' was requested. No similar font found.
22.6189 	WARNING 	Font b'HelveticaBold' was requested. No similar font found.
22.6402 	EXP 	Created slider_treatment_radiation = Slider(__class__=<class 'psychopy.visual.slider.Slider'>, autoDraw=False, autoLog=True, borderColor=None, color=None, colorSpace='rgb', depth=-5, fillColor=None, flip=False, font='HelveticaBold', granularity=0, labelColor=None, labelHeight=0.03, labelWrapWidth=None, labels=('0% Never', '100% Always'), lineColor=None, markerColor=None, name='slider_treatment_radiation', opacity=None, ori=0, pos=array([ 0. , -0.3]), readOnly=False, self=UNKNOWN, size=array([1.   , 0.025]), startValue=None, style=['rating'], styleTweaks=['triangleMarker'], ticks=array([  0,  25,  50,  75, 100]), units='height', win=Window(...))
22.6856 	EXP 	Created text_treatment_surgery = TextStim(__class__=<class 'psychopy.visual.text.TextStim'>, alignHoriz=method-wrapper(...), alignText='center', alignVert=method-wrapper(...), anchorHoriz='center', anchorVert='center', antialias=True, autoDraw=False, autoLog=True, bold=False, color=array([-1, -1, -1]), colorSpace='rgb', contrast=1.0, depth=-6.0, flipHoriz=False, flipVert=False, font='Open Sans', fontFiles=[], height=0.03, italic=False, languageStyle='LTR', name='text_treatment_surgery', opacity=1.0, ori=0.0, pos=array([0.  , 0.05]), rgb=UNKNOWN, text='How likely are you to recommend surgery? ', units='height', win=Window(...), wrapWidth=1)
22.6878 	EXP 	Created text_treatment_radiation = TextStim(__class__=<class 'psychopy.visual.text.TextStim'>, alignHoriz=method-wrapper(...), alignText='center', alignVert=method-wrapper(...), anchorHoriz='center', anchorVert='center', antialias=True, autoDraw=False, autoLog=True, bold=False, color=array([-1, -1, -1]), colorSpace='rgb', contrast=1.0, depth=-7.0, flipHoriz=False, flipVert=False, font='Open Sans', fontFiles=[], height=0.03, italic=False, languageStyle='LTR', name='text_treatment_radiation', opacity=1.0, ori=0.0, pos=array([ 0. , -0.2]), rgb=UNKNOWN, text='How likely are you to recommend radiation? ', units='height', win=Window(...), wrapWidth=1)
22.7189 	EXP 	Created EndText = TextStim(__class__=<class 'psychopy.visual.text.TextStim'>, alignHoriz=method-wrapper(...), alignText='center', alignVert=method-wrapper(...), anchorHoriz='center', anchorVert='center', antialias=True, autoDraw=False, autoLog=True, bold=False, color=array([-1, -1, -1]), colorSpace='rgb', contrast=1.0, depth=0.0, flipHoriz=False, flipVert=False, font='Arial', fontFiles=[], height=0.05, italic=False, languageStyle='LTR', name='EndText', opacity=1.0, ori=0, pos=array([0., 0.]), rgb=UNKNOWN, text=str(...), units='height', win=Window(...), wrapWidth=1)
22.7233 	DEBUG 	Read excel file with openpyxl: Rating_BlockOrder.xlsx
22.7234 	EXP 	Imported Rating_BlockOrder.xlsx as conditions, 1 conditions, 3 params
22.7237 	EXP 	Created sequence: fullRandom, trialTypes=1, nReps=1, seed=None
22.7239 	EXP 	New trial (rep=0, index=0): {'Task': 'treatment', 'LeftLabel': '0% Never', 'RightLabel': '100% Always'}
22.7434 	EXP 	slider_treatment_surgery: autoLog = True
22.7434 	EXP 	slider_treatment_surgery: markerPos = None
22.7434 	EXP 	slider_treatment_surgery: styleTweaks = []
22.7434 	EXP 	slider_treatment_surgery: styleTweaks = []
22.7434 	EXP 	slider_treatment_surgery: styleTweaks = ['labels45', 'triangleMarker']
22.7434 	EXP 	slider_treatment_surgery: styleTweaks = ['labels45', 'triangleMarker']
22.7434 	EXP 	slider_treatment_surgery: contrast = 1.0
22.7434 	EXP 	slider_treatment_surgery: autoLog = True
22.7434 	EXP 	slider_treatment_radiation: autoLog = True
22.7434 	EXP 	slider_treatment_radiation: markerPos = None
22.7434 	EXP 	slider_treatment_radiation: styleTweaks = []
22.7434 	EXP 	slider_treatment_radiation: styleTweaks = []
22.7434 	EXP 	slider_treatment_radiation: styleTweaks = ['triangleMarker']
22.7434 	EXP 	slider_treatment_radiation: styleTweaks = ['triangleMarker']
22.7434 	EXP 	slider_treatment_radiation: contrast = 1.0
22.7434 	EXP 	slider_treatment_radiation: autoLog = True
22.7434 	EXP 	instrBlock: height = 0.05
22.7434 	EXP 	instrBlock: height = 0.05
22.7434 	EXP 	instrBlock: height = 0.05
22.7434 	EXP 	instrBlock: text = 'Each patient below has been diagnosed with a low-risk, non-sclerosing, early-stage basal cell skin cancer. The patients are otherwise in good health. For each face, please indicate how likely you would be to recommend surgery versus radiation in the management of each lesion. \nPlease click anywhere to start'
22.7434 	EXP 	instrBlock: autoDraw = True
23.1042 	DATA 	Mouse: Left button down, pos=(813,575)
23.2433 	DATA 	Mouse:  Left button up, pos=(813,575)
25.7975 	DATA 	Mouse: Left button down, pos=(975,560)
25.8042 	DEBUG 	Read excel file with openpyxl: faceImages.xlsx
25.8053 	EXP 	Imported faceImages.xlsx as conditions, 95 conditions, 1 params
25.8063 	EXP 	Created sequence: sequential, trialTypes=95, nReps=95, seed=None
25.8067 	EXP 	New trial (rep=0, index=0): {'faceImages': '"FOREHEAD_006_M_F_N_A.png"'}
25.8078 	DEPRECATION 	Couldn't find image images/$faceImages; check path? (tried: C:\Users\annak\Documents\GitHub\faceattractiveness_lesion\images\$faceImages)
25.8305 	EXP 	window1: mouseVisible = True
25.8306 	DEBUG 	Saving data for FaceAttractiveness ExperimentHandler
25.8319 	INFO 	saved data to C:\Users\annak\Documents\GitHub\faceattractiveness_lesion\data/_FaceAttractiveness_2023-04-07_00h20.02.006.psydat
25.8325 	INFO 	saved data to 'C:\\Users\\annak\\Documents\\GitHub\\faceattractiveness_lesion\\data/_FaceAttractiveness_2023-04-07_00h20.02.006.csv'
