4.4683 	INFO 	Loaded monitor calibration from ['2021_12_01 18:33']
4.4738 	WARNING 	User requested fullscreen with size [1536  864], but screen is actually [1920, 1080]. Using actual size
5.8901 	EXP 	Created window1 = Window(allowGUI=True, allowStencil=False, autoLog=True, backendConf=UNKNOWN, bitsMode=UNKNOWN, blendMode='avg', bpc=(8, 8, 8), color=array([0.09803922, 0.09803922, 0.09803922]), colorSpace='rgb', depthBits=8, fullscr=<method-wrapper '__getattribute__' of attributeSetter object at 0x00000218E4486E50>, gamma=None, gammaErrorPolicy='raise', lms=UNKNOWN, monitor=<psychopy.monitors.calibTools.Monitor object at 0x00000218E9ACB310>, multiSample=False, name='window1', numSamples=2, pos=(0, 0), screen=0, size=array([1920, 1080]), stencilBits=0, stereo=False, units='height', useFBO=True, useRetina=False, viewOri=0.0, viewPos=None, viewScale=None, waitBlanking=True, winType='pyglet')
5.8902 	EXP 	window1: mouseVisible = True
5.8902 	EXP 	window1: mouseVisible = False
5.8903 	EXP 	window1: Attempting to measure frame rate of screen (0) ...
5.8903 	EXP 	window1: recordFrameIntervals = False
5.9588 	EXP 	window1: recordFrameIntervals = True
6.0353 	EXP 	Screen (0) actual frame rate measured at 144.72Hz
6.0353 	EXP 	window1: recordFrameIntervals = False
7.9568 	INFO 	keyboard.Keyboard is using iohub backend.
7.9715 	EXP 	Created face_image = ImageStim(__class__=<class 'psychopy.visual.image.ImageStim'>, anchor=('center', 'center'), autoLog=True, color=array([1, 1, 1]), colorSpace='rgb', contrast=1.0, depth=-1.0, flipHoriz=True, flipVert=False, image='sin', interpolate=False, mask=None, maskParams=None, name='face_image', opacity=1.0, ori=0.0, pos=array([  0., 280.]), size=array([960., 540.]), texRes=512, units='pix', win=Window(...))
7.9759 	EXP 	window1: mouseVisible = True
8.0874 	WARNING 	Font b'HelveticaBold' was requested. No similar font found.
8.1020 	DEBUG 	TextBox2 loaded 1 chars with 0 blanks and 1 valid
8.1038 	DEBUG 	TextBox2 loaded 1 chars with 0 blanks and 1 valid
8.1047 	DEBUG 	TextBox2 loaded 1 chars with 0 blanks and 1 valid
8.1058 	DEBUG 	TextBox2 loaded 1 chars with 0 blanks and 1 valid
8.1074 	DEBUG 	TextBox2 loaded 1 chars with 0 blanks and 1 valid
8.1088 	DEBUG 	TextBox2 loaded 1 chars with 0 blanks and 1 valid
8.1101 	DEBUG 	TextBox2 loaded 1 chars with 0 blanks and 1 valid
8.1114 	DEBUG 	TextBox2 loaded 1 chars with 0 blanks and 1 valid
8.1116 	DEBUG 	Uploading Texture Font fontname to graphics card
8.1168 	DEBUG 	Upload of Texture Font fontname complete
8.2360 	WARNING 	Font b'HelveticaBold' was requested. No similar font found.
8.2506 	DEBUG 	TextBox2 loaded 1 chars with 0 blanks and 1 valid
8.2523 	DEBUG 	TextBox2 loaded 1 chars with 0 blanks and 1 valid
8.2536 	DEBUG 	TextBox2 loaded 1 chars with 0 blanks and 1 valid
8.2551 	DEBUG 	TextBox2 loaded 1 chars with 0 blanks and 1 valid
8.2563 	DEBUG 	TextBox2 loaded 1 chars with 0 blanks and 1 valid
8.2577 	DEBUG 	TextBox2 loaded 1 chars with 0 blanks and 1 valid
8.2591 	DEBUG 	TextBox2 loaded 1 chars with 0 blanks and 1 valid
8.2593 	DEBUG 	Uploading Texture Font fontname to graphics card
8.2644 	DEBUG 	Upload of Texture Font fontname complete
8.2751 	EXP 	Created slider_treatment_surgery = Slider(__class__=<class 'psychopy.visual.slider.Slider'>, autoDraw=False, autoLog=True, borderColor=None, color=None, colorSpace='rgb', depth=-2, fillColor=None, flip=False, font='HelveticaBold', granularity=0, labelColor=None, labelHeight=0.03, labelWrapWidth=None, labels=('0% Never', '100% Always'), lineColor=None, markerColor=None, name='slider_treatment_surgery', opacity=None, ori=0, pos=array([0., 0.]), readOnly=False, self=UNKNOWN, size=array([1.  , 0.02]), startValue=None, style=['rating'], styleTweaks=['labels45', 'triangleMarker'], ticks=array([  0,  25,  50,  75, 100]), units='height', win=Window(...))
8.2849 	EXP 	Created NextBu = ImageStim(__class__=<class 'psychopy.visual.image.ImageStim'>, anchor=('center', 'center'), autoLog=True, color=array([1, 1, 1]), colorSpace='rgb', contrast=1.0, depth=-3.0, flipHoriz=False, flipVert=False, image='Picture1-eng.png', interpolate=False, mask=None, maskParams=None, name='NextBu', opacity=1.0, ori=0.0, pos=array([0., 0.]), size=array([0.2, 0.1]), texRes=512, units='height', win=Window(...))
8.2850 	EXP 	window1: mouseVisible = True
8.2862 	EXP 	window1: mouseVisible = True
8.3967 	WARNING 	Font b'HelveticaBold' was requested. No similar font found.
8.5184 	WARNING 	Font b'HelveticaBold' was requested. No similar font found.
8.5404 	EXP 	Created slider_treatment_radiation = Slider(__class__=<class 'psychopy.visual.slider.Slider'>, autoDraw=False, autoLog=True, borderColor=None, color=None, colorSpace='rgb', depth=-5, fillColor=None, flip=False, font='HelveticaBold', granularity=0, labelColor=None, labelHeight=0.03, labelWrapWidth=None, labels=('0% Never', '100% Always'), lineColor=None, markerColor=None, name='slider_treatment_radiation', opacity=None, ori=0, pos=array([ 0. , -0.3]), readOnly=False, self=UNKNOWN, size=array([1.   , 0.025]), startValue=None, style=['rating'], styleTweaks=['triangleMarker'], ticks=array([  0,  25,  50,  75, 100]), units='height', win=Window(...))
8.5923 	EXP 	Created text_treatment_surgery = TextStim(__class__=<class 'psychopy.visual.text.TextStim'>, alignHoriz=method-wrapper(...), alignText='center', alignVert=method-wrapper(...), anchorHoriz='center', anchorVert='center', antialias=True, autoDraw=False, autoLog=True, bold=False, color=array([-1, -1, -1]), colorSpace='rgb', contrast=1.0, depth=-6.0, flipHoriz=False, flipVert=False, font='Open Sans', fontFiles=[], height=0.03, italic=False, languageStyle='LTR', name='text_treatment_surgery', opacity=1.0, ori=0.0, pos=array([0.  , 0.05]), rgb=UNKNOWN, text='How likely are you to recommend surgery? ', units='height', win=Window(...), wrapWidth=1)
8.5945 	EXP 	Created text_treatment_radiation = TextStim(__class__=<class 'psychopy.visual.text.TextStim'>, alignHoriz=method-wrapper(...), alignText='center', alignVert=method-wrapper(...), anchorHoriz='center', anchorVert='center', antialias=True, autoDraw=False, autoLog=True, bold=False, color=array([-1, -1, -1]), colorSpace='rgb', contrast=1.0, depth=-7.0, flipHoriz=False, flipVert=False, font='Open Sans', fontFiles=[], height=0.03, italic=False, languageStyle='LTR', name='text_treatment_radiation', opacity=1.0, ori=0.0, pos=array([ 0. , -0.2]), rgb=UNKNOWN, text='How likely are you to recommend radiation? ', units='height', win=Window(...), wrapWidth=1)
8.6273 	EXP 	Created EndText = TextStim(__class__=<class 'psychopy.visual.text.TextStim'>, alignHoriz=method-wrapper(...), alignText='center', alignVert=method-wrapper(...), anchorHoriz='center', anchorVert='center', antialias=True, autoDraw=False, autoLog=True, bold=False, color=array([-1, -1, -1]), colorSpace='rgb', contrast=1.0, depth=0.0, flipHoriz=False, flipVert=False, font='Arial', fontFiles=[], height=0.05, italic=False, languageStyle='LTR', name='EndText', opacity=1.0, ori=0, pos=array([0., 0.]), rgb=UNKNOWN, text=str(...), units='height', win=Window(...), wrapWidth=1)
8.6319 	DEBUG 	Read excel file with openpyxl: Rating_BlockOrder.xlsx
8.6320 	EXP 	Imported Rating_BlockOrder.xlsx as conditions, 1 conditions, 3 params
8.6323 	EXP 	Created sequence: fullRandom, trialTypes=1, nReps=1, seed=None
8.6324 	EXP 	New trial (rep=0, index=0): {'Task': 'treatment', 'LeftLabel': '0% Never', 'RightLabel': '100% Always'}
8.6329 	EXP 	Created sequence: sequential, trialTypes=1, nReps=95, seed=None
8.6332 	EXP 	New trial (rep=0, index=0): None
8.6342 	DEPRECATION 	Couldn't find image images/faces; check path? (tried: C:\Users\annak\Documents\GitHub\faceattractiveness_lesion\images\faces)
8.6537 	EXP 	window1: mouseVisible = True
8.6540 	DEBUG 	Saving data for FaceAttractiveness ExperimentHandler
8.6557 	INFO 	saved data to C:\Users\annak\Documents\GitHub\faceattractiveness_lesion\data/_FaceAttractiveness_2023-04-06_22h57.54.564.psydat
8.6567 	INFO 	saved data to 'C:\\Users\\annak\\Documents\\GitHub\\faceattractiveness_lesion\\data/_FaceAttractiveness_2023-04-06_22h57.54.564.csv'
