4.0472 	INFO 	Loaded monitor calibration from ['2021_12_01 18:33']
4.0541 	WARNING 	User requested fullscreen with size [1536  864], but screen is actually [1920, 1080]. Using actual size
5.3669 	EXP 	Created window1 = Window(allowGUI=True, allowStencil=False, autoLog=True, backendConf=UNKNOWN, bitsMode=UNKNOWN, blendMode='avg', bpc=(8, 8, 8), color=array([0.09803922, 0.09803922, 0.09803922]), colorSpace='rgb', depthBits=8, fullscr=<method-wrapper '__getattribute__' of attributeSetter object at 0x000002882EB06E80>, gamma=None, gammaErrorPolicy='raise', lms=UNKNOWN, monitor=<psychopy.monitors.calibTools.Monitor object at 0x00000288326FB310>, multiSample=False, name='window1', numSamples=2, pos=(0, 0), screen=0, size=array([1920, 1080]), stencilBits=0, stereo=False, units='height', useFBO=True, useRetina=False, viewOri=0.0, viewPos=None, viewScale=None, waitBlanking=True, winType='pyglet')
5.3670 	EXP 	window1: mouseVisible = True
5.3671 	EXP 	window1: mouseVisible = False
5.3671 	EXP 	window1: Attempting to measure frame rate of screen (0) ...
5.3671 	EXP 	window1: recordFrameIntervals = False
5.4354 	EXP 	window1: recordFrameIntervals = True
5.5119 	EXP 	Screen (0) actual frame rate measured at 144.08Hz
5.5119 	EXP 	window1: recordFrameIntervals = False
7.2283 	INFO 	keyboard.Keyboard is using iohub backend.
7.2414 	EXP 	Created instrBlock = TextStim(__class__=<class 'psychopy.visual.text.TextStim'>, alignHoriz=method-wrapper(...), alignText='center', alignVert=method-wrapper(...), anchorHoriz='center', anchorVert='center', antialias=True, autoDraw=False, autoLog=True, bold=False, color=array([1, 1, 1]), colorSpace='rgb', contrast=1.0, depth=-1.0, flipHoriz=False, flipVert=False, font='Arial', fontFiles=[], height=0.05, italic=False, languageStyle='LTR', name='instrBlock', opacity=1.0, ori=0.0, pos=array([0., 0.]), rgb=UNKNOWN, text='', units='height', win=Window(...), wrapWidth=1)
7.2418 	EXP 	window1: mouseVisible = True
7.2560 	EXP 	Created face_image = ImageStim(__class__=<class 'psychopy.visual.image.ImageStim'>, anchor=('center', 'center'), autoLog=True, color=array([1, 1, 1]), colorSpace='rgb', contrast=1.0, depth=-1.0, flipHoriz=True, flipVert=False, image='sin', interpolate=False, mask=None, maskParams=None, name='face_image', opacity=1.0, ori=0.0, pos=array([  0., 280.]), size=array([960., 540.]), texRes=512, units='pix', win=Window(...))
7.2596 	EXP 	window1: mouseVisible = True
7.3702 	WARNING 	Font b'HelveticaBold' was requested. No similar font found.
7.3849 	DEBUG 	TextBox2 loaded 1 chars with 0 blanks and 1 valid
7.3867 	DEBUG 	TextBox2 loaded 1 chars with 0 blanks and 1 valid
7.3877 	DEBUG 	TextBox2 loaded 1 chars with 0 blanks and 1 valid
7.3888 	DEBUG 	TextBox2 loaded 1 chars with 0 blanks and 1 valid
7.3903 	DEBUG 	TextBox2 loaded 1 chars with 0 blanks and 1 valid
7.3915 	DEBUG 	TextBox2 loaded 1 chars with 0 blanks and 1 valid
7.3928 	DEBUG 	TextBox2 loaded 1 chars with 0 blanks and 1 valid
7.3940 	DEBUG 	TextBox2 loaded 1 chars with 0 blanks and 1 valid
7.3942 	DEBUG 	Uploading Texture Font fontname to graphics card
7.4006 	DEBUG 	Upload of Texture Font fontname complete
7.5061 	WARNING 	Font b'HelveticaBold' was requested. No similar font found.
7.5209 	DEBUG 	TextBox2 loaded 1 chars with 0 blanks and 1 valid
7.5227 	DEBUG 	TextBox2 loaded 1 chars with 0 blanks and 1 valid
7.5239 	DEBUG 	TextBox2 loaded 1 chars with 0 blanks and 1 valid
7.5255 	DEBUG 	TextBox2 loaded 1 chars with 0 blanks and 1 valid
7.5268 	DEBUG 	TextBox2 loaded 1 chars with 0 blanks and 1 valid
7.5285 	DEBUG 	TextBox2 loaded 1 chars with 0 blanks and 1 valid
7.5298 	DEBUG 	TextBox2 loaded 1 chars with 0 blanks and 1 valid
7.5300 	DEBUG 	Uploading Texture Font fontname to graphics card
7.5354 	DEBUG 	Upload of Texture Font fontname complete
7.5447 	EXP 	Created slider_treatment_surgery = Slider(__class__=<class 'psychopy.visual.slider.Slider'>, autoDraw=False, autoLog=True, borderColor=None, color=None, colorSpace='rgb', depth=-2, fillColor=None, flip=False, font='HelveticaBold', granularity=0, labelColor=None, labelHeight=0.03, labelWrapWidth=None, labels=('0% Never', '100% Always'), lineColor=None, markerColor=None, name='slider_treatment_surgery', opacity=None, ori=0, pos=array([0., 0.]), readOnly=False, self=UNKNOWN, size=array([1.  , 0.02]), startValue=None, style=['rating'], styleTweaks=['labels45', 'triangleMarker'], ticks=array([  0,  25,  50,  75, 100]), units='height', win=Window(...))
7.5545 	EXP 	Created NextBu = ImageStim(__class__=<class 'psychopy.visual.image.ImageStim'>, anchor=('center', 'center'), autoLog=True, color=array([1, 1, 1]), colorSpace='rgb', contrast=1.0, depth=-3.0, flipHoriz=False, flipVert=False, image='Picture1-eng.png', interpolate=False, mask=None, maskParams=None, name='NextBu', opacity=1.0, ori=0.0, pos=array([0., 0.]), size=array([0.2, 0.1]), texRes=512, units='height', win=Window(...))
7.5546 	EXP 	window1: mouseVisible = True
7.5560 	EXP 	window1: mouseVisible = True
7.6606 	WARNING 	Font b'HelveticaBold' was requested. No similar font found.
7.7755 	WARNING 	Font b'HelveticaBold' was requested. No similar font found.
7.7968 	EXP 	Created slider_treatment_radiation = Slider(__class__=<class 'psychopy.visual.slider.Slider'>, autoDraw=False, autoLog=True, borderColor=None, color=None, colorSpace='rgb', depth=-5, fillColor=None, flip=False, font='HelveticaBold', granularity=0, labelColor=None, labelHeight=0.03, labelWrapWidth=None, labels=('0% Never', '100% Always'), lineColor=None, markerColor=None, name='slider_treatment_radiation', opacity=None, ori=0, pos=array([ 0. , -0.3]), readOnly=False, self=UNKNOWN, size=array([1.   , 0.025]), startValue=None, style=['rating'], styleTweaks=['triangleMarker'], ticks=array([  0,  25,  50,  75, 100]), units='height', win=Window(...))
7.8361 	EXP 	Created text_treatment_surgery = TextStim(__class__=<class 'psychopy.visual.text.TextStim'>, alignHoriz=method-wrapper(...), alignText='center', alignVert=method-wrapper(...), anchorHoriz='center', anchorVert='center', antialias=True, autoDraw=False, autoLog=True, bold=False, color=array([-1, -1, -1]), colorSpace='rgb', contrast=1.0, depth=-6.0, flipHoriz=False, flipVert=False, font='Open Sans', fontFiles=[], height=0.03, italic=False, languageStyle='LTR', name='text_treatment_surgery', opacity=1.0, ori=0.0, pos=array([0.  , 0.05]), rgb=UNKNOWN, text='How likely are you to recommend surgery? ', units='height', win=Window(...), wrapWidth=1)
7.8384 	EXP 	Created text_treatment_radiation = TextStim(__class__=<class 'psychopy.visual.text.TextStim'>, alignHoriz=method-wrapper(...), alignText='center', alignVert=method-wrapper(...), anchorHoriz='center', anchorVert='center', antialias=True, autoDraw=False, autoLog=True, bold=False, color=array([-1, -1, -1]), colorSpace='rgb', contrast=1.0, depth=-7.0, flipHoriz=False, flipVert=False, font='Open Sans', fontFiles=[], height=0.03, italic=False, languageStyle='LTR', name='text_treatment_radiation', opacity=1.0, ori=0.0, pos=array([ 0. , -0.2]), rgb=UNKNOWN, text='How likely are you to recommend radiation? ', units='height', win=Window(...), wrapWidth=1)
7.8733 	EXP 	Created EndText = TextStim(__class__=<class 'psychopy.visual.text.TextStim'>, alignHoriz=method-wrapper(...), alignText='center', alignVert=method-wrapper(...), anchorHoriz='center', anchorVert='center', antialias=True, autoDraw=False, autoLog=True, bold=False, color=array([-1, -1, -1]), colorSpace='rgb', contrast=1.0, depth=0.0, flipHoriz=False, flipVert=False, font='Arial', fontFiles=[], height=0.05, italic=False, languageStyle='LTR', name='EndText', opacity=1.0, ori=0, pos=array([0., 0.]), rgb=UNKNOWN, text=str(...), units='height', win=Window(...), wrapWidth=1)
7.8786 	DEBUG 	Read excel file with openpyxl: Rating_BlockOrder.xlsx
7.8788 	EXP 	Imported Rating_BlockOrder.xlsx as conditions, 1 conditions, 3 params
7.8791 	EXP 	Created sequence: fullRandom, trialTypes=1, nReps=1, seed=None
7.8792 	EXP 	New trial (rep=0, index=0): {'Task': 'treatment', 'LeftLabel': '0% Never', 'RightLabel': '100% Always'}
7.8978 	EXP 	slider_treatment_surgery: autoLog = True
7.8978 	EXP 	slider_treatment_surgery: markerPos = None
7.8978 	EXP 	slider_treatment_surgery: styleTweaks = []
7.8978 	EXP 	slider_treatment_surgery: styleTweaks = []
7.8978 	EXP 	slider_treatment_surgery: styleTweaks = ['labels45', 'triangleMarker']
7.8978 	EXP 	slider_treatment_surgery: styleTweaks = ['labels45', 'triangleMarker']
7.8978 	EXP 	slider_treatment_surgery: contrast = 1.0
7.8978 	EXP 	slider_treatment_surgery: autoLog = True
7.8978 	EXP 	slider_treatment_radiation: autoLog = True
7.8978 	EXP 	slider_treatment_radiation: markerPos = None
7.8978 	EXP 	slider_treatment_radiation: styleTweaks = []
7.8978 	EXP 	slider_treatment_radiation: styleTweaks = []
7.8978 	EXP 	slider_treatment_radiation: styleTweaks = ['triangleMarker']
7.8978 	EXP 	slider_treatment_radiation: styleTweaks = ['triangleMarker']
7.8978 	EXP 	slider_treatment_radiation: contrast = 1.0
7.8978 	EXP 	slider_treatment_radiation: autoLog = True
7.8978 	EXP 	instrBlock: height = 0.05
7.8978 	EXP 	instrBlock: height = 0.05
7.8978 	EXP 	instrBlock: height = 0.05
7.8978 	EXP 	instrBlock: text = 'Each patient below has been diagnosed with a low-risk, non-sclerosing, early-stage basal cell skin cancer. The patients are otherwise in good health. For each face, please indicate how likely you would be to recommend surgery versus radiation in the management of each lesion. \nPlease click anywhere to start'
7.8978 	EXP 	instrBlock: autoDraw = True
8.2298 	DATA 	Mouse: Left button down, pos=(825,559)
8.3400 	DATA 	Mouse:  Left button up, pos=(825,559)
10.1171 	DATA 	Mouse: Left button down, pos=(851,625)
10.1239 	DEBUG 	Read excel file with openpyxl: faceImages.xlsx
10.1249 	EXP 	Imported faceImages.xlsx as conditions, 95 conditions, 1 params
10.1259 	EXP 	Created sequence: sequential, trialTypes=95, nReps=95, seed=None
10.1263 	EXP 	New trial (rep=0, index=0): {'faceImages': 'images\\FOREHEAD_006_M_F_N_A.png'}
10.1402 	EXP 	instrBlock: autoDraw = False
10.1402 	EXP 	face_image: image = 'images\\FOREHEAD_006_M_F_N_A.png'
10.1402 	EXP 	slider_treatment_surgery: markerPos = None
10.1402 	EXP 	slider_treatment_surgery: markerPos = None
10.1402 	EXP 	slider_treatment_radiation: markerPos = None
10.1402 	EXP 	slider_treatment_radiation: markerPos = None
10.1402 	EXP 	face_image: autoDraw = True
10.2145 	DATA 	Mouse:  Left button up, pos=(851,626)
10.4475 	EXP 	slider_treatment_surgery: autoDraw = True
10.4475 	EXP 	NextBu: autoDraw = True
10.4475 	EXP 	slider_treatment_radiation: autoDraw = True
10.4475 	EXP 	text_treatment_surgery: autoDraw = True
10.4475 	EXP 	text_treatment_radiation: autoDraw = True
12.2191 	DATA 	Mouse: Left button down, pos=(912,548)
12.2270 	EXP 	slider_treatment_surgery: markerPos = 45.55555555555556
12.2364 	EXP 	slider_treatment_surgery: markerPos = 45.55555555555556
12.2438 	EXP 	slider_treatment_surgery: markerPos = 45.55555555555556
12.2546 	EXP 	slider_treatment_surgery: markerPos = 45.55555555555556
12.2641 	EXP 	slider_treatment_surgery: markerPos = 45.55555555555556
12.2762 	EXP 	slider_treatment_surgery: markerPos = 45.55555555555556
12.2856 	EXP 	slider_treatment_surgery: markerPos = 45.55555555555556
12.2973 	EXP 	slider_treatment_surgery: markerPos = 45.55555555555556
12.3063 	EXP 	slider_treatment_surgery: markerPos = 45.46296296296296
12.3154 	EXP 	slider_treatment_surgery: markerPos = 45.46296296296296
12.3249 	EXP 	slider_treatment_surgery: markerPos = 45.46296296296296
12.3317 	DATA 	Mouse:  Left button up, pos=(911,548)
12.3352 	EXP 	slider_treatment_surgery: markerPos = 45.46296296296296
12.3445 	EXP 	slider_treatment_surgery: markerPos = 45.46296296296296
12.9744 	DATA 	Mouse: Left button down, pos=(853,219)
12.9818 	EXP 	slider_treatment_radiation: markerPos = 40.09259259259259
12.9916 	EXP 	slider_treatment_radiation: markerPos = 40.09259259259259
13.0009 	EXP 	slider_treatment_radiation: markerPos = 40.09259259259259
13.0086 	EXP 	slider_treatment_radiation: markerPos = 40.09259259259259
13.0191 	EXP 	slider_treatment_radiation: markerPos = 40.09259259259259
13.0285 	EXP 	slider_treatment_radiation: markerPos = 40.09259259259259
13.0362 	EXP 	slider_treatment_radiation: markerPos = 40.09259259259259
13.0479 	EXP 	slider_treatment_radiation: markerPos = 40.09259259259259
13.0542 	DATA 	Mouse:  Left button up, pos=(853,219)
13.0561 	EXP 	slider_treatment_radiation: markerPos = 40.09259259259259
13.0667 	EXP 	slider_treatment_radiation: markerPos = 40.09259259259259
13.4711 	DATA 	Mouse: Left button down, pos=(968,109)
13.4954 	EXP 	window1: mouseVisible = True
13.4975 	DEBUG 	Saving data for FaceAttractiveness ExperimentHandler
13.5007 	INFO 	saved data to C:\Users\annak\Documents\GitHub\faceattractiveness_lesion\data/_FaceAttractiveness_2023-04-07_01h23.31.347.psydat
13.5017 	INFO 	saved data to 'C:\\Users\\annak\\Documents\\GitHub\\faceattractiveness_lesion\\data/_FaceAttractiveness_2023-04-07_01h23.31.347.csv'
