4.2069 	INFO 	Loaded monitor calibration from ['2021_12_01 18:33']
4.2141 	WARNING 	User requested fullscreen with size [1536  864], but screen is actually [1920, 1080]. Using actual size
5.5822 	EXP 	Created window1 = Window(allowGUI=True, allowStencil=False, autoLog=True, backendConf=UNKNOWN, bitsMode=UNKNOWN, blendMode='avg', bpc=(8, 8, 8), color=array([0.09803922, 0.09803922, 0.09803922]), colorSpace='rgb', depthBits=8, fullscr=<method-wrapper '__getattribute__' of attributeSetter object at 0x000001DA22C54D60>, gamma=None, gammaErrorPolicy='raise', lms=UNKNOWN, monitor=<psychopy.monitors.calibTools.Monitor object at 0x000001DA28619250>, multiSample=False, name='window1', numSamples=2, pos=(0, 0), screen=0, size=array([1920, 1080]), stencilBits=0, stereo=False, units='height', useFBO=True, useRetina=False, viewOri=0.0, viewPos=None, viewScale=None, waitBlanking=True, winType='pyglet')
5.5823 	EXP 	window1: mouseVisible = True
5.5823 	EXP 	window1: mouseVisible = False
5.5824 	EXP 	window1: Attempting to measure frame rate of screen (0) ...
5.5824 	EXP 	window1: recordFrameIntervals = False
5.6590 	EXP 	window1: recordFrameIntervals = True
5.7357 	WARNING 	t of last frame was 8.56ms (=1/116)
5.7360 	EXP 	Screen (0) actual frame rate measured at 141.31Hz
5.7360 	EXP 	window1: recordFrameIntervals = False
7.4527 	INFO 	keyboard.Keyboard is using iohub backend.
7.5276 	EXP 	Created ques_instr = TextStim(__class__=<class 'psychopy.visual.text.TextStim'>, alignHoriz=method-wrapper(...), alignText='center', alignVert=method-wrapper(...), anchorHoriz='center', anchorVert='center', antialias=True, autoDraw=False, autoLog=True, bold=False, color=array([1, 1, 1]), colorSpace='rgb', contrast=1.0, depth=0.0, flipHoriz=False, flipVert=False, font='Arial', fontFiles=[], height=0.04, italic=False, languageStyle='LTR', name='ques_instr', opacity=1.0, ori=0.0, pos=array([0., 0.]), rgb=UNKNOWN, text=str(...), units='height', win=Window(...), wrapWidth=1)
7.5281 	EXP 	window1: mouseVisible = True
7.5315 	EXP 	window1: mouseVisible = True
7.5547 	DEBUG 	TextBox2 loaded 1 chars with 0 blanks and 1 valid
7.5562 	DEBUG 	TextBox2 loaded 1 chars with 0 blanks and 1 valid
7.5576 	DEBUG 	TextBox2 loaded 1 chars with 0 blanks and 1 valid
7.5590 	DEBUG 	TextBox2 loaded 1 chars with 0 blanks and 1 valid
7.5603 	DEBUG 	TextBox2 loaded 1 chars with 0 blanks and 1 valid
7.5616 	DEBUG 	TextBox2 loaded 1 chars with 0 blanks and 1 valid
7.5630 	DEBUG 	TextBox2 loaded 1 chars with 0 blanks and 1 valid
7.5643 	DEBUG 	TextBox2 loaded 1 chars with 0 blanks and 1 valid
7.5657 	DEBUG 	TextBox2 loaded 1 chars with 0 blanks and 1 valid
7.5670 	DEBUG 	TextBox2 loaded 1 chars with 0 blanks and 1 valid
7.5684 	DEBUG 	TextBox2 loaded 1 chars with 0 blanks and 1 valid
7.5697 	DEBUG 	TextBox2 loaded 1 chars with 0 blanks and 1 valid
7.5700 	DEBUG 	Uploading Texture Font fontname to graphics card
7.5763 	DEBUG 	Upload of Texture Font fontname complete
7.5923 	DEBUG 	TextBox2 loaded 1 chars with 0 blanks and 1 valid
7.5926 	DEBUG 	Uploading Texture Font fontname to graphics card
7.5973 	DEBUG 	Upload of Texture Font fontname complete
7.6133 	DEBUG 	TextBox2 loaded 1 chars with 0 blanks and 1 valid
7.6149 	DEBUG 	TextBox2 loaded 1 chars with 0 blanks and 1 valid
7.6164 	DEBUG 	TextBox2 loaded 1 chars with 0 blanks and 1 valid
7.6179 	DEBUG 	TextBox2 loaded 1 chars with 0 blanks and 1 valid
7.6194 	DEBUG 	TextBox2 loaded 1 chars with 0 blanks and 1 valid
7.6209 	DEBUG 	TextBox2 loaded 1 chars with 0 blanks and 1 valid
7.6211 	DEBUG 	Uploading Texture Font fontname to graphics card
7.6258 	DEBUG 	Upload of Texture Font fontname complete
7.6416 	DEBUG 	TextBox2 loaded 1 chars with 0 blanks and 1 valid
7.6419 	DEBUG 	Uploading Texture Font fontname to graphics card
7.6464 	DEBUG 	Upload of Texture Font fontname complete
7.6634 	DEBUG 	TextBox2 loaded 1 chars with 0 blanks and 1 valid
7.6651 	DEBUG 	TextBox2 loaded 1 chars with 0 blanks and 1 valid
7.6653 	DEBUG 	Uploading Texture Font fontname to graphics card
7.6696 	DEBUG 	Upload of Texture Font fontname complete
7.6800 	EXP 	Created slider_2 = Slider(__class__=<class 'psychopy.visual.slider.Slider'>, autoDraw=False, autoLog=True, borderColor=None, color=None, colorSpace='rgb', depth=0, fillColor=None, flip=False, font='Arial', granularity=0.0, labelColor=None, labelHeight=0.01, labelWrapWidth=None, labels=tuple(...), lineColor=None, markerColor=None, name='slider_2', opacity=None, ori=90.0, pos=array([0., 0.]), readOnly=False, self=UNKNOWN, size=array([1. , 0.1]), startValue=3, style='scrollbar', styleTweaks=['labels45'], ticks=array([1, 2, 3, 4, 5]), units='height', win=Window(...))
7.7088 	EXP 	Created EndText = TextStim(__class__=<class 'psychopy.visual.text.TextStim'>, alignHoriz=method-wrapper(...), alignText='center', alignVert=method-wrapper(...), anchorHoriz='center', anchorVert='center', antialias=True, autoDraw=False, autoLog=True, bold=False, color=array([-1, -1, -1]), colorSpace='rgb', contrast=1.0, depth=0.0, flipHoriz=False, flipVert=False, font='Arial', fontFiles=[], height=0.05, italic=False, languageStyle='LTR', name='EndText', opacity=1.0, ori=0, pos=array([0., 0.]), rgb=UNKNOWN, text=str(...), units='height', win=Window(...), wrapWidth=1)
7.7179 	EXP 	slider_2: autoLog = True
7.7179 	EXP 	slider_2: markerPos = 3
7.7179 	EXP 	slider_2: styleTweaks = []
7.7179 	EXP 	slider_2: styleTweaks = []
7.7179 	EXP 	slider_2: styleTweaks = ['labels45']
7.7179 	EXP 	slider_2: styleTweaks = ['labels45']
7.7179 	EXP 	slider_2: contrast = 1.0
7.7179 	EXP 	slider_2: autoLog = True
7.7179 	EXP 	ques_instr: autoDraw = True
8.1666 	DATA 	Mouse: Left button down, pos=(784,501)
8.2711 	DATA 	Mouse:  Left button up, pos=(784,501)
11.2779 	DATA 	Mouse: Left button down, pos=(979,565)
11.3093 	EXP 	ques_instr: autoDraw = False
11.3093 	EXP 	slider_2: markerPos = None
11.3093 	EXP 	slider_2: markerPos = 3
11.3093 	EXP 	slider_2: autoDraw = True
11.3093 	EXP 	slider_2: markerPos = 3.0925925925925926
11.3172 	EXP 	slider_2: markerPos = 3.0925925925925926
11.3255 	EXP 	slider_2: markerPos = 3.0925925925925926
11.3333 	EXP 	slider_2: markerPos = 3.0925925925925926
11.3456 	EXP 	slider_2: markerPos = 3.0925925925925926
11.3554 	EXP 	slider_2: markerPos = 3.0925925925925926
11.3663 	EXP 	slider_2: markerPos = 3.0925925925925926
11.3745 	EXP 	slider_2: markerPos = 3.0925925925925926
11.3870 	EXP 	slider_2: markerPos = 3.0925925925925926
11.3946 	EXP 	slider_2: markerPos = 3.0925925925925926
11.4031 	EXP 	slider_2: markerPos = 3.0925925925925926
11.4093 	DATA 	Mouse:  Left button up, pos=(979,565)
11.4135 	EXP 	slider_2: markerPos = 3.0925925925925926
11.4217 	EXP 	slider_2: markerPos = 3.0925925925925926
12.8695 	DATA 	Keypress: escape
13.3842 	EXP 	window1: mouseVisible = True
13.3843 	DEBUG 	Saving data for FaceAttractiveness ExperimentHandler
13.3854 	INFO 	saved data to C:\Users\annak\Documents\GitHub\faceattractiveness_lesion\data/_FaceAttractiveness_2023-04-05_19h50.26.195.psydat
13.3863 	INFO 	saved data to 'C:\\Users\\annak\\Documents\\GitHub\\faceattractiveness_lesion\\data/_FaceAttractiveness_2023-04-05_19h50.26.195.csv'
