4.2562 	INFO 	Loaded monitor calibration from ['2021_12_01 18:33']
4.2625 	WARNING 	User requested fullscreen with size [1536  864], but screen is actually [1920, 1080]. Using actual size
5.5220 	EXP 	Created window1 = Window(allowGUI=True, allowStencil=False, autoLog=True, backendConf=UNKNOWN, bitsMode=UNKNOWN, blendMode='avg', bpc=(8, 8, 8), color=array([0.09803922, 0.09803922, 0.09803922]), colorSpace='rgb', depthBits=8, fullscr=<method-wrapper '__getattribute__' of attributeSetter object at 0x000001C34D595D60>, gamma=None, gammaErrorPolicy='raise', lms=UNKNOWN, monitor=<psychopy.monitors.calibTools.Monitor object at 0x000001C3539F41C0>, multiSample=False, name='window1', numSamples=2, pos=(0, 0), screen=0, size=array([1920, 1080]), stencilBits=0, stereo=False, units='height', useFBO=True, useRetina=False, viewOri=0.0, viewPos=None, viewScale=None, waitBlanking=True, winType='pyglet')
5.5220 	EXP 	window1: mouseVisible = True
5.5221 	EXP 	window1: mouseVisible = False
5.5221 	EXP 	window1: Attempting to measure frame rate of screen (0) ...
5.5222 	EXP 	window1: recordFrameIntervals = False
5.5905 	EXP 	window1: recordFrameIntervals = True
5.6672 	EXP 	Screen (0) actual frame rate measured at 144.17Hz
5.6672 	EXP 	window1: recordFrameIntervals = False
7.3790 	INFO 	keyboard.Keyboard is using iohub backend.
7.3825 	EXP 	window1: mouseVisible = True
7.4050 	DEBUG 	TextBox2 loaded 1 chars with 0 blanks and 1 valid
7.4061 	DEBUG 	TextBox2 loaded 1 chars with 0 blanks and 1 valid
7.4069 	DEBUG 	TextBox2 loaded 1 chars with 0 blanks and 1 valid
7.4080 	DEBUG 	TextBox2 loaded 1 chars with 0 blanks and 1 valid
7.4085 	DEBUG 	TextBox2 loaded 1 chars with 0 blanks and 1 valid
7.4091 	DEBUG 	TextBox2 loaded 1 chars with 0 blanks and 1 valid
7.4100 	DEBUG 	TextBox2 loaded 1 chars with 0 blanks and 1 valid
7.4109 	DEBUG 	TextBox2 loaded 1 chars with 0 blanks and 1 valid
7.4117 	DEBUG 	TextBox2 loaded 1 chars with 0 blanks and 1 valid
7.4126 	DEBUG 	TextBox2 loaded 1 chars with 0 blanks and 1 valid
7.4134 	DEBUG 	TextBox2 loaded 1 chars with 0 blanks and 1 valid
7.4140 	DEBUG 	TextBox2 loaded 1 chars with 0 blanks and 1 valid
7.4142 	DEBUG 	Uploading Texture Font fontname to graphics card
7.4253 	DEBUG 	Upload of Texture Font fontname complete
7.4412 	DEBUG 	TextBox2 loaded 1 chars with 0 blanks and 1 valid
7.4415 	DEBUG 	Uploading Texture Font fontname to graphics card
7.4464 	DEBUG 	Upload of Texture Font fontname complete
7.4623 	DEBUG 	TextBox2 loaded 1 chars with 0 blanks and 1 valid
7.4633 	DEBUG 	TextBox2 loaded 1 chars with 0 blanks and 1 valid
7.4643 	DEBUG 	TextBox2 loaded 1 chars with 0 blanks and 1 valid
7.4652 	DEBUG 	TextBox2 loaded 1 chars with 0 blanks and 1 valid
7.4660 	DEBUG 	TextBox2 loaded 1 chars with 0 blanks and 1 valid
7.4670 	DEBUG 	TextBox2 loaded 1 chars with 0 blanks and 1 valid
7.4672 	DEBUG 	Uploading Texture Font fontname to graphics card
7.4720 	DEBUG 	Upload of Texture Font fontname complete
7.4875 	DEBUG 	TextBox2 loaded 1 chars with 0 blanks and 1 valid
7.4877 	DEBUG 	Uploading Texture Font fontname to graphics card
7.4925 	DEBUG 	Upload of Texture Font fontname complete
7.5090 	DEBUG 	TextBox2 loaded 1 chars with 0 blanks and 1 valid
7.5100 	DEBUG 	TextBox2 loaded 1 chars with 0 blanks and 1 valid
7.5102 	DEBUG 	Uploading Texture Font fontname to graphics card
7.5151 	DEBUG 	Upload of Texture Font fontname complete
7.5274 	EXP 	Created slider_rad_therapy = Slider(__class__=<class 'psychopy.visual.slider.Slider'>, autoDraw=False, autoLog=True, borderColor=None, color=None, colorSpace='rgb', depth=0, fillColor=None, flip=False, font='Arial', granularity=0.0, labelColor=None, labelHeight=0.03, labelWrapWidth=None, labels=tuple(...), lineColor=None, markerColor=None, name='slider_rad_therapy', opacity=None, ori=0.0, pos=array([0. , 0.1]), readOnly=False, self=UNKNOWN, size=array([1. , 0.1]), startValue=3, style='rating', styleTweaks=['labels45'], ticks=array([1, 2, 3, 4, 5]), units='height', win=Window(...))
7.7615 	EXP 	Created text_rad_therapy = TextStim(__class__=<class 'psychopy.visual.text.TextStim'>, alignHoriz=method-wrapper(...), alignText='center', alignVert=method-wrapper(...), anchorHoriz='center', anchorVert='center', antialias=True, autoDraw=False, autoLog=True, bold=False, color=array([1, 1, 1]), colorSpace='rgb', contrast=1.0, depth=-1.0, flipHoriz=False, flipVert=False, font='Open Sans', fontFiles=[], height=0.04, italic=False, languageStyle='LTR', name='text_rad_therapy', opacity=1.0, ori=0.0, pos=array([0. , 0.3]), rgb=UNKNOWN, text=str(...), units='height', win=Window(...), wrapWidth=1)
7.7628 	EXP 	window1: mouseVisible = True
7.8426 	EXP 	Created slider_surgery = Slider(__class__=<class 'psychopy.visual.slider.Slider'>, autoDraw=False, autoLog=True, borderColor=None, color=None, colorSpace='rgb', depth=-2, fillColor=None, flip=False, font='Arial', granularity=0.0, labelColor=None, labelHeight=0.03, labelWrapWidth=None, labels=tuple(...), lineColor=None, markerColor=None, name='slider_surgery', opacity=None, ori=0.0, pos=array([ 0. , -0.3]), readOnly=False, self=UNKNOWN, size=array([1. , 0.1]), startValue=3, style='rating', styleTweaks=['labels45'], ticks=array([1, 2, 3, 4, 5]), units='height', win=Window(...))
7.8473 	EXP 	Created text_surgery = TextStim(__class__=<class 'psychopy.visual.text.TextStim'>, alignHoriz=method-wrapper(...), alignText='center', alignVert=method-wrapper(...), anchorHoriz='center', anchorVert='center', antialias=True, autoDraw=False, autoLog=True, bold=False, color=array([1, 1, 1]), colorSpace='rgb', contrast=1.0, depth=-3.0, flipHoriz=False, flipVert=False, font='Open Sans', fontFiles=[], height=0.04, italic=False, languageStyle='LTR', name='text_surgery', opacity=1.0, ori=0.0, pos=array([ 0. , -0.1]), rgb=UNKNOWN, text=str(...), units='height', win=Window(...), wrapWidth=1)
7.8574 	EXP 	Created image = ImageStim(__class__=<class 'psychopy.visual.image.ImageStim'>, anchor=('center', 'center'), autoLog=True, color=array([1, 1, 1]), colorSpace='rgb', contrast=1.0, depth=-4.0, flipHoriz=False, flipVert=False, image='Picture1-eng.png', interpolate=True, mask=None, maskParams=None, name='image', opacity=1.0, ori=0.0, pos=array([ 0.7, -0.4]), size=array([0.2, 0.1]), texRes=128.0, units='height', win=Window(...))
7.8575 	EXP 	window1: mouseVisible = True
7.8582 	EXP 	Created instrBlock = TextStim(__class__=<class 'psychopy.visual.text.TextStim'>, alignHoriz=method-wrapper(...), alignText='center', alignVert=method-wrapper(...), anchorHoriz='center', anchorVert='center', antialias=True, autoDraw=False, autoLog=True, bold=False, color=array([1, 1, 1]), colorSpace='rgb', contrast=1.0, depth=-1.0, flipHoriz=False, flipVert=False, font='Open Sans', fontFiles=[], height=0.05, italic=False, languageStyle='LTR', name='instrBlock', opacity=1.0, ori=0.0, pos=array([0., 0.]), rgb=UNKNOWN, text='', units='height', win=Window(...), wrapWidth=1)
7.8583 	EXP 	window1: mouseVisible = True
7.8887 	EXP 	Created EndText = TextStim(__class__=<class 'psychopy.visual.text.TextStim'>, alignHoriz=method-wrapper(...), alignText='center', alignVert=method-wrapper(...), anchorHoriz='center', anchorVert='center', antialias=True, autoDraw=False, autoLog=True, bold=False, color=array([-1, -1, -1]), colorSpace='rgb', contrast=1.0, depth=0.0, flipHoriz=False, flipVert=False, font='Arial', fontFiles=[], height=0.05, italic=False, languageStyle='LTR', name='EndText', opacity=1.0, ori=0, pos=array([0., 0.]), rgb=UNKNOWN, text=str(...), units='height', win=Window(...), wrapWidth=1)
7.9369 	EXP 	slider_rad_therapy: autoLog = True
7.9369 	EXP 	slider_rad_therapy: markerPos = 3
7.9369 	EXP 	slider_rad_therapy: styleTweaks = []
7.9369 	EXP 	slider_rad_therapy: styleTweaks = []
7.9369 	EXP 	slider_rad_therapy: styleTweaks = ['labels45']
7.9369 	EXP 	slider_rad_therapy: styleTweaks = ['labels45']
7.9369 	EXP 	slider_rad_therapy: contrast = 1.0
7.9369 	EXP 	slider_rad_therapy: autoLog = True
7.9369 	EXP 	slider_surgery: autoLog = True
7.9369 	EXP 	slider_surgery: markerPos = 3
7.9369 	EXP 	slider_surgery: styleTweaks = []
7.9369 	EXP 	slider_surgery: styleTweaks = []
7.9369 	EXP 	slider_surgery: styleTweaks = ['labels45']
7.9369 	EXP 	slider_surgery: styleTweaks = ['labels45']
7.9369 	EXP 	slider_surgery: contrast = 1.0
7.9369 	EXP 	slider_surgery: autoLog = True
7.9369 	EXP 	slider_rad_therapy: markerPos = None
7.9369 	EXP 	slider_rad_therapy: markerPos = 3
7.9369 	EXP 	slider_surgery: markerPos = None
7.9369 	EXP 	slider_surgery: markerPos = 3
7.9369 	EXP 	slider_rad_therapy: autoDraw = True
7.9369 	EXP 	text_rad_therapy: autoDraw = True
7.9369 	EXP 	slider_surgery: autoDraw = True
7.9369 	EXP 	text_surgery: autoDraw = True
7.9369 	EXP 	image: autoDraw = True
9.5759 	DATA 	Mouse: Left button down, pos=(1702,115)
9.5844 	DEBUG 	Read excel file with openpyxl: Rating_BlockOrder.xlsx
9.5846 	EXP 	Imported Rating_BlockOrder.xlsx as conditions, 1 conditions, 3 params
9.5849 	EXP 	Created sequence: fullRandom, trialTypes=1, nReps=1, seed=None
9.5851 	EXP 	New trial (rep=0, index=0): {'Task': 'Attractiveness', 'LeftLabel': 'Extremely  Attractive', 'RightLabel': 'Extremely Unattractive'}
9.6598 	EXP 	slider_rad_therapy: autoDraw = False
9.6598 	EXP 	text_rad_therapy: autoDraw = False
9.6598 	EXP 	slider_surgery: autoDraw = False
9.6598 	EXP 	text_surgery: autoDraw = False
9.6598 	EXP 	image: autoDraw = False
9.6598 	EXP 	instrBlock: height = 0.05
9.6598 	EXP 	instrBlock: height = 0.05
9.6598 	EXP 	instrBlock: height = 0.05
9.6598 	EXP 	instrBlock: text = '欢迎参加实验！\n\n你会看到一些面孔图片。你需要对面孔的Attractiveness进行评价。\n\n你需要在标尺上点击相应的位置进行评价。\n\n点击鼠标开始。'
9.6598 	EXP 	instrBlock: autoDraw = True
9.6752 	DATA 	Mouse:  Left button up, pos=(1702,115)
10.6757 	DATA 	Mouse: Left button down, pos=(989,453)
10.6829 	EXP 	Created sequence: sequential, trialTypes=1, nReps=95, seed=None
10.6832 	EXP 	New trial (rep=0, index=0): None
10.7053 	EXP 	window1: mouseVisible = True
10.7070 	DEBUG 	Saving data for FaceAttractiveness ExperimentHandler
10.7081 	INFO 	saved data to C:\Users\annak\Documents\GitHub\faceattractiveness_lesion\data/_FaceAttractiveness_2023-04-05_21h02.20.764.psydat
10.7090 	INFO 	saved data to 'C:\\Users\\annak\\Documents\\GitHub\\faceattractiveness_lesion\\data/_FaceAttractiveness_2023-04-05_21h02.20.764.csv'
