4.3998 	INFO 	Loaded monitor calibration from ['2021_12_01 18:33']
4.4063 	WARNING 	User requested fullscreen with size [1536  864], but screen is actually [1920, 1080]. Using actual size
5.8124 	EXP 	Created window1 = Window(allowGUI=True, allowStencil=False, autoLog=True, backendConf=UNKNOWN, bitsMode=UNKNOWN, blendMode='avg', bpc=(8, 8, 8), color=array([0.09803922, 0.09803922, 0.09803922]), colorSpace='rgb', depthBits=8, fullscr=<method-wrapper '__getattribute__' of attributeSetter object at 0x0000020C64A14E50>, gamma=None, gammaErrorPolicy='raise', lms=UNKNOWN, monitor=<psychopy.monitors.calibTools.Monitor object at 0x0000020C66CFB280>, multiSample=False, name='window1', numSamples=2, pos=(0, 0), screen=0, size=array([1920, 1080]), stencilBits=0, stereo=False, units='height', useFBO=True, useRetina=False, viewOri=0.0, viewPos=None, viewScale=None, waitBlanking=True, winType='pyglet')
5.8125 	EXP 	window1: mouseVisible = True
5.8127 	EXP 	window1: mouseVisible = False
5.8128 	EXP 	window1: Attempting to measure frame rate of screen (0) ...
5.8128 	EXP 	window1: recordFrameIntervals = False
5.8821 	EXP 	window1: recordFrameIntervals = True
5.9584 	EXP 	Screen (0) actual frame rate measured at 145.89Hz
5.9584 	EXP 	window1: recordFrameIntervals = False
7.6743 	INFO 	keyboard.Keyboard is using iohub backend.
7.6898 	EXP 	Created face_image = ImageStim(__class__=<class 'psychopy.visual.image.ImageStim'>, anchor=('center', 'center'), autoLog=True, color=array([1, 1, 1]), colorSpace='rgb', contrast=1.0, depth=-1.0, flipHoriz=True, flipVert=False, image='sin', interpolate=False, mask=None, maskParams=None, name='face_image', opacity=1.0, ori=0.0, pos=array([  0., 280.]), size=array([960., 540.]), texRes=512, units='pix', win=Window(...))
7.6936 	EXP 	window1: mouseVisible = True
7.8121 	WARNING 	Font b'HelveticaBold' was requested. No similar font found.
7.8270 	DEBUG 	TextBox2 loaded 1 chars with 0 blanks and 1 valid
7.8292 	DEBUG 	TextBox2 loaded 1 chars with 0 blanks and 1 valid
7.8302 	DEBUG 	TextBox2 loaded 1 chars with 0 blanks and 1 valid
7.8311 	DEBUG 	TextBox2 loaded 1 chars with 0 blanks and 1 valid
7.8325 	DEBUG 	TextBox2 loaded 1 chars with 0 blanks and 1 valid
7.8337 	DEBUG 	TextBox2 loaded 1 chars with 0 blanks and 1 valid
7.8350 	DEBUG 	TextBox2 loaded 1 chars with 0 blanks and 1 valid
7.8363 	DEBUG 	TextBox2 loaded 1 chars with 0 blanks and 1 valid
7.8365 	DEBUG 	Uploading Texture Font fontname to graphics card
7.8419 	DEBUG 	Upload of Texture Font fontname complete
7.9522 	WARNING 	Font b'HelveticaBold' was requested. No similar font found.
7.9668 	DEBUG 	TextBox2 loaded 1 chars with 0 blanks and 1 valid
7.9685 	DEBUG 	TextBox2 loaded 1 chars with 0 blanks and 1 valid
7.9696 	DEBUG 	TextBox2 loaded 1 chars with 0 blanks and 1 valid
7.9711 	DEBUG 	TextBox2 loaded 1 chars with 0 blanks and 1 valid
7.9723 	DEBUG 	TextBox2 loaded 1 chars with 0 blanks and 1 valid
7.9738 	DEBUG 	TextBox2 loaded 1 chars with 0 blanks and 1 valid
7.9751 	DEBUG 	TextBox2 loaded 1 chars with 0 blanks and 1 valid
7.9753 	DEBUG 	Uploading Texture Font fontname to graphics card
7.9800 	DEBUG 	Upload of Texture Font fontname complete
7.9893 	EXP 	Created slider_treatment_surgery = Slider(__class__=<class 'psychopy.visual.slider.Slider'>, autoDraw=False, autoLog=True, borderColor=None, color=None, colorSpace='rgb', depth=-2, fillColor=None, flip=False, font='HelveticaBold', granularity=0, labelColor=None, labelHeight=0.03, labelWrapWidth=None, labels=('0% Never', '100% Always'), lineColor=None, markerColor=None, name='slider_treatment_surgery', opacity=None, ori=0, pos=array([0., 0.]), readOnly=False, self=UNKNOWN, size=array([1.  , 0.02]), startValue=None, style=['rating'], styleTweaks=['labels45', 'triangleMarker'], ticks=array([  0,  25,  50,  75, 100]), units='height', win=Window(...))
7.9994 	EXP 	Created NextBu = ImageStim(__class__=<class 'psychopy.visual.image.ImageStim'>, anchor=('center', 'center'), autoLog=True, color=array([1, 1, 1]), colorSpace='rgb', contrast=1.0, depth=-3.0, flipHoriz=False, flipVert=False, image='Picture1-eng.png', interpolate=False, mask=None, maskParams=None, name='NextBu', opacity=1.0, ori=0.0, pos=array([0., 0.]), size=array([0.2, 0.1]), texRes=512, units='height', win=Window(...))
7.9995 	EXP 	window1: mouseVisible = True
8.0008 	EXP 	window1: mouseVisible = True
8.0081 	EXP 	Created slider_treatment_radiation = Slider(__class__=<class 'psychopy.visual.slider.Slider'>, autoDraw=False, autoLog=True, borderColor=None, color=None, colorSpace='rgb', depth=-5, fillColor=None, flip=False, font='HelveticaBold', granularity=0, labelColor=None, labelHeight=0.05, labelWrapWidth=None, labels=None, lineColor=None, markerColor=None, name='slider_treatment_radiation', opacity=None, ori=0, pos=array([ 0.  , -0.28]), readOnly=False, self=UNKNOWN, size=array([1.   , 0.025]), startValue=None, style=['rating'], styleTweaks=['triangleMarker'], ticks=array([  0,  25,  50,  75, 100]), units='height', win=Window(...))
8.0587 	EXP 	Created text_treatment_surgery = TextStim(__class__=<class 'psychopy.visual.text.TextStim'>, alignHoriz=method-wrapper(...), alignText='center', alignVert=method-wrapper(...), anchorHoriz='center', anchorVert='center', antialias=True, autoDraw=False, autoLog=True, bold=False, color=array([-1, -1, -1]), colorSpace='rgb', contrast=1.0, depth=-6.0, flipHoriz=False, flipVert=False, font='Open Sans', fontFiles=[], height=0.03, italic=False, languageStyle='LTR', name='text_treatment_surgery', opacity=1.0, ori=0.0, pos=array([0., 0.]), rgb=UNKNOWN, text='How likely are you to recommend surgery? ', units='height', win=Window(...), wrapWidth=1)
8.0657 	EXP 	Created text_treatment_radiation = TextStim(__class__=<class 'psychopy.visual.text.TextStim'>, alignHoriz=method-wrapper(...), alignText='center', alignVert=method-wrapper(...), anchorHoriz='center', anchorVert='center', antialias=True, autoDraw=False, autoLog=True, bold=False, color=array([1, 1, 1]), colorSpace='rgb', contrast=1.0, depth=-7.0, flipHoriz=False, flipVert=False, font='Open Sans', fontFiles=[], height=0.05, italic=False, languageStyle='LTR', name='text_treatment_radiation', opacity=1.0, ori=0.0, pos=array([0., 0.]), rgb=UNKNOWN, text='How likely are you to recommend radiation? ', units='height', win=Window(...), wrapWidth=1)
8.0995 	EXP 	Created EndText = TextStim(__class__=<class 'psychopy.visual.text.TextStim'>, alignHoriz=method-wrapper(...), alignText='center', alignVert=method-wrapper(...), anchorHoriz='center', anchorVert='center', antialias=True, autoDraw=False, autoLog=True, bold=False, color=array([-1, -1, -1]), colorSpace='rgb', contrast=1.0, depth=0.0, flipHoriz=False, flipVert=False, font='Arial', fontFiles=[], height=0.05, italic=False, languageStyle='LTR', name='EndText', opacity=1.0, ori=0, pos=array([0., 0.]), rgb=UNKNOWN, text=str(...), units='height', win=Window(...), wrapWidth=1)
8.1038 	DEBUG 	Read excel file with openpyxl: Rating_BlockOrder.xlsx
8.1039 	EXP 	Imported Rating_BlockOrder.xlsx as conditions, 1 conditions, 3 params
8.1042 	EXP 	Created sequence: fullRandom, trialTypes=1, nReps=1, seed=None
8.1044 	EXP 	New trial (rep=0, index=0): {'Task': 'treatment', 'LeftLabel': '0% Never', 'RightLabel': '100% Always'}
8.1048 	EXP 	Created sequence: sequential, trialTypes=1, nReps=95, seed=None
8.1051 	EXP 	New trial (rep=0, index=0): None
8.1135 	EXP 	slider_treatment_surgery: autoLog = True
8.1135 	EXP 	slider_treatment_surgery: markerPos = None
8.1135 	EXP 	slider_treatment_surgery: styleTweaks = []
8.1135 	EXP 	slider_treatment_surgery: styleTweaks = []
8.1135 	EXP 	slider_treatment_surgery: styleTweaks = ['labels45', 'triangleMarker']
8.1135 	EXP 	slider_treatment_surgery: styleTweaks = ['labels45', 'triangleMarker']
8.1135 	EXP 	slider_treatment_surgery: contrast = 1.0
8.1135 	EXP 	slider_treatment_surgery: autoLog = True
8.1135 	EXP 	slider_treatment_radiation: autoLog = True
8.1135 	EXP 	slider_treatment_radiation: markerPos = None
8.1135 	EXP 	slider_treatment_radiation: styleTweaks = []
8.1135 	EXP 	slider_treatment_radiation: styleTweaks = []
8.1135 	EXP 	slider_treatment_radiation: styleTweaks = ['triangleMarker']
8.1135 	EXP 	slider_treatment_radiation: styleTweaks = ['triangleMarker']
8.1135 	EXP 	slider_treatment_radiation: contrast = 1.0
8.1135 	EXP 	slider_treatment_radiation: autoLog = True
8.1135 	EXP 	face_image: image = 'images/FOREHEAD_006_M_F_N_A.png'
8.1135 	EXP 	slider_treatment_surgery: markerPos = None
8.1135 	EXP 	slider_treatment_surgery: markerPos = None
8.1135 	EXP 	slider_treatment_radiation: markerPos = None
8.1135 	EXP 	slider_treatment_radiation: markerPos = None
8.1135 	EXP 	face_image: autoDraw = True
8.4437 	EXP 	slider_treatment_surgery: autoDraw = True
8.4437 	EXP 	NextBu: autoDraw = True
8.4437 	EXP 	slider_treatment_radiation: autoDraw = True
8.4437 	EXP 	text_treatment_surgery: autoDraw = True
8.4437 	EXP 	text_treatment_radiation: autoDraw = True
11.8506 	DATA 	Mouse: wheel shift=(0,1), pos=(834,457)
12.2155 	DATA 	Mouse: Left button down, pos=(836,416)
12.3079 	DATA 	Mouse:  Left button up, pos=(836,416)
13.2720 	DATA 	Mouse: Left button down, pos=(1406,538)
13.2797 	EXP 	slider_treatment_surgery: markerPos = 91.2962962962963
13.2917 	EXP 	slider_treatment_surgery: markerPos = 91.2962962962963
13.3000 	EXP 	slider_treatment_surgery: markerPos = 91.2962962962963
13.3124 	EXP 	slider_treatment_surgery: markerPos = 91.2962962962963
13.3201 	EXP 	slider_treatment_surgery: markerPos = 91.2962962962963
13.3283 	EXP 	slider_treatment_surgery: markerPos = 91.2962962962963
13.3403 	EXP 	slider_treatment_surgery: markerPos = 91.2962962962963
13.3489 	EXP 	slider_treatment_surgery: markerPos = 91.2962962962963
13.3610 	EXP 	slider_treatment_surgery: markerPos = 91.2962962962963
13.3687 	EXP 	slider_treatment_surgery: markerPos = 91.2962962962963
13.3748 	DATA 	Mouse:  Left button up, pos=(1406,538)
13.3775 	EXP 	slider_treatment_surgery: markerPos = 91.2962962962963
13.3889 	EXP 	slider_treatment_surgery: markerPos = 91.2962962962963
15.1926 	DATA 	Keypress: escape
15.6805 	EXP 	window1: mouseVisible = True
15.6806 	DEBUG 	Saving data for FaceAttractiveness ExperimentHandler
15.6819 	INFO 	saved data to C:\Users\annak\Documents\GitHub\faceattractiveness_lesion\data/_FaceAttractiveness_2023-04-05_23h22.08.195.psydat
15.6831 	INFO 	saved data to 'C:\\Users\\annak\\Documents\\GitHub\\faceattractiveness_lesion\\data/_FaceAttractiveness_2023-04-05_23h22.08.195.csv'
