4.9975 	INFO 	Loaded monitor calibration from ['2021_12_01 18:33']
5.0069 	WARNING 	User requested fullscreen with size [1536  864], but screen is actually [1920, 1080]. Using actual size
6.3580 	EXP 	Created window1 = Window(allowGUI=True, allowStencil=False, autoLog=True, backendConf=UNKNOWN, bitsMode=UNKNOWN, blendMode='avg', bpc=(8, 8, 8), color=array([0.09803922, 0.09803922, 0.09803922]), colorSpace='rgb', depthBits=8, fullscr=<method-wrapper '__getattribute__' of attributeSetter object at 0x000002CA29CC6EB0>, gamma=None, gammaErrorPolicy='raise', lms=UNKNOWN, monitor=<psychopy.monitors.calibTools.Monitor object at 0x000002CA2F6B33D0>, multiSample=False, name='window1', numSamples=2, pos=(0, 0), screen=0, size=array([1920, 1080]), stencilBits=0, stereo=False, units='height', useFBO=True, useRetina=False, viewOri=0.0, viewPos=None, viewScale=None, waitBlanking=True, winType='pyglet')
6.3581 	EXP 	window1: mouseVisible = True
6.3582 	EXP 	window1: mouseVisible = False
6.3582 	EXP 	window1: Attempting to measure frame rate of screen (0) ...
6.3582 	EXP 	window1: recordFrameIntervals = False
6.4270 	EXP 	window1: recordFrameIntervals = True
6.4778 	WARNING 	t of last frame was 9.65ms (=1/103)
6.4894 	WARNING 	t of last frame was 11.57ms (=1/86)
6.5597 	EXP 	Screen (0) actual frame rate measured at 142.75Hz
6.5597 	EXP 	window1: recordFrameIntervals = False
8.2814 	INFO 	keyboard.Keyboard is using iohub backend.
8.2976 	EXP 	Created face_image = ImageStim(__class__=<class 'psychopy.visual.image.ImageStim'>, anchor=('center', 'center'), autoLog=True, color=array([1, 1, 1]), colorSpace='rgb', contrast=1.0, depth=-1.0, flipHoriz=True, flipVert=False, image='sin', interpolate=False, mask=None, maskParams=None, name='face_image', opacity=1.0, ori=0.0, pos=array([  0., 280.]), size=array([960., 540.]), texRes=512, units='pix', win=Window(...))
8.3017 	EXP 	window1: mouseVisible = True
8.5343 	WARNING 	Font b'HelveticaBold' was requested. No similar font found.
8.5486 	DEBUG 	TextBox2 loaded 1 chars with 0 blanks and 1 valid
8.5507 	DEBUG 	TextBox2 loaded 1 chars with 0 blanks and 1 valid
8.5516 	DEBUG 	TextBox2 loaded 1 chars with 0 blanks and 1 valid
8.5525 	DEBUG 	TextBox2 loaded 1 chars with 0 blanks and 1 valid
8.5540 	DEBUG 	TextBox2 loaded 1 chars with 0 blanks and 1 valid
8.5552 	DEBUG 	TextBox2 loaded 1 chars with 0 blanks and 1 valid
8.5568 	DEBUG 	TextBox2 loaded 1 chars with 0 blanks and 1 valid
8.5588 	DEBUG 	TextBox2 loaded 1 chars with 0 blanks and 1 valid
8.5590 	DEBUG 	Uploading Texture Font fontname to graphics card
8.5655 	DEBUG 	Upload of Texture Font fontname complete
8.7866 	WARNING 	Font b'HelveticaBold' was requested. No similar font found.
8.7998 	DEBUG 	TextBox2 loaded 1 chars with 0 blanks and 1 valid
8.8014 	DEBUG 	TextBox2 loaded 1 chars with 0 blanks and 1 valid
8.8024 	DEBUG 	TextBox2 loaded 1 chars with 0 blanks and 1 valid
8.8040 	DEBUG 	TextBox2 loaded 1 chars with 0 blanks and 1 valid
8.8053 	DEBUG 	TextBox2 loaded 1 chars with 0 blanks and 1 valid
8.8068 	DEBUG 	TextBox2 loaded 1 chars with 0 blanks and 1 valid
8.8081 	DEBUG 	TextBox2 loaded 1 chars with 0 blanks and 1 valid
8.8083 	DEBUG 	Uploading Texture Font fontname to graphics card
8.8138 	DEBUG 	Upload of Texture Font fontname complete
8.8232 	EXP 	Created slider_treatment_surgery = Slider(__class__=<class 'psychopy.visual.slider.Slider'>, autoDraw=False, autoLog=True, borderColor=None, color=None, colorSpace='rgb', depth=-2, fillColor=None, flip=False, font='HelveticaBold', granularity=0, labelColor=None, labelHeight=0.03, labelWrapWidth=None, labels=('0% Never', '100% Always'), lineColor=None, markerColor=None, name='slider_treatment_surgery', opacity=None, ori=0, pos=array([0., 0.]), readOnly=False, self=UNKNOWN, size=array([1.  , 0.02]), startValue=None, style=['rating'], styleTweaks=['labels45', 'triangleMarker'], ticks=array([  0,  25,  50,  75, 100]), units='height', win=Window(...))
8.8333 	EXP 	Created NextBu = ImageStim(__class__=<class 'psychopy.visual.image.ImageStim'>, anchor=('center', 'center'), autoLog=True, color=array([1, 1, 1]), colorSpace='rgb', contrast=1.0, depth=-3.0, flipHoriz=False, flipVert=False, image='Picture1-eng.png', interpolate=False, mask=None, maskParams=None, name='NextBu', opacity=1.0, ori=0.0, pos=array([0., 0.]), size=array([0.2, 0.1]), texRes=512, units='height', win=Window(...))
8.8334 	EXP 	window1: mouseVisible = True
8.8347 	EXP 	window1: mouseVisible = True
8.9434 	WARNING 	Font b'HelveticaBold' was requested. No similar font found.
9.0651 	WARNING 	Font b'HelveticaBold' was requested. No similar font found.
9.0868 	EXP 	Created slider_treatment_radiation = Slider(__class__=<class 'psychopy.visual.slider.Slider'>, autoDraw=False, autoLog=True, borderColor=None, color=None, colorSpace='rgb', depth=-5, fillColor=None, flip=False, font='HelveticaBold', granularity=0, labelColor=None, labelHeight=0.03, labelWrapWidth=None, labels=('0% Never', '100% Always'), lineColor=None, markerColor=None, name='slider_treatment_radiation', opacity=None, ori=0, pos=array([ 0. , -0.3]), readOnly=False, self=UNKNOWN, size=array([1.   , 0.025]), startValue=None, style=['rating'], styleTweaks=['triangleMarker'], ticks=array([  0,  25,  50,  75, 100]), units='height', win=Window(...))
9.1728 	EXP 	Created text_treatment_surgery = TextStim(__class__=<class 'psychopy.visual.text.TextStim'>, alignHoriz=method-wrapper(...), alignText='center', alignVert=method-wrapper(...), anchorHoriz='center', anchorVert='center', antialias=True, autoDraw=False, autoLog=True, bold=False, color=array([-1, -1, -1]), colorSpace='rgb', contrast=1.0, depth=-6.0, flipHoriz=False, flipVert=False, font='Open Sans', fontFiles=[], height=0.03, italic=False, languageStyle='LTR', name='text_treatment_surgery', opacity=1.0, ori=0.0, pos=array([0.  , 0.05]), rgb=UNKNOWN, text='How likely are you to recommend surgery? ', units='height', win=Window(...), wrapWidth=1)
9.1750 	EXP 	Created text_treatment_radiation = TextStim(__class__=<class 'psychopy.visual.text.TextStim'>, alignHoriz=method-wrapper(...), alignText='center', alignVert=method-wrapper(...), anchorHoriz='center', anchorVert='center', antialias=True, autoDraw=False, autoLog=True, bold=False, color=array([-1, -1, -1]), colorSpace='rgb', contrast=1.0, depth=-7.0, flipHoriz=False, flipVert=False, font='Open Sans', fontFiles=[], height=0.03, italic=False, languageStyle='LTR', name='text_treatment_radiation', opacity=1.0, ori=0.0, pos=array([ 0. , -0.2]), rgb=UNKNOWN, text='How likely are you to recommend radiation? ', units='height', win=Window(...), wrapWidth=1)
9.2076 	EXP 	Created EndText = TextStim(__class__=<class 'psychopy.visual.text.TextStim'>, alignHoriz=method-wrapper(...), alignText='center', alignVert=method-wrapper(...), anchorHoriz='center', anchorVert='center', antialias=True, autoDraw=False, autoLog=True, bold=False, color=array([-1, -1, -1]), colorSpace='rgb', contrast=1.0, depth=0.0, flipHoriz=False, flipVert=False, font='Arial', fontFiles=[], height=0.05, italic=False, languageStyle='LTR', name='EndText', opacity=1.0, ori=0, pos=array([0., 0.]), rgb=UNKNOWN, text=str(...), units='height', win=Window(...), wrapWidth=1)
9.2122 	DEBUG 	Read excel file with openpyxl: Rating_BlockOrder.xlsx
9.2124 	EXP 	Imported Rating_BlockOrder.xlsx as conditions, 1 conditions, 3 params
9.2127 	EXP 	Created sequence: fullRandom, trialTypes=1, nReps=1, seed=None
9.2129 	EXP 	New trial (rep=0, index=0): {'Task': 'treatment', 'LeftLabel': '0% Never', 'RightLabel': '100% Always'}
9.2308 	EXP 	window1: mouseVisible = True
9.2319 	DEBUG 	Saving data for FaceAttractiveness ExperimentHandler
9.2329 	INFO 	saved data to C:\Users\annak\Documents\GitHub\faceattractiveness_lesion\data/_FaceAttractiveness_2023-04-06_23h39.04.851.psydat
9.2336 	INFO 	saved data to 'C:\\Users\\annak\\Documents\\GitHub\\faceattractiveness_lesion\\data/_FaceAttractiveness_2023-04-06_23h39.04.851.csv'
