3.8463 	INFO 	Loaded monitor calibration from ['2021_12_01 18:33']
3.8520 	WARNING 	User requested fullscreen with size [1536  864], but screen is actually [1920, 1080]. Using actual size
5.0957 	EXP 	Created window1 = Window(allowGUI=True, allowStencil=False, autoLog=True, backendConf=UNKNOWN, bitsMode=UNKNOWN, blendMode='avg', bpc=(8, 8, 8), color=array([0.09803922, 0.09803922, 0.09803922]), colorSpace='rgb', depthBits=8, fullscr=<method-wrapper '__getattribute__' of attributeSetter object at 0x000001FBAE38BF70>, gamma=None, gammaErrorPolicy='raise', lms=UNKNOWN, monitor=<psychopy.monitors.calibTools.Monitor object at 0x000001FBB1E63400>, multiSample=False, name='window1', numSamples=2, pos=(0, 0), screen=0, size=array([1920, 1080]), stencilBits=0, stereo=False, units='height', useFBO=True, useRetina=False, viewOri=0.0, viewPos=None, viewScale=None, waitBlanking=True, winType='pyglet')
5.0957 	EXP 	window1: mouseVisible = True
5.0958 	EXP 	window1: mouseVisible = False
5.0959 	EXP 	window1: Attempting to measure frame rate of screen (0) ...
5.0959 	EXP 	window1: recordFrameIntervals = False
5.1653 	EXP 	window1: recordFrameIntervals = True
5.2411 	EXP 	Screen (0) actual frame rate measured at 144.53Hz
5.2411 	EXP 	window1: recordFrameIntervals = False
6.8454 	INFO 	keyboard.Keyboard is using iohub backend.
6.9170 	EXP 	Created ques_instr = TextStim(__class__=<class 'psychopy.visual.text.TextStim'>, alignHoriz=method-wrapper(...), alignText='center', alignVert=method-wrapper(...), anchorHoriz='center', anchorVert='center', antialias=True, autoDraw=False, autoLog=True, bold=False, color=array([1, 1, 1]), colorSpace='rgb', contrast=1.0, depth=0.0, flipHoriz=False, flipVert=False, font='Arial', fontFiles=[], height=0.04, italic=False, languageStyle='LTR', name='ques_instr', opacity=1.0, ori=0.0, pos=array([0., 0.]), rgb=UNKNOWN, text=str(...), units='height', win=Window(...), wrapWidth=1)
6.9173 	EXP 	window1: mouseVisible = True
6.9208 	EXP 	window1: mouseVisible = True
6.9425 	DEBUG 	TextBox2 loaded 1 chars with 0 blanks and 1 valid
6.9442 	DEBUG 	TextBox2 loaded 1 chars with 0 blanks and 1 valid
6.9458 	DEBUG 	TextBox2 loaded 1 chars with 0 blanks and 1 valid
6.9476 	DEBUG 	TextBox2 loaded 1 chars with 0 blanks and 1 valid
6.9489 	DEBUG 	TextBox2 loaded 1 chars with 0 blanks and 1 valid
6.9502 	DEBUG 	TextBox2 loaded 1 chars with 0 blanks and 1 valid
6.9518 	DEBUG 	TextBox2 loaded 1 chars with 0 blanks and 1 valid
6.9535 	DEBUG 	TextBox2 loaded 1 chars with 0 blanks and 1 valid
6.9550 	DEBUG 	TextBox2 loaded 1 chars with 0 blanks and 1 valid
6.9566 	DEBUG 	TextBox2 loaded 1 chars with 0 blanks and 1 valid
6.9581 	DEBUG 	TextBox2 loaded 1 chars with 0 blanks and 1 valid
6.9596 	DEBUG 	TextBox2 loaded 1 chars with 0 blanks and 1 valid
6.9598 	DEBUG 	Uploading Texture Font fontname to graphics card
6.9657 	DEBUG 	Upload of Texture Font fontname complete
6.9801 	DEBUG 	TextBox2 loaded 1 chars with 0 blanks and 1 valid
6.9803 	DEBUG 	Uploading Texture Font fontname to graphics card
6.9851 	DEBUG 	Upload of Texture Font fontname complete
6.9995 	DEBUG 	TextBox2 loaded 1 chars with 0 blanks and 1 valid
7.0014 	DEBUG 	TextBox2 loaded 1 chars with 0 blanks and 1 valid
7.0032 	DEBUG 	TextBox2 loaded 1 chars with 0 blanks and 1 valid
7.0050 	DEBUG 	TextBox2 loaded 1 chars with 0 blanks and 1 valid
7.0066 	DEBUG 	TextBox2 loaded 1 chars with 0 blanks and 1 valid
7.0084 	DEBUG 	TextBox2 loaded 1 chars with 0 blanks and 1 valid
7.0086 	DEBUG 	Uploading Texture Font fontname to graphics card
7.0132 	DEBUG 	Upload of Texture Font fontname complete
7.0276 	DEBUG 	TextBox2 loaded 1 chars with 0 blanks and 1 valid
7.0279 	DEBUG 	Uploading Texture Font fontname to graphics card
7.0325 	DEBUG 	Upload of Texture Font fontname complete
7.0469 	DEBUG 	TextBox2 loaded 1 chars with 0 blanks and 1 valid
7.0488 	DEBUG 	TextBox2 loaded 1 chars with 0 blanks and 1 valid
7.0490 	DEBUG 	Uploading Texture Font fontname to graphics card
7.0532 	DEBUG 	Upload of Texture Font fontname complete
7.0650 	EXP 	Created slider_rad_therapy = Slider(__class__=<class 'psychopy.visual.slider.Slider'>, autoDraw=False, autoLog=True, borderColor=None, color=None, colorSpace='rgb', depth=0, fillColor=None, flip=False, font='Arial', granularity=0.0, labelColor=None, labelHeight=0.03, labelWrapWidth=None, labels=tuple(...), lineColor=None, markerColor=None, name='slider_rad_therapy', opacity=None, ori=0.0, pos=array([0. , 0.1]), readOnly=False, self=UNKNOWN, size=array([1. , 0.1]), startValue=3, style='rating', styleTweaks=['labels45'], ticks=array([1, 2, 3, 4, 5]), units='height', win=Window(...))
7.0737 	EXP 	Created text_rad_therapy = TextStim(__class__=<class 'psychopy.visual.text.TextStim'>, alignHoriz=method-wrapper(...), alignText='center', alignVert=method-wrapper(...), anchorHoriz='center', anchorVert='center', antialias=True, autoDraw=False, autoLog=True, bold=False, color=array([1, 1, 1]), colorSpace='rgb', contrast=1.0, depth=-1.0, flipHoriz=False, flipVert=False, font='Open Sans', fontFiles=[], height=0.04, italic=False, languageStyle='LTR', name='text_rad_therapy', opacity=1.0, ori=0.0, pos=array([0. , 0.3]), rgb=UNKNOWN, text=str(...), units='height', win=Window(...), wrapWidth=1)
7.0749 	EXP 	window1: mouseVisible = True
7.1459 	EXP 	Created slider_surgery = Slider(__class__=<class 'psychopy.visual.slider.Slider'>, autoDraw=False, autoLog=True, borderColor=None, color=None, colorSpace='rgb', depth=-2, fillColor=None, flip=False, font='Arial', granularity=0.0, labelColor=None, labelHeight=0.03, labelWrapWidth=None, labels=tuple(...), lineColor=None, markerColor=None, name='slider_surgery', opacity=None, ori=0.0, pos=array([ 0. , -0.3]), readOnly=False, self=UNKNOWN, size=array([1. , 0.1]), startValue=3, style='rating', styleTweaks=['labels45'], ticks=array([1, 2, 3, 4, 5]), units='height', win=Window(...))
7.1504 	EXP 	Created text_surgery = TextStim(__class__=<class 'psychopy.visual.text.TextStim'>, alignHoriz=method-wrapper(...), alignText='center', alignVert=method-wrapper(...), anchorHoriz='center', anchorVert='center', antialias=True, autoDraw=False, autoLog=True, bold=False, color=array([1, 1, 1]), colorSpace='rgb', contrast=1.0, depth=-3.0, flipHoriz=False, flipVert=False, font='Open Sans', fontFiles=[], height=0.04, italic=False, languageStyle='LTR', name='text_surgery', opacity=1.0, ori=0.0, pos=array([ 0. , -0.1]), rgb=UNKNOWN, text=str(...), units='height', win=Window(...), wrapWidth=1)
7.1603 	EXP 	Created image = ImageStim(__class__=<class 'psychopy.visual.image.ImageStim'>, anchor=('center', 'center'), autoLog=True, color=array([1, 1, 1]), colorSpace='rgb', contrast=1.0, depth=-4.0, flipHoriz=False, flipVert=False, image='Picture1-eng.png', interpolate=True, mask=None, maskParams=None, name='image', opacity=1.0, ori=0.0, pos=array([ 0.7, -0.4]), size=array([0.2, 0.1]), texRes=128.0, units='height', win=Window(...))
7.1603 	EXP 	window1: mouseVisible = True
7.1612 	EXP 	Created instrBlock = TextStim(__class__=<class 'psychopy.visual.text.TextStim'>, alignHoriz=method-wrapper(...), alignText='center', alignVert=method-wrapper(...), anchorHoriz='center', anchorVert='center', antialias=True, autoDraw=False, autoLog=True, bold=False, color=array([1, 1, 1]), colorSpace='rgb', contrast=1.0, depth=0.0, flipHoriz=False, flipVert=False, font='Arial', fontFiles=[], height=0.05, italic=False, languageStyle='LTR', name='instrBlock', opacity=1.0, ori=0.0, pos=array([0., 0.]), rgb=UNKNOWN, text='', units='height', win=Window(...), wrapWidth=1)
7.1612 	EXP 	window1: mouseVisible = True
7.1641 	EXP 	Created face_image = ImageStim(__class__=<class 'psychopy.visual.image.ImageStim'>, anchor=('center', 'center'), autoLog=True, color=array([1, 1, 1]), colorSpace='rgb', contrast=1.0, depth=-1.0, flipHoriz=True, flipVert=False, image='sin', interpolate=False, mask=None, maskParams=None, name='face_image', opacity=1.0, ori=0.0, pos=array([  0., 280.]), size=array([960., 540.]), texRes=512, units='pix', win=Window(...))
7.1653 	EXP 	window1: mouseVisible = True
7.3050 	WARNING 	Font b'HelveticaBold' was requested. No similar font found.
7.3166 	DEBUG 	TextBox2 loaded 1 chars with 0 blanks and 1 valid
7.3184 	DEBUG 	TextBox2 loaded 1 chars with 0 blanks and 1 valid
7.3193 	DEBUG 	TextBox2 loaded 1 chars with 0 blanks and 1 valid
7.3201 	DEBUG 	TextBox2 loaded 1 chars with 0 blanks and 1 valid
7.3215 	DEBUG 	TextBox2 loaded 1 chars with 0 blanks and 1 valid
7.3227 	DEBUG 	TextBox2 loaded 1 chars with 0 blanks and 1 valid
7.3241 	DEBUG 	TextBox2 loaded 1 chars with 0 blanks and 1 valid
7.3252 	DEBUG 	TextBox2 loaded 1 chars with 0 blanks and 1 valid
7.3254 	DEBUG 	Uploading Texture Font fontname to graphics card
7.3262 	DEBUG 	Upload of Texture Font fontname complete
7.4301 	WARNING 	Font b'HelveticaBold' was requested. No similar font found.
7.4414 	DEBUG 	TextBox2 loaded 1 chars with 0 blanks and 1 valid
7.4430 	DEBUG 	TextBox2 loaded 1 chars with 0 blanks and 1 valid
7.4440 	DEBUG 	TextBox2 loaded 1 chars with 0 blanks and 1 valid
7.4454 	DEBUG 	TextBox2 loaded 1 chars with 0 blanks and 1 valid
7.4466 	DEBUG 	TextBox2 loaded 1 chars with 0 blanks and 1 valid
7.4480 	DEBUG 	TextBox2 loaded 1 chars with 0 blanks and 1 valid
7.4492 	DEBUG 	TextBox2 loaded 1 chars with 0 blanks and 1 valid
7.4494 	DEBUG 	Uploading Texture Font fontname to graphics card
7.4499 	DEBUG 	Upload of Texture Font fontname complete
7.4594 	EXP 	Created slider_treatment_surgery = Slider(__class__=<class 'psychopy.visual.slider.Slider'>, autoDraw=False, autoLog=True, borderColor=None, color=None, colorSpace='rgb', depth=-2, fillColor=None, flip=False, font='HelveticaBold', granularity=0, labelColor=None, labelHeight=0.03, labelWrapWidth=None, labels=('0% Never', '100% Always'), lineColor=None, markerColor=None, name='slider_treatment_surgery', opacity=None, ori=0, pos=array([0., 0.]), readOnly=False, self=UNKNOWN, size=array([1.   , 0.025]), startValue=None, style=['rating'], styleTweaks=['labels45', 'triangleMarker'], ticks=array([  0,  25,  50,  75, 100]), units='height', win=Window(...))
7.4690 	EXP 	Created NextBu = ImageStim(__class__=<class 'psychopy.visual.image.ImageStim'>, anchor=('center', 'center'), autoLog=True, color=array([1, 1, 1]), colorSpace='rgb', contrast=1.0, depth=-3.0, flipHoriz=False, flipVert=False, image='Picture1-eng.png', interpolate=False, mask=None, maskParams=None, name='NextBu', opacity=1.0, ori=0.0, pos=array([0., 0.]), size=array([0.2, 0.1]), texRes=512, units='height', win=Window(...))
7.4690 	EXP 	window1: mouseVisible = True
7.4703 	EXP 	window1: mouseVisible = True
7.5771 	WARNING 	Font b'HelveticaBold' was requested. No similar font found.
7.6940 	WARNING 	Font b'HelveticaBold' was requested. No similar font found.
7.7130 	EXP 	Created slider_treatment_radiation = Slider(__class__=<class 'psychopy.visual.slider.Slider'>, autoDraw=False, autoLog=True, borderColor=None, color=None, colorSpace='rgb', depth=-5, fillColor=None, flip=False, font='HelveticaBold', granularity=0, labelColor=None, labelHeight=0.03, labelWrapWidth=None, labels=('0% Never', '100% Always'), lineColor=None, markerColor=None, name='slider_treatment_radiation', opacity=None, ori=0, pos=array([ 0. , -0.3]), readOnly=False, self=UNKNOWN, size=array([1.   , 0.025]), startValue=None, style=['rating'], styleTweaks=['triangleMarker'], ticks=array([  0,  25,  50,  75, 100]), units='height', win=Window(...))
7.7257 	EXP 	Created text_treatment_surgery = TextStim(__class__=<class 'psychopy.visual.text.TextStim'>, alignHoriz=method-wrapper(...), alignText='center', alignVert=method-wrapper(...), anchorHoriz='center', anchorVert='center', antialias=True, autoDraw=False, autoLog=True, bold=False, color=array([-1, -1, -1]), colorSpace='rgb', contrast=1.0, depth=-6.0, flipHoriz=False, flipVert=False, font='Open Sans', fontFiles=[], height=0.03, italic=False, languageStyle='LTR', name='text_treatment_surgery', opacity=1.0, ori=0.0, pos=array([0.  , 0.05]), rgb=UNKNOWN, text='How likely are you to recommend surgery? ', units='height', win=Window(...), wrapWidth=1)
7.7278 	EXP 	Created text_treatment_radiation = TextStim(__class__=<class 'psychopy.visual.text.TextStim'>, alignHoriz=method-wrapper(...), alignText='center', alignVert=method-wrapper(...), anchorHoriz='center', anchorVert='center', antialias=True, autoDraw=False, autoLog=True, bold=False, color=array([-1, -1, -1]), colorSpace='rgb', contrast=1.0, depth=-7.0, flipHoriz=False, flipVert=False, font='Open Sans', fontFiles=[], height=0.03, italic=False, languageStyle='LTR', name='text_treatment_radiation', opacity=1.0, ori=0.0, pos=array([ 0. , -0.2]), rgb=UNKNOWN, text='How likely are you to recommend radiation? ', units='height', win=Window(...), wrapWidth=1)
7.7289 	EXP 	Created text = TextStim(__class__=<class 'psychopy.visual.text.TextStim'>, alignHoriz=method-wrapper(...), alignText='center', alignVert=method-wrapper(...), anchorHoriz='center', anchorVert='center', antialias=True, autoDraw=False, autoLog=True, bold=False, color=array([1, 1, 1]), colorSpace='rgb', contrast=1.0, depth=-1.0, flipHoriz=False, flipVert=False, font='Arial', fontFiles=[], height=0.1, italic=False, languageStyle='LTR', name='text', opacity=1.0, ori=0, pos=array([0., 0.]), rgb=UNKNOWN, text='', units='height', win=Window(...), wrapWidth=1)
7.7314 	EXP 	Created face_image_q = ImageStim(__class__=<class 'psychopy.visual.image.ImageStim'>, anchor=('center', 'center'), autoLog=True, color=array([1, 1, 1]), colorSpace='rgb', contrast=1.0, depth=0.0, flipHoriz=False, flipVert=False, image='sin', interpolate=True, mask=None, maskParams=None, name='face_image_q', opacity=1.0, ori=0.0, pos=array([0. , 0.3]), size=array([0.88888889, 0.5       ]), texRes=128.0, units='height', win=Window(...))
7.7326 	EXP 	window1: mouseVisible = True
7.7463 	DEBUG 	TextBox2 loaded 1 chars with 0 blanks and 1 valid
7.7471 	DEBUG 	TextBox2 loaded 1 chars with 0 blanks and 1 valid
7.7479 	DEBUG 	TextBox2 loaded 1 chars with 0 blanks and 1 valid
7.7486 	DEBUG 	TextBox2 loaded 1 chars with 0 blanks and 1 valid
7.7491 	DEBUG 	TextBox2 loaded 1 chars with 0 blanks and 1 valid
7.7497 	DEBUG 	TextBox2 loaded 1 chars with 0 blanks and 1 valid
7.7504 	DEBUG 	TextBox2 loaded 1 chars with 0 blanks and 1 valid
7.7511 	DEBUG 	TextBox2 loaded 1 chars with 0 blanks and 1 valid
7.7518 	DEBUG 	TextBox2 loaded 1 chars with 0 blanks and 1 valid
7.7526 	DEBUG 	TextBox2 loaded 1 chars with 0 blanks and 1 valid
7.7533 	DEBUG 	TextBox2 loaded 1 chars with 0 blanks and 1 valid
7.7541 	DEBUG 	TextBox2 loaded 1 chars with 0 blanks and 1 valid
7.7548 	DEBUG 	TextBox2 loaded 1 chars with 0 blanks and 1 valid
7.7550 	DEBUG 	Uploading Texture Font fontname to graphics card
7.7557 	DEBUG 	Upload of Texture Font fontname complete
7.7682 	DEBUG 	TextBox2 loaded 1 chars with 0 blanks and 1 valid
7.7691 	DEBUG 	TextBox2 loaded 1 chars with 0 blanks and 1 valid
7.7698 	DEBUG 	TextBox2 loaded 1 chars with 0 blanks and 1 valid
7.7700 	DEBUG 	Uploading Texture Font fontname to graphics card
7.7705 	DEBUG 	Upload of Texture Font fontname complete
7.7871 	DEBUG 	TextBox2 loaded 1 chars with 0 blanks and 1 valid
7.7900 	DEBUG 	TextBox2 loaded 1 chars with 0 blanks and 1 valid
7.7907 	DEBUG 	TextBox2 loaded 1 chars with 0 blanks and 1 valid
7.7915 	DEBUG 	TextBox2 loaded 1 chars with 0 blanks and 1 valid
7.7918 	DEBUG 	Uploading Texture Font fontname to graphics card
7.7922 	DEBUG 	Upload of Texture Font fontname complete
7.8045 	DEBUG 	TextBox2 loaded 1 chars with 0 blanks and 1 valid
7.8055 	DEBUG 	TextBox2 loaded 1 chars with 0 blanks and 1 valid
7.8064 	DEBUG 	TextBox2 loaded 1 chars with 0 blanks and 1 valid
7.8066 	DEBUG 	Uploading Texture Font fontname to graphics card
7.8072 	DEBUG 	Upload of Texture Font fontname complete
7.8197 	DEBUG 	TextBox2 loaded 1 chars with 0 blanks and 1 valid
7.8200 	DEBUG 	Uploading Texture Font fontname to graphics card
7.8206 	DEBUG 	Upload of Texture Font fontname complete
7.8334 	EXP 	Created slider_trustworthy = Slider(__class__=<class 'psychopy.visual.slider.Slider'>, autoDraw=False, autoLog=True, borderColor=None, color=None, colorSpace='rgb', depth=-1, fillColor=None, flip=False, font='Open Sans', granularity=1.0, labelColor=None, labelHeight=0.02, labelWrapWidth=None, labels=tuple(...), lineColor=None, markerColor=None, name='slider_trustworthy', opacity=None, ori=0.0, pos=array([0., 0.]), readOnly=False, self=UNKNOWN, size=array([1.   , 0.025]), startValue=None, style='radio', styleTweaks=['labels45'], ticks=array([1, 2, 3, 4, 5]), units='height', win=Window(...))
7.8397 	EXP 	Created text_trustworthy = TextStim(__class__=<class 'psychopy.visual.text.TextStim'>, alignHoriz=method-wrapper(...), alignText='center', alignVert=method-wrapper(...), anchorHoriz='center', anchorVert='center', antialias=True, autoDraw=False, autoLog=True, bold=False, color=array([1, 1, 1]), colorSpace='rgb', contrast=1.0, depth=-2.0, flipHoriz=False, flipVert=False, font='Open Sans', fontFiles=[], height=0.03, italic=False, languageStyle='LTR', name='text_trustworthy', opacity=1.0, ori=0.0, pos=array([0.  , 0.05]), rgb=UNKNOWN, text=str(...), units='height', win=Window(...), wrapWidth=1)
7.8410 	EXP 	window1: mouseVisible = True
7.9121 	EXP 	Created slider_aggressive = Slider(__class__=<class 'psychopy.visual.slider.Slider'>, autoDraw=False, autoLog=True, borderColor=None, color=None, colorSpace='rgb', depth=-3, fillColor=None, flip=False, font='Open Sans', granularity=1.0, labelColor=None, labelHeight=0.02, labelWrapWidth=None, labels=tuple(...), lineColor=None, markerColor=None, name='slider_aggressive', opacity=None, ori=0.0, pos=array([ 0.  , -0.25]), readOnly=False, self=UNKNOWN, size=array([1.   , 0.025]), startValue=None, style='radio', styleTweaks=[], ticks=array([1, 2, 3, 4, 5]), units='height', win=Window(...))
7.9156 	EXP 	Created text_aggressive = TextStim(__class__=<class 'psychopy.visual.text.TextStim'>, alignHoriz=method-wrapper(...), alignText='center', alignVert=method-wrapper(...), anchorHoriz='center', anchorVert='center', antialias=True, autoDraw=False, autoLog=True, bold=False, color=array([1, 1, 1]), colorSpace='rgb', contrast=1.0, depth=-4.0, flipHoriz=False, flipVert=False, font='Open Sans', fontFiles=[], height=0.03, italic=False, languageStyle='LTR', name='text_aggressive', opacity=1.0, ori=0.0, pos=array([ 0.  , -0.15]), rgb=UNKNOWN, text=str(...), units='height', win=Window(...), wrapWidth=1)
7.9156 	EXP 	window1: mouseVisible = True
7.9219 	EXP 	Created Confirm = ImageStim(__class__=<class 'psychopy.visual.image.ImageStim'>, anchor=('center', 'center'), autoLog=True, color=array([1, 1, 1]), colorSpace='rgb', contrast=1.0, depth=-6.0, flipHoriz=False, flipVert=False, image='Picture1-eng.png', interpolate=True, mask=None, maskParams=None, name='Confirm', opacity=1.0, ori=0.0, pos=array([ 0. , -0.9]), size=array([0.2, 0.1]), texRes=128.0, units='height', win=Window(...))
7.9231 	EXP 	Created text_2 = TextStim(__class__=<class 'psychopy.visual.text.TextStim'>, alignHoriz=method-wrapper(...), alignText='center', alignVert=method-wrapper(...), anchorHoriz='center', anchorVert='center', antialias=True, autoDraw=False, autoLog=True, bold=False, color=array([1, 1, 1]), colorSpace='rgb', contrast=1.0, depth=-1.0, flipHoriz=False, flipVert=False, font='Open Sans', fontFiles=[], height=0.05, italic=False, languageStyle='LTR', name='text_2', opacity=1.0, ori=0.0, pos=array([0., 0.]), rgb=UNKNOWN, text='', units='height', win=Window(...), wrapWidth=1)
7.9542 	EXP 	Created EndText = TextStim(__class__=<class 'psychopy.visual.text.TextStim'>, alignHoriz=method-wrapper(...), alignText='center', alignVert=method-wrapper(...), anchorHoriz='center', anchorVert='center', antialias=True, autoDraw=False, autoLog=True, bold=False, color=array([-1, -1, -1]), colorSpace='rgb', contrast=1.0, depth=0.0, flipHoriz=False, flipVert=False, font='Arial', fontFiles=[], height=0.03, italic=False, languageStyle='LTR', name='EndText', opacity=1.0, ori=0, pos=array([0., 0.]), rgb=UNKNOWN, text=str(...), units='height', win=Window(...), wrapWidth=1)
7.9542 	EXP 	window1: mouseVisible = True
7.9608 	EXP 	slider_rad_therapy: autoLog = True
7.9608 	EXP 	slider_rad_therapy: markerPos = 3
7.9608 	EXP 	slider_rad_therapy: styleTweaks = []
7.9608 	EXP 	slider_rad_therapy: styleTweaks = []
7.9608 	EXP 	slider_rad_therapy: styleTweaks = ['labels45']
7.9608 	EXP 	slider_rad_therapy: styleTweaks = ['labels45']
7.9608 	EXP 	slider_rad_therapy: contrast = 1.0
7.9608 	EXP 	slider_rad_therapy: autoLog = True
7.9608 	EXP 	slider_surgery: autoLog = True
7.9608 	EXP 	slider_surgery: markerPos = 3
7.9608 	EXP 	slider_surgery: styleTweaks = []
7.9608 	EXP 	slider_surgery: styleTweaks = []
7.9608 	EXP 	slider_surgery: styleTweaks = ['labels45']
7.9608 	EXP 	slider_surgery: styleTweaks = ['labels45']
7.9608 	EXP 	slider_surgery: contrast = 1.0
7.9608 	EXP 	slider_surgery: autoLog = True
7.9608 	EXP 	slider_treatment_surgery: autoLog = True
7.9608 	EXP 	slider_treatment_surgery: markerPos = None
7.9608 	EXP 	slider_treatment_surgery: styleTweaks = []
7.9608 	EXP 	slider_treatment_surgery: styleTweaks = []
7.9608 	EXP 	slider_treatment_surgery: styleTweaks = ['labels45', 'triangleMarker']
7.9608 	EXP 	slider_treatment_surgery: styleTweaks = ['labels45', 'triangleMarker']
7.9608 	EXP 	slider_treatment_surgery: contrast = 1.0
7.9608 	EXP 	slider_treatment_surgery: autoLog = True
7.9608 	EXP 	slider_treatment_radiation: autoLog = True
7.9608 	EXP 	slider_treatment_radiation: markerPos = None
7.9608 	EXP 	slider_treatment_radiation: styleTweaks = []
7.9608 	EXP 	slider_treatment_radiation: styleTweaks = []
7.9608 	EXP 	slider_treatment_radiation: styleTweaks = ['triangleMarker']
7.9608 	EXP 	slider_treatment_radiation: styleTweaks = ['triangleMarker']
7.9608 	EXP 	slider_treatment_radiation: contrast = 1.0
7.9608 	EXP 	slider_treatment_radiation: autoLog = True
7.9608 	EXP 	slider_trustworthy: autoLog = True
7.9608 	EXP 	slider_trustworthy: markerPos = None
7.9608 	EXP 	slider_trustworthy: styleTweaks = []
7.9608 	EXP 	slider_trustworthy: styleTweaks = []
7.9608 	EXP 	slider_trustworthy: styleTweaks = ['labels45']
7.9608 	EXP 	slider_trustworthy: styleTweaks = ['labels45']
7.9608 	EXP 	slider_trustworthy: contrast = 1.0
7.9608 	EXP 	slider_trustworthy: autoLog = True
7.9608 	EXP 	slider_aggressive: autoLog = True
7.9608 	EXP 	slider_aggressive: markerPos = None
7.9608 	EXP 	slider_aggressive: styleTweaks = []
7.9608 	EXP 	slider_aggressive: styleTweaks = []
7.9608 	EXP 	slider_aggressive: styleTweaks = []
7.9608 	EXP 	slider_aggressive: styleTweaks = []
7.9608 	EXP 	slider_aggressive: contrast = 1.0
7.9608 	EXP 	slider_aggressive: autoLog = True
7.9608 	EXP 	ques_instr: autoDraw = True
8.7146 	DATA 	Mouse: Left button down, pos=(891,528)
8.7641 	EXP 	ques_instr: autoDraw = False
8.7641 	EXP 	slider_rad_therapy: markerPos = None
8.7641 	EXP 	slider_rad_therapy: markerPos = 3
8.7641 	EXP 	slider_surgery: markerPos = None
8.7641 	EXP 	slider_surgery: markerPos = 3
8.7641 	EXP 	slider_rad_therapy: autoDraw = True
8.7641 	EXP 	text_rad_therapy: autoDraw = True
8.7641 	EXP 	slider_surgery: autoDraw = True
8.7641 	EXP 	text_surgery: autoDraw = True
8.7641 	EXP 	image: autoDraw = True
8.8523 	DATA 	Mouse:  Left button up, pos=(891,528)
9.9494 	DATA 	Mouse: Left button down, pos=(1742,94)
9.9715 	EXP 	slider_rad_therapy: autoDraw = False
9.9715 	EXP 	text_rad_therapy: autoDraw = False
9.9715 	EXP 	slider_surgery: autoDraw = False
9.9715 	EXP 	text_surgery: autoDraw = False
9.9715 	EXP 	image: autoDraw = False
9.9715 	EXP 	instrBlock: height = 0.05
9.9715 	EXP 	instrBlock: height = 0.05
9.9715 	EXP 	instrBlock: height = 0.05
9.9715 	EXP 	instrBlock: text = 'Each patient below has been diagnosed with a low-risk, non-sclerosing, early-stage basal cell skin cancer. The patients are otherwise in good health. For each face, please indicate how likely you would be to recommend surgery versus radiation in the management of each lesion. \nPlease click anywhere to start'
9.9715 	EXP 	instrBlock: autoDraw = True
10.0556 	DATA 	Mouse:  Left button up, pos=(1741,94)
11.2433 	DATA 	Mouse: Left button down, pos=(969,442)
11.2509 	DEBUG 	Read excel file with openpyxl: faceImages.xlsx
11.2520 	EXP 	Imported faceImages.xlsx as conditions, 95 conditions, 1 params
11.2530 	EXP 	Created sequence: sequential, trialTypes=95, nReps=3, seed=None
11.2532 	EXP 	New trial (rep=0, index=0): {'faceImages': 'images\\FOREHEAD_006_M_F_N_A.png'}
11.2615 	EXP 	instrBlock: autoDraw = False
11.2615 	EXP 	face_image: image = 'images\\FOREHEAD_006_M_F_N_A.png'
11.2615 	EXP 	slider_treatment_surgery: markerPos = None
11.2615 	EXP 	slider_treatment_surgery: markerPos = None
11.2615 	EXP 	slider_treatment_radiation: markerPos = None
11.2615 	EXP 	slider_treatment_radiation: markerPos = None
11.2615 	EXP 	face_image: autoDraw = True
11.3687 	DATA 	Mouse:  Left button up, pos=(968,442)
11.5511 	EXP 	slider_treatment_surgery: autoDraw = True
11.5511 	EXP 	NextBu: autoDraw = True
11.5511 	EXP 	slider_treatment_radiation: autoDraw = True
11.5511 	EXP 	text_treatment_surgery: autoDraw = True
11.5511 	EXP 	text_treatment_radiation: autoDraw = True
12.3762 	DATA 	Mouse: Left button down, pos=(1114,536)
12.3845 	EXP 	slider_treatment_surgery: markerPos = 64.25925925925927
12.3930 	EXP 	slider_treatment_surgery: markerPos = 64.25925925925927
12.4024 	EXP 	slider_treatment_surgery: markerPos = 64.25925925925927
12.4094 	EXP 	slider_treatment_surgery: markerPos = 64.25925925925927
12.4205 	EXP 	slider_treatment_surgery: markerPos = 64.25925925925927
12.4299 	EXP 	slider_treatment_surgery: markerPos = 64.25925925925927
12.4394 	EXP 	slider_treatment_surgery: markerPos = 64.25925925925927
12.4483 	EXP 	slider_treatment_surgery: markerPos = 64.25925925925927
12.4580 	EXP 	slider_treatment_surgery: markerPos = 64.25925925925927
12.4651 	EXP 	slider_treatment_surgery: markerPos = 64.25925925925927
12.4657 	DATA 	Mouse:  Left button up, pos=(1114,536)
12.4769 	EXP 	slider_treatment_surgery: markerPos = 64.25925925925927
12.8699 	DATA 	Mouse: Left button down, pos=(841,205)
12.8785 	EXP 	slider_treatment_radiation: markerPos = 38.98148148148148
12.8883 	EXP 	slider_treatment_radiation: markerPos = 38.98148148148148
12.8977 	EXP 	slider_treatment_radiation: markerPos = 38.98148148148148
12.9068 	EXP 	slider_treatment_radiation: markerPos = 38.98148148148148
12.9166 	EXP 	slider_treatment_radiation: markerPos = 38.98148148148148
12.9244 	EXP 	slider_treatment_radiation: markerPos = 38.98148148148148
12.9353 	EXP 	slider_treatment_radiation: markerPos = 38.98148148148148
12.9451 	EXP 	slider_treatment_radiation: markerPos = 38.88888888888889
12.9551 	EXP 	slider_treatment_radiation: markerPos = 38.88888888888889
12.9646 	DATA 	Mouse:  Left button up, pos=(840,215)
12.9659 	EXP 	slider_treatment_radiation: markerPos = 38.88888888888889
12.9732 	EXP 	slider_treatment_radiation: markerPos = 38.88888888888889
13.4610 	DATA 	Mouse: Left button down, pos=(1021,103)
13.4770 	EXP 	face_image: autoDraw = False
13.4770 	EXP 	slider_treatment_surgery: autoDraw = False
13.4770 	EXP 	NextBu: autoDraw = False
13.4770 	EXP 	slider_treatment_radiation: autoDraw = False
13.4770 	EXP 	text_treatment_surgery: autoDraw = False
13.4770 	EXP 	text_treatment_radiation: autoDraw = False
13.4770 	EXP 	text: text = ''
13.4770 	EXP 	text: autoDraw = True
13.5557 	DATA 	Mouse:  Left button up, pos=(1021,103)
14.2143 	EXP 	New trial (rep=0, index=1): {'faceImages': 'images\\FOREHEAD_035_M_F_N_A.png'}
14.2229 	EXP 	text: autoDraw = False
14.2229 	EXP 	text: autoDraw = False
14.2229 	EXP 	face_image: image = 'images\\FOREHEAD_035_M_F_N_A.png'
14.2229 	EXP 	slider_treatment_surgery: markerPos = None
14.2229 	EXP 	slider_treatment_surgery: markerPos = None
14.2229 	EXP 	slider_treatment_radiation: markerPos = None
14.2229 	EXP 	slider_treatment_radiation: markerPos = None
14.2229 	EXP 	face_image: autoDraw = True
14.5217 	EXP 	slider_treatment_surgery: autoDraw = True
14.5217 	EXP 	NextBu: autoDraw = True
14.5217 	EXP 	slider_treatment_radiation: autoDraw = True
14.5217 	EXP 	text_treatment_surgery: autoDraw = True
14.5217 	EXP 	text_treatment_radiation: autoDraw = True
15.1246 	DATA 	Mouse: Left button down, pos=(1110,548)
15.1329 	EXP 	slider_treatment_surgery: markerPos = 63.888888888888886
15.1439 	EXP 	slider_treatment_surgery: markerPos = 63.888888888888886
15.1533 	EXP 	slider_treatment_surgery: markerPos = 63.888888888888886
15.1623 	EXP 	slider_treatment_surgery: markerPos = 63.888888888888886
15.1724 	EXP 	slider_treatment_surgery: markerPos = 63.888888888888886
15.1813 	EXP 	slider_treatment_surgery: markerPos = 63.888888888888886
15.1902 	EXP 	slider_treatment_surgery: markerPos = 63.888888888888886
15.2004 	EXP 	slider_treatment_surgery: markerPos = 63.888888888888886
15.2098 	EXP 	slider_treatment_surgery: markerPos = 63.888888888888886
15.2135 	DATA 	Mouse:  Left button up, pos=(1110,548)
15.2195 	EXP 	slider_treatment_surgery: markerPos = 63.888888888888886
15.2296 	EXP 	slider_treatment_surgery: markerPos = 63.888888888888886
15.6455 	DATA 	Mouse: Left button down, pos=(996,209)
15.6557 	EXP 	slider_treatment_radiation: markerPos = 53.333333333333336
15.6659 	EXP 	slider_treatment_radiation: markerPos = 53.333333333333336
15.6764 	EXP 	slider_treatment_radiation: markerPos = 53.333333333333336
15.6852 	EXP 	slider_treatment_radiation: markerPos = 53.333333333333336
15.6949 	EXP 	slider_treatment_radiation: markerPos = 53.333333333333336
15.7023 	EXP 	slider_treatment_radiation: markerPos = 53.333333333333336
15.7141 	EXP 	slider_treatment_radiation: markerPos = 53.333333333333336
15.7194 	DATA 	Mouse:  Left button up, pos=(996,209)
15.7239 	EXP 	slider_treatment_radiation: markerPos = 53.333333333333336
16.1065 	DATA 	Mouse: Left button down, pos=(881,92)
16.1230 	EXP 	face_image: autoDraw = False
16.1230 	EXP 	slider_treatment_surgery: autoDraw = False
16.1230 	EXP 	NextBu: autoDraw = False
16.1230 	EXP 	slider_treatment_radiation: autoDraw = False
16.1230 	EXP 	text_treatment_surgery: autoDraw = False
16.1230 	EXP 	text_treatment_radiation: autoDraw = False
16.1230 	EXP 	text: text = ''
16.1230 	EXP 	text: autoDraw = True
16.1944 	DATA 	Mouse:  Left button up, pos=(881,94)
16.8391 	EXP 	New trial (rep=0, index=2): {'faceImages': 'images\\FOREHEAD_087_M_M_N_A.png'}
16.8476 	EXP 	text: autoDraw = False
16.8476 	EXP 	text: autoDraw = False
16.8476 	EXP 	face_image: image = 'images\\FOREHEAD_087_M_M_N_A.png'
16.8476 	EXP 	slider_treatment_surgery: markerPos = None
16.8476 	EXP 	slider_treatment_surgery: markerPos = None
16.8476 	EXP 	slider_treatment_radiation: markerPos = None
16.8476 	EXP 	slider_treatment_radiation: markerPos = None
16.8476 	EXP 	face_image: autoDraw = True
17.1477 	EXP 	slider_treatment_surgery: autoDraw = True
17.1477 	EXP 	NextBu: autoDraw = True
17.1477 	EXP 	slider_treatment_radiation: autoDraw = True
17.1477 	EXP 	text_treatment_surgery: autoDraw = True
17.1477 	EXP 	text_treatment_radiation: autoDraw = True
17.5546 	DATA 	Mouse: Left button down, pos=(720,540)
17.5670 	EXP 	slider_treatment_surgery: markerPos = 27.77777777777778
17.5762 	EXP 	slider_treatment_surgery: markerPos = 27.77777777777778
17.5832 	EXP 	slider_treatment_surgery: markerPos = 27.77777777777778
17.5943 	EXP 	slider_treatment_surgery: markerPos = 27.77777777777778
17.6049 	EXP 	slider_treatment_surgery: markerPos = 27.77777777777778
17.6122 	EXP 	slider_treatment_surgery: markerPos = 27.77777777777778
17.6226 	EXP 	slider_treatment_surgery: markerPos = 27.77777777777778
17.6314 	EXP 	slider_treatment_surgery: markerPos = 27.77777777777778
17.6385 	EXP 	slider_treatment_surgery: markerPos = 27.77777777777778
17.6512 	DATA 	Mouse:  Left button up, pos=(720,540)
17.6524 	EXP 	slider_treatment_surgery: markerPos = 27.77777777777778
17.6660 	EXP 	slider_treatment_surgery: markerPos = 27.77777777777778
18.1236 	DATA 	Mouse: Left button down, pos=(1259,220)
18.1323 	EXP 	slider_treatment_radiation: markerPos = 77.68518518518519
18.1420 	EXP 	slider_treatment_radiation: markerPos = 77.68518518518519
18.1521 	EXP 	slider_treatment_radiation: markerPos = 77.68518518518519
18.1611 	EXP 	slider_treatment_radiation: markerPos = 77.68518518518519
18.1702 	EXP 	slider_treatment_radiation: markerPos = 77.68518518518519
18.1796 	EXP 	slider_treatment_radiation: markerPos = 77.68518518518519
18.1887 	EXP 	slider_treatment_radiation: markerPos = 77.68518518518519
18.1999 	EXP 	slider_treatment_radiation: markerPos = 77.68518518518519
18.2088 	EXP 	slider_treatment_radiation: markerPos = 77.68518518518519
18.2203 	EXP 	slider_treatment_radiation: markerPos = 77.68518518518519
18.2255 	DATA 	Mouse:  Left button up, pos=(1259,220)
18.2302 	EXP 	slider_treatment_radiation: markerPos = 77.68518518518519
18.6124 	DATA 	Mouse: Left button down, pos=(991,115)
18.6231 	EXP 	face_image: autoDraw = False
18.6231 	EXP 	slider_treatment_surgery: autoDraw = False
18.6231 	EXP 	NextBu: autoDraw = False
18.6231 	EXP 	slider_treatment_radiation: autoDraw = False
18.6231 	EXP 	text_treatment_surgery: autoDraw = False
18.6231 	EXP 	text_treatment_radiation: autoDraw = False
18.6231 	EXP 	text: text = ''
18.6231 	EXP 	text: autoDraw = True
18.7083 	DATA 	Mouse:  Left button up, pos=(991,115)
19.3600 	EXP 	New trial (rep=0, index=3): {'faceImages': 'images\\FOREHEAD_136_M_M_N_A.png'}
19.3682 	EXP 	text: autoDraw = False
19.3682 	EXP 	text: autoDraw = False
19.3682 	EXP 	face_image: image = 'images\\FOREHEAD_136_M_M_N_A.png'
19.3682 	EXP 	slider_treatment_surgery: markerPos = None
19.3682 	EXP 	slider_treatment_surgery: markerPos = None
19.3682 	EXP 	slider_treatment_radiation: markerPos = None
19.3682 	EXP 	slider_treatment_radiation: markerPos = None
19.3682 	EXP 	face_image: autoDraw = True
19.6664 	EXP 	slider_treatment_surgery: autoDraw = True
19.6664 	EXP 	NextBu: autoDraw = True
19.6664 	EXP 	slider_treatment_radiation: autoDraw = True
19.6664 	EXP 	text_treatment_surgery: autoDraw = True
19.6664 	EXP 	text_treatment_radiation: autoDraw = True
20.2912 	DATA 	Mouse: Left button down, pos=(1158,543)
20.2999 	EXP 	slider_treatment_surgery: markerPos = 68.33333333333333
20.3109 	EXP 	slider_treatment_surgery: markerPos = 68.33333333333333
20.3199 	EXP 	slider_treatment_surgery: markerPos = 68.33333333333333
20.3315 	EXP 	slider_treatment_surgery: markerPos = 68.33333333333333
20.3409 	EXP 	slider_treatment_surgery: markerPos = 68.33333333333333
20.3500 	EXP 	slider_treatment_surgery: markerPos = 68.33333333333333
20.3600 	EXP 	slider_treatment_surgery: markerPos = 68.33333333333333
20.3690 	EXP 	slider_treatment_surgery: markerPos = 68.33333333333333
20.3801 	EXP 	slider_treatment_surgery: markerPos = 68.33333333333333
20.3855 	DATA 	Mouse:  Left button up, pos=(1158,543)
20.3893 	EXP 	slider_treatment_surgery: markerPos = 68.33333333333333
20.4011 	EXP 	slider_treatment_surgery: markerPos = 68.33333333333333
20.7624 	DATA 	Mouse: Left button down, pos=(825,226)
20.7711 	EXP 	slider_treatment_radiation: markerPos = 37.5
20.7788 	EXP 	slider_treatment_radiation: markerPos = 37.5
20.7896 	EXP 	slider_treatment_radiation: markerPos = 37.5
20.7993 	EXP 	slider_treatment_radiation: markerPos = 37.5
20.8090 	EXP 	slider_treatment_radiation: markerPos = 37.5
20.8188 	EXP 	slider_treatment_radiation: markerPos = 37.5
20.8259 	EXP 	slider_treatment_radiation: markerPos = 37.5
20.8370 	EXP 	slider_treatment_radiation: markerPos = 37.5
20.8464 	EXP 	slider_treatment_radiation: markerPos = 37.5
20.8541 	EXP 	slider_treatment_radiation: markerPos = 37.5
20.8651 	EXP 	slider_treatment_radiation: markerPos = 37.5
20.8746 	EXP 	slider_treatment_radiation: markerPos = 37.5
20.8788 	DATA 	Mouse:  Left button up, pos=(825,226)
20.8829 	EXP 	slider_treatment_radiation: markerPos = 37.5
21.1776 	DATA 	Mouse: Left button down, pos=(942,112)
21.1922 	EXP 	face_image: autoDraw = False
21.1922 	EXP 	slider_treatment_surgery: autoDraw = False
21.1922 	EXP 	NextBu: autoDraw = False
21.1922 	EXP 	slider_treatment_radiation: autoDraw = False
21.1922 	EXP 	text_treatment_surgery: autoDraw = False
21.1922 	EXP 	text_treatment_radiation: autoDraw = False
21.1922 	EXP 	text: text = ''
21.1922 	EXP 	text: autoDraw = True
21.2565 	DATA 	Mouse:  Left button up, pos=(942,112)
21.9084 	EXP 	New trial (rep=0, index=4): {'faceImages': 'images\\FOREHEAD_CFD_AF_231_357_N.png'}
21.9175 	EXP 	text: autoDraw = False
21.9175 	EXP 	text: autoDraw = False
21.9175 	EXP 	face_image: image = 'images\\FOREHEAD_CFD_AF_231_357_N.png'
21.9175 	EXP 	slider_treatment_surgery: markerPos = None
21.9175 	EXP 	slider_treatment_surgery: markerPos = None
21.9175 	EXP 	slider_treatment_radiation: markerPos = None
21.9175 	EXP 	slider_treatment_radiation: markerPos = None
21.9175 	EXP 	face_image: autoDraw = True
22.2096 	EXP 	slider_treatment_surgery: autoDraw = True
22.2096 	EXP 	NextBu: autoDraw = True
22.2096 	EXP 	slider_treatment_radiation: autoDraw = True
22.2096 	EXP 	text_treatment_surgery: autoDraw = True
22.2096 	EXP 	text_treatment_radiation: autoDraw = True
22.6321 	DATA 	Mouse: Left button down, pos=(752,542)
22.6387 	EXP 	slider_treatment_surgery: markerPos = 30.74074074074074
22.6497 	EXP 	slider_treatment_surgery: markerPos = 30.74074074074074
22.6587 	EXP 	slider_treatment_surgery: markerPos = 30.74074074074074
22.6677 	EXP 	slider_treatment_surgery: markerPos = 30.74074074074074
22.6787 	EXP 	slider_treatment_surgery: markerPos = 30.74074074074074
22.6876 	EXP 	slider_treatment_surgery: markerPos = 30.74074074074074
22.6994 	EXP 	slider_treatment_surgery: markerPos = 30.74074074074074
22.7080 	EXP 	slider_treatment_surgery: markerPos = 30.74074074074074
22.7155 	EXP 	slider_treatment_surgery: markerPos = 30.74074074074074
22.7264 	EXP 	slider_treatment_surgery: markerPos = 30.74074074074074
22.7275 	DATA 	Mouse:  Left button up, pos=(752,542)
22.7365 	EXP 	slider_treatment_surgery: markerPos = 30.74074074074074
23.0836 	DATA 	Mouse: Left button down, pos=(911,244)
23.1997 	DATA 	Mouse:  Left button up, pos=(912,239)
23.4825 	DATA 	Mouse: Left button down, pos=(1040,236)
23.5770 	DATA 	Mouse:  Left button up, pos=(1041,237)
23.7552 	DATA 	Mouse: Left button down, pos=(1054,224)
23.7639 	EXP 	slider_treatment_radiation: markerPos = 58.7037037037037
23.7752 	EXP 	slider_treatment_radiation: markerPos = 58.7037037037037
23.7857 	EXP 	slider_treatment_radiation: markerPos = 58.7037037037037
23.7951 	EXP 	slider_treatment_radiation: markerPos = 58.7037037037037
23.8058 	EXP 	slider_treatment_radiation: markerPos = 58.7037037037037
23.8135 	EXP 	slider_treatment_radiation: markerPos = 58.7037037037037
23.8247 	EXP 	slider_treatment_radiation: markerPos = 58.7037037037037
23.8338 	EXP 	slider_treatment_radiation: markerPos = 58.7037037037037
23.8440 	EXP 	slider_treatment_radiation: markerPos = 58.7037037037037
23.8544 	EXP 	slider_treatment_radiation: markerPos = 58.7037037037037
23.8640 	EXP 	slider_treatment_radiation: markerPos = 58.7037037037037
23.8662 	DATA 	Mouse:  Left button up, pos=(1054,224)
23.8747 	EXP 	slider_treatment_radiation: markerPos = 58.7037037037037
24.0899 	DATA 	Mouse: Left button down, pos=(1013,126)
24.0958 	EXP 	face_image: autoDraw = False
24.0958 	EXP 	slider_treatment_surgery: autoDraw = False
24.0958 	EXP 	NextBu: autoDraw = False
24.0958 	EXP 	slider_treatment_radiation: autoDraw = False
24.0958 	EXP 	text_treatment_surgery: autoDraw = False
24.0958 	EXP 	text_treatment_radiation: autoDraw = False
24.0958 	EXP 	text: text = ''
24.0958 	EXP 	text: autoDraw = True
24.2137 	DATA 	Mouse:  Left button up, pos=(1012,126)
25.0471 	EXP 	New trial (rep=0, index=5): {'faceImages': 'images\\FOREHEAD_CFD_AF_237_223_N.png'}
25.0567 	EXP 	text: autoDraw = False
25.0567 	EXP 	text: autoDraw = False
25.0567 	EXP 	face_image: image = 'images\\FOREHEAD_CFD_AF_237_223_N.png'
25.0567 	EXP 	slider_treatment_surgery: markerPos = None
25.0567 	EXP 	slider_treatment_surgery: markerPos = None
25.0567 	EXP 	slider_treatment_radiation: markerPos = None
25.0567 	EXP 	slider_treatment_radiation: markerPos = None
25.0567 	EXP 	face_image: autoDraw = True
25.3550 	EXP 	slider_treatment_surgery: autoDraw = True
25.3550 	EXP 	NextBu: autoDraw = True
25.3550 	EXP 	slider_treatment_radiation: autoDraw = True
25.3550 	EXP 	text_treatment_surgery: autoDraw = True
25.3550 	EXP 	text_treatment_radiation: autoDraw = True
26.1794 	DATA 	Keypress: escape
26.8188 	EXP 	window1: mouseVisible = True
26.8190 	DEBUG 	Saving data for FaceAttractiveness ExperimentHandler
26.8218 	INFO 	saved data to C:\Users\annak\Documents\GitHub\faceattractiveness_lesion\data/_FaceAttractiveness_2023-04-07_22h02.38.992.psydat
26.8235 	INFO 	saved data to 'C:\\Users\\annak\\Documents\\GitHub\\faceattractiveness_lesion\\data/_FaceAttractiveness_2023-04-07_22h02.38.992.csv'
