4.1820 	INFO 	Loaded monitor calibration from ['2021_12_01 18:33']
4.1875 	WARNING 	User requested fullscreen with size [1536  864], but screen is actually [1920, 1080]. Using actual size
5.4273 	EXP 	Created window1 = Window(allowGUI=True, allowStencil=False, autoLog=True, backendConf=UNKNOWN, bitsMode=UNKNOWN, blendMode='avg', bpc=(8, 8, 8), color=array([0.09803922, 0.09803922, 0.09803922]), colorSpace='rgb', depthBits=8, fullscr=<method-wrapper '__getattribute__' of attributeSetter object at 0x000001F7ED8E8EE0>, gamma=None, gammaErrorPolicy='raise', lms=UNKNOWN, monitor=<psychopy.monitors.calibTools.Monitor object at 0x000001F7F2F733D0>, multiSample=False, name='window1', numSamples=2, pos=(0, 0), screen=0, size=array([1920, 1080]), stencilBits=0, stereo=False, units='height', useFBO=True, useRetina=False, viewOri=0.0, viewPos=None, viewScale=None, waitBlanking=True, winType='pyglet')
5.4274 	EXP 	window1: mouseVisible = True
5.4274 	EXP 	window1: mouseVisible = False
5.4275 	EXP 	window1: Attempting to measure frame rate of screen (0) ...
5.4275 	EXP 	window1: recordFrameIntervals = False
5.4967 	EXP 	window1: recordFrameIntervals = True
5.5726 	EXP 	Screen (0) actual frame rate measured at 144.26Hz
5.5727 	EXP 	window1: recordFrameIntervals = False
7.2824 	INFO 	keyboard.Keyboard is using iohub backend.
7.3566 	EXP 	Created ques_instr = TextStim(__class__=<class 'psychopy.visual.text.TextStim'>, alignHoriz=method-wrapper(...), alignText='center', alignVert=method-wrapper(...), anchorHoriz='center', anchorVert='center', antialias=True, autoDraw=False, autoLog=True, bold=False, color=array([1, 1, 1]), colorSpace='rgb', contrast=1.0, depth=0.0, flipHoriz=False, flipVert=False, font='Arial', fontFiles=[], height=0.04, italic=False, languageStyle='LTR', name='ques_instr', opacity=1.0, ori=0.0, pos=array([0., 0.]), rgb=UNKNOWN, text=str(...), units='height', win=Window(...), wrapWidth=1)
7.3571 	EXP 	window1: mouseVisible = True
7.3605 	EXP 	window1: mouseVisible = True
7.3825 	DEBUG 	TextBox2 loaded 1 chars with 0 blanks and 1 valid
7.3834 	DEBUG 	TextBox2 loaded 1 chars with 0 blanks and 1 valid
7.3842 	DEBUG 	TextBox2 loaded 1 chars with 0 blanks and 1 valid
7.3851 	DEBUG 	TextBox2 loaded 1 chars with 0 blanks and 1 valid
7.3856 	DEBUG 	TextBox2 loaded 1 chars with 0 blanks and 1 valid
7.3862 	DEBUG 	TextBox2 loaded 1 chars with 0 blanks and 1 valid
7.3870 	DEBUG 	TextBox2 loaded 1 chars with 0 blanks and 1 valid
7.3879 	DEBUG 	TextBox2 loaded 1 chars with 0 blanks and 1 valid
7.3887 	DEBUG 	TextBox2 loaded 1 chars with 0 blanks and 1 valid
7.3895 	DEBUG 	TextBox2 loaded 1 chars with 0 blanks and 1 valid
7.3902 	DEBUG 	TextBox2 loaded 1 chars with 0 blanks and 1 valid
7.3908 	DEBUG 	TextBox2 loaded 1 chars with 0 blanks and 1 valid
7.3910 	DEBUG 	Uploading Texture Font fontname to graphics card
7.3963 	DEBUG 	Upload of Texture Font fontname complete
7.4117 	DEBUG 	TextBox2 loaded 1 chars with 0 blanks and 1 valid
7.4120 	DEBUG 	Uploading Texture Font fontname to graphics card
7.4165 	DEBUG 	Upload of Texture Font fontname complete
7.4317 	DEBUG 	TextBox2 loaded 1 chars with 0 blanks and 1 valid
7.4327 	DEBUG 	TextBox2 loaded 1 chars with 0 blanks and 1 valid
7.4336 	DEBUG 	TextBox2 loaded 1 chars with 0 blanks and 1 valid
7.4345 	DEBUG 	TextBox2 loaded 1 chars with 0 blanks and 1 valid
7.4352 	DEBUG 	TextBox2 loaded 1 chars with 0 blanks and 1 valid
7.4361 	DEBUG 	TextBox2 loaded 1 chars with 0 blanks and 1 valid
7.4363 	DEBUG 	Uploading Texture Font fontname to graphics card
7.4406 	DEBUG 	Upload of Texture Font fontname complete
7.4558 	DEBUG 	TextBox2 loaded 1 chars with 0 blanks and 1 valid
7.4560 	DEBUG 	Uploading Texture Font fontname to graphics card
7.4605 	DEBUG 	Upload of Texture Font fontname complete
7.4756 	DEBUG 	TextBox2 loaded 1 chars with 0 blanks and 1 valid
7.4766 	DEBUG 	TextBox2 loaded 1 chars with 0 blanks and 1 valid
7.4768 	DEBUG 	Uploading Texture Font fontname to graphics card
7.4807 	DEBUG 	Upload of Texture Font fontname complete
7.4923 	EXP 	Created slider_rad_therapy = Slider(__class__=<class 'psychopy.visual.slider.Slider'>, autoDraw=False, autoLog=True, borderColor=None, color=None, colorSpace='rgb', depth=0, fillColor=None, flip=False, font='Arial', granularity=0.0, labelColor=None, labelHeight=0.03, labelWrapWidth=None, labels=tuple(...), lineColor=None, markerColor=None, name='slider_rad_therapy', opacity=None, ori=0.0, pos=array([0. , 0.1]), readOnly=False, self=UNKNOWN, size=array([1. , 0.1]), startValue=3, style='rating', styleTweaks=['labels45'], ticks=array([1, 2, 3, 4, 5]), units='height', win=Window(...))
7.5010 	EXP 	Created text_rad_therapy = TextStim(__class__=<class 'psychopy.visual.text.TextStim'>, alignHoriz=method-wrapper(...), alignText='center', alignVert=method-wrapper(...), anchorHoriz='center', anchorVert='center', antialias=True, autoDraw=False, autoLog=True, bold=False, color=array([1, 1, 1]), colorSpace='rgb', contrast=1.0, depth=-1.0, flipHoriz=False, flipVert=False, font='Open Sans', fontFiles=[], height=0.04, italic=False, languageStyle='LTR', name='text_rad_therapy', opacity=1.0, ori=0.0, pos=array([0. , 0.3]), rgb=UNKNOWN, text=str(...), units='height', win=Window(...), wrapWidth=1)
7.5022 	EXP 	window1: mouseVisible = True
7.5828 	EXP 	Created slider_surgery = Slider(__class__=<class 'psychopy.visual.slider.Slider'>, autoDraw=False, autoLog=True, borderColor=None, color=None, colorSpace='rgb', depth=-2, fillColor=None, flip=False, font='Arial', granularity=0.0, labelColor=None, labelHeight=0.03, labelWrapWidth=None, labels=tuple(...), lineColor=None, markerColor=None, name='slider_surgery', opacity=None, ori=0.0, pos=array([ 0. , -0.3]), readOnly=False, self=UNKNOWN, size=array([1. , 0.1]), startValue=3, style='rating', styleTweaks=['labels45'], ticks=array([1, 2, 3, 4, 5]), units='height', win=Window(...))
7.5870 	EXP 	Created text_surgery = TextStim(__class__=<class 'psychopy.visual.text.TextStim'>, alignHoriz=method-wrapper(...), alignText='center', alignVert=method-wrapper(...), anchorHoriz='center', anchorVert='center', antialias=True, autoDraw=False, autoLog=True, bold=False, color=array([1, 1, 1]), colorSpace='rgb', contrast=1.0, depth=-3.0, flipHoriz=False, flipVert=False, font='Open Sans', fontFiles=[], height=0.04, italic=False, languageStyle='LTR', name='text_surgery', opacity=1.0, ori=0.0, pos=array([ 0. , -0.1]), rgb=UNKNOWN, text=str(...), units='height', win=Window(...), wrapWidth=1)
7.5972 	EXP 	Created image = ImageStim(__class__=<class 'psychopy.visual.image.ImageStim'>, anchor=('center', 'center'), autoLog=True, color=array([1, 1, 1]), colorSpace='rgb', contrast=1.0, depth=-4.0, flipHoriz=False, flipVert=False, image='Picture1-eng.png', interpolate=True, mask=None, maskParams=None, name='image', opacity=1.0, ori=0.0, pos=array([ 0.7, -0.4]), size=array([0.2, 0.1]), texRes=128.0, units='height', win=Window(...))
7.5972 	EXP 	window1: mouseVisible = True
7.5980 	EXP 	Created instrBlock = TextStim(__class__=<class 'psychopy.visual.text.TextStim'>, alignHoriz=method-wrapper(...), alignText='center', alignVert=method-wrapper(...), anchorHoriz='center', anchorVert='center', antialias=True, autoDraw=False, autoLog=True, bold=False, color=array([1, 1, 1]), colorSpace='rgb', contrast=1.0, depth=0.0, flipHoriz=False, flipVert=False, font='Arial', fontFiles=[], height=0.05, italic=False, languageStyle='LTR', name='instrBlock', opacity=1.0, ori=0.0, pos=array([0., 0.]), rgb=UNKNOWN, text='', units='height', win=Window(...), wrapWidth=1)
7.5981 	EXP 	window1: mouseVisible = True
7.6010 	EXP 	Created face_image = ImageStim(__class__=<class 'psychopy.visual.image.ImageStim'>, anchor=('center', 'center'), autoLog=True, color=array([1, 1, 1]), colorSpace='rgb', contrast=1.0, depth=-1.0, flipHoriz=True, flipVert=False, image='sin', interpolate=False, mask=None, maskParams=None, name='face_image', opacity=1.0, ori=0.0, pos=array([  0., 280.]), size=array([960., 540.]), texRes=512, units='pix', win=Window(...))
7.6021 	EXP 	window1: mouseVisible = True
7.7402 	WARNING 	Font b'HelveticaBold' was requested. No similar font found.
7.7534 	DEBUG 	TextBox2 loaded 1 chars with 0 blanks and 1 valid
7.7554 	DEBUG 	TextBox2 loaded 1 chars with 0 blanks and 1 valid
7.7562 	DEBUG 	TextBox2 loaded 1 chars with 0 blanks and 1 valid
7.7571 	DEBUG 	TextBox2 loaded 1 chars with 0 blanks and 1 valid
7.7585 	DEBUG 	TextBox2 loaded 1 chars with 0 blanks and 1 valid
7.7596 	DEBUG 	TextBox2 loaded 1 chars with 0 blanks and 1 valid
7.7609 	DEBUG 	TextBox2 loaded 1 chars with 0 blanks and 1 valid
7.7620 	DEBUG 	TextBox2 loaded 1 chars with 0 blanks and 1 valid
7.7622 	DEBUG 	Uploading Texture Font fontname to graphics card
7.7642 	DEBUG 	Upload of Texture Font fontname complete
7.8652 	WARNING 	Font b'HelveticaBold' was requested. No similar font found.
7.8782 	DEBUG 	TextBox2 loaded 1 chars with 0 blanks and 1 valid
7.8799 	DEBUG 	TextBox2 loaded 1 chars with 0 blanks and 1 valid
7.8809 	DEBUG 	TextBox2 loaded 1 chars with 0 blanks and 1 valid
7.8823 	DEBUG 	TextBox2 loaded 1 chars with 0 blanks and 1 valid
7.8835 	DEBUG 	TextBox2 loaded 1 chars with 0 blanks and 1 valid
7.8849 	DEBUG 	TextBox2 loaded 1 chars with 0 blanks and 1 valid
7.8861 	DEBUG 	TextBox2 loaded 1 chars with 0 blanks and 1 valid
7.8863 	DEBUG 	Uploading Texture Font fontname to graphics card
7.8868 	DEBUG 	Upload of Texture Font fontname complete
7.8958 	EXP 	Created slider_treatment_surgery = Slider(__class__=<class 'psychopy.visual.slider.Slider'>, autoDraw=False, autoLog=True, borderColor=None, color=None, colorSpace='rgb', depth=-2, fillColor=None, flip=False, font='HelveticaBold', granularity=0, labelColor=None, labelHeight=0.03, labelWrapWidth=None, labels=('0% Never', '100% Always'), lineColor=None, markerColor=None, name='slider_treatment_surgery', opacity=None, ori=0, pos=array([0., 0.]), readOnly=False, self=UNKNOWN, size=array([1.   , 0.025]), startValue=None, style=['rating'], styleTweaks=['labels45', 'triangleMarker'], ticks=array([  0,  25,  50,  75, 100]), units='height', win=Window(...))
7.9065 	EXP 	Created NextBu = ImageStim(__class__=<class 'psychopy.visual.image.ImageStim'>, anchor=('center', 'center'), autoLog=True, color=array([1, 1, 1]), colorSpace='rgb', contrast=1.0, depth=-3.0, flipHoriz=False, flipVert=False, image='Picture1-eng.png', interpolate=False, mask=None, maskParams=None, name='NextBu', opacity=1.0, ori=0.0, pos=array([0., 0.]), size=array([0.2, 0.1]), texRes=512, units='height', win=Window(...))
7.9065 	EXP 	window1: mouseVisible = True
7.9078 	EXP 	window1: mouseVisible = True
8.0127 	WARNING 	Font b'HelveticaBold' was requested. No similar font found.
8.1292 	WARNING 	Font b'HelveticaBold' was requested. No similar font found.
8.1497 	EXP 	Created slider_treatment_radiation = Slider(__class__=<class 'psychopy.visual.slider.Slider'>, autoDraw=False, autoLog=True, borderColor=None, color=None, colorSpace='rgb', depth=-5, fillColor=None, flip=False, font='HelveticaBold', granularity=0, labelColor=None, labelHeight=0.03, labelWrapWidth=None, labels=('0% Never', '100% Always'), lineColor=None, markerColor=None, name='slider_treatment_radiation', opacity=None, ori=0, pos=array([ 0. , -0.3]), readOnly=False, self=UNKNOWN, size=array([1.   , 0.025]), startValue=None, style=['rating'], styleTweaks=['triangleMarker'], ticks=array([  0,  25,  50,  75, 100]), units='height', win=Window(...))
8.1624 	EXP 	Created text_treatment_surgery = TextStim(__class__=<class 'psychopy.visual.text.TextStim'>, alignHoriz=method-wrapper(...), alignText='center', alignVert=method-wrapper(...), anchorHoriz='center', anchorVert='center', antialias=True, autoDraw=False, autoLog=True, bold=False, color=array([-1, -1, -1]), colorSpace='rgb', contrast=1.0, depth=-6.0, flipHoriz=False, flipVert=False, font='Open Sans', fontFiles=[], height=0.03, italic=False, languageStyle='LTR', name='text_treatment_surgery', opacity=1.0, ori=0.0, pos=array([0.  , 0.05]), rgb=UNKNOWN, text='How likely are you to recommend surgery? ', units='height', win=Window(...), wrapWidth=1)
8.1645 	EXP 	Created text_treatment_radiation = TextStim(__class__=<class 'psychopy.visual.text.TextStim'>, alignHoriz=method-wrapper(...), alignText='center', alignVert=method-wrapper(...), anchorHoriz='center', anchorVert='center', antialias=True, autoDraw=False, autoLog=True, bold=False, color=array([-1, -1, -1]), colorSpace='rgb', contrast=1.0, depth=-7.0, flipHoriz=False, flipVert=False, font='Open Sans', fontFiles=[], height=0.03, italic=False, languageStyle='LTR', name='text_treatment_radiation', opacity=1.0, ori=0.0, pos=array([ 0. , -0.2]), rgb=UNKNOWN, text='How likely are you to recommend radiation? ', units='height', win=Window(...), wrapWidth=1)
8.1670 	EXP 	Created face_image_q = ImageStim(__class__=<class 'psychopy.visual.image.ImageStim'>, anchor=('center', 'center'), autoLog=True, color=array([1, 1, 1]), colorSpace='rgb', contrast=1.0, depth=-1.0, flipHoriz=False, flipVert=False, image='sin', interpolate=True, mask=None, maskParams=None, name='face_image_q', opacity=1.0, ori=0.0, pos=array([0. , 0.3]), size=array([0.88888889, 0.5       ]), texRes=128.0, units='height', win=Window(...))
8.1682 	EXP 	window1: mouseVisible = True
8.1844 	DEBUG 	TextBox2 loaded 1 chars with 0 blanks and 1 valid
8.1853 	DEBUG 	TextBox2 loaded 1 chars with 0 blanks and 1 valid
8.1860 	DEBUG 	TextBox2 loaded 1 chars with 0 blanks and 1 valid
8.1867 	DEBUG 	TextBox2 loaded 1 chars with 0 blanks and 1 valid
8.1873 	DEBUG 	TextBox2 loaded 1 chars with 0 blanks and 1 valid
8.1878 	DEBUG 	TextBox2 loaded 1 chars with 0 blanks and 1 valid
8.1885 	DEBUG 	TextBox2 loaded 1 chars with 0 blanks and 1 valid
8.1892 	DEBUG 	TextBox2 loaded 1 chars with 0 blanks and 1 valid
8.1900 	DEBUG 	TextBox2 loaded 1 chars with 0 blanks and 1 valid
8.1908 	DEBUG 	TextBox2 loaded 1 chars with 0 blanks and 1 valid
8.1915 	DEBUG 	TextBox2 loaded 1 chars with 0 blanks and 1 valid
8.1923 	DEBUG 	TextBox2 loaded 1 chars with 0 blanks and 1 valid
8.1931 	DEBUG 	TextBox2 loaded 1 chars with 0 blanks and 1 valid
8.1933 	DEBUG 	Uploading Texture Font fontname to graphics card
8.1941 	DEBUG 	Upload of Texture Font fontname complete
8.2083 	DEBUG 	TextBox2 loaded 1 chars with 0 blanks and 1 valid
8.2091 	DEBUG 	TextBox2 loaded 1 chars with 0 blanks and 1 valid
8.2098 	DEBUG 	TextBox2 loaded 1 chars with 0 blanks and 1 valid
8.2100 	DEBUG 	Uploading Texture Font fontname to graphics card
8.2105 	DEBUG 	Upload of Texture Font fontname complete
8.2250 	DEBUG 	TextBox2 loaded 1 chars with 0 blanks and 1 valid
8.2257 	DEBUG 	TextBox2 loaded 1 chars with 0 blanks and 1 valid
8.2264 	DEBUG 	TextBox2 loaded 1 chars with 0 blanks and 1 valid
8.2272 	DEBUG 	TextBox2 loaded 1 chars with 0 blanks and 1 valid
8.2274 	DEBUG 	Uploading Texture Font fontname to graphics card
8.2279 	DEBUG 	Upload of Texture Font fontname complete
8.2421 	DEBUG 	TextBox2 loaded 1 chars with 0 blanks and 1 valid
8.2430 	DEBUG 	TextBox2 loaded 1 chars with 0 blanks and 1 valid
8.2439 	DEBUG 	TextBox2 loaded 1 chars with 0 blanks and 1 valid
8.2441 	DEBUG 	Uploading Texture Font fontname to graphics card
8.2447 	DEBUG 	Upload of Texture Font fontname complete
8.2590 	DEBUG 	TextBox2 loaded 1 chars with 0 blanks and 1 valid
8.2593 	DEBUG 	Uploading Texture Font fontname to graphics card
8.2599 	DEBUG 	Upload of Texture Font fontname complete
8.2732 	EXP 	Created slider_trustworthy = Slider(__class__=<class 'psychopy.visual.slider.Slider'>, autoDraw=False, autoLog=True, borderColor=None, color=None, colorSpace='rgb', depth=-2, fillColor=None, flip=False, font='Open Sans', granularity=1.0, labelColor=None, labelHeight=0.02, labelWrapWidth=None, labels=tuple(...), lineColor=None, markerColor=None, name='slider_trustworthy', opacity=None, ori=0.0, pos=array([0., 0.]), readOnly=False, self=UNKNOWN, size=array([1.   , 0.025]), startValue=None, style='radio', styleTweaks=[], ticks=array([1, 2, 3, 4, 5]), units='height', win=Window(...))
8.2796 	EXP 	Created text_trustworthy = TextStim(__class__=<class 'psychopy.visual.text.TextStim'>, alignHoriz=method-wrapper(...), alignText='center', alignVert=method-wrapper(...), anchorHoriz='center', anchorVert='center', antialias=True, autoDraw=False, autoLog=True, bold=False, color=array([1, 1, 1]), colorSpace='rgb', contrast=1.0, depth=-3.0, flipHoriz=False, flipVert=False, font='Open Sans', fontFiles=[], height=0.03, italic=False, languageStyle='LTR', name='text_trustworthy', opacity=1.0, ori=0.0, pos=array([0.  , 0.05]), rgb=UNKNOWN, text=str(...), units='height', win=Window(...), wrapWidth=1)
8.2808 	EXP 	window1: mouseVisible = True
8.3604 	EXP 	Created slider_aggressive = Slider(__class__=<class 'psychopy.visual.slider.Slider'>, autoDraw=False, autoLog=True, borderColor=None, color=None, colorSpace='rgb', depth=-4, fillColor=None, flip=False, font='Open Sans', granularity=1.0, labelColor=None, labelHeight=0.02, labelWrapWidth=None, labels=tuple(...), lineColor=None, markerColor=None, name='slider_aggressive', opacity=None, ori=0.0, pos=array([ 0.  , -0.25]), readOnly=False, self=UNKNOWN, size=array([1.   , 0.025]), startValue=None, style='radio', styleTweaks=[], ticks=array([1, 2, 3, 4, 5]), units='height', win=Window(...))
8.3639 	EXP 	Created text_aggressive = TextStim(__class__=<class 'psychopy.visual.text.TextStim'>, alignHoriz=method-wrapper(...), alignText='center', alignVert=method-wrapper(...), anchorHoriz='center', anchorVert='center', antialias=True, autoDraw=False, autoLog=True, bold=False, color=array([1, 1, 1]), colorSpace='rgb', contrast=1.0, depth=-5.0, flipHoriz=False, flipVert=False, font='Open Sans', fontFiles=[], height=0.03, italic=False, languageStyle='LTR', name='text_aggressive', opacity=1.0, ori=0.0, pos=array([ 0.  , -0.15]), rgb=UNKNOWN, text=str(...), units='height', win=Window(...), wrapWidth=1)
8.3813 	EXP 	window1: mouseVisible = True
8.3835 	DEBUG 	Saving data for FaceAttractiveness2 ExperimentHandler
8.3845 	INFO 	saved data to C:\Users\annak\Documents\GitHub\faceattractiveness_lesion\data/_FaceAttractiveness2_2023-04-07_23h14.16.652.psydat
8.3851 	INFO 	saved data to 'C:\\Users\\annak\\Documents\\GitHub\\faceattractiveness_lesion\\data/_FaceAttractiveness2_2023-04-07_23h14.16.652.csv'
