4.2767 	INFO 	Loaded monitor calibration from ['2021_12_01 18:33']
4.2830 	WARNING 	User requested fullscreen with size [1536  864], but screen is actually [1920, 1080]. Using actual size
5.6886 	EXP 	Created window1 = Window(allowGUI=True, allowStencil=False, autoLog=True, backendConf=UNKNOWN, bitsMode=UNKNOWN, blendMode='avg', bpc=(8, 8, 8), color=array([0.09803922, 0.09803922, 0.09803922]), colorSpace='rgb', depthBits=8, fullscr=<method-wrapper '__getattribute__' of attributeSetter object at 0x0000019311484D30>, gamma=None, gammaErrorPolicy='raise', lms=UNKNOWN, monitor=<psychopy.monitors.calibTools.Monitor object at 0x0000019314F3A190>, multiSample=False, name='window1', numSamples=2, pos=(0, 0), screen=0, size=array([1920, 1080]), stencilBits=0, stereo=False, units='height', useFBO=True, useRetina=False, viewOri=0.0, viewPos=None, viewScale=None, waitBlanking=True, winType='pyglet')
5.6886 	EXP 	window1: mouseVisible = True
5.6887 	EXP 	window1: mouseVisible = False
5.6888 	EXP 	window1: Attempting to measure frame rate of screen (0) ...
5.6888 	EXP 	window1: recordFrameIntervals = False
5.7572 	EXP 	window1: recordFrameIntervals = True
5.8341 	EXP 	Screen (0) actual frame rate measured at 144.78Hz
5.8342 	EXP 	window1: recordFrameIntervals = False
7.5445 	INFO 	keyboard.Keyboard is using iohub backend.
7.6189 	EXP 	Created ques_instr = TextStim(__class__=<class 'psychopy.visual.text.TextStim'>, alignHoriz=method-wrapper(...), alignText='center', alignVert=method-wrapper(...), anchorHoriz='center', anchorVert='center', antialias=True, autoDraw=False, autoLog=True, bold=False, color=array([1, 1, 1]), colorSpace='rgb', contrast=1.0, depth=0.0, flipHoriz=False, flipVert=False, font='Arial', fontFiles=[], height=0.04, italic=False, languageStyle='LTR', name='ques_instr', opacity=1.0, ori=0.0, pos=array([0., 0.]), rgb=UNKNOWN, text=str(...), units='height', win=Window(...), wrapWidth=1)
7.6195 	EXP 	window1: mouseVisible = True
7.6232 	EXP 	window1: mouseVisible = True
7.6456 	DEBUG 	TextBox2 loaded 1 chars with 0 blanks and 1 valid
7.6465 	DEBUG 	TextBox2 loaded 1 chars with 0 blanks and 1 valid
7.6471 	DEBUG 	TextBox2 loaded 1 chars with 0 blanks and 1 valid
7.6478 	DEBUG 	TextBox2 loaded 1 chars with 0 blanks and 1 valid
7.6484 	DEBUG 	TextBox2 loaded 1 chars with 0 blanks and 1 valid
7.6490 	DEBUG 	TextBox2 loaded 1 chars with 0 blanks and 1 valid
7.6497 	DEBUG 	TextBox2 loaded 1 chars with 0 blanks and 1 valid
7.6504 	DEBUG 	TextBox2 loaded 1 chars with 0 blanks and 1 valid
7.6510 	DEBUG 	TextBox2 loaded 1 chars with 0 blanks and 1 valid
7.6516 	DEBUG 	TextBox2 loaded 1 chars with 0 blanks and 1 valid
7.6523 	DEBUG 	TextBox2 loaded 1 chars with 0 blanks and 1 valid
7.6530 	DEBUG 	TextBox2 loaded 1 chars with 0 blanks and 1 valid
7.6532 	DEBUG 	Uploading Texture Font fontname to graphics card
7.6596 	DEBUG 	Upload of Texture Font fontname complete
7.6756 	DEBUG 	TextBox2 loaded 1 chars with 0 blanks and 1 valid
7.6758 	DEBUG 	Uploading Texture Font fontname to graphics card
7.6820 	DEBUG 	Upload of Texture Font fontname complete
7.6974 	DEBUG 	TextBox2 loaded 1 chars with 0 blanks and 1 valid
7.6982 	DEBUG 	TextBox2 loaded 1 chars with 0 blanks and 1 valid
7.6989 	DEBUG 	TextBox2 loaded 1 chars with 0 blanks and 1 valid
7.6996 	DEBUG 	TextBox2 loaded 1 chars with 0 blanks and 1 valid
7.7002 	DEBUG 	TextBox2 loaded 1 chars with 0 blanks and 1 valid
7.7009 	DEBUG 	TextBox2 loaded 1 chars with 0 blanks and 1 valid
7.7011 	DEBUG 	Uploading Texture Font fontname to graphics card
7.7060 	DEBUG 	Upload of Texture Font fontname complete
7.7214 	DEBUG 	TextBox2 loaded 1 chars with 0 blanks and 1 valid
7.7216 	DEBUG 	Uploading Texture Font fontname to graphics card
7.7264 	DEBUG 	Upload of Texture Font fontname complete
7.7414 	DEBUG 	TextBox2 loaded 1 chars with 0 blanks and 1 valid
7.7422 	DEBUG 	TextBox2 loaded 1 chars with 0 blanks and 1 valid
7.7424 	DEBUG 	Uploading Texture Font fontname to graphics card
7.7470 	DEBUG 	Upload of Texture Font fontname complete
7.7575 	EXP 	Created slider_2 = Slider(__class__=<class 'psychopy.visual.slider.Slider'>, autoDraw=False, autoLog=True, borderColor=None, color=None, colorSpace='rgb', depth=0, fillColor=None, flip=False, font='Arial', granularity=0.0, labelColor=None, labelHeight=0.01, labelWrapWidth=None, labels=tuple(...), lineColor=None, markerColor=None, name='slider_2', opacity=None, ori=90.0, pos=array([0., 0.]), readOnly=False, self=UNKNOWN, size=array([1. , 0.1]), startValue=3, style='scrollbar', styleTweaks=['labels45'], ticks=array([1, 2, 3, 4, 5]), units='height', win=Window(...))
7.7862 	EXP 	Created EndText = TextStim(__class__=<class 'psychopy.visual.text.TextStim'>, alignHoriz=method-wrapper(...), alignText='center', alignVert=method-wrapper(...), anchorHoriz='center', anchorVert='center', antialias=True, autoDraw=False, autoLog=True, bold=False, color=array([-1, -1, -1]), colorSpace='rgb', contrast=1.0, depth=0.0, flipHoriz=False, flipVert=False, font='Arial', fontFiles=[], height=0.05, italic=False, languageStyle='LTR', name='EndText', opacity=1.0, ori=0, pos=array([0., 0.]), rgb=UNKNOWN, text=str(...), units='height', win=Window(...), wrapWidth=1)
7.7946 	EXP 	slider_2: autoLog = True
7.7946 	EXP 	slider_2: markerPos = 3
7.7946 	EXP 	slider_2: styleTweaks = []
7.7946 	EXP 	slider_2: styleTweaks = []
7.7946 	EXP 	slider_2: styleTweaks = ['labels45']
7.7946 	EXP 	slider_2: styleTweaks = ['labels45']
7.7946 	EXP 	slider_2: contrast = 1.0
7.7946 	EXP 	slider_2: autoLog = True
7.7946 	EXP 	ques_instr: autoDraw = True
8.1295 	DATA 	Mouse: Left button down, pos=(825,605)
8.2528 	DATA 	Mouse:  Left button up, pos=(825,605)
9.5716 	DATA 	Mouse: Left button down, pos=(1033,671)
9.6032 	EXP 	ques_instr: autoDraw = False
9.6032 	EXP 	slider_2: markerPos = None
9.6032 	EXP 	slider_2: markerPos = 3
9.6032 	EXP 	slider_2: autoDraw = True
9.6988 	DATA 	Mouse:  Left button up, pos=(1033,671)
10.8563 	DATA 	Mouse: Left button down, pos=(990,583)
10.8638 	EXP 	slider_2: markerPos = 3.1592592592592594
10.8754 	EXP 	slider_2: markerPos = 3.1592592592592594
10.8827 	EXP 	slider_2: markerPos = 3.1592592592592594
10.8900 	EXP 	slider_2: markerPos = 3.1592592592592594
10.8979 	EXP 	slider_2: markerPos = 3.1592592592592594
10.9044 	EXP 	slider_2: markerPos = 3.1592592592592594
10.9143 	EXP 	slider_2: markerPos = 3.1555555555555554
10.9249 	EXP 	slider_2: markerPos = 3.1444444444444444
10.9341 	EXP 	slider_2: markerPos = 3.140740740740741
10.9450 	EXP 	slider_2: markerPos = 3.1037037037037036
10.9522 	EXP 	slider_2: markerPos = 3.0703703703703704
10.9611 	EXP 	slider_2: markerPos = 3.062962962962963
10.9733 	EXP 	slider_2: markerPos = 3.025925925925926
10.9810 	EXP 	slider_2: markerPos = 2.996296296296296
10.9937 	EXP 	slider_2: markerPos = 2.9592592592592593
11.0012 	EXP 	slider_2: markerPos = 2.9111111111111114
11.0094 	EXP 	slider_2: markerPos = 2.8962962962962964
11.0220 	EXP 	slider_2: markerPos = 2.859259259259259
11.0301 	EXP 	slider_2: markerPos = 2.822222222222222
11.0422 	EXP 	slider_2: markerPos = 2.8074074074074074
11.0503 	EXP 	slider_2: markerPos = 2.7555555555555555
11.0587 	EXP 	slider_2: markerPos = 2.7185185185185183
11.0704 	EXP 	slider_2: markerPos = 2.7
11.0793 	EXP 	slider_2: markerPos = 2.648148148148148
11.0908 	EXP 	slider_2: markerPos = 2.611111111111111
11.0988 	EXP 	slider_2: markerPos = 2.5666666666666664
11.1069 	EXP 	slider_2: markerPos = 2.5555555555555554
11.1140 	EXP 	slider_2: markerPos = 2.525925925925926
11.1241 	EXP 	slider_2: markerPos = 2.511111111111111
11.1335 	EXP 	slider_2: markerPos = 2.5
11.1422 	EXP 	slider_2: markerPos = 2.462962962962963
11.1512 	EXP 	slider_2: markerPos = 2.448148148148148
11.1608 	EXP 	slider_2: markerPos = 2.411111111111111
11.1694 	EXP 	slider_2: markerPos = 2.3777777777777778
11.1772 	EXP 	slider_2: markerPos = 2.3703703703703702
11.1892 	EXP 	slider_2: markerPos = 2.3666666666666667
11.1974 	EXP 	slider_2: markerPos = 2.3666666666666667
11.2046 	EXP 	slider_2: markerPos = 2.3666666666666667
11.2150 	EXP 	slider_2: markerPos = 2.3666666666666667
11.2237 	EXP 	slider_2: markerPos = 2.3666666666666667
11.2325 	EXP 	slider_2: markerPos = 2.3777777777777778
11.2391 	EXP 	slider_2: markerPos = 2.4
11.2492 	EXP 	slider_2: markerPos = 2.4
11.2578 	EXP 	slider_2: markerPos = 2.448148148148148
11.2677 	EXP 	slider_2: markerPos = 2.5074074074074075
11.2789 	EXP 	slider_2: markerPos = 2.7296296296296294
11.2872 	EXP 	slider_2: markerPos = 2.8740740740740742
11.2945 	EXP 	slider_2: markerPos = 2.9444444444444446
11.3050 	EXP 	slider_2: markerPos = 3.1074074074074076
11.3136 	EXP 	slider_2: markerPos = 3.3074074074074074
11.3220 	EXP 	slider_2: markerPos = 3.585185185185185
11.3340 	EXP 	slider_2: markerPos = 3.585185185185185
11.3421 	EXP 	slider_2: markerPos = 3.848148148148148
11.3549 	EXP 	slider_2: markerPos = 3.8962962962962964
11.3636 	EXP 	slider_2: markerPos = 4.0
11.3754 	EXP 	slider_2: markerPos = 4.037037037037037
11.3831 	EXP 	slider_2: markerPos = 4.062962962962963
11.3915 	EXP 	slider_2: markerPos = 4.1
11.3989 	EXP 	slider_2: markerPos = 4.133333333333333
11.4094 	EXP 	slider_2: markerPos = 4.151851851851852
11.4189 	EXP 	slider_2: markerPos = 4.207407407407407
11.4253 	EXP 	slider_2: markerPos = 4.222222222222222
11.4339 	EXP 	slider_2: markerPos = 4.222222222222222
11.4450 	EXP 	slider_2: markerPos = 4.2444444444444445
11.4528 	EXP 	slider_2: markerPos = 4.2518518518518515
11.4612 	EXP 	slider_2: markerPos = 4.262962962962963
11.4683 	EXP 	slider_2: markerPos = 4.262962962962963
11.4783 	EXP 	slider_2: markerPos = 4.266666666666667
11.4868 	EXP 	slider_2: markerPos = 4.266666666666667
11.4943 	EXP 	slider_2: markerPos = 4.266666666666667
11.5022 	EXP 	slider_2: markerPos = 4.266666666666667
11.5150 	EXP 	slider_2: markerPos = 4.266666666666667
11.5223 	EXP 	slider_2: markerPos = 4.229629629629629
11.5305 	EXP 	slider_2: markerPos = 4.162962962962963
11.5423 	EXP 	slider_2: markerPos = 4.092592592592593
11.5519 	EXP 	slider_2: markerPos = 3.9814814814814814
11.5633 	EXP 	slider_2: markerPos = 3.811111111111111
11.5738 	EXP 	slider_2: markerPos = 3.5814814814814815
11.5846 	EXP 	slider_2: markerPos = 3.237037037037037
11.5935 	EXP 	slider_2: markerPos = 3.0074074074074075
11.6004 	EXP 	slider_2: markerPos = 2.785185185185185
11.6109 	EXP 	slider_2: markerPos = 2.5925925925925926
11.6190 	EXP 	slider_2: markerPos = 2.4074074074074074
11.6269 	EXP 	slider_2: markerPos = 2.3074074074074074
11.6340 	EXP 	slider_2: markerPos = 2.2407407407407405
11.6442 	EXP 	slider_2: markerPos = 2.1925925925925926
11.6532 	EXP 	slider_2: markerPos = 2.1148148148148147
11.6625 	EXP 	slider_2: markerPos = 2.1
11.6697 	EXP 	slider_2: markerPos = 2.088888888888889
11.6799 	EXP 	slider_2: markerPos = 2.0814814814814815
11.6886 	EXP 	slider_2: markerPos = 2.0814814814814815
11.6963 	EXP 	slider_2: markerPos = 2.0814814814814815
11.7087 	EXP 	slider_2: markerPos = 2.0814814814814815
11.7171 	EXP 	slider_2: markerPos = 2.088888888888889
11.7293 	EXP 	slider_2: markerPos = 2.1222222222222222
11.7381 	EXP 	slider_2: markerPos = 2.1703703703703705
11.7507 	EXP 	slider_2: markerPos = 2.2444444444444445
11.7583 	EXP 	slider_2: markerPos = 2.414814814814815
11.7669 	EXP 	slider_2: markerPos = 2.5074074074074075
11.7748 	EXP 	slider_2: markerPos = 2.6222222222222222
11.7850 	EXP 	slider_2: markerPos = 2.7481481481481485
11.7930 	EXP 	slider_2: markerPos = 2.822222222222222
11.8017 	EXP 	slider_2: markerPos = 2.9
11.8133 	EXP 	slider_2: markerPos = 3.0148148148148146
11.8219 	EXP 	slider_2: markerPos = 3.240740740740741
11.8292 	EXP 	slider_2: markerPos = 3.362962962962963
11.8399 	EXP 	slider_2: markerPos = 3.411111111111111
11.8492 	EXP 	slider_2: markerPos = 3.4814814814814814
11.8560 	EXP 	slider_2: markerPos = 3.514814814814815
11.8668 	EXP 	slider_2: markerPos = 3.5407407407407407
11.8767 	EXP 	slider_2: markerPos = 3.5777777777777775
11.8856 	EXP 	slider_2: markerPos = 3.5925925925925926
11.8970 	EXP 	slider_2: markerPos = 3.611111111111111
11.9058 	EXP 	slider_2: markerPos = 3.6148148148148147
11.9176 	EXP 	slider_2: markerPos = 3.6148148148148147
11.9266 	EXP 	slider_2: markerPos = 3.6148148148148147
11.9344 	EXP 	slider_2: markerPos = 3.6
11.9438 	EXP 	slider_2: markerPos = 3.5555555555555554
11.9523 	EXP 	slider_2: markerPos = 3.477777777777778
11.9599 	EXP 	slider_2: markerPos = 3.3703703703703702
11.9691 	EXP 	slider_2: markerPos = 3.2222222222222223
11.9799 	EXP 	slider_2: markerPos = 3.096296296296296
11.9877 	EXP 	slider_2: markerPos = 2.9518518518518517
12.0009 	EXP 	slider_2: markerPos = 2.8666666666666667
12.0090 	EXP 	slider_2: markerPos = 2.6
12.0209 	EXP 	slider_2: markerPos = 2.503703703703704
12.0287 	EXP 	slider_2: markerPos = 2.348148148148148
12.0370 	EXP 	slider_2: markerPos = 2.348148148148148
12.0491 	EXP 	slider_2: markerPos = 2.2814814814814817
12.0568 	EXP 	slider_2: markerPos = 2.274074074074074
12.0643 	EXP 	slider_2: markerPos = 2.274074074074074
12.0776 	EXP 	slider_2: markerPos = 2.274074074074074
12.0855 	EXP 	slider_2: markerPos = 2.274074074074074
12.0976 	EXP 	slider_2: markerPos = 2.2814814814814817
12.1054 	EXP 	slider_2: markerPos = 2.3666666666666667
12.1138 	EXP 	slider_2: markerPos = 2.4444444444444446
12.1255 	EXP 	slider_2: markerPos = 2.6185185185185187
12.1334 	EXP 	slider_2: markerPos = 2.674074074074074
12.1419 	EXP 	slider_2: markerPos = 2.7777777777777777
12.1535 	EXP 	slider_2: markerPos = 2.8777777777777778
12.1614 	EXP 	slider_2: markerPos = 3.0444444444444443
12.1739 	EXP 	slider_2: markerPos = 3.1296296296296298
12.1824 	EXP 	slider_2: markerPos = 3.1777777777777776
12.1947 	EXP 	slider_2: markerPos = 3.262962962962963
12.2033 	EXP 	slider_2: markerPos = 3.337037037037037
12.2159 	EXP 	slider_2: markerPos = 3.362962962962963
12.2244 	EXP 	slider_2: markerPos = 3.3962962962962964
12.2372 	EXP 	slider_2: markerPos = 3.4
12.2448 	EXP 	slider_2: markerPos = 3.403703703703704
12.2570 	EXP 	slider_2: markerPos = 3.403703703703704
12.2653 	EXP 	slider_2: markerPos = 3.403703703703704
12.2729 	EXP 	slider_2: markerPos = 3.403703703703704
12.2852 	EXP 	slider_2: markerPos = 3.3962962962962964
12.2942 	EXP 	slider_2: markerPos = 3.362962962962963
12.3059 	EXP 	slider_2: markerPos = 3.311111111111111
12.3145 	EXP 	slider_2: markerPos = 3.1444444444444444
12.3271 	EXP 	slider_2: markerPos = 3.062962962962963
12.3350 	EXP 	slider_2: markerPos = 2.833333333333333
12.3480 	EXP 	slider_2: markerPos = 2.785185185185185
12.3561 	EXP 	slider_2: markerPos = 2.7
12.3633 	EXP 	slider_2: markerPos = 2.6259259259259258
12.3740 	EXP 	slider_2: markerPos = 2.562962962962963
12.3827 	EXP 	slider_2: markerPos = 2.5185185185185186
12.3911 	EXP 	slider_2: markerPos = 2.503703703703704
12.3981 	EXP 	slider_2: markerPos = 2.5
12.4087 	EXP 	slider_2: markerPos = 2.5
12.4172 	EXP 	slider_2: markerPos = 2.5
12.4249 	EXP 	slider_2: markerPos = 2.503703703703704
12.4358 	EXP 	slider_2: markerPos = 2.514814814814815
12.4455 	EXP 	slider_2: markerPos = 2.537037037037037
12.4541 	EXP 	slider_2: markerPos = 2.588888888888889
12.4668 	EXP 	slider_2: markerPos = 2.659259259259259
12.4750 	EXP 	slider_2: markerPos = 2.8185185185185184
12.4871 	EXP 	slider_2: markerPos = 2.925925925925926
12.4959 	EXP 	slider_2: markerPos = 3.0444444444444443
12.5031 	EXP 	slider_2: markerPos = 3.096296296296296
12.5136 	EXP 	slider_2: markerPos = 3.151851851851852
12.5222 	EXP 	slider_2: markerPos = 3.248148148148148
12.5310 	EXP 	slider_2: markerPos = 3.2666666666666666
12.5427 	EXP 	slider_2: markerPos = 3.274074074074074
12.5527 	EXP 	slider_2: markerPos = 3.2814814814814817
12.5635 	EXP 	slider_2: markerPos = 3.2814814814814817
12.5718 	EXP 	slider_2: markerPos = 3.2814814814814817
12.5848 	EXP 	slider_2: markerPos = 3.2814814814814817
12.5942 	EXP 	slider_2: markerPos = 3.2814814814814817
12.6062 	EXP 	slider_2: markerPos = 3.2814814814814817
12.6135 	EXP 	slider_2: markerPos = 3.2703703703703706
12.6245 	EXP 	slider_2: markerPos = 3.248148148148148
12.6331 	EXP 	slider_2: markerPos = 3.2222222222222223
12.6416 	EXP 	slider_2: markerPos = 3.196296296296296
12.6539 	EXP 	slider_2: markerPos = 3.1666666666666665
12.6624 	EXP 	slider_2: markerPos = 3.1074074074074076
12.6744 	EXP 	slider_2: markerPos = 3.088888888888889
12.6854 	EXP 	slider_2: markerPos = 3.066666666666667
12.6956 	EXP 	slider_2: markerPos = 3.062962962962963
12.7039 	DATA 	Mouse:  Left button up, pos=(1004,557)
12.7055 	EXP 	slider_2: markerPos = 3.062962962962963
12.7164 	EXP 	slider_2: markerPos = 3.062962962962963
13.2028 	DATA 	Keypress: escape
13.4887 	EXP 	window1: mouseVisible = True
13.4888 	DEBUG 	Saving data for FaceAttractiveness ExperimentHandler
13.4899 	INFO 	saved data to C:\Users\annak\Documents\GitHub\faceattractiveness_lesion\data/_FaceAttractiveness_2023-04-05_19h45.05.937.psydat
13.4911 	INFO 	saved data to 'C:\\Users\\annak\\Documents\\GitHub\\faceattractiveness_lesion\\data/_FaceAttractiveness_2023-04-05_19h45.05.937.csv'
