4.0342 	INFO 	Loaded monitor calibration from ['2021_12_01 18:33']
4.0416 	WARNING 	User requested fullscreen with size [1536  864], but screen is actually [1920, 1080]. Using actual size
6.3982 	EXP 	Created window1 = Window(allowGUI=True, allowStencil=False, autoLog=True, backendConf=UNKNOWN, bitsMode=UNKNOWN, blendMode='avg', bpc=(8, 8, 8), color=array([0.09803922, 0.09803922, 0.09803922]), colorSpace='rgb', depthBits=8, fullscr=<method-wrapper '__getattribute__' of attributeSetter object at 0x000001B41AEC4D90>, gamma=None, gammaErrorPolicy='raise', lms=UNKNOWN, monitor=<psychopy.monitors.calibTools.Monitor object at 0x000001B420877250>, multiSample=False, name='window1', numSamples=2, pos=(0, 0), screen=0, size=array([1920, 1080]), stencilBits=0, stereo=False, units='height', useFBO=True, useRetina=False, viewOri=0.0, viewPos=None, viewScale=None, waitBlanking=True, winType='pyglet')
6.3982 	EXP 	window1: mouseVisible = True
6.3983 	EXP 	window1: mouseVisible = False
6.3983 	EXP 	window1: Attempting to measure frame rate of screen (0) ...
6.3983 	EXP 	window1: recordFrameIntervals = False
6.4674 	EXP 	window1: recordFrameIntervals = True
6.5438 	EXP 	Screen (0) actual frame rate measured at 143.70Hz
6.5439 	EXP 	window1: recordFrameIntervals = False
8.1481 	INFO 	keyboard.Keyboard is using iohub backend.
8.2655 	EXP 	Created ques_instr = TextStim(__class__=<class 'psychopy.visual.text.TextStim'>, alignHoriz=method-wrapper(...), alignText='center', alignVert=method-wrapper(...), anchorHoriz='center', anchorVert='center', antialias=True, autoDraw=False, autoLog=True, bold=False, color=array([1, 1, 1]), colorSpace='rgb', contrast=1.0, depth=0.0, flipHoriz=False, flipVert=False, font='Arial', fontFiles=[], height=0.04, italic=False, languageStyle='LTR', name='ques_instr', opacity=1.0, ori=0.0, pos=array([0., 0.]), rgb=UNKNOWN, text=str(...), units='height', win=Window(...), wrapWidth=1)
8.2656 	EXP 	window1: mouseVisible = True
8.2691 	EXP 	window1: mouseVisible = True
8.2861 	DEBUG 	TextBox2 loaded 1 chars with 0 blanks and 1 valid
8.2863 	DEBUG 	Uploading Texture Font fontname to graphics card
8.2915 	DEBUG 	Upload of Texture Font fontname complete
8.3064 	DEBUG 	TextBox2 loaded 1 chars with 0 blanks and 1 valid
8.3066 	DEBUG 	Uploading Texture Font fontname to graphics card
8.3115 	DEBUG 	Upload of Texture Font fontname complete
8.3264 	DEBUG 	TextBox2 loaded 1 chars with 0 blanks and 1 valid
8.3266 	DEBUG 	Uploading Texture Font fontname to graphics card
8.3316 	DEBUG 	Upload of Texture Font fontname complete
8.3463 	DEBUG 	TextBox2 loaded 1 chars with 0 blanks and 1 valid
8.3465 	DEBUG 	Uploading Texture Font fontname to graphics card
8.3513 	DEBUG 	Upload of Texture Font fontname complete
8.3662 	DEBUG 	TextBox2 loaded 1 chars with 0 blanks and 1 valid
8.3664 	DEBUG 	Uploading Texture Font fontname to graphics card
8.3706 	DEBUG 	Upload of Texture Font fontname complete
8.3797 	EXP 	Created slider_2 = Slider(__class__=<class 'psychopy.visual.slider.Slider'>, autoDraw=False, autoLog=True, borderColor=None, color=None, colorSpace='rgb', depth=0, fillColor=None, flip=False, font='Arial', granularity=0.0, labelColor=None, labelHeight=0.01, labelWrapWidth=None, labels=(1, 2, 3, 4, 5), lineColor=None, markerColor=None, name='slider_2', opacity=None, ori=0.0, pos=array([0., 0.]), readOnly=False, self=UNKNOWN, size=array([1. , 0.1]), startValue=3, style='scrollbar', styleTweaks=[], ticks=array([1, 2, 3, 4, 5]), units='height', win=Window(...))
8.4086 	EXP 	Created EndText = TextStim(__class__=<class 'psychopy.visual.text.TextStim'>, alignHoriz=method-wrapper(...), alignText='center', alignVert=method-wrapper(...), anchorHoriz='center', anchorVert='center', antialias=True, autoDraw=False, autoLog=True, bold=False, color=array([-1, -1, -1]), colorSpace='rgb', contrast=1.0, depth=0.0, flipHoriz=False, flipVert=False, font='Arial', fontFiles=[], height=0.05, italic=False, languageStyle='LTR', name='EndText', opacity=1.0, ori=0, pos=array([0., 0.]), rgb=UNKNOWN, text=str(...), units='height', win=Window(...), wrapWidth=1)
8.4166 	EXP 	slider_2: autoLog = True
8.4166 	EXP 	slider_2: markerPos = 3
8.4166 	EXP 	slider_2: styleTweaks = []
8.4166 	EXP 	slider_2: styleTweaks = []
8.4166 	EXP 	slider_2: styleTweaks = []
8.4166 	EXP 	slider_2: styleTweaks = []
8.4166 	EXP 	slider_2: contrast = 1.0
8.4166 	EXP 	slider_2: autoLog = True
8.4166 	EXP 	ques_instr: autoDraw = True
8.8431 	DATA 	Mouse: Left button down, pos=(703,373)
8.9467 	DATA 	Mouse:  Left button up, pos=(703,373)
14.4203 	DATA 	Mouse: Left button down, pos=(984,531)
14.4252 	EXP 	ques_instr: autoDraw = False
14.4252 	EXP 	slider_2: markerPos = None
14.4252 	EXP 	slider_2: markerPos = 3
14.5511 	DATA 	Mouse:  Left button up, pos=(984,531)
14.7428 	EXP 	slider_2: autoDraw = True
15.2500 	DATA 	Mouse: Left button down, pos=(982,531)
15.2586 	EXP 	slider_2: markerPos = 3.0814814814814815
15.2657 	EXP 	slider_2: markerPos = 3.077777777777778
15.2725 	EXP 	slider_2: markerPos = 3.077777777777778
15.2795 	EXP 	slider_2: markerPos = 3.077777777777778
15.2864 	EXP 	slider_2: markerPos = 3.074074074074074
15.2933 	EXP 	slider_2: markerPos = 3.0703703703703704
15.3002 	EXP 	slider_2: markerPos = 3.066666666666667
15.3072 	EXP 	slider_2: markerPos = 3.066666666666667
15.3142 	EXP 	slider_2: markerPos = 3.062962962962963
15.3210 	EXP 	slider_2: markerPos = 3.0555555555555554
15.3279 	EXP 	slider_2: markerPos = 3.051851851851852
15.3350 	EXP 	slider_2: markerPos = 3.0407407407407407
15.3419 	EXP 	slider_2: markerPos = 3.037037037037037
15.3488 	EXP 	slider_2: markerPos = 3.0185185185185186
15.3558 	EXP 	slider_2: markerPos = 3.0185185185185186
15.3627 	EXP 	slider_2: markerPos = 3.011111111111111
15.3697 	EXP 	slider_2: markerPos = 2.9814814814814814
15.3766 	EXP 	slider_2: markerPos = 2.966666666666667
15.3836 	EXP 	slider_2: markerPos = 2.9111111111111114
15.3905 	EXP 	slider_2: markerPos = 2.8740740740740742
15.3975 	EXP 	slider_2: markerPos = 2.8740740740740742
15.4044 	EXP 	slider_2: markerPos = 2.837037037037037
15.4113 	EXP 	slider_2: markerPos = 2.8
15.4183 	EXP 	slider_2: markerPos = 2.762962962962963
15.4252 	EXP 	slider_2: markerPos = 2.725925925925926
15.4321 	EXP 	slider_2: markerPos = 2.6925925925925926
15.4391 	EXP 	slider_2: markerPos = 2.674074074074074
15.4461 	EXP 	slider_2: markerPos = 2.666666666666667
15.4530 	EXP 	slider_2: markerPos = 2.6555555555555554
15.4600 	EXP 	slider_2: markerPos = 2.6555555555555554
15.4669 	EXP 	slider_2: markerPos = 2.6444444444444444
15.4738 	EXP 	slider_2: markerPos = 2.6333333333333333
15.4807 	EXP 	slider_2: markerPos = 2.6296296296296298
15.4879 	EXP 	slider_2: markerPos = 2.6296296296296298
15.4947 	EXP 	slider_2: markerPos = 2.6222222222222222
15.5017 	EXP 	slider_2: markerPos = 2.6222222222222222
15.5085 	EXP 	slider_2: markerPos = 2.6222222222222222
15.5154 	EXP 	slider_2: markerPos = 2.6222222222222222
15.5224 	EXP 	slider_2: markerPos = 2.6222222222222222
15.5293 	EXP 	slider_2: markerPos = 2.6222222222222222
15.5363 	EXP 	slider_2: markerPos = 2.6222222222222222
15.5433 	EXP 	slider_2: markerPos = 2.6222222222222222
15.5502 	EXP 	slider_2: markerPos = 2.6222222222222222
15.5571 	EXP 	slider_2: markerPos = 2.6222222222222222
15.5641 	EXP 	slider_2: markerPos = 2.6222222222222222
15.5710 	EXP 	slider_2: markerPos = 2.6259259259259258
15.5780 	EXP 	slider_2: markerPos = 2.6296296296296298
15.5850 	EXP 	slider_2: markerPos = 2.648148148148148
15.5918 	EXP 	slider_2: markerPos = 2.6925925925925926
15.5988 	EXP 	slider_2: markerPos = 2.7185185185185183
15.6057 	EXP 	slider_2: markerPos = 2.7185185185185183
15.6126 	EXP 	slider_2: markerPos = 2.7481481481481485
15.6197 	EXP 	slider_2: markerPos = 2.7814814814814817
15.6267 	EXP 	slider_2: markerPos = 2.837037037037037
15.6335 	EXP 	slider_2: markerPos = 2.859259259259259
15.6405 	EXP 	slider_2: markerPos = 2.888888888888889
15.6475 	EXP 	slider_2: markerPos = 2.9111111111111114
15.6543 	EXP 	slider_2: markerPos = 2.9111111111111114
15.6616 	EXP 	slider_2: markerPos = 2.925925925925926
15.6685 	EXP 	slider_2: markerPos = 2.937037037037037
15.6754 	EXP 	slider_2: markerPos = 2.9407407407407407
15.6823 	EXP 	slider_2: markerPos = 2.948148148148148
15.6891 	EXP 	slider_2: markerPos = 2.948148148148148
15.6960 	EXP 	slider_2: markerPos = 2.948148148148148
15.7029 	EXP 	slider_2: markerPos = 2.948148148148148
15.7099 	EXP 	slider_2: markerPos = 2.948148148148148
15.7168 	EXP 	slider_2: markerPos = 2.948148148148148
15.7238 	EXP 	slider_2: markerPos = 2.948148148148148
15.7308 	EXP 	slider_2: markerPos = 2.948148148148148
15.7376 	EXP 	slider_2: markerPos = 2.948148148148148
15.7446 	EXP 	slider_2: markerPos = 2.948148148148148
15.7517 	EXP 	slider_2: markerPos = 2.948148148148148
15.7586 	EXP 	slider_2: markerPos = 2.948148148148148
15.7655 	EXP 	slider_2: markerPos = 2.937037037037037
15.7724 	EXP 	slider_2: markerPos = 2.9296296296296296
15.7795 	EXP 	slider_2: markerPos = 2.9111111111111114
15.7863 	EXP 	slider_2: markerPos = 2.8777777777777778
15.7934 	EXP 	slider_2: markerPos = 2.859259259259259
15.8002 	EXP 	slider_2: markerPos = 2.859259259259259
15.8071 	EXP 	slider_2: markerPos = 2.814814814814815
15.8141 	EXP 	slider_2: markerPos = 2.7777777777777777
15.8210 	EXP 	slider_2: markerPos = 2.737037037037037
15.8279 	EXP 	slider_2: markerPos = 2.7
15.8349 	EXP 	slider_2: markerPos = 2.6814814814814816
15.8419 	EXP 	slider_2: markerPos = 2.674074074074074
15.8487 	EXP 	slider_2: markerPos = 2.674074074074074
15.8558 	EXP 	slider_2: markerPos = 2.674074074074074
15.8626 	EXP 	slider_2: markerPos = 2.674074074074074
15.8697 	EXP 	slider_2: markerPos = 2.674074074074074
15.8766 	EXP 	slider_2: markerPos = 2.674074074074074
15.8836 	EXP 	slider_2: markerPos = 2.677777777777778
15.8907 	EXP 	slider_2: markerPos = 2.696296296296296
15.8975 	EXP 	slider_2: markerPos = 2.7185185185185183
15.9044 	EXP 	slider_2: markerPos = 2.7185185185185183
15.9113 	EXP 	slider_2: markerPos = 2.7555555555555555
15.9183 	EXP 	slider_2: markerPos = 2.7777777777777777
15.9252 	EXP 	slider_2: markerPos = 2.803703703703704
15.9321 	EXP 	slider_2: markerPos = 2.851851851851852
15.9391 	EXP 	slider_2: markerPos = 2.8777777777777778
15.9461 	EXP 	slider_2: markerPos = 2.9037037037037035
15.9530 	EXP 	slider_2: markerPos = 2.9185185185185185
15.9599 	EXP 	slider_2: markerPos = 2.9185185185185185
15.9669 	EXP 	slider_2: markerPos = 2.925925925925926
15.9738 	EXP 	slider_2: markerPos = 2.9296296296296296
15.9807 	EXP 	slider_2: markerPos = 2.9296296296296296
15.9877 	EXP 	slider_2: markerPos = 2.9296296296296296
15.9946 	EXP 	slider_2: markerPos = 2.9296296296296296
16.0016 	EXP 	slider_2: markerPos = 2.9296296296296296
16.0085 	EXP 	slider_2: markerPos = 2.9296296296296296
16.0153 	EXP 	slider_2: markerPos = 2.9296296296296296
16.0225 	EXP 	slider_2: markerPos = 2.9296296296296296
16.0294 	EXP 	slider_2: markerPos = 2.9222222222222225
16.0363 	EXP 	slider_2: markerPos = 2.9111111111111114
16.0432 	EXP 	slider_2: markerPos = 2.888888888888889
16.0502 	EXP 	slider_2: markerPos = 2.888888888888889
16.0571 	EXP 	slider_2: markerPos = 2.862962962962963
16.0640 	EXP 	slider_2: markerPos = 2.82962962962963
16.0711 	EXP 	slider_2: markerPos = 2.7925925925925927
16.0779 	EXP 	slider_2: markerPos = 2.7555555555555555
16.0850 	EXP 	slider_2: markerPos = 2.7222222222222223
16.0919 	EXP 	slider_2: markerPos = 2.7111111111111112
16.0987 	EXP 	slider_2: markerPos = 2.7111111111111112
16.1057 	EXP 	slider_2: markerPos = 2.696296296296296
16.1127 	EXP 	slider_2: markerPos = 2.6925925925925926
16.1197 	EXP 	slider_2: markerPos = 2.6925925925925926
16.1265 	EXP 	slider_2: markerPos = 2.6925925925925926
16.1335 	EXP 	slider_2: markerPos = 2.6925925925925926
16.1404 	EXP 	slider_2: markerPos = 2.6925925925925926
16.1474 	EXP 	slider_2: markerPos = 2.6925925925925926
16.1543 	EXP 	slider_2: markerPos = 2.6925925925925926
16.1612 	EXP 	slider_2: markerPos = 2.6925925925925926
16.1682 	EXP 	slider_2: markerPos = 2.7
16.1752 	EXP 	slider_2: markerPos = 2.7185185185185183
16.1822 	EXP 	slider_2: markerPos = 2.7407407407407405
16.1891 	EXP 	slider_2: markerPos = 2.7777777777777777
16.1961 	EXP 	slider_2: markerPos = 2.8074074074074074
16.2029 	EXP 	slider_2: markerPos = 2.82962962962963
16.2100 	EXP 	slider_2: markerPos = 2.82962962962963
16.2168 	EXP 	slider_2: markerPos = 2.8666666666666667
16.2237 	EXP 	slider_2: markerPos = 2.8962962962962964
16.2308 	EXP 	slider_2: markerPos = 2.9296296296296296
16.2377 	EXP 	slider_2: markerPos = 2.937037037037037
16.2446 	EXP 	slider_2: markerPos = 2.9444444444444446
16.2516 	EXP 	slider_2: markerPos = 2.9444444444444446
16.2585 	EXP 	slider_2: markerPos = 2.9444444444444446
16.2654 	EXP 	slider_2: markerPos = 2.9444444444444446
16.2724 	EXP 	slider_2: markerPos = 2.9444444444444446
16.2794 	EXP 	slider_2: markerPos = 2.9444444444444446
16.2863 	EXP 	slider_2: markerPos = 2.9407407407407407
16.2933 	EXP 	slider_2: markerPos = 2.9296296296296296
16.3002 	EXP 	slider_2: markerPos = 2.9074074074074074
16.3073 	EXP 	slider_2: markerPos = 2.8814814814814813
16.3141 	EXP 	slider_2: markerPos = 2.8814814814814813
16.3211 	EXP 	slider_2: markerPos = 2.848148148148148
16.3279 	EXP 	slider_2: markerPos = 2.8185185185185184
16.3350 	EXP 	slider_2: markerPos = 2.785185185185185
16.3419 	EXP 	slider_2: markerPos = 2.7481481481481485
16.3488 	EXP 	slider_2: markerPos = 2.7481481481481485
16.3558 	EXP 	slider_2: markerPos = 2.7222222222222223
16.3627 	EXP 	slider_2: markerPos = 2.7111111111111112
16.3695 	EXP 	slider_2: markerPos = 2.7037037037037037
16.3765 	EXP 	slider_2: markerPos = 2.7037037037037037
16.3835 	EXP 	slider_2: markerPos = 2.7037037037037037
16.3904 	EXP 	slider_2: markerPos = 2.7037037037037037
16.3974 	EXP 	slider_2: markerPos = 2.7037037037037037
16.4043 	EXP 	slider_2: markerPos = 2.7037037037037037
16.4113 	EXP 	slider_2: markerPos = 2.7037037037037037
16.4182 	EXP 	slider_2: markerPos = 2.7074074074074073
16.4252 	EXP 	slider_2: markerPos = 2.714814814814815
16.4321 	EXP 	slider_2: markerPos = 2.725925925925926
16.4391 	EXP 	slider_2: markerPos = 2.7333333333333334
16.4460 	EXP 	slider_2: markerPos = 2.7555555555555555
16.4529 	EXP 	slider_2: markerPos = 2.7555555555555555
16.4599 	EXP 	slider_2: markerPos = 2.774074074074074
16.4668 	EXP 	slider_2: markerPos = 2.8
16.4738 	EXP 	slider_2: markerPos = 2.8185185185185184
16.4807 	EXP 	slider_2: markerPos = 2.837037037037037
16.4877 	EXP 	slider_2: markerPos = 2.848148148148148
16.4946 	EXP 	slider_2: markerPos = 2.848148148148148
16.5016 	EXP 	slider_2: markerPos = 2.848148148148148
16.5086 	EXP 	slider_2: markerPos = 2.848148148148148
16.5154 	EXP 	slider_2: markerPos = 2.848148148148148
16.5224 	EXP 	slider_2: markerPos = 2.848148148148148
16.5294 	EXP 	slider_2: markerPos = 2.848148148148148
16.5362 	EXP 	slider_2: markerPos = 2.8444444444444446
16.5431 	EXP 	slider_2: markerPos = 2.837037037037037
16.5501 	EXP 	slider_2: markerPos = 2.833333333333333
16.5570 	EXP 	slider_2: markerPos = 2.822222222222222
16.5640 	EXP 	slider_2: markerPos = 2.822222222222222
16.5710 	EXP 	slider_2: markerPos = 2.8074074074074074
16.5780 	EXP 	slider_2: markerPos = 2.803703703703704
16.5849 	EXP 	slider_2: markerPos = 2.7962962962962963
16.5919 	EXP 	slider_2: markerPos = 2.7925925925925927
16.5988 	EXP 	slider_2: markerPos = 2.7925925925925927
16.6057 	EXP 	slider_2: markerPos = 2.7888888888888888
16.6127 	EXP 	slider_2: markerPos = 2.7888888888888888
16.6196 	EXP 	slider_2: markerPos = 2.7888888888888888
16.6266 	EXP 	slider_2: markerPos = 2.7888888888888888
16.6335 	EXP 	slider_2: markerPos = 2.7888888888888888
16.6404 	EXP 	slider_2: markerPos = 2.7888888888888888
16.6474 	EXP 	slider_2: markerPos = 2.7888888888888888
16.6543 	EXP 	slider_2: markerPos = 2.7888888888888888
16.6612 	EXP 	slider_2: markerPos = 2.7888888888888888
16.6682 	EXP 	slider_2: markerPos = 2.7888888888888888
16.6751 	EXP 	slider_2: markerPos = 2.7888888888888888
16.6821 	EXP 	slider_2: markerPos = 2.7888888888888888
16.6893 	EXP 	slider_2: markerPos = 2.7888888888888888
16.6961 	EXP 	slider_2: markerPos = 2.7888888888888888
16.7029 	EXP 	slider_2: markerPos = 2.7888888888888888
16.7098 	EXP 	slider_2: markerPos = 2.7888888888888888
16.7168 	EXP 	slider_2: markerPos = 2.7888888888888888
16.7237 	EXP 	slider_2: markerPos = 2.7888888888888888
16.7307 	EXP 	slider_2: markerPos = 2.7888888888888888
16.7377 	EXP 	slider_2: markerPos = 2.7888888888888888
16.7446 	EXP 	slider_2: markerPos = 2.7888888888888888
16.7516 	EXP 	slider_2: markerPos = 2.7888888888888888
16.7585 	EXP 	slider_2: markerPos = 2.7888888888888888
16.7654 	EXP 	slider_2: markerPos = 2.7888888888888888
16.7724 	EXP 	slider_2: markerPos = 2.7888888888888888
16.7793 	EXP 	slider_2: markerPos = 2.7888888888888888
16.7863 	EXP 	slider_2: markerPos = 2.7888888888888888
16.7932 	EXP 	slider_2: markerPos = 2.7888888888888888
16.8001 	EXP 	slider_2: markerPos = 2.7888888888888888
16.8070 	EXP 	slider_2: markerPos = 2.7888888888888888
16.8140 	EXP 	slider_2: markerPos = 2.7888888888888888
16.8210 	EXP 	slider_2: markerPos = 2.7888888888888888
16.8279 	EXP 	slider_2: markerPos = 2.7888888888888888
16.8285 	DATA 	Mouse:  Left button up, pos=(903,505)
16.8349 	EXP 	slider_2: markerPos = 2.7888888888888888
17.5095 	DATA 	Mouse: Left button down, pos=(901,505)
17.5154 	EXP 	slider_2: markerPos = 2.7814814814814817
17.5224 	EXP 	slider_2: markerPos = 2.7814814814814817
17.5295 	EXP 	slider_2: markerPos = 2.7814814814814817
17.5363 	EXP 	slider_2: markerPos = 2.7814814814814817
17.5433 	EXP 	slider_2: markerPos = 2.7814814814814817
17.5502 	EXP 	slider_2: markerPos = 2.7814814814814817
17.5571 	EXP 	slider_2: markerPos = 2.7814814814814817
17.5640 	EXP 	slider_2: markerPos = 2.7814814814814817
17.5710 	EXP 	slider_2: markerPos = 2.7814814814814817
17.5778 	EXP 	slider_2: markerPos = 2.7814814814814817
17.5849 	EXP 	slider_2: markerPos = 2.7814814814814817
17.5918 	EXP 	slider_2: markerPos = 2.7814814814814817
17.5987 	EXP 	slider_2: markerPos = 2.7814814814814817
17.6057 	EXP 	slider_2: markerPos = 2.7814814814814817
17.6127 	EXP 	slider_2: markerPos = 2.7814814814814817
17.6195 	EXP 	slider_2: markerPos = 2.785185185185185
17.6265 	EXP 	slider_2: markerPos = 2.7962962962962963
17.6335 	EXP 	slider_2: markerPos = 2.7962962962962963
17.6405 	EXP 	slider_2: markerPos = 2.8074074074074074
17.6474 	EXP 	slider_2: markerPos = 2.82962962962963
17.6543 	EXP 	slider_2: markerPos = 2.862962962962963
17.6612 	EXP 	slider_2: markerPos = 2.888888888888889
17.6682 	EXP 	slider_2: markerPos = 2.9185185185185185
17.6752 	EXP 	slider_2: markerPos = 2.9407407407407407
17.6820 	EXP 	slider_2: markerPos = 2.962962962962963
17.6892 	EXP 	slider_2: markerPos = 2.962962962962963
17.6961 	EXP 	slider_2: markerPos = 2.9814814814814814
17.7029 	EXP 	slider_2: markerPos = 2.985185185185185
17.7099 	EXP 	slider_2: markerPos = 2.985185185185185
17.7170 	EXP 	slider_2: markerPos = 2.985185185185185
17.7239 	EXP 	slider_2: markerPos = 2.985185185185185
17.7307 	EXP 	slider_2: markerPos = 2.985185185185185
17.7377 	EXP 	slider_2: markerPos = 2.985185185185185
17.7445 	EXP 	slider_2: markerPos = 2.985185185185185
17.7516 	EXP 	slider_2: markerPos = 2.985185185185185
17.7585 	EXP 	slider_2: markerPos = 2.985185185185185
17.7654 	EXP 	slider_2: markerPos = 2.985185185185185
17.7724 	EXP 	slider_2: markerPos = 2.985185185185185
17.7794 	EXP 	slider_2: markerPos = 2.985185185185185
17.7862 	EXP 	slider_2: markerPos = 2.985185185185185
17.7932 	EXP 	slider_2: markerPos = 2.985185185185185
17.8002 	EXP 	slider_2: markerPos = 2.985185185185185
17.8070 	EXP 	slider_2: markerPos = 2.985185185185185
17.8140 	EXP 	slider_2: markerPos = 2.985185185185185
17.8209 	EXP 	slider_2: markerPos = 2.985185185185185
17.8280 	EXP 	slider_2: markerPos = 2.985185185185185
17.8348 	EXP 	slider_2: markerPos = 2.985185185185185
17.8419 	EXP 	slider_2: markerPos = 2.985185185185185
17.8488 	EXP 	slider_2: markerPos = 2.985185185185185
17.8557 	EXP 	slider_2: markerPos = 2.9814814814814814
17.8627 	EXP 	slider_2: markerPos = 2.977777777777778
17.8696 	EXP 	slider_2: markerPos = 2.974074074074074
17.8765 	EXP 	slider_2: markerPos = 2.9703703703703703
17.8836 	EXP 	slider_2: markerPos = 2.9703703703703703
17.8904 	EXP 	slider_2: markerPos = 2.9703703703703703
17.8973 	EXP 	slider_2: markerPos = 2.9703703703703703
17.9043 	EXP 	slider_2: markerPos = 2.9703703703703703
17.9112 	EXP 	slider_2: markerPos = 2.9703703703703703
17.9183 	EXP 	slider_2: markerPos = 2.9703703703703703
17.9252 	EXP 	slider_2: markerPos = 2.9703703703703703
17.9321 	EXP 	slider_2: markerPos = 2.9703703703703703
17.9390 	EXP 	slider_2: markerPos = 2.9703703703703703
17.9460 	EXP 	slider_2: markerPos = 2.9703703703703703
17.9528 	EXP 	slider_2: markerPos = 2.9703703703703703
17.9598 	EXP 	slider_2: markerPos = 2.9703703703703703
17.9668 	EXP 	slider_2: markerPos = 2.9703703703703703
17.9736 	EXP 	slider_2: markerPos = 2.9703703703703703
17.9806 	EXP 	slider_2: markerPos = 2.9703703703703703
17.9877 	EXP 	slider_2: markerPos = 2.9703703703703703
17.9946 	EXP 	slider_2: markerPos = 2.9703703703703703
18.0015 	EXP 	slider_2: markerPos = 2.9703703703703703
18.0085 	EXP 	slider_2: markerPos = 2.9703703703703703
18.0154 	EXP 	slider_2: markerPos = 2.9703703703703703
18.0223 	EXP 	slider_2: markerPos = 2.9703703703703703
18.0293 	EXP 	slider_2: markerPos = 2.9703703703703703
18.0362 	EXP 	slider_2: markerPos = 2.9703703703703703
18.0432 	EXP 	slider_2: markerPos = 2.9703703703703703
18.0501 	EXP 	slider_2: markerPos = 2.9703703703703703
18.0570 	EXP 	slider_2: markerPos = 2.9703703703703703
18.0640 	EXP 	slider_2: markerPos = 2.9703703703703703
18.0710 	EXP 	slider_2: markerPos = 2.9703703703703703
18.0779 	EXP 	slider_2: markerPos = 2.9703703703703703
18.0849 	EXP 	slider_2: markerPos = 2.9703703703703703
18.0918 	EXP 	slider_2: markerPos = 2.9703703703703703
18.0987 	EXP 	slider_2: markerPos = 2.9703703703703703
18.1057 	EXP 	slider_2: markerPos = 2.9703703703703703
18.1126 	EXP 	slider_2: markerPos = 2.9703703703703703
18.1195 	EXP 	slider_2: markerPos = 2.9703703703703703
18.1265 	EXP 	slider_2: markerPos = 2.9703703703703703
18.1335 	EXP 	slider_2: markerPos = 2.9703703703703703
18.1404 	EXP 	slider_2: markerPos = 2.9703703703703703
18.1475 	EXP 	slider_2: markerPos = 2.9703703703703703
18.1544 	EXP 	slider_2: markerPos = 2.9703703703703703
18.1612 	EXP 	slider_2: markerPos = 2.9703703703703703
18.1683 	EXP 	slider_2: markerPos = 2.9703703703703703
18.1751 	EXP 	slider_2: markerPos = 2.9703703703703703
18.1821 	EXP 	slider_2: markerPos = 2.9703703703703703
18.1891 	EXP 	slider_2: markerPos = 2.9703703703703703
18.1959 	EXP 	slider_2: markerPos = 2.9703703703703703
18.2028 	EXP 	slider_2: markerPos = 2.9703703703703703
18.2099 	EXP 	slider_2: markerPos = 2.9703703703703703
18.2168 	EXP 	slider_2: markerPos = 2.9703703703703703
18.2237 	EXP 	slider_2: markerPos = 2.9703703703703703
18.2307 	EXP 	slider_2: markerPos = 2.9703703703703703
18.2376 	EXP 	slider_2: markerPos = 2.9703703703703703
18.2445 	EXP 	slider_2: markerPos = 2.9703703703703703
18.2515 	EXP 	slider_2: markerPos = 2.9703703703703703
18.2585 	EXP 	slider_2: markerPos = 2.9703703703703703
18.2654 	EXP 	slider_2: markerPos = 2.9703703703703703
18.2723 	EXP 	slider_2: markerPos = 2.9703703703703703
18.2793 	EXP 	slider_2: markerPos = 2.9703703703703703
18.2862 	EXP 	slider_2: markerPos = 2.9703703703703703
18.2932 	EXP 	slider_2: markerPos = 2.9703703703703703
18.3002 	EXP 	slider_2: markerPos = 2.9703703703703703
18.3070 	EXP 	slider_2: markerPos = 2.9703703703703703
18.3140 	EXP 	slider_2: markerPos = 2.9703703703703703
18.3209 	EXP 	slider_2: markerPos = 2.9703703703703703
18.3278 	EXP 	slider_2: markerPos = 2.9703703703703703
18.3349 	EXP 	slider_2: markerPos = 2.9703703703703703
18.3419 	EXP 	slider_2: markerPos = 2.9703703703703703
18.3487 	EXP 	slider_2: markerPos = 2.9703703703703703
18.3557 	EXP 	slider_2: markerPos = 2.9703703703703703
18.3626 	EXP 	slider_2: markerPos = 2.9703703703703703
18.3695 	EXP 	slider_2: markerPos = 2.9703703703703703
18.3765 	EXP 	slider_2: markerPos = 2.9703703703703703
18.3835 	EXP 	slider_2: markerPos = 2.9703703703703703
18.3904 	EXP 	slider_2: markerPos = 2.9703703703703703
18.3973 	EXP 	slider_2: markerPos = 2.9703703703703703
18.4043 	EXP 	slider_2: markerPos = 2.9703703703703703
18.4112 	EXP 	slider_2: markerPos = 2.9703703703703703
18.4182 	EXP 	slider_2: markerPos = 2.9703703703703703
18.4251 	EXP 	slider_2: markerPos = 2.9703703703703703
18.4321 	EXP 	slider_2: markerPos = 2.9703703703703703
18.4391 	EXP 	slider_2: markerPos = 2.9703703703703703
18.4460 	EXP 	slider_2: markerPos = 2.9703703703703703
18.4529 	EXP 	slider_2: markerPos = 2.9703703703703703
18.4598 	EXP 	slider_2: markerPos = 2.9703703703703703
18.4668 	EXP 	slider_2: markerPos = 2.9703703703703703
18.4737 	EXP 	slider_2: markerPos = 2.9703703703703703
18.4807 	EXP 	slider_2: markerPos = 2.9703703703703703
18.4876 	EXP 	slider_2: markerPos = 2.9703703703703703
18.4945 	EXP 	slider_2: markerPos = 2.9703703703703703
18.5015 	EXP 	slider_2: markerPos = 2.9703703703703703
18.5084 	EXP 	slider_2: markerPos = 2.9703703703703703
18.5154 	EXP 	slider_2: markerPos = 2.9703703703703703
18.5223 	EXP 	slider_2: markerPos = 2.9703703703703703
18.5293 	EXP 	slider_2: markerPos = 2.9703703703703703
18.5362 	EXP 	slider_2: markerPos = 2.9703703703703703
18.5431 	EXP 	slider_2: markerPos = 2.9703703703703703
18.5502 	EXP 	slider_2: markerPos = 2.9703703703703703
18.5571 	EXP 	slider_2: markerPos = 2.9703703703703703
18.5641 	EXP 	slider_2: markerPos = 2.9703703703703703
18.5710 	EXP 	slider_2: markerPos = 2.9703703703703703
18.5778 	EXP 	slider_2: markerPos = 2.9703703703703703
18.5849 	EXP 	slider_2: markerPos = 2.9703703703703703
18.5918 	EXP 	slider_2: markerPos = 2.9703703703703703
18.5987 	EXP 	slider_2: markerPos = 2.9703703703703703
18.6057 	EXP 	slider_2: markerPos = 2.9703703703703703
18.6127 	EXP 	slider_2: markerPos = 2.9703703703703703
18.6195 	EXP 	slider_2: markerPos = 2.966666666666667
18.6265 	EXP 	slider_2: markerPos = 2.9592592592592593
18.6334 	EXP 	slider_2: markerPos = 2.9592592592592593
18.6403 	EXP 	slider_2: markerPos = 2.948148148148148
18.6475 	EXP 	slider_2: markerPos = 2.948148148148148
18.6543 	EXP 	slider_2: markerPos = 2.9407407407407407
18.6613 	EXP 	slider_2: markerPos = 2.925925925925926
18.6682 	EXP 	slider_2: markerPos = 2.9111111111111114
18.6751 	EXP 	slider_2: markerPos = 2.8962962962962964
18.6822 	EXP 	slider_2: markerPos = 2.888888888888889
18.6890 	EXP 	slider_2: markerPos = 2.8777777777777778
18.6959 	EXP 	slider_2: markerPos = 2.8777777777777778
18.7030 	EXP 	slider_2: markerPos = 2.8703703703703702
18.7098 	EXP 	slider_2: markerPos = 2.8703703703703702
18.7167 	EXP 	slider_2: markerPos = 2.8703703703703702
18.7237 	EXP 	slider_2: markerPos = 2.8703703703703702
18.7307 	EXP 	slider_2: markerPos = 2.8703703703703702
18.7377 	EXP 	slider_2: markerPos = 2.8703703703703702
18.7447 	EXP 	slider_2: markerPos = 2.8703703703703702
18.7516 	EXP 	slider_2: markerPos = 2.8703703703703702
18.7586 	EXP 	slider_2: markerPos = 2.8703703703703702
18.7654 	EXP 	slider_2: markerPos = 2.8703703703703702
18.7722 	EXP 	slider_2: markerPos = 2.8703703703703702
18.7793 	EXP 	slider_2: markerPos = 2.8703703703703702
18.7862 	EXP 	slider_2: markerPos = 2.8703703703703702
18.7932 	EXP 	slider_2: markerPos = 2.8703703703703702
18.8001 	EXP 	slider_2: markerPos = 2.8703703703703702
18.8071 	EXP 	slider_2: markerPos = 2.8703703703703702
18.8140 	EXP 	slider_2: markerPos = 2.8740740740740742
18.8210 	EXP 	slider_2: markerPos = 2.8777777777777778
18.8279 	EXP 	slider_2: markerPos = 2.8777777777777778
18.8349 	EXP 	slider_2: markerPos = 2.8777777777777778
18.8418 	EXP 	slider_2: markerPos = 2.8814814814814813
18.8488 	EXP 	slider_2: markerPos = 2.8851851851851853
18.8556 	EXP 	slider_2: markerPos = 2.8851851851851853
18.8626 	EXP 	slider_2: markerPos = 2.8851851851851853
18.8695 	EXP 	slider_2: markerPos = 2.8851851851851853
18.8765 	EXP 	slider_2: markerPos = 2.8851851851851853
18.8835 	EXP 	slider_2: markerPos = 2.8851851851851853
18.8904 	EXP 	slider_2: markerPos = 2.8851851851851853
18.8973 	EXP 	slider_2: markerPos = 2.8851851851851853
18.9043 	EXP 	slider_2: markerPos = 2.8851851851851853
18.9112 	EXP 	slider_2: markerPos = 2.8851851851851853
18.9182 	EXP 	slider_2: markerPos = 2.8851851851851853
18.9252 	EXP 	slider_2: markerPos = 2.8851851851851853
18.9320 	EXP 	slider_2: markerPos = 2.8851851851851853
18.9390 	EXP 	slider_2: markerPos = 2.8851851851851853
18.9460 	EXP 	slider_2: markerPos = 2.8851851851851853
18.9529 	EXP 	slider_2: markerPos = 2.8851851851851853
18.9597 	EXP 	slider_2: markerPos = 2.8851851851851853
18.9667 	EXP 	slider_2: markerPos = 2.8851851851851853
18.9737 	EXP 	slider_2: markerPos = 2.8851851851851853
18.9807 	EXP 	slider_2: markerPos = 2.8851851851851853
18.9876 	EXP 	slider_2: markerPos = 2.8851851851851853
18.9945 	EXP 	slider_2: markerPos = 2.8851851851851853
19.0016 	EXP 	slider_2: markerPos = 2.8851851851851853
19.0085 	EXP 	slider_2: markerPos = 2.8851851851851853
19.0154 	EXP 	slider_2: markerPos = 2.8851851851851853
19.0224 	EXP 	slider_2: markerPos = 2.8851851851851853
19.0293 	EXP 	slider_2: markerPos = 2.8851851851851853
19.0363 	EXP 	slider_2: markerPos = 2.8851851851851853
19.0432 	EXP 	slider_2: markerPos = 2.8851851851851853
19.0501 	EXP 	slider_2: markerPos = 2.8851851851851853
19.0571 	EXP 	slider_2: markerPos = 2.8851851851851853
19.0641 	EXP 	slider_2: markerPos = 2.8851851851851853
19.0710 	EXP 	slider_2: markerPos = 2.8851851851851853
19.0780 	EXP 	slider_2: markerPos = 2.888888888888889
19.0850 	EXP 	slider_2: markerPos = 2.8962962962962964
19.0919 	EXP 	slider_2: markerPos = 2.9037037037037035
19.0987 	EXP 	slider_2: markerPos = 2.9185185185185185
19.1057 	EXP 	slider_2: markerPos = 2.9185185185185185
19.1126 	EXP 	slider_2: markerPos = 2.9296296296296296
19.1195 	EXP 	slider_2: markerPos = 2.9444444444444446
19.1265 	EXP 	slider_2: markerPos = 2.962962962962963
19.1334 	EXP 	slider_2: markerPos = 2.9703703703703703
19.1404 	EXP 	slider_2: markerPos = 2.9703703703703703
19.1474 	EXP 	slider_2: markerPos = 2.985185185185185
19.1543 	EXP 	slider_2: markerPos = 2.992592592592593
19.1612 	EXP 	slider_2: markerPos = 2.992592592592593
19.1681 	EXP 	slider_2: markerPos = 2.992592592592593
19.1751 	EXP 	slider_2: markerPos = 2.992592592592593
19.1820 	EXP 	slider_2: markerPos = 2.992592592592593
19.1890 	EXP 	slider_2: markerPos = 2.992592592592593
19.1959 	EXP 	slider_2: markerPos = 2.992592592592593
19.2028 	EXP 	slider_2: markerPos = 2.992592592592593
19.2098 	EXP 	slider_2: markerPos = 2.992592592592593
19.2168 	EXP 	slider_2: markerPos = 2.992592592592593
19.2237 	EXP 	slider_2: markerPos = 2.992592592592593
19.2306 	EXP 	slider_2: markerPos = 2.992592592592593
19.2376 	EXP 	slider_2: markerPos = 2.992592592592593
19.2444 	EXP 	slider_2: markerPos = 2.992592592592593
19.2515 	EXP 	slider_2: markerPos = 2.992592592592593
19.2584 	EXP 	slider_2: markerPos = 2.992592592592593
19.2654 	EXP 	slider_2: markerPos = 2.992592592592593
19.2723 	EXP 	slider_2: markerPos = 2.992592592592593
19.2793 	EXP 	slider_2: markerPos = 2.992592592592593
19.2862 	EXP 	slider_2: markerPos = 2.992592592592593
19.2931 	EXP 	slider_2: markerPos = 2.992592592592593
19.3002 	EXP 	slider_2: markerPos = 2.992592592592593
19.3069 	EXP 	slider_2: markerPos = 2.992592592592593
19.3139 	EXP 	slider_2: markerPos = 2.992592592592593
19.3209 	EXP 	slider_2: markerPos = 2.992592592592593
19.3278 	EXP 	slider_2: markerPos = 2.992592592592593
19.3348 	EXP 	slider_2: markerPos = 2.992592592592593
19.3418 	EXP 	slider_2: markerPos = 2.992592592592593
19.3487 	EXP 	slider_2: markerPos = 2.992592592592593
19.3556 	EXP 	slider_2: markerPos = 2.992592592592593
19.3627 	EXP 	slider_2: markerPos = 2.992592592592593
19.3695 	EXP 	slider_2: markerPos = 2.992592592592593
19.3764 	EXP 	slider_2: markerPos = 2.992592592592593
19.3834 	EXP 	slider_2: markerPos = 2.992592592592593
19.3903 	EXP 	slider_2: markerPos = 2.992592592592593
19.3974 	EXP 	slider_2: markerPos = 2.992592592592593
19.4043 	EXP 	slider_2: markerPos = 2.992592592592593
19.4112 	EXP 	slider_2: markerPos = 2.992592592592593
19.4181 	EXP 	slider_2: markerPos = 2.992592592592593
19.4250 	EXP 	slider_2: markerPos = 2.992592592592593
19.4321 	EXP 	slider_2: markerPos = 2.992592592592593
19.4390 	EXP 	slider_2: markerPos = 2.992592592592593
19.4459 	EXP 	slider_2: markerPos = 2.992592592592593
19.4529 	EXP 	slider_2: markerPos = 2.992592592592593
19.4598 	EXP 	slider_2: markerPos = 2.992592592592593
19.4668 	EXP 	slider_2: markerPos = 2.992592592592593
19.4737 	EXP 	slider_2: markerPos = 2.992592592592593
19.4807 	EXP 	slider_2: markerPos = 2.992592592592593
19.4875 	EXP 	slider_2: markerPos = 2.992592592592593
19.4944 	EXP 	slider_2: markerPos = 2.992592592592593
19.5014 	EXP 	slider_2: markerPos = 2.992592592592593
19.5085 	EXP 	slider_2: markerPos = 2.992592592592593
19.5154 	EXP 	slider_2: markerPos = 2.992592592592593
19.5224 	EXP 	slider_2: markerPos = 2.992592592592593
19.5293 	EXP 	slider_2: markerPos = 2.992592592592593
19.5362 	EXP 	slider_2: markerPos = 2.992592592592593
19.5432 	EXP 	slider_2: markerPos = 2.992592592592593
19.5501 	EXP 	slider_2: markerPos = 2.992592592592593
19.5570 	EXP 	slider_2: markerPos = 2.992592592592593
19.5640 	EXP 	slider_2: markerPos = 2.992592592592593
19.5709 	EXP 	slider_2: markerPos = 2.992592592592593
19.5777 	EXP 	slider_2: markerPos = 2.992592592592593
19.5848 	EXP 	slider_2: markerPos = 2.992592592592593
19.5917 	EXP 	slider_2: markerPos = 2.992592592592593
19.5987 	EXP 	slider_2: markerPos = 2.992592592592593
19.6056 	EXP 	slider_2: markerPos = 2.992592592592593
19.6126 	EXP 	slider_2: markerPos = 2.992592592592593
19.6195 	EXP 	slider_2: markerPos = 2.992592592592593
19.6265 	EXP 	slider_2: markerPos = 2.992592592592593
19.6334 	EXP 	slider_2: markerPos = 2.992592592592593
19.6406 	EXP 	slider_2: markerPos = 2.992592592592593
19.6483 	EXP 	slider_2: markerPos = 2.992592592592593
19.6562 	EXP 	slider_2: markerPos = 2.992592592592593
19.6638 	EXP 	slider_2: markerPos = 2.992592592592593
19.6722 	EXP 	slider_2: markerPos = 2.992592592592593
19.6799 	EXP 	slider_2: markerPos = 2.992592592592593
19.6862 	EXP 	slider_2: markerPos = 2.992592592592593
19.6920 	EXP 	slider_2: markerPos = 2.992592592592593
19.6982 	EXP 	slider_2: markerPos = 2.992592592592593
19.7042 	EXP 	slider_2: markerPos = 2.992592592592593
19.7121 	EXP 	slider_2: markerPos = 2.992592592592593
19.7198 	EXP 	slider_2: markerPos = 2.992592592592593
19.7266 	EXP 	slider_2: markerPos = 2.992592592592593
19.7338 	EXP 	slider_2: markerPos = 2.992592592592593
19.7410 	EXP 	slider_2: markerPos = 2.992592592592593
19.7487 	EXP 	slider_2: markerPos = 2.992592592592593
19.7555 	EXP 	slider_2: markerPos = 2.992592592592593
19.7619 	EXP 	slider_2: markerPos = 2.992592592592593
19.7686 	EXP 	slider_2: markerPos = 2.992592592592593
19.7759 	EXP 	slider_2: markerPos = 2.992592592592593
19.7832 	EXP 	slider_2: markerPos = 2.992592592592593
19.7901 	EXP 	slider_2: markerPos = 2.992592592592593
19.7965 	EXP 	slider_2: markerPos = 2.992592592592593
19.8039 	EXP 	slider_2: markerPos = 2.992592592592593
19.8098 	EXP 	slider_2: markerPos = 2.992592592592593
19.8168 	EXP 	slider_2: markerPos = 2.992592592592593
19.8222 	EXP 	slider_2: markerPos = 2.992592592592593
19.8277 	EXP 	slider_2: markerPos = 2.992592592592593
19.8347 	EXP 	slider_2: markerPos = 2.992592592592593
19.8417 	EXP 	slider_2: markerPos = 2.992592592592593
19.8486 	EXP 	slider_2: markerPos = 2.992592592592593
19.8556 	EXP 	slider_2: markerPos = 2.992592592592593
19.8625 	EXP 	slider_2: markerPos = 2.992592592592593
19.8694 	EXP 	slider_2: markerPos = 2.992592592592593
19.8764 	EXP 	slider_2: markerPos = 2.992592592592593
19.8833 	EXP 	slider_2: markerPos = 2.992592592592593
19.8902 	EXP 	slider_2: markerPos = 2.992592592592593
19.8972 	EXP 	slider_2: markerPos = 2.992592592592593
19.9042 	EXP 	slider_2: markerPos = 2.992592592592593
19.9113 	EXP 	slider_2: markerPos = 2.992592592592593
19.9181 	EXP 	slider_2: markerPos = 2.992592592592593
19.9250 	EXP 	slider_2: markerPos = 2.992592592592593
19.9319 	EXP 	slider_2: markerPos = 2.992592592592593
19.9391 	EXP 	slider_2: markerPos = 2.992592592592593
19.9459 	EXP 	slider_2: markerPos = 2.992592592592593
19.9527 	EXP 	slider_2: markerPos = 2.992592592592593
19.9598 	EXP 	slider_2: markerPos = 2.992592592592593
19.9667 	EXP 	slider_2: markerPos = 2.992592592592593
19.9737 	EXP 	slider_2: markerPos = 2.992592592592593
19.9807 	EXP 	slider_2: markerPos = 2.992592592592593
19.9876 	EXP 	slider_2: markerPos = 2.992592592592593
19.9944 	EXP 	slider_2: markerPos = 2.992592592592593
20.0014 	EXP 	slider_2: markerPos = 2.992592592592593
20.0083 	EXP 	slider_2: markerPos = 2.992592592592593
20.0154 	EXP 	slider_2: markerPos = 2.992592592592593
20.0223 	EXP 	slider_2: markerPos = 2.992592592592593
20.0292 	EXP 	slider_2: markerPos = 2.992592592592593
20.0362 	EXP 	slider_2: markerPos = 2.992592592592593
20.0432 	EXP 	slider_2: markerPos = 2.992592592592593
20.0501 	EXP 	slider_2: markerPos = 2.992592592592593
20.0570 	EXP 	slider_2: markerPos = 2.992592592592593
20.0640 	EXP 	slider_2: markerPos = 2.992592592592593
20.0710 	EXP 	slider_2: markerPos = 2.992592592592593
20.0781 	EXP 	slider_2: markerPos = 2.992592592592593
20.0848 	EXP 	slider_2: markerPos = 2.992592592592593
20.0917 	EXP 	slider_2: markerPos = 2.992592592592593
20.0987 	EXP 	slider_2: markerPos = 2.992592592592593
20.1056 	EXP 	slider_2: markerPos = 2.992592592592593
20.1126 	EXP 	slider_2: markerPos = 2.992592592592593
20.1195 	EXP 	slider_2: markerPos = 2.992592592592593
20.1264 	EXP 	slider_2: markerPos = 2.992592592592593
20.1334 	EXP 	slider_2: markerPos = 2.992592592592593
20.1405 	EXP 	slider_2: markerPos = 2.992592592592593
20.1474 	EXP 	slider_2: markerPos = 2.992592592592593
20.1543 	EXP 	slider_2: markerPos = 2.992592592592593
20.1613 	EXP 	slider_2: markerPos = 2.992592592592593
20.1683 	EXP 	slider_2: markerPos = 2.992592592592593
20.1752 	EXP 	slider_2: markerPos = 2.992592592592593
20.1821 	EXP 	slider_2: markerPos = 2.992592592592593
20.1890 	EXP 	slider_2: markerPos = 2.992592592592593
20.1959 	EXP 	slider_2: markerPos = 2.992592592592593
20.2029 	EXP 	slider_2: markerPos = 2.992592592592593
20.2098 	EXP 	slider_2: markerPos = 2.992592592592593
20.2167 	EXP 	slider_2: markerPos = 2.992592592592593
20.2236 	EXP 	slider_2: markerPos = 2.992592592592593
20.2306 	EXP 	slider_2: markerPos = 2.992592592592593
20.2375 	EXP 	slider_2: markerPos = 2.992592592592593
20.2446 	EXP 	slider_2: markerPos = 2.992592592592593
20.2515 	EXP 	slider_2: markerPos = 2.992592592592593
20.2584 	EXP 	slider_2: markerPos = 2.992592592592593
20.2653 	EXP 	slider_2: markerPos = 2.992592592592593
20.2723 	EXP 	slider_2: markerPos = 2.992592592592593
20.2793 	EXP 	slider_2: markerPos = 2.992592592592593
20.2862 	EXP 	slider_2: markerPos = 2.992592592592593
20.2932 	EXP 	slider_2: markerPos = 2.992592592592593
20.3001 	EXP 	slider_2: markerPos = 2.992592592592593
20.3070 	EXP 	slider_2: markerPos = 2.992592592592593
20.3140 	EXP 	slider_2: markerPos = 2.992592592592593
20.3209 	EXP 	slider_2: markerPos = 2.992592592592593
20.3277 	EXP 	slider_2: markerPos = 2.992592592592593
20.3348 	EXP 	slider_2: markerPos = 2.992592592592593
20.3417 	EXP 	slider_2: markerPos = 2.992592592592593
20.3487 	EXP 	slider_2: markerPos = 2.992592592592593
20.3558 	EXP 	slider_2: markerPos = 2.992592592592593
20.3626 	EXP 	slider_2: markerPos = 2.992592592592593
20.3695 	EXP 	slider_2: markerPos = 2.992592592592593
20.3765 	EXP 	slider_2: markerPos = 2.992592592592593
20.3833 	EXP 	slider_2: markerPos = 2.992592592592593
20.3903 	EXP 	slider_2: markerPos = 2.992592592592593
20.3973 	EXP 	slider_2: markerPos = 2.992592592592593
20.4043 	EXP 	slider_2: markerPos = 2.992592592592593
20.4112 	EXP 	slider_2: markerPos = 2.992592592592593
20.4181 	EXP 	slider_2: markerPos = 2.992592592592593
20.4251 	EXP 	slider_2: markerPos = 2.992592592592593
20.4320 	EXP 	slider_2: markerPos = 2.992592592592593
20.4390 	EXP 	slider_2: markerPos = 2.992592592592593
20.4459 	EXP 	slider_2: markerPos = 2.992592592592593
20.4528 	EXP 	slider_2: markerPos = 2.992592592592593
20.4598 	EXP 	slider_2: markerPos = 2.992592592592593
20.4667 	EXP 	slider_2: markerPos = 2.992592592592593
20.4737 	EXP 	slider_2: markerPos = 2.992592592592593
20.4807 	EXP 	slider_2: markerPos = 2.992592592592593
20.4876 	EXP 	slider_2: markerPos = 2.992592592592593
20.4945 	EXP 	slider_2: markerPos = 2.992592592592593
20.5016 	EXP 	slider_2: markerPos = 2.992592592592593
20.5084 	EXP 	slider_2: markerPos = 2.992592592592593
20.5153 	EXP 	slider_2: markerPos = 2.992592592592593
20.5223 	EXP 	slider_2: markerPos = 2.992592592592593
20.5292 	EXP 	slider_2: markerPos = 2.992592592592593
20.5362 	EXP 	slider_2: markerPos = 2.992592592592593
20.5431 	EXP 	slider_2: markerPos = 2.992592592592593
20.5501 	EXP 	slider_2: markerPos = 2.992592592592593
20.5571 	EXP 	slider_2: markerPos = 2.992592592592593
20.5642 	EXP 	slider_2: markerPos = 2.992592592592593
20.5709 	EXP 	slider_2: markerPos = 2.988888888888889
20.5779 	EXP 	slider_2: markerPos = 2.9814814814814814
20.5848 	EXP 	slider_2: markerPos = 2.974074074074074
20.5919 	EXP 	slider_2: markerPos = 2.966666666666667
20.5987 	EXP 	slider_2: markerPos = 2.9555555555555557
20.6056 	EXP 	slider_2: markerPos = 2.9555555555555557
20.6126 	EXP 	slider_2: markerPos = 2.948148148148148
20.6196 	EXP 	slider_2: markerPos = 2.9407407407407407
20.6264 	EXP 	slider_2: markerPos = 2.937037037037037
20.6334 	EXP 	slider_2: markerPos = 2.9296296296296296
20.6403 	EXP 	slider_2: markerPos = 2.9296296296296296
20.6473 	EXP 	slider_2: markerPos = 2.9296296296296296
20.6542 	EXP 	slider_2: markerPos = 2.9296296296296296
20.6611 	EXP 	slider_2: markerPos = 2.9296296296296296
20.6681 	EXP 	slider_2: markerPos = 2.9296296296296296
20.6753 	EXP 	slider_2: markerPos = 2.9296296296296296
20.6821 	EXP 	slider_2: markerPos = 2.9296296296296296
20.6889 	EXP 	slider_2: markerPos = 2.9296296296296296
20.6959 	EXP 	slider_2: markerPos = 2.9296296296296296
20.7029 	EXP 	slider_2: markerPos = 2.9296296296296296
20.7099 	EXP 	slider_2: markerPos = 2.9296296296296296
20.7167 	EXP 	slider_2: markerPos = 2.9296296296296296
20.7237 	EXP 	slider_2: markerPos = 2.9296296296296296
20.7306 	EXP 	slider_2: markerPos = 2.9296296296296296
20.7376 	EXP 	slider_2: markerPos = 2.9296296296296296
20.7445 	EXP 	slider_2: markerPos = 2.9296296296296296
20.7514 	EXP 	slider_2: markerPos = 2.9296296296296296
20.7583 	EXP 	slider_2: markerPos = 2.9296296296296296
20.7653 	EXP 	slider_2: markerPos = 2.9296296296296296
20.7723 	EXP 	slider_2: markerPos = 2.9333333333333336
20.7792 	EXP 	slider_2: markerPos = 2.9333333333333336
20.7864 	EXP 	slider_2: markerPos = 2.9333333333333336
20.7934 	EXP 	slider_2: markerPos = 2.9333333333333336
20.8001 	EXP 	slider_2: markerPos = 2.937037037037037
20.8070 	EXP 	slider_2: markerPos = 2.937037037037037
20.8142 	EXP 	slider_2: markerPos = 2.937037037037037
20.8210 	EXP 	slider_2: markerPos = 2.937037037037037
20.8280 	EXP 	slider_2: markerPos = 2.937037037037037
20.8350 	EXP 	slider_2: markerPos = 2.937037037037037
20.8419 	EXP 	slider_2: markerPos = 2.937037037037037
20.8487 	EXP 	slider_2: markerPos = 2.937037037037037
20.8557 	EXP 	slider_2: markerPos = 2.937037037037037
20.8626 	EXP 	slider_2: markerPos = 2.937037037037037
20.8694 	EXP 	slider_2: markerPos = 2.937037037037037
20.8764 	EXP 	slider_2: markerPos = 2.937037037037037
20.8834 	EXP 	slider_2: markerPos = 2.937037037037037
20.8903 	EXP 	slider_2: markerPos = 2.937037037037037
20.8973 	EXP 	slider_2: markerPos = 2.937037037037037
20.9043 	EXP 	slider_2: markerPos = 2.937037037037037
20.9112 	EXP 	slider_2: markerPos = 2.937037037037037
20.9182 	EXP 	slider_2: markerPos = 2.937037037037037
20.9251 	EXP 	slider_2: markerPos = 2.937037037037037
20.9320 	EXP 	slider_2: markerPos = 2.937037037037037
20.9390 	EXP 	slider_2: markerPos = 2.937037037037037
20.9459 	EXP 	slider_2: markerPos = 2.937037037037037
20.9528 	EXP 	slider_2: markerPos = 2.937037037037037
20.9598 	EXP 	slider_2: markerPos = 2.937037037037037
20.9668 	EXP 	slider_2: markerPos = 2.937037037037037
20.9736 	EXP 	slider_2: markerPos = 2.937037037037037
20.9806 	EXP 	slider_2: markerPos = 2.937037037037037
20.9876 	EXP 	slider_2: markerPos = 2.937037037037037
20.9945 	EXP 	slider_2: markerPos = 2.937037037037037
21.0014 	EXP 	slider_2: markerPos = 2.937037037037037
21.0084 	EXP 	slider_2: markerPos = 2.937037037037037
21.0154 	EXP 	slider_2: markerPos = 2.937037037037037
21.0223 	EXP 	slider_2: markerPos = 2.937037037037037
21.0292 	EXP 	slider_2: markerPos = 2.937037037037037
21.0362 	EXP 	slider_2: markerPos = 2.937037037037037
21.0432 	EXP 	slider_2: markerPos = 2.937037037037037
21.0501 	EXP 	slider_2: markerPos = 2.937037037037037
21.0570 	EXP 	slider_2: markerPos = 2.9444444444444446
21.0640 	EXP 	slider_2: markerPos = 2.9444444444444446
21.0709 	EXP 	slider_2: markerPos = 2.9444444444444446
21.0779 	EXP 	slider_2: markerPos = 2.948148148148148
21.0848 	EXP 	slider_2: markerPos = 2.9555555555555557
21.0916 	EXP 	slider_2: markerPos = 2.9555555555555557
21.0986 	EXP 	slider_2: markerPos = 2.966666666666667
21.1056 	EXP 	slider_2: markerPos = 2.966666666666667
21.1126 	EXP 	slider_2: markerPos = 2.9703703703703703
21.1196 	EXP 	slider_2: markerPos = 2.9703703703703703
21.1265 	EXP 	slider_2: markerPos = 2.974074074074074
21.1335 	EXP 	slider_2: markerPos = 2.974074074074074
21.1404 	EXP 	slider_2: markerPos = 2.974074074074074
21.1473 	EXP 	slider_2: markerPos = 2.974074074074074
21.1545 	EXP 	slider_2: markerPos = 2.974074074074074
21.1612 	EXP 	slider_2: markerPos = 2.974074074074074
21.1681 	EXP 	slider_2: markerPos = 2.974074074074074
21.1752 	EXP 	slider_2: markerPos = 2.974074074074074
21.1820 	EXP 	slider_2: markerPos = 2.974074074074074
21.1890 	EXP 	slider_2: markerPos = 2.974074074074074
21.1959 	EXP 	slider_2: markerPos = 2.974074074074074
21.2029 	EXP 	slider_2: markerPos = 2.974074074074074
21.2098 	EXP 	slider_2: markerPos = 2.974074074074074
21.2166 	EXP 	slider_2: markerPos = 2.974074074074074
21.2236 	EXP 	slider_2: markerPos = 2.974074074074074
21.2307 	EXP 	slider_2: markerPos = 2.974074074074074
21.2376 	EXP 	slider_2: markerPos = 2.974074074074074
21.2446 	EXP 	slider_2: markerPos = 2.966666666666667
21.2515 	EXP 	slider_2: markerPos = 2.9592592592592593
21.2584 	EXP 	slider_2: markerPos = 2.9592592592592593
21.2653 	EXP 	slider_2: markerPos = 2.9555555555555557
21.2723 	EXP 	slider_2: markerPos = 2.9518518518518517
21.2791 	EXP 	slider_2: markerPos = 2.948148148148148
21.2861 	EXP 	slider_2: markerPos = 2.948148148148148
21.2931 	EXP 	slider_2: markerPos = 2.948148148148148
21.3001 	EXP 	slider_2: markerPos = 2.948148148148148
21.3070 	EXP 	slider_2: markerPos = 2.948148148148148
21.3139 	EXP 	slider_2: markerPos = 2.948148148148148
21.3209 	EXP 	slider_2: markerPos = 2.948148148148148
21.3279 	EXP 	slider_2: markerPos = 2.948148148148148
21.3347 	EXP 	slider_2: markerPos = 2.948148148148148
21.3417 	EXP 	slider_2: markerPos = 2.948148148148148
21.3486 	EXP 	slider_2: markerPos = 2.948148148148148
21.3556 	EXP 	slider_2: markerPos = 2.948148148148148
21.3625 	EXP 	slider_2: markerPos = 2.948148148148148
21.3695 	EXP 	slider_2: markerPos = 2.948148148148148
21.3765 	EXP 	slider_2: markerPos = 2.948148148148148
21.3834 	EXP 	slider_2: markerPos = 2.948148148148148
21.3903 	EXP 	slider_2: markerPos = 2.948148148148148
21.3973 	EXP 	slider_2: markerPos = 2.948148148148148
21.4043 	EXP 	slider_2: markerPos = 2.948148148148148
21.4112 	EXP 	slider_2: markerPos = 2.948148148148148
21.4180 	EXP 	slider_2: markerPos = 2.948148148148148
21.4251 	EXP 	slider_2: markerPos = 2.948148148148148
21.4256 	DATA 	Mouse:  Left button up, pos=(946,522)
21.4320 	EXP 	slider_2: markerPos = 2.948148148148148
22.2454 	DATA 	Keypress: escape
23.9259 	EXP 	window1: mouseVisible = True
23.9260 	DEBUG 	Saving data for FaceAttractiveness ExperimentHandler
23.9275 	INFO 	saved data to C:\Users\annak\Documents\GitHub\faceattractiveness_lesion\data/_FaceAttractiveness_2023-04-05_15h24.49.111.psydat
23.9281 	INFO 	saved data to 'C:\\Users\\annak\\Documents\\GitHub\\faceattractiveness_lesion\\data/_FaceAttractiveness_2023-04-05_15h24.49.111.csv'
