3.9172 	INFO 	Loaded monitor calibration from ['2021_12_01 18:33']
3.9241 	WARNING 	User requested fullscreen with size [1536  864], but screen is actually [1920, 1080]. Using actual size
5.2766 	EXP 	Created window1 = Window(allowGUI=True, allowStencil=False, autoLog=True, backendConf=UNKNOWN, bitsMode=UNKNOWN, blendMode='avg', bpc=(8, 8, 8), color=array([0.09803922, 0.09803922, 0.09803922]), colorSpace='rgb', depthBits=8, fullscr=<method-wrapper '__getattribute__' of attributeSetter object at 0x000001B668AD8F10>, gamma=None, gammaErrorPolicy='raise', lms=UNKNOWN, monitor=<psychopy.monitors.calibTools.Monitor object at 0x000001B66C4D13D0>, multiSample=False, name='window1', numSamples=2, pos=(0, 0), screen=0, size=array([1920, 1080]), stencilBits=0, stereo=False, units='height', useFBO=True, useRetina=False, viewOri=0.0, viewPos=None, viewScale=None, waitBlanking=True, winType='pyglet')
5.2767 	EXP 	window1: mouseVisible = True
5.2768 	EXP 	window1: mouseVisible = False
5.2768 	EXP 	window1: Attempting to measure frame rate of screen (0) ...
5.2768 	EXP 	window1: recordFrameIntervals = False
5.3525 	EXP 	window1: recordFrameIntervals = True
5.4290 	EXP 	Screen (0) actual frame rate measured at 143.79Hz
5.4291 	EXP 	window1: recordFrameIntervals = False
7.0359 	INFO 	keyboard.Keyboard is using iohub backend.
7.1070 	EXP 	Created ques_instr = TextStim(__class__=<class 'psychopy.visual.text.TextStim'>, alignHoriz=method-wrapper(...), alignText='center', alignVert=method-wrapper(...), anchorHoriz='center', anchorVert='center', antialias=True, autoDraw=False, autoLog=True, bold=False, color=array([1, 1, 1]), colorSpace='rgb', contrast=1.0, depth=0.0, flipHoriz=False, flipVert=False, font='Arial', fontFiles=[], height=0.04, italic=False, languageStyle='LTR', name='ques_instr', opacity=1.0, ori=0.0, pos=array([0., 0.]), rgb=UNKNOWN, text=str(...), units='height', win=Window(...), wrapWidth=1)
7.1073 	EXP 	window1: mouseVisible = True
7.1107 	EXP 	window1: mouseVisible = True
7.1345 	DEBUG 	TextBox2 loaded 1 chars with 0 blanks and 1 valid
7.1364 	DEBUG 	TextBox2 loaded 1 chars with 0 blanks and 1 valid
7.1380 	DEBUG 	TextBox2 loaded 1 chars with 0 blanks and 1 valid
7.1399 	DEBUG 	TextBox2 loaded 1 chars with 0 blanks and 1 valid
7.1413 	DEBUG 	TextBox2 loaded 1 chars with 0 blanks and 1 valid
7.1428 	DEBUG 	TextBox2 loaded 1 chars with 0 blanks and 1 valid
7.1446 	DEBUG 	TextBox2 loaded 1 chars with 0 blanks and 1 valid
7.1465 	DEBUG 	TextBox2 loaded 1 chars with 0 blanks and 1 valid
7.1482 	DEBUG 	TextBox2 loaded 1 chars with 0 blanks and 1 valid
7.1499 	DEBUG 	TextBox2 loaded 1 chars with 0 blanks and 1 valid
7.1515 	DEBUG 	TextBox2 loaded 1 chars with 0 blanks and 1 valid
7.1531 	DEBUG 	TextBox2 loaded 1 chars with 0 blanks and 1 valid
7.1533 	DEBUG 	Uploading Texture Font fontname to graphics card
7.1596 	DEBUG 	Upload of Texture Font fontname complete
7.1758 	DEBUG 	TextBox2 loaded 1 chars with 0 blanks and 1 valid
7.1761 	DEBUG 	Uploading Texture Font fontname to graphics card
7.1805 	DEBUG 	Upload of Texture Font fontname complete
7.1968 	DEBUG 	TextBox2 loaded 1 chars with 0 blanks and 1 valid
7.1988 	DEBUG 	TextBox2 loaded 1 chars with 0 blanks and 1 valid
7.2006 	DEBUG 	TextBox2 loaded 1 chars with 0 blanks and 1 valid
7.2025 	DEBUG 	TextBox2 loaded 1 chars with 0 blanks and 1 valid
7.2041 	DEBUG 	TextBox2 loaded 1 chars with 0 blanks and 1 valid
7.2060 	DEBUG 	TextBox2 loaded 1 chars with 0 blanks and 1 valid
7.2062 	DEBUG 	Uploading Texture Font fontname to graphics card
7.2105 	DEBUG 	Upload of Texture Font fontname complete
7.2269 	DEBUG 	TextBox2 loaded 1 chars with 0 blanks and 1 valid
7.2271 	DEBUG 	Uploading Texture Font fontname to graphics card
7.2315 	DEBUG 	Upload of Texture Font fontname complete
7.2477 	DEBUG 	TextBox2 loaded 1 chars with 0 blanks and 1 valid
7.2497 	DEBUG 	TextBox2 loaded 1 chars with 0 blanks and 1 valid
7.2499 	DEBUG 	Uploading Texture Font fontname to graphics card
7.2540 	DEBUG 	Upload of Texture Font fontname complete
7.2657 	EXP 	Created slider_rad_therapy = Slider(__class__=<class 'psychopy.visual.slider.Slider'>, autoDraw=False, autoLog=True, borderColor=None, color=None, colorSpace='rgb', depth=0, fillColor=None, flip=False, font='Arial', granularity=0.0, labelColor=None, labelHeight=0.03, labelWrapWidth=None, labels=tuple(...), lineColor=None, markerColor=None, name='slider_rad_therapy', opacity=None, ori=0.0, pos=array([0. , 0.1]), readOnly=False, self=UNKNOWN, size=array([1. , 0.1]), startValue=3, style='rating', styleTweaks=['labels45'], ticks=array([1, 2, 3, 4, 5]), units='height', win=Window(...))
7.2764 	EXP 	Created text_rad_therapy = TextStim(__class__=<class 'psychopy.visual.text.TextStim'>, alignHoriz=method-wrapper(...), alignText='center', alignVert=method-wrapper(...), anchorHoriz='center', anchorVert='center', antialias=True, autoDraw=False, autoLog=True, bold=False, color=array([1, 1, 1]), colorSpace='rgb', contrast=1.0, depth=-1.0, flipHoriz=False, flipVert=False, font='Open Sans', fontFiles=[], height=0.04, italic=False, languageStyle='LTR', name='text_rad_therapy', opacity=1.0, ori=0.0, pos=array([0. , 0.3]), rgb=UNKNOWN, text=str(...), units='height', win=Window(...), wrapWidth=1)
7.2777 	EXP 	window1: mouseVisible = True
7.3605 	EXP 	Created slider_surgery = Slider(__class__=<class 'psychopy.visual.slider.Slider'>, autoDraw=False, autoLog=True, borderColor=None, color=None, colorSpace='rgb', depth=-2, fillColor=None, flip=False, font='Arial', granularity=0.0, labelColor=None, labelHeight=0.03, labelWrapWidth=None, labels=tuple(...), lineColor=None, markerColor=None, name='slider_surgery', opacity=None, ori=0.0, pos=array([ 0. , -0.3]), readOnly=False, self=UNKNOWN, size=array([1. , 0.1]), startValue=3, style='rating', styleTweaks=['labels45'], ticks=array([1, 2, 3, 4, 5]), units='height', win=Window(...))
7.3651 	EXP 	Created text_surgery = TextStim(__class__=<class 'psychopy.visual.text.TextStim'>, alignHoriz=method-wrapper(...), alignText='center', alignVert=method-wrapper(...), anchorHoriz='center', anchorVert='center', antialias=True, autoDraw=False, autoLog=True, bold=False, color=array([1, 1, 1]), colorSpace='rgb', contrast=1.0, depth=-3.0, flipHoriz=False, flipVert=False, font='Open Sans', fontFiles=[], height=0.04, italic=False, languageStyle='LTR', name='text_surgery', opacity=1.0, ori=0.0, pos=array([ 0. , -0.1]), rgb=UNKNOWN, text=str(...), units='height', win=Window(...), wrapWidth=1)
7.3752 	EXP 	Created image = ImageStim(__class__=<class 'psychopy.visual.image.ImageStim'>, anchor=('center', 'center'), autoLog=True, color=array([1, 1, 1]), colorSpace='rgb', contrast=1.0, depth=-4.0, flipHoriz=False, flipVert=False, image='Picture1-eng.png', interpolate=True, mask=None, maskParams=None, name='image', opacity=1.0, ori=0.0, pos=array([ 0.7, -0.4]), size=array([0.2, 0.1]), texRes=128.0, units='height', win=Window(...))
7.3753 	EXP 	window1: mouseVisible = True
7.3761 	EXP 	Created instrBlock = TextStim(__class__=<class 'psychopy.visual.text.TextStim'>, alignHoriz=method-wrapper(...), alignText='center', alignVert=method-wrapper(...), anchorHoriz='center', anchorVert='center', antialias=True, autoDraw=False, autoLog=True, bold=False, color=array([1, 1, 1]), colorSpace='rgb', contrast=1.0, depth=0.0, flipHoriz=False, flipVert=False, font='Arial', fontFiles=[], height=0.05, italic=False, languageStyle='LTR', name='instrBlock', opacity=1.0, ori=0.0, pos=array([0., 0.]), rgb=UNKNOWN, text='', units='height', win=Window(...), wrapWidth=1)
7.3761 	EXP 	window1: mouseVisible = True
7.3791 	EXP 	Created face_image_q = ImageStim(__class__=<class 'psychopy.visual.image.ImageStim'>, anchor=('center', 'center'), autoLog=True, color=array([1, 1, 1]), colorSpace='rgb', contrast=1.0, depth=-1.0, flipHoriz=False, flipVert=False, image='sin', interpolate=True, mask=None, maskParams=None, name='face_image_q', opacity=1.0, ori=0.0, pos=array([0. , 0.3]), size=array([0.88888889, 0.5       ]), texRes=128.0, units='height', win=Window(...))
7.3802 	EXP 	window1: mouseVisible = True
7.3963 	DEBUG 	TextBox2 loaded 1 chars with 0 blanks and 1 valid
7.3972 	DEBUG 	TextBox2 loaded 1 chars with 0 blanks and 1 valid
7.3981 	DEBUG 	TextBox2 loaded 1 chars with 0 blanks and 1 valid
7.3988 	DEBUG 	TextBox2 loaded 1 chars with 0 blanks and 1 valid
7.3995 	DEBUG 	TextBox2 loaded 1 chars with 0 blanks and 1 valid
7.4001 	DEBUG 	TextBox2 loaded 1 chars with 0 blanks and 1 valid
7.4009 	DEBUG 	TextBox2 loaded 1 chars with 0 blanks and 1 valid
7.4017 	DEBUG 	TextBox2 loaded 1 chars with 0 blanks and 1 valid
7.4025 	DEBUG 	TextBox2 loaded 1 chars with 0 blanks and 1 valid
7.4033 	DEBUG 	TextBox2 loaded 1 chars with 0 blanks and 1 valid
7.4041 	DEBUG 	TextBox2 loaded 1 chars with 0 blanks and 1 valid
7.4049 	DEBUG 	TextBox2 loaded 1 chars with 0 blanks and 1 valid
7.4057 	DEBUG 	TextBox2 loaded 1 chars with 0 blanks and 1 valid
7.4058 	DEBUG 	Uploading Texture Font fontname to graphics card
7.4074 	DEBUG 	Upload of Texture Font fontname complete
7.4220 	DEBUG 	TextBox2 loaded 1 chars with 0 blanks and 1 valid
7.4228 	DEBUG 	TextBox2 loaded 1 chars with 0 blanks and 1 valid
7.4235 	DEBUG 	TextBox2 loaded 1 chars with 0 blanks and 1 valid
7.4238 	DEBUG 	Uploading Texture Font fontname to graphics card
7.4242 	DEBUG 	Upload of Texture Font fontname complete
7.4384 	DEBUG 	TextBox2 loaded 1 chars with 0 blanks and 1 valid
7.4392 	DEBUG 	TextBox2 loaded 1 chars with 0 blanks and 1 valid
7.4399 	DEBUG 	TextBox2 loaded 1 chars with 0 blanks and 1 valid
7.4407 	DEBUG 	TextBox2 loaded 1 chars with 0 blanks and 1 valid
7.4409 	DEBUG 	Uploading Texture Font fontname to graphics card
7.4413 	DEBUG 	Upload of Texture Font fontname complete
7.4558 	DEBUG 	TextBox2 loaded 1 chars with 0 blanks and 1 valid
7.4567 	DEBUG 	TextBox2 loaded 1 chars with 0 blanks and 1 valid
7.4576 	DEBUG 	TextBox2 loaded 1 chars with 0 blanks and 1 valid
7.4578 	DEBUG 	Uploading Texture Font fontname to graphics card
7.4583 	DEBUG 	Upload of Texture Font fontname complete
7.4726 	DEBUG 	TextBox2 loaded 1 chars with 0 blanks and 1 valid
7.4729 	DEBUG 	Uploading Texture Font fontname to graphics card
7.4735 	DEBUG 	Upload of Texture Font fontname complete
7.4865 	EXP 	Created slider_trustworthy = Slider(__class__=<class 'psychopy.visual.slider.Slider'>, autoDraw=False, autoLog=True, borderColor=None, color=None, colorSpace='rgb', depth=-2, fillColor=None, flip=False, font='Open Sans', granularity=1.0, labelColor=None, labelHeight=0.02, labelWrapWidth=None, labels=tuple(...), lineColor=None, markerColor=None, name='slider_trustworthy', opacity=None, ori=0.0, pos=array([0., 0.]), readOnly=False, self=UNKNOWN, size=array([1.   , 0.025]), startValue=None, style='radio', styleTweaks=['labels45'], ticks=array([1, 2, 3, 4, 5]), units='height', win=Window(...))
7.4995 	EXP 	Created text_trustworthy = TextStim(__class__=<class 'psychopy.visual.text.TextStim'>, alignHoriz=method-wrapper(...), alignText='center', alignVert=method-wrapper(...), anchorHoriz='center', anchorVert='center', antialias=True, autoDraw=False, autoLog=True, bold=False, color=array([1, 1, 1]), colorSpace='rgb', contrast=1.0, depth=-3.0, flipHoriz=False, flipVert=False, font='Open Sans', fontFiles=[], height=0.03, italic=False, languageStyle='LTR', name='text_trustworthy', opacity=1.0, ori=0.0, pos=array([0.  , 0.05]), rgb=UNKNOWN, text=str(...), units='height', win=Window(...), wrapWidth=1)
7.5008 	EXP 	window1: mouseVisible = True
7.5859 	EXP 	Created slider_aggressive = Slider(__class__=<class 'psychopy.visual.slider.Slider'>, autoDraw=False, autoLog=True, borderColor=None, color=None, colorSpace='rgb', depth=-4, fillColor=None, flip=False, font='Open Sans', granularity=1.0, labelColor=None, labelHeight=0.02, labelWrapWidth=None, labels=tuple(...), lineColor=None, markerColor=None, name='slider_aggressive', opacity=None, ori=0.0, pos=array([ 0.  , -0.25]), readOnly=False, self=UNKNOWN, size=array([1.   , 0.025]), startValue=None, style='radio', styleTweaks=[], ticks=array([1, 2, 3, 4, 5]), units='height', win=Window(...))
7.5897 	EXP 	Created text_aggressive = TextStim(__class__=<class 'psychopy.visual.text.TextStim'>, alignHoriz=method-wrapper(...), alignText='center', alignVert=method-wrapper(...), anchorHoriz='center', anchorVert='center', antialias=True, autoDraw=False, autoLog=True, bold=False, color=array([1, 1, 1]), colorSpace='rgb', contrast=1.0, depth=-5.0, flipHoriz=False, flipVert=False, font='Open Sans', fontFiles=[], height=0.03, italic=False, languageStyle='LTR', name='text_aggressive', opacity=1.0, ori=0.0, pos=array([ 0.  , -0.15]), rgb=UNKNOWN, text=str(...), units='height', win=Window(...), wrapWidth=1)
7.5898 	EXP 	window1: mouseVisible = True
7.5959 	EXP 	Created Confirm = ImageStim(__class__=<class 'psychopy.visual.image.ImageStim'>, anchor=('center', 'center'), autoLog=True, color=array([1, 1, 1]), colorSpace='rgb', contrast=1.0, depth=-7.0, flipHoriz=False, flipVert=False, image='Picture1-eng.png', interpolate=True, mask=None, maskParams=None, name='Confirm', opacity=1.0, ori=0.0, pos=array([ 0. , -0.9]), size=array([0.2, 0.1]), texRes=128.0, units='height', win=Window(...))
7.5972 	EXP 	Created text_2 = TextStim(__class__=<class 'psychopy.visual.text.TextStim'>, alignHoriz=method-wrapper(...), alignText='center', alignVert=method-wrapper(...), anchorHoriz='center', anchorVert='center', antialias=True, autoDraw=False, autoLog=True, bold=False, color=array([1, 1, 1]), colorSpace='rgb', contrast=1.0, depth=-1.0, flipHoriz=False, flipVert=False, font='Open Sans', fontFiles=[], height=0.05, italic=False, languageStyle='LTR', name='text_2', opacity=1.0, ori=0.0, pos=array([0., 0.]), rgb=UNKNOWN, text='', units='height', win=Window(...), wrapWidth=1)
7.6261 	EXP 	Created EndText = TextStim(__class__=<class 'psychopy.visual.text.TextStim'>, alignHoriz=method-wrapper(...), alignText='center', alignVert=method-wrapper(...), anchorHoriz='center', anchorVert='center', antialias=True, autoDraw=False, autoLog=True, bold=False, color=array([-1, -1, -1]), colorSpace='rgb', contrast=1.0, depth=0.0, flipHoriz=False, flipVert=False, font='Arial', fontFiles=[], height=0.03, italic=False, languageStyle='LTR', name='EndText', opacity=1.0, ori=0, pos=array([0., 0.]), rgb=UNKNOWN, text=str(...), units='height', win=Window(...), wrapWidth=1)
7.6262 	EXP 	window1: mouseVisible = True
7.6358 	EXP 	slider_rad_therapy: autoLog = True
7.6358 	EXP 	slider_rad_therapy: markerPos = 3
7.6358 	EXP 	slider_rad_therapy: styleTweaks = []
7.6358 	EXP 	slider_rad_therapy: styleTweaks = []
7.6358 	EXP 	slider_rad_therapy: styleTweaks = ['labels45']
7.6358 	EXP 	slider_rad_therapy: styleTweaks = ['labels45']
7.6358 	EXP 	slider_rad_therapy: contrast = 1.0
7.6358 	EXP 	slider_rad_therapy: autoLog = True
7.6358 	EXP 	slider_surgery: autoLog = True
7.6358 	EXP 	slider_surgery: markerPos = 3
7.6358 	EXP 	slider_surgery: styleTweaks = []
7.6358 	EXP 	slider_surgery: styleTweaks = []
7.6358 	EXP 	slider_surgery: styleTweaks = ['labels45']
7.6358 	EXP 	slider_surgery: styleTweaks = ['labels45']
7.6358 	EXP 	slider_surgery: contrast = 1.0
7.6358 	EXP 	slider_surgery: autoLog = True
7.6358 	EXP 	slider_trustworthy: autoLog = True
7.6358 	EXP 	slider_trustworthy: markerPos = None
7.6358 	EXP 	slider_trustworthy: styleTweaks = []
7.6358 	EXP 	slider_trustworthy: styleTweaks = []
7.6358 	EXP 	slider_trustworthy: styleTweaks = ['labels45']
7.6358 	EXP 	slider_trustworthy: styleTweaks = ['labels45']
7.6358 	EXP 	slider_trustworthy: contrast = 1.0
7.6358 	EXP 	slider_trustworthy: autoLog = True
7.6358 	EXP 	slider_aggressive: autoLog = True
7.6358 	EXP 	slider_aggressive: markerPos = None
7.6358 	EXP 	slider_aggressive: styleTweaks = []
7.6358 	EXP 	slider_aggressive: styleTweaks = []
7.6358 	EXP 	slider_aggressive: styleTweaks = []
7.6358 	EXP 	slider_aggressive: styleTweaks = []
7.6358 	EXP 	slider_aggressive: contrast = 1.0
7.6358 	EXP 	slider_aggressive: autoLog = True
7.6358 	EXP 	ques_instr: autoDraw = True
8.2573 	DATA 	Mouse: Left button down, pos=(786,481)
8.3064 	EXP 	ques_instr: autoDraw = False
8.3064 	EXP 	slider_rad_therapy: markerPos = None
8.3064 	EXP 	slider_rad_therapy: markerPos = 3
8.3064 	EXP 	slider_surgery: markerPos = None
8.3064 	EXP 	slider_surgery: markerPos = 3
8.3064 	EXP 	slider_rad_therapy: autoDraw = True
8.3064 	EXP 	text_rad_therapy: autoDraw = True
8.3064 	EXP 	slider_surgery: autoDraw = True
8.3064 	EXP 	text_surgery: autoDraw = True
8.3064 	EXP 	image: autoDraw = True
8.3791 	DATA 	Mouse:  Left button up, pos=(786,481)
10.5127 	DATA 	Mouse: Left button down, pos=(1678,100)
10.5419 	EXP 	slider_rad_therapy: autoDraw = False
10.5419 	EXP 	text_rad_therapy: autoDraw = False
10.5419 	EXP 	slider_surgery: autoDraw = False
10.5419 	EXP 	text_surgery: autoDraw = False
10.5419 	EXP 	image: autoDraw = False
10.5419 	EXP 	instrBlock: height = 0.05
10.5419 	EXP 	instrBlock: height = 0.05
10.5419 	EXP 	instrBlock: height = 0.05
10.5419 	EXP 	instrBlock: text = 'Each patient below has been diagnosed with a low-risk, non-sclerosing, early-stage basal cell skin cancer. The patients are otherwise in good health. For each face, please indicate how likely you would be to recommend surgery versus radiation in the management of each lesion. \nPlease click anywhere to start'
10.5419 	EXP 	instrBlock: autoDraw = True
10.6046 	DATA 	Mouse:  Left button up, pos=(1678,100)
11.5420 	DATA 	Mouse: Left button down, pos=(949,486)
11.5486 	DEBUG 	Read excel file with openpyxl: faceImages.xlsx
11.5497 	EXP 	Imported faceImages.xlsx as conditions, 95 conditions, 1 params
11.5513 	EXP 	Created sequence: random, trialTypes=95, nReps=1, seed=None
11.5515 	EXP 	New trial (rep=0, index=0): {'faceImages': 'images\\NASALTIP_035_M_F_N_A.png'}
11.5524 	EXP 	New trial (rep=0, index=1): {'faceImages': 'images\\RCHEEK_CFD_BF_214_308_N.png'}
11.5530 	EXP 	New trial (rep=0, index=2): {'faceImages': 'images\\LIP_CFD_WM_212_097_N.png'}
11.5536 	EXP 	New trial (rep=0, index=3): {'faceImages': 'images\\NASALTIP_CFD_AM_233_236_N.png'}
11.5541 	EXP 	New trial (rep=0, index=4): {'faceImages': 'images\\LCHEEK_CFD_WF_250_167_N.png'}
11.5546 	EXP 	New trial (rep=0, index=5): {'faceImages': 'images\\LIP_CFD_WF_002_004_N.png'}
11.5550 	EXP 	New trial (rep=0, index=6): {'faceImages': 'images\\RCHEEK_CFD_AF_245_143_N.png'}
11.5556 	EXP 	New trial (rep=0, index=7): {'faceImages': 'images\\LCHEEK_CFD_BF_224_002_N.png'}
11.5560 	EXP 	New trial (rep=0, index=8): {'faceImages': 'images\\NASALTIP_CFD_LF_224_176_N.png'}
11.5565 	EXP 	New trial (rep=0, index=9): {'faceImages': 'images\\FOREHEAD_035_M_F_N_A.png'}
11.5569 	EXP 	New trial (rep=0, index=10): {'faceImages': 'images\\RCHEEK_006_M_F_N_A.png'}
11.5572 	EXP 	New trial (rep=0, index=11): {'faceImages': 'images\\RCHEEK_CFD_AM_233_236_N.png'}
11.5575 	EXP 	New trial (rep=0, index=12): {'faceImages': 'images\\NASALTIP_006_M_F_N_A.png'}
11.5578 	EXP 	New trial (rep=0, index=13): {'faceImages': 'images\\LCHEEK_CFD_AM_233_236_N.png'}
11.5580 	EXP 	New trial (rep=0, index=14): {'faceImages': 'images\\RCHEEK_CFD_LM_203_026_N.png'}
11.5583 	EXP 	New trial (rep=0, index=15): {'faceImages': 'images\\NASALTIP_136_M_M_N_A.png'}
11.5585 	EXP 	New trial (rep=0, index=16): {'faceImages': 'images\\FOREHEAD_CFD_LM_203_026_N.png'}
11.5588 	EXP 	New trial (rep=0, index=17): {'faceImages': 'images\\LIP_CFD_BF_214_308_N.png'}
11.5591 	EXP 	New trial (rep=0, index=18): {'faceImages': 'images\\NASALTIP_087_M_M_N_A.png'}
11.5593 	EXP 	New trial (rep=0, index=19): {'faceImages': 'images\\FOREHEAD_CFD_BM_234_172_N.png'}
11.5595 	EXP 	New trial (rep=0, index=20): {'faceImages': 'images\\LIP_006_M_F_N_A.png'}
11.5597 	EXP 	New trial (rep=0, index=21): {'faceImages': 'images\\NASALTIP_CFD_BM_234_172_N.png'}
11.5600 	EXP 	New trial (rep=0, index=22): {'faceImages': 'images\\LCHEEK_136_M_M_N_A.png'}
11.5602 	EXP 	New trial (rep=0, index=23): {'faceImages': 'images\\LCHEEK_CFD_AF_237_223_N.png'}
11.5604 	EXP 	New trial (rep=0, index=24): {'faceImages': 'images\\LCHEEK_087_M_M_N_A.png'}
11.5607 	EXP 	New trial (rep=0, index=25): {'faceImages': 'images\\FOREHEAD_CFD_BM_213_134_N.png'}
11.5609 	EXP 	New trial (rep=0, index=26): {'faceImages': 'images\\LIP_CFD_LM_201_057_N.png'}
11.5611 	EXP 	New trial (rep=0, index=27): {'faceImages': 'images\\NASALTIP_CFD_BM_213_134_N.png'}
11.5615 	EXP 	New trial (rep=0, index=28): {'faceImages': 'images\\RCHEEK_CFD_LF_224_176_N.png'}
11.5618 	EXP 	New trial (rep=0, index=29): {'faceImages': 'images\\LIP_CFD_AF_245_143_N.png'}
11.5621 	EXP 	New trial (rep=0, index=30): {'faceImages': 'images\\RCHEEK_136_M_M_N_A.png'}
11.5625 	EXP 	New trial (rep=0, index=31): {'faceImages': 'images\\LIP_CFD_WF_250_167_N.png'}
11.5630 	EXP 	New trial (rep=0, index=32): {'faceImages': 'images\\LCHEEK_CFD_BM_234_172_N.png'}
11.5634 	EXP 	New trial (rep=0, index=33): {'faceImages': 'images\\LIP_CFD_BM_234_172_N.png'}
11.5639 	EXP 	New trial (rep=0, index=34): {'faceImages': 'images\\RCHEEK_CFD_WM_212_097_N.png'}
11.5643 	EXP 	New trial (rep=0, index=35): {'faceImages': 'images\\LIP_035_M_F_N_A.png'}
11.5647 	EXP 	New trial (rep=0, index=36): {'faceImages': 'images\\NASALTIP_CFD_WF_002_004_N.png'}
11.5649 	EXP 	New trial (rep=0, index=37): {'faceImages': 'images\\FOREHEAD_136_M_M_N_A.png'}
11.5651 	EXP 	New trial (rep=0, index=38): {'faceImages': 'images\\RCHEEK_CFD_WF_250_167_N.png'}
11.5654 	EXP 	New trial (rep=0, index=39): {'faceImages': 'images\\NASALTIP_CFD_LM_203_026_N.png'}
11.5657 	EXP 	New trial (rep=0, index=40): {'faceImages': 'images\\LCHEEK_CFD_AF_245_143_N.png'}
11.5659 	EXP 	New trial (rep=0, index=41): {'faceImages': 'images\\RCHEEK_CFD_BM_213_134_N.png'}
11.5663 	EXP 	New trial (rep=0, index=42): {'faceImages': 'images\\NASALTIP_CFD_AF_231_357_N.png'}
11.5665 	EXP 	New trial (rep=0, index=43): {'faceImages': 'images\\LCHEEK_CFD_AF_231_357_N.png'}
11.5667 	EXP 	New trial (rep=0, index=44): {'faceImages': 'images\\LIP_CFD_LF_224_176_N.png'}
11.5671 	EXP 	New trial (rep=0, index=45): {'faceImages': 'images\\FOREHEAD_CFD_WF_002_004_N.png'}
11.5674 	EXP 	New trial (rep=0, index=46): {'faceImages': 'images\\FOREHEAD_CFD_LF_224_176_N.png'}
11.5676 	EXP 	New trial (rep=0, index=47): {'faceImages': 'images\\NASALTIP_CFD_BF_224_002_N.png'}
11.5678 	EXP 	New trial (rep=0, index=48): {'faceImages': 'images\\LCHEEK_006_M_F_N_A.png'}
11.5680 	EXP 	New trial (rep=0, index=49): {'faceImages': 'images\\LCHEEK_CFD_WF_200_099_N.png'}
11.5683 	EXP 	New trial (rep=0, index=50): {'faceImages': 'images\\LIP_CFD_AM_233_236_N.png'}
11.5685 	EXP 	New trial (rep=0, index=51): {'faceImages': 'images\\RCHEEK_087_M_M_N_A.png'}
11.5687 	EXP 	New trial (rep=0, index=52): {'faceImages': 'images\\FOREHEAD_CFD_WF_250_167_N.png'}
11.5690 	EXP 	New trial (rep=0, index=53): {'faceImages': 'images\\FOREHEAD_CFD_WF_200_099_N.png'}
11.5693 	EXP 	New trial (rep=0, index=54): {'faceImages': 'images\\NASALTIP_CFD_WF_200_099_N.png'}
11.5695 	EXP 	New trial (rep=0, index=55): {'faceImages': 'images\\LIP_CFD_BM_213_134_N.png'}
11.5699 	EXP 	New trial (rep=0, index=56): {'faceImages': 'images\\NASALTIP_CFD_WF_250_167_N.png'}
11.5702 	EXP 	New trial (rep=0, index=57): {'faceImages': 'images\\NASALTIP_CFD_AF_237_223_N.png'}
11.5704 	EXP 	New trial (rep=0, index=58): {'faceImages': 'images\\FOREHEAD_CFD_LM_201_057_N.png'}
11.5706 	EXP 	New trial (rep=0, index=59): {'faceImages': 'images\\FOREHEAD_CFD_BF_214_308_N.png'}
11.5709 	EXP 	New trial (rep=0, index=60): {'faceImages': 'images\\LCHEEK_CFD_WF_002_004_N.png'}
11.5711 	EXP 	New trial (rep=0, index=61): {'faceImages': 'images\\LCHEEK_CFD_BM_213_134_N.png'}
11.5714 	EXP 	New trial (rep=0, index=62): {'faceImages': 'images\\FOREHEAD_CFD_BF_224_002_N.png'}
11.5716 	EXP 	New trial (rep=0, index=63): {'faceImages': 'images\\RCHEEK_CFD_BM_234_172_N.png'}
11.5718 	EXP 	New trial (rep=0, index=64): {'faceImages': 'images\\FOREHEAD_CFD_AM_233_236_N.png'}
11.5721 	EXP 	New trial (rep=0, index=65): {'faceImages': 'images\\LCHEEK_CFD_LM_203_026_N.png'}
11.5723 	EXP 	New trial (rep=0, index=66): {'faceImages': 'images\\LIP_CFD_BF_224_002_N.png'}
11.5725 	EXP 	New trial (rep=0, index=67): {'faceImages': 'images\\LIP_CFD_AF_231_357_N.png'}
11.5727 	EXP 	New trial (rep=0, index=68): {'faceImages': 'images\\FOREHEAD_087_M_M_N_A.png'}
11.5730 	EXP 	New trial (rep=0, index=69): {'faceImages': 'images\\LCHEEK_035_M_F_N_A.png'}
11.5732 	EXP 	New trial (rep=0, index=70): {'faceImages': 'images\\LCHEEK_CFD_LF_224_176_N.png'}
11.5735 	EXP 	New trial (rep=0, index=71): {'faceImages': 'images\\LIP_087_M_M_N_A.png'}
11.5737 	EXP 	New trial (rep=0, index=72): {'faceImages': 'images\\LIP_CFD_WF_200_099_N.png'}
11.5740 	EXP 	New trial (rep=0, index=73): {'faceImages': 'images\\RCHEEK_CFD_BF_224_002_N.png'}
11.5742 	EXP 	New trial (rep=0, index=74): {'faceImages': 'images\\LIP_CFD_AF_237_223_N.png'}
11.5744 	EXP 	New trial (rep=0, index=75): {'faceImages': 'images\\FOREHEAD_CFD_AF_237_223_N.png'}
11.5746 	EXP 	New trial (rep=0, index=76): {'faceImages': 'images\\FOREHEAD_CFD_AF_245_143_N.png'}
11.5749 	EXP 	New trial (rep=0, index=77): {'faceImages': 'images\\RCHEEK_CFD_LM_201_057_N.png'}
11.5751 	EXP 	New trial (rep=0, index=78): {'faceImages': 'images\\RCHEEK_035_M_F_N_A.png'}
11.5753 	EXP 	New trial (rep=0, index=79): {'faceImages': 'images\\RCHEEK_CFD_AF_231_357_N.png'}
11.5755 	EXP 	New trial (rep=0, index=80): {'faceImages': 'images\\LIP_136_M_M_N_A.png'}
11.5758 	EXP 	New trial (rep=0, index=81): {'faceImages': 'images\\LIP_CFD_LM_203_026_N.png'}
11.5760 	EXP 	New trial (rep=0, index=82): {'faceImages': 'images\\RCHEEK_CFD_WF_002_004_N.png'}
11.5765 	EXP 	New trial (rep=0, index=83): {'faceImages': 'images\\NASALTIP_CFD_AF_245_143_N.png'}
11.5770 	EXP 	New trial (rep=0, index=84): {'faceImages': 'images\\NASALTIP_CFD_WM_212_097_N.png'}
11.5774 	EXP 	New trial (rep=0, index=85): {'faceImages': 'images\\LCHEEK_CFD_WM_212_097_N.png'}
11.5779 	EXP 	New trial (rep=0, index=86): {'faceImages': 'images\\FOREHEAD_CFD_AF_231_357_N.png'}
11.5783 	EXP 	New trial (rep=0, index=87): {'faceImages': 'images\\NASALTIP_CFD_LM_201_057_N.png'}
11.5785 	EXP 	New trial (rep=0, index=88): {'faceImages': 'images\\FOREHEAD_006_M_F_N_A.png'}
11.5787 	EXP 	New trial (rep=0, index=89): {'faceImages': 'images\\FOREHEAD_CFD_WM_212_097_N.png'}
11.5789 	EXP 	New trial (rep=0, index=90): {'faceImages': 'images\\LCHEEK_CFD_LM_201_057_N.png'}
11.5792 	EXP 	New trial (rep=0, index=91): {'faceImages': 'images\\NASALTIP_CFD_BF_214_308_N.png'}
11.5794 	EXP 	New trial (rep=0, index=92): {'faceImages': 'images\\RCHEEK_CFD_WF_200_099_N.png'}
11.5796 	EXP 	New trial (rep=0, index=93): {'faceImages': 'images\\RCHEEK_CFD_AF_237_223_N.png'}
11.5799 	EXP 	New trial (rep=0, index=94): {'faceImages': 'images\\LCHEEK_CFD_BF_214_308_N.png'}
11.5833 	DEBUG 	Read excel file with openpyxl: Rating_BlockOrder.xlsx
11.5836 	EXP 	Imported Rating_BlockOrder.xlsx as conditions, 19 conditions, 1 params
11.5839 	EXP 	Created sequence: random, trialTypes=19, nReps=1, seed=None
11.5840 	EXP 	New trial (rep=0, index=0): {'faceImages_q': 'images\\FOREHEAD_136_M_M_N_A.png'}
11.5929 	EXP 	instrBlock: autoDraw = False
11.5929 	EXP 	face_image_q: image = 'images\\FOREHEAD_136_M_M_N_A.png'
11.5929 	EXP 	slider_trustworthy: markerPos = None
11.5929 	EXP 	slider_trustworthy: markerPos = None
11.5929 	EXP 	slider_aggressive: markerPos = None
11.5929 	EXP 	slider_aggressive: markerPos = None
11.5929 	EXP 	face_image_q: autoDraw = True
11.6659 	DATA 	Mouse:  Left button up, pos=(949,486)
11.8890 	EXP 	slider_trustworthy: autoDraw = True
11.8890 	EXP 	text_trustworthy: autoDraw = True
11.8890 	EXP 	slider_aggressive: autoDraw = True
11.8890 	EXP 	text_aggressive: autoDraw = True
11.8890 	EXP 	Confirm: autoDraw = True
18.3816 	DATA 	Mouse: Left button down, pos=(994,537)
18.4002 	EXP 	slider_trustworthy: markerPos = 3.1259259259259258
18.4116 	EXP 	slider_trustworthy: markerPos = 3.1259259259259258
18.4228 	EXP 	slider_trustworthy: markerPos = 3.1259259259259258
18.4351 	EXP 	slider_trustworthy: markerPos = 3.1259259259259258
18.4465 	EXP 	slider_trustworthy: markerPos = 3.1259259259259258
18.4585 	EXP 	slider_trustworthy: markerPos = 3.1259259259259258
18.4687 	DATA 	Mouse:  Left button up, pos=(993,537)
18.4706 	EXP 	slider_trustworthy: markerPos = 3.1222222222222222
18.4824 	EXP 	slider_trustworthy: markerPos = 3.0
19.0318 	DATA 	Mouse: Left button down, pos=(986,246)
19.1421 	DATA 	Mouse:  Left button up, pos=(983,248)
19.3997 	DATA 	Mouse: Left button down, pos=(968,260)
19.4117 	EXP 	slider_aggressive: markerPos = 3.0296296296296297
19.4242 	EXP 	slider_aggressive: markerPos = 3.0296296296296297
19.4362 	EXP 	slider_aggressive: markerPos = 3.0296296296296297
19.4484 	EXP 	slider_aggressive: markerPos = 3.0296296296296297
19.4604 	EXP 	slider_aggressive: markerPos = 3.0296296296296297
19.4737 	EXP 	slider_aggressive: markerPos = 3.0296296296296297
19.4858 	EXP 	slider_aggressive: markerPos = 3.0296296296296297
19.4976 	EXP 	slider_aggressive: markerPos = 3.0296296296296297
19.5101 	EXP 	slider_aggressive: markerPos = 3.0296296296296297
19.5225 	DATA 	Mouse:  Left button up, pos=(968,261)
19.5236 	EXP 	slider_aggressive: markerPos = 3.0296296296296297
19.5363 	EXP 	slider_aggressive: markerPos = 3.0
20.0688 	DATA 	Mouse: Left button down, pos=(694,271)
20.0758 	EXP 	slider_aggressive: markerPos = 2.014814814814815
20.0879 	EXP 	slider_aggressive: markerPos = 2.014814814814815
20.1000 	EXP 	slider_aggressive: markerPos = 2.014814814814815
20.1123 	EXP 	slider_aggressive: markerPos = 2.014814814814815
20.1239 	EXP 	slider_aggressive: markerPos = 2.014814814814815
20.1364 	EXP 	slider_aggressive: markerPos = 2.014814814814815
20.1488 	EXP 	slider_aggressive: markerPos = 2.011111111111111
20.1612 	EXP 	slider_aggressive: markerPos = 2.011111111111111
20.1732 	EXP 	slider_aggressive: markerPos = 2.011111111111111
20.1737 	DATA 	Mouse:  Left button up, pos=(692,271)
20.1853 	EXP 	slider_aggressive: markerPos = 2.0
20.4883 	DATA 	Mouse: Left button down, pos=(695,556)
20.6149 	DATA 	Mouse:  Left button up, pos=(695,556)
21.3575 	DATA 	Mouse: Left button down, pos=(688,536)
21.3707 	EXP 	slider_trustworthy: markerPos = 1.9925925925925927
21.3829 	EXP 	slider_trustworthy: markerPos = 1.9925925925925927
21.3944 	EXP 	slider_trustworthy: markerPos = 1.9925925925925927
21.4067 	EXP 	slider_trustworthy: markerPos = 1.9925925925925927
21.4193 	EXP 	slider_trustworthy: markerPos = 1.9925925925925927
21.4316 	EXP 	slider_trustworthy: markerPos = 1.9925925925925927
21.4428 	EXP 	slider_trustworthy: markerPos = 1.9925925925925927
21.4551 	EXP 	slider_trustworthy: markerPos = 1.9925925925925927
21.4617 	DATA 	Mouse:  Left button up, pos=(688,536)
21.4673 	EXP 	slider_trustworthy: markerPos = 1.9925925925925927
21.4784 	EXP 	slider_trustworthy: markerPos = 2.0
22.0613 	DATA 	Mouse: Left button down, pos=(1204,533)
22.0753 	EXP 	slider_trustworthy: markerPos = 3.9037037037037035
22.0876 	EXP 	slider_trustworthy: markerPos = 3.9037037037037035
22.0993 	EXP 	slider_trustworthy: markerPos = 3.9037037037037035
22.1115 	EXP 	slider_trustworthy: markerPos = 3.9037037037037035
22.1233 	EXP 	slider_trustworthy: markerPos = 3.9037037037037035
22.1361 	EXP 	slider_trustworthy: markerPos = 3.9037037037037035
22.1488 	EXP 	slider_trustworthy: markerPos = 3.9037037037037035
22.1555 	DATA 	Mouse:  Left button up, pos=(1204,533)
22.1611 	EXP 	slider_trustworthy: markerPos = 3.9037037037037035
22.1729 	EXP 	slider_trustworthy: markerPos = 4.0
22.6428 	DATA 	Mouse: Left button down, pos=(1220,262)
22.6489 	EXP 	slider_aggressive: markerPos = 3.962962962962963
22.6612 	EXP 	slider_aggressive: markerPos = 3.962962962962963
22.6740 	EXP 	slider_aggressive: markerPos = 3.962962962962963
22.6861 	EXP 	slider_aggressive: markerPos = 3.962962962962963
22.7004 	EXP 	slider_aggressive: markerPos = 3.962962962962963
22.7126 	EXP 	slider_aggressive: markerPos = 3.962962962962963
22.7243 	EXP 	slider_aggressive: markerPos = 3.962962962962963
22.7358 	DATA 	Mouse:  Left button up, pos=(1220,262)
22.7381 	EXP 	slider_aggressive: markerPos = 3.962962962962963
22.7501 	EXP 	slider_aggressive: markerPos = 4.0
23.2436 	DATA 	Mouse: Left button down, pos=(947,274)
23.2566 	EXP 	slider_aggressive: markerPos = 2.9518518518518517
23.2688 	EXP 	slider_aggressive: markerPos = 2.9518518518518517
23.2804 	EXP 	slider_aggressive: markerPos = 2.9518518518518517
23.2928 	EXP 	slider_aggressive: markerPos = 2.9518518518518517
23.3049 	EXP 	slider_aggressive: markerPos = 2.9555555555555557
23.3171 	EXP 	slider_aggressive: markerPos = 2.9555555555555557
23.3290 	EXP 	slider_aggressive: markerPos = 2.9555555555555557
23.3413 	EXP 	slider_aggressive: markerPos = 2.9555555555555557
23.3476 	DATA 	Mouse:  Left button up, pos=(948,274)
23.3549 	EXP 	slider_aggressive: markerPos = 3.0
23.7850 	DATA 	Mouse: Left button down, pos=(952,544)
23.7979 	EXP 	slider_trustworthy: markerPos = 2.9703703703703703
23.8102 	EXP 	slider_trustworthy: markerPos = 2.9703703703703703
23.8230 	EXP 	slider_trustworthy: markerPos = 2.9703703703703703
23.8349 	EXP 	slider_trustworthy: markerPos = 2.9703703703703703
23.8468 	EXP 	slider_trustworthy: markerPos = 2.9703703703703703
23.8587 	EXP 	slider_trustworthy: markerPos = 2.9703703703703703
23.8710 	EXP 	slider_trustworthy: markerPos = 2.9703703703703703
23.8831 	EXP 	slider_trustworthy: markerPos = 2.9703703703703703
23.8945 	EXP 	slider_trustworthy: markerPos = 2.9703703703703703
23.8949 	DATA 	Mouse:  Left button up, pos=(952,544)
23.9066 	EXP 	slider_trustworthy: markerPos = 3.0
24.0827 	DATA 	Mouse: Left button down, pos=(952,544)
24.0954 	EXP 	slider_trustworthy: markerPos = 2.9703703703703703
24.1074 	EXP 	slider_trustworthy: markerPos = 2.9703703703703703
24.1195 	EXP 	slider_trustworthy: markerPos = 2.9703703703703703
24.1317 	EXP 	slider_trustworthy: markerPos = 2.9703703703703703
24.1441 	EXP 	slider_trustworthy: markerPos = 2.9703703703703703
24.1566 	EXP 	slider_trustworthy: markerPos = 2.9703703703703703
24.1685 	EXP 	slider_trustworthy: markerPos = 2.9703703703703703
24.1820 	EXP 	slider_trustworthy: markerPos = 2.9703703703703703
24.1890 	DATA 	Mouse:  Left button up, pos=(952,544)
24.1957 	EXP 	slider_trustworthy: markerPos = 2.9703703703703703
24.2067 	EXP 	slider_trustworthy: markerPos = 3.0
24.2937 	DATA 	Mouse: Left button down, pos=(952,544)
24.3070 	EXP 	slider_trustworthy: markerPos = 2.9703703703703703
24.3193 	EXP 	slider_trustworthy: markerPos = 2.9703703703703703
24.3317 	EXP 	slider_trustworthy: markerPos = 2.9703703703703703
24.3440 	EXP 	slider_trustworthy: markerPos = 2.9703703703703703
24.3560 	EXP 	slider_trustworthy: markerPos = 2.9703703703703703
24.3681 	EXP 	slider_trustworthy: markerPos = 2.9703703703703703
24.3802 	EXP 	slider_trustworthy: markerPos = 2.9703703703703703
24.3921 	EXP 	slider_trustworthy: markerPos = 2.9703703703703703
24.3989 	DATA 	Mouse:  Left button up, pos=(952,544)
24.4050 	EXP 	slider_trustworthy: markerPos = 2.9703703703703703
24.4159 	EXP 	slider_trustworthy: markerPos = 3.0
24.9688 	DATA 	Mouse: Left button down, pos=(1511,555)
25.0710 	DATA 	Mouse:  Left button up, pos=(1511,555)
25.4409 	DATA 	Mouse: Left button down, pos=(1491,535)
25.4547 	EXP 	slider_trustworthy: markerPos = 4.966666666666667
25.4666 	EXP 	slider_trustworthy: markerPos = 4.966666666666667
25.4792 	EXP 	slider_trustworthy: markerPos = 4.966666666666667
25.4912 	EXP 	slider_trustworthy: markerPos = 4.966666666666667
25.5030 	EXP 	slider_trustworthy: markerPos = 4.966666666666667
25.5146 	EXP 	slider_trustworthy: markerPos = 4.966666666666667
25.5260 	EXP 	slider_trustworthy: markerPos = 4.966666666666667
25.5381 	EXP 	slider_trustworthy: markerPos = 4.966666666666667
25.5500 	EXP 	slider_trustworthy: markerPos = 4.966666666666667
25.5506 	DATA 	Mouse:  Left button up, pos=(1491,535)
25.5617 	EXP 	slider_trustworthy: markerPos = 5.0
25.9823 	DATA 	Mouse: Left button down, pos=(1501,281)
25.9963 	EXP 	slider_aggressive: markerPos = 5.003703703703703
26.0083 	EXP 	slider_aggressive: markerPos = 5.003703703703703
26.0200 	EXP 	slider_aggressive: markerPos = 5.003703703703703
26.0321 	EXP 	slider_aggressive: markerPos = 5.003703703703703
26.0437 	EXP 	slider_aggressive: markerPos = 5.003703703703703
26.0564 	EXP 	slider_aggressive: markerPos = 5.003703703703703
26.0678 	EXP 	slider_aggressive: markerPos = 5.003703703703703
26.0797 	EXP 	slider_aggressive: markerPos = 5.003703703703703
26.0869 	DATA 	Mouse:  Left button up, pos=(1501,281)
26.0932 	EXP 	slider_aggressive: markerPos = 5.0
26.6248 	DATA 	Mouse: Left button down, pos=(1229,270)
26.6381 	EXP 	slider_aggressive: markerPos = 3.9962962962962965
26.6505 	EXP 	slider_aggressive: markerPos = 3.9962962962962965
26.6620 	EXP 	slider_aggressive: markerPos = 3.9962962962962965
26.6751 	EXP 	slider_aggressive: markerPos = 3.9962962962962965
26.6881 	EXP 	slider_aggressive: markerPos = 3.9962962962962965
26.6994 	EXP 	slider_aggressive: markerPos = 3.9962962962962965
26.7109 	EXP 	slider_aggressive: markerPos = 3.9962962962962965
26.7222 	DATA 	Mouse:  Left button up, pos=(1228,270)
26.7238 	EXP 	slider_aggressive: markerPos = 3.9925925925925925
26.7359 	EXP 	slider_aggressive: markerPos = 4.0
27.1549 	DATA 	Mouse: Left button down, pos=(1240,550)
27.1672 	EXP 	slider_trustworthy: markerPos = 4.037037037037037
27.1788 	EXP 	slider_trustworthy: markerPos = 4.037037037037037
27.1906 	EXP 	slider_trustworthy: markerPos = 4.037037037037037
27.2031 	EXP 	slider_trustworthy: markerPos = 4.037037037037037
27.2151 	EXP 	slider_trustworthy: markerPos = 4.037037037037037
27.2268 	EXP 	slider_trustworthy: markerPos = 4.037037037037037
27.2387 	EXP 	slider_trustworthy: markerPos = 4.037037037037037
27.2506 	EXP 	slider_trustworthy: markerPos = 4.037037037037037
27.2623 	EXP 	slider_trustworthy: markerPos = 4.037037037037037
27.2696 	DATA 	Mouse:  Left button up, pos=(1240,550)
27.2747 	EXP 	slider_trustworthy: markerPos = 4.037037037037037
27.2862 	EXP 	slider_trustworthy: markerPos = 4.0
27.8359 	DATA 	Mouse: Left button down, pos=(954,275)
27.8484 	EXP 	slider_aggressive: markerPos = 2.977777777777778
27.8614 	EXP 	slider_aggressive: markerPos = 2.977777777777778
27.8731 	EXP 	slider_aggressive: markerPos = 2.977777777777778
27.8851 	EXP 	slider_aggressive: markerPos = 2.977777777777778
27.8972 	EXP 	slider_aggressive: markerPos = 2.977777777777778
27.9096 	EXP 	slider_aggressive: markerPos = 2.977777777777778
27.9217 	EXP 	slider_aggressive: markerPos = 2.977777777777778
27.9340 	EXP 	slider_aggressive: markerPos = 2.977777777777778
27.9461 	EXP 	slider_aggressive: markerPos = 2.977777777777778
27.9572 	DATA 	Mouse:  Left button up, pos=(954,275)
27.9599 	EXP 	slider_aggressive: markerPos = 2.977777777777778
27.9718 	EXP 	slider_aggressive: markerPos = 3.0
28.5882 	DATA 	Mouse: Left button down, pos=(1004,25)
28.6903 	DATA 	Mouse:  Left button up, pos=(1008,38)
28.7698 	DATA 	Mouse: Left button down, pos=(1018,46)
28.8608 	DATA 	Mouse:  Left button up, pos=(1035,46)
28.9521 	DATA 	Mouse: Left button down, pos=(1104,22)
29.0271 	DATA 	Mouse:  Left button up, pos=(1066,1)
29.1180 	DATA 	Mouse: Left button down, pos=(919,1)
29.2716 	DATA 	Mouse:  Left button up, pos=(892,1)
29.9125 	DATA 	Mouse: Left button down, pos=(694,531)
29.9263 	EXP 	slider_trustworthy: markerPos = 2.014814814814815
29.9384 	EXP 	slider_trustworthy: markerPos = 2.014814814814815
29.9496 	EXP 	slider_trustworthy: markerPos = 2.014814814814815
29.9620 	EXP 	slider_trustworthy: markerPos = 2.014814814814815
29.9735 	EXP 	slider_trustworthy: markerPos = 2.014814814814815
29.9850 	EXP 	slider_trustworthy: markerPos = 2.014814814814815
29.9971 	EXP 	slider_trustworthy: markerPos = 2.014814814814815
30.0086 	EXP 	slider_trustworthy: markerPos = 2.014814814814815
30.0205 	EXP 	slider_trustworthy: markerPos = 2.014814814814815
30.0260 	DATA 	Mouse:  Left button up, pos=(694,531)
30.0331 	EXP 	slider_trustworthy: markerPos = 2.014814814814815
30.0450 	EXP 	slider_trustworthy: markerPos = 2.0
30.5695 	DATA 	Mouse: Left button down, pos=(427,544)
30.5821 	EXP 	slider_trustworthy: markerPos = 1.025925925925926
30.5956 	EXP 	slider_trustworthy: markerPos = 1.025925925925926
30.6079 	EXP 	slider_trustworthy: markerPos = 1.025925925925926
30.6198 	EXP 	slider_trustworthy: markerPos = 1.025925925925926
30.6318 	EXP 	slider_trustworthy: markerPos = 1.025925925925926
30.6437 	EXP 	slider_trustworthy: markerPos = 1.0222222222222221
30.6515 	DATA 	Mouse:  Left button up, pos=(426,544)
30.6573 	EXP 	slider_trustworthy: markerPos = 1.0222222222222221
30.6688 	EXP 	slider_trustworthy: markerPos = 1.0
31.1826 	DATA 	Mouse: Left button down, pos=(427,261)
31.1975 	EXP 	slider_aggressive: markerPos = 1.0222222222222221
31.2098 	EXP 	slider_aggressive: markerPos = 1.0222222222222221
31.2225 	EXP 	slider_aggressive: markerPos = 1.0222222222222221
31.2343 	EXP 	slider_aggressive: markerPos = 1.0222222222222221
31.2460 	EXP 	slider_aggressive: markerPos = 1.0222222222222221
31.2579 	EXP 	slider_aggressive: markerPos = 1.0222222222222221
31.2695 	EXP 	slider_aggressive: markerPos = 1.0222222222222221
31.2814 	EXP 	slider_aggressive: markerPos = 1.0222222222222221
31.2936 	EXP 	slider_aggressive: markerPos = 1.0222222222222221
31.2991 	DATA 	Mouse:  Left button up, pos=(425,261)
31.3064 	EXP 	slider_aggressive: markerPos = 1.0
34.8930 	DATA 	Keypress: escape
35.5268 	EXP 	window1: mouseVisible = True
35.5269 	DEBUG 	Saving data for FaceAttractiveness ExperimentHandler
35.5297 	INFO 	saved data to C:\Users\annak\Documents\GitHub\faceattractiveness_lesion\data/_FaceAttractiveness_2023-04-07_22h53.54.942.psydat
35.5362 	INFO 	saved data to 'C:\\Users\\annak\\Documents\\GitHub\\faceattractiveness_lesion\\data/_FaceAttractiveness_2023-04-07_22h53.54.942.csv'
