4.3006 	INFO 	Loaded monitor calibration from ['2021_12_01 18:33']
4.3089 	WARNING 	User requested fullscreen with size [1536  864], but screen is actually [1920, 1080]. Using actual size
5.6903 	EXP 	Created window1 = Window(allowGUI=True, allowStencil=False, autoLog=True, backendConf=UNKNOWN, bitsMode=UNKNOWN, blendMode='avg', bpc=(8, 8, 8), color=array([0.09803922, 0.09803922, 0.09803922]), colorSpace='rgb', depthBits=8, fullscr=<method-wrapper '__getattribute__' of attributeSetter object at 0x0000021FA8613D00>, gamma=None, gammaErrorPolicy='raise', lms=UNKNOWN, monitor=<psychopy.monitors.calibTools.Monitor object at 0x0000021FADFC71F0>, multiSample=False, name='window1', numSamples=2, pos=(0, 0), screen=0, size=array([1920, 1080]), stencilBits=0, stereo=False, units='height', useFBO=True, useRetina=False, viewOri=0.0, viewPos=None, viewScale=None, waitBlanking=True, winType='pyglet')
5.6910 	EXP 	window1: mouseVisible = True
5.6913 	EXP 	window1: mouseVisible = False
5.6913 	EXP 	window1: Attempting to measure frame rate of screen (0) ...
5.6913 	EXP 	window1: recordFrameIntervals = False
5.7591 	EXP 	window1: recordFrameIntervals = True
5.8160 	WARNING 	t of last frame was 8.43ms (=1/118)
5.8362 	EXP 	Screen (0) actual frame rate measured at 143.48Hz
5.8362 	EXP 	window1: recordFrameIntervals = False
7.5474 	INFO 	keyboard.Keyboard is using iohub backend.
7.6209 	EXP 	Created ques_instr = TextStim(__class__=<class 'psychopy.visual.text.TextStim'>, alignHoriz=method-wrapper(...), alignText='center', alignVert=method-wrapper(...), anchorHoriz='center', anchorVert='center', antialias=True, autoDraw=False, autoLog=True, bold=False, color=array([1, 1, 1]), colorSpace='rgb', contrast=1.0, depth=0.0, flipHoriz=False, flipVert=False, font='Arial', fontFiles=[], height=0.04, italic=False, languageStyle='LTR', name='ques_instr', opacity=1.0, ori=0.0, pos=array([0., 0.]), rgb=UNKNOWN, text=str(...), units='height', win=Window(...), wrapWidth=1)
7.6214 	EXP 	window1: mouseVisible = True
7.6249 	EXP 	window1: mouseVisible = True
7.6488 	DEBUG 	TextBox2 loaded 1 chars with 0 blanks and 1 valid
7.6503 	DEBUG 	TextBox2 loaded 1 chars with 0 blanks and 1 valid
7.6517 	DEBUG 	TextBox2 loaded 1 chars with 0 blanks and 1 valid
7.6531 	DEBUG 	TextBox2 loaded 1 chars with 0 blanks and 1 valid
7.6544 	DEBUG 	TextBox2 loaded 1 chars with 0 blanks and 1 valid
7.6557 	DEBUG 	TextBox2 loaded 1 chars with 0 blanks and 1 valid
7.6571 	DEBUG 	TextBox2 loaded 1 chars with 0 blanks and 1 valid
7.6584 	DEBUG 	TextBox2 loaded 1 chars with 0 blanks and 1 valid
7.6598 	DEBUG 	TextBox2 loaded 1 chars with 0 blanks and 1 valid
7.6611 	DEBUG 	TextBox2 loaded 1 chars with 0 blanks and 1 valid
7.6625 	DEBUG 	TextBox2 loaded 1 chars with 0 blanks and 1 valid
7.6638 	DEBUG 	TextBox2 loaded 1 chars with 0 blanks and 1 valid
7.6640 	DEBUG 	Uploading Texture Font fontname to graphics card
7.6697 	DEBUG 	Upload of Texture Font fontname complete
7.6869 	DEBUG 	TextBox2 loaded 1 chars with 0 blanks and 1 valid
7.6871 	DEBUG 	Uploading Texture Font fontname to graphics card
7.6922 	DEBUG 	Upload of Texture Font fontname complete
7.7082 	DEBUG 	TextBox2 loaded 1 chars with 0 blanks and 1 valid
7.7098 	DEBUG 	TextBox2 loaded 1 chars with 0 blanks and 1 valid
7.7114 	DEBUG 	TextBox2 loaded 1 chars with 0 blanks and 1 valid
7.7129 	DEBUG 	TextBox2 loaded 1 chars with 0 blanks and 1 valid
7.7144 	DEBUG 	TextBox2 loaded 1 chars with 0 blanks and 1 valid
7.7159 	DEBUG 	TextBox2 loaded 1 chars with 0 blanks and 1 valid
7.7161 	DEBUG 	Uploading Texture Font fontname to graphics card
7.7208 	DEBUG 	Upload of Texture Font fontname complete
7.7368 	DEBUG 	TextBox2 loaded 1 chars with 0 blanks and 1 valid
7.7371 	DEBUG 	Uploading Texture Font fontname to graphics card
7.7418 	DEBUG 	Upload of Texture Font fontname complete
7.7576 	DEBUG 	TextBox2 loaded 1 chars with 0 blanks and 1 valid
7.7594 	DEBUG 	TextBox2 loaded 1 chars with 0 blanks and 1 valid
7.7596 	DEBUG 	Uploading Texture Font fontname to graphics card
7.7645 	DEBUG 	Upload of Texture Font fontname complete
7.7748 	EXP 	Created slider_2 = Slider(__class__=<class 'psychopy.visual.slider.Slider'>, autoDraw=False, autoLog=True, borderColor=None, color=None, colorSpace='rgb', depth=0, fillColor=None, flip=False, font='Arial', granularity=0.0, labelColor=None, labelHeight=0.01, labelWrapWidth=None, labels=tuple(...), lineColor=None, markerColor=None, name='slider_2', opacity=None, ori=0.0, pos=array([0., 0.]), readOnly=False, self=UNKNOWN, size=array([1. , 0.1]), startValue=3, style='scrollbar', styleTweaks=['labels45'], ticks=array([1, 2, 3, 4, 5]), units='height', win=Window(...))
7.8059 	EXP 	Created EndText = TextStim(__class__=<class 'psychopy.visual.text.TextStim'>, alignHoriz=method-wrapper(...), alignText='center', alignVert=method-wrapper(...), anchorHoriz='center', anchorVert='center', antialias=True, autoDraw=False, autoLog=True, bold=False, color=array([-1, -1, -1]), colorSpace='rgb', contrast=1.0, depth=0.0, flipHoriz=False, flipVert=False, font='Arial', fontFiles=[], height=0.05, italic=False, languageStyle='LTR', name='EndText', opacity=1.0, ori=0, pos=array([0., 0.]), rgb=UNKNOWN, text=str(...), units='height', win=Window(...), wrapWidth=1)
7.8070 	DATA 	Mouse: wheel shift=(0,1), pos=(520,253)
7.8158 	EXP 	slider_2: autoLog = True
7.8158 	EXP 	slider_2: markerPos = 3
7.8158 	EXP 	slider_2: styleTweaks = []
7.8158 	EXP 	slider_2: styleTweaks = []
7.8158 	EXP 	slider_2: styleTweaks = ['labels45']
7.8158 	EXP 	slider_2: styleTweaks = ['labels45']
7.8158 	EXP 	slider_2: contrast = 1.0
7.8158 	EXP 	slider_2: autoLog = True
7.8158 	EXP 	ques_instr: autoDraw = True
8.2139 	DATA 	Mouse: Left button down, pos=(662,486)
8.3181 	DATA 	Mouse:  Left button up, pos=(662,486)
9.7959 	DATA 	Mouse: Left button down, pos=(929,384)
9.8278 	EXP 	ques_instr: autoDraw = False
9.8278 	EXP 	slider_2: markerPos = None
9.8278 	EXP 	slider_2: markerPos = 3
9.8278 	EXP 	slider_2: autoDraw = True
9.9138 	DATA 	Mouse:  Left button up, pos=(929,384)
10.5941 	DATA 	Mouse: Left button down, pos=(942,538)
10.6015 	EXP 	slider_2: markerPos = 2.9333333333333336
10.6086 	EXP 	slider_2: markerPos = 2.9333333333333336
10.6192 	EXP 	slider_2: markerPos = 2.9296296296296296
10.6278 	EXP 	slider_2: markerPos = 2.9296296296296296
10.6372 	EXP 	slider_2: markerPos = 2.9222222222222225
10.6487 	EXP 	slider_2: markerPos = 2.9148148148148145
10.6575 	EXP 	slider_2: markerPos = 2.8925925925925924
10.6649 	EXP 	slider_2: markerPos = 2.8666666666666667
10.6750 	EXP 	slider_2: markerPos = 2.848148148148148
10.6844 	EXP 	slider_2: markerPos = 2.82962962962963
10.6973 	EXP 	slider_2: markerPos = 2.803703703703704
10.7056 	EXP 	slider_2: markerPos = 2.7666666666666666
10.7182 	EXP 	slider_2: markerPos = 2.7407407407407405
10.7269 	EXP 	slider_2: markerPos = 2.7222222222222223
10.7385 	EXP 	slider_2: markerPos = 2.7037037037037037
10.7467 	EXP 	slider_2: markerPos = 2.651851851851852
10.7591 	EXP 	slider_2: markerPos = 2.6222222222222222
10.7669 	EXP 	slider_2: markerPos = 2.588888888888889
10.7756 	EXP 	slider_2: markerPos = 2.5814814814814815
10.7879 	EXP 	slider_2: markerPos = 2.562962962962963
10.7964 	EXP 	slider_2: markerPos = 2.5296296296296297
10.8073 	EXP 	slider_2: markerPos = 2.522222222222222
10.8160 	EXP 	slider_2: markerPos = 2.511111111111111
10.8246 	EXP 	slider_2: markerPos = 2.503703703703704
10.8320 	EXP 	slider_2: markerPos = 2.4925925925925925
10.8421 	EXP 	slider_2: markerPos = 2.4925925925925925
10.8503 	EXP 	slider_2: markerPos = 2.4703703703703703
10.8587 	EXP 	slider_2: markerPos = 2.4518518518518517
10.8704 	EXP 	slider_2: markerPos = 2.448148148148148
10.8801 	EXP 	slider_2: markerPos = 2.4222222222222225
10.8867 	EXP 	slider_2: markerPos = 2.414814814814815
10.8974 	EXP 	slider_2: markerPos = 2.3962962962962964
10.9057 	EXP 	slider_2: markerPos = 2.3814814814814813
10.9136 	EXP 	slider_2: markerPos = 2.3814814814814813
10.9261 	EXP 	slider_2: markerPos = 2.3814814814814813
10.9335 	EXP 	slider_2: markerPos = 2.3814814814814813
10.9410 	EXP 	slider_2: markerPos = 2.3814814814814813
10.9488 	EXP 	slider_2: markerPos = 2.3814814814814813
10.9561 	EXP 	slider_2: markerPos = 2.3814814814814813
10.9865 	EXP 	slider_2: markerPos = 2.3814814814814813
10.9962 	EXP 	slider_2: markerPos = 2.3740740740740742
11.0056 	EXP 	slider_2: markerPos = 2.3703703703703702
11.0141 	EXP 	slider_2: markerPos = 2.362962962962963
11.0233 	EXP 	slider_2: markerPos = 2.362962962962963
11.0316 	EXP 	slider_2: markerPos = 2.351851851851852
11.0444 	EXP 	slider_2: markerPos = 2.348148148148148
11.0526 	EXP 	slider_2: markerPos = 2.303703703703704
11.0648 	EXP 	slider_2: markerPos = 2.2703703703703706
11.0741 	EXP 	slider_2: markerPos = 2.262962962962963
11.0857 	EXP 	slider_2: markerPos = 2.2444444444444445
11.0939 	EXP 	slider_2: markerPos = 2.214814814814815
11.1065 	EXP 	slider_2: markerPos = 2.2111111111111112
11.1145 	EXP 	slider_2: markerPos = 2.2074074074074073
11.1227 	EXP 	slider_2: markerPos = 2.2074074074074073
11.1349 	EXP 	slider_2: markerPos = 2.2074074074074073
11.1424 	EXP 	slider_2: markerPos = 2.2074074074074073
11.1509 	EXP 	slider_2: markerPos = 2.2074074074074073
11.1623 	EXP 	slider_2: markerPos = 2.2074074074074073
11.1701 	EXP 	slider_2: markerPos = 2.2074074074074073
11.1789 	EXP 	slider_2: markerPos = 2.2074074074074073
11.1900 	EXP 	slider_2: markerPos = 2.2074074074074073
11.1980 	EXP 	slider_2: markerPos = 2.2074074074074073
11.2050 	EXP 	slider_2: markerPos = 2.214814814814815
11.2141 	EXP 	slider_2: markerPos = 2.248148148148148
11.2225 	EXP 	slider_2: markerPos = 2.274074074074074
11.2313 	EXP 	slider_2: markerPos = 2.322222222222222
11.2391 	EXP 	slider_2: markerPos = 2.388888888888889
11.2470 	EXP 	slider_2: markerPos = 2.4518518518518517
11.2599 	EXP 	slider_2: markerPos = 2.525925925925926
11.2673 	EXP 	slider_2: markerPos = 2.666666666666667
11.2759 	EXP 	slider_2: markerPos = 2.666666666666667
11.2872 	EXP 	slider_2: markerPos = 2.851851851851852
11.2965 	EXP 	slider_2: markerPos = 2.9
11.3078 	EXP 	slider_2: markerPos = 2.9555555555555557
11.3158 	EXP 	slider_2: markerPos = 3.1037037037037036
11.3241 	EXP 	slider_2: markerPos = 3.1592592592592594
11.3309 	EXP 	slider_2: markerPos = 3.251851851851852
11.3425 	EXP 	slider_2: markerPos = 3.251851851851852
11.3514 	EXP 	slider_2: markerPos = 3.3444444444444446
11.3644 	EXP 	slider_2: markerPos = 3.3703703703703702
11.3729 	EXP 	slider_2: markerPos = 3.388888888888889
11.3850 	EXP 	slider_2: markerPos = 3.411111111111111
11.3937 	EXP 	slider_2: markerPos = 3.414814814814815
11.4007 	EXP 	slider_2: markerPos = 3.422222222222222
11.4107 	EXP 	slider_2: markerPos = 3.425925925925926
11.4202 	EXP 	slider_2: markerPos = 3.4444444444444446
11.4285 	EXP 	slider_2: markerPos = 3.466666666666667
11.4353 	EXP 	slider_2: markerPos = 3.4962962962962965
11.4455 	EXP 	slider_2: markerPos = 3.525925925925926
11.4542 	EXP 	slider_2: markerPos = 3.5407407407407407
11.4629 	EXP 	slider_2: markerPos = 3.5703703703703704
11.4749 	EXP 	slider_2: markerPos = 3.585185185185185
11.4828 	EXP 	slider_2: markerPos = 3.588888888888889
11.4911 	EXP 	slider_2: markerPos = 3.5962962962962965
11.5031 	EXP 	slider_2: markerPos = 3.611111111111111
11.5122 	EXP 	slider_2: markerPos = 3.640740740740741
11.5230 	EXP 	slider_2: markerPos = 3.659259259259259
11.5310 	EXP 	slider_2: markerPos = 3.6814814814814816
11.5408 	EXP 	slider_2: markerPos = 3.6925925925925926
11.5495 	EXP 	slider_2: markerPos = 3.7111111111111112
11.5582 	EXP 	slider_2: markerPos = 3.7111111111111112
11.5656 	EXP 	slider_2: markerPos = 3.7111111111111112
11.5749 	EXP 	slider_2: markerPos = 3.7111111111111112
11.5862 	EXP 	slider_2: markerPos = 3.7111111111111112
11.5938 	EXP 	slider_2: markerPos = 3.7111111111111112
11.6020 	EXP 	slider_2: markerPos = 3.7111111111111112
11.6138 	EXP 	slider_2: markerPos = 3.7111111111111112
11.6218 	EXP 	slider_2: markerPos = 3.7111111111111112
11.6345 	EXP 	slider_2: markerPos = 3.7111111111111112
11.6421 	EXP 	slider_2: markerPos = 3.7111111111111112
11.6517 	EXP 	slider_2: markerPos = 3.7111111111111112
11.6626 	EXP 	slider_2: markerPos = 3.7111111111111112
11.6704 	EXP 	slider_2: markerPos = 3.696296296296296
11.6831 	EXP 	slider_2: markerPos = 3.696296296296296
11.6909 	EXP 	slider_2: markerPos = 3.6703703703703705
11.6992 	EXP 	slider_2: markerPos = 3.662962962962963
11.7115 	EXP 	slider_2: markerPos = 3.6444444444444444
11.7196 	EXP 	slider_2: markerPos = 3.611111111111111
11.7317 	EXP 	slider_2: markerPos = 3.6
11.7395 	EXP 	slider_2: markerPos = 3.5777777777777775
11.7476 	EXP 	slider_2: markerPos = 3.5666666666666664
11.7594 	EXP 	slider_2: markerPos = 3.5592592592592593
11.7674 	EXP 	slider_2: markerPos = 3.5296296296296297
11.7753 	EXP 	slider_2: markerPos = 3.514814814814815
11.7871 	EXP 	slider_2: markerPos = 3.511111111111111
11.7952 	EXP 	slider_2: markerPos = 3.5037037037037035
11.8034 	EXP 	slider_2: markerPos = 3.488888888888889
11.8150 	EXP 	slider_2: markerPos = 3.4814814814814814
11.8245 	EXP 	slider_2: markerPos = 3.448148148148148
11.8360 	EXP 	slider_2: markerPos = 3.4407407407407407
11.8438 	EXP 	slider_2: markerPos = 3.425925925925926
11.8567 	EXP 	slider_2: markerPos = 3.411111111111111
11.8644 	EXP 	slider_2: markerPos = 3.3740740740740742
11.8728 	EXP 	slider_2: markerPos = 3.362962962962963
11.8841 	EXP 	slider_2: markerPos = 3.3555555555555556
11.8914 	EXP 	slider_2: markerPos = 3.3296296296296295
11.8991 	EXP 	slider_2: markerPos = 3.3222222222222224
11.9069 	EXP 	slider_2: markerPos = 3.314814814814815
11.9192 	EXP 	slider_2: markerPos = 3.3074074074074074
11.9279 	EXP 	slider_2: markerPos = 3.303703703703704
11.9398 	EXP 	slider_2: markerPos = 3.285185185185185
11.9475 	EXP 	slider_2: markerPos = 3.2777777777777777
11.9547 	EXP 	slider_2: markerPos = 3.2703703703703706
11.9629 	EXP 	slider_2: markerPos = 3.2666666666666666
11.9746 	EXP 	slider_2: markerPos = 3.248148148148148
11.9827 	EXP 	slider_2: markerPos = 3.237037037037037
11.9916 	EXP 	slider_2: markerPos = 3.225925925925926
12.0026 	EXP 	slider_2: markerPos = 3.2185185185185183
12.0104 	EXP 	slider_2: markerPos = 3.196296296296296
12.0184 	EXP 	slider_2: markerPos = 3.188888888888889
12.0304 	EXP 	slider_2: markerPos = 3.1777777777777776
12.0383 	EXP 	slider_2: markerPos = 3.1666666666666665
12.0470 	EXP 	slider_2: markerPos = 3.148148148148148
12.0580 	EXP 	slider_2: markerPos = 3.1444444444444444
12.0661 	EXP 	slider_2: markerPos = 3.1296296296296298
12.0746 	EXP 	slider_2: markerPos = 3.1185185185185187
12.0862 	EXP 	slider_2: markerPos = 3.1074074074074076
12.0939 	EXP 	slider_2: markerPos = 3.1
12.1017 	EXP 	slider_2: markerPos = 3.085185185185185
12.1133 	EXP 	slider_2: markerPos = 3.0555555555555554
12.1211 	EXP 	slider_2: markerPos = 3.0296296296296297
12.1296 	EXP 	slider_2: markerPos = 3.0296296296296297
12.1368 	EXP 	slider_2: markerPos = 3.0
12.1473 	EXP 	slider_2: markerPos = 3.0
12.1556 	EXP 	slider_2: markerPos = 2.992592592592593
12.1634 	EXP 	slider_2: markerPos = 2.985185185185185
12.1759 	EXP 	slider_2: markerPos = 2.9814814814814814
12.1839 	EXP 	slider_2: markerPos = 2.974074074074074
12.1920 	EXP 	slider_2: markerPos = 2.966666666666667
12.2046 	EXP 	slider_2: markerPos = 2.9592592592592593
12.2129 	EXP 	slider_2: markerPos = 2.9296296296296296
12.2246 	EXP 	slider_2: markerPos = 2.925925925925926
12.2330 	EXP 	slider_2: markerPos = 2.9222222222222225
12.2402 	EXP 	slider_2: markerPos = 2.9222222222222225
12.2486 	EXP 	slider_2: markerPos = 2.9222222222222225
12.2586 	EXP 	slider_2: markerPos = 2.9222222222222225
12.2668 	EXP 	slider_2: markerPos = 2.9222222222222225
12.2757 	EXP 	slider_2: markerPos = 2.9222222222222225
12.2871 	EXP 	slider_2: markerPos = 2.9222222222222225
12.2948 	EXP 	slider_2: markerPos = 2.9222222222222225
12.3028 	EXP 	slider_2: markerPos = 2.9222222222222225
12.3148 	EXP 	slider_2: markerPos = 2.9222222222222225
12.3227 	EXP 	slider_2: markerPos = 2.9222222222222225
12.3305 	EXP 	slider_2: markerPos = 2.9222222222222225
12.3430 	EXP 	slider_2: markerPos = 2.9222222222222225
12.3438 	DATA 	Mouse:  Left button up, pos=(939,537)
12.3512 	EXP 	slider_2: markerPos = 2.9222222222222225
12.7810 	DATA 	Mouse: Left button down, pos=(923,537)
12.7879 	EXP 	slider_2: markerPos = 2.862962962962963
12.7960 	EXP 	slider_2: markerPos = 2.8444444444444446
12.8030 	EXP 	slider_2: markerPos = 2.8185185185185184
12.8128 	EXP 	slider_2: markerPos = 2.785185185185185
12.8215 	EXP 	slider_2: markerPos = 2.7555555555555555
12.8299 	EXP 	slider_2: markerPos = 2.7185185185185183
12.8392 	EXP 	slider_2: markerPos = 2.674074074074074
12.8507 	EXP 	slider_2: markerPos = 2.6185185185185187
12.8596 	EXP 	slider_2: markerPos = 2.6037037037037036
12.8689 	EXP 	slider_2: markerPos = 2.5777777777777775
12.8781 	EXP 	slider_2: markerPos = 2.5592592592592593
12.8869 	EXP 	slider_2: markerPos = 2.5481481481481483
12.8945 	EXP 	slider_2: markerPos = 2.5296296296296297
12.9039 	EXP 	slider_2: markerPos = 2.5185185185185186
12.9130 	EXP 	slider_2: markerPos = 2.5074074074074075
12.9212 	EXP 	slider_2: markerPos = 2.5
12.9332 	EXP 	slider_2: markerPos = 2.4925925925925925
12.9417 	EXP 	slider_2: markerPos = 2.485185185185185
12.9540 	EXP 	slider_2: markerPos = 2.474074074074074
12.9635 	EXP 	slider_2: markerPos = 2.4518518518518517
12.9747 	EXP 	slider_2: markerPos = 2.4407407407407407
12.9832 	EXP 	slider_2: markerPos = 2.411111111111111
12.9958 	EXP 	slider_2: markerPos = 2.3962962962962964
13.0044 	EXP 	slider_2: markerPos = 2.3925925925925924
13.0117 	EXP 	slider_2: markerPos = 2.388888888888889
13.0227 	EXP 	slider_2: markerPos = 2.388888888888889
13.0312 	EXP 	slider_2: markerPos = 2.388888888888889
13.0399 	EXP 	slider_2: markerPos = 2.388888888888889
13.0516 	EXP 	slider_2: markerPos = 2.3851851851851853
13.0597 	EXP 	slider_2: markerPos = 2.3814814814814813
13.0720 	EXP 	slider_2: markerPos = 2.359259259259259
13.0796 	EXP 	slider_2: markerPos = 2.322222222222222
13.0883 	EXP 	slider_2: markerPos = 2.322222222222222
13.0895 	DATA 	Mouse:  Left button up, pos=(763,538)
13.0954 	EXP 	slider_2: markerPos = 2.322222222222222
13.3557 	DATA 	Mouse: Left button down, pos=(744,538)
13.3668 	EXP 	slider_2: markerPos = 2.2
13.3782 	EXP 	slider_2: markerPos = 2.1925925925925926
13.3870 	EXP 	slider_2: markerPos = 2.177777777777778
13.3985 	EXP 	slider_2: markerPos = 2.140740740740741
13.4064 	EXP 	slider_2: markerPos = 2.1259259259259258
13.4147 	EXP 	slider_2: markerPos = 2.0814814814814815
13.4258 	EXP 	slider_2: markerPos = 2.062962962962963
13.4331 	EXP 	slider_2: markerPos = 2.014814814814815
13.4411 	EXP 	slider_2: markerPos = 1.9703703703703703
13.4493 	EXP 	slider_2: markerPos = 1.9185185185185185
13.4609 	EXP 	slider_2: markerPos = 1.8777777777777778
13.4689 	EXP 	slider_2: markerPos = 1.8074074074074074
13.4768 	EXP 	slider_2: markerPos = 1.7925925925925925
13.4886 	EXP 	slider_2: markerPos = 1.7740740740740741
13.4966 	EXP 	slider_2: markerPos = 1.7666666666666666
13.5032 	EXP 	slider_2: markerPos = 1.762962962962963
13.5106 	EXP 	slider_2: markerPos = 1.762962962962963
13.5226 	EXP 	slider_2: markerPos = 1.762962962962963
13.5305 	EXP 	slider_2: markerPos = 1.762962962962963
13.5385 	EXP 	slider_2: markerPos = 1.762962962962963
13.5508 	EXP 	slider_2: markerPos = 1.762962962962963
13.5604 	EXP 	slider_2: markerPos = 1.762962962962963
13.5723 	EXP 	slider_2: markerPos = 1.762962962962963
13.5731 	DATA 	Mouse:  Left button up, pos=(626,545)
13.5811 	EXP 	slider_2: markerPos = 1.762962962962963
13.7457 	DATA 	Mouse: Left button down, pos=(562,550)
13.7590 	EXP 	slider_2: markerPos = 1.525925925925926
13.7672 	EXP 	slider_2: markerPos = 1.525925925925926
13.7752 	EXP 	slider_2: markerPos = 1.525925925925926
13.7876 	EXP 	slider_2: markerPos = 1.5222222222222221
13.7957 	EXP 	slider_2: markerPos = 1.5185185185185186
13.8078 	EXP 	slider_2: markerPos = 1.5074074074074073
13.8158 	EXP 	slider_2: markerPos = 1.4592592592592593
13.8242 	EXP 	slider_2: markerPos = 1.4222222222222223
13.8310 	EXP 	slider_2: markerPos = 1.3962962962962964
13.8411 	EXP 	slider_2: markerPos = 1.3407407407407408
13.8508 	EXP 	slider_2: markerPos = 1.3111111111111111
13.8641 	EXP 	slider_2: markerPos = 1.2555555555555555
13.8722 	EXP 	slider_2: markerPos = 1.1925925925925926
13.8798 	EXP 	slider_2: markerPos = 1.137037037037037
13.8897 	EXP 	slider_2: markerPos = 1.1074074074074074
13.8982 	EXP 	slider_2: markerPos = 1.0740740740740742
13.9061 	EXP 	slider_2: markerPos = 1.0444444444444445
13.9142 	EXP 	slider_2: markerPos = 1.011111111111111
13.9257 	EXP 	slider_2: markerPos = 0.9851851851851854
13.9340 	EXP 	slider_2: markerPos = 0.925925925925926
13.9421 	EXP 	slider_2: markerPos = 0.9037037037037039
13.9491 	EXP 	slider_2: markerPos = 0.8925925925925924
13.9593 	EXP 	slider_2: markerPos = 0.8814814814814813
13.9679 	EXP 	slider_2: markerPos = 0.8777777777777778
13.9754 	EXP 	slider_2: markerPos = 0.8777777777777778
13.9836 	EXP 	slider_2: markerPos = 0.8777777777777778
13.9953 	EXP 	slider_2: markerPos = 0.8777777777777778
14.0036 	EXP 	slider_2: markerPos = 0.8740740740740742
14.0104 	EXP 	slider_2: markerPos = 0.8740740740740742
14.0214 	EXP 	slider_2: markerPos = 0.8703703703703702
14.0306 	EXP 	slider_2: markerPos = 0.8703703703703702
14.0422 	EXP 	slider_2: markerPos = 0.8666666666666667
14.0503 	EXP 	slider_2: markerPos = 0.8666666666666667
14.0581 	EXP 	slider_2: markerPos = 0.8666666666666667
14.0663 	EXP 	slider_2: markerPos = 0.8666666666666667
14.0791 	EXP 	slider_2: markerPos = 0.8666666666666667
14.0862 	EXP 	slider_2: markerPos = 0.8666666666666667
14.0936 	EXP 	slider_2: markerPos = 0.8666666666666667
14.1016 	EXP 	slider_2: markerPos = 0.8666666666666667
14.1135 	EXP 	slider_2: markerPos = 0.8666666666666667
14.1212 	EXP 	slider_2: markerPos = 0.8629629629629632
14.1293 	EXP 	slider_2: markerPos = 0.8592592592592592
14.1410 	EXP 	slider_2: markerPos = 0.8592592592592592
14.1481 	EXP 	slider_2: markerPos = 0.8592592592592592
14.1557 	EXP 	slider_2: markerPos = 0.8592592592592592
14.1629 	EXP 	slider_2: markerPos = 0.8592592592592592
14.1709 	EXP 	slider_2: markerPos = 0.8592592592592592
14.1827 	EXP 	slider_2: markerPos = 0.8592592592592592
14.1898 	EXP 	slider_2: markerPos = 0.8592592592592592
14.1972 	EXP 	slider_2: markerPos = 0.8592592592592592
14.2053 	EXP 	slider_2: markerPos = 0.8592592592592592
14.2173 	EXP 	slider_2: markerPos = 0.8592592592592592
14.2248 	EXP 	slider_2: markerPos = 0.8814814814814813
14.2322 	EXP 	slider_2: markerPos = 0.922222222222222
14.2396 	EXP 	slider_2: markerPos = 0.9777777777777779
14.2476 	EXP 	slider_2: markerPos = 1.0740740740740742
14.2592 	EXP 	slider_2: markerPos = 1.0740740740740742
14.2669 	EXP 	slider_2: markerPos = 1.288888888888889
14.2753 	EXP 	slider_2: markerPos = 1.5
14.2862 	EXP 	slider_2: markerPos = 1.6666666666666667
14.2983 	EXP 	slider_2: markerPos = 1.8037037037037038
14.3082 	EXP 	slider_2: markerPos = 1.9925925925925927
14.3163 	EXP 	slider_2: markerPos = 2.088888888888889
14.3294 	EXP 	slider_2: markerPos = 2.137037037037037
14.3372 	EXP 	slider_2: markerPos = 2.262962962962963
14.3441 	EXP 	slider_2: markerPos = 2.314814814814815
14.3521 	EXP 	slider_2: markerPos = 2.314814814814815
14.3622 	EXP 	slider_2: markerPos = 2.4
14.3710 	EXP 	slider_2: markerPos = 2.514814814814815
14.3787 	EXP 	slider_2: markerPos = 2.5777777777777775
14.3880 	EXP 	slider_2: markerPos = 2.6333333333333333
14.3988 	EXP 	slider_2: markerPos = 2.6814814814814816
14.4074 	EXP 	slider_2: markerPos = 2.7296296296296294
14.4198 	EXP 	slider_2: markerPos = 2.7777777777777777
14.4277 	EXP 	slider_2: markerPos = 2.8666666666666667
14.4393 	EXP 	slider_2: markerPos = 2.9037037037037035
14.4475 	EXP 	slider_2: markerPos = 2.9444444444444446
14.4556 	EXP 	slider_2: markerPos = 2.977777777777778
14.4679 	EXP 	slider_2: markerPos = 2.992592592592593
14.4757 	EXP 	slider_2: markerPos = 3.0444444444444443
14.4843 	EXP 	slider_2: markerPos = 3.0703703703703704
14.4954 	EXP 	slider_2: markerPos = 3.077777777777778
14.5032 	EXP 	slider_2: markerPos = 3.1037037037037036
14.5115 	EXP 	slider_2: markerPos = 3.1296296296296298
14.5233 	EXP 	slider_2: markerPos = 3.140740740740741
14.5310 	EXP 	slider_2: markerPos = 3.185185185185185
14.5392 	EXP 	slider_2: markerPos = 3.2185185185185183
14.5463 	EXP 	slider_2: markerPos = 3.262962962962963
14.5571 	EXP 	slider_2: markerPos = 3.2814814814814817
14.5658 	EXP 	slider_2: markerPos = 3.325925925925926
14.5741 	EXP 	slider_2: markerPos = 3.351851851851852
14.5856 	EXP 	slider_2: markerPos = 3.3703703703703702
14.5942 	EXP 	slider_2: markerPos = 3.425925925925926
14.6016 	EXP 	slider_2: markerPos = 3.4444444444444446
14.6122 	EXP 	slider_2: markerPos = 3.511111111111111
14.6209 	EXP 	slider_2: markerPos = 3.6222222222222222
14.6289 	EXP 	slider_2: markerPos = 3.651851851851852
14.6397 	EXP 	slider_2: markerPos = 3.688888888888889
14.6497 	EXP 	slider_2: markerPos = 3.7666666666666666
14.6581 	EXP 	slider_2: markerPos = 3.7962962962962963
14.6692 	EXP 	slider_2: markerPos = 3.859259259259259
14.6770 	EXP 	slider_2: markerPos = 3.9074074074074074
14.6854 	EXP 	slider_2: markerPos = 3.9333333333333336
14.6978 	EXP 	slider_2: markerPos = 3.988888888888889
14.7062 	EXP 	slider_2: markerPos = 4.014814814814815
14.7135 	EXP 	slider_2: markerPos = 4.033333333333333
14.7246 	EXP 	slider_2: markerPos = 4.0814814814814815
14.7326 	EXP 	slider_2: markerPos = 4.111111111111111
14.7452 	EXP 	slider_2: markerPos = 4.12962962962963
14.7546 	EXP 	slider_2: markerPos = 4.159259259259259
14.7664 	EXP 	slider_2: markerPos = 4.192592592592593
14.7757 	EXP 	slider_2: markerPos = 4.207407407407407
14.7876 	EXP 	slider_2: markerPos = 4.225925925925926
14.7960 	EXP 	slider_2: markerPos = 4.307407407407407
14.8076 	EXP 	slider_2: markerPos = 4.333333333333333
14.8160 	EXP 	slider_2: markerPos = 4.355555555555556
14.8250 	EXP 	slider_2: markerPos = 4.388888888888889
14.8341 	EXP 	slider_2: markerPos = 4.462962962962963
14.8431 	EXP 	slider_2: markerPos = 4.496296296296296
14.8522 	EXP 	slider_2: markerPos = 4.525925925925926
14.8638 	EXP 	slider_2: markerPos = 4.562962962962963
14.8724 	EXP 	slider_2: markerPos = 4.625925925925926
14.8855 	EXP 	slider_2: markerPos = 4.659259259259259
14.8982 	EXP 	slider_2: markerPos = 4.707407407407407
14.9067 	EXP 	slider_2: markerPos = 4.770370370370371
14.9191 	EXP 	slider_2: markerPos = 4.796296296296296
14.9273 	EXP 	slider_2: markerPos = 4.840740740740741
14.9397 	EXP 	slider_2: markerPos = 4.859259259259259
14.9482 	EXP 	slider_2: markerPos = 4.9
14.9607 	EXP 	slider_2: markerPos = 4.9185185185185185
14.9686 	EXP 	slider_2: markerPos = 4.940740740740741
14.9772 	EXP 	slider_2: markerPos = 4.959259259259259
14.9884 	EXP 	slider_2: markerPos = 4.977777777777778
14.9961 	EXP 	slider_2: markerPos = 5.0
15.0040 	EXP 	slider_2: markerPos = 5.018518518518519
15.0112 	EXP 	slider_2: markerPos = 5.033333333333333
15.0227 	EXP 	slider_2: markerPos = 5.048148148148148
15.0327 	EXP 	slider_2: markerPos = 5.074074074074074
15.0444 	EXP 	slider_2: markerPos = 5.0851851851851855
15.0529 	EXP 	slider_2: markerPos = 5.092592592592593
15.0652 	EXP 	slider_2: markerPos = 5.125925925925926
15.0735 	EXP 	slider_2: markerPos = 5.137037037037037
15.0861 	EXP 	slider_2: markerPos = 5.15925925925926
15.0941 	EXP 	slider_2: markerPos = 5.185185185185185
15.1066 	EXP 	slider_2: markerPos = 5.196296296296296
15.1150 	EXP 	slider_2: markerPos = 5.207407407407407
15.1218 	EXP 	slider_2: markerPos = 5.211111111111111
15.1308 	EXP 	slider_2: markerPos = 5.222222222222222
15.1401 	EXP 	slider_2: markerPos = 5.225925925925926
15.1485 	EXP 	slider_2: markerPos = 5.229629629629629
15.1561 	EXP 	slider_2: markerPos = 5.229629629629629
15.1641 	EXP 	slider_2: markerPos = 5.229629629629629
15.1763 	EXP 	slider_2: markerPos = 5.229629629629629
15.1840 	EXP 	slider_2: markerPos = 5.229629629629629
15.1922 	EXP 	slider_2: markerPos = 5.229629629629629
15.2037 	EXP 	slider_2: markerPos = 5.229629629629629
15.2118 	EXP 	slider_2: markerPos = 5.229629629629629
15.2195 	EXP 	slider_2: markerPos = 5.229629629629629
15.2322 	EXP 	slider_2: markerPos = 5.229629629629629
15.2409 	EXP 	slider_2: markerPos = 5.229629629629629
15.2525 	EXP 	slider_2: markerPos = 5.229629629629629
15.2601 	EXP 	slider_2: markerPos = 5.229629629629629
15.2699 	EXP 	slider_2: markerPos = 5.229629629629629
15.2788 	EXP 	slider_2: markerPos = 5.229629629629629
15.2871 	EXP 	slider_2: markerPos = 5.229629629629629
15.2947 	EXP 	slider_2: markerPos = 5.225925925925926
15.3034 	EXP 	slider_2: markerPos = 5.222222222222222
15.3104 	EXP 	slider_2: markerPos = 5.222222222222222
15.3224 	EXP 	slider_2: markerPos = 5.207407407407407
15.3309 	EXP 	slider_2: markerPos = 5.188888888888889
15.3424 	EXP 	slider_2: markerPos = 5.177777777777777
15.3500 	EXP 	slider_2: markerPos = 5.137037037037037
15.3574 	EXP 	slider_2: markerPos = 5.0962962962962965
15.3658 	EXP 	slider_2: markerPos = 5.051851851851852
15.3773 	EXP 	slider_2: markerPos = 4.981481481481481
15.3850 	EXP 	slider_2: markerPos = 4.92962962962963
15.3929 	EXP 	slider_2: markerPos = 4.907407407407407
15.4001 	EXP 	slider_2: markerPos = 4.888888888888889
15.4082 	EXP 	slider_2: markerPos = 4.874074074074074
15.4179 	EXP 	slider_2: markerPos = 4.855555555555556
15.4265 	EXP 	slider_2: markerPos = 4.82962962962963
15.4354 	EXP 	slider_2: markerPos = 4.792592592592593
15.4472 	EXP 	slider_2: markerPos = 4.7555555555555555
15.4545 	EXP 	slider_2: markerPos = 4.718518518518518
15.4625 	EXP 	slider_2: markerPos = 4.659259259259259
15.4745 	EXP 	slider_2: markerPos = 4.633333333333333
15.4822 	EXP 	slider_2: markerPos = 4.588888888888889
15.4909 	EXP 	slider_2: markerPos = 4.574074074074074
15.5027 	EXP 	slider_2: markerPos = 4.559259259259259
15.5108 	EXP 	slider_2: markerPos = 4.548148148148148
15.5231 	EXP 	slider_2: markerPos = 4.537037037037037
15.5309 	EXP 	slider_2: markerPos = 4.514814814814815
15.5399 	EXP 	slider_2: markerPos = 4.507407407407407
15.5514 	EXP 	slider_2: markerPos = 4.5
15.5597 	EXP 	slider_2: markerPos = 4.496296296296296
15.5717 	EXP 	slider_2: markerPos = 4.492592592592593
15.5796 	EXP 	slider_2: markerPos = 4.492592592592593
15.5881 	EXP 	slider_2: markerPos = 4.492592592592593
15.5996 	EXP 	slider_2: markerPos = 4.492592592592593
15.6069 	EXP 	slider_2: markerPos = 4.492592592592593
15.6149 	EXP 	slider_2: markerPos = 4.492592592592593
15.6217 	EXP 	slider_2: markerPos = 4.492592592592593
15.6315 	DATA 	Mouse:  Left button up, pos=(1363,510)
15.6336 	EXP 	slider_2: markerPos = 4.492592592592593
15.6415 	EXP 	slider_2: markerPos = 4.492592592592593
16.1973 	DATA 	Mouse: Left button down, pos=(992,281)
16.3020 	DATA 	Mouse:  Left button up, pos=(992,281)
16.9888 	DATA 	Keypress: escape
17.4922 	EXP 	window1: mouseVisible = True
17.4923 	DEBUG 	Saving data for FaceAttractiveness ExperimentHandler
17.4931 	INFO 	saved data to C:\Users\annak\Documents\GitHub\faceattractiveness_lesion\data/_FaceAttractiveness_2023-04-05_19h43.35.509.psydat
17.4938 	INFO 	saved data to 'C:\\Users\\annak\\Documents\\GitHub\\faceattractiveness_lesion\\data/_FaceAttractiveness_2023-04-05_19h43.35.509.csv'
