7.1110 	INFO 	Loaded monitor calibration from ['2021_12_01 18:33']
7.1177 	WARNING 	User requested fullscreen with size [1536  864], but screen is actually [1920, 1080]. Using actual size
8.3674 	EXP 	Created window1 = Window(allowGUI=True, allowStencil=False, autoLog=True, backendConf=UNKNOWN, bitsMode=UNKNOWN, blendMode='avg', bpc=(8, 8, 8), color=array([0.09803922, 0.09803922, 0.09803922]), colorSpace='rgb', depthBits=8, fullscr=<method-wrapper '__getattribute__' of attributeSetter object at 0x000002468C578EB0>, gamma=None, gammaErrorPolicy='raise', lms=UNKNOWN, monitor=<psychopy.monitors.calibTools.Monitor object at 0x00000246901363A0>, multiSample=False, name='window1', numSamples=2, pos=(0, 0), screen=0, size=array([1920, 1080]), stencilBits=0, stereo=False, units='height', useFBO=True, useRetina=False, viewOri=0.0, viewPos=None, viewScale=None, waitBlanking=True, winType='pyglet')
8.3675 	EXP 	window1: mouseVisible = True
8.3676 	EXP 	window1: mouseVisible = False
8.3676 	EXP 	window1: Attempting to measure frame rate of screen (0) ...
8.3676 	EXP 	window1: recordFrameIntervals = False
8.4366 	EXP 	window1: recordFrameIntervals = True
8.5127 	EXP 	Screen (0) actual frame rate measured at 144.58Hz
8.5128 	EXP 	window1: recordFrameIntervals = False
10.1185 	INFO 	keyboard.Keyboard is using iohub backend.
10.1907 	EXP 	Created ques_instr = TextStim(__class__=<class 'psychopy.visual.text.TextStim'>, alignHoriz=method-wrapper(...), alignText='center', alignVert=method-wrapper(...), anchorHoriz='center', anchorVert='center', antialias=True, autoDraw=False, autoLog=True, bold=False, color=array([1, 1, 1]), colorSpace='rgb', contrast=1.0, depth=0.0, flipHoriz=False, flipVert=False, font='Arial', fontFiles=[], height=0.04, italic=False, languageStyle='LTR', name='ques_instr', opacity=1.0, ori=0.0, pos=array([0., 0.]), rgb=UNKNOWN, text=str(...), units='height', win=Window(...), wrapWidth=1)
10.1911 	EXP 	window1: mouseVisible = True
10.1946 	EXP 	window1: mouseVisible = True
10.2162 	DEBUG 	TextBox2 loaded 1 chars with 0 blanks and 1 valid
10.2180 	DEBUG 	TextBox2 loaded 1 chars with 0 blanks and 1 valid
10.2195 	DEBUG 	TextBox2 loaded 1 chars with 0 blanks and 1 valid
10.2213 	DEBUG 	TextBox2 loaded 1 chars with 0 blanks and 1 valid
10.2226 	DEBUG 	TextBox2 loaded 1 chars with 0 blanks and 1 valid
10.2240 	DEBUG 	TextBox2 loaded 1 chars with 0 blanks and 1 valid
10.2256 	DEBUG 	TextBox2 loaded 1 chars with 0 blanks and 1 valid
10.2273 	DEBUG 	TextBox2 loaded 1 chars with 0 blanks and 1 valid
10.2289 	DEBUG 	TextBox2 loaded 1 chars with 0 blanks and 1 valid
10.2306 	DEBUG 	TextBox2 loaded 1 chars with 0 blanks and 1 valid
10.2321 	DEBUG 	TextBox2 loaded 1 chars with 0 blanks and 1 valid
10.2335 	DEBUG 	TextBox2 loaded 1 chars with 0 blanks and 1 valid
10.2337 	DEBUG 	Uploading Texture Font fontname to graphics card
10.2396 	DEBUG 	Upload of Texture Font fontname complete
10.2540 	DEBUG 	TextBox2 loaded 1 chars with 0 blanks and 1 valid
10.2542 	DEBUG 	Uploading Texture Font fontname to graphics card
10.2587 	DEBUG 	Upload of Texture Font fontname complete
10.2731 	DEBUG 	TextBox2 loaded 1 chars with 0 blanks and 1 valid
10.2750 	DEBUG 	TextBox2 loaded 1 chars with 0 blanks and 1 valid
10.2768 	DEBUG 	TextBox2 loaded 1 chars with 0 blanks and 1 valid
10.2786 	DEBUG 	TextBox2 loaded 1 chars with 0 blanks and 1 valid
10.2802 	DEBUG 	TextBox2 loaded 1 chars with 0 blanks and 1 valid
10.2820 	DEBUG 	TextBox2 loaded 1 chars with 0 blanks and 1 valid
10.2822 	DEBUG 	Uploading Texture Font fontname to graphics card
10.2867 	DEBUG 	Upload of Texture Font fontname complete
10.3011 	DEBUG 	TextBox2 loaded 1 chars with 0 blanks and 1 valid
10.3014 	DEBUG 	Uploading Texture Font fontname to graphics card
10.3058 	DEBUG 	Upload of Texture Font fontname complete
10.3200 	DEBUG 	TextBox2 loaded 1 chars with 0 blanks and 1 valid
10.3219 	DEBUG 	TextBox2 loaded 1 chars with 0 blanks and 1 valid
10.3221 	DEBUG 	Uploading Texture Font fontname to graphics card
10.3261 	DEBUG 	Upload of Texture Font fontname complete
10.3378 	EXP 	Created slider_rad_therapy = Slider(__class__=<class 'psychopy.visual.slider.Slider'>, autoDraw=False, autoLog=True, borderColor=None, color=None, colorSpace='rgb', depth=0, fillColor=None, flip=False, font='Arial', granularity=0.0, labelColor=None, labelHeight=0.03, labelWrapWidth=None, labels=tuple(...), lineColor=None, markerColor=None, name='slider_rad_therapy', opacity=None, ori=0.0, pos=array([0. , 0.1]), readOnly=False, self=UNKNOWN, size=array([1. , 0.1]), startValue=3, style='rating', styleTweaks=['labels45'], ticks=array([1, 2, 3, 4, 5]), units='height', win=Window(...))
10.3465 	EXP 	Created text_rad_therapy = TextStim(__class__=<class 'psychopy.visual.text.TextStim'>, alignHoriz=method-wrapper(...), alignText='center', alignVert=method-wrapper(...), anchorHoriz='center', anchorVert='center', antialias=True, autoDraw=False, autoLog=True, bold=False, color=array([1, 1, 1]), colorSpace='rgb', contrast=1.0, depth=-1.0, flipHoriz=False, flipVert=False, font='Open Sans', fontFiles=[], height=0.04, italic=False, languageStyle='LTR', name='text_rad_therapy', opacity=1.0, ori=0.0, pos=array([0. , 0.3]), rgb=UNKNOWN, text=str(...), units='height', win=Window(...), wrapWidth=1)
10.3478 	EXP 	window1: mouseVisible = True
10.4183 	EXP 	Created slider_surgery = Slider(__class__=<class 'psychopy.visual.slider.Slider'>, autoDraw=False, autoLog=True, borderColor=None, color=None, colorSpace='rgb', depth=-2, fillColor=None, flip=False, font='Arial', granularity=0.0, labelColor=None, labelHeight=0.03, labelWrapWidth=None, labels=tuple(...), lineColor=None, markerColor=None, name='slider_surgery', opacity=None, ori=0.0, pos=array([ 0. , -0.3]), readOnly=False, self=UNKNOWN, size=array([1. , 0.1]), startValue=3, style='rating', styleTweaks=['labels45'], ticks=array([1, 2, 3, 4, 5]), units='height', win=Window(...))
10.4228 	EXP 	Created text_surgery = TextStim(__class__=<class 'psychopy.visual.text.TextStim'>, alignHoriz=method-wrapper(...), alignText='center', alignVert=method-wrapper(...), anchorHoriz='center', anchorVert='center', antialias=True, autoDraw=False, autoLog=True, bold=False, color=array([1, 1, 1]), colorSpace='rgb', contrast=1.0, depth=-3.0, flipHoriz=False, flipVert=False, font='Open Sans', fontFiles=[], height=0.04, italic=False, languageStyle='LTR', name='text_surgery', opacity=1.0, ori=0.0, pos=array([ 0. , -0.1]), rgb=UNKNOWN, text=str(...), units='height', win=Window(...), wrapWidth=1)
10.4326 	EXP 	Created image = ImageStim(__class__=<class 'psychopy.visual.image.ImageStim'>, anchor=('center', 'center'), autoLog=True, color=array([1, 1, 1]), colorSpace='rgb', contrast=1.0, depth=-4.0, flipHoriz=False, flipVert=False, image='Picture1-eng.png', interpolate=True, mask=None, maskParams=None, name='image', opacity=1.0, ori=0.0, pos=array([ 0.7, -0.4]), size=array([0.2, 0.1]), texRes=128.0, units='height', win=Window(...))
10.4326 	EXP 	window1: mouseVisible = True
10.4335 	EXP 	Created instrBlock = TextStim(__class__=<class 'psychopy.visual.text.TextStim'>, alignHoriz=method-wrapper(...), alignText='center', alignVert=method-wrapper(...), anchorHoriz='center', anchorVert='center', antialias=True, autoDraw=False, autoLog=True, bold=False, color=array([1, 1, 1]), colorSpace='rgb', contrast=1.0, depth=0.0, flipHoriz=False, flipVert=False, font='Arial', fontFiles=[], height=0.05, italic=False, languageStyle='LTR', name='instrBlock', opacity=1.0, ori=0.0, pos=array([0., 0.]), rgb=UNKNOWN, text='', units='height', win=Window(...), wrapWidth=1)
10.4335 	EXP 	window1: mouseVisible = True
10.4364 	EXP 	Created face_image_q = ImageStim(__class__=<class 'psychopy.visual.image.ImageStim'>, anchor=('center', 'center'), autoLog=True, color=array([1, 1, 1]), colorSpace='rgb', contrast=1.0, depth=-1.0, flipHoriz=False, flipVert=False, image='sin', interpolate=True, mask=None, maskParams=None, name='face_image_q', opacity=1.0, ori=0.0, pos=array([0. , 0.3]), size=array([0.88888889, 0.5       ]), texRes=128.0, units='height', win=Window(...))
10.4375 	EXP 	window1: mouseVisible = True
10.4516 	DEBUG 	TextBox2 loaded 1 chars with 0 blanks and 1 valid
10.4525 	DEBUG 	TextBox2 loaded 1 chars with 0 blanks and 1 valid
10.4533 	DEBUG 	TextBox2 loaded 1 chars with 0 blanks and 1 valid
10.4541 	DEBUG 	TextBox2 loaded 1 chars with 0 blanks and 1 valid
10.4547 	DEBUG 	TextBox2 loaded 1 chars with 0 blanks and 1 valid
10.4553 	DEBUG 	TextBox2 loaded 1 chars with 0 blanks and 1 valid
10.4560 	DEBUG 	TextBox2 loaded 1 chars with 0 blanks and 1 valid
10.4568 	DEBUG 	TextBox2 loaded 1 chars with 0 blanks and 1 valid
10.4576 	DEBUG 	TextBox2 loaded 1 chars with 0 blanks and 1 valid
10.4585 	DEBUG 	TextBox2 loaded 1 chars with 0 blanks and 1 valid
10.4593 	DEBUG 	TextBox2 loaded 1 chars with 0 blanks and 1 valid
10.4601 	DEBUG 	TextBox2 loaded 1 chars with 0 blanks and 1 valid
10.4609 	DEBUG 	TextBox2 loaded 1 chars with 0 blanks and 1 valid
10.4611 	DEBUG 	Uploading Texture Font fontname to graphics card
10.4634 	DEBUG 	Upload of Texture Font fontname complete
10.4764 	DEBUG 	TextBox2 loaded 1 chars with 0 blanks and 1 valid
10.4772 	DEBUG 	TextBox2 loaded 1 chars with 0 blanks and 1 valid
10.4779 	DEBUG 	TextBox2 loaded 1 chars with 0 blanks and 1 valid
10.4781 	DEBUG 	Uploading Texture Font fontname to graphics card
10.4786 	DEBUG 	Upload of Texture Font fontname complete
10.4908 	DEBUG 	TextBox2 loaded 1 chars with 0 blanks and 1 valid
10.4916 	DEBUG 	TextBox2 loaded 1 chars with 0 blanks and 1 valid
10.4922 	DEBUG 	TextBox2 loaded 1 chars with 0 blanks and 1 valid
10.4930 	DEBUG 	TextBox2 loaded 1 chars with 0 blanks and 1 valid
10.4932 	DEBUG 	Uploading Texture Font fontname to graphics card
10.4937 	DEBUG 	Upload of Texture Font fontname complete
10.5063 	DEBUG 	TextBox2 loaded 1 chars with 0 blanks and 1 valid
10.5072 	DEBUG 	TextBox2 loaded 1 chars with 0 blanks and 1 valid
10.5081 	DEBUG 	TextBox2 loaded 1 chars with 0 blanks and 1 valid
10.5084 	DEBUG 	Uploading Texture Font fontname to graphics card
10.5088 	DEBUG 	Upload of Texture Font fontname complete
10.5212 	DEBUG 	TextBox2 loaded 1 chars with 0 blanks and 1 valid
10.5214 	DEBUG 	Uploading Texture Font fontname to graphics card
10.5220 	DEBUG 	Upload of Texture Font fontname complete
10.5351 	EXP 	Created slider_trustworthy = Slider(__class__=<class 'psychopy.visual.slider.Slider'>, autoDraw=False, autoLog=True, borderColor=None, color=None, colorSpace='rgb', depth=-2, fillColor=None, flip=False, font='Open Sans', granularity=1.0, labelColor=None, labelHeight=0.02, labelWrapWidth=None, labels=tuple(...), lineColor=None, markerColor=None, name='slider_trustworthy', opacity=None, ori=0.0, pos=array([0., 0.]), readOnly=False, self=UNKNOWN, size=array([1.   , 0.025]), startValue=None, style='radio', styleTweaks=['labels45'], ticks=array([1, 2, 3, 4, 5]), units='height', win=Window(...))
10.5470 	EXP 	Created text_trustworthy = TextStim(__class__=<class 'psychopy.visual.text.TextStim'>, alignHoriz=method-wrapper(...), alignText='center', alignVert=method-wrapper(...), anchorHoriz='center', anchorVert='center', antialias=True, autoDraw=False, autoLog=True, bold=False, color=array([1, 1, 1]), colorSpace='rgb', contrast=1.0, depth=-3.0, flipHoriz=False, flipVert=False, font='Open Sans', fontFiles=[], height=0.03, italic=False, languageStyle='LTR', name='text_trustworthy', opacity=1.0, ori=0.0, pos=array([0.  , 0.05]), rgb=UNKNOWN, text=str(...), units='height', win=Window(...), wrapWidth=1)
10.5483 	EXP 	window1: mouseVisible = True
10.6199 	EXP 	Created slider_aggressive = Slider(__class__=<class 'psychopy.visual.slider.Slider'>, autoDraw=False, autoLog=True, borderColor=None, color=None, colorSpace='rgb', depth=-4, fillColor=None, flip=False, font='Open Sans', granularity=1.0, labelColor=None, labelHeight=0.02, labelWrapWidth=None, labels=tuple(...), lineColor=None, markerColor=None, name='slider_aggressive', opacity=None, ori=0.0, pos=array([ 0.  , -0.25]), readOnly=False, self=UNKNOWN, size=array([1.   , 0.025]), startValue=None, style='radio', styleTweaks=[], ticks=array([1, 2, 3, 4, 5]), units='height', win=Window(...))
10.6231 	EXP 	Created text_aggressive = TextStim(__class__=<class 'psychopy.visual.text.TextStim'>, alignHoriz=method-wrapper(...), alignText='center', alignVert=method-wrapper(...), anchorHoriz='center', anchorVert='center', antialias=True, autoDraw=False, autoLog=True, bold=False, color=array([1, 1, 1]), colorSpace='rgb', contrast=1.0, depth=-5.0, flipHoriz=False, flipVert=False, font='Open Sans', fontFiles=[], height=0.03, italic=False, languageStyle='LTR', name='text_aggressive', opacity=1.0, ori=0.0, pos=array([ 0.  , -0.15]), rgb=UNKNOWN, text=str(...), units='height', win=Window(...), wrapWidth=1)
10.6231 	EXP 	window1: mouseVisible = True
10.6296 	EXP 	Created Confirm = ImageStim(__class__=<class 'psychopy.visual.image.ImageStim'>, anchor=('center', 'center'), autoLog=True, color=array([1, 1, 1]), colorSpace='rgb', contrast=1.0, depth=-7.0, flipHoriz=False, flipVert=False, image='Picture1-eng.png', interpolate=True, mask=None, maskParams=None, name='Confirm', opacity=1.0, ori=0.0, pos=array([ 0. , -0.4]), size=array([0.2, 0.1]), texRes=128.0, units='height', win=Window(...))
10.6309 	EXP 	Created text_2 = TextStim(__class__=<class 'psychopy.visual.text.TextStim'>, alignHoriz=method-wrapper(...), alignText='center', alignVert=method-wrapper(...), anchorHoriz='center', anchorVert='center', antialias=True, autoDraw=False, autoLog=True, bold=False, color=array([1, 1, 1]), colorSpace='rgb', contrast=1.0, depth=-1.0, flipHoriz=False, flipVert=False, font='Open Sans', fontFiles=[], height=0.05, italic=False, languageStyle='LTR', name='text_2', opacity=1.0, ori=0.0, pos=array([0., 0.]), rgb=UNKNOWN, text='', units='height', win=Window(...), wrapWidth=1)
10.6589 	EXP 	Created EndText = TextStim(__class__=<class 'psychopy.visual.text.TextStim'>, alignHoriz=method-wrapper(...), alignText='center', alignVert=method-wrapper(...), anchorHoriz='center', anchorVert='center', antialias=True, autoDraw=False, autoLog=True, bold=False, color=array([-1, -1, -1]), colorSpace='rgb', contrast=1.0, depth=0.0, flipHoriz=False, flipVert=False, font='Arial', fontFiles=[], height=0.03, italic=False, languageStyle='LTR', name='EndText', opacity=1.0, ori=0, pos=array([0., 0.]), rgb=UNKNOWN, text=str(...), units='height', win=Window(...), wrapWidth=1)
10.6590 	EXP 	window1: mouseVisible = True
10.6649 	EXP 	slider_rad_therapy: autoLog = True
10.6649 	EXP 	slider_rad_therapy: markerPos = 3
10.6649 	EXP 	slider_rad_therapy: styleTweaks = []
10.6649 	EXP 	slider_rad_therapy: styleTweaks = []
10.6649 	EXP 	slider_rad_therapy: styleTweaks = ['labels45']
10.6649 	EXP 	slider_rad_therapy: styleTweaks = ['labels45']
10.6649 	EXP 	slider_rad_therapy: contrast = 1.0
10.6649 	EXP 	slider_rad_therapy: autoLog = True
10.6649 	EXP 	slider_surgery: autoLog = True
10.6649 	EXP 	slider_surgery: markerPos = 3
10.6649 	EXP 	slider_surgery: styleTweaks = []
10.6649 	EXP 	slider_surgery: styleTweaks = []
10.6649 	EXP 	slider_surgery: styleTweaks = ['labels45']
10.6649 	EXP 	slider_surgery: styleTweaks = ['labels45']
10.6649 	EXP 	slider_surgery: contrast = 1.0
10.6649 	EXP 	slider_surgery: autoLog = True
10.6649 	EXP 	slider_trustworthy: autoLog = True
10.6649 	EXP 	slider_trustworthy: markerPos = None
10.6649 	EXP 	slider_trustworthy: styleTweaks = []
10.6649 	EXP 	slider_trustworthy: styleTweaks = []
10.6649 	EXP 	slider_trustworthy: styleTweaks = ['labels45']
10.6649 	EXP 	slider_trustworthy: styleTweaks = ['labels45']
10.6649 	EXP 	slider_trustworthy: contrast = 1.0
10.6649 	EXP 	slider_trustworthy: autoLog = True
10.6649 	EXP 	slider_aggressive: autoLog = True
10.6649 	EXP 	slider_aggressive: markerPos = None
10.6649 	EXP 	slider_aggressive: styleTweaks = []
10.6649 	EXP 	slider_aggressive: styleTweaks = []
10.6649 	EXP 	slider_aggressive: styleTweaks = []
10.6649 	EXP 	slider_aggressive: styleTweaks = []
10.6649 	EXP 	slider_aggressive: contrast = 1.0
10.6649 	EXP 	slider_aggressive: autoLog = True
10.6649 	EXP 	ques_instr: autoDraw = True
11.0699 	DATA 	Mouse: Left button down, pos=(842,415)
11.1732 	DATA 	Mouse:  Left button up, pos=(842,415)
12.2218 	DATA 	Mouse: Left button down, pos=(986,528)
12.2713 	EXP 	ques_instr: autoDraw = False
12.2713 	EXP 	slider_rad_therapy: markerPos = None
12.2713 	EXP 	slider_rad_therapy: markerPos = 3
12.2713 	EXP 	slider_surgery: markerPos = None
12.2713 	EXP 	slider_surgery: markerPos = 3
12.2713 	EXP 	slider_rad_therapy: autoDraw = True
12.2713 	EXP 	text_rad_therapy: autoDraw = True
12.2713 	EXP 	slider_surgery: autoDraw = True
12.2713 	EXP 	text_surgery: autoDraw = True
12.2713 	EXP 	image: autoDraw = True
12.3293 	DATA 	Mouse:  Left button up, pos=(986,528)
13.2266 	DATA 	Mouse: Left button down, pos=(1670,98)
13.2517 	EXP 	slider_rad_therapy: autoDraw = False
13.2517 	EXP 	text_rad_therapy: autoDraw = False
13.2517 	EXP 	slider_surgery: autoDraw = False
13.2517 	EXP 	text_surgery: autoDraw = False
13.2517 	EXP 	image: autoDraw = False
13.2517 	EXP 	instrBlock: height = 0.05
13.2517 	EXP 	instrBlock: height = 0.05
13.2517 	EXP 	instrBlock: height = 0.05
13.2517 	EXP 	instrBlock: text = 'Each patient below has been diagnosed with a low-risk, non-sclerosing, early-stage basal cell skin cancer. The patients are otherwise in good health. For each face, please indicate how likely you would be to recommend surgery versus radiation in the management of each lesion. \nPlease click anywhere to start'
13.2517 	EXP 	instrBlock: autoDraw = True
13.3202 	DATA 	Mouse:  Left button up, pos=(1670,98)
13.8332 	DATA 	Mouse: Left button down, pos=(813,525)
13.8409 	DEBUG 	Read excel file with openpyxl: faceImages.xlsx
13.8419 	EXP 	Imported faceImages.xlsx as conditions, 95 conditions, 1 params
13.8428 	EXP 	Created sequence: random, trialTypes=95, nReps=1, seed=None
13.8430 	EXP 	New trial (rep=0, index=0): {'faceImages': 'images\\NASALTIP_CFD_BM_234_172_N.png'}
13.8437 	EXP 	New trial (rep=0, index=1): {'faceImages': 'images\\NASALTIP_087_M_M_N_A.png'}
13.8443 	EXP 	New trial (rep=0, index=2): {'faceImages': 'images\\RCHEEK_087_M_M_N_A.png'}
13.8448 	EXP 	New trial (rep=0, index=3): {'faceImages': 'images\\LCHEEK_CFD_AM_233_236_N.png'}
13.8454 	EXP 	New trial (rep=0, index=4): {'faceImages': 'images\\NASALTIP_CFD_BF_224_002_N.png'}
13.8460 	EXP 	New trial (rep=0, index=5): {'faceImages': 'images\\LCHEEK_006_M_F_N_A.png'}
13.8466 	EXP 	New trial (rep=0, index=6): {'faceImages': 'images\\LIP_CFD_WF_200_099_N.png'}
13.8470 	EXP 	New trial (rep=0, index=7): {'faceImages': 'images\\NASALTIP_CFD_WF_250_167_N.png'}
13.8475 	EXP 	New trial (rep=0, index=8): {'faceImages': 'images\\FOREHEAD_CFD_AF_231_357_N.png'}
13.8479 	EXP 	New trial (rep=0, index=9): {'faceImages': 'images\\LIP_CFD_WM_212_097_N.png'}
13.8483 	EXP 	New trial (rep=0, index=10): {'faceImages': 'images\\NASALTIP_CFD_AM_233_236_N.png'}
13.8486 	EXP 	New trial (rep=0, index=11): {'faceImages': 'images\\LCHEEK_CFD_WF_200_099_N.png'}
13.8489 	EXP 	New trial (rep=0, index=12): {'faceImages': 'images\\NASALTIP_CFD_BF_214_308_N.png'}
13.8492 	EXP 	New trial (rep=0, index=13): {'faceImages': 'images\\FOREHEAD_CFD_LM_203_026_N.png'}
13.8494 	EXP 	New trial (rep=0, index=14): {'faceImages': 'images\\RCHEEK_CFD_AF_237_223_N.png'}
13.8497 	EXP 	New trial (rep=0, index=15): {'faceImages': 'images\\LIP_CFD_LM_201_057_N.png'}
13.8499 	EXP 	New trial (rep=0, index=16): {'faceImages': 'images\\FOREHEAD_CFD_LM_201_057_N.png'}
13.8501 	EXP 	New trial (rep=0, index=17): {'faceImages': 'images\\LIP_006_M_F_N_A.png'}
13.8505 	EXP 	New trial (rep=0, index=18): {'faceImages': 'images\\NASALTIP_CFD_LF_224_176_N.png'}
13.8508 	EXP 	New trial (rep=0, index=19): {'faceImages': 'images\\LCHEEK_CFD_LM_201_057_N.png'}
13.8511 	EXP 	New trial (rep=0, index=20): {'faceImages': 'images\\NASALTIP_035_M_F_N_A.png'}
13.8513 	EXP 	New trial (rep=0, index=21): {'faceImages': 'images\\RCHEEK_035_M_F_N_A.png'}
13.8516 	EXP 	New trial (rep=0, index=22): {'faceImages': 'images\\FOREHEAD_CFD_WM_212_097_N.png'}
13.8518 	EXP 	New trial (rep=0, index=23): {'faceImages': 'images\\RCHEEK_CFD_BM_213_134_N.png'}
13.8521 	EXP 	New trial (rep=0, index=24): {'faceImages': 'images\\RCHEEK_CFD_BF_224_002_N.png'}
13.8523 	EXP 	New trial (rep=0, index=25): {'faceImages': 'images\\FOREHEAD_CFD_AF_237_223_N.png'}
13.8526 	EXP 	New trial (rep=0, index=26): {'faceImages': 'images\\NASALTIP_CFD_LM_201_057_N.png'}
13.8528 	EXP 	New trial (rep=0, index=27): {'faceImages': 'images\\LIP_CFD_AF_245_143_N.png'}
13.8531 	EXP 	New trial (rep=0, index=28): {'faceImages': 'images\\LCHEEK_CFD_WM_212_097_N.png'}
13.8534 	EXP 	New trial (rep=0, index=29): {'faceImages': 'images\\FOREHEAD_136_M_M_N_A.png'}
13.8536 	EXP 	New trial (rep=0, index=30): {'faceImages': 'images\\LIP_CFD_WF_250_167_N.png'}
13.8539 	EXP 	New trial (rep=0, index=31): {'faceImages': 'images\\LIP_CFD_AM_233_236_N.png'}
13.8541 	EXP 	New trial (rep=0, index=32): {'faceImages': 'images\\FOREHEAD_CFD_AF_245_143_N.png'}
13.8544 	EXP 	New trial (rep=0, index=33): {'faceImages': 'images\\NASALTIP_136_M_M_N_A.png'}
13.8546 	EXP 	New trial (rep=0, index=34): {'faceImages': 'images\\RCHEEK_CFD_LF_224_176_N.png'}
13.8549 	EXP 	New trial (rep=0, index=35): {'faceImages': 'images\\LIP_CFD_BM_213_134_N.png'}
13.8552 	EXP 	New trial (rep=0, index=36): {'faceImages': 'images\\FOREHEAD_CFD_BF_214_308_N.png'}
13.8555 	EXP 	New trial (rep=0, index=37): {'faceImages': 'images\\NASALTIP_CFD_AF_237_223_N.png'}
13.8557 	EXP 	New trial (rep=0, index=38): {'faceImages': 'images\\FOREHEAD_CFD_BM_234_172_N.png'}
13.8560 	EXP 	New trial (rep=0, index=39): {'faceImages': 'images\\RCHEEK_CFD_WM_212_097_N.png'}
13.8562 	EXP 	New trial (rep=0, index=40): {'faceImages': 'images\\FOREHEAD_CFD_WF_002_004_N.png'}
13.8565 	EXP 	New trial (rep=0, index=41): {'faceImages': 'images\\LCHEEK_087_M_M_N_A.png'}
13.8567 	EXP 	New trial (rep=0, index=42): {'faceImages': 'images\\LCHEEK_CFD_BF_224_002_N.png'}
13.8570 	EXP 	New trial (rep=0, index=43): {'faceImages': 'images\\RCHEEK_CFD_WF_200_099_N.png'}
13.8572 	EXP 	New trial (rep=0, index=44): {'faceImages': 'images\\NASALTIP_CFD_WF_200_099_N.png'}
13.8575 	EXP 	New trial (rep=0, index=45): {'faceImages': 'images\\LCHEEK_CFD_BM_213_134_N.png'}
13.8577 	EXP 	New trial (rep=0, index=46): {'faceImages': 'images\\RCHEEK_CFD_WF_250_167_N.png'}
13.8579 	EXP 	New trial (rep=0, index=47): {'faceImages': 'images\\FOREHEAD_CFD_WF_250_167_N.png'}
13.8581 	EXP 	New trial (rep=0, index=48): {'faceImages': 'images\\NASALTIP_CFD_WF_002_004_N.png'}
13.8584 	EXP 	New trial (rep=0, index=49): {'faceImages': 'images\\FOREHEAD_006_M_F_N_A.png'}
13.8586 	EXP 	New trial (rep=0, index=50): {'faceImages': 'images\\LCHEEK_CFD_AF_237_223_N.png'}
13.8588 	EXP 	New trial (rep=0, index=51): {'faceImages': 'images\\LIP_CFD_BM_234_172_N.png'}
13.8590 	EXP 	New trial (rep=0, index=52): {'faceImages': 'images\\LCHEEK_CFD_WF_250_167_N.png'}
13.8595 	EXP 	New trial (rep=0, index=53): {'faceImages': 'images\\LIP_CFD_LF_224_176_N.png'}
13.8600 	EXP 	New trial (rep=0, index=54): {'faceImages': 'images\\RCHEEK_CFD_LM_201_057_N.png'}
13.8604 	EXP 	New trial (rep=0, index=55): {'faceImages': 'images\\FOREHEAD_CFD_BM_213_134_N.png'}
13.8608 	EXP 	New trial (rep=0, index=56): {'faceImages': 'images\\FOREHEAD_CFD_WF_200_099_N.png'}
13.8613 	EXP 	New trial (rep=0, index=57): {'faceImages': 'images\\LIP_CFD_LM_203_026_N.png'}
13.8617 	EXP 	New trial (rep=0, index=58): {'faceImages': 'images\\FOREHEAD_CFD_LF_224_176_N.png'}
13.8621 	EXP 	New trial (rep=0, index=59): {'faceImages': 'images\\LIP_CFD_BF_224_002_N.png'}
13.8626 	EXP 	New trial (rep=0, index=60): {'faceImages': 'images\\LCHEEK_CFD_AF_245_143_N.png'}
13.8630 	EXP 	New trial (rep=0, index=61): {'faceImages': 'images\\NASALTIP_CFD_AF_245_143_N.png'}
13.8634 	EXP 	New trial (rep=0, index=62): {'faceImages': 'images\\NASALTIP_CFD_AF_231_357_N.png'}
13.8638 	EXP 	New trial (rep=0, index=63): {'faceImages': 'images\\NASALTIP_CFD_LM_203_026_N.png'}
13.8642 	EXP 	New trial (rep=0, index=64): {'faceImages': 'images\\RCHEEK_136_M_M_N_A.png'}
13.8646 	EXP 	New trial (rep=0, index=65): {'faceImages': 'images\\NASALTIP_CFD_WM_212_097_N.png'}
13.8651 	EXP 	New trial (rep=0, index=66): {'faceImages': 'images\\LCHEEK_CFD_BF_214_308_N.png'}
13.8655 	EXP 	New trial (rep=0, index=67): {'faceImages': 'images\\LIP_136_M_M_N_A.png'}
13.8659 	EXP 	New trial (rep=0, index=68): {'faceImages': 'images\\RCHEEK_CFD_AM_233_236_N.png'}
13.8663 	EXP 	New trial (rep=0, index=69): {'faceImages': 'images\\RCHEEK_CFD_BM_234_172_N.png'}
13.8667 	EXP 	New trial (rep=0, index=70): {'faceImages': 'images\\LIP_CFD_AF_237_223_N.png'}
13.8671 	EXP 	New trial (rep=0, index=71): {'faceImages': 'images\\NASALTIP_006_M_F_N_A.png'}
13.8674 	EXP 	New trial (rep=0, index=72): {'faceImages': 'images\\FOREHEAD_087_M_M_N_A.png'}
13.8677 	EXP 	New trial (rep=0, index=73): {'faceImages': 'images\\LIP_CFD_BF_214_308_N.png'}
13.8680 	EXP 	New trial (rep=0, index=74): {'faceImages': 'images\\LIP_CFD_AF_231_357_N.png'}
13.8683 	EXP 	New trial (rep=0, index=75): {'faceImages': 'images\\LCHEEK_CFD_AF_231_357_N.png'}
13.8686 	EXP 	New trial (rep=0, index=76): {'faceImages': 'images\\LCHEEK_136_M_M_N_A.png'}
13.8689 	EXP 	New trial (rep=0, index=77): {'faceImages': 'images\\LIP_CFD_WF_002_004_N.png'}
13.8691 	EXP 	New trial (rep=0, index=78): {'faceImages': 'images\\RCHEEK_006_M_F_N_A.png'}
13.8694 	EXP 	New trial (rep=0, index=79): {'faceImages': 'images\\RCHEEK_CFD_AF_231_357_N.png'}
13.8696 	EXP 	New trial (rep=0, index=80): {'faceImages': 'images\\LCHEEK_CFD_LM_203_026_N.png'}
13.8699 	EXP 	New trial (rep=0, index=81): {'faceImages': 'images\\RCHEEK_CFD_WF_002_004_N.png'}
13.8702 	EXP 	New trial (rep=0, index=82): {'faceImages': 'images\\RCHEEK_CFD_LM_203_026_N.png'}
13.8704 	EXP 	New trial (rep=0, index=83): {'faceImages': 'images\\LCHEEK_CFD_LF_224_176_N.png'}
13.8707 	EXP 	New trial (rep=0, index=84): {'faceImages': 'images\\LCHEEK_035_M_F_N_A.png'}
13.8709 	EXP 	New trial (rep=0, index=85): {'faceImages': 'images\\LCHEEK_CFD_BM_234_172_N.png'}
13.8712 	EXP 	New trial (rep=0, index=86): {'faceImages': 'images\\FOREHEAD_CFD_BF_224_002_N.png'}
13.8714 	EXP 	New trial (rep=0, index=87): {'faceImages': 'images\\NASALTIP_CFD_BM_213_134_N.png'}
13.8717 	EXP 	New trial (rep=0, index=88): {'faceImages': 'images\\FOREHEAD_035_M_F_N_A.png'}
13.8719 	EXP 	New trial (rep=0, index=89): {'faceImages': 'images\\FOREHEAD_CFD_AM_233_236_N.png'}
13.8722 	EXP 	New trial (rep=0, index=90): {'faceImages': 'images\\LIP_035_M_F_N_A.png'}
13.8724 	EXP 	New trial (rep=0, index=91): {'faceImages': 'images\\LCHEEK_CFD_WF_002_004_N.png'}
13.8727 	EXP 	New trial (rep=0, index=92): {'faceImages': 'images\\RCHEEK_CFD_BF_214_308_N.png'}
13.8729 	EXP 	New trial (rep=0, index=93): {'faceImages': 'images\\RCHEEK_CFD_AF_245_143_N.png'}
13.8732 	EXP 	New trial (rep=0, index=94): {'faceImages': 'images\\LIP_087_M_M_N_A.png'}
13.8766 	DEBUG 	Read excel file with openpyxl: Rating_BlockOrder.xlsx
13.8768 	EXP 	Imported Rating_BlockOrder.xlsx as conditions, 19 conditions, 1 params
13.8772 	EXP 	Created sequence: random, trialTypes=19, nReps=1, seed=None
13.8773 	EXP 	New trial (rep=0, index=0): {'faceImages_q': 'images\\FOREHEAD_CFD_BF_224_002_N.png'}
13.8879 	EXP 	instrBlock: autoDraw = False
13.8879 	EXP 	face_image_q: image = 'images\\FOREHEAD_CFD_BF_224_002_N.png'
13.8879 	EXP 	slider_trustworthy: markerPos = None
13.8879 	EXP 	slider_trustworthy: markerPos = None
13.8879 	EXP 	slider_aggressive: markerPos = None
13.8879 	EXP 	slider_aggressive: markerPos = None
13.8879 	EXP 	face_image_q: autoDraw = True
13.9450 	DATA 	Mouse:  Left button up, pos=(813,525)
14.1829 	EXP 	slider_trustworthy: autoDraw = True
14.1829 	EXP 	text_trustworthy: autoDraw = True
14.1829 	EXP 	slider_aggressive: autoDraw = True
14.1829 	EXP 	text_aggressive: autoDraw = True
14.1829 	EXP 	Confirm: autoDraw = True
16.1110 	DATA 	Mouse: Left button down, pos=(965,95)
16.1162 	EXP 	face_image_q: autoDraw = False
16.1162 	EXP 	slider_trustworthy: autoDraw = False
16.1162 	EXP 	text_trustworthy: autoDraw = False
16.1162 	EXP 	slider_aggressive: autoDraw = False
16.1162 	EXP 	text_aggressive: autoDraw = False
16.1162 	EXP 	Confirm: autoDraw = False
16.1162 	EXP 	text_2: autoDraw = True
16.2498 	DATA 	Mouse:  Left button up, pos=(964,95)
16.9717 	EXP 	New trial (rep=0, index=1): {'faceImages_q': 'images\\FOREHEAD_CFD_BF_214_308_N.png'}
16.9808 	EXP 	text_2: autoDraw = False
16.9808 	EXP 	text_2: autoDraw = False
16.9808 	EXP 	face_image_q: image = 'images\\FOREHEAD_CFD_BF_214_308_N.png'
16.9808 	EXP 	slider_trustworthy: markerPos = None
16.9808 	EXP 	slider_trustworthy: markerPos = None
16.9808 	EXP 	slider_aggressive: markerPos = None
16.9808 	EXP 	slider_aggressive: markerPos = None
16.9808 	EXP 	face_image_q: autoDraw = True
17.2816 	EXP 	slider_trustworthy: autoDraw = True
17.2816 	EXP 	text_trustworthy: autoDraw = True
17.2816 	EXP 	slider_aggressive: autoDraw = True
17.2816 	EXP 	text_aggressive: autoDraw = True
17.2816 	EXP 	Confirm: autoDraw = True
17.8891 	DATA 	Mouse: Left button down, pos=(952,280)
17.8952 	EXP 	slider_aggressive: markerPos = 2.9703703703703703
17.9071 	EXP 	slider_aggressive: markerPos = 2.9703703703703703
17.9191 	EXP 	slider_aggressive: markerPos = 2.9703703703703703
17.9311 	EXP 	slider_aggressive: markerPos = 2.9703703703703703
17.9431 	EXP 	slider_aggressive: markerPos = 2.9703703703703703
17.9551 	EXP 	slider_aggressive: markerPos = 2.9703703703703703
17.9673 	EXP 	slider_aggressive: markerPos = 2.9703703703703703
17.9779 	DATA 	Mouse:  Left button up, pos=(952,280)
17.9801 	EXP 	slider_aggressive: markerPos = 2.9703703703703703
17.9921 	EXP 	slider_aggressive: markerPos = 3.0
18.4811 	DATA 	Mouse: Left button down, pos=(966,536)
18.4946 	EXP 	slider_trustworthy: markerPos = 3.022222222222222
18.5060 	EXP 	slider_trustworthy: markerPos = 3.022222222222222
18.5183 	EXP 	slider_trustworthy: markerPos = 3.022222222222222
18.5298 	EXP 	slider_trustworthy: markerPos = 3.022222222222222
18.5422 	EXP 	slider_trustworthy: markerPos = 3.022222222222222
18.5540 	EXP 	slider_trustworthy: markerPos = 3.022222222222222
18.5663 	EXP 	slider_trustworthy: markerPos = 3.022222222222222
18.5729 	DATA 	Mouse:  Left button up, pos=(966,536)
18.5786 	EXP 	slider_trustworthy: markerPos = 3.022222222222222
18.5919 	EXP 	slider_trustworthy: markerPos = 3.0
20.0066 	DATA 	Mouse: Left button down, pos=(693,531)
20.0250 	EXP 	slider_trustworthy: markerPos = 2.011111111111111
20.0376 	EXP 	slider_trustworthy: markerPos = 2.011111111111111
20.0510 	EXP 	slider_trustworthy: markerPos = 2.011111111111111
20.0643 	EXP 	slider_trustworthy: markerPos = 2.011111111111111
20.0761 	EXP 	slider_trustworthy: markerPos = 2.011111111111111
20.0892 	EXP 	slider_trustworthy: markerPos = 2.011111111111111
20.1024 	EXP 	slider_trustworthy: markerPos = 2.011111111111111
20.1097 	DATA 	Mouse:  Left button up, pos=(693,539)
20.1156 	EXP 	slider_trustworthy: markerPos = 2.011111111111111
20.1269 	EXP 	slider_trustworthy: markerPos = 2.0
20.4879 	DATA 	Mouse: Left button down, pos=(687,280)
20.5013 	EXP 	slider_aggressive: markerPos = 1.988888888888889
20.5128 	EXP 	slider_aggressive: markerPos = 1.988888888888889
20.5247 	EXP 	slider_aggressive: markerPos = 1.988888888888889
20.5372 	EXP 	slider_aggressive: markerPos = 1.9925925925925927
20.5499 	EXP 	slider_aggressive: markerPos = 1.9925925925925927
20.5617 	EXP 	slider_aggressive: markerPos = 1.9925925925925927
20.5755 	EXP 	slider_aggressive: markerPos = 1.9925925925925927
20.5875 	EXP 	slider_aggressive: markerPos = 1.9925925925925927
20.5933 	DATA 	Mouse:  Left button up, pos=(688,277)
20.6006 	EXP 	slider_aggressive: markerPos = 2.0
21.4289 	DATA 	Mouse: Left button down, pos=(954,542)
21.4464 	EXP 	slider_trustworthy: markerPos = 2.977777777777778
21.4581 	EXP 	slider_trustworthy: markerPos = 2.977777777777778
21.4698 	EXP 	slider_trustworthy: markerPos = 2.977777777777778
21.4820 	EXP 	slider_trustworthy: markerPos = 2.977777777777778
21.4941 	EXP 	slider_trustworthy: markerPos = 2.977777777777778
21.5056 	EXP 	slider_trustworthy: markerPos = 2.977777777777778
21.5166 	DATA 	Mouse:  Left button up, pos=(954,541)
21.5181 	EXP 	slider_trustworthy: markerPos = 2.977777777777778
21.5300 	EXP 	slider_trustworthy: markerPos = 3.0
21.9621 	DATA 	Mouse: Left button down, pos=(963,263)
21.9763 	EXP 	slider_aggressive: markerPos = 3.011111111111111
21.9886 	EXP 	slider_aggressive: markerPos = 3.011111111111111
22.0010 	EXP 	slider_aggressive: markerPos = 3.011111111111111
22.0125 	EXP 	slider_aggressive: markerPos = 3.011111111111111
22.0246 	EXP 	slider_aggressive: markerPos = 3.011111111111111
22.0367 	EXP 	slider_aggressive: markerPos = 3.011111111111111
22.0422 	DATA 	Mouse:  Left button up, pos=(963,263)
22.0499 	EXP 	slider_aggressive: markerPos = 3.0
22.9956 	DATA 	Mouse: Left button down, pos=(971,88)
23.0054 	EXP 	face_image_q: autoDraw = False
23.0054 	EXP 	slider_trustworthy: autoDraw = False
23.0054 	EXP 	text_trustworthy: autoDraw = False
23.0054 	EXP 	slider_aggressive: autoDraw = False
23.0054 	EXP 	text_aggressive: autoDraw = False
23.0054 	EXP 	Confirm: autoDraw = False
23.0054 	EXP 	text_2: autoDraw = True
23.0899 	DATA 	Mouse:  Left button up, pos=(972,88)
23.8190 	EXP 	New trial (rep=0, index=2): {'faceImages_q': 'images\\FOREHEAD_136_M_M_N_A.png'}
23.8279 	EXP 	text_2: autoDraw = False
23.8279 	EXP 	text_2: autoDraw = False
23.8279 	EXP 	face_image_q: image = 'images\\FOREHEAD_136_M_M_N_A.png'
23.8279 	EXP 	slider_trustworthy: markerPos = None
23.8279 	EXP 	slider_trustworthy: markerPos = None
23.8279 	EXP 	slider_aggressive: markerPos = None
23.8279 	EXP 	slider_aggressive: markerPos = None
23.8279 	EXP 	face_image_q: autoDraw = True
24.1288 	EXP 	slider_trustworthy: autoDraw = True
24.1288 	EXP 	text_trustworthy: autoDraw = True
24.1288 	EXP 	slider_aggressive: autoDraw = True
24.1288 	EXP 	text_aggressive: autoDraw = True
24.1288 	EXP 	Confirm: autoDraw = True
25.6602 	DATA 	Keypress: escape
26.0820 	EXP 	window1: mouseVisible = True
26.0821 	DEBUG 	Saving data for FaceAttractiveness ExperimentHandler
26.0852 	INFO 	saved data to C:\Users\annak\Documents\GitHub\faceattractiveness_lesion\data/_FaceAttractiveness_2023-04-07_22h55.02.884.psydat
26.0913 	INFO 	saved data to 'C:\\Users\\annak\\Documents\\GitHub\\faceattractiveness_lesion\\data/_FaceAttractiveness_2023-04-07_22h55.02.884.csv'
