3.9078 	INFO 	Loaded monitor calibration from ['2021_12_01 18:33']
3.9131 	WARNING 	User requested fullscreen with size [1536  864], but screen is actually [1920, 1080]. Using actual size
5.0745 	EXP 	Created window1 = Window(allowGUI=True, allowStencil=False, autoLog=True, backendConf=UNKNOWN, bitsMode=UNKNOWN, blendMode='avg', bpc=(8, 8, 8), color=array([0.09803922, 0.09803922, 0.09803922]), colorSpace='rgb', depthBits=8, fullscr=<method-wrapper '__getattribute__' of attributeSetter object at 0x000002166CCFBF40>, gamma=None, gammaErrorPolicy='raise', lms=UNKNOWN, monitor=<psychopy.monitors.calibTools.Monitor object at 0x00000216707951F0>, multiSample=False, name='window1', numSamples=2, pos=(0, 0), screen=0, size=array([1920, 1080]), stencilBits=0, stereo=False, units='height', useFBO=True, useRetina=False, viewOri=0.0, viewPos=None, viewScale=None, waitBlanking=True, winType='pyglet')
5.0745 	EXP 	window1: mouseVisible = True
5.0746 	EXP 	window1: mouseVisible = False
5.0746 	EXP 	window1: Attempting to measure frame rate of screen (0) ...
5.0746 	EXP 	window1: recordFrameIntervals = False
5.1715 	EXP 	window1: recordFrameIntervals = True
5.2474 	EXP 	Screen (0) actual frame rate measured at 143.87Hz
5.2475 	EXP 	window1: recordFrameIntervals = False
6.8577 	INFO 	keyboard.Keyboard is using iohub backend.
6.9305 	EXP 	Created ques_instr = TextStim(__class__=<class 'psychopy.visual.text.TextStim'>, alignHoriz=method-wrapper(...), alignText='center', alignVert=method-wrapper(...), anchorHoriz='center', anchorVert='center', antialias=True, autoDraw=False, autoLog=True, bold=False, color=array([1, 1, 1]), colorSpace='rgb', contrast=1.0, depth=0.0, flipHoriz=False, flipVert=False, font='Arial', fontFiles=[], height=0.04, italic=False, languageStyle='LTR', name='ques_instr', opacity=1.0, ori=0.0, pos=array([0., 0.]), rgb=UNKNOWN, text=str(...), units='height', win=Window(...), wrapWidth=1)
6.9308 	EXP 	window1: mouseVisible = True
6.9343 	EXP 	window1: mouseVisible = True
6.9574 	DEBUG 	TextBox2 loaded 1 chars with 0 blanks and 1 valid
6.9592 	DEBUG 	TextBox2 loaded 1 chars with 0 blanks and 1 valid
6.9608 	DEBUG 	TextBox2 loaded 1 chars with 0 blanks and 1 valid
6.9625 	DEBUG 	TextBox2 loaded 1 chars with 0 blanks and 1 valid
6.9638 	DEBUG 	TextBox2 loaded 1 chars with 0 blanks and 1 valid
6.9652 	DEBUG 	TextBox2 loaded 1 chars with 0 blanks and 1 valid
6.9668 	DEBUG 	TextBox2 loaded 1 chars with 0 blanks and 1 valid
6.9684 	DEBUG 	TextBox2 loaded 1 chars with 0 blanks and 1 valid
6.9701 	DEBUG 	TextBox2 loaded 1 chars with 0 blanks and 1 valid
6.9717 	DEBUG 	TextBox2 loaded 1 chars with 0 blanks and 1 valid
6.9732 	DEBUG 	TextBox2 loaded 1 chars with 0 blanks and 1 valid
6.9746 	DEBUG 	TextBox2 loaded 1 chars with 0 blanks and 1 valid
6.9748 	DEBUG 	Uploading Texture Font fontname to graphics card
6.9801 	DEBUG 	Upload of Texture Font fontname complete
6.9962 	DEBUG 	TextBox2 loaded 1 chars with 0 blanks and 1 valid
6.9965 	DEBUG 	Uploading Texture Font fontname to graphics card
7.0012 	DEBUG 	Upload of Texture Font fontname complete
7.0173 	DEBUG 	TextBox2 loaded 1 chars with 0 blanks and 1 valid
7.0193 	DEBUG 	TextBox2 loaded 1 chars with 0 blanks and 1 valid
7.0211 	DEBUG 	TextBox2 loaded 1 chars with 0 blanks and 1 valid
7.0229 	DEBUG 	TextBox2 loaded 1 chars with 0 blanks and 1 valid
7.0245 	DEBUG 	TextBox2 loaded 1 chars with 0 blanks and 1 valid
7.0263 	DEBUG 	TextBox2 loaded 1 chars with 0 blanks and 1 valid
7.0265 	DEBUG 	Uploading Texture Font fontname to graphics card
7.0310 	DEBUG 	Upload of Texture Font fontname complete
7.0472 	DEBUG 	TextBox2 loaded 1 chars with 0 blanks and 1 valid
7.0474 	DEBUG 	Uploading Texture Font fontname to graphics card
7.0518 	DEBUG 	Upload of Texture Font fontname complete
7.0678 	DEBUG 	TextBox2 loaded 1 chars with 0 blanks and 1 valid
7.0697 	DEBUG 	TextBox2 loaded 1 chars with 0 blanks and 1 valid
7.0699 	DEBUG 	Uploading Texture Font fontname to graphics card
7.0743 	DEBUG 	Upload of Texture Font fontname complete
7.0860 	EXP 	Created slider_rad_therapy = Slider(__class__=<class 'psychopy.visual.slider.Slider'>, autoDraw=False, autoLog=True, borderColor=None, color=None, colorSpace='rgb', depth=0, fillColor=None, flip=False, font='Arial', granularity=0.0, labelColor=None, labelHeight=0.03, labelWrapWidth=None, labels=tuple(...), lineColor=None, markerColor=None, name='slider_rad_therapy', opacity=None, ori=0.0, pos=array([0. , 0.1]), readOnly=False, self=UNKNOWN, size=array([1. , 0.1]), startValue=3, style='rating', styleTweaks=['labels45'], ticks=array([1, 2, 3, 4, 5]), units='height', win=Window(...))
7.0952 	EXP 	Created text_rad_therapy = TextStim(__class__=<class 'psychopy.visual.text.TextStim'>, alignHoriz=method-wrapper(...), alignText='center', alignVert=method-wrapper(...), anchorHoriz='center', anchorVert='center', antialias=True, autoDraw=False, autoLog=True, bold=False, color=array([1, 1, 1]), colorSpace='rgb', contrast=1.0, depth=-1.0, flipHoriz=False, flipVert=False, font='Open Sans', fontFiles=[], height=0.04, italic=False, languageStyle='LTR', name='text_rad_therapy', opacity=1.0, ori=0.0, pos=array([0. , 0.3]), rgb=UNKNOWN, text=str(...), units='height', win=Window(...), wrapWidth=1)
7.0966 	EXP 	window1: mouseVisible = True
7.1763 	EXP 	Created slider_surgery = Slider(__class__=<class 'psychopy.visual.slider.Slider'>, autoDraw=False, autoLog=True, borderColor=None, color=None, colorSpace='rgb', depth=-2, fillColor=None, flip=False, font='Arial', granularity=0.0, labelColor=None, labelHeight=0.03, labelWrapWidth=None, labels=tuple(...), lineColor=None, markerColor=None, name='slider_surgery', opacity=None, ori=0.0, pos=array([ 0. , -0.3]), readOnly=False, self=UNKNOWN, size=array([1. , 0.1]), startValue=3, style='rating', styleTweaks=['labels45'], ticks=array([1, 2, 3, 4, 5]), units='height', win=Window(...))
7.1811 	EXP 	Created text_surgery = TextStim(__class__=<class 'psychopy.visual.text.TextStim'>, alignHoriz=method-wrapper(...), alignText='center', alignVert=method-wrapper(...), anchorHoriz='center', anchorVert='center', antialias=True, autoDraw=False, autoLog=True, bold=False, color=array([1, 1, 1]), colorSpace='rgb', contrast=1.0, depth=-3.0, flipHoriz=False, flipVert=False, font='Open Sans', fontFiles=[], height=0.04, italic=False, languageStyle='LTR', name='text_surgery', opacity=1.0, ori=0.0, pos=array([ 0. , -0.1]), rgb=UNKNOWN, text=str(...), units='height', win=Window(...), wrapWidth=1)
7.1907 	EXP 	Created image = ImageStim(__class__=<class 'psychopy.visual.image.ImageStim'>, anchor=('center', 'center'), autoLog=True, color=array([1, 1, 1]), colorSpace='rgb', contrast=1.0, depth=-4.0, flipHoriz=False, flipVert=False, image='Picture1-eng.png', interpolate=True, mask=None, maskParams=None, name='image', opacity=1.0, ori=0.0, pos=array([ 0.7, -0.4]), size=array([0.2, 0.1]), texRes=128.0, units='height', win=Window(...))
7.1907 	EXP 	window1: mouseVisible = True
7.1918 	EXP 	Created instrBlock = TextStim(__class__=<class 'psychopy.visual.text.TextStim'>, alignHoriz=method-wrapper(...), alignText='center', alignVert=method-wrapper(...), anchorHoriz='center', anchorVert='center', antialias=True, autoDraw=False, autoLog=True, bold=False, color=array([1, 1, 1]), colorSpace='rgb', contrast=1.0, depth=-1.0, flipHoriz=False, flipVert=False, font='Arial', fontFiles=[], height=0.05, italic=False, languageStyle='LTR', name='instrBlock', opacity=1.0, ori=0.0, pos=array([0., 0.]), rgb=UNKNOWN, text='', units='height', win=Window(...), wrapWidth=1)
7.1919 	EXP 	window1: mouseVisible = True
7.1948 	EXP 	Created face_image = ImageStim(__class__=<class 'psychopy.visual.image.ImageStim'>, anchor=('center', 'center'), autoLog=True, color=array([1, 1, 1]), colorSpace='rgb', contrast=1.0, depth=-1.0, flipHoriz=True, flipVert=False, image='sin', interpolate=False, mask=None, maskParams=None, name='face_image', opacity=1.0, ori=0.0, pos=array([  0., 280.]), size=array([960., 540.]), texRes=512, units='pix', win=Window(...))
7.1960 	EXP 	window1: mouseVisible = True
7.3056 	WARNING 	Font b'HelveticaBold' was requested. No similar font found.
7.3193 	DEBUG 	TextBox2 loaded 1 chars with 0 blanks and 1 valid
7.3211 	DEBUG 	TextBox2 loaded 1 chars with 0 blanks and 1 valid
7.3219 	DEBUG 	TextBox2 loaded 1 chars with 0 blanks and 1 valid
7.3228 	DEBUG 	TextBox2 loaded 1 chars with 0 blanks and 1 valid
7.3243 	DEBUG 	TextBox2 loaded 1 chars with 0 blanks and 1 valid
7.3256 	DEBUG 	TextBox2 loaded 1 chars with 0 blanks and 1 valid
7.3269 	DEBUG 	TextBox2 loaded 1 chars with 0 blanks and 1 valid
7.3280 	DEBUG 	TextBox2 loaded 1 chars with 0 blanks and 1 valid
7.3283 	DEBUG 	Uploading Texture Font fontname to graphics card
7.3290 	DEBUG 	Upload of Texture Font fontname complete
7.4305 	WARNING 	Font b'HelveticaBold' was requested. No similar font found.
7.4432 	DEBUG 	TextBox2 loaded 1 chars with 0 blanks and 1 valid
7.4448 	DEBUG 	TextBox2 loaded 1 chars with 0 blanks and 1 valid
7.4459 	DEBUG 	TextBox2 loaded 1 chars with 0 blanks and 1 valid
7.4472 	DEBUG 	TextBox2 loaded 1 chars with 0 blanks and 1 valid
7.4486 	DEBUG 	TextBox2 loaded 1 chars with 0 blanks and 1 valid
7.4499 	DEBUG 	TextBox2 loaded 1 chars with 0 blanks and 1 valid
7.4511 	DEBUG 	TextBox2 loaded 1 chars with 0 blanks and 1 valid
7.4513 	DEBUG 	Uploading Texture Font fontname to graphics card
7.4518 	DEBUG 	Upload of Texture Font fontname complete
7.4607 	EXP 	Created slider_treatment_surgery = Slider(__class__=<class 'psychopy.visual.slider.Slider'>, autoDraw=False, autoLog=True, borderColor=None, color=None, colorSpace='rgb', depth=-2, fillColor=None, flip=False, font='HelveticaBold', granularity=0, labelColor=None, labelHeight=0.03, labelWrapWidth=None, labels=('0% Never', '100% Always'), lineColor=None, markerColor=None, name='slider_treatment_surgery', opacity=None, ori=0, pos=array([0., 0.]), readOnly=False, self=UNKNOWN, size=array([1.   , 0.025]), startValue=None, style=['rating'], styleTweaks=['labels45', 'triangleMarker'], ticks=array([  0,  25,  50,  75, 100]), units='height', win=Window(...))
7.4710 	EXP 	Created NextBu = ImageStim(__class__=<class 'psychopy.visual.image.ImageStim'>, anchor=('center', 'center'), autoLog=True, color=array([1, 1, 1]), colorSpace='rgb', contrast=1.0, depth=-3.0, flipHoriz=False, flipVert=False, image='Picture1-eng.png', interpolate=False, mask=None, maskParams=None, name='NextBu', opacity=1.0, ori=0.0, pos=array([0., 0.]), size=array([0.2, 0.1]), texRes=512, units='height', win=Window(...))
7.4711 	EXP 	window1: mouseVisible = True
7.4723 	EXP 	window1: mouseVisible = True
7.5757 	WARNING 	Font b'HelveticaBold' was requested. No similar font found.
7.6934 	WARNING 	Font b'HelveticaBold' was requested. No similar font found.
7.7138 	EXP 	Created slider_treatment_radiation = Slider(__class__=<class 'psychopy.visual.slider.Slider'>, autoDraw=False, autoLog=True, borderColor=None, color=None, colorSpace='rgb', depth=-5, fillColor=None, flip=False, font='HelveticaBold', granularity=0, labelColor=None, labelHeight=0.03, labelWrapWidth=None, labels=('0% Never', '100% Always'), lineColor=None, markerColor=None, name='slider_treatment_radiation', opacity=None, ori=0, pos=array([ 0. , -0.3]), readOnly=False, self=UNKNOWN, size=array([1.   , 0.025]), startValue=None, style=['rating'], styleTweaks=['triangleMarker'], ticks=array([  0,  25,  50,  75, 100]), units='height', win=Window(...))
7.7261 	EXP 	Created text_treatment_surgery = TextStim(__class__=<class 'psychopy.visual.text.TextStim'>, alignHoriz=method-wrapper(...), alignText='center', alignVert=method-wrapper(...), anchorHoriz='center', anchorVert='center', antialias=True, autoDraw=False, autoLog=True, bold=False, color=array([-1, -1, -1]), colorSpace='rgb', contrast=1.0, depth=-6.0, flipHoriz=False, flipVert=False, font='Open Sans', fontFiles=[], height=0.03, italic=False, languageStyle='LTR', name='text_treatment_surgery', opacity=1.0, ori=0.0, pos=array([0.  , 0.05]), rgb=UNKNOWN, text='How likely are you to recommend surgery? ', units='height', win=Window(...), wrapWidth=1)
7.7282 	EXP 	Created text_treatment_radiation = TextStim(__class__=<class 'psychopy.visual.text.TextStim'>, alignHoriz=method-wrapper(...), alignText='center', alignVert=method-wrapper(...), anchorHoriz='center', anchorVert='center', antialias=True, autoDraw=False, autoLog=True, bold=False, color=array([-1, -1, -1]), colorSpace='rgb', contrast=1.0, depth=-7.0, flipHoriz=False, flipVert=False, font='Open Sans', fontFiles=[], height=0.03, italic=False, languageStyle='LTR', name='text_treatment_radiation', opacity=1.0, ori=0.0, pos=array([ 0. , -0.2]), rgb=UNKNOWN, text='How likely are you to recommend radiation? ', units='height', win=Window(...), wrapWidth=1)
7.7293 	EXP 	Created text = TextStim(__class__=<class 'psychopy.visual.text.TextStim'>, alignHoriz=method-wrapper(...), alignText='center', alignVert=method-wrapper(...), anchorHoriz='center', anchorVert='center', antialias=True, autoDraw=False, autoLog=True, bold=False, color=array([1, 1, 1]), colorSpace='rgb', contrast=1.0, depth=-1.0, flipHoriz=False, flipVert=False, font='Arial', fontFiles=[], height=0.1, italic=False, languageStyle='LTR', name='text', opacity=1.0, ori=0, pos=array([0., 0.]), rgb=UNKNOWN, text='', units='height', win=Window(...), wrapWidth=1)
7.7318 	EXP 	Created face_image_q = ImageStim(__class__=<class 'psychopy.visual.image.ImageStim'>, anchor=('center', 'center'), autoLog=True, color=array([1, 1, 1]), colorSpace='rgb', contrast=1.0, depth=0.0, flipHoriz=False, flipVert=False, image='sin', interpolate=True, mask=None, maskParams=None, name='face_image_q', opacity=1.0, ori=0.0, pos=array([0. , 0.3]), size=array([0.88888889, 0.5       ]), texRes=128.0, units='height', win=Window(...))
7.7329 	EXP 	window1: mouseVisible = True
7.7486 	DEBUG 	TextBox2 loaded 1 chars with 0 blanks and 1 valid
7.7494 	DEBUG 	TextBox2 loaded 1 chars with 0 blanks and 1 valid
7.7501 	DEBUG 	TextBox2 loaded 1 chars with 0 blanks and 1 valid
7.7509 	DEBUG 	TextBox2 loaded 1 chars with 0 blanks and 1 valid
7.7515 	DEBUG 	TextBox2 loaded 1 chars with 0 blanks and 1 valid
7.7520 	DEBUG 	TextBox2 loaded 1 chars with 0 blanks and 1 valid
7.7528 	DEBUG 	TextBox2 loaded 1 chars with 0 blanks and 1 valid
7.7535 	DEBUG 	TextBox2 loaded 1 chars with 0 blanks and 1 valid
7.7542 	DEBUG 	TextBox2 loaded 1 chars with 0 blanks and 1 valid
7.7550 	DEBUG 	TextBox2 loaded 1 chars with 0 blanks and 1 valid
7.7557 	DEBUG 	TextBox2 loaded 1 chars with 0 blanks and 1 valid
7.7565 	DEBUG 	TextBox2 loaded 1 chars with 0 blanks and 1 valid
7.7573 	DEBUG 	TextBox2 loaded 1 chars with 0 blanks and 1 valid
7.7575 	DEBUG 	Uploading Texture Font fontname to graphics card
7.7589 	DEBUG 	Upload of Texture Font fontname complete
7.7731 	DEBUG 	TextBox2 loaded 1 chars with 0 blanks and 1 valid
7.7740 	DEBUG 	TextBox2 loaded 1 chars with 0 blanks and 1 valid
7.7747 	DEBUG 	TextBox2 loaded 1 chars with 0 blanks and 1 valid
7.7749 	DEBUG 	Uploading Texture Font fontname to graphics card
7.7754 	DEBUG 	Upload of Texture Font fontname complete
7.7902 	DEBUG 	TextBox2 loaded 1 chars with 0 blanks and 1 valid
7.7911 	DEBUG 	TextBox2 loaded 1 chars with 0 blanks and 1 valid
7.7917 	DEBUG 	TextBox2 loaded 1 chars with 0 blanks and 1 valid
7.7925 	DEBUG 	TextBox2 loaded 1 chars with 0 blanks and 1 valid
7.7927 	DEBUG 	Uploading Texture Font fontname to graphics card
7.7932 	DEBUG 	Upload of Texture Font fontname complete
7.8071 	DEBUG 	TextBox2 loaded 1 chars with 0 blanks and 1 valid
7.8080 	DEBUG 	TextBox2 loaded 1 chars with 0 blanks and 1 valid
7.8089 	DEBUG 	TextBox2 loaded 1 chars with 0 blanks and 1 valid
7.8091 	DEBUG 	Uploading Texture Font fontname to graphics card
7.8097 	DEBUG 	Upload of Texture Font fontname complete
7.8239 	DEBUG 	TextBox2 loaded 1 chars with 0 blanks and 1 valid
7.8242 	DEBUG 	Uploading Texture Font fontname to graphics card
7.8247 	DEBUG 	Upload of Texture Font fontname complete
7.8378 	EXP 	Created slider_trustworthy = Slider(__class__=<class 'psychopy.visual.slider.Slider'>, autoDraw=False, autoLog=True, borderColor=None, color=None, colorSpace='rgb', depth=-1, fillColor=None, flip=False, font='Open Sans', granularity=1.0, labelColor=None, labelHeight=0.02, labelWrapWidth=None, labels=tuple(...), lineColor=None, markerColor=None, name='slider_trustworthy', opacity=None, ori=0.0, pos=array([0., 0.]), readOnly=False, self=UNKNOWN, size=array([1.   , 0.025]), startValue=None, style='radio', styleTweaks=['labels45'], ticks=array([1, 2, 3, 4, 5]), units='height', win=Window(...))
7.8440 	EXP 	Created text_trustworthy = TextStim(__class__=<class 'psychopy.visual.text.TextStim'>, alignHoriz=method-wrapper(...), alignText='center', alignVert=method-wrapper(...), anchorHoriz='center', anchorVert='center', antialias=True, autoDraw=False, autoLog=True, bold=False, color=array([1, 1, 1]), colorSpace='rgb', contrast=1.0, depth=-2.0, flipHoriz=False, flipVert=False, font='Open Sans', fontFiles=[], height=0.03, italic=False, languageStyle='LTR', name='text_trustworthy', opacity=1.0, ori=0.0, pos=array([0.  , 0.05]), rgb=UNKNOWN, text=str(...), units='height', win=Window(...), wrapWidth=1)
7.8452 	EXP 	window1: mouseVisible = True
7.9254 	EXP 	Created slider_aggressive = Slider(__class__=<class 'psychopy.visual.slider.Slider'>, autoDraw=False, autoLog=True, borderColor=None, color=None, colorSpace='rgb', depth=-3, fillColor=None, flip=False, font='Open Sans', granularity=1.0, labelColor=None, labelHeight=0.02, labelWrapWidth=None, labels=tuple(...), lineColor=None, markerColor=None, name='slider_aggressive', opacity=None, ori=0.0, pos=array([ 0.  , -0.25]), readOnly=False, self=UNKNOWN, size=array([1.   , 0.025]), startValue=None, style='radio', styleTweaks=[], ticks=array([1, 2, 3, 4, 5]), units='height', win=Window(...))
7.9292 	EXP 	Created text_aggressive = TextStim(__class__=<class 'psychopy.visual.text.TextStim'>, alignHoriz=method-wrapper(...), alignText='center', alignVert=method-wrapper(...), anchorHoriz='center', anchorVert='center', antialias=True, autoDraw=False, autoLog=True, bold=False, color=array([1, 1, 1]), colorSpace='rgb', contrast=1.0, depth=-4.0, flipHoriz=False, flipVert=False, font='Open Sans', fontFiles=[], height=0.03, italic=False, languageStyle='LTR', name='text_aggressive', opacity=1.0, ori=0.0, pos=array([ 0.  , -0.15]), rgb=UNKNOWN, text=str(...), units='height', win=Window(...), wrapWidth=1)
7.9292 	EXP 	window1: mouseVisible = True
7.9360 	EXP 	Created Confirm = ImageStim(__class__=<class 'psychopy.visual.image.ImageStim'>, anchor=('center', 'center'), autoLog=True, color=array([1, 1, 1]), colorSpace='rgb', contrast=1.0, depth=-6.0, flipHoriz=False, flipVert=False, image='Picture1-eng.png', interpolate=True, mask=None, maskParams=None, name='Confirm', opacity=1.0, ori=0.0, pos=array([ 0. , -0.9]), size=array([0.2, 0.1]), texRes=128.0, units='height', win=Window(...))
7.9371 	EXP 	Created text_2 = TextStim(__class__=<class 'psychopy.visual.text.TextStim'>, alignHoriz=method-wrapper(...), alignText='center', alignVert=method-wrapper(...), anchorHoriz='center', anchorVert='center', antialias=True, autoDraw=False, autoLog=True, bold=False, color=array([1, 1, 1]), colorSpace='rgb', contrast=1.0, depth=-1.0, flipHoriz=False, flipVert=False, font='Open Sans', fontFiles=[], height=0.05, italic=False, languageStyle='LTR', name='text_2', opacity=1.0, ori=0.0, pos=array([0., 0.]), rgb=UNKNOWN, text='', units='height', win=Window(...), wrapWidth=1)
7.9642 	EXP 	Created EndText = TextStim(__class__=<class 'psychopy.visual.text.TextStim'>, alignHoriz=method-wrapper(...), alignText='center', alignVert=method-wrapper(...), anchorHoriz='center', anchorVert='center', antialias=True, autoDraw=False, autoLog=True, bold=False, color=array([-1, -1, -1]), colorSpace='rgb', contrast=1.0, depth=0.0, flipHoriz=False, flipVert=False, font='Arial', fontFiles=[], height=0.03, italic=False, languageStyle='LTR', name='EndText', opacity=1.0, ori=0, pos=array([0., 0.]), rgb=UNKNOWN, text=str(...), units='height', win=Window(...), wrapWidth=1)
7.9642 	EXP 	window1: mouseVisible = True
7.9733 	EXP 	slider_rad_therapy: autoLog = True
7.9733 	EXP 	slider_rad_therapy: markerPos = 3
7.9733 	EXP 	slider_rad_therapy: styleTweaks = []
7.9733 	EXP 	slider_rad_therapy: styleTweaks = []
7.9733 	EXP 	slider_rad_therapy: styleTweaks = ['labels45']
7.9733 	EXP 	slider_rad_therapy: styleTweaks = ['labels45']
7.9733 	EXP 	slider_rad_therapy: contrast = 1.0
7.9733 	EXP 	slider_rad_therapy: autoLog = True
7.9733 	EXP 	slider_surgery: autoLog = True
7.9733 	EXP 	slider_surgery: markerPos = 3
7.9733 	EXP 	slider_surgery: styleTweaks = []
7.9733 	EXP 	slider_surgery: styleTweaks = []
7.9733 	EXP 	slider_surgery: styleTweaks = ['labels45']
7.9733 	EXP 	slider_surgery: styleTweaks = ['labels45']
7.9733 	EXP 	slider_surgery: contrast = 1.0
7.9733 	EXP 	slider_surgery: autoLog = True
7.9733 	EXP 	slider_treatment_surgery: autoLog = True
7.9733 	EXP 	slider_treatment_surgery: markerPos = None
7.9733 	EXP 	slider_treatment_surgery: styleTweaks = []
7.9733 	EXP 	slider_treatment_surgery: styleTweaks = []
7.9733 	EXP 	slider_treatment_surgery: styleTweaks = ['labels45', 'triangleMarker']
7.9733 	EXP 	slider_treatment_surgery: styleTweaks = ['labels45', 'triangleMarker']
7.9733 	EXP 	slider_treatment_surgery: contrast = 1.0
7.9733 	EXP 	slider_treatment_surgery: autoLog = True
7.9733 	EXP 	slider_treatment_radiation: autoLog = True
7.9733 	EXP 	slider_treatment_radiation: markerPos = None
7.9733 	EXP 	slider_treatment_radiation: styleTweaks = []
7.9733 	EXP 	slider_treatment_radiation: styleTweaks = []
7.9733 	EXP 	slider_treatment_radiation: styleTweaks = ['triangleMarker']
7.9733 	EXP 	slider_treatment_radiation: styleTweaks = ['triangleMarker']
7.9733 	EXP 	slider_treatment_radiation: contrast = 1.0
7.9733 	EXP 	slider_treatment_radiation: autoLog = True
7.9733 	EXP 	slider_trustworthy: autoLog = True
7.9733 	EXP 	slider_trustworthy: markerPos = None
7.9733 	EXP 	slider_trustworthy: styleTweaks = []
7.9733 	EXP 	slider_trustworthy: styleTweaks = []
7.9733 	EXP 	slider_trustworthy: styleTweaks = ['labels45']
7.9733 	EXP 	slider_trustworthy: styleTweaks = ['labels45']
7.9733 	EXP 	slider_trustworthy: contrast = 1.0
7.9733 	EXP 	slider_trustworthy: autoLog = True
7.9733 	EXP 	slider_aggressive: autoLog = True
7.9733 	EXP 	slider_aggressive: markerPos = None
7.9733 	EXP 	slider_aggressive: styleTweaks = []
7.9733 	EXP 	slider_aggressive: styleTweaks = []
7.9733 	EXP 	slider_aggressive: styleTweaks = []
7.9733 	EXP 	slider_aggressive: styleTweaks = []
7.9733 	EXP 	slider_aggressive: contrast = 1.0
7.9733 	EXP 	slider_aggressive: autoLog = True
7.9733 	EXP 	ques_instr: autoDraw = True
8.5551 	DATA 	Mouse: Left button down, pos=(779,576)
8.6042 	EXP 	ques_instr: autoDraw = False
8.6042 	EXP 	slider_rad_therapy: markerPos = None
8.6042 	EXP 	slider_rad_therapy: markerPos = 3
8.6042 	EXP 	slider_surgery: markerPos = None
8.6042 	EXP 	slider_surgery: markerPos = 3
8.6042 	EXP 	slider_rad_therapy: autoDraw = True
8.6042 	EXP 	text_rad_therapy: autoDraw = True
8.6042 	EXP 	slider_surgery: autoDraw = True
8.6042 	EXP 	text_surgery: autoDraw = True
8.6042 	EXP 	image: autoDraw = True
8.6970 	DATA 	Mouse:  Left button up, pos=(779,576)
9.3321 	DATA 	Mouse: Left button down, pos=(654,664)
9.3442 	EXP 	slider_rad_therapy: markerPos = 1.8666666666666667
9.3559 	EXP 	slider_rad_therapy: markerPos = 1.8666666666666667
9.3674 	EXP 	slider_rad_therapy: markerPos = 1.8666666666666667
9.3785 	EXP 	slider_rad_therapy: markerPos = 1.8666666666666667
9.3911 	EXP 	slider_rad_therapy: markerPos = 1.8666666666666667
9.4029 	EXP 	slider_rad_therapy: markerPos = 1.8666666666666667
9.4146 	EXP 	slider_rad_therapy: markerPos = 1.8666666666666667
9.4265 	EXP 	slider_rad_therapy: markerPos = 1.8666666666666667
9.4268 	DATA 	Mouse:  Left button up, pos=(654,664)
9.4376 	EXP 	slider_rad_therapy: markerPos = 1.8666666666666667
10.1663 	DATA 	Mouse: Left button down, pos=(1222,242)
10.1723 	EXP 	slider_surgery: markerPos = 3.9703703703703703
10.1845 	EXP 	slider_surgery: markerPos = 3.9703703703703703
10.1965 	EXP 	slider_surgery: markerPos = 3.9703703703703703
10.2084 	EXP 	slider_surgery: markerPos = 3.9703703703703703
10.2199 	EXP 	slider_surgery: markerPos = 3.9703703703703703
10.2321 	EXP 	slider_surgery: markerPos = 3.9703703703703703
10.2448 	EXP 	slider_surgery: markerPos = 3.9703703703703703
10.2560 	DATA 	Mouse:  Left button up, pos=(1222,242)
10.2572 	EXP 	slider_surgery: markerPos = 3.9703703703703703
10.2684 	EXP 	slider_surgery: markerPos = 3.9703703703703703
10.9385 	DATA 	Mouse: Left button down, pos=(1666,130)
10.9726 	EXP 	window1: mouseVisible = True
10.9767 	DEBUG 	Saving data for FaceAttractiveness ExperimentHandler
10.9779 	INFO 	saved data to C:\Users\annak\Documents\GitHub\faceattractiveness_lesion\data/_FaceAttractiveness_2023-04-07_20h51.33.848.psydat
10.9789 	INFO 	saved data to 'C:\\Users\\annak\\Documents\\GitHub\\faceattractiveness_lesion\\data/_FaceAttractiveness_2023-04-07_20h51.33.848.csv'
