4.0910 	INFO 	Loaded monitor calibration from ['2021_12_01 18:33']
4.0975 	WARNING 	User requested fullscreen with size [1536  864], but screen is actually [1920, 1080]. Using actual size
5.3993 	EXP 	Created window1 = Window(allowGUI=True, allowStencil=False, autoLog=True, backendConf=UNKNOWN, bitsMode=UNKNOWN, blendMode='avg', bpc=(8, 8, 8), color=array([0.09803922, 0.09803922, 0.09803922]), colorSpace='rgb', depthBits=8, fullscr=<method-wrapper '__getattribute__' of attributeSetter object at 0x000001A252435F10>, gamma=None, gammaErrorPolicy='raise', lms=UNKNOWN, monitor=<psychopy.monitors.calibTools.Monitor object at 0x000001A257A7F3A0>, multiSample=False, name='window1', numSamples=2, pos=(0, 0), screen=0, size=array([1920, 1080]), stencilBits=0, stereo=False, units='height', useFBO=True, useRetina=False, viewOri=0.0, viewPos=None, viewScale=None, waitBlanking=True, winType='pyglet')
5.3994 	EXP 	window1: mouseVisible = True
5.3995 	EXP 	window1: mouseVisible = False
5.3995 	EXP 	window1: Attempting to measure frame rate of screen (0) ...
5.3995 	EXP 	window1: recordFrameIntervals = False
5.4686 	EXP 	window1: recordFrameIntervals = True
5.5451 	EXP 	Screen (0) actual frame rate measured at 143.81Hz
5.5451 	EXP 	window1: recordFrameIntervals = False
7.1514 	INFO 	keyboard.Keyboard is using iohub backend.
7.2220 	EXP 	Created ques_instr = TextStim(__class__=<class 'psychopy.visual.text.TextStim'>, alignHoriz=method-wrapper(...), alignText='center', alignVert=method-wrapper(...), anchorHoriz='center', anchorVert='center', antialias=True, autoDraw=False, autoLog=True, bold=False, color=array([1, 1, 1]), colorSpace='rgb', contrast=1.0, depth=0.0, flipHoriz=False, flipVert=False, font='Arial', fontFiles=[], height=0.04, italic=False, languageStyle='LTR', name='ques_instr', opacity=1.0, ori=0.0, pos=array([0., 0.]), rgb=UNKNOWN, text=str(...), units='height', win=Window(...), wrapWidth=1)
7.2223 	EXP 	window1: mouseVisible = True
7.2259 	EXP 	window1: mouseVisible = True
7.2485 	DEBUG 	TextBox2 loaded 1 chars with 0 blanks and 1 valid
7.2495 	DEBUG 	TextBox2 loaded 1 chars with 0 blanks and 1 valid
7.2502 	DEBUG 	TextBox2 loaded 1 chars with 0 blanks and 1 valid
7.2512 	DEBUG 	TextBox2 loaded 1 chars with 0 blanks and 1 valid
7.2518 	DEBUG 	TextBox2 loaded 1 chars with 0 blanks and 1 valid
7.2523 	DEBUG 	TextBox2 loaded 1 chars with 0 blanks and 1 valid
7.2532 	DEBUG 	TextBox2 loaded 1 chars with 0 blanks and 1 valid
7.2541 	DEBUG 	TextBox2 loaded 1 chars with 0 blanks and 1 valid
7.2549 	DEBUG 	TextBox2 loaded 1 chars with 0 blanks and 1 valid
7.2557 	DEBUG 	TextBox2 loaded 1 chars with 0 blanks and 1 valid
7.2565 	DEBUG 	TextBox2 loaded 1 chars with 0 blanks and 1 valid
7.2571 	DEBUG 	TextBox2 loaded 1 chars with 0 blanks and 1 valid
7.2573 	DEBUG 	Uploading Texture Font fontname to graphics card
7.2635 	DEBUG 	Upload of Texture Font fontname complete
7.2789 	DEBUG 	TextBox2 loaded 1 chars with 0 blanks and 1 valid
7.2792 	DEBUG 	Uploading Texture Font fontname to graphics card
7.2844 	DEBUG 	Upload of Texture Font fontname complete
7.2998 	DEBUG 	TextBox2 loaded 1 chars with 0 blanks and 1 valid
7.3009 	DEBUG 	TextBox2 loaded 1 chars with 0 blanks and 1 valid
7.3018 	DEBUG 	TextBox2 loaded 1 chars with 0 blanks and 1 valid
7.3027 	DEBUG 	TextBox2 loaded 1 chars with 0 blanks and 1 valid
7.3034 	DEBUG 	TextBox2 loaded 1 chars with 0 blanks and 1 valid
7.3044 	DEBUG 	TextBox2 loaded 1 chars with 0 blanks and 1 valid
7.3045 	DEBUG 	Uploading Texture Font fontname to graphics card
7.3093 	DEBUG 	Upload of Texture Font fontname complete
7.3251 	DEBUG 	TextBox2 loaded 1 chars with 0 blanks and 1 valid
7.3253 	DEBUG 	Uploading Texture Font fontname to graphics card
7.3298 	DEBUG 	Upload of Texture Font fontname complete
7.3452 	DEBUG 	TextBox2 loaded 1 chars with 0 blanks and 1 valid
7.3462 	DEBUG 	TextBox2 loaded 1 chars with 0 blanks and 1 valid
7.3464 	DEBUG 	Uploading Texture Font fontname to graphics card
7.3510 	DEBUG 	Upload of Texture Font fontname complete
7.3626 	EXP 	Created slider_rad_therapy = Slider(__class__=<class 'psychopy.visual.slider.Slider'>, autoDraw=False, autoLog=True, borderColor=None, color=None, colorSpace='rgb', depth=0, fillColor=None, flip=False, font='Arial', granularity=0.0, labelColor=None, labelHeight=0.03, labelWrapWidth=None, labels=tuple(...), lineColor=None, markerColor=None, name='slider_rad_therapy', opacity=None, ori=0.0, pos=array([0. , 0.1]), readOnly=False, self=UNKNOWN, size=array([1. , 0.1]), startValue=3, style='rating', styleTweaks=['labels45'], ticks=array([1, 2, 3, 4, 5]), units='height', win=Window(...))
7.3721 	EXP 	Created text_rad_therapy = TextStim(__class__=<class 'psychopy.visual.text.TextStim'>, alignHoriz=method-wrapper(...), alignText='center', alignVert=method-wrapper(...), anchorHoriz='center', anchorVert='center', antialias=True, autoDraw=False, autoLog=True, bold=False, color=array([1, 1, 1]), colorSpace='rgb', contrast=1.0, depth=-1.0, flipHoriz=False, flipVert=False, font='Open Sans', fontFiles=[], height=0.04, italic=False, languageStyle='LTR', name='text_rad_therapy', opacity=1.0, ori=0.0, pos=array([0. , 0.3]), rgb=UNKNOWN, text=str(...), units='height', win=Window(...), wrapWidth=1)
7.3733 	EXP 	window1: mouseVisible = True
7.4546 	EXP 	Created slider_surgery = Slider(__class__=<class 'psychopy.visual.slider.Slider'>, autoDraw=False, autoLog=True, borderColor=None, color=None, colorSpace='rgb', depth=-2, fillColor=None, flip=False, font='Arial', granularity=0.0, labelColor=None, labelHeight=0.03, labelWrapWidth=None, labels=tuple(...), lineColor=None, markerColor=None, name='slider_surgery', opacity=None, ori=0.0, pos=array([ 0. , -0.3]), readOnly=False, self=UNKNOWN, size=array([1. , 0.1]), startValue=3, style='rating', styleTweaks=['labels45'], ticks=array([1, 2, 3, 4, 5]), units='height', win=Window(...))
7.4593 	EXP 	Created text_surgery = TextStim(__class__=<class 'psychopy.visual.text.TextStim'>, alignHoriz=method-wrapper(...), alignText='center', alignVert=method-wrapper(...), anchorHoriz='center', anchorVert='center', antialias=True, autoDraw=False, autoLog=True, bold=False, color=array([1, 1, 1]), colorSpace='rgb', contrast=1.0, depth=-3.0, flipHoriz=False, flipVert=False, font='Open Sans', fontFiles=[], height=0.04, italic=False, languageStyle='LTR', name='text_surgery', opacity=1.0, ori=0.0, pos=array([ 0. , -0.1]), rgb=UNKNOWN, text=str(...), units='height', win=Window(...), wrapWidth=1)
7.4694 	EXP 	Created image = ImageStim(__class__=<class 'psychopy.visual.image.ImageStim'>, anchor=('center', 'center'), autoLog=True, color=array([1, 1, 1]), colorSpace='rgb', contrast=1.0, depth=-4.0, flipHoriz=False, flipVert=False, image='Picture1-eng.png', interpolate=True, mask=None, maskParams=None, name='image', opacity=1.0, ori=0.0, pos=array([ 0.7, -0.4]), size=array([0.2, 0.1]), texRes=128.0, units='height', win=Window(...))
7.4695 	EXP 	window1: mouseVisible = True
7.4704 	EXP 	Created instrBlock = TextStim(__class__=<class 'psychopy.visual.text.TextStim'>, alignHoriz=method-wrapper(...), alignText='center', alignVert=method-wrapper(...), anchorHoriz='center', anchorVert='center', antialias=True, autoDraw=False, autoLog=True, bold=False, color=array([1, 1, 1]), colorSpace='rgb', contrast=1.0, depth=0.0, flipHoriz=False, flipVert=False, font='Arial', fontFiles=[], height=0.05, italic=False, languageStyle='LTR', name='instrBlock', opacity=1.0, ori=0.0, pos=array([0., 0.]), rgb=UNKNOWN, text='', units='height', win=Window(...), wrapWidth=1)
7.4704 	EXP 	window1: mouseVisible = True
7.4735 	EXP 	Created face_image_q = ImageStim(__class__=<class 'psychopy.visual.image.ImageStim'>, anchor=('center', 'center'), autoLog=True, color=array([1, 1, 1]), colorSpace='rgb', contrast=1.0, depth=-1.0, flipHoriz=False, flipVert=False, image='sin', interpolate=True, mask=None, maskParams=None, name='face_image_q', opacity=1.0, ori=0.0, pos=array([0. , 0.3]), size=array([0.88888889, 0.5       ]), texRes=128.0, units='height', win=Window(...))
7.4747 	EXP 	window1: mouseVisible = True
7.4908 	DEBUG 	TextBox2 loaded 1 chars with 0 blanks and 1 valid
7.4917 	DEBUG 	TextBox2 loaded 1 chars with 0 blanks and 1 valid
7.4926 	DEBUG 	TextBox2 loaded 1 chars with 0 blanks and 1 valid
7.4933 	DEBUG 	TextBox2 loaded 1 chars with 0 blanks and 1 valid
7.4939 	DEBUG 	TextBox2 loaded 1 chars with 0 blanks and 1 valid
7.4945 	DEBUG 	TextBox2 loaded 1 chars with 0 blanks and 1 valid
7.4953 	DEBUG 	TextBox2 loaded 1 chars with 0 blanks and 1 valid
7.4961 	DEBUG 	TextBox2 loaded 1 chars with 0 blanks and 1 valid
7.4970 	DEBUG 	TextBox2 loaded 1 chars with 0 blanks and 1 valid
7.4980 	DEBUG 	TextBox2 loaded 1 chars with 0 blanks and 1 valid
7.4988 	DEBUG 	TextBox2 loaded 1 chars with 0 blanks and 1 valid
7.4997 	DEBUG 	TextBox2 loaded 1 chars with 0 blanks and 1 valid
7.5005 	DEBUG 	TextBox2 loaded 1 chars with 0 blanks and 1 valid
7.5007 	DEBUG 	Uploading Texture Font fontname to graphics card
7.5023 	DEBUG 	Upload of Texture Font fontname complete
7.5172 	DEBUG 	TextBox2 loaded 1 chars with 0 blanks and 1 valid
7.5181 	DEBUG 	TextBox2 loaded 1 chars with 0 blanks and 1 valid
7.5188 	DEBUG 	TextBox2 loaded 1 chars with 0 blanks and 1 valid
7.5190 	DEBUG 	Uploading Texture Font fontname to graphics card
7.5195 	DEBUG 	Upload of Texture Font fontname complete
7.5337 	DEBUG 	TextBox2 loaded 1 chars with 0 blanks and 1 valid
7.5345 	DEBUG 	TextBox2 loaded 1 chars with 0 blanks and 1 valid
7.5352 	DEBUG 	TextBox2 loaded 1 chars with 0 blanks and 1 valid
7.5360 	DEBUG 	TextBox2 loaded 1 chars with 0 blanks and 1 valid
7.5362 	DEBUG 	Uploading Texture Font fontname to graphics card
7.5367 	DEBUG 	Upload of Texture Font fontname complete
7.5516 	DEBUG 	TextBox2 loaded 1 chars with 0 blanks and 1 valid
7.5525 	DEBUG 	TextBox2 loaded 1 chars with 0 blanks and 1 valid
7.5536 	DEBUG 	TextBox2 loaded 1 chars with 0 blanks and 1 valid
7.5539 	DEBUG 	Uploading Texture Font fontname to graphics card
7.5543 	DEBUG 	Upload of Texture Font fontname complete
7.5699 	DEBUG 	TextBox2 loaded 1 chars with 0 blanks and 1 valid
7.5702 	DEBUG 	Uploading Texture Font fontname to graphics card
7.5709 	DEBUG 	Upload of Texture Font fontname complete
7.5837 	EXP 	Created slider_trustworthy = Slider(__class__=<class 'psychopy.visual.slider.Slider'>, autoDraw=False, autoLog=True, borderColor=None, color=None, colorSpace='rgb', depth=-2, fillColor=None, flip=False, font='Open Sans', granularity=1.0, labelColor=None, labelHeight=0.02, labelWrapWidth=None, labels=tuple(...), lineColor=None, markerColor=None, name='slider_trustworthy', opacity=None, ori=0.0, pos=array([0., 0.]), readOnly=False, self=UNKNOWN, size=array([1.   , 0.025]), startValue=None, style='radio', styleTweaks=[], ticks=array([1, 2, 3, 4, 5]), units='height', win=Window(...))
7.5978 	EXP 	Created text_trustworthy = TextStim(__class__=<class 'psychopy.visual.text.TextStim'>, alignHoriz=method-wrapper(...), alignText='center', alignVert=method-wrapper(...), anchorHoriz='center', anchorVert='center', antialias=True, autoDraw=False, autoLog=True, bold=False, color=array([1, 1, 1]), colorSpace='rgb', contrast=1.0, depth=-3.0, flipHoriz=False, flipVert=False, font='Open Sans', fontFiles=[], height=0.03, italic=False, languageStyle='LTR', name='text_trustworthy', opacity=1.0, ori=0.0, pos=array([0.  , 0.05]), rgb=UNKNOWN, text=str(...), units='height', win=Window(...), wrapWidth=1)
7.5991 	EXP 	window1: mouseVisible = True
7.6792 	EXP 	Created slider_aggressive = Slider(__class__=<class 'psychopy.visual.slider.Slider'>, autoDraw=False, autoLog=True, borderColor=None, color=None, colorSpace='rgb', depth=-4, fillColor=None, flip=False, font='Open Sans', granularity=1.0, labelColor=None, labelHeight=0.02, labelWrapWidth=None, labels=tuple(...), lineColor=None, markerColor=None, name='slider_aggressive', opacity=None, ori=0.0, pos=array([ 0.  , -0.25]), readOnly=False, self=UNKNOWN, size=array([1.   , 0.025]), startValue=None, style='radio', styleTweaks=[], ticks=array([1, 2, 3, 4, 5]), units='height', win=Window(...))
7.6826 	EXP 	Created text_aggressive = TextStim(__class__=<class 'psychopy.visual.text.TextStim'>, alignHoriz=method-wrapper(...), alignText='center', alignVert=method-wrapper(...), anchorHoriz='center', anchorVert='center', antialias=True, autoDraw=False, autoLog=True, bold=False, color=array([1, 1, 1]), colorSpace='rgb', contrast=1.0, depth=-5.0, flipHoriz=False, flipVert=False, font='Open Sans', fontFiles=[], height=0.03, italic=False, languageStyle='LTR', name='text_aggressive', opacity=1.0, ori=0.0, pos=array([ 0.  , -0.15]), rgb=UNKNOWN, text=str(...), units='height', win=Window(...), wrapWidth=1)
7.6999 	EXP 	window1: mouseVisible = True
7.7011 	DEBUG 	Saving data for FaceAttractiveness2 ExperimentHandler
7.7022 	INFO 	saved data to C:\Users\annak\Documents\GitHub\faceattractiveness_lesion\data/_FaceAttractiveness2_2023-04-07_23h12.42.821.psydat
7.7029 	INFO 	saved data to 'C:\\Users\\annak\\Documents\\GitHub\\faceattractiveness_lesion\\data/_FaceAttractiveness2_2023-04-07_23h12.42.821.csv'
