4.1748 	INFO 	Loaded monitor calibration from ['2021_12_01 18:33']
4.1834 	WARNING 	User requested fullscreen with size [1536  864], but screen is actually [1920, 1080]. Using actual size
5.6530 	EXP 	Created window1 = Window(allowGUI=True, allowStencil=False, autoLog=True, backendConf=UNKNOWN, bitsMode=UNKNOWN, blendMode='avg', bpc=(8, 8, 8), color=array([0.09803922, 0.09803922, 0.09803922]), colorSpace='rgb', depthBits=8, fullscr=<method-wrapper '__getattribute__' of attributeSetter object at 0x0000022FD6295D60>, gamma=None, gammaErrorPolicy='raise', lms=UNKNOWN, monitor=<psychopy.monitors.calibTools.Monitor object at 0x0000022FDC774220>, multiSample=False, name='window1', numSamples=2, pos=(0, 0), screen=0, size=array([1920, 1080]), stencilBits=0, stereo=False, units='height', useFBO=True, useRetina=False, viewOri=0.0, viewPos=None, viewScale=None, waitBlanking=True, winType='pyglet')
5.6531 	EXP 	window1: mouseVisible = True
5.6532 	EXP 	window1: mouseVisible = False
5.6532 	EXP 	window1: Attempting to measure frame rate of screen (0) ...
5.6532 	EXP 	window1: recordFrameIntervals = False
5.7220 	EXP 	window1: recordFrameIntervals = True
5.7718 	WARNING 	t of last frame was 8.38ms (=1/119)
5.7853 	WARNING 	t of last frame was 13.45ms (=1/74)
5.8066 	WARNING 	t of last frame was 13.85ms (=1/72)
5.8193 	WARNING 	t of last frame was 12.70ms (=1/78)
5.8892 	EXP 	Screen (0) actual frame rate measured at 143.41Hz
5.8893 	EXP 	window1: recordFrameIntervals = False
7.7122 	INFO 	keyboard.Keyboard is using iohub backend.
7.7161 	EXP 	window1: mouseVisible = True
7.7410 	DEBUG 	TextBox2 loaded 1 chars with 0 blanks and 1 valid
7.7429 	DEBUG 	TextBox2 loaded 1 chars with 0 blanks and 1 valid
7.7446 	DEBUG 	TextBox2 loaded 1 chars with 0 blanks and 1 valid
7.7466 	DEBUG 	TextBox2 loaded 1 chars with 0 blanks and 1 valid
7.7481 	DEBUG 	TextBox2 loaded 1 chars with 0 blanks and 1 valid
7.7495 	DEBUG 	TextBox2 loaded 1 chars with 0 blanks and 1 valid
7.7513 	DEBUG 	TextBox2 loaded 1 chars with 0 blanks and 1 valid
7.7532 	DEBUG 	TextBox2 loaded 1 chars with 0 blanks and 1 valid
7.7550 	DEBUG 	TextBox2 loaded 1 chars with 0 blanks and 1 valid
7.7568 	DEBUG 	TextBox2 loaded 1 chars with 0 blanks and 1 valid
7.7585 	DEBUG 	TextBox2 loaded 1 chars with 0 blanks and 1 valid
7.7609 	DEBUG 	TextBox2 loaded 1 chars with 0 blanks and 1 valid
7.7612 	DEBUG 	Uploading Texture Font fontname to graphics card
7.7710 	DEBUG 	Upload of Texture Font fontname complete
7.7883 	DEBUG 	TextBox2 loaded 1 chars with 0 blanks and 1 valid
7.7886 	DEBUG 	Uploading Texture Font fontname to graphics card
7.7935 	DEBUG 	Upload of Texture Font fontname complete
7.8104 	DEBUG 	TextBox2 loaded 1 chars with 0 blanks and 1 valid
7.8123 	DEBUG 	TextBox2 loaded 1 chars with 0 blanks and 1 valid
7.8142 	DEBUG 	TextBox2 loaded 1 chars with 0 blanks and 1 valid
7.8160 	DEBUG 	TextBox2 loaded 1 chars with 0 blanks and 1 valid
7.8176 	DEBUG 	TextBox2 loaded 1 chars with 0 blanks and 1 valid
7.8194 	DEBUG 	TextBox2 loaded 1 chars with 0 blanks and 1 valid
7.8196 	DEBUG 	Uploading Texture Font fontname to graphics card
7.8245 	DEBUG 	Upload of Texture Font fontname complete
7.8414 	DEBUG 	TextBox2 loaded 1 chars with 0 blanks and 1 valid
7.8417 	DEBUG 	Uploading Texture Font fontname to graphics card
7.8460 	DEBUG 	Upload of Texture Font fontname complete
7.8633 	DEBUG 	TextBox2 loaded 1 chars with 0 blanks and 1 valid
7.8652 	DEBUG 	TextBox2 loaded 1 chars with 0 blanks and 1 valid
7.8654 	DEBUG 	Uploading Texture Font fontname to graphics card
7.8705 	DEBUG 	Upload of Texture Font fontname complete
7.8823 	EXP 	Created slider_rad_therapy = Slider(__class__=<class 'psychopy.visual.slider.Slider'>, autoDraw=False, autoLog=True, borderColor=None, color=None, colorSpace='rgb', depth=0, fillColor=None, flip=False, font='Arial', granularity=0.0, labelColor=None, labelHeight=0.03, labelWrapWidth=None, labels=tuple(...), lineColor=None, markerColor=None, name='slider_rad_therapy', opacity=None, ori=0.0, pos=array([0. , 0.1]), readOnly=False, self=UNKNOWN, size=array([1. , 0.1]), startValue=3, style='rating', styleTweaks=['labels45'], ticks=array([1, 2, 3, 4, 5]), units='height', win=Window(...))
7.9427 	EXP 	Created text_rad_therapy = TextStim(__class__=<class 'psychopy.visual.text.TextStim'>, alignHoriz=method-wrapper(...), alignText='center', alignVert=method-wrapper(...), anchorHoriz='center', anchorVert='center', antialias=True, autoDraw=False, autoLog=True, bold=False, color=array([1, 1, 1]), colorSpace='rgb', contrast=1.0, depth=-1.0, flipHoriz=False, flipVert=False, font='Open Sans', fontFiles=[], height=0.04, italic=False, languageStyle='LTR', name='text_rad_therapy', opacity=1.0, ori=0.0, pos=array([0. , 0.3]), rgb=UNKNOWN, text=str(...), units='height', win=Window(...), wrapWidth=1)
7.9440 	EXP 	window1: mouseVisible = True
8.0307 	EXP 	Created slider_surgery = Slider(__class__=<class 'psychopy.visual.slider.Slider'>, autoDraw=False, autoLog=True, borderColor=None, color=None, colorSpace='rgb', depth=-2, fillColor=None, flip=False, font='Arial', granularity=0.0, labelColor=None, labelHeight=0.03, labelWrapWidth=None, labels=tuple(...), lineColor=None, markerColor=None, name='slider_surgery', opacity=None, ori=0.0, pos=array([ 0. , -0.3]), readOnly=False, self=UNKNOWN, size=array([1. , 0.1]), startValue=3, style='rating', styleTweaks=['labels45'], ticks=array([1, 2, 3, 4, 5]), units='height', win=Window(...))
8.0355 	EXP 	Created text_surgery = TextStim(__class__=<class 'psychopy.visual.text.TextStim'>, alignHoriz=method-wrapper(...), alignText='center', alignVert=method-wrapper(...), anchorHoriz='center', anchorVert='center', antialias=True, autoDraw=False, autoLog=True, bold=False, color=array([1, 1, 1]), colorSpace='rgb', contrast=1.0, depth=-3.0, flipHoriz=False, flipVert=False, font='Open Sans', fontFiles=[], height=0.04, italic=False, languageStyle='LTR', name='text_surgery', opacity=1.0, ori=0.0, pos=array([ 0. , -0.1]), rgb=UNKNOWN, text=str(...), units='height', win=Window(...), wrapWidth=1)
8.0452 	EXP 	Created image = ImageStim(__class__=<class 'psychopy.visual.image.ImageStim'>, anchor=('center', 'center'), autoLog=True, color=array([1, 1, 1]), colorSpace='rgb', contrast=1.0, depth=-4.0, flipHoriz=False, flipVert=False, image='Picture1-eng.png', interpolate=True, mask=None, maskParams=None, name='image', opacity=1.0, ori=0.0, pos=array([ 0.7, -0.4]), size=array([0.2, 0.1]), texRes=128.0, units='height', win=Window(...))
8.0453 	EXP 	window1: mouseVisible = True
8.0461 	EXP 	Created instrBlock = TextStim(__class__=<class 'psychopy.visual.text.TextStim'>, alignHoriz=method-wrapper(...), alignText='center', alignVert=method-wrapper(...), anchorHoriz='center', anchorVert='center', antialias=True, autoDraw=False, autoLog=True, bold=False, color=array([1, 1, 1]), colorSpace='rgb', contrast=1.0, depth=-1.0, flipHoriz=False, flipVert=False, font='Open Sans', fontFiles=[], height=0.05, italic=False, languageStyle='LTR', name='instrBlock', opacity=1.0, ori=0.0, pos=array([0., 0.]), rgb=UNKNOWN, text='', units='height', win=Window(...), wrapWidth=1)
8.0461 	EXP 	window1: mouseVisible = True
8.0815 	EXP 	Created EndText = TextStim(__class__=<class 'psychopy.visual.text.TextStim'>, alignHoriz=method-wrapper(...), alignText='center', alignVert=method-wrapper(...), anchorHoriz='center', anchorVert='center', antialias=True, autoDraw=False, autoLog=True, bold=False, color=array([-1, -1, -1]), colorSpace='rgb', contrast=1.0, depth=0.0, flipHoriz=False, flipVert=False, font='Arial', fontFiles=[], height=0.05, italic=False, languageStyle='LTR', name='EndText', opacity=1.0, ori=0, pos=array([0., 0.]), rgb=UNKNOWN, text=str(...), units='height', win=Window(...), wrapWidth=1)
8.1315 	EXP 	slider_rad_therapy: autoLog = True
8.1315 	EXP 	slider_rad_therapy: markerPos = 3
8.1315 	EXP 	slider_rad_therapy: styleTweaks = []
8.1315 	EXP 	slider_rad_therapy: styleTweaks = []
8.1315 	EXP 	slider_rad_therapy: styleTweaks = ['labels45']
8.1315 	EXP 	slider_rad_therapy: styleTweaks = ['labels45']
8.1315 	EXP 	slider_rad_therapy: contrast = 1.0
8.1315 	EXP 	slider_rad_therapy: autoLog = True
8.1315 	EXP 	slider_surgery: autoLog = True
8.1315 	EXP 	slider_surgery: markerPos = 3
8.1315 	EXP 	slider_surgery: styleTweaks = []
8.1315 	EXP 	slider_surgery: styleTweaks = []
8.1315 	EXP 	slider_surgery: styleTweaks = ['labels45']
8.1315 	EXP 	slider_surgery: styleTweaks = ['labels45']
8.1315 	EXP 	slider_surgery: contrast = 1.0
8.1315 	EXP 	slider_surgery: autoLog = True
8.1315 	EXP 	slider_rad_therapy: markerPos = None
8.1315 	EXP 	slider_rad_therapy: markerPos = 3
8.1315 	EXP 	slider_surgery: markerPos = None
8.1315 	EXP 	slider_surgery: markerPos = 3
8.1315 	EXP 	slider_rad_therapy: autoDraw = True
8.1315 	EXP 	text_rad_therapy: autoDraw = True
8.1315 	EXP 	slider_surgery: autoDraw = True
8.1315 	EXP 	text_surgery: autoDraw = True
8.1315 	EXP 	image: autoDraw = True
9.0430 	DATA 	Mouse: Left button down, pos=(1689,101)
9.0557 	DEBUG 	Read excel file with openpyxl: Rating_BlockOrder.xlsx
9.0558 	EXP 	Imported Rating_BlockOrder.xlsx as conditions, 1 conditions, 3 params
9.0561 	EXP 	Created sequence: fullRandom, trialTypes=1, nReps=1, seed=None
9.0562 	EXP 	New trial (rep=0, index=0): {'Task': 'Attractiveness', 'LeftLabel': 'Extremely  Attractive', 'RightLabel': 'Extremely Unattractive'}
9.0903 	EXP 	slider_rad_therapy: autoDraw = False
9.0903 	EXP 	text_rad_therapy: autoDraw = False
9.0903 	EXP 	slider_surgery: autoDraw = False
9.0903 	EXP 	text_surgery: autoDraw = False
9.0903 	EXP 	image: autoDraw = False
9.0903 	EXP 	instrBlock: height = 0.05
9.0903 	EXP 	instrBlock: height = 0.05
9.0903 	EXP 	instrBlock: height = 0.05
9.0903 	EXP 	instrBlock: text = '欢迎参加实验！\n\n你会看到一些面孔图片。你需要对面孔的Attractiveness进行评价。\n\n你需要在标尺上点击相应的位置进行评价。\n\n点击鼠标开始。'
9.0903 	EXP 	instrBlock: autoDraw = True
9.1262 	DATA 	Mouse:  Left button up, pos=(1688,101)
9.8485 	DATA 	Mouse: Left button down, pos=(1016,429)
9.8497 	EXP 	Created sequence: sequential, trialTypes=1, nReps=95, seed=None
9.8500 	EXP 	New trial (rep=0, index=0): None
9.8735 	EXP 	window1: mouseVisible = True
9.8751 	DEBUG 	Saving data for FaceAttractiveness ExperimentHandler
9.8767 	INFO 	saved data to C:\Users\annak\Documents\GitHub\faceattractiveness_lesion\data/_FaceAttractiveness_2023-04-05_21h03.17.334.psydat
9.8776 	INFO 	saved data to 'C:\\Users\\annak\\Documents\\GitHub\\faceattractiveness_lesion\\data/_FaceAttractiveness_2023-04-05_21h03.17.334.csv'
