3.9236 	INFO 	Loaded monitor calibration from ['2021_12_01 18:33']
3.9304 	WARNING 	User requested fullscreen with size [1536  864], but screen is actually [1920, 1080]. Using actual size
5.2600 	EXP 	Created window1 = Window(allowGUI=True, allowStencil=False, autoLog=True, backendConf=UNKNOWN, bitsMode=UNKNOWN, blendMode='avg', bpc=(8, 8, 8), color=array([0.09803922, 0.09803922, 0.09803922]), colorSpace='rgb', depthBits=8, fullscr=<method-wrapper '__getattribute__' of attributeSetter object at 0x0000022524E88EB0>, gamma=None, gammaErrorPolicy='raise', lms=UNKNOWN, monitor=<psychopy.monitors.calibTools.Monitor object at 0x000002252A51A3A0>, multiSample=False, name='window1', numSamples=2, pos=(0, 0), screen=0, size=array([1920, 1080]), stencilBits=0, stereo=False, units='height', useFBO=True, useRetina=False, viewOri=0.0, viewPos=None, viewScale=None, waitBlanking=True, winType='pyglet')
5.2600 	EXP 	window1: mouseVisible = True
5.2601 	EXP 	window1: mouseVisible = False
5.2602 	EXP 	window1: Attempting to measure frame rate of screen (0) ...
5.2602 	EXP 	window1: recordFrameIntervals = False
5.3284 	EXP 	window1: recordFrameIntervals = True
5.4054 	EXP 	Screen (0) actual frame rate measured at 143.07Hz
5.4055 	EXP 	window1: recordFrameIntervals = False
7.0099 	INFO 	keyboard.Keyboard is using iohub backend.
7.0802 	EXP 	Created ques_instr = TextStim(__class__=<class 'psychopy.visual.text.TextStim'>, alignHoriz=method-wrapper(...), alignText='center', alignVert=method-wrapper(...), anchorHoriz='center', anchorVert='center', antialias=True, autoDraw=False, autoLog=True, bold=False, color=array([1, 1, 1]), colorSpace='rgb', contrast=1.0, depth=0.0, flipHoriz=False, flipVert=False, font='Arial', fontFiles=[], height=0.04, italic=False, languageStyle='LTR', name='ques_instr', opacity=1.0, ori=0.0, pos=array([0., 0.]), rgb=UNKNOWN, text=str(...), units='height', win=Window(...), wrapWidth=1)
7.0805 	EXP 	window1: mouseVisible = True
7.0840 	EXP 	window1: mouseVisible = True
7.1066 	DEBUG 	TextBox2 loaded 1 chars with 0 blanks and 1 valid
7.1084 	DEBUG 	TextBox2 loaded 1 chars with 0 blanks and 1 valid
7.1099 	DEBUG 	TextBox2 loaded 1 chars with 0 blanks and 1 valid
7.1116 	DEBUG 	TextBox2 loaded 1 chars with 0 blanks and 1 valid
7.1130 	DEBUG 	TextBox2 loaded 1 chars with 0 blanks and 1 valid
7.1143 	DEBUG 	TextBox2 loaded 1 chars with 0 blanks and 1 valid
7.1159 	DEBUG 	TextBox2 loaded 1 chars with 0 blanks and 1 valid
7.1176 	DEBUG 	TextBox2 loaded 1 chars with 0 blanks and 1 valid
7.1193 	DEBUG 	TextBox2 loaded 1 chars with 0 blanks and 1 valid
7.1209 	DEBUG 	TextBox2 loaded 1 chars with 0 blanks and 1 valid
7.1224 	DEBUG 	TextBox2 loaded 1 chars with 0 blanks and 1 valid
7.1238 	DEBUG 	TextBox2 loaded 1 chars with 0 blanks and 1 valid
7.1240 	DEBUG 	Uploading Texture Font fontname to graphics card
7.1300 	DEBUG 	Upload of Texture Font fontname complete
7.1445 	DEBUG 	TextBox2 loaded 1 chars with 0 blanks and 1 valid
7.1447 	DEBUG 	Uploading Texture Font fontname to graphics card
7.1498 	DEBUG 	Upload of Texture Font fontname complete
7.1644 	DEBUG 	TextBox2 loaded 1 chars with 0 blanks and 1 valid
7.1664 	DEBUG 	TextBox2 loaded 1 chars with 0 blanks and 1 valid
7.1682 	DEBUG 	TextBox2 loaded 1 chars with 0 blanks and 1 valid
7.1700 	DEBUG 	TextBox2 loaded 1 chars with 0 blanks and 1 valid
7.1715 	DEBUG 	TextBox2 loaded 1 chars with 0 blanks and 1 valid
7.1733 	DEBUG 	TextBox2 loaded 1 chars with 0 blanks and 1 valid
7.1735 	DEBUG 	Uploading Texture Font fontname to graphics card
7.1794 	DEBUG 	Upload of Texture Font fontname complete
7.1941 	DEBUG 	TextBox2 loaded 1 chars with 0 blanks and 1 valid
7.1944 	DEBUG 	Uploading Texture Font fontname to graphics card
7.1992 	DEBUG 	Upload of Texture Font fontname complete
7.2134 	DEBUG 	TextBox2 loaded 1 chars with 0 blanks and 1 valid
7.2153 	DEBUG 	TextBox2 loaded 1 chars with 0 blanks and 1 valid
7.2155 	DEBUG 	Uploading Texture Font fontname to graphics card
7.2200 	DEBUG 	Upload of Texture Font fontname complete
7.2318 	EXP 	Created slider_rad_therapy = Slider(__class__=<class 'psychopy.visual.slider.Slider'>, autoDraw=False, autoLog=True, borderColor=None, color=None, colorSpace='rgb', depth=0, fillColor=None, flip=False, font='Arial', granularity=0.0, labelColor=None, labelHeight=0.03, labelWrapWidth=None, labels=tuple(...), lineColor=None, markerColor=None, name='slider_rad_therapy', opacity=None, ori=0.0, pos=array([0. , 0.1]), readOnly=False, self=UNKNOWN, size=array([1. , 0.1]), startValue=3, style='rating', styleTweaks=['labels45'], ticks=array([1, 2, 3, 4, 5]), units='height', win=Window(...))
7.2404 	EXP 	Created text_rad_therapy = TextStim(__class__=<class 'psychopy.visual.text.TextStim'>, alignHoriz=method-wrapper(...), alignText='center', alignVert=method-wrapper(...), anchorHoriz='center', anchorVert='center', antialias=True, autoDraw=False, autoLog=True, bold=False, color=array([1, 1, 1]), colorSpace='rgb', contrast=1.0, depth=-1.0, flipHoriz=False, flipVert=False, font='Open Sans', fontFiles=[], height=0.04, italic=False, languageStyle='LTR', name='text_rad_therapy', opacity=1.0, ori=0.0, pos=array([0. , 0.3]), rgb=UNKNOWN, text=str(...), units='height', win=Window(...), wrapWidth=1)
7.2417 	EXP 	window1: mouseVisible = True
7.3121 	EXP 	Created slider_surgery = Slider(__class__=<class 'psychopy.visual.slider.Slider'>, autoDraw=False, autoLog=True, borderColor=None, color=None, colorSpace='rgb', depth=-2, fillColor=None, flip=False, font='Arial', granularity=0.0, labelColor=None, labelHeight=0.03, labelWrapWidth=None, labels=tuple(...), lineColor=None, markerColor=None, name='slider_surgery', opacity=None, ori=0.0, pos=array([ 0. , -0.3]), readOnly=False, self=UNKNOWN, size=array([1. , 0.1]), startValue=3, style='rating', styleTweaks=['labels45'], ticks=array([1, 2, 3, 4, 5]), units='height', win=Window(...))
7.3166 	EXP 	Created text_surgery = TextStim(__class__=<class 'psychopy.visual.text.TextStim'>, alignHoriz=method-wrapper(...), alignText='center', alignVert=method-wrapper(...), anchorHoriz='center', anchorVert='center', antialias=True, autoDraw=False, autoLog=True, bold=False, color=array([1, 1, 1]), colorSpace='rgb', contrast=1.0, depth=-3.0, flipHoriz=False, flipVert=False, font='Open Sans', fontFiles=[], height=0.04, italic=False, languageStyle='LTR', name='text_surgery', opacity=1.0, ori=0.0, pos=array([ 0. , -0.1]), rgb=UNKNOWN, text=str(...), units='height', win=Window(...), wrapWidth=1)
7.3260 	EXP 	Created image = ImageStim(__class__=<class 'psychopy.visual.image.ImageStim'>, anchor=('center', 'center'), autoLog=True, color=array([1, 1, 1]), colorSpace='rgb', contrast=1.0, depth=-4.0, flipHoriz=False, flipVert=False, image='Picture1-eng.png', interpolate=True, mask=None, maskParams=None, name='image', opacity=1.0, ori=0.0, pos=array([ 0.7, -0.4]), size=array([0.2, 0.1]), texRes=128.0, units='height', win=Window(...))
7.3260 	EXP 	window1: mouseVisible = True
7.3269 	EXP 	Created instrBlock = TextStim(__class__=<class 'psychopy.visual.text.TextStim'>, alignHoriz=method-wrapper(...), alignText='center', alignVert=method-wrapper(...), anchorHoriz='center', anchorVert='center', antialias=True, autoDraw=False, autoLog=True, bold=False, color=array([1, 1, 1]), colorSpace='rgb', contrast=1.0, depth=0.0, flipHoriz=False, flipVert=False, font='Arial', fontFiles=[], height=0.05, italic=False, languageStyle='LTR', name='instrBlock', opacity=1.0, ori=0.0, pos=array([0., 0.]), rgb=UNKNOWN, text='', units='height', win=Window(...), wrapWidth=1)
7.3269 	EXP 	window1: mouseVisible = True
7.3300 	EXP 	Created face_image_q = ImageStim(__class__=<class 'psychopy.visual.image.ImageStim'>, anchor=('center', 'center'), autoLog=True, color=array([1, 1, 1]), colorSpace='rgb', contrast=1.0, depth=0.0, flipHoriz=False, flipVert=False, image='sin', interpolate=True, mask=None, maskParams=None, name='face_image_q', opacity=1.0, ori=0.0, pos=array([0. , 0.3]), size=array([0.88888889, 0.5       ]), texRes=128.0, units='height', win=Window(...))
7.3312 	EXP 	window1: mouseVisible = True
7.3454 	DEBUG 	TextBox2 loaded 1 chars with 0 blanks and 1 valid
7.3463 	DEBUG 	TextBox2 loaded 1 chars with 0 blanks and 1 valid
7.3471 	DEBUG 	TextBox2 loaded 1 chars with 0 blanks and 1 valid
7.3478 	DEBUG 	TextBox2 loaded 1 chars with 0 blanks and 1 valid
7.3484 	DEBUG 	TextBox2 loaded 1 chars with 0 blanks and 1 valid
7.3490 	DEBUG 	TextBox2 loaded 1 chars with 0 blanks and 1 valid
7.3498 	DEBUG 	TextBox2 loaded 1 chars with 0 blanks and 1 valid
7.3506 	DEBUG 	TextBox2 loaded 1 chars with 0 blanks and 1 valid
7.3514 	DEBUG 	TextBox2 loaded 1 chars with 0 blanks and 1 valid
7.3523 	DEBUG 	TextBox2 loaded 1 chars with 0 blanks and 1 valid
7.3531 	DEBUG 	TextBox2 loaded 1 chars with 0 blanks and 1 valid
7.3539 	DEBUG 	TextBox2 loaded 1 chars with 0 blanks and 1 valid
7.3547 	DEBUG 	TextBox2 loaded 1 chars with 0 blanks and 1 valid
7.3549 	DEBUG 	Uploading Texture Font fontname to graphics card
7.3557 	DEBUG 	Upload of Texture Font fontname complete
7.3682 	DEBUG 	TextBox2 loaded 1 chars with 0 blanks and 1 valid
7.3690 	DEBUG 	TextBox2 loaded 1 chars with 0 blanks and 1 valid
7.3697 	DEBUG 	TextBox2 loaded 1 chars with 0 blanks and 1 valid
7.3699 	DEBUG 	Uploading Texture Font fontname to graphics card
7.3704 	DEBUG 	Upload of Texture Font fontname complete
7.3829 	DEBUG 	TextBox2 loaded 1 chars with 0 blanks and 1 valid
7.3837 	DEBUG 	TextBox2 loaded 1 chars with 0 blanks and 1 valid
7.3844 	DEBUG 	TextBox2 loaded 1 chars with 0 blanks and 1 valid
7.3851 	DEBUG 	TextBox2 loaded 1 chars with 0 blanks and 1 valid
7.3854 	DEBUG 	Uploading Texture Font fontname to graphics card
7.3859 	DEBUG 	Upload of Texture Font fontname complete
7.3984 	DEBUG 	TextBox2 loaded 1 chars with 0 blanks and 1 valid
7.3993 	DEBUG 	TextBox2 loaded 1 chars with 0 blanks and 1 valid
7.4002 	DEBUG 	TextBox2 loaded 1 chars with 0 blanks and 1 valid
7.4004 	DEBUG 	Uploading Texture Font fontname to graphics card
7.4008 	DEBUG 	Upload of Texture Font fontname complete
7.4132 	DEBUG 	TextBox2 loaded 1 chars with 0 blanks and 1 valid
7.4135 	DEBUG 	Uploading Texture Font fontname to graphics card
7.4142 	DEBUG 	Upload of Texture Font fontname complete
7.4271 	EXP 	Created slider_trustworthy = Slider(__class__=<class 'psychopy.visual.slider.Slider'>, autoDraw=False, autoLog=True, borderColor=None, color=None, colorSpace='rgb', depth=-1, fillColor=None, flip=False, font='Open Sans', granularity=1.0, labelColor=None, labelHeight=0.02, labelWrapWidth=None, labels=tuple(...), lineColor=None, markerColor=None, name='slider_trustworthy', opacity=None, ori=0.0, pos=array([0., 0.]), readOnly=False, self=UNKNOWN, size=array([1.   , 0.025]), startValue=None, style='radio', styleTweaks=['labels45'], ticks=array([1, 2, 3, 4, 5]), units='height', win=Window(...))
7.4407 	EXP 	Created text_trustworthy = TextStim(__class__=<class 'psychopy.visual.text.TextStim'>, alignHoriz=method-wrapper(...), alignText='center', alignVert=method-wrapper(...), anchorHoriz='center', anchorVert='center', antialias=True, autoDraw=False, autoLog=True, bold=False, color=array([1, 1, 1]), colorSpace='rgb', contrast=1.0, depth=-2.0, flipHoriz=False, flipVert=False, font='Open Sans', fontFiles=[], height=0.03, italic=False, languageStyle='LTR', name='text_trustworthy', opacity=1.0, ori=0.0, pos=array([0.  , 0.05]), rgb=UNKNOWN, text=str(...), units='height', win=Window(...), wrapWidth=1)
7.4420 	EXP 	window1: mouseVisible = True
7.5136 	EXP 	Created slider_aggressive = Slider(__class__=<class 'psychopy.visual.slider.Slider'>, autoDraw=False, autoLog=True, borderColor=None, color=None, colorSpace='rgb', depth=-3, fillColor=None, flip=False, font='Open Sans', granularity=1.0, labelColor=None, labelHeight=0.02, labelWrapWidth=None, labels=tuple(...), lineColor=None, markerColor=None, name='slider_aggressive', opacity=None, ori=0.0, pos=array([ 0.  , -0.25]), readOnly=False, self=UNKNOWN, size=array([1.   , 0.025]), startValue=None, style='radio', styleTweaks=[], ticks=array([1, 2, 3, 4, 5]), units='height', win=Window(...))
7.5170 	EXP 	Created text_aggressive = TextStim(__class__=<class 'psychopy.visual.text.TextStim'>, alignHoriz=method-wrapper(...), alignText='center', alignVert=method-wrapper(...), anchorHoriz='center', anchorVert='center', antialias=True, autoDraw=False, autoLog=True, bold=False, color=array([1, 1, 1]), colorSpace='rgb', contrast=1.0, depth=-4.0, flipHoriz=False, flipVert=False, font='Open Sans', fontFiles=[], height=0.03, italic=False, languageStyle='LTR', name='text_aggressive', opacity=1.0, ori=0.0, pos=array([ 0.  , -0.15]), rgb=UNKNOWN, text=str(...), units='height', win=Window(...), wrapWidth=1)
7.5171 	EXP 	window1: mouseVisible = True
7.5359 	EXP 	window1: mouseVisible = True
7.5378 	DEBUG 	Saving data for FaceAttractiveness ExperimentHandler
7.5391 	INFO 	saved data to C:\Users\annak\Documents\GitHub\faceattractiveness_lesion\data/_FaceAttractiveness_2023-04-07_22h33.07.564.psydat
7.5399 	INFO 	saved data to 'C:\\Users\\annak\\Documents\\GitHub\\faceattractiveness_lesion\\data/_FaceAttractiveness_2023-04-07_22h33.07.564.csv'
