4.0082 	INFO 	Loaded monitor calibration from ['2021_12_01 18:33']
4.0172 	WARNING 	User requested fullscreen with size [1536  864], but screen is actually [1920, 1080]. Using actual size
4.9524 	DATA 	Mouse: wheel shift=(0,1), pos=(0,0)
5.3831 	EXP 	Created window1 = Window(allowGUI=True, allowStencil=False, autoLog=True, backendConf=UNKNOWN, bitsMode=UNKNOWN, blendMode='avg', bpc=(8, 8, 8), color=array([0.09803922, 0.09803922, 0.09803922]), colorSpace='rgb', depthBits=8, fullscr=<method-wrapper '__getattribute__' of attributeSetter object at 0x00000259041C8F10>, gamma=None, gammaErrorPolicy='raise', lms=UNKNOWN, monitor=<psychopy.monitors.calibTools.Monitor object at 0x00000259065724C0>, multiSample=False, name='window1', numSamples=2, pos=(0, 0), screen=0, size=array([1920, 1080]), stencilBits=0, stereo=False, units='height', useFBO=True, useRetina=False, viewOri=0.0, viewPos=None, viewScale=None, waitBlanking=True, winType='pyglet')
5.3832 	EXP 	window1: mouseVisible = True
5.3833 	EXP 	window1: mouseVisible = False
5.3833 	EXP 	window1: Attempting to measure frame rate of screen (0) ...
5.3833 	EXP 	window1: recordFrameIntervals = False
5.4522 	EXP 	window1: recordFrameIntervals = True
5.5280 	EXP 	Screen (0) actual frame rate measured at 144.44Hz
5.5281 	EXP 	window1: recordFrameIntervals = False
7.1417 	INFO 	keyboard.Keyboard is using iohub backend.
7.2596 	EXP 	Created ques_instr = TextStim(__class__=<class 'psychopy.visual.text.TextStim'>, alignHoriz=method-wrapper(...), alignText='center', alignVert=method-wrapper(...), anchorHoriz='center', anchorVert='center', antialias=True, autoDraw=False, autoLog=True, bold=False, color=array([1, 1, 1]), colorSpace='rgb', contrast=1.0, depth=0.0, flipHoriz=False, flipVert=False, font='Arial', fontFiles=[], height=0.04, italic=False, languageStyle='LTR', name='ques_instr', opacity=1.0, ori=0.0, pos=array([0., 0.]), rgb=UNKNOWN, text=str(...), units='height', win=Window(...), wrapWidth=1)
7.2600 	EXP 	window1: mouseVisible = True
7.2635 	EXP 	window1: mouseVisible = True
7.2867 	DEBUG 	TextBox2 loaded 1 chars with 0 blanks and 1 valid
7.2884 	DEBUG 	TextBox2 loaded 1 chars with 0 blanks and 1 valid
7.2900 	DEBUG 	TextBox2 loaded 1 chars with 0 blanks and 1 valid
7.2919 	DEBUG 	TextBox2 loaded 1 chars with 0 blanks and 1 valid
7.2932 	DEBUG 	TextBox2 loaded 1 chars with 0 blanks and 1 valid
7.2947 	DEBUG 	TextBox2 loaded 1 chars with 0 blanks and 1 valid
7.2965 	DEBUG 	TextBox2 loaded 1 chars with 0 blanks and 1 valid
7.2984 	DEBUG 	TextBox2 loaded 1 chars with 0 blanks and 1 valid
7.3002 	DEBUG 	TextBox2 loaded 1 chars with 0 blanks and 1 valid
7.3020 	DEBUG 	TextBox2 loaded 1 chars with 0 blanks and 1 valid
7.3037 	DEBUG 	TextBox2 loaded 1 chars with 0 blanks and 1 valid
7.3052 	DEBUG 	TextBox2 loaded 1 chars with 0 blanks and 1 valid
7.3054 	DEBUG 	Uploading Texture Font fontname to graphics card
7.3107 	DEBUG 	Upload of Texture Font fontname complete
7.3269 	DEBUG 	TextBox2 loaded 1 chars with 0 blanks and 1 valid
7.3272 	DEBUG 	Uploading Texture Font fontname to graphics card
7.3321 	DEBUG 	Upload of Texture Font fontname complete
7.3489 	DEBUG 	TextBox2 loaded 1 chars with 0 blanks and 1 valid
7.3509 	DEBUG 	TextBox2 loaded 1 chars with 0 blanks and 1 valid
7.3528 	DEBUG 	TextBox2 loaded 1 chars with 0 blanks and 1 valid
7.3546 	DEBUG 	TextBox2 loaded 1 chars with 0 blanks and 1 valid
7.3562 	DEBUG 	TextBox2 loaded 1 chars with 0 blanks and 1 valid
7.3580 	DEBUG 	TextBox2 loaded 1 chars with 0 blanks and 1 valid
7.3582 	DEBUG 	Uploading Texture Font fontname to graphics card
7.3630 	DEBUG 	Upload of Texture Font fontname complete
7.3799 	DEBUG 	TextBox2 loaded 1 chars with 0 blanks and 1 valid
7.3801 	DEBUG 	Uploading Texture Font fontname to graphics card
7.3850 	DEBUG 	Upload of Texture Font fontname complete
7.4015 	DEBUG 	TextBox2 loaded 1 chars with 0 blanks and 1 valid
7.4033 	DEBUG 	TextBox2 loaded 1 chars with 0 blanks and 1 valid
7.4035 	DEBUG 	Uploading Texture Font fontname to graphics card
7.4084 	DEBUG 	Upload of Texture Font fontname complete
7.4204 	EXP 	Created slider_rad_therapy = Slider(__class__=<class 'psychopy.visual.slider.Slider'>, autoDraw=False, autoLog=True, borderColor=None, color=None, colorSpace='rgb', depth=0, fillColor=None, flip=False, font='Arial', granularity=0.0, labelColor=None, labelHeight=0.03, labelWrapWidth=None, labels=tuple(...), lineColor=None, markerColor=None, name='slider_rad_therapy', opacity=None, ori=0.0, pos=array([0. , 0.1]), readOnly=False, self=UNKNOWN, size=array([1. , 0.1]), startValue=3, style='rating', styleTweaks=['labels45'], ticks=array([1, 2, 3, 4, 5]), units='height', win=Window(...))
7.4302 	EXP 	Created text_rad_therapy = TextStim(__class__=<class 'psychopy.visual.text.TextStim'>, alignHoriz=method-wrapper(...), alignText='center', alignVert=method-wrapper(...), anchorHoriz='center', anchorVert='center', antialias=True, autoDraw=False, autoLog=True, bold=False, color=array([1, 1, 1]), colorSpace='rgb', contrast=1.0, depth=-1.0, flipHoriz=False, flipVert=False, font='Open Sans', fontFiles=[], height=0.04, italic=False, languageStyle='LTR', name='text_rad_therapy', opacity=1.0, ori=0.0, pos=array([0. , 0.3]), rgb=UNKNOWN, text=str(...), units='height', win=Window(...), wrapWidth=1)
7.4315 	EXP 	window1: mouseVisible = True
7.5101 	EXP 	Created slider_surgery = Slider(__class__=<class 'psychopy.visual.slider.Slider'>, autoDraw=False, autoLog=True, borderColor=None, color=None, colorSpace='rgb', depth=-2, fillColor=None, flip=False, font='Arial', granularity=0.0, labelColor=None, labelHeight=0.03, labelWrapWidth=None, labels=tuple(...), lineColor=None, markerColor=None, name='slider_surgery', opacity=None, ori=0.0, pos=array([ 0. , -0.3]), readOnly=False, self=UNKNOWN, size=array([1. , 0.1]), startValue=3, style='rating', styleTweaks=['labels45'], ticks=array([1, 2, 3, 4, 5]), units='height', win=Window(...))
7.5148 	EXP 	Created text_surgery = TextStim(__class__=<class 'psychopy.visual.text.TextStim'>, alignHoriz=method-wrapper(...), alignText='center', alignVert=method-wrapper(...), anchorHoriz='center', anchorVert='center', antialias=True, autoDraw=False, autoLog=True, bold=False, color=array([1, 1, 1]), colorSpace='rgb', contrast=1.0, depth=-3.0, flipHoriz=False, flipVert=False, font='Open Sans', fontFiles=[], height=0.04, italic=False, languageStyle='LTR', name='text_surgery', opacity=1.0, ori=0.0, pos=array([ 0. , -0.1]), rgb=UNKNOWN, text=str(...), units='height', win=Window(...), wrapWidth=1)
7.5257 	EXP 	Created image = ImageStim(__class__=<class 'psychopy.visual.image.ImageStim'>, anchor=('center', 'center'), autoLog=True, color=array([1, 1, 1]), colorSpace='rgb', contrast=1.0, depth=-4.0, flipHoriz=False, flipVert=False, image='Picture1-eng.png', interpolate=True, mask=None, maskParams=None, name='image', opacity=1.0, ori=0.0, pos=array([ 0.7, -0.4]), size=array([0.2, 0.1]), texRes=128.0, units='height', win=Window(...))
7.5258 	EXP 	window1: mouseVisible = True
7.5267 	EXP 	Created instrBlock = TextStim(__class__=<class 'psychopy.visual.text.TextStim'>, alignHoriz=method-wrapper(...), alignText='center', alignVert=method-wrapper(...), anchorHoriz='center', anchorVert='center', antialias=True, autoDraw=False, autoLog=True, bold=False, color=array([1, 1, 1]), colorSpace='rgb', contrast=1.0, depth=0.0, flipHoriz=False, flipVert=False, font='Arial', fontFiles=[], height=0.05, italic=False, languageStyle='LTR', name='instrBlock', opacity=1.0, ori=0.0, pos=array([0., 0.]), rgb=UNKNOWN, text='', units='height', win=Window(...), wrapWidth=1)
7.5267 	EXP 	window1: mouseVisible = True
7.5298 	EXP 	Created face_image_q = ImageStim(__class__=<class 'psychopy.visual.image.ImageStim'>, anchor=('center', 'center'), autoLog=True, color=array([1, 1, 1]), colorSpace='rgb', contrast=1.0, depth=0.0, flipHoriz=False, flipVert=False, image='sin', interpolate=True, mask=None, maskParams=None, name='face_image_q', opacity=1.0, ori=0.0, pos=array([0. , 0.3]), size=array([0.88888889, 0.5       ]), texRes=128.0, units='height', win=Window(...))
7.5309 	EXP 	window1: mouseVisible = True
7.5471 	DEBUG 	TextBox2 loaded 1 chars with 0 blanks and 1 valid
7.5480 	DEBUG 	TextBox2 loaded 1 chars with 0 blanks and 1 valid
7.5488 	DEBUG 	TextBox2 loaded 1 chars with 0 blanks and 1 valid
7.5495 	DEBUG 	TextBox2 loaded 1 chars with 0 blanks and 1 valid
7.5502 	DEBUG 	TextBox2 loaded 1 chars with 0 blanks and 1 valid
7.5508 	DEBUG 	TextBox2 loaded 1 chars with 0 blanks and 1 valid
7.5516 	DEBUG 	TextBox2 loaded 1 chars with 0 blanks and 1 valid
7.5524 	DEBUG 	TextBox2 loaded 1 chars with 0 blanks and 1 valid
7.5531 	DEBUG 	TextBox2 loaded 1 chars with 0 blanks and 1 valid
7.5540 	DEBUG 	TextBox2 loaded 1 chars with 0 blanks and 1 valid
7.5548 	DEBUG 	TextBox2 loaded 1 chars with 0 blanks and 1 valid
7.5557 	DEBUG 	TextBox2 loaded 1 chars with 0 blanks and 1 valid
7.5565 	DEBUG 	TextBox2 loaded 1 chars with 0 blanks and 1 valid
7.5567 	DEBUG 	Uploading Texture Font fontname to graphics card
7.5577 	DEBUG 	Upload of Texture Font fontname complete
7.5719 	DEBUG 	TextBox2 loaded 1 chars with 0 blanks and 1 valid
7.5727 	DEBUG 	TextBox2 loaded 1 chars with 0 blanks and 1 valid
7.5733 	DEBUG 	TextBox2 loaded 1 chars with 0 blanks and 1 valid
7.5736 	DEBUG 	Uploading Texture Font fontname to graphics card
7.5740 	DEBUG 	Upload of Texture Font fontname complete
7.5882 	DEBUG 	TextBox2 loaded 1 chars with 0 blanks and 1 valid
7.5890 	DEBUG 	TextBox2 loaded 1 chars with 0 blanks and 1 valid
7.5897 	DEBUG 	TextBox2 loaded 1 chars with 0 blanks and 1 valid
7.5904 	DEBUG 	TextBox2 loaded 1 chars with 0 blanks and 1 valid
7.5907 	DEBUG 	Uploading Texture Font fontname to graphics card
7.5911 	DEBUG 	Upload of Texture Font fontname complete
7.6054 	DEBUG 	TextBox2 loaded 1 chars with 0 blanks and 1 valid
7.6063 	DEBUG 	TextBox2 loaded 1 chars with 0 blanks and 1 valid
7.6072 	DEBUG 	TextBox2 loaded 1 chars with 0 blanks and 1 valid
7.6074 	DEBUG 	Uploading Texture Font fontname to graphics card
7.6078 	DEBUG 	Upload of Texture Font fontname complete
7.6220 	DEBUG 	TextBox2 loaded 1 chars with 0 blanks and 1 valid
7.6223 	DEBUG 	Uploading Texture Font fontname to graphics card
7.6229 	DEBUG 	Upload of Texture Font fontname complete
7.6360 	EXP 	Created slider_trustworthy = Slider(__class__=<class 'psychopy.visual.slider.Slider'>, autoDraw=False, autoLog=True, borderColor=None, color=None, colorSpace='rgb', depth=-1, fillColor=None, flip=False, font='Open Sans', granularity=1.0, labelColor=None, labelHeight=0.02, labelWrapWidth=None, labels=tuple(...), lineColor=None, markerColor=None, name='slider_trustworthy', opacity=None, ori=0.0, pos=array([0., 0.]), readOnly=False, self=UNKNOWN, size=array([1.   , 0.025]), startValue=None, style='radio', styleTweaks=['labels45'], ticks=array([1, 2, 3, 4, 5]), units='height', win=Window(...))
7.6480 	EXP 	Created text_trustworthy = TextStim(__class__=<class 'psychopy.visual.text.TextStim'>, alignHoriz=method-wrapper(...), alignText='center', alignVert=method-wrapper(...), anchorHoriz='center', anchorVert='center', antialias=True, autoDraw=False, autoLog=True, bold=False, color=array([1, 1, 1]), colorSpace='rgb', contrast=1.0, depth=-2.0, flipHoriz=False, flipVert=False, font='Open Sans', fontFiles=[], height=0.03, italic=False, languageStyle='LTR', name='text_trustworthy', opacity=1.0, ori=0.0, pos=array([0.  , 0.05]), rgb=UNKNOWN, text=str(...), units='height', win=Window(...), wrapWidth=1)
7.6493 	EXP 	window1: mouseVisible = True
7.7310 	EXP 	Created slider_aggressive = Slider(__class__=<class 'psychopy.visual.slider.Slider'>, autoDraw=False, autoLog=True, borderColor=None, color=None, colorSpace='rgb', depth=-3, fillColor=None, flip=False, font='Open Sans', granularity=1.0, labelColor=None, labelHeight=0.02, labelWrapWidth=None, labels=tuple(...), lineColor=None, markerColor=None, name='slider_aggressive', opacity=None, ori=0.0, pos=array([ 0.  , -0.25]), readOnly=False, self=UNKNOWN, size=array([1.   , 0.025]), startValue=None, style='radio', styleTweaks=[], ticks=array([1, 2, 3, 4, 5]), units='height', win=Window(...))
7.7345 	EXP 	Created text_aggressive = TextStim(__class__=<class 'psychopy.visual.text.TextStim'>, alignHoriz=method-wrapper(...), alignText='center', alignVert=method-wrapper(...), anchorHoriz='center', anchorVert='center', antialias=True, autoDraw=False, autoLog=True, bold=False, color=array([1, 1, 1]), colorSpace='rgb', contrast=1.0, depth=-4.0, flipHoriz=False, flipVert=False, font='Open Sans', fontFiles=[], height=0.03, italic=False, languageStyle='LTR', name='text_aggressive', opacity=1.0, ori=0.0, pos=array([ 0.  , -0.15]), rgb=UNKNOWN, text=str(...), units='height', win=Window(...), wrapWidth=1)
7.7346 	EXP 	window1: mouseVisible = True
7.7528 	EXP 	window1: mouseVisible = True
7.7543 	DEBUG 	Saving data for FaceAttractiveness ExperimentHandler
7.7551 	INFO 	saved data to C:\Users\annak\Documents\GitHub\faceattractiveness_lesion\data/_FaceAttractiveness_2023-04-07_22h46.22.445.psydat
7.7557 	INFO 	saved data to 'C:\\Users\\annak\\Documents\\GitHub\\faceattractiveness_lesion\\data/_FaceAttractiveness_2023-04-07_22h46.22.445.csv'
