4.1956 	INFO 	Loaded monitor calibration from ['2021_12_01 18:33']
4.2023 	WARNING 	User requested fullscreen with size [1536  864], but screen is actually [1920, 1080]. Using actual size
5.4360 	EXP 	Created window1 = Window(allowGUI=True, allowStencil=False, autoLog=True, backendConf=UNKNOWN, bitsMode=UNKNOWN, blendMode='avg', bpc=(8, 8, 8), color=array([0.09803922, 0.09803922, 0.09803922]), colorSpace='rgb', depthBits=8, fullscr=<method-wrapper '__getattribute__' of attributeSetter object at 0x00000255814CBEE0>, gamma=None, gammaErrorPolicy='raise', lms=UNKNOWN, monitor=<psychopy.monitors.calibTools.Monitor object at 0x0000025588604430>, multiSample=False, name='window1', numSamples=2, pos=(0, 0), screen=0, size=array([1920, 1080]), stencilBits=0, stereo=False, units='height', useFBO=True, useRetina=False, viewOri=0.0, viewPos=None, viewScale=None, waitBlanking=True, winType='pyglet')
5.4361 	EXP 	window1: mouseVisible = True
5.4362 	EXP 	window1: mouseVisible = False
5.4362 	EXP 	window1: Attempting to measure frame rate of screen (0) ...
5.4362 	EXP 	window1: recordFrameIntervals = False
5.5051 	EXP 	window1: recordFrameIntervals = True
5.5818 	EXP 	Screen (0) actual frame rate measured at 144.09Hz
5.5818 	EXP 	window1: recordFrameIntervals = False
7.1883 	INFO 	keyboard.Keyboard is using iohub backend.
7.2577 	EXP 	Created ques_instr = TextStim(__class__=<class 'psychopy.visual.text.TextStim'>, alignHoriz=method-wrapper(...), alignText='center', alignVert=method-wrapper(...), anchorHoriz='center', anchorVert='center', antialias=True, autoDraw=False, autoLog=True, bold=False, color=array([1, 1, 1]), colorSpace='rgb', contrast=1.0, depth=0.0, flipHoriz=False, flipVert=False, font='Arial', fontFiles=[], height=0.04, italic=False, languageStyle='LTR', name='ques_instr', opacity=1.0, ori=0.0, pos=array([0., 0.]), rgb=UNKNOWN, text=str(...), units='height', win=Window(...), wrapWidth=1)
7.2580 	EXP 	window1: mouseVisible = True
7.2615 	EXP 	window1: mouseVisible = True
7.2843 	DEBUG 	TextBox2 loaded 1 chars with 0 blanks and 1 valid
7.2861 	DEBUG 	TextBox2 loaded 1 chars with 0 blanks and 1 valid
7.2877 	DEBUG 	TextBox2 loaded 1 chars with 0 blanks and 1 valid
7.2894 	DEBUG 	TextBox2 loaded 1 chars with 0 blanks and 1 valid
7.2907 	DEBUG 	TextBox2 loaded 1 chars with 0 blanks and 1 valid
7.2921 	DEBUG 	TextBox2 loaded 1 chars with 0 blanks and 1 valid
7.2937 	DEBUG 	TextBox2 loaded 1 chars with 0 blanks and 1 valid
7.2954 	DEBUG 	TextBox2 loaded 1 chars with 0 blanks and 1 valid
7.2969 	DEBUG 	TextBox2 loaded 1 chars with 0 blanks and 1 valid
7.2986 	DEBUG 	TextBox2 loaded 1 chars with 0 blanks and 1 valid
7.3001 	DEBUG 	TextBox2 loaded 1 chars with 0 blanks and 1 valid
7.3015 	DEBUG 	TextBox2 loaded 1 chars with 0 blanks and 1 valid
7.3017 	DEBUG 	Uploading Texture Font fontname to graphics card
7.3077 	DEBUG 	Upload of Texture Font fontname complete
7.3242 	DEBUG 	TextBox2 loaded 1 chars with 0 blanks and 1 valid
7.3245 	DEBUG 	Uploading Texture Font fontname to graphics card
7.3295 	DEBUG 	Upload of Texture Font fontname complete
7.3461 	DEBUG 	TextBox2 loaded 1 chars with 0 blanks and 1 valid
7.3481 	DEBUG 	TextBox2 loaded 1 chars with 0 blanks and 1 valid
7.3500 	DEBUG 	TextBox2 loaded 1 chars with 0 blanks and 1 valid
7.3518 	DEBUG 	TextBox2 loaded 1 chars with 0 blanks and 1 valid
7.3534 	DEBUG 	TextBox2 loaded 1 chars with 0 blanks and 1 valid
7.3552 	DEBUG 	TextBox2 loaded 1 chars with 0 blanks and 1 valid
7.3554 	DEBUG 	Uploading Texture Font fontname to graphics card
7.3598 	DEBUG 	Upload of Texture Font fontname complete
7.3762 	DEBUG 	TextBox2 loaded 1 chars with 0 blanks and 1 valid
7.3765 	DEBUG 	Uploading Texture Font fontname to graphics card
7.3806 	DEBUG 	Upload of Texture Font fontname complete
7.3968 	DEBUG 	TextBox2 loaded 1 chars with 0 blanks and 1 valid
7.3987 	DEBUG 	TextBox2 loaded 1 chars with 0 blanks and 1 valid
7.3989 	DEBUG 	Uploading Texture Font fontname to graphics card
7.4027 	DEBUG 	Upload of Texture Font fontname complete
7.4144 	EXP 	Created slider_rad_therapy = Slider(__class__=<class 'psychopy.visual.slider.Slider'>, autoDraw=False, autoLog=True, borderColor=None, color=None, colorSpace='rgb', depth=0, fillColor=None, flip=False, font='Arial', granularity=0.0, labelColor=None, labelHeight=0.03, labelWrapWidth=None, labels=tuple(...), lineColor=None, markerColor=None, name='slider_rad_therapy', opacity=None, ori=0.0, pos=array([0. , 0.1]), readOnly=False, self=UNKNOWN, size=array([1. , 0.1]), startValue=3, style='rating', styleTweaks=['labels45'], ticks=array([1, 2, 3, 4, 5]), units='height', win=Window(...))
7.4231 	EXP 	Created text_rad_therapy = TextStim(__class__=<class 'psychopy.visual.text.TextStim'>, alignHoriz=method-wrapper(...), alignText='center', alignVert=method-wrapper(...), anchorHoriz='center', anchorVert='center', antialias=True, autoDraw=False, autoLog=True, bold=False, color=array([1, 1, 1]), colorSpace='rgb', contrast=1.0, depth=-1.0, flipHoriz=False, flipVert=False, font='Open Sans', fontFiles=[], height=0.04, italic=False, languageStyle='LTR', name='text_rad_therapy', opacity=1.0, ori=0.0, pos=array([0. , 0.3]), rgb=UNKNOWN, text=str(...), units='height', win=Window(...), wrapWidth=1)
7.4244 	EXP 	window1: mouseVisible = True
7.5032 	EXP 	Created slider_surgery = Slider(__class__=<class 'psychopy.visual.slider.Slider'>, autoDraw=False, autoLog=True, borderColor=None, color=None, colorSpace='rgb', depth=-2, fillColor=None, flip=False, font='Arial', granularity=0.0, labelColor=None, labelHeight=0.03, labelWrapWidth=None, labels=tuple(...), lineColor=None, markerColor=None, name='slider_surgery', opacity=None, ori=0.0, pos=array([ 0. , -0.3]), readOnly=False, self=UNKNOWN, size=array([1. , 0.1]), startValue=3, style='rating', styleTweaks=['labels45'], ticks=array([1, 2, 3, 4, 5]), units='height', win=Window(...))
7.5077 	EXP 	Created text_surgery = TextStim(__class__=<class 'psychopy.visual.text.TextStim'>, alignHoriz=method-wrapper(...), alignText='center', alignVert=method-wrapper(...), anchorHoriz='center', anchorVert='center', antialias=True, autoDraw=False, autoLog=True, bold=False, color=array([1, 1, 1]), colorSpace='rgb', contrast=1.0, depth=-3.0, flipHoriz=False, flipVert=False, font='Open Sans', fontFiles=[], height=0.04, italic=False, languageStyle='LTR', name='text_surgery', opacity=1.0, ori=0.0, pos=array([ 0. , -0.1]), rgb=UNKNOWN, text=str(...), units='height', win=Window(...), wrapWidth=1)
7.5170 	EXP 	Created image = ImageStim(__class__=<class 'psychopy.visual.image.ImageStim'>, anchor=('center', 'center'), autoLog=True, color=array([1, 1, 1]), colorSpace='rgb', contrast=1.0, depth=-4.0, flipHoriz=False, flipVert=False, image='Picture1-eng.png', interpolate=True, mask=None, maskParams=None, name='image', opacity=1.0, ori=0.0, pos=array([ 0.7, -0.4]), size=array([0.2, 0.1]), texRes=128.0, units='height', win=Window(...))
7.5171 	EXP 	window1: mouseVisible = True
7.5179 	EXP 	Created instrBlock = TextStim(__class__=<class 'psychopy.visual.text.TextStim'>, alignHoriz=method-wrapper(...), alignText='center', alignVert=method-wrapper(...), anchorHoriz='center', anchorVert='center', antialias=True, autoDraw=False, autoLog=True, bold=False, color=array([1, 1, 1]), colorSpace='rgb', contrast=1.0, depth=0.0, flipHoriz=False, flipVert=False, font='Arial', fontFiles=[], height=0.05, italic=False, languageStyle='LTR', name='instrBlock', opacity=1.0, ori=0.0, pos=array([0., 0.]), rgb=UNKNOWN, text='', units='height', win=Window(...), wrapWidth=1)
7.5180 	EXP 	window1: mouseVisible = True
7.5208 	EXP 	Created face_image = ImageStim(__class__=<class 'psychopy.visual.image.ImageStim'>, anchor=('center', 'center'), autoLog=True, color=array([1, 1, 1]), colorSpace='rgb', contrast=1.0, depth=-1.0, flipHoriz=True, flipVert=False, image='sin', interpolate=False, mask=None, maskParams=None, name='face_image', opacity=1.0, ori=0.0, pos=array([  0., 280.]), size=array([960., 540.]), texRes=512, units='pix', win=Window(...))
7.5220 	EXP 	window1: mouseVisible = True
7.7938 	WARNING 	Font b'HelveticaBold' was requested. No similar font found.
7.8075 	DEBUG 	TextBox2 loaded 1 chars with 0 blanks and 1 valid
7.8092 	DEBUG 	TextBox2 loaded 1 chars with 0 blanks and 1 valid
7.8101 	DEBUG 	TextBox2 loaded 1 chars with 0 blanks and 1 valid
7.8110 	DEBUG 	TextBox2 loaded 1 chars with 0 blanks and 1 valid
7.8124 	DEBUG 	TextBox2 loaded 1 chars with 0 blanks and 1 valid
7.8138 	DEBUG 	TextBox2 loaded 1 chars with 0 blanks and 1 valid
7.8152 	DEBUG 	TextBox2 loaded 1 chars with 0 blanks and 1 valid
7.8163 	DEBUG 	TextBox2 loaded 1 chars with 0 blanks and 1 valid
7.8165 	DEBUG 	Uploading Texture Font fontname to graphics card
7.8175 	DEBUG 	Upload of Texture Font fontname complete
7.9987 	WARNING 	Font b'HelveticaBold' was requested. No similar font found.
8.0114 	DEBUG 	TextBox2 loaded 1 chars with 0 blanks and 1 valid
8.0129 	DEBUG 	TextBox2 loaded 1 chars with 0 blanks and 1 valid
8.0140 	DEBUG 	TextBox2 loaded 1 chars with 0 blanks and 1 valid
8.0155 	DEBUG 	TextBox2 loaded 1 chars with 0 blanks and 1 valid
8.0167 	DEBUG 	TextBox2 loaded 1 chars with 0 blanks and 1 valid
8.0181 	DEBUG 	TextBox2 loaded 1 chars with 0 blanks and 1 valid
8.0193 	DEBUG 	TextBox2 loaded 1 chars with 0 blanks and 1 valid
8.0195 	DEBUG 	Uploading Texture Font fontname to graphics card
8.0199 	DEBUG 	Upload of Texture Font fontname complete
8.0286 	EXP 	Created slider_treatment_surgery = Slider(__class__=<class 'psychopy.visual.slider.Slider'>, autoDraw=False, autoLog=True, borderColor=None, color=None, colorSpace='rgb', depth=-2, fillColor=None, flip=False, font='HelveticaBold', granularity=0, labelColor=None, labelHeight=0.03, labelWrapWidth=None, labels=('0% Never', '100% Always'), lineColor=None, markerColor=None, name='slider_treatment_surgery', opacity=None, ori=0, pos=array([0., 0.]), readOnly=False, self=UNKNOWN, size=array([1.   , 0.025]), startValue=None, style=['rating'], styleTweaks=['labels45', 'triangleMarker'], ticks=array([  0,  25,  50,  75, 100]), units='height', win=Window(...))
8.0382 	EXP 	Created NextBu = ImageStim(__class__=<class 'psychopy.visual.image.ImageStim'>, anchor=('center', 'center'), autoLog=True, color=array([1, 1, 1]), colorSpace='rgb', contrast=1.0, depth=-3.0, flipHoriz=False, flipVert=False, image='Picture1-eng.png', interpolate=False, mask=None, maskParams=None, name='NextBu', opacity=1.0, ori=0.0, pos=array([0., 0.]), size=array([0.2, 0.1]), texRes=512, units='height', win=Window(...))
8.0383 	EXP 	window1: mouseVisible = True
8.0396 	EXP 	window1: mouseVisible = True
8.2470 	WARNING 	Font b'HelveticaBold' was requested. No similar font found.
8.4534 	WARNING 	Font b'HelveticaBold' was requested. No similar font found.
8.4741 	EXP 	Created slider_treatment_radiation = Slider(__class__=<class 'psychopy.visual.slider.Slider'>, autoDraw=False, autoLog=True, borderColor=None, color=None, colorSpace='rgb', depth=-5, fillColor=None, flip=False, font='HelveticaBold', granularity=0, labelColor=None, labelHeight=0.03, labelWrapWidth=None, labels=('0% Never', '100% Always'), lineColor=None, markerColor=None, name='slider_treatment_radiation', opacity=None, ori=0, pos=array([ 0. , -0.3]), readOnly=False, self=UNKNOWN, size=array([1.   , 0.025]), startValue=None, style=['rating'], styleTweaks=['triangleMarker'], ticks=array([  0,  25,  50,  75, 100]), units='height', win=Window(...))
8.4864 	EXP 	Created text_treatment_surgery = TextStim(__class__=<class 'psychopy.visual.text.TextStim'>, alignHoriz=method-wrapper(...), alignText='center', alignVert=method-wrapper(...), anchorHoriz='center', anchorVert='center', antialias=True, autoDraw=False, autoLog=True, bold=False, color=array([-1, -1, -1]), colorSpace='rgb', contrast=1.0, depth=-6.0, flipHoriz=False, flipVert=False, font='Open Sans', fontFiles=[], height=0.03, italic=False, languageStyle='LTR', name='text_treatment_surgery', opacity=1.0, ori=0.0, pos=array([0.  , 0.05]), rgb=UNKNOWN, text='How likely are you to recommend surgery? ', units='height', win=Window(...), wrapWidth=1)
8.4884 	EXP 	Created text_treatment_radiation = TextStim(__class__=<class 'psychopy.visual.text.TextStim'>, alignHoriz=method-wrapper(...), alignText='center', alignVert=method-wrapper(...), anchorHoriz='center', anchorVert='center', antialias=True, autoDraw=False, autoLog=True, bold=False, color=array([-1, -1, -1]), colorSpace='rgb', contrast=1.0, depth=-7.0, flipHoriz=False, flipVert=False, font='Open Sans', fontFiles=[], height=0.03, italic=False, languageStyle='LTR', name='text_treatment_radiation', opacity=1.0, ori=0.0, pos=array([ 0. , -0.2]), rgb=UNKNOWN, text='How likely are you to recommend radiation? ', units='height', win=Window(...), wrapWidth=1)
8.4895 	EXP 	Created text = TextStim(__class__=<class 'psychopy.visual.text.TextStim'>, alignHoriz=method-wrapper(...), alignText='center', alignVert=method-wrapper(...), anchorHoriz='center', anchorVert='center', antialias=True, autoDraw=False, autoLog=True, bold=False, color=array([1, 1, 1]), colorSpace='rgb', contrast=1.0, depth=-1.0, flipHoriz=False, flipVert=False, font='Arial', fontFiles=[], height=0.1, italic=False, languageStyle='LTR', name='text', opacity=1.0, ori=0, pos=array([0., 0.]), rgb=UNKNOWN, text='', units='height', win=Window(...), wrapWidth=1)
8.4920 	EXP 	Created face_image_q = ImageStim(__class__=<class 'psychopy.visual.image.ImageStim'>, anchor=('center', 'center'), autoLog=True, color=array([1, 1, 1]), colorSpace='rgb', contrast=1.0, depth=0.0, flipHoriz=False, flipVert=False, image='sin', interpolate=True, mask=None, maskParams=None, name='face_image_q', opacity=1.0, ori=0.0, pos=array([0. , 0.3]), size=array([0.88888889, 0.5       ]), texRes=128.0, units='height', win=Window(...))
8.4931 	EXP 	window1: mouseVisible = True
8.5088 	DEBUG 	TextBox2 loaded 1 chars with 0 blanks and 1 valid
8.5096 	DEBUG 	TextBox2 loaded 1 chars with 0 blanks and 1 valid
8.5103 	DEBUG 	TextBox2 loaded 1 chars with 0 blanks and 1 valid
8.5110 	DEBUG 	TextBox2 loaded 1 chars with 0 blanks and 1 valid
8.5115 	DEBUG 	TextBox2 loaded 1 chars with 0 blanks and 1 valid
8.5121 	DEBUG 	TextBox2 loaded 1 chars with 0 blanks and 1 valid
8.5128 	DEBUG 	TextBox2 loaded 1 chars with 0 blanks and 1 valid
8.5135 	DEBUG 	TextBox2 loaded 1 chars with 0 blanks and 1 valid
8.5142 	DEBUG 	TextBox2 loaded 1 chars with 0 blanks and 1 valid
8.5150 	DEBUG 	TextBox2 loaded 1 chars with 0 blanks and 1 valid
8.5157 	DEBUG 	TextBox2 loaded 1 chars with 0 blanks and 1 valid
8.5165 	DEBUG 	TextBox2 loaded 1 chars with 0 blanks and 1 valid
8.5173 	DEBUG 	TextBox2 loaded 1 chars with 0 blanks and 1 valid
8.5174 	DEBUG 	Uploading Texture Font fontname to graphics card
8.5182 	DEBUG 	Upload of Texture Font fontname complete
8.5327 	DEBUG 	TextBox2 loaded 1 chars with 0 blanks and 1 valid
8.5336 	DEBUG 	TextBox2 loaded 1 chars with 0 blanks and 1 valid
8.5343 	DEBUG 	TextBox2 loaded 1 chars with 0 blanks and 1 valid
8.5346 	DEBUG 	Uploading Texture Font fontname to graphics card
8.5352 	DEBUG 	Upload of Texture Font fontname complete
8.5496 	DEBUG 	TextBox2 loaded 1 chars with 0 blanks and 1 valid
8.5503 	DEBUG 	TextBox2 loaded 1 chars with 0 blanks and 1 valid
8.5510 	DEBUG 	TextBox2 loaded 1 chars with 0 blanks and 1 valid
8.5517 	DEBUG 	TextBox2 loaded 1 chars with 0 blanks and 1 valid
8.5520 	DEBUG 	Uploading Texture Font fontname to graphics card
8.5524 	DEBUG 	Upload of Texture Font fontname complete
8.5667 	DEBUG 	TextBox2 loaded 1 chars with 0 blanks and 1 valid
8.5676 	DEBUG 	TextBox2 loaded 1 chars with 0 blanks and 1 valid
8.5685 	DEBUG 	TextBox2 loaded 1 chars with 0 blanks and 1 valid
8.5687 	DEBUG 	Uploading Texture Font fontname to graphics card
8.5693 	DEBUG 	Upload of Texture Font fontname complete
8.5839 	DEBUG 	TextBox2 loaded 1 chars with 0 blanks and 1 valid
8.5841 	DEBUG 	Uploading Texture Font fontname to graphics card
8.5847 	DEBUG 	Upload of Texture Font fontname complete
8.5977 	EXP 	Created slider_trustworthy = Slider(__class__=<class 'psychopy.visual.slider.Slider'>, autoDraw=False, autoLog=True, borderColor=None, color=None, colorSpace='rgb', depth=-1, fillColor=None, flip=False, font='Open Sans', granularity=1.0, labelColor=None, labelHeight=0.02, labelWrapWidth=None, labels=tuple(...), lineColor=None, markerColor=None, name='slider_trustworthy', opacity=None, ori=0.0, pos=array([0., 0.]), readOnly=False, self=UNKNOWN, size=array([1.   , 0.025]), startValue=None, style='radio', styleTweaks=['labels45'], ticks=array([1, 2, 3, 4, 5]), units='height', win=Window(...))
8.6041 	EXP 	Created text_trustworthy = TextStim(__class__=<class 'psychopy.visual.text.TextStim'>, alignHoriz=method-wrapper(...), alignText='center', alignVert=method-wrapper(...), anchorHoriz='center', anchorVert='center', antialias=True, autoDraw=False, autoLog=True, bold=False, color=array([1, 1, 1]), colorSpace='rgb', contrast=1.0, depth=-2.0, flipHoriz=False, flipVert=False, font='Open Sans', fontFiles=[], height=0.03, italic=False, languageStyle='LTR', name='text_trustworthy', opacity=1.0, ori=0.0, pos=array([0.  , 0.05]), rgb=UNKNOWN, text=str(...), units='height', win=Window(...), wrapWidth=1)
8.6053 	EXP 	window1: mouseVisible = True
8.6864 	EXP 	Created slider_aggressive = Slider(__class__=<class 'psychopy.visual.slider.Slider'>, autoDraw=False, autoLog=True, borderColor=None, color=None, colorSpace='rgb', depth=-3, fillColor=None, flip=False, font='Open Sans', granularity=1.0, labelColor=None, labelHeight=0.02, labelWrapWidth=None, labels=tuple(...), lineColor=None, markerColor=None, name='slider_aggressive', opacity=None, ori=0.0, pos=array([ 0.  , -0.25]), readOnly=False, self=UNKNOWN, size=array([1.   , 0.025]), startValue=None, style='radio', styleTweaks=[], ticks=array([1, 2, 3, 4, 5]), units='height', win=Window(...))
8.6898 	EXP 	Created text_aggressive = TextStim(__class__=<class 'psychopy.visual.text.TextStim'>, alignHoriz=method-wrapper(...), alignText='center', alignVert=method-wrapper(...), anchorHoriz='center', anchorVert='center', antialias=True, autoDraw=False, autoLog=True, bold=False, color=array([1, 1, 1]), colorSpace='rgb', contrast=1.0, depth=-4.0, flipHoriz=False, flipVert=False, font='Open Sans', fontFiles=[], height=0.03, italic=False, languageStyle='LTR', name='text_aggressive', opacity=1.0, ori=0.0, pos=array([ 0.  , -0.15]), rgb=UNKNOWN, text=str(...), units='height', win=Window(...), wrapWidth=1)
8.6898 	EXP 	window1: mouseVisible = True
8.6958 	EXP 	Created Confirm = ImageStim(__class__=<class 'psychopy.visual.image.ImageStim'>, anchor=('center', 'center'), autoLog=True, color=array([1, 1, 1]), colorSpace='rgb', contrast=1.0, depth=-6.0, flipHoriz=False, flipVert=False, image='Picture1-eng.png', interpolate=True, mask=None, maskParams=None, name='Confirm', opacity=1.0, ori=0.0, pos=array([ 0. , -0.9]), size=array([0.2, 0.1]), texRes=128.0, units='height', win=Window(...))
8.6969 	EXP 	Created text_2 = TextStim(__class__=<class 'psychopy.visual.text.TextStim'>, alignHoriz=method-wrapper(...), alignText='center', alignVert=method-wrapper(...), anchorHoriz='center', anchorVert='center', antialias=True, autoDraw=False, autoLog=True, bold=False, color=array([1, 1, 1]), colorSpace='rgb', contrast=1.0, depth=-1.0, flipHoriz=False, flipVert=False, font='Open Sans', fontFiles=[], height=0.05, italic=False, languageStyle='LTR', name='text_2', opacity=1.0, ori=0.0, pos=array([0., 0.]), rgb=UNKNOWN, text='', units='height', win=Window(...), wrapWidth=1)
8.7240 	EXP 	Created EndText = TextStim(__class__=<class 'psychopy.visual.text.TextStim'>, alignHoriz=method-wrapper(...), alignText='center', alignVert=method-wrapper(...), anchorHoriz='center', anchorVert='center', antialias=True, autoDraw=False, autoLog=True, bold=False, color=array([-1, -1, -1]), colorSpace='rgb', contrast=1.0, depth=0.0, flipHoriz=False, flipVert=False, font='Arial', fontFiles=[], height=0.03, italic=False, languageStyle='LTR', name='EndText', opacity=1.0, ori=0, pos=array([0., 0.]), rgb=UNKNOWN, text=str(...), units='height', win=Window(...), wrapWidth=1)
8.7241 	EXP 	window1: mouseVisible = True
8.7330 	EXP 	slider_rad_therapy: autoLog = True
8.7330 	EXP 	slider_rad_therapy: markerPos = 3
8.7330 	EXP 	slider_rad_therapy: styleTweaks = []
8.7330 	EXP 	slider_rad_therapy: styleTweaks = []
8.7330 	EXP 	slider_rad_therapy: styleTweaks = ['labels45']
8.7330 	EXP 	slider_rad_therapy: styleTweaks = ['labels45']
8.7330 	EXP 	slider_rad_therapy: contrast = 1.0
8.7330 	EXP 	slider_rad_therapy: autoLog = True
8.7330 	EXP 	slider_surgery: autoLog = True
8.7330 	EXP 	slider_surgery: markerPos = 3
8.7330 	EXP 	slider_surgery: styleTweaks = []
8.7330 	EXP 	slider_surgery: styleTweaks = []
8.7330 	EXP 	slider_surgery: styleTweaks = ['labels45']
8.7330 	EXP 	slider_surgery: styleTweaks = ['labels45']
8.7330 	EXP 	slider_surgery: contrast = 1.0
8.7330 	EXP 	slider_surgery: autoLog = True
8.7330 	EXP 	slider_treatment_surgery: autoLog = True
8.7330 	EXP 	slider_treatment_surgery: markerPos = None
8.7330 	EXP 	slider_treatment_surgery: styleTweaks = []
8.7330 	EXP 	slider_treatment_surgery: styleTweaks = []
8.7330 	EXP 	slider_treatment_surgery: styleTweaks = ['labels45', 'triangleMarker']
8.7330 	EXP 	slider_treatment_surgery: styleTweaks = ['labels45', 'triangleMarker']
8.7330 	EXP 	slider_treatment_surgery: contrast = 1.0
8.7330 	EXP 	slider_treatment_surgery: autoLog = True
8.7330 	EXP 	slider_treatment_radiation: autoLog = True
8.7330 	EXP 	slider_treatment_radiation: markerPos = None
8.7330 	EXP 	slider_treatment_radiation: styleTweaks = []
8.7330 	EXP 	slider_treatment_radiation: styleTweaks = []
8.7330 	EXP 	slider_treatment_radiation: styleTweaks = ['triangleMarker']
8.7330 	EXP 	slider_treatment_radiation: styleTweaks = ['triangleMarker']
8.7330 	EXP 	slider_treatment_radiation: contrast = 1.0
8.7330 	EXP 	slider_treatment_radiation: autoLog = True
8.7330 	EXP 	slider_trustworthy: autoLog = True
8.7330 	EXP 	slider_trustworthy: markerPos = None
8.7330 	EXP 	slider_trustworthy: styleTweaks = []
8.7330 	EXP 	slider_trustworthy: styleTweaks = []
8.7330 	EXP 	slider_trustworthy: styleTweaks = ['labels45']
8.7330 	EXP 	slider_trustworthy: styleTweaks = ['labels45']
8.7330 	EXP 	slider_trustworthy: contrast = 1.0
8.7330 	EXP 	slider_trustworthy: autoLog = True
8.7330 	EXP 	slider_aggressive: autoLog = True
8.7330 	EXP 	slider_aggressive: markerPos = None
8.7330 	EXP 	slider_aggressive: styleTweaks = []
8.7330 	EXP 	slider_aggressive: styleTweaks = []
8.7330 	EXP 	slider_aggressive: styleTweaks = []
8.7330 	EXP 	slider_aggressive: styleTweaks = []
8.7330 	EXP 	slider_aggressive: contrast = 1.0
8.7330 	EXP 	slider_aggressive: autoLog = True
8.7330 	EXP 	ques_instr: autoDraw = True
10.3533 	DATA 	Mouse: Left button down, pos=(823,594)
10.4033 	EXP 	ques_instr: autoDraw = False
10.4033 	EXP 	slider_rad_therapy: markerPos = None
10.4033 	EXP 	slider_rad_therapy: markerPos = 3
10.4033 	EXP 	slider_surgery: markerPos = None
10.4033 	EXP 	slider_surgery: markerPos = 3
10.4033 	EXP 	slider_rad_therapy: autoDraw = True
10.4033 	EXP 	text_rad_therapy: autoDraw = True
10.4033 	EXP 	slider_surgery: autoDraw = True
10.4033 	EXP 	text_surgery: autoDraw = True
10.4033 	EXP 	image: autoDraw = True
10.4033 	EXP 	slider_rad_therapy: markerPos = 2.4925925925925925
10.4151 	EXP 	slider_rad_therapy: markerPos = 2.4925925925925925
10.4273 	EXP 	slider_rad_therapy: markerPos = 2.4925925925925925
10.4393 	EXP 	slider_rad_therapy: markerPos = 2.4925925925925925
10.4510 	EXP 	slider_rad_therapy: markerPos = 2.4925925925925925
10.4586 	DATA 	Mouse:  Left button up, pos=(823,594)
10.4639 	EXP 	slider_rad_therapy: markerPos = 2.4925925925925925
10.4754 	EXP 	slider_rad_therapy: markerPos = 2.4925925925925925
11.7881 	DATA 	Mouse: Left button down, pos=(1729,113)
11.8083 	EXP 	slider_rad_therapy: autoDraw = False
11.8083 	EXP 	text_rad_therapy: autoDraw = False
11.8083 	EXP 	slider_surgery: autoDraw = False
11.8083 	EXP 	text_surgery: autoDraw = False
11.8083 	EXP 	image: autoDraw = False
11.8083 	EXP 	instrBlock: height = 0.05
11.8083 	EXP 	instrBlock: height = 0.05
11.8083 	EXP 	instrBlock: height = 0.05
11.8083 	EXP 	instrBlock: text = 'Each patient below has been diagnosed with a low-risk, non-sclerosing, early-stage basal cell skin cancer. The patients are otherwise in good health. For each face, please indicate how likely you would be to recommend surgery versus radiation in the management of each lesion. \nPlease click anywhere to start'
11.8083 	EXP 	instrBlock: autoDraw = True
11.8953 	DATA 	Mouse:  Left button up, pos=(1725,113)
13.0976 	DATA 	Mouse: Left button down, pos=(768,588)
13.1052 	DEBUG 	Read excel file with openpyxl: faceImages.xlsx
13.1063 	EXP 	Imported faceImages.xlsx as conditions, 95 conditions, 1 params
13.1082 	EXP 	Created sequence: random, trialTypes=95, nReps=95, seed=None
13.1085 	EXP 	New trial (rep=0, index=0): {'faceImages': 'images\\ RCHEEK_CFD_BM_213_134_N.png'}
13.1095 	DEPRECATION 	Couldn't find image images\ RCHEEK_CFD_BM_213_134_N.png; check path? (tried: C:\Users\annak\Documents\GitHub\faceattractiveness_lesion\images\ RCHEEK_CFD_BM_213_134_N.png)
13.1337 	EXP 	window1: mouseVisible = True
13.1338 	DEBUG 	Saving data for FaceAttractiveness ExperimentHandler
13.1359 	INFO 	saved data to C:\Users\annak\Documents\GitHub\faceattractiveness_lesion\data/_FaceAttractiveness_2023-04-07_20h54.38.858.psydat
13.1370 	INFO 	saved data to 'C:\\Users\\annak\\Documents\\GitHub\\faceattractiveness_lesion\\data/_FaceAttractiveness_2023-04-07_20h54.38.858.csv'
