3.8211 	INFO 	Loaded monitor calibration from ['2021_12_01 18:33']
3.8272 	WARNING 	User requested fullscreen with size [1536  864], but screen is actually [1920, 1080]. Using actual size
5.0823 	EXP 	Created window1 = Window(allowGUI=True, allowStencil=False, autoLog=True, backendConf=UNKNOWN, bitsMode=UNKNOWN, blendMode='avg', bpc=(8, 8, 8), color=array([0.09803922, 0.09803922, 0.09803922]), colorSpace='rgb', depthBits=8, fullscr=<method-wrapper '__getattribute__' of attributeSetter object at 0x000002784A625D60>, gamma=None, gammaErrorPolicy='raise', lms=UNKNOWN, monitor=<psychopy.monitors.calibTools.Monitor object at 0x000002784FC59190>, multiSample=False, name='window1', numSamples=2, pos=(0, 0), screen=0, size=array([1920, 1080]), stencilBits=0, stereo=False, units='height', useFBO=True, useRetina=False, viewOri=0.0, viewPos=None, viewScale=None, waitBlanking=True, winType='pyglet')
5.0824 	EXP 	window1: mouseVisible = True
5.0825 	EXP 	window1: mouseVisible = False
5.0825 	EXP 	window1: Attempting to measure frame rate of screen (0) ...
5.0825 	EXP 	window1: recordFrameIntervals = False
5.1514 	EXP 	window1: recordFrameIntervals = True
5.2277 	EXP 	Screen (0) actual frame rate measured at 143.87Hz
5.2277 	EXP 	window1: recordFrameIntervals = False
6.9400 	INFO 	keyboard.Keyboard is using iohub backend.
6.9435 	EXP 	window1: mouseVisible = True
6.9661 	DEBUG 	TextBox2 loaded 1 chars with 0 blanks and 1 valid
6.9671 	DEBUG 	TextBox2 loaded 1 chars with 0 blanks and 1 valid
6.9678 	DEBUG 	TextBox2 loaded 1 chars with 0 blanks and 1 valid
6.9688 	DEBUG 	TextBox2 loaded 1 chars with 0 blanks and 1 valid
6.9694 	DEBUG 	TextBox2 loaded 1 chars with 0 blanks and 1 valid
6.9699 	DEBUG 	TextBox2 loaded 1 chars with 0 blanks and 1 valid
6.9708 	DEBUG 	TextBox2 loaded 1 chars with 0 blanks and 1 valid
6.9717 	DEBUG 	TextBox2 loaded 1 chars with 0 blanks and 1 valid
6.9725 	DEBUG 	TextBox2 loaded 1 chars with 0 blanks and 1 valid
6.9733 	DEBUG 	TextBox2 loaded 1 chars with 0 blanks and 1 valid
6.9741 	DEBUG 	TextBox2 loaded 1 chars with 0 blanks and 1 valid
6.9747 	DEBUG 	TextBox2 loaded 1 chars with 0 blanks and 1 valid
6.9749 	DEBUG 	Uploading Texture Font fontname to graphics card
6.9850 	DEBUG 	Upload of Texture Font fontname complete
7.0003 	DEBUG 	TextBox2 loaded 1 chars with 0 blanks and 1 valid
7.0006 	DEBUG 	Uploading Texture Font fontname to graphics card
7.0052 	DEBUG 	Upload of Texture Font fontname complete
7.0208 	DEBUG 	TextBox2 loaded 1 chars with 0 blanks and 1 valid
7.0218 	DEBUG 	TextBox2 loaded 1 chars with 0 blanks and 1 valid
7.0228 	DEBUG 	TextBox2 loaded 1 chars with 0 blanks and 1 valid
7.0237 	DEBUG 	TextBox2 loaded 1 chars with 0 blanks and 1 valid
7.0247 	DEBUG 	TextBox2 loaded 1 chars with 0 blanks and 1 valid
7.0259 	DEBUG 	TextBox2 loaded 1 chars with 0 blanks and 1 valid
7.0261 	DEBUG 	Uploading Texture Font fontname to graphics card
7.0303 	DEBUG 	Upload of Texture Font fontname complete
7.0459 	DEBUG 	TextBox2 loaded 1 chars with 0 blanks and 1 valid
7.0461 	DEBUG 	Uploading Texture Font fontname to graphics card
7.0504 	DEBUG 	Upload of Texture Font fontname complete
7.0656 	DEBUG 	TextBox2 loaded 1 chars with 0 blanks and 1 valid
7.0666 	DEBUG 	TextBox2 loaded 1 chars with 0 blanks and 1 valid
7.0668 	DEBUG 	Uploading Texture Font fontname to graphics card
7.0722 	DEBUG 	Upload of Texture Font fontname complete
7.0840 	EXP 	Created slider_rad_therapy = Slider(__class__=<class 'psychopy.visual.slider.Slider'>, autoDraw=False, autoLog=True, borderColor=None, color=None, colorSpace='rgb', depth=0, fillColor=None, flip=False, font='Arial', granularity=0.0, labelColor=None, labelHeight=0.03, labelWrapWidth=None, labels=tuple(...), lineColor=None, markerColor=None, name='slider_rad_therapy', opacity=None, ori=0.0, pos=array([0. , 0.1]), readOnly=False, self=UNKNOWN, size=array([1. , 0.1]), startValue=3, style='rating', styleTweaks=['labels45'], ticks=array([1, 2, 3, 4, 5]), units='height', win=Window(...))
7.1356 	EXP 	Created text_rad_therapy = TextStim(__class__=<class 'psychopy.visual.text.TextStim'>, alignHoriz=method-wrapper(...), alignText='center', alignVert=method-wrapper(...), anchorHoriz='center', anchorVert='center', antialias=True, autoDraw=False, autoLog=True, bold=False, color=array([1, 1, 1]), colorSpace='rgb', contrast=1.0, depth=-1.0, flipHoriz=False, flipVert=False, font='Open Sans', fontFiles=[], height=0.04, italic=False, languageStyle='LTR', name='text_rad_therapy', opacity=1.0, ori=0.0, pos=array([0. , 0.3]), rgb=UNKNOWN, text=str(...), units='height', win=Window(...), wrapWidth=1)
7.1369 	EXP 	window1: mouseVisible = True
7.2158 	EXP 	Created slider_surgery = Slider(__class__=<class 'psychopy.visual.slider.Slider'>, autoDraw=False, autoLog=True, borderColor=None, color=None, colorSpace='rgb', depth=-2, fillColor=None, flip=False, font='Arial', granularity=0.0, labelColor=None, labelHeight=0.03, labelWrapWidth=None, labels=tuple(...), lineColor=None, markerColor=None, name='slider_surgery', opacity=None, ori=0.0, pos=array([ 0. , -0.3]), readOnly=False, self=UNKNOWN, size=array([1. , 0.1]), startValue=3, style='rating', styleTweaks=['labels45'], ticks=array([1, 2, 3, 4, 5]), units='height', win=Window(...))
7.2210 	EXP 	Created text_surgery = TextStim(__class__=<class 'psychopy.visual.text.TextStim'>, alignHoriz=method-wrapper(...), alignText='center', alignVert=method-wrapper(...), anchorHoriz='center', anchorVert='center', antialias=True, autoDraw=False, autoLog=True, bold=False, color=array([1, 1, 1]), colorSpace='rgb', contrast=1.0, depth=-3.0, flipHoriz=False, flipVert=False, font='Open Sans', fontFiles=[], height=0.04, italic=False, languageStyle='LTR', name='text_surgery', opacity=1.0, ori=0.0, pos=array([ 0. , -0.1]), rgb=UNKNOWN, text=str(...), units='height', win=Window(...), wrapWidth=1)
7.2521 	EXP 	Created EndText = TextStim(__class__=<class 'psychopy.visual.text.TextStim'>, alignHoriz=method-wrapper(...), alignText='center', alignVert=method-wrapper(...), anchorHoriz='center', anchorVert='center', antialias=True, autoDraw=False, autoLog=True, bold=False, color=array([-1, -1, -1]), colorSpace='rgb', contrast=1.0, depth=0.0, flipHoriz=False, flipVert=False, font='Arial', fontFiles=[], height=0.05, italic=False, languageStyle='LTR', name='EndText', opacity=1.0, ori=0, pos=array([0., 0.]), rgb=UNKNOWN, text=str(...), units='height', win=Window(...), wrapWidth=1)
7.2978 	EXP 	slider_rad_therapy: autoLog = True
7.2978 	EXP 	slider_rad_therapy: markerPos = 3
7.2978 	EXP 	slider_rad_therapy: styleTweaks = []
7.2978 	EXP 	slider_rad_therapy: styleTweaks = []
7.2978 	EXP 	slider_rad_therapy: styleTweaks = ['labels45']
7.2978 	EXP 	slider_rad_therapy: styleTweaks = ['labels45']
7.2978 	EXP 	slider_rad_therapy: contrast = 1.0
7.2978 	EXP 	slider_rad_therapy: autoLog = True
7.2978 	EXP 	slider_surgery: autoLog = True
7.2978 	EXP 	slider_surgery: markerPos = 3
7.2978 	EXP 	slider_surgery: styleTweaks = []
7.2978 	EXP 	slider_surgery: styleTweaks = []
7.2978 	EXP 	slider_surgery: styleTweaks = ['labels45']
7.2978 	EXP 	slider_surgery: styleTweaks = ['labels45']
7.2978 	EXP 	slider_surgery: contrast = 1.0
7.2978 	EXP 	slider_surgery: autoLog = True
7.2978 	EXP 	slider_rad_therapy: markerPos = None
7.2978 	EXP 	slider_rad_therapy: markerPos = 3
7.2978 	EXP 	slider_surgery: markerPos = None
7.2978 	EXP 	slider_surgery: markerPos = 3
7.2978 	EXP 	slider_rad_therapy: autoDraw = True
7.2978 	EXP 	text_rad_therapy: autoDraw = True
7.2978 	EXP 	slider_surgery: autoDraw = True
7.2978 	EXP 	text_surgery: autoDraw = True
14.7955 	DATA 	Mouse: wheel shift=(0,-1), pos=(971,611)
14.9792 	DATA 	Mouse: wheel shift=(0,1), pos=(983,649)
15.2759 	DATA 	Mouse: Left button down, pos=(992,647)
15.2907 	EXP 	slider_rad_therapy: markerPos = 3.1185185185185187
15.3040 	EXP 	slider_rad_therapy: markerPos = 3.1148148148148147
15.3167 	EXP 	slider_rad_therapy: markerPos = 3.1037037037037036
15.3306 	EXP 	slider_rad_therapy: markerPos = 3.0925925925925926
15.3435 	EXP 	slider_rad_therapy: markerPos = 3.074074074074074
15.3571 	EXP 	slider_rad_therapy: markerPos = 3.0592592592592593
15.3697 	EXP 	slider_rad_therapy: markerPos = 3.033333333333333
15.3826 	EXP 	slider_rad_therapy: markerPos = 2.996296296296296
15.3949 	EXP 	slider_rad_therapy: markerPos = 2.9703703703703703
15.4080 	EXP 	slider_rad_therapy: markerPos = 2.8925925925925924
15.4208 	EXP 	slider_rad_therapy: markerPos = 2.859259259259259
15.4342 	EXP 	slider_rad_therapy: markerPos = 2.7481481481481485
15.4482 	EXP 	slider_rad_therapy: markerPos = 2.6074074074074076
15.4626 	EXP 	slider_rad_therapy: markerPos = 2.5592592592592593
15.4758 	EXP 	slider_rad_therapy: markerPos = 2.448148148148148
15.4886 	EXP 	slider_rad_therapy: markerPos = 2.3333333333333335
15.5028 	EXP 	slider_rad_therapy: markerPos = 2.2962962962962963
15.5162 	EXP 	slider_rad_therapy: markerPos = 2.2555555555555555
15.5297 	EXP 	slider_rad_therapy: markerPos = 2.248148148148148
15.5431 	EXP 	slider_rad_therapy: markerPos = 2.2444444444444445
15.5556 	EXP 	slider_rad_therapy: markerPos = 2.2444444444444445
15.5682 	EXP 	slider_rad_therapy: markerPos = 2.2444444444444445
15.5807 	EXP 	slider_rad_therapy: markerPos = 2.2444444444444445
15.5931 	EXP 	slider_rad_therapy: markerPos = 2.2444444444444445
15.6082 	EXP 	slider_rad_therapy: markerPos = 2.2444444444444445
15.6212 	EXP 	slider_rad_therapy: markerPos = 2.2444444444444445
15.6337 	EXP 	slider_rad_therapy: markerPos = 2.2444444444444445
15.6461 	EXP 	slider_rad_therapy: markerPos = 2.2444444444444445
15.6585 	EXP 	slider_rad_therapy: markerPos = 2.2444444444444445
15.6716 	EXP 	slider_rad_therapy: markerPos = 2.2444444444444445
15.6844 	EXP 	slider_rad_therapy: markerPos = 2.2444444444444445
15.6965 	EXP 	slider_rad_therapy: markerPos = 2.2444444444444445
15.7106 	EXP 	slider_rad_therapy: markerPos = 2.2444444444444445
15.7240 	EXP 	slider_rad_therapy: markerPos = 2.251851851851852
15.7366 	EXP 	slider_rad_therapy: markerPos = 2.2666666666666666
15.7489 	EXP 	slider_rad_therapy: markerPos = 2.2777777777777777
15.7620 	EXP 	slider_rad_therapy: markerPos = 2.2925925925925927
15.7747 	EXP 	slider_rad_therapy: markerPos = 2.303703703703704
15.7875 	EXP 	slider_rad_therapy: markerPos = 2.311111111111111
15.8001 	EXP 	slider_rad_therapy: markerPos = 2.311111111111111
15.8121 	EXP 	slider_rad_therapy: markerPos = 2.311111111111111
15.8251 	EXP 	slider_rad_therapy: markerPos = 2.311111111111111
15.8375 	EXP 	slider_rad_therapy: markerPos = 2.311111111111111
15.8503 	EXP 	slider_rad_therapy: markerPos = 2.311111111111111
15.8631 	EXP 	slider_rad_therapy: markerPos = 2.311111111111111
15.8761 	EXP 	slider_rad_therapy: markerPos = 2.311111111111111
15.8886 	EXP 	slider_rad_therapy: markerPos = 2.311111111111111
15.9012 	EXP 	slider_rad_therapy: markerPos = 2.311111111111111
15.9138 	EXP 	slider_rad_therapy: markerPos = 2.311111111111111
15.9265 	EXP 	slider_rad_therapy: markerPos = 2.314814814814815
15.9272 	DATA 	Mouse:  Left button up, pos=(775,658)
15.9394 	EXP 	slider_rad_therapy: markerPos = 2.314814814814815
16.4094 	DATA 	Mouse: Left button down, pos=(956,184)
16.4160 	EXP 	slider_surgery: markerPos = 2.985185185185185
16.4287 	EXP 	slider_surgery: markerPos = 2.9555555555555557
16.4425 	EXP 	slider_surgery: markerPos = 2.948148148148148
16.4554 	EXP 	slider_surgery: markerPos = 2.9148148148148145
16.4873 	EXP 	slider_surgery: markerPos = 2.8555555555555556
16.5000 	EXP 	slider_surgery: markerPos = 2.840740740740741
16.5126 	EXP 	slider_surgery: markerPos = 2.803703703703704
16.5263 	EXP 	slider_surgery: markerPos = 2.7592592592592595
16.5390 	EXP 	slider_surgery: markerPos = 2.7333333333333334
16.5519 	EXP 	slider_surgery: markerPos = 2.6703703703703705
16.5659 	EXP 	slider_surgery: markerPos = 2.5962962962962965
16.5794 	EXP 	slider_surgery: markerPos = 2.5814814814814815
16.5930 	EXP 	slider_surgery: markerPos = 2.537037037037037
16.6074 	EXP 	slider_surgery: markerPos = 2.488888888888889
16.6212 	EXP 	slider_surgery: markerPos = 2.474074074074074
16.6349 	EXP 	slider_surgery: markerPos = 2.4703703703703703
16.6487 	EXP 	slider_surgery: markerPos = 2.462962962962963
16.6624 	EXP 	slider_surgery: markerPos = 2.4592592592592593
16.6753 	EXP 	slider_surgery: markerPos = 2.4555555555555557
16.6896 	EXP 	slider_surgery: markerPos = 2.4555555555555557
16.7031 	EXP 	slider_surgery: markerPos = 2.4555555555555557
16.7164 	EXP 	slider_surgery: markerPos = 2.4518518518518517
16.7293 	EXP 	slider_surgery: markerPos = 2.4518518518518517
16.7418 	EXP 	slider_surgery: markerPos = 2.4518518518518517
16.7544 	EXP 	slider_surgery: markerPos = 2.4518518518518517
16.7667 	EXP 	slider_surgery: markerPos = 2.4518518518518517
16.7807 	EXP 	slider_surgery: markerPos = 2.4518518518518517
16.7961 	EXP 	slider_surgery: markerPos = 2.4555555555555557
16.8085 	EXP 	slider_surgery: markerPos = 2.4555555555555557
16.8215 	EXP 	slider_surgery: markerPos = 2.4555555555555557
16.8346 	EXP 	slider_surgery: markerPos = 2.4555555555555557
16.8468 	EXP 	slider_surgery: markerPos = 2.4555555555555557
16.8606 	EXP 	slider_surgery: markerPos = 2.4555555555555557
16.8734 	EXP 	slider_surgery: markerPos = 2.477777777777778
16.8861 	EXP 	slider_surgery: markerPos = 2.5074074074074075
16.8996 	EXP 	slider_surgery: markerPos = 2.5296296296296297
16.9127 	EXP 	slider_surgery: markerPos = 2.562962962962963
16.9259 	EXP 	slider_surgery: markerPos = 2.6
16.9396 	EXP 	slider_surgery: markerPos = 2.666666666666667
16.9539 	EXP 	slider_surgery: markerPos = 2.7037037037037037
16.9677 	EXP 	slider_surgery: markerPos = 2.7925925925925927
16.9810 	EXP 	slider_surgery: markerPos = 2.837037037037037
16.9943 	EXP 	slider_surgery: markerPos = 2.9037037037037035
17.0096 	EXP 	slider_surgery: markerPos = 2.9296296296296296
17.0233 	EXP 	slider_surgery: markerPos = 2.996296296296296
17.0366 	EXP 	slider_surgery: markerPos = 3.0185185185185186
17.0495 	EXP 	slider_surgery: markerPos = 3.0185185185185186
17.0620 	EXP 	slider_surgery: markerPos = 3.0185185185185186
17.0752 	EXP 	slider_surgery: markerPos = 3.0185185185185186
17.0880 	EXP 	slider_surgery: markerPos = 3.0185185185185186
17.1013 	EXP 	slider_surgery: markerPos = 3.0185185185185186
17.1147 	EXP 	slider_surgery: markerPos = 3.0296296296296297
17.1282 	EXP 	slider_surgery: markerPos = 3.051851851851852
17.1420 	EXP 	slider_surgery: markerPos = 3.0703703703703704
17.1554 	EXP 	slider_surgery: markerPos = 3.088888888888889
17.1689 	EXP 	slider_surgery: markerPos = 3.0925925925925926
17.1824 	EXP 	slider_surgery: markerPos = 3.1
17.1945 	EXP 	slider_surgery: markerPos = 3.1
17.2069 	EXP 	slider_surgery: markerPos = 3.1
17.2198 	EXP 	slider_surgery: markerPos = 3.1
17.2323 	EXP 	slider_surgery: markerPos = 3.1
17.2456 	EXP 	slider_surgery: markerPos = 3.1
17.2587 	EXP 	slider_surgery: markerPos = 3.1
17.2715 	EXP 	slider_surgery: markerPos = 3.1
17.2838 	EXP 	slider_surgery: markerPos = 3.1
17.2973 	EXP 	slider_surgery: markerPos = 3.1
17.3097 	EXP 	slider_surgery: markerPos = 3.1
17.3224 	EXP 	slider_surgery: markerPos = 3.1
17.3355 	EXP 	slider_surgery: markerPos = 3.1
17.3499 	EXP 	slider_surgery: markerPos = 3.1
17.3630 	EXP 	slider_surgery: markerPos = 3.1
17.3770 	EXP 	slider_surgery: markerPos = 3.1
17.3927 	EXP 	slider_surgery: markerPos = 3.1
17.4062 	EXP 	slider_surgery: markerPos = 3.1
17.4194 	EXP 	slider_surgery: markerPos = 3.1
17.4324 	EXP 	slider_surgery: markerPos = 3.1
17.4454 	EXP 	slider_surgery: markerPos = 3.1
17.4580 	EXP 	slider_surgery: markerPos = 3.1
17.4709 	EXP 	slider_surgery: markerPos = 3.1
17.4789 	DATA 	Mouse:  Left button up, pos=(987,194)
17.4854 	EXP 	slider_surgery: markerPos = 3.1
18.9707 	DATA 	Keypress: escape
19.3604 	EXP 	window1: mouseVisible = True
19.3605 	DEBUG 	Saving data for FaceAttractiveness ExperimentHandler
19.3618 	INFO 	saved data to C:\Users\annak\Documents\GitHub\faceattractiveness_lesion\data/_FaceAttractiveness_2023-04-05_20h46.03.076.psydat
19.3631 	INFO 	saved data to 'C:\\Users\\annak\\Documents\\GitHub\\faceattractiveness_lesion\\data/_FaceAttractiveness_2023-04-05_20h46.03.076.csv'
