4.0141 	INFO 	Loaded monitor calibration from ['2021_12_01 18:33']
4.0220 	WARNING 	User requested fullscreen with size [1536  864], but screen is actually [1920, 1080]. Using actual size
5.2025 	EXP 	Created window1 = Window(allowGUI=True, allowStencil=False, autoLog=True, backendConf=UNKNOWN, bitsMode=UNKNOWN, blendMode='avg', bpc=(8, 8, 8), color=array([0.09803922, 0.09803922, 0.09803922]), colorSpace='rgb', depthBits=8, fullscr=<method-wrapper '__getattribute__' of attributeSetter object at 0x00000251F92B2D60>, gamma=None, gammaErrorPolicy='raise', lms=UNKNOWN, monitor=<psychopy.monitors.calibTools.Monitor object at 0x00000251FCD230A0>, multiSample=False, name='window1', numSamples=2, pos=(0, 0), screen=0, size=array([1920, 1080]), stencilBits=0, stereo=False, units='height', useFBO=True, useRetina=False, viewOri=0.0, viewPos=None, viewScale=None, waitBlanking=True, winType='pyglet')
5.2026 	EXP 	window1: mouseVisible = True
5.2027 	EXP 	window1: mouseVisible = False
5.2027 	EXP 	window1: Attempting to measure frame rate of screen (0) ...
5.2027 	EXP 	window1: recordFrameIntervals = False
5.2704 	EXP 	window1: recordFrameIntervals = True
5.3478 	EXP 	Screen (0) actual frame rate measured at 142.11Hz
5.3478 	EXP 	window1: recordFrameIntervals = False
7.0569 	INFO 	keyboard.Keyboard is using iohub backend.
7.0603 	EXP 	window1: mouseVisible = True
7.0834 	DEBUG 	TextBox2 loaded 1 chars with 0 blanks and 1 valid
7.0854 	DEBUG 	TextBox2 loaded 1 chars with 0 blanks and 1 valid
7.0870 	DEBUG 	TextBox2 loaded 1 chars with 0 blanks and 1 valid
7.0888 	DEBUG 	TextBox2 loaded 1 chars with 0 blanks and 1 valid
7.0902 	DEBUG 	TextBox2 loaded 1 chars with 0 blanks and 1 valid
7.0915 	DEBUG 	TextBox2 loaded 1 chars with 0 blanks and 1 valid
7.0933 	DEBUG 	TextBox2 loaded 1 chars with 0 blanks and 1 valid
7.0951 	DEBUG 	TextBox2 loaded 1 chars with 0 blanks and 1 valid
7.0967 	DEBUG 	TextBox2 loaded 1 chars with 0 blanks and 1 valid
7.0985 	DEBUG 	TextBox2 loaded 1 chars with 0 blanks and 1 valid
7.1001 	DEBUG 	TextBox2 loaded 1 chars with 0 blanks and 1 valid
7.1016 	DEBUG 	TextBox2 loaded 1 chars with 0 blanks and 1 valid
7.1018 	DEBUG 	Uploading Texture Font fontname to graphics card
7.1124 	DEBUG 	Upload of Texture Font fontname complete
7.1276 	DEBUG 	TextBox2 loaded 1 chars with 0 blanks and 1 valid
7.1279 	DEBUG 	Uploading Texture Font fontname to graphics card
7.1330 	DEBUG 	Upload of Texture Font fontname complete
7.1476 	DEBUG 	TextBox2 loaded 1 chars with 0 blanks and 1 valid
7.1496 	DEBUG 	TextBox2 loaded 1 chars with 0 blanks and 1 valid
7.1515 	DEBUG 	TextBox2 loaded 1 chars with 0 blanks and 1 valid
7.1534 	DEBUG 	TextBox2 loaded 1 chars with 0 blanks and 1 valid
7.1551 	DEBUG 	TextBox2 loaded 1 chars with 0 blanks and 1 valid
7.1570 	DEBUG 	TextBox2 loaded 1 chars with 0 blanks and 1 valid
7.1572 	DEBUG 	Uploading Texture Font fontname to graphics card
7.1630 	DEBUG 	Upload of Texture Font fontname complete
7.1775 	DEBUG 	TextBox2 loaded 1 chars with 0 blanks and 1 valid
7.1778 	DEBUG 	Uploading Texture Font fontname to graphics card
7.1834 	DEBUG 	Upload of Texture Font fontname complete
7.1977 	DEBUG 	TextBox2 loaded 1 chars with 0 blanks and 1 valid
7.1997 	DEBUG 	TextBox2 loaded 1 chars with 0 blanks and 1 valid
7.1998 	DEBUG 	Uploading Texture Font fontname to graphics card
7.2046 	DEBUG 	Upload of Texture Font fontname complete
7.2162 	EXP 	Created slider_2 = Slider(__class__=<class 'psychopy.visual.slider.Slider'>, autoDraw=False, autoLog=True, borderColor=None, color=None, colorSpace='rgb', depth=0, fillColor=None, flip=False, font='Arial', granularity=0.0, labelColor=None, labelHeight=0.03, labelWrapWidth=None, labels=tuple(...), lineColor=None, markerColor=None, name='slider_2', opacity=None, ori=0.0, pos=array([0., 0.]), readOnly=False, self=UNKNOWN, size=array([1. , 0.1]), startValue=3, style='rating', styleTweaks=['labels45'], ticks=array([1, 2, 3, 4, 5]), units='height', win=Window(...))
7.2680 	EXP 	Created text_2 = TextStim(__class__=<class 'psychopy.visual.text.TextStim'>, alignHoriz=method-wrapper(...), alignText='center', alignVert=method-wrapper(...), anchorHoriz='center', anchorVert='center', antialias=True, autoDraw=False, autoLog=True, bold=False, color=array([1, 1, 1]), colorSpace='rgb', contrast=1.0, depth=-1.0, flipHoriz=False, flipVert=False, font='Open Sans', fontFiles=[], height=0.05, italic=False, languageStyle='LTR', name='text_2', opacity=1.0, ori=0.0, pos=array([0.5, 0.5]), rgb=UNKNOWN, text=str(...), units='height', win=Window(...), wrapWidth=1)
7.3004 	EXP 	Created EndText = TextStim(__class__=<class 'psychopy.visual.text.TextStim'>, alignHoriz=method-wrapper(...), alignText='center', alignVert=method-wrapper(...), anchorHoriz='center', anchorVert='center', antialias=True, autoDraw=False, autoLog=True, bold=False, color=array([-1, -1, -1]), colorSpace='rgb', contrast=1.0, depth=0.0, flipHoriz=False, flipVert=False, font='Arial', fontFiles=[], height=0.05, italic=False, languageStyle='LTR', name='EndText', opacity=1.0, ori=0, pos=array([0., 0.]), rgb=UNKNOWN, text=str(...), units='height', win=Window(...), wrapWidth=1)
7.3328 	EXP 	slider_2: autoLog = True
7.3328 	EXP 	slider_2: markerPos = 3
7.3328 	EXP 	slider_2: styleTweaks = []
7.3328 	EXP 	slider_2: styleTweaks = []
7.3328 	EXP 	slider_2: styleTweaks = ['labels45']
7.3328 	EXP 	slider_2: styleTweaks = ['labels45']
7.3328 	EXP 	slider_2: contrast = 1.0
7.3328 	EXP 	slider_2: autoLog = True
7.3328 	EXP 	slider_2: markerPos = None
7.3328 	EXP 	slider_2: markerPos = 3
7.3328 	EXP 	slider_2: autoDraw = True
7.3328 	EXP 	text_2: autoDraw = True
11.7854 	DATA 	Keypress: escape
11.9758 	EXP 	window1: mouseVisible = True
11.9760 	DEBUG 	Saving data for FaceAttractiveness ExperimentHandler
11.9782 	INFO 	saved data to C:\Users\annak\Documents\GitHub\faceattractiveness_lesion\data/_FaceAttractiveness_2023-04-05_20h36.52.913.psydat
11.9790 	INFO 	saved data to 'C:\\Users\\annak\\Documents\\GitHub\\faceattractiveness_lesion\\data/_FaceAttractiveness_2023-04-05_20h36.52.913.csv'
