4.3404 	INFO 	Loaded monitor calibration from ['2021_12_01 18:33']
4.3469 	WARNING 	User requested fullscreen with size [1536  864], but screen is actually [1920, 1080]. Using actual size
5.6520 	EXP 	Created window1 = Window(allowGUI=True, allowStencil=False, autoLog=True, backendConf=UNKNOWN, bitsMode=UNKNOWN, blendMode='avg', bpc=(8, 8, 8), color=array([0.09803922, 0.09803922, 0.09803922]), colorSpace='rgb', depthBits=8, fullscr=<method-wrapper '__getattribute__' of attributeSetter object at 0x0000028696C58EB0>, gamma=None, gammaErrorPolicy='raise', lms=UNKNOWN, monitor=<psychopy.monitors.calibTools.Monitor object at 0x000002869A7D7370>, multiSample=False, name='window1', numSamples=2, pos=(0, 0), screen=0, size=array([1920, 1080]), stencilBits=0, stereo=False, units='height', useFBO=True, useRetina=False, viewOri=0.0, viewPos=None, viewScale=None, waitBlanking=True, winType='pyglet')
5.6520 	EXP 	window1: mouseVisible = True
5.6521 	EXP 	window1: mouseVisible = False
5.6521 	EXP 	window1: Attempting to measure frame rate of screen (0) ...
5.6521 	EXP 	window1: recordFrameIntervals = False
5.7213 	EXP 	window1: recordFrameIntervals = True
5.7981 	EXP 	Screen (0) actual frame rate measured at 143.90Hz
5.7982 	EXP 	window1: recordFrameIntervals = False
7.4048 	INFO 	keyboard.Keyboard is using iohub backend.
7.4784 	EXP 	Created ques_instr = TextStim(__class__=<class 'psychopy.visual.text.TextStim'>, alignHoriz=method-wrapper(...), alignText='center', alignVert=method-wrapper(...), anchorHoriz='center', anchorVert='center', antialias=True, autoDraw=False, autoLog=True, bold=False, color=array([1, 1, 1]), colorSpace='rgb', contrast=1.0, depth=0.0, flipHoriz=False, flipVert=False, font='Arial', fontFiles=[], height=0.04, italic=False, languageStyle='LTR', name='ques_instr', opacity=1.0, ori=0.0, pos=array([0., 0.]), rgb=UNKNOWN, text=str(...), units='height', win=Window(...), wrapWidth=1)
7.4787 	EXP 	window1: mouseVisible = True
7.4823 	EXP 	window1: mouseVisible = True
7.5035 	DEBUG 	TextBox2 loaded 1 chars with 0 blanks and 1 valid
7.5044 	DEBUG 	TextBox2 loaded 1 chars with 0 blanks and 1 valid
7.5052 	DEBUG 	TextBox2 loaded 1 chars with 0 blanks and 1 valid
7.5061 	DEBUG 	TextBox2 loaded 1 chars with 0 blanks and 1 valid
7.5066 	DEBUG 	TextBox2 loaded 1 chars with 0 blanks and 1 valid
7.5072 	DEBUG 	TextBox2 loaded 1 chars with 0 blanks and 1 valid
7.5080 	DEBUG 	TextBox2 loaded 1 chars with 0 blanks and 1 valid
7.5089 	DEBUG 	TextBox2 loaded 1 chars with 0 blanks and 1 valid
7.5097 	DEBUG 	TextBox2 loaded 1 chars with 0 blanks and 1 valid
7.5106 	DEBUG 	TextBox2 loaded 1 chars with 0 blanks and 1 valid
7.5113 	DEBUG 	TextBox2 loaded 1 chars with 0 blanks and 1 valid
7.5120 	DEBUG 	TextBox2 loaded 1 chars with 0 blanks and 1 valid
7.5123 	DEBUG 	Uploading Texture Font fontname to graphics card
7.5177 	DEBUG 	Upload of Texture Font fontname complete
7.5309 	DEBUG 	TextBox2 loaded 1 chars with 0 blanks and 1 valid
7.5311 	DEBUG 	Uploading Texture Font fontname to graphics card
7.5362 	DEBUG 	Upload of Texture Font fontname complete
7.5496 	DEBUG 	TextBox2 loaded 1 chars with 0 blanks and 1 valid
7.5506 	DEBUG 	TextBox2 loaded 1 chars with 0 blanks and 1 valid
7.5516 	DEBUG 	TextBox2 loaded 1 chars with 0 blanks and 1 valid
7.5525 	DEBUG 	TextBox2 loaded 1 chars with 0 blanks and 1 valid
7.5532 	DEBUG 	TextBox2 loaded 1 chars with 0 blanks and 1 valid
7.5541 	DEBUG 	TextBox2 loaded 1 chars with 0 blanks and 1 valid
7.5543 	DEBUG 	Uploading Texture Font fontname to graphics card
7.5589 	DEBUG 	Upload of Texture Font fontname complete
7.5723 	DEBUG 	TextBox2 loaded 1 chars with 0 blanks and 1 valid
7.5726 	DEBUG 	Uploading Texture Font fontname to graphics card
7.5764 	DEBUG 	Upload of Texture Font fontname complete
7.5901 	DEBUG 	TextBox2 loaded 1 chars with 0 blanks and 1 valid
7.5911 	DEBUG 	TextBox2 loaded 1 chars with 0 blanks and 1 valid
7.5913 	DEBUG 	Uploading Texture Font fontname to graphics card
7.5959 	DEBUG 	Upload of Texture Font fontname complete
7.6076 	EXP 	Created slider_rad_therapy = Slider(__class__=<class 'psychopy.visual.slider.Slider'>, autoDraw=False, autoLog=True, borderColor=None, color=None, colorSpace='rgb', depth=0, fillColor=None, flip=False, font='Arial', granularity=0.0, labelColor=None, labelHeight=0.03, labelWrapWidth=None, labels=tuple(...), lineColor=None, markerColor=None, name='slider_rad_therapy', opacity=None, ori=0.0, pos=array([0. , 0.1]), readOnly=False, self=UNKNOWN, size=array([1. , 0.1]), startValue=3, style='rating', styleTweaks=['labels45'], ticks=array([1, 2, 3, 4, 5]), units='height', win=Window(...))
7.6164 	EXP 	Created text_rad_therapy = TextStim(__class__=<class 'psychopy.visual.text.TextStim'>, alignHoriz=method-wrapper(...), alignText='center', alignVert=method-wrapper(...), anchorHoriz='center', anchorVert='center', antialias=True, autoDraw=False, autoLog=True, bold=False, color=array([1, 1, 1]), colorSpace='rgb', contrast=1.0, depth=-1.0, flipHoriz=False, flipVert=False, font='Open Sans', fontFiles=[], height=0.04, italic=False, languageStyle='LTR', name='text_rad_therapy', opacity=1.0, ori=0.0, pos=array([0. , 0.3]), rgb=UNKNOWN, text=str(...), units='height', win=Window(...), wrapWidth=1)
7.6177 	EXP 	window1: mouseVisible = True
7.6893 	EXP 	Created slider_surgery = Slider(__class__=<class 'psychopy.visual.slider.Slider'>, autoDraw=False, autoLog=True, borderColor=None, color=None, colorSpace='rgb', depth=-2, fillColor=None, flip=False, font='Arial', granularity=0.0, labelColor=None, labelHeight=0.03, labelWrapWidth=None, labels=tuple(...), lineColor=None, markerColor=None, name='slider_surgery', opacity=None, ori=0.0, pos=array([ 0. , -0.3]), readOnly=False, self=UNKNOWN, size=array([1. , 0.1]), startValue=3, style='rating', styleTweaks=['labels45'], ticks=array([1, 2, 3, 4, 5]), units='height', win=Window(...))
7.6943 	EXP 	Created text_surgery = TextStim(__class__=<class 'psychopy.visual.text.TextStim'>, alignHoriz=method-wrapper(...), alignText='center', alignVert=method-wrapper(...), anchorHoriz='center', anchorVert='center', antialias=True, autoDraw=False, autoLog=True, bold=False, color=array([1, 1, 1]), colorSpace='rgb', contrast=1.0, depth=-3.0, flipHoriz=False, flipVert=False, font='Open Sans', fontFiles=[], height=0.04, italic=False, languageStyle='LTR', name='text_surgery', opacity=1.0, ori=0.0, pos=array([ 0. , -0.1]), rgb=UNKNOWN, text=str(...), units='height', win=Window(...), wrapWidth=1)
7.7052 	EXP 	Created image = ImageStim(__class__=<class 'psychopy.visual.image.ImageStim'>, anchor=('center', 'center'), autoLog=True, color=array([1, 1, 1]), colorSpace='rgb', contrast=1.0, depth=-4.0, flipHoriz=False, flipVert=False, image='Picture1-eng.png', interpolate=True, mask=None, maskParams=None, name='image', opacity=1.0, ori=0.0, pos=array([ 0.7, -0.4]), size=array([0.2, 0.1]), texRes=128.0, units='height', win=Window(...))
7.7052 	EXP 	window1: mouseVisible = True
7.7062 	EXP 	Created instrBlock = TextStim(__class__=<class 'psychopy.visual.text.TextStim'>, alignHoriz=method-wrapper(...), alignText='center', alignVert=method-wrapper(...), anchorHoriz='center', anchorVert='center', antialias=True, autoDraw=False, autoLog=True, bold=False, color=array([1, 1, 1]), colorSpace='rgb', contrast=1.0, depth=0.0, flipHoriz=False, flipVert=False, font='Arial', fontFiles=[], height=0.05, italic=False, languageStyle='LTR', name='instrBlock', opacity=1.0, ori=0.0, pos=array([0., 0.]), rgb=UNKNOWN, text='', units='height', win=Window(...), wrapWidth=1)
7.7062 	EXP 	window1: mouseVisible = True
7.7092 	EXP 	Created face_image_q = ImageStim(__class__=<class 'psychopy.visual.image.ImageStim'>, anchor=('center', 'center'), autoLog=True, color=array([1, 1, 1]), colorSpace='rgb', contrast=1.0, depth=-1.0, flipHoriz=False, flipVert=False, image='sin', interpolate=True, mask=None, maskParams=None, name='face_image_q', opacity=1.0, ori=0.0, pos=array([0. , 0.3]), size=array([0.88888889, 0.5       ]), texRes=128.0, units='height', win=Window(...))
7.7104 	EXP 	window1: mouseVisible = True
7.7249 	DEBUG 	TextBox2 loaded 1 chars with 0 blanks and 1 valid
7.7258 	DEBUG 	TextBox2 loaded 1 chars with 0 blanks and 1 valid
7.7266 	DEBUG 	TextBox2 loaded 1 chars with 0 blanks and 1 valid
7.7273 	DEBUG 	TextBox2 loaded 1 chars with 0 blanks and 1 valid
7.7279 	DEBUG 	TextBox2 loaded 1 chars with 0 blanks and 1 valid
7.7285 	DEBUG 	TextBox2 loaded 1 chars with 0 blanks and 1 valid
7.7293 	DEBUG 	TextBox2 loaded 1 chars with 0 blanks and 1 valid
7.7301 	DEBUG 	TextBox2 loaded 1 chars with 0 blanks and 1 valid
7.7308 	DEBUG 	TextBox2 loaded 1 chars with 0 blanks and 1 valid
7.7317 	DEBUG 	TextBox2 loaded 1 chars with 0 blanks and 1 valid
7.7325 	DEBUG 	TextBox2 loaded 1 chars with 0 blanks and 1 valid
7.7333 	DEBUG 	TextBox2 loaded 1 chars with 0 blanks and 1 valid
7.7341 	DEBUG 	TextBox2 loaded 1 chars with 0 blanks and 1 valid
7.7343 	DEBUG 	Uploading Texture Font fontname to graphics card
7.7358 	DEBUG 	Upload of Texture Font fontname complete
7.7485 	DEBUG 	TextBox2 loaded 1 chars with 0 blanks and 1 valid
7.7494 	DEBUG 	TextBox2 loaded 1 chars with 0 blanks and 1 valid
7.7500 	DEBUG 	TextBox2 loaded 1 chars with 0 blanks and 1 valid
7.7503 	DEBUG 	Uploading Texture Font fontname to graphics card
7.7508 	DEBUG 	Upload of Texture Font fontname complete
7.7634 	DEBUG 	TextBox2 loaded 1 chars with 0 blanks and 1 valid
7.7643 	DEBUG 	TextBox2 loaded 1 chars with 0 blanks and 1 valid
7.7650 	DEBUG 	TextBox2 loaded 1 chars with 0 blanks and 1 valid
7.7657 	DEBUG 	TextBox2 loaded 1 chars with 0 blanks and 1 valid
7.7660 	DEBUG 	Uploading Texture Font fontname to graphics card
7.7664 	DEBUG 	Upload of Texture Font fontname complete
7.7795 	DEBUG 	TextBox2 loaded 1 chars with 0 blanks and 1 valid
7.7804 	DEBUG 	TextBox2 loaded 1 chars with 0 blanks and 1 valid
7.7813 	DEBUG 	TextBox2 loaded 1 chars with 0 blanks and 1 valid
7.7815 	DEBUG 	Uploading Texture Font fontname to graphics card
7.7820 	DEBUG 	Upload of Texture Font fontname complete
7.7948 	DEBUG 	TextBox2 loaded 1 chars with 0 blanks and 1 valid
7.7951 	DEBUG 	Uploading Texture Font fontname to graphics card
7.7957 	DEBUG 	Upload of Texture Font fontname complete
7.8089 	EXP 	Created slider_trustworthy = Slider(__class__=<class 'psychopy.visual.slider.Slider'>, autoDraw=False, autoLog=True, borderColor=None, color=None, colorSpace='rgb', depth=-2, fillColor=None, flip=False, font='Open Sans', granularity=1.0, labelColor=None, labelHeight=0.02, labelWrapWidth=None, labels=tuple(...), lineColor=None, markerColor=None, name='slider_trustworthy', opacity=None, ori=0.0, pos=array([0., 0.]), readOnly=False, self=UNKNOWN, size=array([1.   , 0.025]), startValue=None, style='radio', styleTweaks=[], ticks=array([1, 2, 3, 4, 5]), units='height', win=Window(...))
7.8225 	EXP 	Created text_trustworthy = TextStim(__class__=<class 'psychopy.visual.text.TextStim'>, alignHoriz=method-wrapper(...), alignText='center', alignVert=method-wrapper(...), anchorHoriz='center', anchorVert='center', antialias=True, autoDraw=False, autoLog=True, bold=False, color=array([1, 1, 1]), colorSpace='rgb', contrast=1.0, depth=-3.0, flipHoriz=False, flipVert=False, font='Open Sans', fontFiles=[], height=0.03, italic=False, languageStyle='LTR', name='text_trustworthy', opacity=1.0, ori=0.0, pos=array([0.  , 0.05]), rgb=UNKNOWN, text=str(...), units='height', win=Window(...), wrapWidth=1)
7.8238 	EXP 	window1: mouseVisible = True
7.8977 	EXP 	Created slider_aggressive = Slider(__class__=<class 'psychopy.visual.slider.Slider'>, autoDraw=False, autoLog=True, borderColor=None, color=None, colorSpace='rgb', depth=-4, fillColor=None, flip=False, font='Open Sans', granularity=1.0, labelColor=None, labelHeight=0.02, labelWrapWidth=None, labels=tuple(...), lineColor=None, markerColor=None, name='slider_aggressive', opacity=None, ori=0.0, pos=array([ 0.  , -0.25]), readOnly=False, self=UNKNOWN, size=array([1.   , 0.025]), startValue=None, style='radio', styleTweaks=[], ticks=array([1, 2, 3, 4, 5]), units='height', win=Window(...))
7.9012 	EXP 	Created text_aggressive = TextStim(__class__=<class 'psychopy.visual.text.TextStim'>, alignHoriz=method-wrapper(...), alignText='center', alignVert=method-wrapper(...), anchorHoriz='center', anchorVert='center', antialias=True, autoDraw=False, autoLog=True, bold=False, color=array([1, 1, 1]), colorSpace='rgb', contrast=1.0, depth=-5.0, flipHoriz=False, flipVert=False, font='Open Sans', fontFiles=[], height=0.03, italic=False, languageStyle='LTR', name='text_aggressive', opacity=1.0, ori=0.0, pos=array([ 0.  , -0.15]), rgb=UNKNOWN, text=str(...), units='height', win=Window(...), wrapWidth=1)
7.9081 	EXP 	Created Confirm = ImageStim(__class__=<class 'psychopy.visual.image.ImageStim'>, anchor=('center', 'center'), autoLog=True, color=array([1, 1, 1]), colorSpace='rgb', contrast=1.0, depth=-6.0, flipHoriz=False, flipVert=False, image='Picture1-eng.png', interpolate=True, mask=None, maskParams=None, name='Confirm', opacity=1.0, ori=0.0, pos=array([ 0. , -0.9]), size=array([0.2, 0.1]), texRes=128.0, units='height', win=Window(...))
7.9081 	EXP 	window1: mouseVisible = True
7.9092 	EXP 	Created text_2 = TextStim(__class__=<class 'psychopy.visual.text.TextStim'>, alignHoriz=method-wrapper(...), alignText='center', alignVert=method-wrapper(...), anchorHoriz='center', anchorVert='center', antialias=True, autoDraw=False, autoLog=True, bold=False, color=array([1, 1, 1]), colorSpace='rgb', contrast=1.0, depth=-1.0, flipHoriz=False, flipVert=False, font='Open Sans', fontFiles=[], height=0.05, italic=False, languageStyle='LTR', name='text_2', opacity=1.0, ori=0.0, pos=array([0., 0.]), rgb=UNKNOWN, text='', units='height', win=Window(...), wrapWidth=1)
7.9370 	EXP 	Created EndText = TextStim(__class__=<class 'psychopy.visual.text.TextStim'>, alignHoriz=method-wrapper(...), alignText='center', alignVert=method-wrapper(...), anchorHoriz='center', anchorVert='center', antialias=True, autoDraw=False, autoLog=True, bold=False, color=array([-1, -1, -1]), colorSpace='rgb', contrast=1.0, depth=0.0, flipHoriz=False, flipVert=False, font='Arial', fontFiles=[], height=0.03, italic=False, languageStyle='LTR', name='EndText', opacity=1.0, ori=0, pos=array([0., 0.]), rgb=UNKNOWN, text=str(...), units='height', win=Window(...), wrapWidth=1)
7.9371 	EXP 	window1: mouseVisible = True
7.9431 	EXP 	slider_rad_therapy: autoLog = True
7.9431 	EXP 	slider_rad_therapy: markerPos = 3
7.9431 	EXP 	slider_rad_therapy: styleTweaks = []
7.9431 	EXP 	slider_rad_therapy: styleTweaks = []
7.9431 	EXP 	slider_rad_therapy: styleTweaks = ['labels45']
7.9431 	EXP 	slider_rad_therapy: styleTweaks = ['labels45']
7.9431 	EXP 	slider_rad_therapy: contrast = 1.0
7.9431 	EXP 	slider_rad_therapy: autoLog = True
7.9431 	EXP 	slider_surgery: autoLog = True
7.9431 	EXP 	slider_surgery: markerPos = 3
7.9431 	EXP 	slider_surgery: styleTweaks = []
7.9431 	EXP 	slider_surgery: styleTweaks = []
7.9431 	EXP 	slider_surgery: styleTweaks = ['labels45']
7.9431 	EXP 	slider_surgery: styleTweaks = ['labels45']
7.9431 	EXP 	slider_surgery: contrast = 1.0
7.9431 	EXP 	slider_surgery: autoLog = True
7.9431 	EXP 	slider_trustworthy: autoLog = True
7.9431 	EXP 	slider_trustworthy: markerPos = None
7.9431 	EXP 	slider_trustworthy: styleTweaks = []
7.9431 	EXP 	slider_trustworthy: styleTweaks = []
7.9431 	EXP 	slider_trustworthy: styleTweaks = []
7.9431 	EXP 	slider_trustworthy: styleTweaks = []
7.9431 	EXP 	slider_trustworthy: contrast = 1.0
7.9431 	EXP 	slider_trustworthy: autoLog = True
7.9431 	EXP 	slider_aggressive: autoLog = True
7.9431 	EXP 	slider_aggressive: markerPos = None
7.9431 	EXP 	slider_aggressive: styleTweaks = []
7.9431 	EXP 	slider_aggressive: styleTweaks = []
7.9431 	EXP 	slider_aggressive: styleTweaks = []
7.9431 	EXP 	slider_aggressive: styleTweaks = []
7.9431 	EXP 	slider_aggressive: contrast = 1.0
7.9431 	EXP 	slider_aggressive: autoLog = True
7.9431 	EXP 	ques_instr: autoDraw = True
8.3481 	DATA 	Mouse: Left button down, pos=(883,488)
8.4513 	DATA 	Mouse:  Left button up, pos=(883,488)
9.3627 	DATA 	Mouse: Left button down, pos=(1144,610)
9.4185 	EXP 	ques_instr: autoDraw = False
9.4185 	EXP 	slider_rad_therapy: markerPos = None
9.4185 	EXP 	slider_rad_therapy: markerPos = 3
9.4185 	EXP 	slider_surgery: markerPos = None
9.4185 	EXP 	slider_surgery: markerPos = 3
9.4185 	EXP 	slider_rad_therapy: autoDraw = True
9.4185 	EXP 	text_rad_therapy: autoDraw = True
9.4185 	EXP 	slider_surgery: autoDraw = True
9.4185 	EXP 	text_surgery: autoDraw = True
9.4185 	EXP 	image: autoDraw = True
9.4185 	EXP 	slider_rad_therapy: markerPos = 3.6814814814814816
9.4304 	EXP 	slider_rad_therapy: markerPos = 3.6814814814814816
9.4425 	EXP 	slider_rad_therapy: markerPos = 3.6814814814814816
9.4429 	DATA 	Mouse:  Left button up, pos=(1144,610)
9.4543 	EXP 	slider_rad_therapy: markerPos = 3.6814814814814816
10.2649 	DATA 	Mouse: Left button down, pos=(1790,88)
10.2913 	EXP 	slider_rad_therapy: autoDraw = False
10.2913 	EXP 	text_rad_therapy: autoDraw = False
10.2913 	EXP 	slider_surgery: autoDraw = False
10.2913 	EXP 	text_surgery: autoDraw = False
10.2913 	EXP 	image: autoDraw = False
10.2913 	EXP 	instrBlock: height = 0.05
10.2913 	EXP 	instrBlock: height = 0.05
10.2913 	EXP 	instrBlock: height = 0.05
10.2913 	EXP 	instrBlock: text = 'Each patient below has been diagnosed with a low-risk, non-sclerosing, early-stage basal cell skin cancer. The patients are otherwise in good health. For each face, please indicate how likely you would be to recommend surgery versus radiation in the management of each lesion. \nPlease click anywhere to start'
10.2913 	EXP 	instrBlock: autoDraw = True
10.3561 	DATA 	Mouse:  Left button up, pos=(1790,87)
12.4939 	DATA 	Mouse: Left button down, pos=(1030,590)
12.5017 	DEBUG 	Read excel file with openpyxl: faceImages.xlsx
12.5028 	EXP 	Imported faceImages.xlsx as conditions, 95 conditions, 1 params
12.5038 	EXP 	Created sequence: random, trialTypes=95, nReps=1, seed=None
12.5039 	EXP 	New trial (rep=0, index=0): {'faceImages': 'images\\LCHEEK_CFD_AF_245_143_N.png'}
12.5046 	EXP 	New trial (rep=0, index=1): {'faceImages': 'images\\NASALTIP_006_M_F_N_A.png'}
12.5051 	EXP 	New trial (rep=0, index=2): {'faceImages': 'images\\NASALTIP_CFD_AF_231_357_N.png'}
12.5055 	EXP 	New trial (rep=0, index=3): {'faceImages': 'images\\RCHEEK_CFD_LM_201_057_N.png'}
12.5059 	EXP 	New trial (rep=0, index=4): {'faceImages': 'images\\NASALTIP_CFD_LF_224_176_N.png'}
12.5064 	EXP 	New trial (rep=0, index=5): {'faceImages': 'images\\FOREHEAD_087_M_M_N_A.png'}
12.5068 	EXP 	New trial (rep=0, index=6): {'faceImages': 'images\\RCHEEK_CFD_LM_203_026_N.png'}
12.5073 	EXP 	New trial (rep=0, index=7): {'faceImages': 'images\\FOREHEAD_CFD_AF_245_143_N.png'}
12.5078 	EXP 	New trial (rep=0, index=8): {'faceImages': 'images\\FOREHEAD_CFD_BM_234_172_N.png'}
12.5082 	EXP 	New trial (rep=0, index=9): {'faceImages': 'images\\LIP_CFD_LM_201_057_N.png'}
12.5087 	EXP 	New trial (rep=0, index=10): {'faceImages': 'images\\NASALTIP_136_M_M_N_A.png'}
12.5092 	EXP 	New trial (rep=0, index=11): {'faceImages': 'images\\LCHEEK_CFD_LM_201_057_N.png'}
12.5096 	EXP 	New trial (rep=0, index=12): {'faceImages': 'images\\FOREHEAD_CFD_WF_250_167_N.png'}
12.5100 	EXP 	New trial (rep=0, index=13): {'faceImages': 'images\\LCHEEK_035_M_F_N_A.png'}
12.5103 	EXP 	New trial (rep=0, index=14): {'faceImages': 'images\\FOREHEAD_CFD_LM_203_026_N.png'}
12.5106 	EXP 	New trial (rep=0, index=15): {'faceImages': 'images\\RCHEEK_CFD_AF_245_143_N.png'}
12.5109 	EXP 	New trial (rep=0, index=16): {'faceImages': 'images\\RCHEEK_CFD_BM_213_134_N.png'}
12.5111 	EXP 	New trial (rep=0, index=17): {'faceImages': 'images\\LCHEEK_CFD_BF_224_002_N.png'}
12.5114 	EXP 	New trial (rep=0, index=18): {'faceImages': 'images\\LCHEEK_CFD_WF_250_167_N.png'}
12.5116 	EXP 	New trial (rep=0, index=19): {'faceImages': 'images\\LCHEEK_CFD_LM_203_026_N.png'}
12.5119 	EXP 	New trial (rep=0, index=20): {'faceImages': 'images\\FOREHEAD_CFD_LM_201_057_N.png'}
12.5121 	EXP 	New trial (rep=0, index=21): {'faceImages': 'images\\LCHEEK_CFD_WF_200_099_N.png'}
12.5124 	EXP 	New trial (rep=0, index=22): {'faceImages': 'images\\LIP_006_M_F_N_A.png'}
12.5126 	EXP 	New trial (rep=0, index=23): {'faceImages': 'images\\RCHEEK_CFD_BF_224_002_N.png'}
12.5129 	EXP 	New trial (rep=0, index=24): {'faceImages': 'images\\FOREHEAD_035_M_F_N_A.png'}
12.5131 	EXP 	New trial (rep=0, index=25): {'faceImages': 'images\\NASALTIP_CFD_WM_212_097_N.png'}
12.5133 	EXP 	New trial (rep=0, index=26): {'faceImages': 'images\\RCHEEK_035_M_F_N_A.png'}
12.5136 	EXP 	New trial (rep=0, index=27): {'faceImages': 'images\\FOREHEAD_CFD_WM_212_097_N.png'}
12.5139 	EXP 	New trial (rep=0, index=28): {'faceImages': 'images\\FOREHEAD_CFD_WF_200_099_N.png'}
12.5141 	EXP 	New trial (rep=0, index=29): {'faceImages': 'images\\FOREHEAD_136_M_M_N_A.png'}
12.5145 	EXP 	New trial (rep=0, index=30): {'faceImages': 'images\\LIP_136_M_M_N_A.png'}
12.5148 	EXP 	New trial (rep=0, index=31): {'faceImages': 'images\\LIP_CFD_AF_231_357_N.png'}
12.5151 	EXP 	New trial (rep=0, index=32): {'faceImages': 'images\\RCHEEK_CFD_WF_250_167_N.png'}
12.5154 	EXP 	New trial (rep=0, index=33): {'faceImages': 'images\\RCHEEK_087_M_M_N_A.png'}
12.5157 	EXP 	New trial (rep=0, index=34): {'faceImages': 'images\\NASALTIP_CFD_BF_224_002_N.png'}
12.5159 	EXP 	New trial (rep=0, index=35): {'faceImages': 'images\\NASALTIP_CFD_LM_201_057_N.png'}
12.5162 	EXP 	New trial (rep=0, index=36): {'faceImages': 'images\\LIP_CFD_LF_224_176_N.png'}
12.5164 	EXP 	New trial (rep=0, index=37): {'faceImages': 'images\\FOREHEAD_CFD_BM_213_134_N.png'}
12.5167 	EXP 	New trial (rep=0, index=38): {'faceImages': 'images\\FOREHEAD_CFD_BF_214_308_N.png'}
12.5172 	EXP 	New trial (rep=0, index=39): {'faceImages': 'images\\NASALTIP_035_M_F_N_A.png'}
12.5177 	EXP 	New trial (rep=0, index=40): {'faceImages': 'images\\LCHEEK_136_M_M_N_A.png'}
12.5181 	EXP 	New trial (rep=0, index=41): {'faceImages': 'images\\NASALTIP_CFD_WF_250_167_N.png'}
12.5185 	EXP 	New trial (rep=0, index=42): {'faceImages': 'images\\LIP_CFD_BF_214_308_N.png'}
12.5189 	EXP 	New trial (rep=0, index=43): {'faceImages': 'images\\NASALTIP_CFD_AM_233_236_N.png'}
12.5193 	EXP 	New trial (rep=0, index=44): {'faceImages': 'images\\LIP_CFD_BM_234_172_N.png'}
12.5197 	EXP 	New trial (rep=0, index=45): {'faceImages': 'images\\NASALTIP_087_M_M_N_A.png'}
12.5200 	EXP 	New trial (rep=0, index=46): {'faceImages': 'images\\FOREHEAD_CFD_AM_233_236_N.png'}
12.5205 	EXP 	New trial (rep=0, index=47): {'faceImages': 'images\\NASALTIP_CFD_AF_245_143_N.png'}
12.5209 	EXP 	New trial (rep=0, index=48): {'faceImages': 'images\\RCHEEK_CFD_BF_214_308_N.png'}
12.5213 	EXP 	New trial (rep=0, index=49): {'faceImages': 'images\\FOREHEAD_006_M_F_N_A.png'}
12.5217 	EXP 	New trial (rep=0, index=50): {'faceImages': 'images\\NASALTIP_CFD_AF_237_223_N.png'}
12.5220 	EXP 	New trial (rep=0, index=51): {'faceImages': 'images\\LIP_CFD_LM_203_026_N.png'}
12.5222 	EXP 	New trial (rep=0, index=52): {'faceImages': 'images\\LCHEEK_CFD_BF_214_308_N.png'}
12.5225 	EXP 	New trial (rep=0, index=53): {'faceImages': 'images\\LIP_CFD_AM_233_236_N.png'}
12.5227 	EXP 	New trial (rep=0, index=54): {'faceImages': 'images\\NASALTIP_CFD_WF_002_004_N.png'}
12.5230 	EXP 	New trial (rep=0, index=55): {'faceImages': 'images\\LIP_CFD_AF_245_143_N.png'}
12.5233 	EXP 	New trial (rep=0, index=56): {'faceImages': 'images\\LIP_CFD_WM_212_097_N.png'}
12.5235 	EXP 	New trial (rep=0, index=57): {'faceImages': 'images\\RCHEEK_CFD_LF_224_176_N.png'}
12.5237 	EXP 	New trial (rep=0, index=58): {'faceImages': 'images\\NASALTIP_CFD_WF_200_099_N.png'}
12.5240 	EXP 	New trial (rep=0, index=59): {'faceImages': 'images\\RCHEEK_CFD_WF_002_004_N.png'}
12.5242 	EXP 	New trial (rep=0, index=60): {'faceImages': 'images\\LCHEEK_CFD_AM_233_236_N.png'}
12.5244 	EXP 	New trial (rep=0, index=61): {'faceImages': 'images\\LCHEEK_006_M_F_N_A.png'}
12.5246 	EXP 	New trial (rep=0, index=62): {'faceImages': 'images\\NASALTIP_CFD_BM_234_172_N.png'}
12.5249 	EXP 	New trial (rep=0, index=63): {'faceImages': 'images\\LCHEEK_087_M_M_N_A.png'}
12.5253 	EXP 	New trial (rep=0, index=64): {'faceImages': 'images\\RCHEEK_CFD_AF_231_357_N.png'}
12.5257 	EXP 	New trial (rep=0, index=65): {'faceImages': 'images\\LIP_CFD_BM_213_134_N.png'}
12.5261 	EXP 	New trial (rep=0, index=66): {'faceImages': 'images\\LIP_087_M_M_N_A.png'}
12.5265 	EXP 	New trial (rep=0, index=67): {'faceImages': 'images\\LIP_035_M_F_N_A.png'}
12.5269 	EXP 	New trial (rep=0, index=68): {'faceImages': 'images\\RCHEEK_CFD_AF_237_223_N.png'}
12.5273 	EXP 	New trial (rep=0, index=69): {'faceImages': 'images\\LCHEEK_CFD_LF_224_176_N.png'}
12.5275 	EXP 	New trial (rep=0, index=70): {'faceImages': 'images\\FOREHEAD_CFD_AF_231_357_N.png'}
12.5278 	EXP 	New trial (rep=0, index=71): {'faceImages': 'images\\FOREHEAD_CFD_AF_237_223_N.png'}
12.5280 	EXP 	New trial (rep=0, index=72): {'faceImages': 'images\\NASALTIP_CFD_BM_213_134_N.png'}
12.5283 	EXP 	New trial (rep=0, index=73): {'faceImages': 'images\\LCHEEK_CFD_AF_237_223_N.png'}
12.5285 	EXP 	New trial (rep=0, index=74): {'faceImages': 'images\\FOREHEAD_CFD_BF_224_002_N.png'}
12.5288 	EXP 	New trial (rep=0, index=75): {'faceImages': 'images\\RCHEEK_CFD_WM_212_097_N.png'}
12.5290 	EXP 	New trial (rep=0, index=76): {'faceImages': 'images\\LCHEEK_CFD_BM_213_134_N.png'}
12.5293 	EXP 	New trial (rep=0, index=77): {'faceImages': 'images\\LCHEEK_CFD_WF_002_004_N.png'}
12.5295 	EXP 	New trial (rep=0, index=78): {'faceImages': 'images\\RCHEEK_CFD_BM_234_172_N.png'}
12.5298 	EXP 	New trial (rep=0, index=79): {'faceImages': 'images\\LIP_CFD_WF_200_099_N.png'}
12.5301 	EXP 	New trial (rep=0, index=80): {'faceImages': 'images\\RCHEEK_006_M_F_N_A.png'}
12.5303 	EXP 	New trial (rep=0, index=81): {'faceImages': 'images\\FOREHEAD_CFD_WF_002_004_N.png'}
12.5305 	EXP 	New trial (rep=0, index=82): {'faceImages': 'images\\RCHEEK_CFD_AM_233_236_N.png'}
12.5308 	EXP 	New trial (rep=0, index=83): {'faceImages': 'images\\RCHEEK_CFD_WF_200_099_N.png'}
12.5312 	EXP 	New trial (rep=0, index=84): {'faceImages': 'images\\LIP_CFD_WF_250_167_N.png'}
12.5316 	EXP 	New trial (rep=0, index=85): {'faceImages': 'images\\RCHEEK_136_M_M_N_A.png'}
12.5320 	EXP 	New trial (rep=0, index=86): {'faceImages': 'images\\LIP_CFD_AF_237_223_N.png'}
12.5325 	EXP 	New trial (rep=0, index=87): {'faceImages': 'images\\LCHEEK_CFD_BM_234_172_N.png'}
12.5328 	EXP 	New trial (rep=0, index=88): {'faceImages': 'images\\LCHEEK_CFD_AF_231_357_N.png'}
12.5330 	EXP 	New trial (rep=0, index=89): {'faceImages': 'images\\FOREHEAD_CFD_LF_224_176_N.png'}
12.5333 	EXP 	New trial (rep=0, index=90): {'faceImages': 'images\\NASALTIP_CFD_BF_214_308_N.png'}
12.5335 	EXP 	New trial (rep=0, index=91): {'faceImages': 'images\\LIP_CFD_BF_224_002_N.png'}
12.5338 	EXP 	New trial (rep=0, index=92): {'faceImages': 'images\\LCHEEK_CFD_WM_212_097_N.png'}
12.5340 	EXP 	New trial (rep=0, index=93): {'faceImages': 'images\\LIP_CFD_WF_002_004_N.png'}
12.5343 	EXP 	New trial (rep=0, index=94): {'faceImages': 'images\\NASALTIP_CFD_LM_203_026_N.png'}
12.5376 	DEBUG 	Read excel file with openpyxl: Rating_BlockOrder.xlsx
12.5378 	EXP 	Imported Rating_BlockOrder.xlsx as conditions, 19 conditions, 1 params
12.5382 	EXP 	Created sequence: random, trialTypes=19, nReps=1, seed=None
12.5383 	EXP 	New trial (rep=0, index=0): {'faceImages_q': 'images\\FOREHEAD_CFD_AF_231_357_N.png'}
12.5470 	EXP 	instrBlock: autoDraw = False
12.5470 	EXP 	face_image_q: image = 'images\\FOREHEAD_CFD_AF_231_357_N.png'
12.5470 	EXP 	slider_trustworthy: markerPos = None
12.5470 	EXP 	slider_trustworthy: markerPos = None
12.5470 	EXP 	slider_aggressive: markerPos = None
12.5470 	EXP 	slider_aggressive: markerPos = None
12.5470 	EXP 	face_image_q: autoDraw = True
12.5900 	DATA 	Mouse:  Left button up, pos=(1030,590)
12.8494 	EXP 	slider_trustworthy: autoDraw = True
12.8494 	EXP 	text_trustworthy: autoDraw = True
12.8494 	EXP 	slider_aggressive: autoDraw = True
12.8494 	EXP 	text_aggressive: autoDraw = True
12.8494 	EXP 	Confirm: autoDraw = True
13.8600 	DATA 	Mouse: Left button down, pos=(972,549)
13.8742 	EXP 	slider_trustworthy: markerPos = 3.0444444444444443
13.8866 	EXP 	slider_trustworthy: markerPos = 3.0444444444444443
13.8986 	EXP 	slider_trustworthy: markerPos = 3.0444444444444443
13.9100 	EXP 	slider_trustworthy: markerPos = 3.0444444444444443
13.9221 	EXP 	slider_trustworthy: markerPos = 3.0444444444444443
13.9335 	EXP 	slider_trustworthy: markerPos = 3.0444444444444443
13.9458 	EXP 	slider_trustworthy: markerPos = 3.0444444444444443
13.9576 	EXP 	slider_trustworthy: markerPos = 3.0444444444444443
13.9690 	EXP 	slider_trustworthy: markerPos = 3.0444444444444443
13.9797 	DATA 	Mouse:  Left button up, pos=(972,549)
13.9809 	EXP 	slider_trustworthy: markerPos = 3.0444444444444443
13.9927 	EXP 	slider_trustworthy: markerPos = 3.0
14.2567 	DATA 	Mouse: Left button down, pos=(1010,259)
14.2633 	EXP 	slider_aggressive: markerPos = 3.185185185185185
14.2759 	EXP 	slider_aggressive: markerPos = 3.185185185185185
14.2882 	EXP 	slider_aggressive: markerPos = 3.185185185185185
14.3002 	EXP 	slider_aggressive: markerPos = 3.185185185185185
14.3118 	EXP 	slider_aggressive: markerPos = 3.185185185185185
14.3242 	EXP 	slider_aggressive: markerPos = 3.1814814814814816
14.3363 	EXP 	slider_aggressive: markerPos = 3.1814814814814816
14.3482 	EXP 	slider_aggressive: markerPos = 3.1814814814814816
14.3608 	EXP 	slider_aggressive: markerPos = 3.174074074074074
14.3742 	EXP 	slider_aggressive: markerPos = 3.1666666666666665
14.3755 	DATA 	Mouse:  Left button up, pos=(1001,262)
14.3877 	EXP 	slider_aggressive: markerPos = 3.0
14.4900 	DATA 	Mouse: Left button down, pos=(947,271)
14.5044 	EXP 	slider_aggressive: markerPos = 2.9518518518518517
14.5172 	EXP 	slider_aggressive: markerPos = 2.9518518518518517
14.5297 	EXP 	slider_aggressive: markerPos = 2.9518518518518517
14.5413 	EXP 	slider_aggressive: markerPos = 2.9518518518518517
14.5535 	EXP 	slider_aggressive: markerPos = 2.9518518518518517
14.5656 	EXP 	slider_aggressive: markerPos = 2.9518518518518517
14.5780 	DATA 	Mouse:  Left button up, pos=(947,271)
14.5793 	EXP 	slider_aggressive: markerPos = 2.9518518518518517
14.5914 	EXP 	slider_aggressive: markerPos = 3.0
14.6739 	DATA 	Mouse: Left button down, pos=(1060,217)
14.7537 	DATA 	Mouse:  Left button up, pos=(1161,203)
14.8367 	DATA 	Mouse: Left button down, pos=(1206,244)
14.9418 	DATA 	Mouse:  Left button up, pos=(1220,247)
15.0196 	DATA 	Mouse: Left button down, pos=(1231,257)
15.0255 	EXP 	slider_aggressive: markerPos = 4.003703703703704
15.0377 	EXP 	slider_aggressive: markerPos = 4.003703703703704
15.0499 	EXP 	slider_aggressive: markerPos = 4.003703703703704
15.0613 	EXP 	slider_aggressive: markerPos = 4.003703703703704
15.0738 	EXP 	slider_aggressive: markerPos = 4.003703703703704
15.0866 	EXP 	slider_aggressive: markerPos = 4.003703703703704
15.0992 	EXP 	slider_aggressive: markerPos = 4.003703703703704
15.1112 	DATA 	Mouse:  Left button up, pos=(1231,260)
15.1126 	EXP 	slider_aggressive: markerPos = 4.003703703703704
15.1243 	EXP 	slider_aggressive: markerPos = 4.0
15.1817 	DATA 	Mouse: Left button down, pos=(1233,283)
15.1962 	EXP 	slider_aggressive: markerPos = 4.011111111111111
15.2077 	EXP 	slider_aggressive: markerPos = 4.014814814814815
15.2200 	EXP 	slider_aggressive: markerPos = 4.014814814814815
15.2321 	EXP 	slider_aggressive: markerPos = 4.014814814814815
15.2447 	EXP 	slider_aggressive: markerPos = 4.014814814814815
15.2563 	EXP 	slider_aggressive: markerPos = 4.014814814814815
15.2689 	EXP 	slider_aggressive: markerPos = 4.014814814814815
15.2813 	EXP 	slider_aggressive: markerPos = 4.014814814814815
15.2893 	DATA 	Mouse:  Left button up, pos=(1234,295)
15.2977 	EXP 	slider_aggressive: markerPos = 4.0
15.4031 	DATA 	Mouse: Left button down, pos=(1312,529)
15.4170 	EXP 	slider_trustworthy: markerPos = 4.303703703703704
15.4301 	EXP 	slider_trustworthy: markerPos = 4.296296296296296
15.4423 	EXP 	slider_trustworthy: markerPos = 4.288888888888889
15.4546 	EXP 	slider_trustworthy: markerPos = 4.288888888888889
15.4674 	EXP 	slider_trustworthy: markerPos = 4.285185185185185
15.4794 	EXP 	slider_trustworthy: markerPos = 4.285185185185185
15.4923 	EXP 	slider_trustworthy: markerPos = 4.285185185185185
15.5051 	EXP 	slider_trustworthy: markerPos = 4.285185185185185
15.5172 	EXP 	slider_trustworthy: markerPos = 4.281481481481482
15.5306 	EXP 	slider_trustworthy: markerPos = 4.277777777777778
15.5372 	DATA 	Mouse:  Left button up, pos=(1301,537)
15.5437 	EXP 	slider_trustworthy: markerPos = 4.274074074074074
15.5562 	EXP 	slider_trustworthy: markerPos = 4.0
15.6863 	DATA 	Mouse: Left button down, pos=(1231,549)
15.7012 	EXP 	slider_trustworthy: markerPos = 4.0
15.7143 	EXP 	slider_trustworthy: markerPos = 3.9962962962962965
15.7261 	EXP 	slider_trustworthy: markerPos = 3.9962962962962965
15.7381 	EXP 	slider_trustworthy: markerPos = 3.9962962962962965
15.7485 	DATA 	Mouse:  Left button up, pos=(1229,548)
15.7505 	EXP 	slider_trustworthy: markerPos = 3.9962962962962965
15.7630 	EXP 	slider_trustworthy: markerPos = 4.0
17.1322 	DATA 	Keypress: escape
17.3976 	EXP 	window1: mouseVisible = True
17.3977 	DEBUG 	Saving data for FaceAttractiveness ExperimentHandler
17.3999 	INFO 	saved data to C:\Users\annak\Documents\GitHub\faceattractiveness_lesion\data/_FaceAttractiveness_2023-04-07_23h02.25.006.psydat
17.4064 	INFO 	saved data to 'C:\\Users\\annak\\Documents\\GitHub\\faceattractiveness_lesion\\data/_FaceAttractiveness_2023-04-07_23h02.25.006.csv'
