19.9490 	INFO 	Loaded monitor calibration from ['2021_12_01 18:33']
19.9553 	WARNING 	User requested fullscreen with size [1536  864], but screen is actually [1920, 1080]. Using actual size
21.1974 	EXP 	Created window1 = Window(allowGUI=True, allowStencil=False, autoLog=True, backendConf=UNKNOWN, bitsMode=UNKNOWN, blendMode='avg', bpc=(8, 8, 8), color=array([0.09803922, 0.09803922, 0.09803922]), colorSpace='rgb', depthBits=8, fullscr=<method-wrapper '__getattribute__' of attributeSetter object at 0x0000021E1B0B6DF0>, gamma=None, gammaErrorPolicy='raise', lms=UNKNOWN, monitor=<psychopy.monitors.calibTools.Monitor object at 0x0000021E20AA9220>, multiSample=False, name='window1', numSamples=2, pos=(0, 0), screen=0, size=array([1920, 1080]), stencilBits=0, stereo=False, units='height', useFBO=True, useRetina=False, viewOri=0.0, viewPos=None, viewScale=None, waitBlanking=True, winType='pyglet')
21.1975 	EXP 	window1: mouseVisible = True
21.1976 	EXP 	window1: mouseVisible = False
21.1976 	EXP 	window1: Attempting to measure frame rate of screen (0) ...
21.1976 	EXP 	window1: recordFrameIntervals = False
21.2671 	EXP 	window1: recordFrameIntervals = True
21.3437 	EXP 	Screen (0) actual frame rate measured at 143.06Hz
21.3437 	EXP 	window1: recordFrameIntervals = False
23.0550 	INFO 	keyboard.Keyboard is using iohub backend.
23.0674 	EXP 	Created instrBlock = TextStim(__class__=<class 'psychopy.visual.text.TextStim'>, alignHoriz=method-wrapper(...), alignText='center', alignVert=method-wrapper(...), anchorHoriz='center', anchorVert='center', antialias=True, autoDraw=False, autoLog=True, bold=False, color=array([1, 1, 1]), colorSpace='rgb', contrast=1.0, depth=-1.0, flipHoriz=False, flipVert=False, font='Arial', fontFiles=[], height=0.05, italic=False, languageStyle='LTR', name='instrBlock', opacity=1.0, ori=0.0, pos=array([0., 0.]), rgb=UNKNOWN, text='', units='height', win=Window(...), wrapWidth=1)
23.0678 	EXP 	window1: mouseVisible = True
23.0826 	EXP 	Created face_image = ImageStim(__class__=<class 'psychopy.visual.image.ImageStim'>, anchor=('center', 'center'), autoLog=True, color=array([1, 1, 1]), colorSpace='rgb', contrast=1.0, depth=-1.0, flipHoriz=True, flipVert=False, image='sin', interpolate=False, mask=None, maskParams=None, name='face_image', opacity=1.0, ori=0.0, pos=array([  0., 280.]), size=array([960., 540.]), texRes=512, units='pix', win=Window(...))
23.0862 	EXP 	window1: mouseVisible = True
23.3105 	WARNING 	Font b'HelveticaBold' was requested. No similar font found.
23.3245 	DEBUG 	TextBox2 loaded 1 chars with 0 blanks and 1 valid
23.3263 	DEBUG 	TextBox2 loaded 1 chars with 0 blanks and 1 valid
23.3272 	DEBUG 	TextBox2 loaded 1 chars with 0 blanks and 1 valid
23.3280 	DEBUG 	TextBox2 loaded 1 chars with 0 blanks and 1 valid
23.3295 	DEBUG 	TextBox2 loaded 1 chars with 0 blanks and 1 valid
23.3307 	DEBUG 	TextBox2 loaded 1 chars with 0 blanks and 1 valid
23.3320 	DEBUG 	TextBox2 loaded 1 chars with 0 blanks and 1 valid
23.3334 	DEBUG 	TextBox2 loaded 1 chars with 0 blanks and 1 valid
23.3336 	DEBUG 	Uploading Texture Font fontname to graphics card
23.3401 	DEBUG 	Upload of Texture Font fontname complete
23.6320 	WARNING 	Font b'HelveticaBold' was requested. No similar font found.
23.6454 	DEBUG 	TextBox2 loaded 1 chars with 0 blanks and 1 valid
23.6472 	DEBUG 	TextBox2 loaded 1 chars with 0 blanks and 1 valid
23.6483 	DEBUG 	TextBox2 loaded 1 chars with 0 blanks and 1 valid
23.6498 	DEBUG 	TextBox2 loaded 1 chars with 0 blanks and 1 valid
23.6511 	DEBUG 	TextBox2 loaded 1 chars with 0 blanks and 1 valid
23.6526 	DEBUG 	TextBox2 loaded 1 chars with 0 blanks and 1 valid
23.6538 	DEBUG 	TextBox2 loaded 1 chars with 0 blanks and 1 valid
23.6540 	DEBUG 	Uploading Texture Font fontname to graphics card
23.6608 	DEBUG 	Upload of Texture Font fontname complete
23.6697 	EXP 	Created slider_treatment_surgery = Slider(__class__=<class 'psychopy.visual.slider.Slider'>, autoDraw=False, autoLog=True, borderColor=None, color=None, colorSpace='rgb', depth=-2, fillColor=None, flip=False, font='HelveticaBold', granularity=0, labelColor=None, labelHeight=0.03, labelWrapWidth=None, labels=('0% Never', '100% Always'), lineColor=None, markerColor=None, name='slider_treatment_surgery', opacity=None, ori=0, pos=array([0., 0.]), readOnly=False, self=UNKNOWN, size=array([1.  , 0.02]), startValue=None, style=['rating'], styleTweaks=['labels45', 'triangleMarker'], ticks=array([  0,  25,  50,  75, 100]), units='height', win=Window(...))
23.6796 	EXP 	Created NextBu = ImageStim(__class__=<class 'psychopy.visual.image.ImageStim'>, anchor=('center', 'center'), autoLog=True, color=array([1, 1, 1]), colorSpace='rgb', contrast=1.0, depth=-3.0, flipHoriz=False, flipVert=False, image='Picture1-eng.png', interpolate=False, mask=None, maskParams=None, name='NextBu', opacity=1.0, ori=0.0, pos=array([0., 0.]), size=array([0.2, 0.1]), texRes=512, units='height', win=Window(...))
23.6797 	EXP 	window1: mouseVisible = True
23.6809 	EXP 	window1: mouseVisible = True
23.7924 	WARNING 	Font b'HelveticaBold' was requested. No similar font found.
23.9095 	WARNING 	Font b'HelveticaBold' was requested. No similar font found.
23.9303 	EXP 	Created slider_treatment_radiation = Slider(__class__=<class 'psychopy.visual.slider.Slider'>, autoDraw=False, autoLog=True, borderColor=None, color=None, colorSpace='rgb', depth=-5, fillColor=None, flip=False, font='HelveticaBold', granularity=0, labelColor=None, labelHeight=0.03, labelWrapWidth=None, labels=('0% Never', '100% Always'), lineColor=None, markerColor=None, name='slider_treatment_radiation', opacity=None, ori=0, pos=array([ 0. , -0.3]), readOnly=False, self=UNKNOWN, size=array([1.   , 0.025]), startValue=None, style=['rating'], styleTweaks=['triangleMarker'], ticks=array([  0,  25,  50,  75, 100]), units='height', win=Window(...))
23.9659 	EXP 	Created text_treatment_surgery = TextStim(__class__=<class 'psychopy.visual.text.TextStim'>, alignHoriz=method-wrapper(...), alignText='center', alignVert=method-wrapper(...), anchorHoriz='center', anchorVert='center', antialias=True, autoDraw=False, autoLog=True, bold=False, color=array([-1, -1, -1]), colorSpace='rgb', contrast=1.0, depth=-6.0, flipHoriz=False, flipVert=False, font='Open Sans', fontFiles=[], height=0.03, italic=False, languageStyle='LTR', name='text_treatment_surgery', opacity=1.0, ori=0.0, pos=array([0.  , 0.05]), rgb=UNKNOWN, text='How likely are you to recommend surgery? ', units='height', win=Window(...), wrapWidth=1)
23.9680 	EXP 	Created text_treatment_radiation = TextStim(__class__=<class 'psychopy.visual.text.TextStim'>, alignHoriz=method-wrapper(...), alignText='center', alignVert=method-wrapper(...), anchorHoriz='center', anchorVert='center', antialias=True, autoDraw=False, autoLog=True, bold=False, color=array([-1, -1, -1]), colorSpace='rgb', contrast=1.0, depth=-7.0, flipHoriz=False, flipVert=False, font='Open Sans', fontFiles=[], height=0.03, italic=False, languageStyle='LTR', name='text_treatment_radiation', opacity=1.0, ori=0.0, pos=array([ 0. , -0.2]), rgb=UNKNOWN, text='How likely are you to recommend radiation? ', units='height', win=Window(...), wrapWidth=1)
23.9997 	EXP 	Created EndText = TextStim(__class__=<class 'psychopy.visual.text.TextStim'>, alignHoriz=method-wrapper(...), alignText='center', alignVert=method-wrapper(...), anchorHoriz='center', anchorVert='center', antialias=True, autoDraw=False, autoLog=True, bold=False, color=array([-1, -1, -1]), colorSpace='rgb', contrast=1.0, depth=0.0, flipHoriz=False, flipVert=False, font='Arial', fontFiles=[], height=0.05, italic=False, languageStyle='LTR', name='EndText', opacity=1.0, ori=0, pos=array([0., 0.]), rgb=UNKNOWN, text=str(...), units='height', win=Window(...), wrapWidth=1)
24.0041 	DEBUG 	Read excel file with openpyxl: Rating_BlockOrder.xlsx
24.0043 	EXP 	Imported Rating_BlockOrder.xlsx as conditions, 1 conditions, 3 params
24.0046 	EXP 	Created sequence: fullRandom, trialTypes=1, nReps=1, seed=None
24.0048 	EXP 	New trial (rep=0, index=0): {'Task': 'treatment', 'LeftLabel': '0% Never', 'RightLabel': '100% Always'}
24.0215 	EXP 	slider_treatment_surgery: autoLog = True
24.0215 	EXP 	slider_treatment_surgery: markerPos = None
24.0215 	EXP 	slider_treatment_surgery: styleTweaks = []
24.0215 	EXP 	slider_treatment_surgery: styleTweaks = []
24.0215 	EXP 	slider_treatment_surgery: styleTweaks = ['labels45', 'triangleMarker']
24.0215 	EXP 	slider_treatment_surgery: styleTweaks = ['labels45', 'triangleMarker']
24.0215 	EXP 	slider_treatment_surgery: contrast = 1.0
24.0215 	EXP 	slider_treatment_surgery: autoLog = True
24.0215 	EXP 	slider_treatment_radiation: autoLog = True
24.0215 	EXP 	slider_treatment_radiation: markerPos = None
24.0215 	EXP 	slider_treatment_radiation: styleTweaks = []
24.0215 	EXP 	slider_treatment_radiation: styleTweaks = []
24.0215 	EXP 	slider_treatment_radiation: styleTweaks = ['triangleMarker']
24.0215 	EXP 	slider_treatment_radiation: styleTweaks = ['triangleMarker']
24.0215 	EXP 	slider_treatment_radiation: contrast = 1.0
24.0215 	EXP 	slider_treatment_radiation: autoLog = True
24.0215 	EXP 	instrBlock: height = 0.05
24.0215 	EXP 	instrBlock: height = 0.05
24.0215 	EXP 	instrBlock: height = 0.05
24.0215 	EXP 	instrBlock: text = 'Each patient below has been diagnosed with a low-risk, non-sclerosing, early-stage basal cell skin cancer. The patients are otherwise in good health. For each face, please indicate how likely you would be to recommend surgery versus radiation in the management of each lesion. \nPlease click anywhere to start'
24.0215 	EXP 	instrBlock: autoDraw = True
25.1978 	DATA 	Mouse: Left button down, pos=(1291,560)
25.2043 	DEBUG 	Read excel file with openpyxl: faceImages.xlsx
25.2054 	EXP 	Imported faceImages.xlsx as conditions, 95 conditions, 1 params
25.2065 	EXP 	Created sequence: sequential, trialTypes=95, nReps=95, seed=None
25.2069 	EXP 	New trial (rep=0, index=0): {'faceImages': '"FOREHEAD_006_M_F_N_A.png"'}
25.2288 	EXP 	window1: mouseVisible = True
25.2299 	DEBUG 	Saving data for FaceAttractiveness ExperimentHandler
25.2316 	INFO 	saved data to C:\Users\annak\Documents\GitHub\faceattractiveness_lesion\data/_FaceAttractiveness_2023-04-07_00h18.18.448.psydat
25.2324 	INFO 	saved data to 'C:\\Users\\annak\\Documents\\GitHub\\faceattractiveness_lesion\\data/_FaceAttractiveness_2023-04-07_00h18.18.448.csv'
