4.2283 	INFO 	Loaded monitor calibration from ['2021_12_01 18:33']
4.2352 	WARNING 	User requested fullscreen with size [1536  864], but screen is actually [1920, 1080]. Using actual size
5.1633 	DATA 	Mouse: wheel shift=(0,0), pos=(0,0)
5.6335 	EXP 	Created window1 = Window(allowGUI=True, allowStencil=False, autoLog=True, backendConf=UNKNOWN, bitsMode=UNKNOWN, blendMode='avg', bpc=(8, 8, 8), color=array([0.09803922, 0.09803922, 0.09803922]), colorSpace='rgb', depthBits=8, fullscr=<method-wrapper '__getattribute__' of attributeSetter object at 0x0000018AE8355D60>, gamma=None, gammaErrorPolicy='raise', lms=UNKNOWN, monitor=<psychopy.monitors.calibTools.Monitor object at 0x0000018AEBD4C220>, multiSample=False, name='window1', numSamples=2, pos=(0, 0), screen=0, size=array([1920, 1080]), stencilBits=0, stereo=False, units='height', useFBO=True, useRetina=False, viewOri=0.0, viewPos=None, viewScale=None, waitBlanking=True, winType='pyglet')
5.6335 	EXP 	window1: mouseVisible = True
5.6336 	EXP 	window1: mouseVisible = False
5.6337 	EXP 	window1: Attempting to measure frame rate of screen (0) ...
5.6337 	EXP 	window1: recordFrameIntervals = False
5.7037 	EXP 	window1: recordFrameIntervals = True
5.7532 	WARNING 	t of last frame was 8.82ms (=1/113)
5.7654 	WARNING 	t of last frame was 12.12ms (=1/82)
5.8348 	EXP 	Screen (0) actual frame rate measured at 144.37Hz
5.8349 	EXP 	window1: recordFrameIntervals = False
7.5496 	INFO 	keyboard.Keyboard is using iohub backend.
7.6230 	EXP 	Created ques_instr = TextStim(__class__=<class 'psychopy.visual.text.TextStim'>, alignHoriz=method-wrapper(...), alignText='center', alignVert=method-wrapper(...), anchorHoriz='center', anchorVert='center', antialias=True, autoDraw=False, autoLog=True, bold=False, color=array([1, 1, 1]), colorSpace='rgb', contrast=1.0, depth=0.0, flipHoriz=False, flipVert=False, font='Arial', fontFiles=[], height=0.04, italic=False, languageStyle='LTR', name='ques_instr', opacity=1.0, ori=0.0, pos=array([0., 0.]), rgb=UNKNOWN, text=str(...), units='height', win=Window(...), wrapWidth=1)
7.6237 	EXP 	window1: mouseVisible = True
7.6272 	EXP 	window1: mouseVisible = True
7.6470 	EXP 	window1: mouseVisible = True
7.6482 	DEBUG 	Saving data for FaceAttractiveness ExperimentHandler
7.6506 	INFO 	saved data to C:\Users\annak\Documents\GitHub\faceattractiveness_lesion\data/_FaceAttractiveness_2023-04-05_19h46.52.448.psydat
7.6521 	INFO 	saved data to 'C:\\Users\\annak\\Documents\\GitHub\\faceattractiveness_lesion\\data/_FaceAttractiveness_2023-04-05_19h46.52.448.csv'
