3.9774 	INFO 	Loaded monitor calibration from ['2021_12_01 18:33']
3.9829 	WARNING 	User requested fullscreen with size [1536  864], but screen is actually [1920, 1080]. Using actual size
5.2165 	EXP 	Created window1 = Window(allowGUI=True, allowStencil=False, autoLog=True, backendConf=UNKNOWN, bitsMode=UNKNOWN, blendMode='avg', bpc=(8, 8, 8), color=array([0.09803922, 0.09803922, 0.09803922]), colorSpace='rgb', depthBits=8, fullscr=<method-wrapper '__getattribute__' of attributeSetter object at 0x0000019298B95D90>, gamma=None, gammaErrorPolicy='raise', lms=UNKNOWN, monitor=<psychopy.monitors.calibTools.Monitor object at 0x000001929AAB72E0>, multiSample=False, name='window1', numSamples=2, pos=(0, 0), screen=0, size=array([1920, 1080]), stencilBits=0, stereo=False, units='height', useFBO=True, useRetina=False, viewOri=0.0, viewPos=None, viewScale=None, waitBlanking=True, winType='pyglet')
5.2166 	EXP 	window1: mouseVisible = True
5.2167 	EXP 	window1: mouseVisible = False
5.2167 	EXP 	window1: Attempting to measure frame rate of screen (0) ...
5.2167 	EXP 	window1: recordFrameIntervals = False
5.2858 	EXP 	window1: recordFrameIntervals = True
5.3625 	EXP 	Screen (0) actual frame rate measured at 143.68Hz
5.3625 	EXP 	window1: recordFrameIntervals = False
6.9713 	INFO 	keyboard.Keyboard is using iohub backend.
6.9747 	EXP 	window1: mouseVisible = True
7.0023 	DEBUG 	TextBox2 loaded 1 chars with 0 blanks and 1 valid
7.0042 	DEBUG 	TextBox2 loaded 1 chars with 0 blanks and 1 valid
7.0058 	DEBUG 	TextBox2 loaded 1 chars with 0 blanks and 1 valid
7.0076 	DEBUG 	TextBox2 loaded 1 chars with 0 blanks and 1 valid
7.0089 	DEBUG 	TextBox2 loaded 1 chars with 0 blanks and 1 valid
7.0102 	DEBUG 	TextBox2 loaded 1 chars with 0 blanks and 1 valid
7.0119 	DEBUG 	TextBox2 loaded 1 chars with 0 blanks and 1 valid
7.0136 	DEBUG 	TextBox2 loaded 1 chars with 0 blanks and 1 valid
7.0153 	DEBUG 	TextBox2 loaded 1 chars with 0 blanks and 1 valid
7.0170 	DEBUG 	TextBox2 loaded 1 chars with 0 blanks and 1 valid
7.0186 	DEBUG 	TextBox2 loaded 1 chars with 0 blanks and 1 valid
7.0201 	DEBUG 	TextBox2 loaded 1 chars with 0 blanks and 1 valid
7.0203 	DEBUG 	Uploading Texture Font fontname to graphics card
7.0303 	DEBUG 	Upload of Texture Font fontname complete
7.0464 	DEBUG 	TextBox2 loaded 1 chars with 0 blanks and 1 valid
7.0467 	DEBUG 	Uploading Texture Font fontname to graphics card
7.0514 	DEBUG 	Upload of Texture Font fontname complete
7.0683 	DEBUG 	TextBox2 loaded 1 chars with 0 blanks and 1 valid
7.0703 	DEBUG 	TextBox2 loaded 1 chars with 0 blanks and 1 valid
7.0721 	DEBUG 	TextBox2 loaded 1 chars with 0 blanks and 1 valid
7.0739 	DEBUG 	TextBox2 loaded 1 chars with 0 blanks and 1 valid
7.0756 	DEBUG 	TextBox2 loaded 1 chars with 0 blanks and 1 valid
7.0774 	DEBUG 	TextBox2 loaded 1 chars with 0 blanks and 1 valid
7.0776 	DEBUG 	Uploading Texture Font fontname to graphics card
7.0831 	DEBUG 	Upload of Texture Font fontname complete
7.0995 	DEBUG 	TextBox2 loaded 1 chars with 0 blanks and 1 valid
7.0998 	DEBUG 	Uploading Texture Font fontname to graphics card
7.1048 	DEBUG 	Upload of Texture Font fontname complete
7.1216 	DEBUG 	TextBox2 loaded 1 chars with 0 blanks and 1 valid
7.1235 	DEBUG 	TextBox2 loaded 1 chars with 0 blanks and 1 valid
7.1237 	DEBUG 	Uploading Texture Font fontname to graphics card
7.1287 	DEBUG 	Upload of Texture Font fontname complete
7.1409 	EXP 	Created slider_rad_therapy = Slider(__class__=<class 'psychopy.visual.slider.Slider'>, autoDraw=False, autoLog=True, borderColor=None, color=None, colorSpace='rgb', depth=0, fillColor=None, flip=False, font='Arial', granularity=0.0, labelColor=None, labelHeight=0.03, labelWrapWidth=None, labels=tuple(...), lineColor=None, markerColor=None, name='slider_rad_therapy', opacity=None, ori=0.0, pos=array([0. , 0.1]), readOnly=False, self=UNKNOWN, size=array([1. , 0.1]), startValue=3, style='rating', styleTweaks=['labels45'], ticks=array([1, 2, 3, 4, 5]), units='height', win=Window(...))
7.1920 	EXP 	Created text_rad_therapy = TextStim(__class__=<class 'psychopy.visual.text.TextStim'>, alignHoriz=method-wrapper(...), alignText='center', alignVert=method-wrapper(...), anchorHoriz='center', anchorVert='center', antialias=True, autoDraw=False, autoLog=True, bold=False, color=array([1, 1, 1]), colorSpace='rgb', contrast=1.0, depth=-1.0, flipHoriz=False, flipVert=False, font='Open Sans', fontFiles=[], height=0.04, italic=False, languageStyle='LTR', name='text_rad_therapy', opacity=1.0, ori=0.0, pos=array([0. , 0.3]), rgb=UNKNOWN, text=str(...), units='height', win=Window(...), wrapWidth=1)
7.1933 	EXP 	window1: mouseVisible = True
7.2736 	EXP 	Created slider_surgery = Slider(__class__=<class 'psychopy.visual.slider.Slider'>, autoDraw=False, autoLog=True, borderColor=None, color=None, colorSpace='rgb', depth=-2, fillColor=None, flip=False, font='Arial', granularity=0.0, labelColor=None, labelHeight=0.03, labelWrapWidth=None, labels=tuple(...), lineColor=None, markerColor=None, name='slider_surgery', opacity=None, ori=0.0, pos=array([ 0. , -0.3]), readOnly=False, self=UNKNOWN, size=array([1. , 0.1]), startValue=3, style='rating', styleTweaks=['labels45'], ticks=array([1, 2, 3, 4, 5]), units='height', win=Window(...))
7.2782 	EXP 	Created text_surgery = TextStim(__class__=<class 'psychopy.visual.text.TextStim'>, alignHoriz=method-wrapper(...), alignText='center', alignVert=method-wrapper(...), anchorHoriz='center', anchorVert='center', antialias=True, autoDraw=False, autoLog=True, bold=False, color=array([1, 1, 1]), colorSpace='rgb', contrast=1.0, depth=-3.0, flipHoriz=False, flipVert=False, font='Open Sans', fontFiles=[], height=0.04, italic=False, languageStyle='LTR', name='text_surgery', opacity=1.0, ori=0.0, pos=array([ 0. , -0.1]), rgb=UNKNOWN, text=str(...), units='height', win=Window(...), wrapWidth=1)
7.2884 	EXP 	Created image = ImageStim(__class__=<class 'psychopy.visual.image.ImageStim'>, anchor=('center', 'center'), autoLog=True, color=array([1, 1, 1]), colorSpace='rgb', contrast=1.0, depth=-4.0, flipHoriz=False, flipVert=False, image='Picture1-eng.png', interpolate=True, mask=None, maskParams=None, name='image', opacity=1.0, ori=0.0, pos=array([-0.3, -0.4]), size=array([0.2, 0.1]), texRes=128.0, units='height', win=Window(...))
7.3182 	EXP 	Created EndText = TextStim(__class__=<class 'psychopy.visual.text.TextStim'>, alignHoriz=method-wrapper(...), alignText='center', alignVert=method-wrapper(...), anchorHoriz='center', anchorVert='center', antialias=True, autoDraw=False, autoLog=True, bold=False, color=array([-1, -1, -1]), colorSpace='rgb', contrast=1.0, depth=0.0, flipHoriz=False, flipVert=False, font='Arial', fontFiles=[], height=0.05, italic=False, languageStyle='LTR', name='EndText', opacity=1.0, ori=0, pos=array([0., 0.]), rgb=UNKNOWN, text=str(...), units='height', win=Window(...), wrapWidth=1)
7.3651 	EXP 	slider_rad_therapy: autoLog = True
7.3651 	EXP 	slider_rad_therapy: markerPos = 3
7.3651 	EXP 	slider_rad_therapy: styleTweaks = []
7.3651 	EXP 	slider_rad_therapy: styleTweaks = []
7.3651 	EXP 	slider_rad_therapy: styleTweaks = ['labels45']
7.3651 	EXP 	slider_rad_therapy: styleTweaks = ['labels45']
7.3651 	EXP 	slider_rad_therapy: contrast = 1.0
7.3651 	EXP 	slider_rad_therapy: autoLog = True
7.3651 	EXP 	slider_surgery: autoLog = True
7.3651 	EXP 	slider_surgery: markerPos = 3
7.3651 	EXP 	slider_surgery: styleTweaks = []
7.3651 	EXP 	slider_surgery: styleTweaks = []
7.3651 	EXP 	slider_surgery: styleTweaks = ['labels45']
7.3651 	EXP 	slider_surgery: styleTweaks = ['labels45']
7.3651 	EXP 	slider_surgery: contrast = 1.0
7.3651 	EXP 	slider_surgery: autoLog = True
7.3651 	EXP 	slider_rad_therapy: markerPos = None
7.3651 	EXP 	slider_rad_therapy: markerPos = 3
7.3651 	EXP 	slider_surgery: markerPos = None
7.3651 	EXP 	slider_surgery: markerPos = 3
7.3651 	EXP 	slider_rad_therapy: autoDraw = True
7.3651 	EXP 	text_rad_therapy: autoDraw = True
7.3651 	EXP 	slider_surgery: autoDraw = True
7.3651 	EXP 	text_surgery: autoDraw = True
7.3651 	EXP 	image: autoDraw = True
8.8019 	DATA 	Mouse: Left button down, pos=(597,106)
8.9005 	DATA 	Mouse:  Left button up, pos=(597,106)
15.9525 	DATA 	Keypress: escape
16.4620 	EXP 	window1: mouseVisible = True
16.4621 	DEBUG 	Saving data for FaceAttractiveness ExperimentHandler
16.4631 	INFO 	saved data to C:\Users\annak\Documents\GitHub\faceattractiveness_lesion\data/_FaceAttractiveness_2023-04-05_20h49.11.838.psydat
16.4654 	INFO 	saved data to 'C:\\Users\\annak\\Documents\\GitHub\\faceattractiveness_lesion\\data/_FaceAttractiveness_2023-04-05_20h49.11.838.csv'
